

================================================================
== Vitis HLS Report for 'decision_function_1'
================================================================
* Date:           Wed Jun 29 02:58:36 2022

* Version:        2021.2 (Build 3367213 on Tue Oct 19 02:47:39 MDT 2021)
* Project:        myproject_prj
* Solution:       solution1 (Vivado IP Flow Target)
* Product family: zynquplus
* Target device:  xczu3eg-sbva484-1-e


================================================================
== Performance Estimates
================================================================
+ Timing: 
    * Summary: 
    +--------+---------+----------+------------+
    |  Clock |  Target | Estimated| Uncertainty|
    +--------+---------+----------+------------+
    |ap_clk  |  7.00 ns|  3.489 ns|     1.89 ns|
    +--------+---------+----------+------------+

+ Latency: 
    * Summary: 
    +---------+---------+----------+----------+-----+-----+---------+
    |  Latency (cycles) |  Latency (absolute) |  Interval | Pipeline|
    |   min   |   max   |    min   |    max   | min | max |   Type  |
    +---------+---------+----------+----------+-----+-----+---------+
    |        0|        0|      0 ns|      0 ns|    1|    1|      yes|
    +---------+---------+----------+----------+-----+-----+---------+

    + Detail: 
        * Instance: 
        N/A

        * Loop: 
        N/A

============================================================
+ Verbose Summary: Synthesis Manager
============================================================
InlineROM: 1
ExposeGlobal: 0
============================================================
+ Verbose Summary: CDFG Model
============================================================
IsTopModel: 0
ResetActiveHigh: 1
IsCombinational: 0
IsDatapathOnly: 0
HasWiredReturn: 1
HasMFsm: 2
HasVarLatency: 0
IsPipeline: 1
IsRtlPipelined: 0
IsInstanceOverlapped: 0
IsDontTouch: 0
HasImplIP: 0
IsGatedGlobalClock: 0

+ Individual pipeline summary: 
  * Pipeline-0: initiation interval (II) = 1, depth = 1


============================================================
+ Verbose Summary: Schedule
============================================================
* Number of FSM states : 1
* Pipeline : 1
  Pipeline-0 : II = 1, D = 1, States = { 1 }
* Dataflow Pipeline: 0

* FSM state transitions: 
1 --> 

* FSM state operations: 

State 1 <SV = 0> <Delay = 3.48>
ST_1 : Operation 2 [1/1] (0.00ns)   --->   "%specpipeline_ln0 = specpipeline void @_ssdm_op_SpecPipeline, i32 1, i32 0, i32 0, i32 0, void @empty_1" [firmware/BDT.h:0]   --->   Operation 2 'specpipeline' 'specpipeline_ln0' <Predicate = true> <Delay = 0.00>
ST_1 : Operation 3 [1/1] (0.00ns)   --->   "%p_read44 = read i32 @_ssdm_op_Read.ap_auto.i32, i32 %p_read4"   --->   Operation 3 'read' 'p_read44' <Predicate = true> <Delay = 0.00>
ST_1 : Operation 4 [1/1] (0.00ns)   --->   "%p_read33 = read i32 @_ssdm_op_Read.ap_auto.i32, i32 %p_read3"   --->   Operation 4 'read' 'p_read33' <Predicate = true> <Delay = 0.00>
ST_1 : Operation 5 [1/1] (0.00ns)   --->   "%p_read22 = read i32 @_ssdm_op_Read.ap_auto.i32, i32 %p_read2"   --->   Operation 5 'read' 'p_read22' <Predicate = true> <Delay = 0.00>
ST_1 : Operation 6 [1/1] (0.00ns)   --->   "%p_read11 = read i32 @_ssdm_op_Read.ap_auto.i32, i32 %p_read1"   --->   Operation 6 'read' 'p_read11' <Predicate = true> <Delay = 0.00>
ST_1 : Operation 7 [1/1] (1.11ns)   --->   "%comparison = icmp_slt  i32 %p_read22, i32 64469"   --->   Operation 7 'icmp' 'comparison' <Predicate = true> <Delay = 1.11> <CoreInst = "Cmp">   --->   Core 9 'Cmp' <Latency = 0> <II = 1> <Delay = 1.11> <FuncUnit> <Opcode : 'icmp'> <InPorts = 2> <OutPorts = 1>
ST_1 : Operation 8 [1/1] (1.11ns)   --->   "%comparison_77 = icmp_slt  i32 %p_read33, i32 57997"   --->   Operation 8 'icmp' 'comparison_77' <Predicate = true> <Delay = 1.11> <CoreInst = "Cmp">   --->   Core 9 'Cmp' <Latency = 0> <II = 1> <Delay = 1.11> <FuncUnit> <Opcode : 'icmp'> <InPorts = 2> <OutPorts = 1>
ST_1 : Operation 9 [1/1] (1.11ns)   --->   "%comparison_78 = icmp_slt  i32 %p_read33, i32 4294849312"   --->   Operation 9 'icmp' 'comparison_78' <Predicate = true> <Delay = 1.11> <CoreInst = "Cmp">   --->   Core 9 'Cmp' <Latency = 0> <II = 1> <Delay = 1.11> <FuncUnit> <Opcode : 'icmp'> <InPorts = 2> <OutPorts = 1>
ST_1 : Operation 10 [1/1] (1.11ns)   --->   "%comparison_79 = icmp_slt  i32 %p_read44, i32 4294896171"   --->   Operation 10 'icmp' 'comparison_79' <Predicate = true> <Delay = 1.11> <CoreInst = "Cmp">   --->   Core 9 'Cmp' <Latency = 0> <II = 1> <Delay = 1.11> <FuncUnit> <Opcode : 'icmp'> <InPorts = 2> <OutPorts = 1>
ST_1 : Operation 11 [1/1] (1.11ns)   --->   "%comparison_80 = icmp_slt  i32 %p_read44, i32 52484"   --->   Operation 11 'icmp' 'comparison_80' <Predicate = true> <Delay = 1.11> <CoreInst = "Cmp">   --->   Core 9 'Cmp' <Latency = 0> <II = 1> <Delay = 1.11> <FuncUnit> <Opcode : 'icmp'> <InPorts = 2> <OutPorts = 1>
ST_1 : Operation 12 [1/1] (1.11ns)   --->   "%comparison_81 = icmp_slt  i32 %p_read11, i32 4294849785"   --->   Operation 12 'icmp' 'comparison_81' <Predicate = true> <Delay = 1.11> <CoreInst = "Cmp">   --->   Core 9 'Cmp' <Latency = 0> <II = 1> <Delay = 1.11> <FuncUnit> <Opcode : 'icmp'> <InPorts = 2> <OutPorts = 1>
ST_1 : Operation 13 [1/1] (0.33ns)   --->   "%activation_212 = and i1 %comparison_77, i1 %comparison" [firmware/BDT.h:133]   --->   Operation 13 'and' 'activation_212' <Predicate = true> <Delay = 0.33> <CoreInst = "LogicGate">   --->   Core 74 'LogicGate' <Latency = 0> <II = 1> <Delay = 0.33> <FuncUnit> <Opcode : 'and' 'or' 'xor'> <InPorts = 2> <OutPorts = 1>
ST_1 : Operation 14 [1/1] (0.00ns) (grouped into LUT with out node activation_213)   --->   "%xor_ln135 = xor i1 %comparison_78, i1 1" [firmware/BDT.h:135]   --->   Operation 14 'xor' 'xor_ln135' <Predicate = true> <Delay = 0.00> <CoreInst = "LogicGate">   --->   Core 74 'LogicGate' <Latency = 0> <II = 1> <Delay = 0.33> <FuncUnit> <Opcode : 'and' 'or' 'xor'> <InPorts = 2> <OutPorts = 1>
ST_1 : Operation 15 [1/1] (0.33ns) (out node of the LUT)   --->   "%activation_213 = and i1 %activation_212, i1 %xor_ln135" [firmware/BDT.h:135]   --->   Operation 15 'and' 'activation_213' <Predicate = true> <Delay = 0.33> <CoreInst = "LogicGate">   --->   Core 74 'LogicGate' <Latency = 0> <II = 1> <Delay = 0.33> <FuncUnit> <Opcode : 'and' 'or' 'xor'> <InPorts = 2> <OutPorts = 1>
ST_1 : Operation 16 [1/1] (0.00ns) (grouped into LUT with out node or_ln148_1)   --->   "%activation_217 = and i1 %comparison_79, i1 %activation_213" [firmware/BDT.h:133]   --->   Operation 16 'and' 'activation_217' <Predicate = true> <Delay = 0.00> <CoreInst = "LogicGate">   --->   Core 74 'LogicGate' <Latency = 0> <II = 1> <Delay = 0.33> <FuncUnit> <Opcode : 'and' 'or' 'xor'> <InPorts = 2> <OutPorts = 1>
ST_1 : Operation 17 [1/1] (0.00ns) (grouped into LUT with out node activation)   --->   "%xor_ln135_1 = xor i1 %comparison_79, i1 1" [firmware/BDT.h:135]   --->   Operation 17 'xor' 'xor_ln135_1' <Predicate = true> <Delay = 0.00> <CoreInst = "LogicGate">   --->   Core 74 'LogicGate' <Latency = 0> <II = 1> <Delay = 0.33> <FuncUnit> <Opcode : 'and' 'or' 'xor'> <InPorts = 2> <OutPorts = 1>
ST_1 : Operation 18 [1/1] (0.33ns) (out node of the LUT)   --->   "%activation = and i1 %activation_213, i1 %xor_ln135_1" [firmware/BDT.h:135]   --->   Operation 18 'and' 'activation' <Predicate = true> <Delay = 0.33> <CoreInst = "LogicGate">   --->   Core 74 'LogicGate' <Latency = 0> <II = 1> <Delay = 0.33> <FuncUnit> <Opcode : 'and' 'or' 'xor'> <InPorts = 2> <OutPorts = 1>
ST_1 : Operation 19 [1/1] (0.00ns) (grouped into LUT with out node or_ln148_2)   --->   "%xor_ln135_2 = xor i1 %comparison_80, i1 1" [firmware/BDT.h:135]   --->   Operation 19 'xor' 'xor_ln135_2' <Predicate = true> <Delay = 0.00> <CoreInst = "LogicGate">   --->   Core 74 'LogicGate' <Latency = 0> <II = 1> <Delay = 0.33> <FuncUnit> <Opcode : 'and' 'or' 'xor'> <InPorts = 2> <OutPorts = 1>
ST_1 : Operation 20 [1/1] (0.00ns) (grouped into LUT with out node or_ln148_2)   --->   "%activation_218 = and i1 %activation, i1 %xor_ln135_2" [firmware/BDT.h:135]   --->   Operation 20 'and' 'activation_218' <Predicate = true> <Delay = 0.00> <CoreInst = "LogicGate">   --->   Core 74 'LogicGate' <Latency = 0> <II = 1> <Delay = 0.33> <FuncUnit> <Opcode : 'and' 'or' 'xor'> <InPorts = 2> <OutPorts = 1>
ST_1 : Operation 21 [1/1] (0.00ns) (grouped into LUT with out node agg_result)   --->   "%and_ln133 = and i1 %activation, i1 %comparison_81" [firmware/BDT.h:133]   --->   Operation 21 'and' 'and_ln133' <Predicate = true> <Delay = 0.00> <CoreInst = "LogicGate">   --->   Core 74 'LogicGate' <Latency = 0> <II = 1> <Delay = 0.33> <FuncUnit> <Opcode : 'and' 'or' 'xor'> <InPorts = 2> <OutPorts = 1>
ST_1 : Operation 22 [1/1] (0.00ns) (grouped into LUT with out node agg_result)   --->   "%activation_219 = and i1 %and_ln133, i1 %comparison_80" [firmware/BDT.h:133]   --->   Operation 22 'and' 'activation_219' <Predicate = true> <Delay = 0.00> <CoreInst = "LogicGate">   --->   Core 74 'LogicGate' <Latency = 0> <II = 1> <Delay = 0.33> <FuncUnit> <Opcode : 'and' 'or' 'xor'> <InPorts = 2> <OutPorts = 1>
ST_1 : Operation 23 [1/1] (0.00ns) (grouped into LUT with out node or_ln148)   --->   "%xor_ln148 = xor i1 %activation_212, i1 1" [firmware/BDT.h:148]   --->   Operation 23 'xor' 'xor_ln148' <Predicate = true> <Delay = 0.00> <CoreInst = "LogicGate">   --->   Core 74 'LogicGate' <Latency = 0> <II = 1> <Delay = 0.33> <FuncUnit> <Opcode : 'and' 'or' 'xor'> <InPorts = 2> <OutPorts = 1>
ST_1 : Operation 24 [1/1] (0.00ns) (grouped into LUT with out node select_ln148_3)   --->   "%zext_ln148 = zext i1 %comparison" [firmware/BDT.h:148]   --->   Operation 24 'zext' 'zext_ln148' <Predicate = (!activation_212 & or_ln148 & or_ln148_1 & or_ln148_2 & or_ln148_3)> <Delay = 0.00>
ST_1 : Operation 25 [1/1] (0.33ns) (out node of the LUT)   --->   "%or_ln148 = or i1 %comparison_78, i1 %xor_ln148" [firmware/BDT.h:148]   --->   Operation 25 'or' 'or_ln148' <Predicate = true> <Delay = 0.33> <CoreInst = "LogicGate">   --->   Core 74 'LogicGate' <Latency = 0> <II = 1> <Delay = 0.33> <FuncUnit> <Opcode : 'and' 'or' 'xor'> <InPorts = 2> <OutPorts = 1>
ST_1 : Operation 26 [1/1] (0.00ns) (grouped into LUT with out node select_ln148_3)   --->   "%select_ln148 = select i1 %activation_212, i2 2, i2 %zext_ln148" [firmware/BDT.h:148]   --->   Operation 26 'select' 'select_ln148' <Predicate = (or_ln148 & or_ln148_1 & or_ln148_2 & or_ln148_3)> <Delay = 0.00> <CoreInst = "Sel">   --->   Core 73 'Sel' <Latency = 0> <II = 1> <Delay = 0.27> <FuncUnit> <Opcode : 'select'> <InPorts = 3> <OutPorts = 1>
ST_1 : Operation 27 [1/1] (0.33ns) (out node of the LUT)   --->   "%or_ln148_1 = or i1 %or_ln148, i1 %activation_217" [firmware/BDT.h:148]   --->   Operation 27 'or' 'or_ln148_1' <Predicate = true> <Delay = 0.33> <CoreInst = "LogicGate">   --->   Core 74 'LogicGate' <Latency = 0> <II = 1> <Delay = 0.33> <FuncUnit> <Opcode : 'and' 'or' 'xor'> <InPorts = 2> <OutPorts = 1>
ST_1 : Operation 28 [1/1] (0.00ns) (grouped into LUT with out node select_ln148_3)   --->   "%select_ln148_1 = select i1 %or_ln148, i2 %select_ln148, i2 3" [firmware/BDT.h:148]   --->   Operation 28 'select' 'select_ln148_1' <Predicate = (or_ln148_1 & or_ln148_2 & or_ln148_3)> <Delay = 0.00> <CoreInst = "Sel">   --->   Core 73 'Sel' <Latency = 0> <II = 1> <Delay = 0.27> <FuncUnit> <Opcode : 'select'> <InPorts = 3> <OutPorts = 1>
ST_1 : Operation 29 [1/1] (0.00ns) (grouped into LUT with out node select_ln148_3)   --->   "%zext_ln148_1 = zext i2 %select_ln148_1" [firmware/BDT.h:148]   --->   Operation 29 'zext' 'zext_ln148_1' <Predicate = (or_ln148_1 & or_ln148_2 & or_ln148_3)> <Delay = 0.00>
ST_1 : Operation 30 [1/1] (0.33ns) (out node of the LUT)   --->   "%or_ln148_2 = or i1 %or_ln148_1, i1 %activation_218" [firmware/BDT.h:148]   --->   Operation 30 'or' 'or_ln148_2' <Predicate = true> <Delay = 0.33> <CoreInst = "LogicGate">   --->   Core 74 'LogicGate' <Latency = 0> <II = 1> <Delay = 0.33> <FuncUnit> <Opcode : 'and' 'or' 'xor'> <InPorts = 2> <OutPorts = 1>
ST_1 : Operation 31 [1/1] (0.00ns) (grouped into LUT with out node select_ln148_3)   --->   "%select_ln148_2 = select i1 %or_ln148_1, i3 %zext_ln148_1, i3 4" [firmware/BDT.h:148]   --->   Operation 31 'select' 'select_ln148_2' <Predicate = (or_ln148_2 & or_ln148_3)> <Delay = 0.00> <CoreInst = "Sel">   --->   Core 73 'Sel' <Latency = 0> <II = 1> <Delay = 0.27> <FuncUnit> <Opcode : 'select'> <InPorts = 3> <OutPorts = 1>
ST_1 : Operation 32 [1/1] (0.00ns) (grouped into LUT with out node agg_result)   --->   "%or_ln148_3 = or i1 %or_ln148_2, i1 %activation_219" [firmware/BDT.h:148]   --->   Operation 32 'or' 'or_ln148_3' <Predicate = true> <Delay = 0.00> <CoreInst = "LogicGate">   --->   Core 74 'LogicGate' <Latency = 0> <II = 1> <Delay = 0.33> <FuncUnit> <Opcode : 'and' 'or' 'xor'> <InPorts = 2> <OutPorts = 1>
ST_1 : Operation 33 [1/1] (0.27ns) (out node of the LUT)   --->   "%select_ln148_3 = select i1 %or_ln148_2, i3 %select_ln148_2, i3 5" [firmware/BDT.h:148]   --->   Operation 33 'select' 'select_ln148_3' <Predicate = (or_ln148_3)> <Delay = 0.27> <CoreInst = "Sel">   --->   Core 73 'Sel' <Latency = 0> <II = 1> <Delay = 0.27> <FuncUnit> <Opcode : 'select'> <InPorts = 3> <OutPorts = 1>
ST_1 : Operation 34 [1/1] (0.00ns) (grouped into LUT with out node agg_result)   --->   "%select_ln148_4 = select i1 %or_ln148_3, i3 %select_ln148_3, i3 6" [firmware/BDT.h:148]   --->   Operation 34 'select' 'select_ln148_4' <Predicate = true> <Delay = 0.00> <CoreInst = "Sel">   --->   Core 73 'Sel' <Latency = 0> <II = 1> <Delay = 0.27> <FuncUnit> <Opcode : 'select'> <InPorts = 3> <OutPorts = 1>
ST_1 : Operation 35 [1/1] (0.77ns) (out node of the LUT)   --->   "%agg_result = mux i32 @_ssdm_op_Mux.ap_auto.7i32.i3, i32 38605, i32 29025, i32 54752, i32 28188, i32 9970, i32 48755, i32 4294926860, i3 %select_ln148_4" [firmware/BDT.h:149]   --->   Operation 35 'mux' 'agg_result' <Predicate = true> <Delay = 0.77> <CoreInst = "Multiplexer">   --->   Core 76 'Multiplexer' <Latency = 0> <II = 1> <Delay = 0.77> <FuncUnit> <Opcode : 'mux'> <InPorts = 2> <OutPorts = 1>
ST_1 : Operation 36 [1/1] (0.00ns)   --->   "%ret_ln153 = ret i32 %agg_result" [firmware/BDT.h:153]   --->   Operation 36 'ret' 'ret_ln153' <Predicate = true> <Delay = 0.00>


============================================================
+ Verbose Summary: Timing violations
============================================================
Target clock period: 7ns, clock uncertainty: 1.89ns.

 <State 1>: 3.49ns
The critical path consists of the following:
	wire read operation ('p_read33') on port 'p_read3' [7]  (0 ns)
	'icmp' operation ('comparison') [11]  (1.11 ns)
	'and' operation ('activation', firmware/BDT.h:133) [16]  (0.331 ns)
	'and' operation ('activation', firmware/BDT.h:135) [18]  (0.331 ns)
	'and' operation ('activation', firmware/BDT.h:135) [21]  (0.331 ns)
	'and' operation ('activation', firmware/BDT.h:135) [23]  (0 ns)
	'or' operation ('or_ln148_2', firmware/BDT.h:148) [33]  (0.331 ns)
	'select' operation ('select_ln148_3', firmware/BDT.h:148) [36]  (0.275 ns)
	'select' operation ('select_ln148_4', firmware/BDT.h:148) [37]  (0 ns)
	'mux' operation ('agg_result', firmware/BDT.h:149) [38]  (0.779 ns)


============================================================
+ Verbose Summary: Binding
============================================================
N/A
* FSMD analyzer results:
  - Output states:
 - Input state : 
  - Chain level:
	State 1


============================================================
+ Verbose Summary: Datapath Resource usage 
============================================================
N/A
