

================================================================
== Vitis HLS Report for 'decision_function_2'
================================================================
* Date:           Wed Jun 29 02:58:36 2022

* Version:        2021.2 (Build 3367213 on Tue Oct 19 02:47:39 MDT 2021)
* Project:        myproject_prj
* Solution:       solution1 (Vivado IP Flow Target)
* Product family: zynquplus
* Target device:  xczu3eg-sbva484-1-e


================================================================
== Performance Estimates
================================================================
+ Timing: 
    * Summary: 
    +--------+---------+----------+------------+
    |  Clock |  Target | Estimated| Uncertainty|
    +--------+---------+----------+------------+
    |ap_clk  |  7.00 ns|  3.487 ns|     1.89 ns|
    +--------+---------+----------+------------+

+ Latency: 
    * Summary: 
    +---------+---------+----------+----------+-----+-----+---------+
    |  Latency (cycles) |  Latency (absolute) |  Interval | Pipeline|
    |   min   |   max   |    min   |    max   | min | max |   Type  |
    +---------+---------+----------+----------+-----+-----+---------+
    |        0|        0|      0 ns|      0 ns|    1|    1|      yes|
    +---------+---------+----------+----------+-----+-----+---------+

    + Detail: 
        * Instance: 
        N/A

        * Loop: 
        N/A

============================================================
+ Verbose Summary: Synthesis Manager
============================================================
InlineROM: 1
ExposeGlobal: 0
============================================================
+ Verbose Summary: CDFG Model
============================================================
IsTopModel: 0
ResetActiveHigh: 1
IsCombinational: 0
IsDatapathOnly: 0
HasWiredReturn: 1
HasMFsm: 2
HasVarLatency: 0
IsPipeline: 1
IsRtlPipelined: 0
IsInstanceOverlapped: 0
IsDontTouch: 0
HasImplIP: 0
IsGatedGlobalClock: 0

+ Individual pipeline summary: 
  * Pipeline-0: initiation interval (II) = 1, depth = 1


============================================================
+ Verbose Summary: Schedule
============================================================
* Number of FSM states : 1
* Pipeline : 1
  Pipeline-0 : II = 1, D = 1, States = { 1 }
* Dataflow Pipeline: 0

* FSM state transitions: 
1 --> 

* FSM state operations: 

State 1 <SV = 0> <Delay = 3.48>
ST_1 : Operation 2 [1/1] (0.00ns)   --->   "%specpipeline_ln0 = specpipeline void @_ssdm_op_SpecPipeline, i32 1, i32 0, i32 0, i32 0, void @empty_1" [firmware/BDT.h:0]   --->   Operation 2 'specpipeline' 'specpipeline_ln0' <Predicate = true> <Delay = 0.00>
ST_1 : Operation 3 [1/1] (0.00ns)   --->   "%p_read33 = read i32 @_ssdm_op_Read.ap_auto.i32, i32 %p_read3"   --->   Operation 3 'read' 'p_read33' <Predicate = true> <Delay = 0.00>
ST_1 : Operation 4 [1/1] (0.00ns)   --->   "%p_read22 = read i32 @_ssdm_op_Read.ap_auto.i32, i32 %p_read2"   --->   Operation 4 'read' 'p_read22' <Predicate = true> <Delay = 0.00>
ST_1 : Operation 5 [1/1] (0.00ns)   --->   "%p_read11 = read i32 @_ssdm_op_Read.ap_auto.i32, i32 %p_read1"   --->   Operation 5 'read' 'p_read11' <Predicate = true> <Delay = 0.00>
ST_1 : Operation 6 [1/1] (1.11ns)   --->   "%comparison = icmp_slt  i32 %p_read33, i32 4294910082"   --->   Operation 6 'icmp' 'comparison' <Predicate = true> <Delay = 1.11> <CoreInst = "Cmp">   --->   Core 9 'Cmp' <Latency = 0> <II = 1> <Delay = 1.11> <FuncUnit> <Opcode : 'icmp'> <InPorts = 2> <OutPorts = 1>
ST_1 : Operation 7 [1/1] (1.11ns)   --->   "%comparison_73 = icmp_slt  i32 %p_read22, i32 4294885075"   --->   Operation 7 'icmp' 'comparison_73' <Predicate = true> <Delay = 1.11> <CoreInst = "Cmp">   --->   Core 9 'Cmp' <Latency = 0> <II = 1> <Delay = 1.11> <FuncUnit> <Opcode : 'icmp'> <InPorts = 2> <OutPorts = 1>
ST_1 : Operation 8 [1/1] (1.11ns)   --->   "%comparison_74 = icmp_slt  i32 %p_read33, i32 98025"   --->   Operation 8 'icmp' 'comparison_74' <Predicate = true> <Delay = 1.11> <CoreInst = "Cmp">   --->   Core 9 'Cmp' <Latency = 0> <II = 1> <Delay = 1.11> <FuncUnit> <Opcode : 'icmp'> <InPorts = 2> <OutPorts = 1>
ST_1 : Operation 9 [1/1] (1.11ns)   --->   "%comparison_75 = icmp_slt  i32 %p_read11, i32 4294920139"   --->   Operation 9 'icmp' 'comparison_75' <Predicate = true> <Delay = 1.11> <CoreInst = "Cmp">   --->   Core 9 'Cmp' <Latency = 0> <II = 1> <Delay = 1.11> <FuncUnit> <Opcode : 'icmp'> <InPorts = 2> <OutPorts = 1>
ST_1 : Operation 10 [1/1] (1.11ns)   --->   "%comparison_76 = icmp_slt  i32 %p_read11, i32 70147"   --->   Operation 10 'icmp' 'comparison_76' <Predicate = true> <Delay = 1.11> <CoreInst = "Cmp">   --->   Core 9 'Cmp' <Latency = 0> <II = 1> <Delay = 1.11> <FuncUnit> <Opcode : 'icmp'> <InPorts = 2> <OutPorts = 1>
ST_1 : Operation 11 [1/1] (0.33ns)   --->   "%activation = xor i1 %comparison, i1 1" [firmware/BDT.h:135]   --->   Operation 11 'xor' 'activation' <Predicate = true> <Delay = 0.33> <CoreInst = "LogicGate">   --->   Core 74 'LogicGate' <Latency = 0> <II = 1> <Delay = 0.33> <FuncUnit> <Opcode : 'and' 'or' 'xor'> <InPorts = 2> <OutPorts = 1>
ST_1 : Operation 12 [1/1] (0.00ns) (grouped into LUT with out node or_ln148)   --->   "%activation_207 = and i1 %comparison_73, i1 %activation" [firmware/BDT.h:133]   --->   Operation 12 'and' 'activation_207' <Predicate = true> <Delay = 0.00> <CoreInst = "LogicGate">   --->   Core 74 'LogicGate' <Latency = 0> <II = 1> <Delay = 0.33> <FuncUnit> <Opcode : 'and' 'or' 'xor'> <InPorts = 2> <OutPorts = 1>
ST_1 : Operation 13 [1/1] (0.00ns) (grouped into LUT with out node activation_202)   --->   "%xor_ln135 = xor i1 %comparison_73, i1 1" [firmware/BDT.h:135]   --->   Operation 13 'xor' 'xor_ln135' <Predicate = true> <Delay = 0.00> <CoreInst = "LogicGate">   --->   Core 74 'LogicGate' <Latency = 0> <II = 1> <Delay = 0.33> <FuncUnit> <Opcode : 'and' 'or' 'xor'> <InPorts = 2> <OutPorts = 1>
ST_1 : Operation 14 [1/1] (0.33ns) (out node of the LUT)   --->   "%activation_202 = and i1 %xor_ln135, i1 %activation" [firmware/BDT.h:135]   --->   Operation 14 'and' 'activation_202' <Predicate = true> <Delay = 0.33> <CoreInst = "LogicGate">   --->   Core 74 'LogicGate' <Latency = 0> <II = 1> <Delay = 0.33> <FuncUnit> <Opcode : 'and' 'or' 'xor'> <InPorts = 2> <OutPorts = 1>
ST_1 : Operation 15 [1/1] (0.33ns)   --->   "%activation_203 = and i1 %comparison_74, i1 %activation_202" [firmware/BDT.h:133]   --->   Operation 15 'and' 'activation_203' <Predicate = true> <Delay = 0.33> <CoreInst = "LogicGate">   --->   Core 74 'LogicGate' <Latency = 0> <II = 1> <Delay = 0.33> <FuncUnit> <Opcode : 'and' 'or' 'xor'> <InPorts = 2> <OutPorts = 1>
ST_1 : Operation 16 [1/1] (0.00ns) (grouped into LUT with out node or_ln148_4)   --->   "%xor_ln135_3 = xor i1 %comparison_74, i1 1" [firmware/BDT.h:135]   --->   Operation 16 'xor' 'xor_ln135_3' <Predicate = true> <Delay = 0.00> <CoreInst = "LogicGate">   --->   Core 74 'LogicGate' <Latency = 0> <II = 1> <Delay = 0.33> <FuncUnit> <Opcode : 'and' 'or' 'xor'> <InPorts = 2> <OutPorts = 1>
ST_1 : Operation 17 [1/1] (0.00ns) (grouped into LUT with out node or_ln148_4)   --->   "%activation_208 = and i1 %activation_202, i1 %xor_ln135_3" [firmware/BDT.h:135]   --->   Operation 17 'and' 'activation_208' <Predicate = true> <Delay = 0.00> <CoreInst = "LogicGate">   --->   Core 74 'LogicGate' <Latency = 0> <II = 1> <Delay = 0.33> <FuncUnit> <Opcode : 'and' 'or' 'xor'> <InPorts = 2> <OutPorts = 1>
ST_1 : Operation 18 [1/1] (0.00ns) (grouped into LUT with out node or_ln148_5)   --->   "%activation_209 = and i1 %comparison_75, i1 %activation_203" [firmware/BDT.h:133]   --->   Operation 18 'and' 'activation_209' <Predicate = true> <Delay = 0.00> <CoreInst = "LogicGate">   --->   Core 74 'LogicGate' <Latency = 0> <II = 1> <Delay = 0.33> <FuncUnit> <Opcode : 'and' 'or' 'xor'> <InPorts = 2> <OutPorts = 1>
ST_1 : Operation 19 [1/1] (0.00ns) (grouped into LUT with out node or_ln148_6)   --->   "%xor_ln135_4 = xor i1 %comparison_75, i1 1" [firmware/BDT.h:135]   --->   Operation 19 'xor' 'xor_ln135_4' <Predicate = true> <Delay = 0.00> <CoreInst = "LogicGate">   --->   Core 74 'LogicGate' <Latency = 0> <II = 1> <Delay = 0.33> <FuncUnit> <Opcode : 'and' 'or' 'xor'> <InPorts = 2> <OutPorts = 1>
ST_1 : Operation 20 [1/1] (0.00ns) (grouped into LUT with out node or_ln148_6)   --->   "%and_ln133 = and i1 %comparison_76, i1 %xor_ln135_4" [firmware/BDT.h:133]   --->   Operation 20 'and' 'and_ln133' <Predicate = true> <Delay = 0.00> <CoreInst = "LogicGate">   --->   Core 74 'LogicGate' <Latency = 0> <II = 1> <Delay = 0.33> <FuncUnit> <Opcode : 'and' 'or' 'xor'> <InPorts = 2> <OutPorts = 1>
ST_1 : Operation 21 [1/1] (0.00ns) (grouped into LUT with out node or_ln148_6)   --->   "%activation_210 = and i1 %and_ln133, i1 %activation_203" [firmware/BDT.h:133]   --->   Operation 21 'and' 'activation_210' <Predicate = true> <Delay = 0.00> <CoreInst = "LogicGate">   --->   Core 74 'LogicGate' <Latency = 0> <II = 1> <Delay = 0.33> <FuncUnit> <Opcode : 'and' 'or' 'xor'> <InPorts = 2> <OutPorts = 1>
ST_1 : Operation 22 [1/1] (0.33ns) (out node of the LUT)   --->   "%or_ln148 = or i1 %comparison, i1 %activation_207" [firmware/BDT.h:148]   --->   Operation 22 'or' 'or_ln148' <Predicate = true> <Delay = 0.33> <CoreInst = "LogicGate">   --->   Core 74 'LogicGate' <Latency = 0> <II = 1> <Delay = 0.33> <FuncUnit> <Opcode : 'and' 'or' 'xor'> <InPorts = 2> <OutPorts = 1>
ST_1 : Operation 23 [1/1] (0.00ns) (grouped into LUT with out node agg_result)   --->   "%zext_ln148 = zext i1 %activation" [firmware/BDT.h:148]   --->   Operation 23 'zext' 'zext_ln148' <Predicate = (or_ln148 & or_ln148_4 & or_ln148_5 & or_ln148_6)> <Delay = 0.00>
ST_1 : Operation 24 [1/1] (0.33ns) (out node of the LUT)   --->   "%or_ln148_4 = or i1 %or_ln148, i1 %activation_208" [firmware/BDT.h:148]   --->   Operation 24 'or' 'or_ln148_4' <Predicate = true> <Delay = 0.33> <CoreInst = "LogicGate">   --->   Core 74 'LogicGate' <Latency = 0> <II = 1> <Delay = 0.33> <FuncUnit> <Opcode : 'and' 'or' 'xor'> <InPorts = 2> <OutPorts = 1>
ST_1 : Operation 25 [1/1] (0.00ns) (grouped into LUT with out node agg_result)   --->   "%select_ln148 = select i1 %or_ln148, i2 %zext_ln148, i2 2" [firmware/BDT.h:148]   --->   Operation 25 'select' 'select_ln148' <Predicate = (or_ln148_4 & or_ln148_5 & or_ln148_6)> <Delay = 0.00> <CoreInst = "Sel">   --->   Core 73 'Sel' <Latency = 0> <II = 1> <Delay = 0.27> <FuncUnit> <Opcode : 'select'> <InPorts = 3> <OutPorts = 1>
ST_1 : Operation 26 [1/1] (0.33ns) (out node of the LUT)   --->   "%or_ln148_5 = or i1 %or_ln148_4, i1 %activation_209" [firmware/BDT.h:148]   --->   Operation 26 'or' 'or_ln148_5' <Predicate = true> <Delay = 0.33> <CoreInst = "LogicGate">   --->   Core 74 'LogicGate' <Latency = 0> <II = 1> <Delay = 0.33> <FuncUnit> <Opcode : 'and' 'or' 'xor'> <InPorts = 2> <OutPorts = 1>
ST_1 : Operation 27 [1/1] (0.00ns) (grouped into LUT with out node agg_result)   --->   "%select_ln148_5 = select i1 %or_ln148_4, i2 %select_ln148, i2 3" [firmware/BDT.h:148]   --->   Operation 27 'select' 'select_ln148_5' <Predicate = (or_ln148_5 & or_ln148_6)> <Delay = 0.00> <CoreInst = "Sel">   --->   Core 73 'Sel' <Latency = 0> <II = 1> <Delay = 0.27> <FuncUnit> <Opcode : 'select'> <InPorts = 3> <OutPorts = 1>
ST_1 : Operation 28 [1/1] (0.00ns) (grouped into LUT with out node agg_result)   --->   "%zext_ln148_2 = zext i2 %select_ln148_5" [firmware/BDT.h:148]   --->   Operation 28 'zext' 'zext_ln148_2' <Predicate = (or_ln148_5 & or_ln148_6)> <Delay = 0.00>
ST_1 : Operation 29 [1/1] (0.33ns) (out node of the LUT)   --->   "%or_ln148_6 = or i1 %or_ln148_5, i1 %activation_210" [firmware/BDT.h:148]   --->   Operation 29 'or' 'or_ln148_6' <Predicate = true> <Delay = 0.33> <CoreInst = "LogicGate">   --->   Core 74 'LogicGate' <Latency = 0> <II = 1> <Delay = 0.33> <FuncUnit> <Opcode : 'and' 'or' 'xor'> <InPorts = 2> <OutPorts = 1>
ST_1 : Operation 30 [1/1] (0.00ns) (grouped into LUT with out node agg_result)   --->   "%select_ln148_6 = select i1 %or_ln148_5, i3 %zext_ln148_2, i3 4" [firmware/BDT.h:148]   --->   Operation 30 'select' 'select_ln148_6' <Predicate = (or_ln148_6)> <Delay = 0.00> <CoreInst = "Sel">   --->   Core 73 'Sel' <Latency = 0> <II = 1> <Delay = 0.27> <FuncUnit> <Opcode : 'select'> <InPorts = 3> <OutPorts = 1>
ST_1 : Operation 31 [1/1] (0.00ns) (grouped into LUT with out node agg_result)   --->   "%select_ln148_7 = select i1 %or_ln148_6, i3 %select_ln148_6, i3 5" [firmware/BDT.h:148]   --->   Operation 31 'select' 'select_ln148_7' <Predicate = true> <Delay = 0.00> <CoreInst = "Sel">   --->   Core 73 'Sel' <Latency = 0> <II = 1> <Delay = 0.27> <FuncUnit> <Opcode : 'select'> <InPorts = 3> <OutPorts = 1>
ST_1 : Operation 32 [1/1] (0.72ns) (out node of the LUT)   --->   "%agg_result = mux i32 @_ssdm_op_Mux.ap_auto.6i32.i3, i32 33747, i32 37548, i32 37065, i32 8668, i32 4294931170, i32 10065, i3 %select_ln148_7" [firmware/BDT.h:149]   --->   Operation 32 'mux' 'agg_result' <Predicate = true> <Delay = 0.72> <CoreInst = "Multiplexer">   --->   Core 76 'Multiplexer' <Latency = 0> <II = 1> <Delay = 0.72> <FuncUnit> <Opcode : 'mux'> <InPorts = 2> <OutPorts = 1>
ST_1 : Operation 33 [1/1] (0.00ns)   --->   "%ret_ln153 = ret i32 %agg_result" [firmware/BDT.h:153]   --->   Operation 33 'ret' 'ret_ln153' <Predicate = true> <Delay = 0.00>


============================================================
+ Verbose Summary: Binding
============================================================
STG Binding: 
---------------- STG Properties BEGIN ----------------
- Is combinational: 1
- Is one-state seq: 0
- Is datapath-only: 0
- Is pipelined: 1
- Is top level: 0
Port [ Return ] is wired: 1; IO mode=ap_ctrl_hs:ce=0
Port [ p_read1]:  wired=1; compound=0; hidden=0; nouse=0; global=0; static=0; extern=0; dir=0; type=0; pingpong=0; private_global=0; IO mode=ap_none:ce=0
Port [ p_read2]:  wired=1; compound=0; hidden=0; nouse=0; global=0; static=0; extern=0; dir=0; type=0; pingpong=0; private_global=0; IO mode=ap_none:ce=0
Port [ p_read3]:  wired=1; compound=0; hidden=0; nouse=0; global=0; static=0; extern=0; dir=0; type=0; pingpong=0; private_global=0; IO mode=ap_none:ce=0
---------------- STG Properties END ------------------

---------------- Datapath Model BEGIN ----------------

<LifeTime>
<method=bitvector/>
specpipeline_ln0 (specpipeline) [ 00]
p_read33         (read        ) [ 00]
p_read22         (read        ) [ 00]
p_read11         (read        ) [ 00]
comparison       (icmp        ) [ 00]
comparison_73    (icmp        ) [ 00]
comparison_74    (icmp        ) [ 00]
comparison_75    (icmp        ) [ 00]
comparison_76    (icmp        ) [ 00]
activation       (xor         ) [ 00]
activation_207   (and         ) [ 00]
xor_ln135        (xor         ) [ 00]
activation_202   (and         ) [ 00]
activation_203   (and         ) [ 00]
xor_ln135_3      (xor         ) [ 00]
activation_208   (and         ) [ 00]
activation_209   (and         ) [ 00]
xor_ln135_4      (xor         ) [ 00]
and_ln133        (and         ) [ 00]
activation_210   (and         ) [ 00]
or_ln148         (or          ) [ 01]
zext_ln148       (zext        ) [ 00]
or_ln148_4       (or          ) [ 01]
select_ln148     (select      ) [ 00]
or_ln148_5       (or          ) [ 01]
select_ln148_5   (select      ) [ 00]
zext_ln148_2     (zext        ) [ 00]
or_ln148_6       (or          ) [ 01]
select_ln148_6   (select      ) [ 00]
select_ln148_7   (select      ) [ 00]
agg_result       (mux         ) [ 00]
ret_ln153        (ret         ) [ 00]
</LifeTime>

<model>

<comp_list>
<comp id="0" class="1000" name="p_read1">
<pin_list>
<pin id="1" dir="1" index="0" bw="1" slack="0"/>
</pin_list>
<bind>
<StgValue><ssdm name="p_read1"/></StgValue>
</bind>
</comp>

<comp id="2" class="1000" name="p_read2">
<pin_list>
<pin id="3" dir="1" index="0" bw="1" slack="0"/>
</pin_list>
<bind>
<StgValue><ssdm name="p_read2"/></StgValue>
</bind>
</comp>

<comp id="4" class="1000" name="p_read3">
<pin_list>
<pin id="5" dir="1" index="0" bw="1" slack="0"/>
</pin_list>
<bind>
<StgValue><ssdm name="p_read3"/></StgValue>
</bind>
</comp>

<comp id="6" class="1001" name="const_6">
<pin_list>
<pin id="7" dir="1" index="0" bw="1" slack="2147483647"/>
</pin_list>
<bind>
<StgValue><ssdm name="_ssdm_op_SpecPipeline"/></StgValue>
</bind>
</comp>

<comp id="8" class="1001" name="const_8">
<pin_list>
<pin id="9" dir="1" index="0" bw="1" slack="2147483647"/>
</pin_list>
<bind>
<StgValue><ssdm name=""/></StgValue>
</bind>
</comp>

<comp id="10" class="1001" name="const_10">
<pin_list>
<pin id="11" dir="1" index="0" bw="1" slack="2147483647"/>
</pin_list>
<bind>
<StgValue><ssdm name=""/></StgValue>
</bind>
</comp>

<comp id="12" class="1001" name="const_12">
<pin_list>
<pin id="13" dir="1" index="0" bw="1" slack="2147483647"/>
</pin_list>
<bind>
<StgValue><ssdm name="empty_1"/></StgValue>
</bind>
</comp>

<comp id="14" class="1001" name="const_14">
<pin_list>
<pin id="15" dir="1" index="0" bw="1" slack="0"/>
</pin_list>
<bind>
<StgValue><ssdm name="_ssdm_op_Read.ap_auto.i32"/></StgValue>
</bind>
</comp>

<comp id="16" class="1001" name="const_16">
<pin_list>
<pin id="17" dir="1" index="0" bw="1" slack="0"/>
</pin_list>
<bind>
<StgValue><ssdm name=""/></StgValue>
</bind>
</comp>

<comp id="18" class="1001" name="const_18">
<pin_list>
<pin id="19" dir="1" index="0" bw="1" slack="0"/>
</pin_list>
<bind>
<StgValue><ssdm name=""/></StgValue>
</bind>
</comp>

<comp id="20" class="1001" name="const_20">
<pin_list>
<pin id="21" dir="1" index="0" bw="1" slack="0"/>
</pin_list>
<bind>
<StgValue><ssdm name=""/></StgValue>
</bind>
</comp>

<comp id="22" class="1001" name="const_22">
<pin_list>
<pin id="23" dir="1" index="0" bw="1" slack="0"/>
</pin_list>
<bind>
<StgValue><ssdm name=""/></StgValue>
</bind>
</comp>

<comp id="24" class="1001" name="const_24">
<pin_list>
<pin id="25" dir="1" index="0" bw="1" slack="0"/>
</pin_list>
<bind>
<StgValue><ssdm name=""/></StgValue>
</bind>
</comp>

<comp id="26" class="1001" name="const_26">
<pin_list>
<pin id="27" dir="1" index="0" bw="1" slack="0"/>
</pin_list>
<bind>
<StgValue><ssdm name=""/></StgValue>
</bind>
</comp>

<comp id="28" class="1001" name="const_28">
<pin_list>
<pin id="29" dir="1" index="0" bw="1" slack="0"/>
</pin_list>
<bind>
<StgValue><ssdm name=""/></StgValue>
</bind>
</comp>

<comp id="30" class="1001" name="const_30">
<pin_list>
<pin id="31" dir="1" index="0" bw="1" slack="0"/>
</pin_list>
<bind>
<StgValue><ssdm name=""/></StgValue>
</bind>
</comp>

<comp id="32" class="1001" name="const_32">
<pin_list>
<pin id="33" dir="1" index="0" bw="1" slack="0"/>
</pin_list>
<bind>
<StgValue><ssdm name=""/></StgValue>
</bind>
</comp>

<comp id="34" class="1001" name="const_34">
<pin_list>
<pin id="35" dir="1" index="0" bw="1" slack="0"/>
</pin_list>
<bind>
<StgValue><ssdm name=""/></StgValue>
</bind>
</comp>

<comp id="36" class="1001" name="const_36">
<pin_list>
<pin id="37" dir="1" index="0" bw="1" slack="0"/>
</pin_list>
<bind>
<StgValue><ssdm name="_ssdm_op_Mux.ap_auto.6i32.i3"/></StgValue>
</bind>
</comp>

<comp id="38" class="1001" name="const_38">
<pin_list>
<pin id="39" dir="1" index="0" bw="1" slack="0"/>
</pin_list>
<bind>
<StgValue><ssdm name=""/></StgValue>
</bind>
</comp>

<comp id="40" class="1001" name="const_40">
<pin_list>
<pin id="41" dir="1" index="0" bw="1" slack="0"/>
</pin_list>
<bind>
<StgValue><ssdm name=""/></StgValue>
</bind>
</comp>

<comp id="42" class="1001" name="const_42">
<pin_list>
<pin id="43" dir="1" index="0" bw="1" slack="0"/>
</pin_list>
<bind>
<StgValue><ssdm name=""/></StgValue>
</bind>
</comp>

<comp id="44" class="1001" name="const_44">
<pin_list>
<pin id="45" dir="1" index="0" bw="1" slack="0"/>
</pin_list>
<bind>
<StgValue><ssdm name=""/></StgValue>
</bind>
</comp>

<comp id="46" class="1001" name="const_46">
<pin_list>
<pin id="47" dir="1" index="0" bw="1" slack="0"/>
</pin_list>
<bind>
<StgValue><ssdm name=""/></StgValue>
</bind>
</comp>

<comp id="48" class="1001" name="const_48">
<pin_list>
<pin id="49" dir="1" index="0" bw="1" slack="0"/>
</pin_list>
<bind>
<StgValue><ssdm name=""/></StgValue>
</bind>
</comp>

<comp id="50" class="1004" name="p_read33_read_fu_50">
<pin_list>
<pin id="51" dir="0" index="0" bw="32" slack="0"/>
<pin id="52" dir="0" index="1" bw="32" slack="0"/>
<pin id="53" dir="1" index="2" bw="32" slack="0"/>
</pin_list>
<bind>
<opcode="read(1150) " fcode="read"/>
<opset="p_read33/1 "/>
</bind>
</comp>

<comp id="56" class="1004" name="p_read22_read_fu_56">
<pin_list>
<pin id="57" dir="0" index="0" bw="32" slack="0"/>
<pin id="58" dir="0" index="1" bw="32" slack="0"/>
<pin id="59" dir="1" index="2" bw="32" slack="0"/>
</pin_list>
<bind>
<opcode="read(1150) " fcode="read"/>
<opset="p_read22/1 "/>
</bind>
</comp>

<comp id="62" class="1004" name="p_read11_read_fu_62">
<pin_list>
<pin id="63" dir="0" index="0" bw="32" slack="0"/>
<pin id="64" dir="0" index="1" bw="32" slack="0"/>
<pin id="65" dir="1" index="2" bw="32" slack="0"/>
</pin_list>
<bind>
<opcode="read(1150) " fcode="read"/>
<opset="p_read11/1 "/>
</bind>
</comp>

<comp id="68" class="1004" name="comparison_fu_68">
<pin_list>
<pin id="69" dir="0" index="0" bw="32" slack="0"/>
<pin id="70" dir="0" index="1" bw="17" slack="0"/>
<pin id="71" dir="1" index="2" bw="1" slack="0"/>
</pin_list>
<bind>
<opcode="icmp(45) " fcode="icmp"/>
<opset="comparison/1 "/>
</bind>
</comp>

<comp id="74" class="1004" name="comparison_73_fu_74">
<pin_list>
<pin id="75" dir="0" index="0" bw="32" slack="0"/>
<pin id="76" dir="0" index="1" bw="18" slack="0"/>
<pin id="77" dir="1" index="2" bw="1" slack="0"/>
</pin_list>
<bind>
<opcode="icmp(45) " fcode="icmp"/>
<opset="comparison_73/1 "/>
</bind>
</comp>

<comp id="80" class="1004" name="comparison_74_fu_80">
<pin_list>
<pin id="81" dir="0" index="0" bw="32" slack="0"/>
<pin id="82" dir="0" index="1" bw="18" slack="0"/>
<pin id="83" dir="1" index="2" bw="1" slack="0"/>
</pin_list>
<bind>
<opcode="icmp(45) " fcode="icmp"/>
<opset="comparison_74/1 "/>
</bind>
</comp>

<comp id="86" class="1004" name="comparison_75_fu_86">
<pin_list>
<pin id="87" dir="0" index="0" bw="32" slack="0"/>
<pin id="88" dir="0" index="1" bw="17" slack="0"/>
<pin id="89" dir="1" index="2" bw="1" slack="0"/>
</pin_list>
<bind>
<opcode="icmp(45) " fcode="icmp"/>
<opset="comparison_75/1 "/>
</bind>
</comp>

<comp id="92" class="1004" name="comparison_76_fu_92">
<pin_list>
<pin id="93" dir="0" index="0" bw="32" slack="0"/>
<pin id="94" dir="0" index="1" bw="18" slack="0"/>
<pin id="95" dir="1" index="2" bw="1" slack="0"/>
</pin_list>
<bind>
<opcode="icmp(45) " fcode="icmp"/>
<opset="comparison_76/1 "/>
</bind>
</comp>

<comp id="98" class="1004" name="activation_fu_98">
<pin_list>
<pin id="99" dir="0" index="0" bw="1" slack="0"/>
<pin id="100" dir="0" index="1" bw="1" slack="0"/>
<pin id="101" dir="1" index="2" bw="1" slack="0"/>
</pin_list>
<bind>
<opcode="xor(25) " fcode="xor"/>
<opset="activation/1 "/>
</bind>
</comp>

<comp id="104" class="1004" name="activation_207_fu_104">
<pin_list>
<pin id="105" dir="0" index="0" bw="1" slack="0"/>
<pin id="106" dir="0" index="1" bw="1" slack="0"/>
<pin id="107" dir="1" index="2" bw="1" slack="0"/>
</pin_list>
<bind>
<opcode="and(23) " fcode="and"/>
<opset="activation_207/1 "/>
</bind>
</comp>

<comp id="110" class="1004" name="xor_ln135_fu_110">
<pin_list>
<pin id="111" dir="0" index="0" bw="1" slack="0"/>
<pin id="112" dir="0" index="1" bw="1" slack="0"/>
<pin id="113" dir="1" index="2" bw="1" slack="0"/>
</pin_list>
<bind>
<opcode="xor(25) " fcode="xor"/>
<opset="xor_ln135/1 "/>
</bind>
</comp>

<comp id="116" class="1004" name="activation_202_fu_116">
<pin_list>
<pin id="117" dir="0" index="0" bw="1" slack="0"/>
<pin id="118" dir="0" index="1" bw="1" slack="0"/>
<pin id="119" dir="1" index="2" bw="1" slack="0"/>
</pin_list>
<bind>
<opcode="and(23) " fcode="and"/>
<opset="activation_202/1 "/>
</bind>
</comp>

<comp id="122" class="1004" name="activation_203_fu_122">
<pin_list>
<pin id="123" dir="0" index="0" bw="1" slack="0"/>
<pin id="124" dir="0" index="1" bw="1" slack="0"/>
<pin id="125" dir="1" index="2" bw="1" slack="0"/>
</pin_list>
<bind>
<opcode="and(23) " fcode="and"/>
<opset="activation_203/1 "/>
</bind>
</comp>

<comp id="128" class="1004" name="xor_ln135_3_fu_128">
<pin_list>
<pin id="129" dir="0" index="0" bw="1" slack="0"/>
<pin id="130" dir="0" index="1" bw="1" slack="0"/>
<pin id="131" dir="1" index="2" bw="1" slack="0"/>
</pin_list>
<bind>
<opcode="xor(25) " fcode="xor"/>
<opset="xor_ln135_3/1 "/>
</bind>
</comp>

<comp id="134" class="1004" name="activation_208_fu_134">
<pin_list>
<pin id="135" dir="0" index="0" bw="1" slack="0"/>
<pin id="136" dir="0" index="1" bw="1" slack="0"/>
<pin id="137" dir="1" index="2" bw="1" slack="0"/>
</pin_list>
<bind>
<opcode="and(23) " fcode="and"/>
<opset="activation_208/1 "/>
</bind>
</comp>

<comp id="140" class="1004" name="activation_209_fu_140">
<pin_list>
<pin id="141" dir="0" index="0" bw="1" slack="0"/>
<pin id="142" dir="0" index="1" bw="1" slack="0"/>
<pin id="143" dir="1" index="2" bw="1" slack="0"/>
</pin_list>
<bind>
<opcode="and(23) " fcode="and"/>
<opset="activation_209/1 "/>
</bind>
</comp>

<comp id="146" class="1004" name="xor_ln135_4_fu_146">
<pin_list>
<pin id="147" dir="0" index="0" bw="1" slack="0"/>
<pin id="148" dir="0" index="1" bw="1" slack="0"/>
<pin id="149" dir="1" index="2" bw="1" slack="0"/>
</pin_list>
<bind>
<opcode="xor(25) " fcode="xor"/>
<opset="xor_ln135_4/1 "/>
</bind>
</comp>

<comp id="152" class="1004" name="and_ln133_fu_152">
<pin_list>
<pin id="153" dir="0" index="0" bw="1" slack="0"/>
<pin id="154" dir="0" index="1" bw="1" slack="0"/>
<pin id="155" dir="1" index="2" bw="1" slack="0"/>
</pin_list>
<bind>
<opcode="and(23) " fcode="and"/>
<opset="and_ln133/1 "/>
</bind>
</comp>

<comp id="158" class="1004" name="activation_210_fu_158">
<pin_list>
<pin id="159" dir="0" index="0" bw="1" slack="0"/>
<pin id="160" dir="0" index="1" bw="1" slack="0"/>
<pin id="161" dir="1" index="2" bw="1" slack="0"/>
</pin_list>
<bind>
<opcode="and(23) " fcode="and"/>
<opset="activation_210/1 "/>
</bind>
</comp>

<comp id="164" class="1004" name="or_ln148_fu_164">
<pin_list>
<pin id="165" dir="0" index="0" bw="1" slack="0"/>
<pin id="166" dir="0" index="1" bw="1" slack="0"/>
<pin id="167" dir="1" index="2" bw="1" slack="0"/>
</pin_list>
<bind>
<opcode="or(24) " fcode="or"/>
<opset="or_ln148/1 "/>
</bind>
</comp>

<comp id="170" class="1004" name="zext_ln148_fu_170">
<pin_list>
<pin id="171" dir="0" index="0" bw="1" slack="0"/>
<pin id="172" dir="1" index="1" bw="2" slack="0"/>
</pin_list>
<bind>
<opcode="zext(34) " fcode="zext"/>
<opset="zext_ln148/1 "/>
</bind>
</comp>

<comp id="174" class="1004" name="or_ln148_4_fu_174">
<pin_list>
<pin id="175" dir="0" index="0" bw="1" slack="0"/>
<pin id="176" dir="0" index="1" bw="1" slack="0"/>
<pin id="177" dir="1" index="2" bw="1" slack="0"/>
</pin_list>
<bind>
<opcode="or(24) " fcode="or"/>
<opset="or_ln148_4/1 "/>
</bind>
</comp>

<comp id="180" class="1004" name="select_ln148_fu_180">
<pin_list>
<pin id="181" dir="0" index="0" bw="1" slack="0"/>
<pin id="182" dir="0" index="1" bw="1" slack="0"/>
<pin id="183" dir="0" index="2" bw="2" slack="0"/>
<pin id="184" dir="1" index="3" bw="2" slack="0"/>
</pin_list>
<bind>
<opcode="select(49) " fcode="select"/>
<opset="select_ln148/1 "/>
</bind>
</comp>

<comp id="188" class="1004" name="or_ln148_5_fu_188">
<pin_list>
<pin id="189" dir="0" index="0" bw="1" slack="0"/>
<pin id="190" dir="0" index="1" bw="1" slack="0"/>
<pin id="191" dir="1" index="2" bw="1" slack="0"/>
</pin_list>
<bind>
<opcode="or(24) " fcode="or"/>
<opset="or_ln148_5/1 "/>
</bind>
</comp>

<comp id="194" class="1004" name="select_ln148_5_fu_194">
<pin_list>
<pin id="195" dir="0" index="0" bw="1" slack="0"/>
<pin id="196" dir="0" index="1" bw="2" slack="0"/>
<pin id="197" dir="0" index="2" bw="1" slack="0"/>
<pin id="198" dir="1" index="3" bw="2" slack="0"/>
</pin_list>
<bind>
<opcode="select(49) " fcode="select"/>
<opset="select_ln148_5/1 "/>
</bind>
</comp>

<comp id="202" class="1004" name="zext_ln148_2_fu_202">
<pin_list>
<pin id="203" dir="0" index="0" bw="2" slack="0"/>
<pin id="204" dir="1" index="1" bw="3" slack="0"/>
</pin_list>
<bind>
<opcode="zext(34) " fcode="zext"/>
<opset="zext_ln148_2/1 "/>
</bind>
</comp>

<comp id="206" class="1004" name="or_ln148_6_fu_206">
<pin_list>
<pin id="207" dir="0" index="0" bw="1" slack="0"/>
<pin id="208" dir="0" index="1" bw="1" slack="0"/>
<pin id="209" dir="1" index="2" bw="1" slack="0"/>
</pin_list>
<bind>
<opcode="or(24) " fcode="or"/>
<opset="or_ln148_6/1 "/>
</bind>
</comp>

<comp id="212" class="1004" name="select_ln148_6_fu_212">
<pin_list>
<pin id="213" dir="0" index="0" bw="1" slack="0"/>
<pin id="214" dir="0" index="1" bw="2" slack="0"/>
<pin id="215" dir="0" index="2" bw="3" slack="0"/>
<pin id="216" dir="1" index="3" bw="3" slack="0"/>
</pin_list>
<bind>
<opcode="select(49) " fcode="select"/>
<opset="select_ln148_6/1 "/>
</bind>
</comp>

<comp id="220" class="1004" name="select_ln148_7_fu_220">
<pin_list>
<pin id="221" dir="0" index="0" bw="1" slack="0"/>
<pin id="222" dir="0" index="1" bw="3" slack="0"/>
<pin id="223" dir="0" index="2" bw="3" slack="0"/>
<pin id="224" dir="1" index="3" bw="3" slack="0"/>
</pin_list>
<bind>
<opcode="select(49) " fcode="select"/>
<opset="select_ln148_7/1 "/>
</bind>
</comp>

<comp id="228" class="1004" name="agg_result_fu_228">
<pin_list>
<pin id="229" dir="0" index="0" bw="32" slack="0"/>
<pin id="230" dir="0" index="1" bw="17" slack="0"/>
<pin id="231" dir="0" index="2" bw="17" slack="0"/>
<pin id="232" dir="0" index="3" bw="17" slack="0"/>
<pin id="233" dir="0" index="4" bw="15" slack="0"/>
<pin id="234" dir="0" index="5" bw="17" slack="0"/>
<pin id="235" dir="0" index="6" bw="15" slack="0"/>
<pin id="236" dir="0" index="7" bw="3" slack="0"/>
<pin id="237" dir="1" index="8" bw="32" slack="2147483647"/>
</pin_list>
<bind>
<opcode="mux(1196) " fcode="mux"/>
<opset="agg_result/1 "/>
</bind>
</comp>

</comp_list>

<net_list>
<net id="54"><net_src comp="14" pin="0"/><net_sink comp="50" pin=0"/></net>

<net id="55"><net_src comp="4" pin="0"/><net_sink comp="50" pin=1"/></net>

<net id="60"><net_src comp="14" pin="0"/><net_sink comp="56" pin=0"/></net>

<net id="61"><net_src comp="2" pin="0"/><net_sink comp="56" pin=1"/></net>

<net id="66"><net_src comp="14" pin="0"/><net_sink comp="62" pin=0"/></net>

<net id="67"><net_src comp="0" pin="0"/><net_sink comp="62" pin=1"/></net>

<net id="72"><net_src comp="50" pin="2"/><net_sink comp="68" pin=0"/></net>

<net id="73"><net_src comp="16" pin="0"/><net_sink comp="68" pin=1"/></net>

<net id="78"><net_src comp="56" pin="2"/><net_sink comp="74" pin=0"/></net>

<net id="79"><net_src comp="18" pin="0"/><net_sink comp="74" pin=1"/></net>

<net id="84"><net_src comp="50" pin="2"/><net_sink comp="80" pin=0"/></net>

<net id="85"><net_src comp="20" pin="0"/><net_sink comp="80" pin=1"/></net>

<net id="90"><net_src comp="62" pin="2"/><net_sink comp="86" pin=0"/></net>

<net id="91"><net_src comp="22" pin="0"/><net_sink comp="86" pin=1"/></net>

<net id="96"><net_src comp="62" pin="2"/><net_sink comp="92" pin=0"/></net>

<net id="97"><net_src comp="24" pin="0"/><net_sink comp="92" pin=1"/></net>

<net id="102"><net_src comp="68" pin="2"/><net_sink comp="98" pin=0"/></net>

<net id="103"><net_src comp="26" pin="0"/><net_sink comp="98" pin=1"/></net>

<net id="108"><net_src comp="74" pin="2"/><net_sink comp="104" pin=0"/></net>

<net id="109"><net_src comp="98" pin="2"/><net_sink comp="104" pin=1"/></net>

<net id="114"><net_src comp="74" pin="2"/><net_sink comp="110" pin=0"/></net>

<net id="115"><net_src comp="26" pin="0"/><net_sink comp="110" pin=1"/></net>

<net id="120"><net_src comp="110" pin="2"/><net_sink comp="116" pin=0"/></net>

<net id="121"><net_src comp="98" pin="2"/><net_sink comp="116" pin=1"/></net>

<net id="126"><net_src comp="80" pin="2"/><net_sink comp="122" pin=0"/></net>

<net id="127"><net_src comp="116" pin="2"/><net_sink comp="122" pin=1"/></net>

<net id="132"><net_src comp="80" pin="2"/><net_sink comp="128" pin=0"/></net>

<net id="133"><net_src comp="26" pin="0"/><net_sink comp="128" pin=1"/></net>

<net id="138"><net_src comp="116" pin="2"/><net_sink comp="134" pin=0"/></net>

<net id="139"><net_src comp="128" pin="2"/><net_sink comp="134" pin=1"/></net>

<net id="144"><net_src comp="86" pin="2"/><net_sink comp="140" pin=0"/></net>

<net id="145"><net_src comp="122" pin="2"/><net_sink comp="140" pin=1"/></net>

<net id="150"><net_src comp="86" pin="2"/><net_sink comp="146" pin=0"/></net>

<net id="151"><net_src comp="26" pin="0"/><net_sink comp="146" pin=1"/></net>

<net id="156"><net_src comp="92" pin="2"/><net_sink comp="152" pin=0"/></net>

<net id="157"><net_src comp="146" pin="2"/><net_sink comp="152" pin=1"/></net>

<net id="162"><net_src comp="152" pin="2"/><net_sink comp="158" pin=0"/></net>

<net id="163"><net_src comp="122" pin="2"/><net_sink comp="158" pin=1"/></net>

<net id="168"><net_src comp="68" pin="2"/><net_sink comp="164" pin=0"/></net>

<net id="169"><net_src comp="104" pin="2"/><net_sink comp="164" pin=1"/></net>

<net id="173"><net_src comp="98" pin="2"/><net_sink comp="170" pin=0"/></net>

<net id="178"><net_src comp="164" pin="2"/><net_sink comp="174" pin=0"/></net>

<net id="179"><net_src comp="134" pin="2"/><net_sink comp="174" pin=1"/></net>

<net id="185"><net_src comp="164" pin="2"/><net_sink comp="180" pin=0"/></net>

<net id="186"><net_src comp="170" pin="1"/><net_sink comp="180" pin=1"/></net>

<net id="187"><net_src comp="28" pin="0"/><net_sink comp="180" pin=2"/></net>

<net id="192"><net_src comp="174" pin="2"/><net_sink comp="188" pin=0"/></net>

<net id="193"><net_src comp="140" pin="2"/><net_sink comp="188" pin=1"/></net>

<net id="199"><net_src comp="174" pin="2"/><net_sink comp="194" pin=0"/></net>

<net id="200"><net_src comp="180" pin="3"/><net_sink comp="194" pin=1"/></net>

<net id="201"><net_src comp="30" pin="0"/><net_sink comp="194" pin=2"/></net>

<net id="205"><net_src comp="194" pin="3"/><net_sink comp="202" pin=0"/></net>

<net id="210"><net_src comp="188" pin="2"/><net_sink comp="206" pin=0"/></net>

<net id="211"><net_src comp="158" pin="2"/><net_sink comp="206" pin=1"/></net>

<net id="217"><net_src comp="188" pin="2"/><net_sink comp="212" pin=0"/></net>

<net id="218"><net_src comp="202" pin="1"/><net_sink comp="212" pin=1"/></net>

<net id="219"><net_src comp="32" pin="0"/><net_sink comp="212" pin=2"/></net>

<net id="225"><net_src comp="206" pin="2"/><net_sink comp="220" pin=0"/></net>

<net id="226"><net_src comp="212" pin="3"/><net_sink comp="220" pin=1"/></net>

<net id="227"><net_src comp="34" pin="0"/><net_sink comp="220" pin=2"/></net>

<net id="238"><net_src comp="36" pin="0"/><net_sink comp="228" pin=0"/></net>

<net id="239"><net_src comp="38" pin="0"/><net_sink comp="228" pin=1"/></net>

<net id="240"><net_src comp="40" pin="0"/><net_sink comp="228" pin=2"/></net>

<net id="241"><net_src comp="42" pin="0"/><net_sink comp="228" pin=3"/></net>

<net id="242"><net_src comp="44" pin="0"/><net_sink comp="228" pin=4"/></net>

<net id="243"><net_src comp="46" pin="0"/><net_sink comp="228" pin=5"/></net>

<net id="244"><net_src comp="48" pin="0"/><net_sink comp="228" pin=6"/></net>

<net id="245"><net_src comp="220" pin="3"/><net_sink comp="228" pin=7"/></net>

</net_list>

</model> 
---------------- Datapath Model END ------------------

* FSMD analyzer results:
  - Output states:
 - Input state : 
	Port: decision_function.2 : p_read1 | {1 }
	Port: decision_function.2 : p_read2 | {1 }
	Port: decision_function.2 : p_read3 | {1 }
  - Chain level:
	State 1
		activation : 1
		activation_207 : 1
		xor_ln135 : 1
		activation_202 : 1
		activation_203 : 1
		xor_ln135_3 : 1
		activation_208 : 1
		activation_209 : 1
		xor_ln135_4 : 1
		and_ln133 : 1
		activation_210 : 1
		or_ln148 : 1
		zext_ln148 : 1
		or_ln148_4 : 1
		select_ln148 : 1
		or_ln148_5 : 1
		select_ln148_5 : 1
		zext_ln148_2 : 2
		or_ln148_6 : 1
		select_ln148_6 : 3
		select_ln148_7 : 4
		agg_result : 5
		ret_ln153 : 6


============================================================
+ Verbose Summary: Datapath Resource usage 
============================================================

* Functional unit list:
|----------|-----------------------|---------|---------|
| Operation|    Functional Unit    |    FF   |   LUT   |
|----------|-----------------------|---------|---------|
|          |    comparison_fu_68   |    0    |    20   |
|          |  comparison_73_fu_74  |    0    |    20   |
|   icmp   |  comparison_74_fu_80  |    0    |    20   |
|          |  comparison_75_fu_86  |    0    |    20   |
|          |  comparison_76_fu_92  |    0    |    20   |
|----------|-----------------------|---------|---------|
|    mux   |   agg_result_fu_228   |    0    |    31   |
|----------|-----------------------|---------|---------|
|          | activation_207_fu_104 |    0    |    2    |
|          | activation_202_fu_116 |    0    |    2    |
|          | activation_203_fu_122 |    0    |    2    |
|    and   | activation_208_fu_134 |    0    |    2    |
|          | activation_209_fu_140 |    0    |    2    |
|          |    and_ln133_fu_152   |    0    |    2    |
|          | activation_210_fu_158 |    0    |    2    |
|----------|-----------------------|---------|---------|
|          |  select_ln148_fu_180  |    0    |    2    |
|  select  | select_ln148_5_fu_194 |    0    |    2    |
|          | select_ln148_6_fu_212 |    0    |    3    |
|          | select_ln148_7_fu_220 |    0    |    3    |
|----------|-----------------------|---------|---------|
|          |    activation_fu_98   |    0    |    2    |
|    xor   |    xor_ln135_fu_110   |    0    |    2    |
|          |   xor_ln135_3_fu_128  |    0    |    2    |
|          |   xor_ln135_4_fu_146  |    0    |    2    |
|----------|-----------------------|---------|---------|
|          |    or_ln148_fu_164    |    0    |    2    |
|    or    |   or_ln148_4_fu_174   |    0    |    2    |
|          |   or_ln148_5_fu_188   |    0    |    2    |
|          |   or_ln148_6_fu_206   |    0    |    2    |
|----------|-----------------------|---------|---------|
|          |  p_read33_read_fu_50  |    0    |    0    |
|   read   |  p_read22_read_fu_56  |    0    |    0    |
|          |  p_read11_read_fu_62  |    0    |    0    |
|----------|-----------------------|---------|---------|
|   zext   |   zext_ln148_fu_170   |    0    |    0    |
|          |  zext_ln148_2_fu_202  |    0    |    0    |
|----------|-----------------------|---------|---------|
|   Total  |                       |    0    |   171   |
|----------|-----------------------|---------|---------|

Memories:
N/A

* Register list:
N/A

* Multiplexer (MUX) list: 
|--------|------|------|------|--------|
|  Comp  |  Pin | Size |  BW  | S x BW |
|--------|------|------|------|--------|
|  Total |      |      |      |    0   |
|--------|------|------|------|--------|



* Summary:
+-----------+--------+--------+
|           |   FF   |   LUT  |
+-----------+--------+--------+
|  Function |    0   |   171  |
|   Memory  |    -   |    -   |
|Multiplexer|    -   |    -   |
|  Register |    -   |    -   |
+-----------+--------+--------+
|   Total   |    0   |   171  |
+-----------+--------+--------+
