

================================================================
== Vitis HLS Report for 'decision_function_20'
================================================================
* Date:           Sun Jun 26 16:40:33 2022

* Version:        2021.2 (Build 3367213 on Tue Oct 19 02:47:39 MDT 2021)
* Project:        myproject_prj
* Solution:       solution1 (Vivado IP Flow Target)
* Product family: zynquplus
* Target device:  xczu3eg-sbva484-1-e


================================================================
== Performance Estimates
================================================================
+ Timing: 
    * Summary: 
    +--------+---------+----------+------------+
    |  Clock |  Target | Estimated| Uncertainty|
    +--------+---------+----------+------------+
    |ap_clk  |  7.00 ns|  3.156 ns|     1.89 ns|
    +--------+---------+----------+------------+

+ Latency: 
    * Summary: 
    +---------+---------+----------+----------+-----+-----+---------+
    |  Latency (cycles) |  Latency (absolute) |  Interval | Pipeline|
    |   min   |   max   |    min   |    max   | min | max |   Type  |
    +---------+---------+----------+----------+-----+-----+---------+
    |        0|        0|      0 ns|      0 ns|    1|    1|      yes|
    +---------+---------+----------+----------+-----+-----+---------+

    + Detail: 
        * Instance: 
        N/A

        * Loop: 
        N/A

============================================================
+ Verbose Summary: Synthesis Manager
============================================================
InlineROM: 1
ExposeGlobal: 0
============================================================
+ Verbose Summary: CDFG Model
============================================================
IsTopModel: 0
ResetActiveHigh: 1
IsCombinational: 0
IsDatapathOnly: 0
HasWiredReturn: 1
HasMFsm: 2
HasVarLatency: 0
IsPipeline: 1
IsRtlPipelined: 0
IsInstanceOverlapped: 0
IsDontTouch: 0
HasImplIP: 0
IsGatedGlobalClock: 0

+ Individual pipeline summary: 
  * Pipeline-0: initiation interval (II) = 1, depth = 1


============================================================
+ Verbose Summary: Schedule
============================================================
* Number of FSM states : 1
* Pipeline : 1
  Pipeline-0 : II = 1, D = 1, States = { 1 }
* Dataflow Pipeline: 0

* FSM state transitions: 
1 --> 

* FSM state operations: 

State 1 <SV = 0> <Delay = 3.15>
ST_1 : Operation 2 [1/1] (0.00ns)   --->   "%specpipeline_ln0 = specpipeline void @_ssdm_op_SpecPipeline, i32 1, i32 0, i32 0, i32 0, void @empty_1" [firmware/BDT.h:0]   --->   Operation 2 'specpipeline' 'specpipeline_ln0' <Predicate = true> <Delay = 0.00>
ST_1 : Operation 3 [1/1] (0.00ns)   --->   "%p_read55 = read i32 @_ssdm_op_Read.ap_auto.i32, i32 %p_read5"   --->   Operation 3 'read' 'p_read55' <Predicate = true> <Delay = 0.00>
ST_1 : Operation 4 [1/1] (0.00ns)   --->   "%p_read44 = read i32 @_ssdm_op_Read.ap_auto.i32, i32 %p_read4"   --->   Operation 4 'read' 'p_read44' <Predicate = true> <Delay = 0.00>
ST_1 : Operation 5 [1/1] (0.00ns)   --->   "%p_read33 = read i32 @_ssdm_op_Read.ap_auto.i32, i32 %p_read3"   --->   Operation 5 'read' 'p_read33' <Predicate = true> <Delay = 0.00>
ST_1 : Operation 6 [1/1] (0.00ns)   --->   "%p_read22 = read i32 @_ssdm_op_Read.ap_auto.i32, i32 %p_read2"   --->   Operation 6 'read' 'p_read22' <Predicate = true> <Delay = 0.00>
ST_1 : Operation 7 [1/1] (0.00ns)   --->   "%p_read11 = read i32 @_ssdm_op_Read.ap_auto.i32, i32 %p_read1"   --->   Operation 7 'read' 'p_read11' <Predicate = true> <Delay = 0.00>
ST_1 : Operation 8 [1/1] (1.11ns)   --->   "%comparison = icmp_slt  i32 %p_read44, i32 4294894227"   --->   Operation 8 'icmp' 'comparison' <Predicate = true> <Delay = 1.11> <CoreInst = "Cmp">   --->   Core 9 'Cmp' <Latency = 0> <II = 1> <Delay = 1.11> <FuncUnit> <Opcode : 'icmp'> <InPorts = 2> <OutPorts = 1>
ST_1 : Operation 9 [1/1] (1.11ns)   --->   "%comparison_20 = icmp_slt  i32 %p_read22, i32 4294908792"   --->   Operation 9 'icmp' 'comparison_20' <Predicate = (or_ln208_9 & or_ln208_10)> <Delay = 1.11> <CoreInst = "Cmp">   --->   Core 9 'Cmp' <Latency = 0> <II = 1> <Delay = 1.11> <FuncUnit> <Opcode : 'icmp'> <InPorts = 2> <OutPorts = 1>
ST_1 : Operation 10 [1/1] (1.11ns)   --->   "%comparison_21 = icmp_slt  i32 %p_read55, i32 80643"   --->   Operation 10 'icmp' 'comparison_21' <Predicate = true> <Delay = 1.11> <CoreInst = "Cmp">   --->   Core 9 'Cmp' <Latency = 0> <II = 1> <Delay = 1.11> <FuncUnit> <Opcode : 'icmp'> <InPorts = 2> <OutPorts = 1>
ST_1 : Operation 11 [1/1] (1.11ns)   --->   "%comparison_22 = icmp_slt  i32 %p_read33, i32 45307"   --->   Operation 11 'icmp' 'comparison_22' <Predicate = (or_ln208_9 & or_ln208_10)> <Delay = 1.11> <CoreInst = "Cmp">   --->   Core 9 'Cmp' <Latency = 0> <II = 1> <Delay = 1.11> <FuncUnit> <Opcode : 'icmp'> <InPorts = 2> <OutPorts = 1>
ST_1 : Operation 12 [1/1] (1.11ns)   --->   "%comparison_23 = icmp_slt  i32 %p_read11, i32 111924"   --->   Operation 12 'icmp' 'comparison_23' <Predicate = true> <Delay = 1.11> <CoreInst = "Cmp">   --->   Core 9 'Cmp' <Latency = 0> <II = 1> <Delay = 1.11> <FuncUnit> <Opcode : 'icmp'> <InPorts = 2> <OutPorts = 1>
ST_1 : Operation 13 [1/1] (0.33ns)   --->   "%activation_25 = xor i1 %comparison, i1 1" [firmware/BDT.h:195]   --->   Operation 13 'xor' 'activation_25' <Predicate = true> <Delay = 0.33> <CoreInst = "LogicGate">   --->   Core 74 'LogicGate' <Latency = 0> <II = 1> <Delay = 0.33> <FuncUnit> <Opcode : 'and' 'or' 'xor'> <InPorts = 2> <OutPorts = 1>
ST_1 : Operation 14 [1/1] (0.33ns)   --->   "%activation = and i1 %comparison_20, i1 %comparison" [firmware/BDT.h:193]   --->   Operation 14 'and' 'activation' <Predicate = (or_ln208_9 & or_ln208_10)> <Delay = 0.33> <CoreInst = "LogicGate">   --->   Core 74 'LogicGate' <Latency = 0> <II = 1> <Delay = 0.33> <FuncUnit> <Opcode : 'and' 'or' 'xor'> <InPorts = 2> <OutPorts = 1>
ST_1 : Operation 15 [1/1] (0.00ns) (grouped into LUT with out node select_ln208_9)   --->   "%xor_ln195 = xor i1 %comparison_20, i1 1" [firmware/BDT.h:195]   --->   Operation 15 'xor' 'xor_ln195' <Predicate = (or_ln208_9 & or_ln208_10)> <Delay = 0.00> <CoreInst = "LogicGate">   --->   Core 74 'LogicGate' <Latency = 0> <II = 1> <Delay = 0.33> <FuncUnit> <Opcode : 'and' 'or' 'xor'> <InPorts = 2> <OutPorts = 1>
ST_1 : Operation 16 [1/1] (0.00ns) (grouped into LUT with out node activation_26)   --->   "%xor_ln195_3 = xor i1 %comparison_21, i1 1" [firmware/BDT.h:195]   --->   Operation 16 'xor' 'xor_ln195_3' <Predicate = true> <Delay = 0.00> <CoreInst = "LogicGate">   --->   Core 74 'LogicGate' <Latency = 0> <II = 1> <Delay = 0.33> <FuncUnit> <Opcode : 'and' 'or' 'xor'> <InPorts = 2> <OutPorts = 1>
ST_1 : Operation 17 [1/1] (0.33ns) (out node of the LUT)   --->   "%activation_26 = and i1 %xor_ln195_3, i1 %activation_25" [firmware/BDT.h:195]   --->   Operation 17 'and' 'activation_26' <Predicate = true> <Delay = 0.33> <CoreInst = "LogicGate">   --->   Core 74 'LogicGate' <Latency = 0> <II = 1> <Delay = 0.33> <FuncUnit> <Opcode : 'and' 'or' 'xor'> <InPorts = 2> <OutPorts = 1>
ST_1 : Operation 18 [1/1] (0.00ns) (grouped into LUT with out node select_ln208_9)   --->   "%and_ln193 = and i1 %comparison_22, i1 %xor_ln195" [firmware/BDT.h:193]   --->   Operation 18 'and' 'and_ln193' <Predicate = (or_ln208_9 & or_ln208_10)> <Delay = 0.00> <CoreInst = "LogicGate">   --->   Core 74 'LogicGate' <Latency = 0> <II = 1> <Delay = 0.33> <FuncUnit> <Opcode : 'and' 'or' 'xor'> <InPorts = 2> <OutPorts = 1>
ST_1 : Operation 19 [1/1] (0.00ns) (grouped into LUT with out node select_ln208_9)   --->   "%activation_27 = and i1 %and_ln193, i1 %comparison" [firmware/BDT.h:193]   --->   Operation 19 'and' 'activation_27' <Predicate = (or_ln208_9 & or_ln208_10)> <Delay = 0.00> <CoreInst = "LogicGate">   --->   Core 74 'LogicGate' <Latency = 0> <II = 1> <Delay = 0.33> <FuncUnit> <Opcode : 'and' 'or' 'xor'> <InPorts = 2> <OutPorts = 1>
ST_1 : Operation 20 [1/1] (0.00ns) (grouped into LUT with out node agg_result)   --->   "%and_ln193_8 = and i1 %comparison_23, i1 %activation_25" [firmware/BDT.h:193]   --->   Operation 20 'and' 'and_ln193_8' <Predicate = true> <Delay = 0.00> <CoreInst = "LogicGate">   --->   Core 74 'LogicGate' <Latency = 0> <II = 1> <Delay = 0.33> <FuncUnit> <Opcode : 'and' 'or' 'xor'> <InPorts = 2> <OutPorts = 1>
ST_1 : Operation 21 [1/1] (0.00ns) (grouped into LUT with out node agg_result)   --->   "%activation_28 = and i1 %and_ln193_8, i1 %comparison_21" [firmware/BDT.h:193]   --->   Operation 21 'and' 'activation_28' <Predicate = true> <Delay = 0.00> <CoreInst = "LogicGate">   --->   Core 74 'LogicGate' <Latency = 0> <II = 1> <Delay = 0.33> <FuncUnit> <Opcode : 'and' 'or' 'xor'> <InPorts = 2> <OutPorts = 1>
ST_1 : Operation 22 [1/1] (0.33ns)   --->   "%or_ln208 = or i1 %activation, i1 %activation_26" [firmware/BDT.h:208]   --->   Operation 22 'or' 'or_ln208' <Predicate = (or_ln208_9 & or_ln208_10)> <Delay = 0.33> <CoreInst = "LogicGate">   --->   Core 74 'LogicGate' <Latency = 0> <II = 1> <Delay = 0.33> <FuncUnit> <Opcode : 'and' 'or' 'xor'> <InPorts = 2> <OutPorts = 1>
ST_1 : Operation 23 [1/1] (0.00ns) (grouped into LUT with out node select_ln208_9)   --->   "%xor_ln208 = xor i1 %activation, i1 1" [firmware/BDT.h:208]   --->   Operation 23 'xor' 'xor_ln208' <Predicate = (or_ln208 & or_ln208_8 & or_ln208_9 & or_ln208_10)> <Delay = 0.00> <CoreInst = "LogicGate">   --->   Core 74 'LogicGate' <Latency = 0> <II = 1> <Delay = 0.33> <FuncUnit> <Opcode : 'and' 'or' 'xor'> <InPorts = 2> <OutPorts = 1>
ST_1 : Operation 24 [1/1] (0.00ns) (grouped into LUT with out node select_ln208_9)   --->   "%zext_ln208 = zext i1 %xor_ln208" [firmware/BDT.h:208]   --->   Operation 24 'zext' 'zext_ln208' <Predicate = (or_ln208 & or_ln208_8 & or_ln208_9 & or_ln208_10)> <Delay = 0.00>
ST_1 : Operation 25 [1/1] (0.00ns) (grouped into LUT with out node select_ln208_9)   --->   "%or_ln208_8 = or i1 %or_ln208, i1 %activation_27" [firmware/BDT.h:208]   --->   Operation 25 'or' 'or_ln208_8' <Predicate = (or_ln208_9 & or_ln208_10)> <Delay = 0.00> <CoreInst = "LogicGate">   --->   Core 74 'LogicGate' <Latency = 0> <II = 1> <Delay = 0.33> <FuncUnit> <Opcode : 'and' 'or' 'xor'> <InPorts = 2> <OutPorts = 1>
ST_1 : Operation 26 [1/1] (0.00ns) (grouped into LUT with out node select_ln208_9)   --->   "%select_ln208 = select i1 %or_ln208, i2 %zext_ln208, i2 2" [firmware/BDT.h:208]   --->   Operation 26 'select' 'select_ln208' <Predicate = (or_ln208_8 & or_ln208_9 & or_ln208_10)> <Delay = 0.00> <CoreInst = "Sel">   --->   Core 73 'Sel' <Latency = 0> <II = 1> <Delay = 0.27> <FuncUnit> <Opcode : 'select'> <InPorts = 3> <OutPorts = 1>
ST_1 : Operation 27 [1/1] (0.33ns)   --->   "%or_ln208_9 = or i1 %comparison, i1 %activation_26" [firmware/BDT.h:208]   --->   Operation 27 'or' 'or_ln208_9' <Predicate = true> <Delay = 0.33> <CoreInst = "LogicGate">   --->   Core 74 'LogicGate' <Latency = 0> <II = 1> <Delay = 0.33> <FuncUnit> <Opcode : 'and' 'or' 'xor'> <InPorts = 2> <OutPorts = 1>
ST_1 : Operation 28 [1/1] (0.33ns) (out node of the LUT)   --->   "%select_ln208_9 = select i1 %or_ln208_8, i2 %select_ln208, i2 3" [firmware/BDT.h:208]   --->   Operation 28 'select' 'select_ln208_9' <Predicate = (or_ln208_9 & or_ln208_10)> <Delay = 0.33> <CoreInst = "Sel">   --->   Core 73 'Sel' <Latency = 0> <II = 1> <Delay = 0.27> <FuncUnit> <Opcode : 'select'> <InPorts = 3> <OutPorts = 1>
ST_1 : Operation 29 [1/1] (0.00ns) (grouped into LUT with out node agg_result)   --->   "%zext_ln208_2 = zext i2 %select_ln208_9" [firmware/BDT.h:208]   --->   Operation 29 'zext' 'zext_ln208_2' <Predicate = (or_ln208_9 & or_ln208_10)> <Delay = 0.00>
ST_1 : Operation 30 [1/1] (0.00ns) (grouped into LUT with out node agg_result)   --->   "%or_ln208_10 = or i1 %or_ln208_9, i1 %activation_28" [firmware/BDT.h:208]   --->   Operation 30 'or' 'or_ln208_10' <Predicate = true> <Delay = 0.00> <CoreInst = "LogicGate">   --->   Core 74 'LogicGate' <Latency = 0> <II = 1> <Delay = 0.33> <FuncUnit> <Opcode : 'and' 'or' 'xor'> <InPorts = 2> <OutPorts = 1>
ST_1 : Operation 31 [1/1] (0.00ns) (grouped into LUT with out node agg_result)   --->   "%select_ln208_10 = select i1 %or_ln208_9, i3 %zext_ln208_2, i3 4" [firmware/BDT.h:208]   --->   Operation 31 'select' 'select_ln208_10' <Predicate = (or_ln208_10)> <Delay = 0.00> <CoreInst = "Sel">   --->   Core 73 'Sel' <Latency = 0> <II = 1> <Delay = 0.27> <FuncUnit> <Opcode : 'select'> <InPorts = 3> <OutPorts = 1>
ST_1 : Operation 32 [1/1] (0.00ns) (grouped into LUT with out node agg_result)   --->   "%select_ln208_11 = select i1 %or_ln208_10, i3 %select_ln208_10, i3 5" [firmware/BDT.h:208]   --->   Operation 32 'select' 'select_ln208_11' <Predicate = true> <Delay = 0.00> <CoreInst = "Sel">   --->   Core 73 'Sel' <Latency = 0> <II = 1> <Delay = 0.27> <FuncUnit> <Opcode : 'select'> <InPorts = 3> <OutPorts = 1>
ST_1 : Operation 33 [1/1] (0.72ns) (out node of the LUT)   --->   "%agg_result = mux i32 @_ssdm_op_Mux.ap_auto.6i32.i3, i32 125871, i32 64663, i32 29222, i32 98799, i32 4294944346, i32 103133, i3 %select_ln208_11" [firmware/BDT.h:209]   --->   Operation 33 'mux' 'agg_result' <Predicate = true> <Delay = 0.72> <CoreInst = "Multiplexer">   --->   Core 76 'Multiplexer' <Latency = 0> <II = 1> <Delay = 0.72> <FuncUnit> <Opcode : 'mux'> <InPorts = 2> <OutPorts = 1>
ST_1 : Operation 34 [1/1] (0.00ns)   --->   "%ret_ln213 = ret i32 %agg_result" [firmware/BDT.h:213]   --->   Operation 34 'ret' 'ret_ln213' <Predicate = true> <Delay = 0.00>


============================================================
+ Verbose Summary: Binding
============================================================
STG Binding: 
---------------- STG Properties BEGIN ----------------
- Is combinational: 1
- Is one-state seq: 0
- Is datapath-only: 0
- Is pipelined: 1
- Is top level: 0
Port [ Return ] is wired: 1; IO mode=ap_ctrl_hs:ce=0
Port [ p_read1]:  wired=1; compound=0; hidden=0; nouse=0; global=0; static=0; extern=0; dir=0; type=0; pingpong=0; private_global=0; IO mode=ap_none:ce=0
Port [ p_read2]:  wired=1; compound=0; hidden=0; nouse=0; global=0; static=0; extern=0; dir=0; type=0; pingpong=0; private_global=0; IO mode=ap_none:ce=0
Port [ p_read3]:  wired=1; compound=0; hidden=0; nouse=0; global=0; static=0; extern=0; dir=0; type=0; pingpong=0; private_global=0; IO mode=ap_none:ce=0
Port [ p_read4]:  wired=1; compound=0; hidden=0; nouse=0; global=0; static=0; extern=0; dir=0; type=0; pingpong=0; private_global=0; IO mode=ap_none:ce=0
Port [ p_read5]:  wired=1; compound=0; hidden=0; nouse=0; global=0; static=0; extern=0; dir=0; type=0; pingpong=0; private_global=0; IO mode=ap_none:ce=0
---------------- STG Properties END ------------------

---------------- Datapath Model BEGIN ----------------

<LifeTime>
<method=bitvector/>
specpipeline_ln0 (specpipeline) [ 00]
p_read55         (read        ) [ 00]
p_read44         (read        ) [ 00]
p_read33         (read        ) [ 00]
p_read22         (read        ) [ 00]
p_read11         (read        ) [ 00]
comparison       (icmp        ) [ 00]
comparison_20    (icmp        ) [ 00]
comparison_21    (icmp        ) [ 00]
comparison_22    (icmp        ) [ 00]
comparison_23    (icmp        ) [ 00]
activation_25    (xor         ) [ 00]
activation       (and         ) [ 00]
xor_ln195        (xor         ) [ 00]
xor_ln195_3      (xor         ) [ 00]
activation_26    (and         ) [ 00]
and_ln193        (and         ) [ 00]
activation_27    (and         ) [ 00]
and_ln193_8      (and         ) [ 00]
activation_28    (and         ) [ 00]
or_ln208         (or          ) [ 01]
xor_ln208        (xor         ) [ 00]
zext_ln208       (zext        ) [ 00]
or_ln208_8       (or          ) [ 01]
select_ln208     (select      ) [ 00]
or_ln208_9       (or          ) [ 01]
select_ln208_9   (select      ) [ 00]
zext_ln208_2     (zext        ) [ 00]
or_ln208_10      (or          ) [ 01]
select_ln208_10  (select      ) [ 00]
select_ln208_11  (select      ) [ 00]
agg_result       (mux         ) [ 00]
ret_ln213        (ret         ) [ 00]
</LifeTime>

<model>

<comp_list>
<comp id="0" class="1000" name="p_read1">
<pin_list>
<pin id="1" dir="1" index="0" bw="1" slack="0"/>
</pin_list>
<bind>
<StgValue><ssdm name="p_read1"/></StgValue>
</bind>
</comp>

<comp id="2" class="1000" name="p_read2">
<pin_list>
<pin id="3" dir="1" index="0" bw="1" slack="0"/>
</pin_list>
<bind>
<StgValue><ssdm name="p_read2"/></StgValue>
</bind>
</comp>

<comp id="4" class="1000" name="p_read3">
<pin_list>
<pin id="5" dir="1" index="0" bw="1" slack="0"/>
</pin_list>
<bind>
<StgValue><ssdm name="p_read3"/></StgValue>
</bind>
</comp>

<comp id="6" class="1000" name="p_read4">
<pin_list>
<pin id="7" dir="1" index="0" bw="1" slack="0"/>
</pin_list>
<bind>
<StgValue><ssdm name="p_read4"/></StgValue>
</bind>
</comp>

<comp id="8" class="1000" name="p_read5">
<pin_list>
<pin id="9" dir="1" index="0" bw="1" slack="0"/>
</pin_list>
<bind>
<StgValue><ssdm name="p_read5"/></StgValue>
</bind>
</comp>

<comp id="10" class="1001" name="const_10">
<pin_list>
<pin id="11" dir="1" index="0" bw="1" slack="2147483647"/>
</pin_list>
<bind>
<StgValue><ssdm name="_ssdm_op_SpecPipeline"/></StgValue>
</bind>
</comp>

<comp id="12" class="1001" name="const_12">
<pin_list>
<pin id="13" dir="1" index="0" bw="1" slack="2147483647"/>
</pin_list>
<bind>
<StgValue><ssdm name=""/></StgValue>
</bind>
</comp>

<comp id="14" class="1001" name="const_14">
<pin_list>
<pin id="15" dir="1" index="0" bw="1" slack="2147483647"/>
</pin_list>
<bind>
<StgValue><ssdm name=""/></StgValue>
</bind>
</comp>

<comp id="16" class="1001" name="const_16">
<pin_list>
<pin id="17" dir="1" index="0" bw="1" slack="2147483647"/>
</pin_list>
<bind>
<StgValue><ssdm name="empty_1"/></StgValue>
</bind>
</comp>

<comp id="18" class="1001" name="const_18">
<pin_list>
<pin id="19" dir="1" index="0" bw="1" slack="0"/>
</pin_list>
<bind>
<StgValue><ssdm name="_ssdm_op_Read.ap_auto.i32"/></StgValue>
</bind>
</comp>

<comp id="20" class="1001" name="const_20">
<pin_list>
<pin id="21" dir="1" index="0" bw="1" slack="0"/>
</pin_list>
<bind>
<StgValue><ssdm name=""/></StgValue>
</bind>
</comp>

<comp id="22" class="1001" name="const_22">
<pin_list>
<pin id="23" dir="1" index="0" bw="1" slack="0"/>
</pin_list>
<bind>
<StgValue><ssdm name=""/></StgValue>
</bind>
</comp>

<comp id="24" class="1001" name="const_24">
<pin_list>
<pin id="25" dir="1" index="0" bw="1" slack="0"/>
</pin_list>
<bind>
<StgValue><ssdm name=""/></StgValue>
</bind>
</comp>

<comp id="26" class="1001" name="const_26">
<pin_list>
<pin id="27" dir="1" index="0" bw="1" slack="0"/>
</pin_list>
<bind>
<StgValue><ssdm name=""/></StgValue>
</bind>
</comp>

<comp id="28" class="1001" name="const_28">
<pin_list>
<pin id="29" dir="1" index="0" bw="1" slack="0"/>
</pin_list>
<bind>
<StgValue><ssdm name=""/></StgValue>
</bind>
</comp>

<comp id="30" class="1001" name="const_30">
<pin_list>
<pin id="31" dir="1" index="0" bw="1" slack="0"/>
</pin_list>
<bind>
<StgValue><ssdm name=""/></StgValue>
</bind>
</comp>

<comp id="32" class="1001" name="const_32">
<pin_list>
<pin id="33" dir="1" index="0" bw="1" slack="0"/>
</pin_list>
<bind>
<StgValue><ssdm name=""/></StgValue>
</bind>
</comp>

<comp id="34" class="1001" name="const_34">
<pin_list>
<pin id="35" dir="1" index="0" bw="1" slack="0"/>
</pin_list>
<bind>
<StgValue><ssdm name=""/></StgValue>
</bind>
</comp>

<comp id="36" class="1001" name="const_36">
<pin_list>
<pin id="37" dir="1" index="0" bw="1" slack="0"/>
</pin_list>
<bind>
<StgValue><ssdm name=""/></StgValue>
</bind>
</comp>

<comp id="38" class="1001" name="const_38">
<pin_list>
<pin id="39" dir="1" index="0" bw="1" slack="0"/>
</pin_list>
<bind>
<StgValue><ssdm name=""/></StgValue>
</bind>
</comp>

<comp id="40" class="1001" name="const_40">
<pin_list>
<pin id="41" dir="1" index="0" bw="1" slack="0"/>
</pin_list>
<bind>
<StgValue><ssdm name="_ssdm_op_Mux.ap_auto.6i32.i3"/></StgValue>
</bind>
</comp>

<comp id="42" class="1001" name="const_42">
<pin_list>
<pin id="43" dir="1" index="0" bw="1" slack="0"/>
</pin_list>
<bind>
<StgValue><ssdm name=""/></StgValue>
</bind>
</comp>

<comp id="44" class="1001" name="const_44">
<pin_list>
<pin id="45" dir="1" index="0" bw="1" slack="0"/>
</pin_list>
<bind>
<StgValue><ssdm name=""/></StgValue>
</bind>
</comp>

<comp id="46" class="1001" name="const_46">
<pin_list>
<pin id="47" dir="1" index="0" bw="1" slack="0"/>
</pin_list>
<bind>
<StgValue><ssdm name=""/></StgValue>
</bind>
</comp>

<comp id="48" class="1001" name="const_48">
<pin_list>
<pin id="49" dir="1" index="0" bw="1" slack="0"/>
</pin_list>
<bind>
<StgValue><ssdm name=""/></StgValue>
</bind>
</comp>

<comp id="50" class="1001" name="const_50">
<pin_list>
<pin id="51" dir="1" index="0" bw="1" slack="0"/>
</pin_list>
<bind>
<StgValue><ssdm name=""/></StgValue>
</bind>
</comp>

<comp id="52" class="1001" name="const_52">
<pin_list>
<pin id="53" dir="1" index="0" bw="1" slack="0"/>
</pin_list>
<bind>
<StgValue><ssdm name=""/></StgValue>
</bind>
</comp>

<comp id="54" class="1004" name="p_read55_read_fu_54">
<pin_list>
<pin id="55" dir="0" index="0" bw="32" slack="0"/>
<pin id="56" dir="0" index="1" bw="32" slack="0"/>
<pin id="57" dir="1" index="2" bw="32" slack="0"/>
</pin_list>
<bind>
<opcode="read(1150) " fcode="read"/>
<opset="p_read55/1 "/>
</bind>
</comp>

<comp id="60" class="1004" name="p_read44_read_fu_60">
<pin_list>
<pin id="61" dir="0" index="0" bw="32" slack="0"/>
<pin id="62" dir="0" index="1" bw="32" slack="0"/>
<pin id="63" dir="1" index="2" bw="32" slack="0"/>
</pin_list>
<bind>
<opcode="read(1150) " fcode="read"/>
<opset="p_read44/1 "/>
</bind>
</comp>

<comp id="66" class="1004" name="p_read33_read_fu_66">
<pin_list>
<pin id="67" dir="0" index="0" bw="32" slack="0"/>
<pin id="68" dir="0" index="1" bw="32" slack="0"/>
<pin id="69" dir="1" index="2" bw="32" slack="0"/>
</pin_list>
<bind>
<opcode="read(1150) " fcode="read"/>
<opset="p_read33/1 "/>
</bind>
</comp>

<comp id="72" class="1004" name="p_read22_read_fu_72">
<pin_list>
<pin id="73" dir="0" index="0" bw="32" slack="0"/>
<pin id="74" dir="0" index="1" bw="32" slack="0"/>
<pin id="75" dir="1" index="2" bw="32" slack="0"/>
</pin_list>
<bind>
<opcode="read(1150) " fcode="read"/>
<opset="p_read22/1 "/>
</bind>
</comp>

<comp id="78" class="1004" name="p_read11_read_fu_78">
<pin_list>
<pin id="79" dir="0" index="0" bw="32" slack="0"/>
<pin id="80" dir="0" index="1" bw="32" slack="0"/>
<pin id="81" dir="1" index="2" bw="32" slack="0"/>
</pin_list>
<bind>
<opcode="read(1150) " fcode="read"/>
<opset="p_read11/1 "/>
</bind>
</comp>

<comp id="84" class="1004" name="comparison_fu_84">
<pin_list>
<pin id="85" dir="0" index="0" bw="32" slack="0"/>
<pin id="86" dir="0" index="1" bw="18" slack="0"/>
<pin id="87" dir="1" index="2" bw="1" slack="0"/>
</pin_list>
<bind>
<opcode="icmp(45) " fcode="icmp"/>
<opset="comparison/1 "/>
</bind>
</comp>

<comp id="90" class="1004" name="comparison_20_fu_90">
<pin_list>
<pin id="91" dir="0" index="0" bw="32" slack="0"/>
<pin id="92" dir="0" index="1" bw="17" slack="0"/>
<pin id="93" dir="1" index="2" bw="1" slack="0"/>
</pin_list>
<bind>
<opcode="icmp(45) " fcode="icmp"/>
<opset="comparison_20/1 "/>
</bind>
</comp>

<comp id="96" class="1004" name="comparison_21_fu_96">
<pin_list>
<pin id="97" dir="0" index="0" bw="32" slack="0"/>
<pin id="98" dir="0" index="1" bw="18" slack="0"/>
<pin id="99" dir="1" index="2" bw="1" slack="0"/>
</pin_list>
<bind>
<opcode="icmp(45) " fcode="icmp"/>
<opset="comparison_21/1 "/>
</bind>
</comp>

<comp id="102" class="1004" name="comparison_22_fu_102">
<pin_list>
<pin id="103" dir="0" index="0" bw="32" slack="0"/>
<pin id="104" dir="0" index="1" bw="17" slack="0"/>
<pin id="105" dir="1" index="2" bw="1" slack="0"/>
</pin_list>
<bind>
<opcode="icmp(45) " fcode="icmp"/>
<opset="comparison_22/1 "/>
</bind>
</comp>

<comp id="108" class="1004" name="comparison_23_fu_108">
<pin_list>
<pin id="109" dir="0" index="0" bw="32" slack="0"/>
<pin id="110" dir="0" index="1" bw="18" slack="0"/>
<pin id="111" dir="1" index="2" bw="1" slack="0"/>
</pin_list>
<bind>
<opcode="icmp(45) " fcode="icmp"/>
<opset="comparison_23/1 "/>
</bind>
</comp>

<comp id="114" class="1004" name="activation_25_fu_114">
<pin_list>
<pin id="115" dir="0" index="0" bw="1" slack="0"/>
<pin id="116" dir="0" index="1" bw="1" slack="0"/>
<pin id="117" dir="1" index="2" bw="1" slack="0"/>
</pin_list>
<bind>
<opcode="xor(25) " fcode="xor"/>
<opset="activation_25/1 "/>
</bind>
</comp>

<comp id="120" class="1004" name="activation_fu_120">
<pin_list>
<pin id="121" dir="0" index="0" bw="1" slack="0"/>
<pin id="122" dir="0" index="1" bw="1" slack="0"/>
<pin id="123" dir="1" index="2" bw="1" slack="0"/>
</pin_list>
<bind>
<opcode="and(23) " fcode="and"/>
<opset="activation/1 "/>
</bind>
</comp>

<comp id="126" class="1004" name="xor_ln195_fu_126">
<pin_list>
<pin id="127" dir="0" index="0" bw="1" slack="0"/>
<pin id="128" dir="0" index="1" bw="1" slack="0"/>
<pin id="129" dir="1" index="2" bw="1" slack="0"/>
</pin_list>
<bind>
<opcode="xor(25) " fcode="xor"/>
<opset="xor_ln195/1 "/>
</bind>
</comp>

<comp id="132" class="1004" name="xor_ln195_3_fu_132">
<pin_list>
<pin id="133" dir="0" index="0" bw="1" slack="0"/>
<pin id="134" dir="0" index="1" bw="1" slack="0"/>
<pin id="135" dir="1" index="2" bw="1" slack="0"/>
</pin_list>
<bind>
<opcode="xor(25) " fcode="xor"/>
<opset="xor_ln195_3/1 "/>
</bind>
</comp>

<comp id="138" class="1004" name="activation_26_fu_138">
<pin_list>
<pin id="139" dir="0" index="0" bw="1" slack="0"/>
<pin id="140" dir="0" index="1" bw="1" slack="0"/>
<pin id="141" dir="1" index="2" bw="1" slack="0"/>
</pin_list>
<bind>
<opcode="and(23) " fcode="and"/>
<opset="activation_26/1 "/>
</bind>
</comp>

<comp id="144" class="1004" name="and_ln193_fu_144">
<pin_list>
<pin id="145" dir="0" index="0" bw="1" slack="0"/>
<pin id="146" dir="0" index="1" bw="1" slack="0"/>
<pin id="147" dir="1" index="2" bw="1" slack="0"/>
</pin_list>
<bind>
<opcode="and(23) " fcode="and"/>
<opset="and_ln193/1 "/>
</bind>
</comp>

<comp id="150" class="1004" name="activation_27_fu_150">
<pin_list>
<pin id="151" dir="0" index="0" bw="1" slack="0"/>
<pin id="152" dir="0" index="1" bw="1" slack="0"/>
<pin id="153" dir="1" index="2" bw="1" slack="0"/>
</pin_list>
<bind>
<opcode="and(23) " fcode="and"/>
<opset="activation_27/1 "/>
</bind>
</comp>

<comp id="156" class="1004" name="and_ln193_8_fu_156">
<pin_list>
<pin id="157" dir="0" index="0" bw="1" slack="0"/>
<pin id="158" dir="0" index="1" bw="1" slack="0"/>
<pin id="159" dir="1" index="2" bw="1" slack="0"/>
</pin_list>
<bind>
<opcode="and(23) " fcode="and"/>
<opset="and_ln193_8/1 "/>
</bind>
</comp>

<comp id="162" class="1004" name="activation_28_fu_162">
<pin_list>
<pin id="163" dir="0" index="0" bw="1" slack="0"/>
<pin id="164" dir="0" index="1" bw="1" slack="0"/>
<pin id="165" dir="1" index="2" bw="1" slack="0"/>
</pin_list>
<bind>
<opcode="and(23) " fcode="and"/>
<opset="activation_28/1 "/>
</bind>
</comp>

<comp id="168" class="1004" name="or_ln208_fu_168">
<pin_list>
<pin id="169" dir="0" index="0" bw="1" slack="0"/>
<pin id="170" dir="0" index="1" bw="1" slack="0"/>
<pin id="171" dir="1" index="2" bw="1" slack="0"/>
</pin_list>
<bind>
<opcode="or(24) " fcode="or"/>
<opset="or_ln208/1 "/>
</bind>
</comp>

<comp id="174" class="1004" name="xor_ln208_fu_174">
<pin_list>
<pin id="175" dir="0" index="0" bw="1" slack="0"/>
<pin id="176" dir="0" index="1" bw="1" slack="0"/>
<pin id="177" dir="1" index="2" bw="1" slack="0"/>
</pin_list>
<bind>
<opcode="xor(25) " fcode="xor"/>
<opset="xor_ln208/1 "/>
</bind>
</comp>

<comp id="180" class="1004" name="zext_ln208_fu_180">
<pin_list>
<pin id="181" dir="0" index="0" bw="1" slack="0"/>
<pin id="182" dir="1" index="1" bw="2" slack="0"/>
</pin_list>
<bind>
<opcode="zext(34) " fcode="zext"/>
<opset="zext_ln208/1 "/>
</bind>
</comp>

<comp id="184" class="1004" name="or_ln208_8_fu_184">
<pin_list>
<pin id="185" dir="0" index="0" bw="1" slack="0"/>
<pin id="186" dir="0" index="1" bw="1" slack="0"/>
<pin id="187" dir="1" index="2" bw="1" slack="0"/>
</pin_list>
<bind>
<opcode="or(24) " fcode="or"/>
<opset="or_ln208_8/1 "/>
</bind>
</comp>

<comp id="190" class="1004" name="select_ln208_fu_190">
<pin_list>
<pin id="191" dir="0" index="0" bw="1" slack="0"/>
<pin id="192" dir="0" index="1" bw="1" slack="0"/>
<pin id="193" dir="0" index="2" bw="2" slack="0"/>
<pin id="194" dir="1" index="3" bw="2" slack="0"/>
</pin_list>
<bind>
<opcode="select(49) " fcode="select"/>
<opset="select_ln208/1 "/>
</bind>
</comp>

<comp id="198" class="1004" name="or_ln208_9_fu_198">
<pin_list>
<pin id="199" dir="0" index="0" bw="1" slack="0"/>
<pin id="200" dir="0" index="1" bw="1" slack="0"/>
<pin id="201" dir="1" index="2" bw="1" slack="0"/>
</pin_list>
<bind>
<opcode="or(24) " fcode="or"/>
<opset="or_ln208_9/1 "/>
</bind>
</comp>

<comp id="204" class="1004" name="select_ln208_9_fu_204">
<pin_list>
<pin id="205" dir="0" index="0" bw="1" slack="0"/>
<pin id="206" dir="0" index="1" bw="2" slack="0"/>
<pin id="207" dir="0" index="2" bw="1" slack="0"/>
<pin id="208" dir="1" index="3" bw="2" slack="0"/>
</pin_list>
<bind>
<opcode="select(49) " fcode="select"/>
<opset="select_ln208_9/1 "/>
</bind>
</comp>

<comp id="212" class="1004" name="zext_ln208_2_fu_212">
<pin_list>
<pin id="213" dir="0" index="0" bw="2" slack="0"/>
<pin id="214" dir="1" index="1" bw="3" slack="0"/>
</pin_list>
<bind>
<opcode="zext(34) " fcode="zext"/>
<opset="zext_ln208_2/1 "/>
</bind>
</comp>

<comp id="216" class="1004" name="or_ln208_10_fu_216">
<pin_list>
<pin id="217" dir="0" index="0" bw="1" slack="0"/>
<pin id="218" dir="0" index="1" bw="1" slack="0"/>
<pin id="219" dir="1" index="2" bw="1" slack="0"/>
</pin_list>
<bind>
<opcode="or(24) " fcode="or"/>
<opset="or_ln208_10/1 "/>
</bind>
</comp>

<comp id="222" class="1004" name="select_ln208_10_fu_222">
<pin_list>
<pin id="223" dir="0" index="0" bw="1" slack="0"/>
<pin id="224" dir="0" index="1" bw="2" slack="0"/>
<pin id="225" dir="0" index="2" bw="3" slack="0"/>
<pin id="226" dir="1" index="3" bw="3" slack="0"/>
</pin_list>
<bind>
<opcode="select(49) " fcode="select"/>
<opset="select_ln208_10/1 "/>
</bind>
</comp>

<comp id="230" class="1004" name="select_ln208_11_fu_230">
<pin_list>
<pin id="231" dir="0" index="0" bw="1" slack="0"/>
<pin id="232" dir="0" index="1" bw="3" slack="0"/>
<pin id="233" dir="0" index="2" bw="3" slack="0"/>
<pin id="234" dir="1" index="3" bw="3" slack="0"/>
</pin_list>
<bind>
<opcode="select(49) " fcode="select"/>
<opset="select_ln208_11/1 "/>
</bind>
</comp>

<comp id="238" class="1004" name="agg_result_fu_238">
<pin_list>
<pin id="239" dir="0" index="0" bw="32" slack="0"/>
<pin id="240" dir="0" index="1" bw="18" slack="0"/>
<pin id="241" dir="0" index="2" bw="17" slack="0"/>
<pin id="242" dir="0" index="3" bw="16" slack="0"/>
<pin id="243" dir="0" index="4" bw="18" slack="0"/>
<pin id="244" dir="0" index="5" bw="16" slack="0"/>
<pin id="245" dir="0" index="6" bw="18" slack="0"/>
<pin id="246" dir="0" index="7" bw="3" slack="0"/>
<pin id="247" dir="1" index="8" bw="32" slack="2147483647"/>
</pin_list>
<bind>
<opcode="mux(1196) " fcode="mux"/>
<opset="agg_result/1 "/>
</bind>
</comp>

</comp_list>

<net_list>
<net id="58"><net_src comp="18" pin="0"/><net_sink comp="54" pin=0"/></net>

<net id="59"><net_src comp="8" pin="0"/><net_sink comp="54" pin=1"/></net>

<net id="64"><net_src comp="18" pin="0"/><net_sink comp="60" pin=0"/></net>

<net id="65"><net_src comp="6" pin="0"/><net_sink comp="60" pin=1"/></net>

<net id="70"><net_src comp="18" pin="0"/><net_sink comp="66" pin=0"/></net>

<net id="71"><net_src comp="4" pin="0"/><net_sink comp="66" pin=1"/></net>

<net id="76"><net_src comp="18" pin="0"/><net_sink comp="72" pin=0"/></net>

<net id="77"><net_src comp="2" pin="0"/><net_sink comp="72" pin=1"/></net>

<net id="82"><net_src comp="18" pin="0"/><net_sink comp="78" pin=0"/></net>

<net id="83"><net_src comp="0" pin="0"/><net_sink comp="78" pin=1"/></net>

<net id="88"><net_src comp="60" pin="2"/><net_sink comp="84" pin=0"/></net>

<net id="89"><net_src comp="20" pin="0"/><net_sink comp="84" pin=1"/></net>

<net id="94"><net_src comp="72" pin="2"/><net_sink comp="90" pin=0"/></net>

<net id="95"><net_src comp="22" pin="0"/><net_sink comp="90" pin=1"/></net>

<net id="100"><net_src comp="54" pin="2"/><net_sink comp="96" pin=0"/></net>

<net id="101"><net_src comp="24" pin="0"/><net_sink comp="96" pin=1"/></net>

<net id="106"><net_src comp="66" pin="2"/><net_sink comp="102" pin=0"/></net>

<net id="107"><net_src comp="26" pin="0"/><net_sink comp="102" pin=1"/></net>

<net id="112"><net_src comp="78" pin="2"/><net_sink comp="108" pin=0"/></net>

<net id="113"><net_src comp="28" pin="0"/><net_sink comp="108" pin=1"/></net>

<net id="118"><net_src comp="84" pin="2"/><net_sink comp="114" pin=0"/></net>

<net id="119"><net_src comp="30" pin="0"/><net_sink comp="114" pin=1"/></net>

<net id="124"><net_src comp="90" pin="2"/><net_sink comp="120" pin=0"/></net>

<net id="125"><net_src comp="84" pin="2"/><net_sink comp="120" pin=1"/></net>

<net id="130"><net_src comp="90" pin="2"/><net_sink comp="126" pin=0"/></net>

<net id="131"><net_src comp="30" pin="0"/><net_sink comp="126" pin=1"/></net>

<net id="136"><net_src comp="96" pin="2"/><net_sink comp="132" pin=0"/></net>

<net id="137"><net_src comp="30" pin="0"/><net_sink comp="132" pin=1"/></net>

<net id="142"><net_src comp="132" pin="2"/><net_sink comp="138" pin=0"/></net>

<net id="143"><net_src comp="114" pin="2"/><net_sink comp="138" pin=1"/></net>

<net id="148"><net_src comp="102" pin="2"/><net_sink comp="144" pin=0"/></net>

<net id="149"><net_src comp="126" pin="2"/><net_sink comp="144" pin=1"/></net>

<net id="154"><net_src comp="144" pin="2"/><net_sink comp="150" pin=0"/></net>

<net id="155"><net_src comp="84" pin="2"/><net_sink comp="150" pin=1"/></net>

<net id="160"><net_src comp="108" pin="2"/><net_sink comp="156" pin=0"/></net>

<net id="161"><net_src comp="114" pin="2"/><net_sink comp="156" pin=1"/></net>

<net id="166"><net_src comp="156" pin="2"/><net_sink comp="162" pin=0"/></net>

<net id="167"><net_src comp="96" pin="2"/><net_sink comp="162" pin=1"/></net>

<net id="172"><net_src comp="120" pin="2"/><net_sink comp="168" pin=0"/></net>

<net id="173"><net_src comp="138" pin="2"/><net_sink comp="168" pin=1"/></net>

<net id="178"><net_src comp="120" pin="2"/><net_sink comp="174" pin=0"/></net>

<net id="179"><net_src comp="30" pin="0"/><net_sink comp="174" pin=1"/></net>

<net id="183"><net_src comp="174" pin="2"/><net_sink comp="180" pin=0"/></net>

<net id="188"><net_src comp="168" pin="2"/><net_sink comp="184" pin=0"/></net>

<net id="189"><net_src comp="150" pin="2"/><net_sink comp="184" pin=1"/></net>

<net id="195"><net_src comp="168" pin="2"/><net_sink comp="190" pin=0"/></net>

<net id="196"><net_src comp="180" pin="1"/><net_sink comp="190" pin=1"/></net>

<net id="197"><net_src comp="32" pin="0"/><net_sink comp="190" pin=2"/></net>

<net id="202"><net_src comp="84" pin="2"/><net_sink comp="198" pin=0"/></net>

<net id="203"><net_src comp="138" pin="2"/><net_sink comp="198" pin=1"/></net>

<net id="209"><net_src comp="184" pin="2"/><net_sink comp="204" pin=0"/></net>

<net id="210"><net_src comp="190" pin="3"/><net_sink comp="204" pin=1"/></net>

<net id="211"><net_src comp="34" pin="0"/><net_sink comp="204" pin=2"/></net>

<net id="215"><net_src comp="204" pin="3"/><net_sink comp="212" pin=0"/></net>

<net id="220"><net_src comp="198" pin="2"/><net_sink comp="216" pin=0"/></net>

<net id="221"><net_src comp="162" pin="2"/><net_sink comp="216" pin=1"/></net>

<net id="227"><net_src comp="198" pin="2"/><net_sink comp="222" pin=0"/></net>

<net id="228"><net_src comp="212" pin="1"/><net_sink comp="222" pin=1"/></net>

<net id="229"><net_src comp="36" pin="0"/><net_sink comp="222" pin=2"/></net>

<net id="235"><net_src comp="216" pin="2"/><net_sink comp="230" pin=0"/></net>

<net id="236"><net_src comp="222" pin="3"/><net_sink comp="230" pin=1"/></net>

<net id="237"><net_src comp="38" pin="0"/><net_sink comp="230" pin=2"/></net>

<net id="248"><net_src comp="40" pin="0"/><net_sink comp="238" pin=0"/></net>

<net id="249"><net_src comp="42" pin="0"/><net_sink comp="238" pin=1"/></net>

<net id="250"><net_src comp="44" pin="0"/><net_sink comp="238" pin=2"/></net>

<net id="251"><net_src comp="46" pin="0"/><net_sink comp="238" pin=3"/></net>

<net id="252"><net_src comp="48" pin="0"/><net_sink comp="238" pin=4"/></net>

<net id="253"><net_src comp="50" pin="0"/><net_sink comp="238" pin=5"/></net>

<net id="254"><net_src comp="52" pin="0"/><net_sink comp="238" pin=6"/></net>

<net id="255"><net_src comp="230" pin="3"/><net_sink comp="238" pin=7"/></net>

</net_list>

</model> 
---------------- Datapath Model END ------------------

* FSMD analyzer results:
  - Output states:
 - Input state : 
	Port: decision_function.20 : p_read1 | {1 }
	Port: decision_function.20 : p_read2 | {1 }
	Port: decision_function.20 : p_read3 | {1 }
	Port: decision_function.20 : p_read4 | {1 }
	Port: decision_function.20 : p_read5 | {1 }
  - Chain level:
	State 1
		activation_25 : 1
		activation : 1
		xor_ln195 : 1
		xor_ln195_3 : 1
		activation_26 : 1
		and_ln193 : 1
		activation_27 : 1
		and_ln193_8 : 1
		activation_28 : 1
		or_ln208 : 1
		xor_ln208 : 1
		zext_ln208 : 1
		or_ln208_8 : 1
		select_ln208 : 2
		or_ln208_9 : 1
		select_ln208_9 : 1
		zext_ln208_2 : 2
		or_ln208_10 : 1
		select_ln208_10 : 3
		select_ln208_11 : 4
		agg_result : 5
		ret_ln213 : 6


============================================================
+ Verbose Summary: Datapath Resource usage 
============================================================

* Functional unit list:
|----------|------------------------|---------|---------|
| Operation|     Functional Unit    |    FF   |   LUT   |
|----------|------------------------|---------|---------|
|          |    comparison_fu_84    |    0    |    20   |
|          |   comparison_20_fu_90  |    0    |    20   |
|   icmp   |   comparison_21_fu_96  |    0    |    20   |
|          |  comparison_22_fu_102  |    0    |    20   |
|          |  comparison_23_fu_108  |    0    |    20   |
|----------|------------------------|---------|---------|
|    mux   |    agg_result_fu_238   |    0    |    31   |
|----------|------------------------|---------|---------|
|          |    activation_fu_120   |    0    |    2    |
|          |  activation_26_fu_138  |    0    |    2    |
|    and   |    and_ln193_fu_144    |    0    |    2    |
|          |  activation_27_fu_150  |    0    |    2    |
|          |   and_ln193_8_fu_156   |    0    |    2    |
|          |  activation_28_fu_162  |    0    |    2    |
|----------|------------------------|---------|---------|
|          |   select_ln208_fu_190  |    0    |    2    |
|  select  |  select_ln208_9_fu_204 |    0    |    2    |
|          | select_ln208_10_fu_222 |    0    |    3    |
|          | select_ln208_11_fu_230 |    0    |    3    |
|----------|------------------------|---------|---------|
|          |  activation_25_fu_114  |    0    |    2    |
|    xor   |    xor_ln195_fu_126    |    0    |    2    |
|          |   xor_ln195_3_fu_132   |    0    |    2    |
|          |    xor_ln208_fu_174    |    0    |    2    |
|----------|------------------------|---------|---------|
|          |     or_ln208_fu_168    |    0    |    2    |
|    or    |    or_ln208_8_fu_184   |    0    |    2    |
|          |    or_ln208_9_fu_198   |    0    |    2    |
|          |   or_ln208_10_fu_216   |    0    |    2    |
|----------|------------------------|---------|---------|
|          |   p_read55_read_fu_54  |    0    |    0    |
|          |   p_read44_read_fu_60  |    0    |    0    |
|   read   |   p_read33_read_fu_66  |    0    |    0    |
|          |   p_read22_read_fu_72  |    0    |    0    |
|          |   p_read11_read_fu_78  |    0    |    0    |
|----------|------------------------|---------|---------|
|   zext   |    zext_ln208_fu_180   |    0    |    0    |
|          |   zext_ln208_2_fu_212  |    0    |    0    |
|----------|------------------------|---------|---------|
|   Total  |                        |    0    |   169   |
|----------|------------------------|---------|---------|

Memories:
N/A

* Register list:
N/A

* Multiplexer (MUX) list: 
|--------|------|------|------|--------|
|  Comp  |  Pin | Size |  BW  | S x BW |
|--------|------|------|------|--------|
|  Total |      |      |      |    0   |
|--------|------|------|------|--------|



* Summary:
+-----------+--------+--------+
|           |   FF   |   LUT  |
+-----------+--------+--------+
|  Function |    0   |   169  |
|   Memory  |    -   |    -   |
|Multiplexer|    -   |    -   |
|  Register |    -   |    -   |
+-----------+--------+--------+
|   Total   |    0   |   169  |
+-----------+--------+--------+
