

================================================================
== Synthesis Summary Report of 'myproject_axi'
================================================================
+ General Information: 
    * Date:           Sun Jun 26 16:00:20 2022
    * Version:        2021.2 (Build 3367213 on Tue Oct 19 02:47:39 MDT 2021)
    * Project:        myproject_prj
    * Solution:       solution1 (Vivado IP Flow Target)
    * Product family: zynquplus
    * Target device:  xczu3eg-sbva484-1-e
    

+ Performance & Resource Estimates: 
    
    PS: '+' for module; 'o' for loop; '*' for dataflow
    +-------------------------------------------+------+------+---------+---------+----------+---------+------+----------+------+----+-------------+---------------+-----+
    |                  Modules                  | Issue|      | Latency | Latency | Iteration|         | Trip |          |      |    |             |               |     |
    |                  & Loops                  | Type | Slack| (cycles)|   (ns)  |  Latency | Interval| Count| Pipelined| BRAM | DSP|      FF     |      LUT      | URAM|
    +-------------------------------------------+------+------+---------+---------+----------+---------+------+----------+------+----+-------------+---------------+-----+
    |+ myproject_axi                            |     -|  0.07|       27|  189.000|         -|       28|     -|        no|     -|   -|  42914 (30%)|  206614 (292%)|    -|
    | + myproject_axi_Pipeline_VITIS_LOOP_21_1  |     -|  0.23|       14|   98.000|         -|       14|     -|        no|     -|   -|    579 (~0%)|      2601 (3%)|    -|
    |  o VITIS_LOOP_21_1                        |     -|  5.11|       12|   84.000|         4|        1|    10|       yes|     -|   -|            -|              -|    -|
    | + myproject                               |    II|  0.07|        5|   35.000|         -|        1|     -|       yes|     -|   -|  42180 (29%)|  202775 (287%)|    -|
    |  + decision_function                      |     -|  0.07|        3|   21.000|         -|        1|     -|       yes|     -|   -|    1594 (1%)|     7762 (11%)|    -|
    |  + decision_function                      |     -|  0.07|        3|   21.000|         -|        1|     -|       yes|     -|   -|    1594 (1%)|     7762 (11%)|    -|
    |  + decision_function                      |     -|  0.07|        3|   21.000|         -|        1|     -|       yes|     -|   -|    1594 (1%)|     7762 (11%)|    -|
    |  + decision_function                      |     -|  0.07|        3|   21.000|         -|        1|     -|       yes|     -|   -|    1594 (1%)|     7762 (11%)|    -|
    |  + decision_function                      |     -|  0.07|        3|   21.000|         -|        1|     -|       yes|     -|   -|    1594 (1%)|     7762 (11%)|    -|
    |  + decision_function                      |     -|  0.07|        3|   21.000|         -|        1|     -|       yes|     -|   -|    1594 (1%)|     7762 (11%)|    -|
    |  + decision_function                      |     -|  0.07|        3|   21.000|         -|        1|     -|       yes|     -|   -|    1594 (1%)|     7762 (11%)|    -|
    |  + decision_function                      |     -|  0.07|        3|   21.000|         -|        1|     -|       yes|     -|   -|    1594 (1%)|     7762 (11%)|    -|
    |  + decision_function                      |     -|  0.07|        3|   21.000|         -|        1|     -|       yes|     -|   -|    1594 (1%)|     7762 (11%)|    -|
    |  + decision_function                      |     -|  0.07|        3|   21.000|         -|        1|     -|       yes|     -|   -|    1594 (1%)|     7762 (11%)|    -|
    |  + decision_function                      |     -|  0.07|        3|   21.000|         -|        1|     -|       yes|     -|   -|    1594 (1%)|     7762 (11%)|    -|
    |  + decision_function                      |     -|  0.07|        3|   21.000|         -|        1|     -|       yes|     -|   -|    1594 (1%)|     7762 (11%)|    -|
    |  + decision_function                      |     -|  0.07|        3|   21.000|         -|        1|     -|       yes|     -|   -|    1594 (1%)|     7762 (11%)|    -|
    |  + decision_function                      |     -|  0.07|        3|   21.000|         -|        1|     -|       yes|     -|   -|    1594 (1%)|     7762 (11%)|    -|
    |  + decision_function                      |     -|  0.07|        3|   21.000|         -|        1|     -|       yes|     -|   -|    1594 (1%)|     7762 (11%)|    -|
    |  + decision_function                      |     -|  0.07|        3|   21.000|         -|        1|     -|       yes|     -|   -|    1594 (1%)|     7762 (11%)|    -|
    |  + decision_function                      |     -|  0.07|        3|   21.000|         -|        1|     -|       yes|     -|   -|    1594 (1%)|     7762 (11%)|    -|
    |  + decision_function                      |     -|  0.07|        3|   21.000|         -|        1|     -|       yes|     -|   -|    1594 (1%)|     7762 (11%)|    -|
    |  + decision_function                      |     -|  0.07|        3|   21.000|         -|        1|     -|       yes|     -|   -|    1594 (1%)|     7762 (11%)|    -|
    |  + decision_function                      |     -|  0.07|        3|   21.000|         -|        1|     -|       yes|     -|   -|    1594 (1%)|     7762 (11%)|    -|
    |  + decision_function                      |     -|  0.07|        3|   21.000|         -|        1|     -|       yes|     -|   -|    1594 (1%)|     7762 (11%)|    -|
    |  + decision_function                      |     -|  0.07|        3|   21.000|         -|        1|     -|       yes|     -|   -|    1594 (1%)|     7762 (11%)|    -|
    |  + decision_function                      |     -|  0.07|        3|   21.000|         -|        1|     -|       yes|     -|   -|    1594 (1%)|     7762 (11%)|    -|
    |  + decision_function                      |     -|  0.07|        3|   21.000|         -|        1|     -|       yes|     -|   -|    1594 (1%)|     7762 (11%)|    -|
    |  + decision_function                      |     -|  0.07|        3|   21.000|         -|        1|     -|       yes|     -|   -|    1594 (1%)|     7762 (11%)|    -|
    |  + decision_function                      |     -|  0.07|        3|   21.000|         -|        1|     -|       yes|     -|   -|    1594 (1%)|     7762 (11%)|    -|
    +-------------------------------------------+------+------+---------+---------+----------+---------+------+----------+------+----+-------------+---------------+-----+


================================================================
== HW Interfaces
================================================================
* AXIS
+-----------+---------------+-------+-------+-----+-------+-------+--------+-------+-------+--------+
| Interface | Register Mode | TDATA | TDEST | TID | TKEEP | TLAST | TREADY | TSTRB | TUSER | TVALID |
+-----------+---------------+-------+-------+-----+-------+-------+--------+-------+-------+--------+
| in_r      | both          | 32    | 1     | 1   | 4     | 1     | 1      | 4     | 1     | 1      |
| out_r     | both          | 32    | 1     | 1   | 4     | 1     | 1      | 4     | 1     | 1      |
+-----------+---------------+-------+-------+-----+-------+-------+--------+-------+-------+--------+

* TOP LEVEL CONTROL
+-----------+--------------+----------+
| Interface | Type         | Ports    |
+-----------+--------------+----------+
| ap_clk    | clock        | ap_clk   |
| ap_rst_n  | reset        | ap_rst_n |
| ap_ctrl   | ap_ctrl_none |          |
+-----------+--------------+----------+


================================================================
== SW I/O Information
================================================================
* Top Function Arguments
+----------+-----------+---------------------------------------+
| Argument | Direction | Datatype                              |
+----------+-----------+---------------------------------------+
| in       | in        | stream<hls::axis<float, 1, 1, 1>, 0>& |
| out      | out       | stream<hls::axis<float, 1, 1, 1>, 0>& |
+----------+-----------+---------------------------------------+

* SW-to-HW Mapping
+----------+--------------+-----------+
| Argument | HW Interface | HW Type   |
+----------+--------------+-----------+
| in       | in_r         | interface |
| out      | out_r        | interface |
+----------+--------------+-----------+


================================================================
== M_AXI Burst Information
================================================================
 Note: All burst requests might be further partitioned into multiple requests during RTL generation based on max_read_burst_length or max_write_burst_length settings.

  No burst in design

================================================================
== Bind Op Report
================================================================
+-------------------------------------------+-----+--------+--------------+-----+--------+---------+
| Name                                      | DSP | Pragma | Variable     | Op  | Impl   | Latency |
+-------------------------------------------+-----+--------+--------------+-----+--------+---------+
| + myproject_axi                           | 0   |        |              |     |        |         |
|   sub_i_i_fu_271_p2                       | -   |        | sub_i_i      | sub | fabric | 0       |
|   sub_ln997_fu_304_p2                     | -   |        | sub_ln997    | sub | fabric | 0       |
|   lsb_index_fu_310_p2                     | -   |        | lsb_index    | add | fabric | 0       |
|   sub_ln1000_fu_336_p2                    | -   |        | sub_ln1000   | sub | fabric | 0       |
|   sub_ln1012_fu_437_p2                    | -   |        | sub_ln1012   | sub | fabric | 0       |
|   add_ln1011_fu_452_p2                    | -   |        | add_ln1011   | add | fabric | 0       |
|   m_2_fu_477_p2                           | -   |        | m_2          | add | fabric | 0       |
|   sub_ln1017_fu_513_p2                    | -   |        | sub_ln1017   | add | tadder | 0       |
|   add_ln1017_fu_518_p2                    | -   |        | add_ln1017   | add | tadder | 0       |
|  + myproject_axi_Pipeline_VITIS_LOOP_21_1 | 0   |        |              |     |        |         |
|    add_ln21_fu_284_p2                     | -   |        | add_ln21     | add | fabric | 0       |
|    man_V_1_fu_394_p2                      | -   |        | man_V_1      | sub | fabric | 0       |
|    F2_fu_353_p2                           | -   |        | F2           | sub | fabric | 0       |
|    add_ln590_fu_365_p2                    | -   |        | add_ln590    | add | fabric | 0       |
|    sub_ln590_fu_371_p2                    | -   |        | sub_ln590    | sub | fabric | 0       |
|  + myproject                              | 0   |        |              |     |        |         |
|    add_ln712_fu_3810_p2                   | -   |        | add_ln712    | add | tadder | 0       |
|    add_ln712_1_fu_3816_p2                 | -   |        | add_ln712_1  | add | tadder | 0       |
|    add_ln712_2_fu_3822_p2                 | -   |        | add_ln712_2  | add | tadder | 0       |
|    add_ln712_3_fu_3828_p2                 | -   |        | add_ln712_3  | add | tadder | 0       |
|    add_ln712_4_fu_3888_p2                 | -   |        | add_ln712_4  | add | tadder | 0       |
|    add_ln712_5_fu_3834_p2                 | -   |        | add_ln712_5  | add | fabric | 0       |
|    add_ln712_6_fu_3892_p2                 | -   |        | add_ln712_6  | add | tadder | 0       |
|    add_ln712_7_fu_3840_p2                 | -   |        | add_ln712_7  | add | tadder | 0       |
|    add_ln712_8_fu_3846_p2                 | -   |        | add_ln712_8  | add | tadder | 0       |
|    add_ln712_9_fu_3896_p2                 | -   |        | add_ln712_9  | add | tadder | 0       |
|    add_ln712_10_fu_3901_p2                | -   |        | add_ln712_10 | add | tadder | 0       |
|    add_ln712_11_fu_3852_p2                | -   |        | add_ln712_11 | add | tadder | 0       |
|    add_ln712_12_fu_3858_p2                | -   |        | add_ln712_12 | add | tadder | 0       |
|    add_ln712_13_fu_3864_p2                | -   |        | add_ln712_13 | add | tadder | 0       |
|    add_ln712_14_fu_3870_p2                | -   |        | add_ln712_14 | add | tadder | 0       |
|    add_ln712_15_fu_3907_p2                | -   |        | add_ln712_15 | add | tadder | 0       |
|    add_ln712_16_fu_3876_p2                | -   |        | add_ln712_16 | add | fabric | 0       |
|    add_ln712_17_fu_3911_p2                | -   |        | add_ln712_17 | add | tadder | 0       |
|    add_ln712_18_fu_3915_p2                | -   |        | add_ln712_18 | add | tadder | 0       |
|    add_ln712_19_fu_3882_p2                | -   |        | add_ln712_19 | add | fabric | 0       |
|    add_ln712_20_fu_3919_p2                | -   |        | add_ln712_20 | add | tadder | 0       |
|    add_ln712_21_fu_3924_p2                | -   |        | add_ln712_21 | add | tadder | 0       |
|    add_ln712_22_fu_3930_p2                | -   |        | add_ln712_22 | add | tadder | 0       |
|    add_ln712_23_fu_3936_p2                | -   |        | add_ln712_23 | add | tadder | 0       |
|    add_ln712_24_fu_3947_p2                | -   |        | add_ln712_24 | add | fabric | 0       |
|    add_ln712_25_fu_3969_p2                | -   |        | add_ln712_25 | add | fabric | 0       |
|    add_ln712_26_fu_3975_p2                | -   |        | add_ln712_26 | add | tadder | 0       |
|    add_ln712_27_fu_3981_p2                | -   |        | add_ln712_27 | add | tadder | 0       |
|    ap_return                              | -   |        | add_ln712_28 | add | tadder | 0       |
|   + decision_function                     | 0   |        |              |     |        |         |
|     iLeaf_3_fu_1680_p2                    | -   |        | iLeaf_3      | add | fabric | 0       |
|     iLeaf_5_fu_2446_p2                    | -   |        | iLeaf_5      | add | fabric | 0       |
|     iLeaf_7_fu_2898_p2                    | -   |        | iLeaf_7      | add | fabric | 0       |
|     iLeaf_9_fu_3610_p2                    | -   |        | iLeaf_9      | add | fabric | 0       |
|   + decision_function                     | 0   |        |              |     |        |         |
|     iLeaf_3_fu_1680_p2                    | -   |        | iLeaf_3      | add | fabric | 0       |
|     iLeaf_5_fu_2446_p2                    | -   |        | iLeaf_5      | add | fabric | 0       |
|     iLeaf_7_fu_2898_p2                    | -   |        | iLeaf_7      | add | fabric | 0       |
|     iLeaf_9_fu_3610_p2                    | -   |        | iLeaf_9      | add | fabric | 0       |
|   + decision_function                     | 0   |        |              |     |        |         |
|     iLeaf_3_fu_1680_p2                    | -   |        | iLeaf_3      | add | fabric | 0       |
|     iLeaf_5_fu_2446_p2                    | -   |        | iLeaf_5      | add | fabric | 0       |
|     iLeaf_7_fu_2898_p2                    | -   |        | iLeaf_7      | add | fabric | 0       |
|     iLeaf_9_fu_3610_p2                    | -   |        | iLeaf_9      | add | fabric | 0       |
|   + decision_function                     | 0   |        |              |     |        |         |
|     iLeaf_3_fu_1680_p2                    | -   |        | iLeaf_3      | add | fabric | 0       |
|     iLeaf_5_fu_2446_p2                    | -   |        | iLeaf_5      | add | fabric | 0       |
|     iLeaf_7_fu_2898_p2                    | -   |        | iLeaf_7      | add | fabric | 0       |
|     iLeaf_9_fu_3610_p2                    | -   |        | iLeaf_9      | add | fabric | 0       |
|   + decision_function                     | 0   |        |              |     |        |         |
|     iLeaf_3_fu_1680_p2                    | -   |        | iLeaf_3      | add | fabric | 0       |
|     iLeaf_5_fu_2446_p2                    | -   |        | iLeaf_5      | add | fabric | 0       |
|     iLeaf_7_fu_2898_p2                    | -   |        | iLeaf_7      | add | fabric | 0       |
|     iLeaf_9_fu_3610_p2                    | -   |        | iLeaf_9      | add | fabric | 0       |
|   + decision_function                     | 0   |        |              |     |        |         |
|     iLeaf_3_fu_1680_p2                    | -   |        | iLeaf_3      | add | fabric | 0       |
|     iLeaf_5_fu_2446_p2                    | -   |        | iLeaf_5      | add | fabric | 0       |
|     iLeaf_7_fu_2898_p2                    | -   |        | iLeaf_7      | add | fabric | 0       |
|     iLeaf_9_fu_3610_p2                    | -   |        | iLeaf_9      | add | fabric | 0       |
|   + decision_function                     | 0   |        |              |     |        |         |
|     iLeaf_3_fu_1680_p2                    | -   |        | iLeaf_3      | add | fabric | 0       |
|     iLeaf_5_fu_2446_p2                    | -   |        | iLeaf_5      | add | fabric | 0       |
|     iLeaf_7_fu_2898_p2                    | -   |        | iLeaf_7      | add | fabric | 0       |
|     iLeaf_9_fu_3610_p2                    | -   |        | iLeaf_9      | add | fabric | 0       |
|   + decision_function                     | 0   |        |              |     |        |         |
|     iLeaf_3_fu_1680_p2                    | -   |        | iLeaf_3      | add | fabric | 0       |
|     iLeaf_5_fu_2446_p2                    | -   |        | iLeaf_5      | add | fabric | 0       |
|     iLeaf_7_fu_2898_p2                    | -   |        | iLeaf_7      | add | fabric | 0       |
|     iLeaf_9_fu_3610_p2                    | -   |        | iLeaf_9      | add | fabric | 0       |
|   + decision_function                     | 0   |        |              |     |        |         |
|     iLeaf_3_fu_1680_p2                    | -   |        | iLeaf_3      | add | fabric | 0       |
|     iLeaf_5_fu_2446_p2                    | -   |        | iLeaf_5      | add | fabric | 0       |
|     iLeaf_7_fu_2898_p2                    | -   |        | iLeaf_7      | add | fabric | 0       |
|     iLeaf_9_fu_3610_p2                    | -   |        | iLeaf_9      | add | fabric | 0       |
|   + decision_function                     | 0   |        |              |     |        |         |
|     iLeaf_3_fu_1680_p2                    | -   |        | iLeaf_3      | add | fabric | 0       |
|     iLeaf_5_fu_2446_p2                    | -   |        | iLeaf_5      | add | fabric | 0       |
|     iLeaf_7_fu_2898_p2                    | -   |        | iLeaf_7      | add | fabric | 0       |
|     iLeaf_9_fu_3610_p2                    | -   |        | iLeaf_9      | add | fabric | 0       |
|   + decision_function                     | 0   |        |              |     |        |         |
|     iLeaf_3_fu_1680_p2                    | -   |        | iLeaf_3      | add | fabric | 0       |
|     iLeaf_5_fu_2446_p2                    | -   |        | iLeaf_5      | add | fabric | 0       |
|     iLeaf_7_fu_2898_p2                    | -   |        | iLeaf_7      | add | fabric | 0       |
|     iLeaf_9_fu_3610_p2                    | -   |        | iLeaf_9      | add | fabric | 0       |
|   + decision_function                     | 0   |        |              |     |        |         |
|     iLeaf_3_fu_1680_p2                    | -   |        | iLeaf_3      | add | fabric | 0       |
|     iLeaf_5_fu_2446_p2                    | -   |        | iLeaf_5      | add | fabric | 0       |
|     iLeaf_7_fu_2898_p2                    | -   |        | iLeaf_7      | add | fabric | 0       |
|     iLeaf_9_fu_3610_p2                    | -   |        | iLeaf_9      | add | fabric | 0       |
|   + decision_function                     | 0   |        |              |     |        |         |
|     iLeaf_3_fu_1680_p2                    | -   |        | iLeaf_3      | add | fabric | 0       |
|     iLeaf_5_fu_2446_p2                    | -   |        | iLeaf_5      | add | fabric | 0       |
|     iLeaf_7_fu_2898_p2                    | -   |        | iLeaf_7      | add | fabric | 0       |
|     iLeaf_9_fu_3610_p2                    | -   |        | iLeaf_9      | add | fabric | 0       |
|   + decision_function                     | 0   |        |              |     |        |         |
|     iLeaf_3_fu_1680_p2                    | -   |        | iLeaf_3      | add | fabric | 0       |
|     iLeaf_5_fu_2446_p2                    | -   |        | iLeaf_5      | add | fabric | 0       |
|     iLeaf_7_fu_2898_p2                    | -   |        | iLeaf_7      | add | fabric | 0       |
|     iLeaf_9_fu_3610_p2                    | -   |        | iLeaf_9      | add | fabric | 0       |
|   + decision_function                     | 0   |        |              |     |        |         |
|     iLeaf_3_fu_1680_p2                    | -   |        | iLeaf_3      | add | fabric | 0       |
|     iLeaf_5_fu_2446_p2                    | -   |        | iLeaf_5      | add | fabric | 0       |
|     iLeaf_7_fu_2898_p2                    | -   |        | iLeaf_7      | add | fabric | 0       |
|     iLeaf_9_fu_3610_p2                    | -   |        | iLeaf_9      | add | fabric | 0       |
|   + decision_function                     | 0   |        |              |     |        |         |
|     iLeaf_3_fu_1680_p2                    | -   |        | iLeaf_3      | add | fabric | 0       |
|     iLeaf_5_fu_2446_p2                    | -   |        | iLeaf_5      | add | fabric | 0       |
|     iLeaf_7_fu_2898_p2                    | -   |        | iLeaf_7      | add | fabric | 0       |
|     iLeaf_9_fu_3610_p2                    | -   |        | iLeaf_9      | add | fabric | 0       |
|   + decision_function                     | 0   |        |              |     |        |         |
|     iLeaf_3_fu_1680_p2                    | -   |        | iLeaf_3      | add | fabric | 0       |
|     iLeaf_5_fu_2446_p2                    | -   |        | iLeaf_5      | add | fabric | 0       |
|     iLeaf_7_fu_2898_p2                    | -   |        | iLeaf_7      | add | fabric | 0       |
|     iLeaf_9_fu_3610_p2                    | -   |        | iLeaf_9      | add | fabric | 0       |
|   + decision_function                     | 0   |        |              |     |        |         |
|     iLeaf_3_fu_1680_p2                    | -   |        | iLeaf_3      | add | fabric | 0       |
|     iLeaf_5_fu_2446_p2                    | -   |        | iLeaf_5      | add | fabric | 0       |
|     iLeaf_7_fu_2898_p2                    | -   |        | iLeaf_7      | add | fabric | 0       |
|     iLeaf_9_fu_3610_p2                    | -   |        | iLeaf_9      | add | fabric | 0       |
|   + decision_function                     | 0   |        |              |     |        |         |
|     iLeaf_3_fu_1680_p2                    | -   |        | iLeaf_3      | add | fabric | 0       |
|     iLeaf_5_fu_2446_p2                    | -   |        | iLeaf_5      | add | fabric | 0       |
|     iLeaf_7_fu_2898_p2                    | -   |        | iLeaf_7      | add | fabric | 0       |
|     iLeaf_9_fu_3610_p2                    | -   |        | iLeaf_9      | add | fabric | 0       |
|   + decision_function                     | 0   |        |              |     |        |         |
|     iLeaf_3_fu_1680_p2                    | -   |        | iLeaf_3      | add | fabric | 0       |
|     iLeaf_5_fu_2446_p2                    | -   |        | iLeaf_5      | add | fabric | 0       |
|     iLeaf_7_fu_2898_p2                    | -   |        | iLeaf_7      | add | fabric | 0       |
|     iLeaf_9_fu_3610_p2                    | -   |        | iLeaf_9      | add | fabric | 0       |
|   + decision_function                     | 0   |        |              |     |        |         |
|     iLeaf_3_fu_1680_p2                    | -   |        | iLeaf_3      | add | fabric | 0       |
|     iLeaf_5_fu_2446_p2                    | -   |        | iLeaf_5      | add | fabric | 0       |
|     iLeaf_7_fu_2898_p2                    | -   |        | iLeaf_7      | add | fabric | 0       |
|     iLeaf_9_fu_3610_p2                    | -   |        | iLeaf_9      | add | fabric | 0       |
|   + decision_function                     | 0   |        |              |     |        |         |
|     iLeaf_3_fu_1680_p2                    | -   |        | iLeaf_3      | add | fabric | 0       |
|     iLeaf_5_fu_2446_p2                    | -   |        | iLeaf_5      | add | fabric | 0       |
|     iLeaf_7_fu_2898_p2                    | -   |        | iLeaf_7      | add | fabric | 0       |
|     iLeaf_9_fu_3610_p2                    | -   |        | iLeaf_9      | add | fabric | 0       |
|   + decision_function                     | 0   |        |              |     |        |         |
|     iLeaf_3_fu_1680_p2                    | -   |        | iLeaf_3      | add | fabric | 0       |
|     iLeaf_5_fu_2446_p2                    | -   |        | iLeaf_5      | add | fabric | 0       |
|     iLeaf_7_fu_2898_p2                    | -   |        | iLeaf_7      | add | fabric | 0       |
|     iLeaf_9_fu_3610_p2                    | -   |        | iLeaf_9      | add | fabric | 0       |
|   + decision_function                     | 0   |        |              |     |        |         |
|     iLeaf_3_fu_1680_p2                    | -   |        | iLeaf_3      | add | fabric | 0       |
|     iLeaf_5_fu_2446_p2                    | -   |        | iLeaf_5      | add | fabric | 0       |
|     iLeaf_7_fu_2898_p2                    | -   |        | iLeaf_7      | add | fabric | 0       |
|     iLeaf_9_fu_3610_p2                    | -   |        | iLeaf_9      | add | fabric | 0       |
|   + decision_function                     | 0   |        |              |     |        |         |
|     iLeaf_3_fu_1680_p2                    | -   |        | iLeaf_3      | add | fabric | 0       |
|     iLeaf_5_fu_2446_p2                    | -   |        | iLeaf_5      | add | fabric | 0       |
|     iLeaf_7_fu_2898_p2                    | -   |        | iLeaf_7      | add | fabric | 0       |
|     iLeaf_9_fu_3610_p2                    | -   |        | iLeaf_9      | add | fabric | 0       |
|   + decision_function                     | 0   |        |              |     |        |         |
|     iLeaf_3_fu_1680_p2                    | -   |        | iLeaf_3      | add | fabric | 0       |
|     iLeaf_5_fu_2446_p2                    | -   |        | iLeaf_5      | add | fabric | 0       |
|     iLeaf_7_fu_2898_p2                    | -   |        | iLeaf_7      | add | fabric | 0       |
|     iLeaf_9_fu_3610_p2                    | -   |        | iLeaf_9      | add | fabric | 0       |
+-------------------------------------------+-----+--------+--------------+-----+--------+---------+


================================================================
== Bind Storage Report
================================================================
  No bind storage info in design

================================================================
== User Pragma Report
================================================================
* Ignored Pragmas
+--------+---------+---------------------------------------+-----------------------------------------------------------+
| Type   | Options | Location                              | Messages                                                  |
+--------+---------+---------------------------------------+-----------------------------------------------------------+
| unroll |         | firmware/myproject.cpp:9 in myproject | '#pragma HLS unroll' can only be applied inside loop body |
+--------+---------+---------------------------------------+-----------------------------------------------------------+

* Valid Pragma Syntax
+-----------------+--------------------------+---------------------------------------------------------+
| Type            | Options                  | Location                                                |
+-----------------+--------------------------+---------------------------------------------------------+
| pipeline        | II = 1                   | firmware/BDT.h:39 in decision_function                  |
| array_partition | variable=feature         | firmware/BDT.h:40 in decision_function, feature         |
| array_partition | variable=threshold       | firmware/BDT.h:41 in decision_function, threshold       |
| array_partition | variable=value           | firmware/BDT.h:42 in decision_function, value           |
| array_partition | variable=children_left   | firmware/BDT.h:43 in decision_function, children_left   |
| array_partition | variable=children_right  | firmware/BDT.h:44 in decision_function, children_right  |
| array_partition | variable=parent          | firmware/BDT.h:45 in decision_function, parent          |
| array_partition | variable=comparison      | firmware/BDT.h:60 in decision_function, comparison      |
| array_partition | variable=activation      | firmware/BDT.h:61 in decision_function, activation      |
| array_partition | variable=activation_leaf | firmware/BDT.h:62 in decision_function, activation_leaf |
| array_partition | variable=value_leaf      | firmware/BDT.h:63 in decision_function, value_leaf      |
| unroll          |                          | firmware/BDT.h:67 in decision_function                  |
| unroll          |                          | firmware/BDT.h:80 in decision_function                  |
| array_partition | variable=trees dim=0     | firmware/BDT.h:120 in decision_function, trees          |
| array_partition | variable=x               | firmware/myproject.cpp:5 in myproject, x                |
| array_partition | variable=score           | firmware/myproject.cpp:6 in myproject, score            |
| array_partition | variable=tree_scores     | firmware/myproject.cpp:7 in myproject, tree_scores      |
| pipeline        |                          | firmware/myproject.cpp:8 in myproject                   |
| interface       | axis port=in             | firmware/myproject_axi.cpp:8 in myproject_axi, in       |
| interface       | axis port=out            | firmware/myproject_axi.cpp:9 in myproject_axi, out      |
| interface       | ap_ctrl_none port=return | firmware/myproject_axi.cpp:10 in myproject_axi, return  |
| pipeline        |                          | firmware/myproject_axi.cpp:22 in myproject_axi          |
| pipeline        |                          | firmware/myproject_axi.cpp:31 in myproject_axi          |
| unroll          |                          | firmware/nnet_utils/nnet_types.h:33 in operator=        |
+-----------------+--------------------------+---------------------------------------------------------+


