
*** Running vivado
    with args -log design_1_wrapper.vds -m64 -product Vivado -mode batch -messageDb vivado.pb -notrace -source design_1_wrapper.tcl


****** Vivado v2020.1 (64-bit)
  **** SW Build 2902540 on Wed May 27 19:54:35 MDT 2020
  **** IP Build 2902112 on Wed May 27 22:43:36 MDT 2020
    ** Copyright 1986-2020 Xilinx, Inc. All Rights Reserved.

source design_1_wrapper.tcl -notrace
INFO: [IP_Flow 19-234] Refreshing IP repositories
INFO: [IP_Flow 19-1700] Loaded user IP repository '/home/nghielme/PycharmProjects/conifer/examples/wrapper-3-20220623T092548Z-001/wrapper-3/myproject_prj'.
INFO: [IP_Flow 19-2313] Loaded Vivado IP repository '/opt/Xilinx/Vivado/2020.1/data/ip'.
Command: synth_design -top design_1_wrapper -part xczu3eg-sbva484-1-e
Starting synth_design
Attempting to get a license for feature 'Synthesis' and/or device 'xczu3eg'
INFO: [Common 17-349] Got license for feature 'Synthesis' and/or device 'xczu3eg'
INFO: [Device 21-403] Loading part xczu3eg-sbva484-1-e
INFO: [Synth 8-7079] Multithreading enabled for synth_design using a maximum of 4 processes.
INFO: [Synth 8-7078] Launching helper process for spawning children vivado processes
INFO: [Synth 8-7075] Helper process launched with PID 3342605
---------------------------------------------------------------------------------
Starting RTL Elaboration : Time (s): cpu = 00:00:03 ; elapsed = 00:00:03 . Memory (MB): peak = 2504.984 ; gain = 3.969 ; free physical = 8477 ; free virtual = 30348
---------------------------------------------------------------------------------
INFO: [Synth 8-6157] synthesizing module 'design_1_wrapper' [/home/nghielme/PycharmProjects/conifer/examples/wrapper-3-20220623T092548Z-001/wrapper-3/project_2/project_2.srcs/sources_1/bd/design_1/hdl/design_1_wrapper.v:12]
INFO: [Synth 8-6157] synthesizing module 'design_1' [/home/nghielme/PycharmProjects/conifer/examples/wrapper-3-20220623T092548Z-001/wrapper-3/project_2/project_2.srcs/sources_1/bd/design_1/synth/design_1.v:13]
INFO: [Synth 8-6157] synthesizing module 'hier_0_imp_MHUNTD' [/home/nghielme/PycharmProjects/conifer/examples/wrapper-3-20220623T092548Z-001/wrapper-3/project_2/project_2.srcs/sources_1/bd/design_1/synth/design_1.v:953]
INFO: [Synth 8-6157] synthesizing module 'design_1_axi_dma_0_0' [/home/nghielme/PycharmProjects/conifer/examples/wrapper-3-20220623T092548Z-001/wrapper-3/project_2/project_2.runs/synth_1/.Xil/Vivado-3342225-yavin/realtime/design_1_axi_dma_0_0_stub.v:6]
INFO: [Synth 8-6155] done synthesizing module 'design_1_axi_dma_0_0' (1#1) [/home/nghielme/PycharmProjects/conifer/examples/wrapper-3-20220623T092548Z-001/wrapper-3/project_2/project_2.runs/synth_1/.Xil/Vivado-3342225-yavin/realtime/design_1_axi_dma_0_0_stub.v:6]
WARNING: [Synth 8-7071] port 'm_axi_mm2s_araddr' of module 'design_1_axi_dma_0_0' is unconnected for instance 'axi_dma_0' [/home/nghielme/PycharmProjects/conifer/examples/wrapper-3-20220623T092548Z-001/wrapper-3/project_2/project_2.srcs/sources_1/bd/design_1/synth/design_1.v:1038]
WARNING: [Synth 8-7071] port 'm_axi_mm2s_arlen' of module 'design_1_axi_dma_0_0' is unconnected for instance 'axi_dma_0' [/home/nghielme/PycharmProjects/conifer/examples/wrapper-3-20220623T092548Z-001/wrapper-3/project_2/project_2.srcs/sources_1/bd/design_1/synth/design_1.v:1038]
WARNING: [Synth 8-7071] port 'm_axi_mm2s_arsize' of module 'design_1_axi_dma_0_0' is unconnected for instance 'axi_dma_0' [/home/nghielme/PycharmProjects/conifer/examples/wrapper-3-20220623T092548Z-001/wrapper-3/project_2/project_2.srcs/sources_1/bd/design_1/synth/design_1.v:1038]
WARNING: [Synth 8-7071] port 'm_axi_mm2s_arburst' of module 'design_1_axi_dma_0_0' is unconnected for instance 'axi_dma_0' [/home/nghielme/PycharmProjects/conifer/examples/wrapper-3-20220623T092548Z-001/wrapper-3/project_2/project_2.srcs/sources_1/bd/design_1/synth/design_1.v:1038]
WARNING: [Synth 8-7071] port 'm_axi_mm2s_arprot' of module 'design_1_axi_dma_0_0' is unconnected for instance 'axi_dma_0' [/home/nghielme/PycharmProjects/conifer/examples/wrapper-3-20220623T092548Z-001/wrapper-3/project_2/project_2.srcs/sources_1/bd/design_1/synth/design_1.v:1038]
WARNING: [Synth 8-7071] port 'm_axi_mm2s_arcache' of module 'design_1_axi_dma_0_0' is unconnected for instance 'axi_dma_0' [/home/nghielme/PycharmProjects/conifer/examples/wrapper-3-20220623T092548Z-001/wrapper-3/project_2/project_2.srcs/sources_1/bd/design_1/synth/design_1.v:1038]
WARNING: [Synth 8-7071] port 'm_axi_mm2s_arvalid' of module 'design_1_axi_dma_0_0' is unconnected for instance 'axi_dma_0' [/home/nghielme/PycharmProjects/conifer/examples/wrapper-3-20220623T092548Z-001/wrapper-3/project_2/project_2.srcs/sources_1/bd/design_1/synth/design_1.v:1038]
WARNING: [Synth 8-7071] port 'm_axi_mm2s_rready' of module 'design_1_axi_dma_0_0' is unconnected for instance 'axi_dma_0' [/home/nghielme/PycharmProjects/conifer/examples/wrapper-3-20220623T092548Z-001/wrapper-3/project_2/project_2.srcs/sources_1/bd/design_1/synth/design_1.v:1038]
WARNING: [Synth 8-7071] port 'mm2s_prmry_reset_out_n' of module 'design_1_axi_dma_0_0' is unconnected for instance 'axi_dma_0' [/home/nghielme/PycharmProjects/conifer/examples/wrapper-3-20220623T092548Z-001/wrapper-3/project_2/project_2.srcs/sources_1/bd/design_1/synth/design_1.v:1038]
WARNING: [Synth 8-7071] port 'm_axi_s2mm_awaddr' of module 'design_1_axi_dma_0_0' is unconnected for instance 'axi_dma_0' [/home/nghielme/PycharmProjects/conifer/examples/wrapper-3-20220623T092548Z-001/wrapper-3/project_2/project_2.srcs/sources_1/bd/design_1/synth/design_1.v:1038]
WARNING: [Synth 8-7071] port 'm_axi_s2mm_awlen' of module 'design_1_axi_dma_0_0' is unconnected for instance 'axi_dma_0' [/home/nghielme/PycharmProjects/conifer/examples/wrapper-3-20220623T092548Z-001/wrapper-3/project_2/project_2.srcs/sources_1/bd/design_1/synth/design_1.v:1038]
WARNING: [Synth 8-7071] port 'm_axi_s2mm_awsize' of module 'design_1_axi_dma_0_0' is unconnected for instance 'axi_dma_0' [/home/nghielme/PycharmProjects/conifer/examples/wrapper-3-20220623T092548Z-001/wrapper-3/project_2/project_2.srcs/sources_1/bd/design_1/synth/design_1.v:1038]
WARNING: [Synth 8-7071] port 'm_axi_s2mm_awburst' of module 'design_1_axi_dma_0_0' is unconnected for instance 'axi_dma_0' [/home/nghielme/PycharmProjects/conifer/examples/wrapper-3-20220623T092548Z-001/wrapper-3/project_2/project_2.srcs/sources_1/bd/design_1/synth/design_1.v:1038]
WARNING: [Synth 8-7071] port 'm_axi_s2mm_awprot' of module 'design_1_axi_dma_0_0' is unconnected for instance 'axi_dma_0' [/home/nghielme/PycharmProjects/conifer/examples/wrapper-3-20220623T092548Z-001/wrapper-3/project_2/project_2.srcs/sources_1/bd/design_1/synth/design_1.v:1038]
WARNING: [Synth 8-7071] port 'm_axi_s2mm_awcache' of module 'design_1_axi_dma_0_0' is unconnected for instance 'axi_dma_0' [/home/nghielme/PycharmProjects/conifer/examples/wrapper-3-20220623T092548Z-001/wrapper-3/project_2/project_2.srcs/sources_1/bd/design_1/synth/design_1.v:1038]
WARNING: [Synth 8-7071] port 'm_axi_s2mm_awvalid' of module 'design_1_axi_dma_0_0' is unconnected for instance 'axi_dma_0' [/home/nghielme/PycharmProjects/conifer/examples/wrapper-3-20220623T092548Z-001/wrapper-3/project_2/project_2.srcs/sources_1/bd/design_1/synth/design_1.v:1038]
WARNING: [Synth 8-7071] port 'm_axi_s2mm_wdata' of module 'design_1_axi_dma_0_0' is unconnected for instance 'axi_dma_0' [/home/nghielme/PycharmProjects/conifer/examples/wrapper-3-20220623T092548Z-001/wrapper-3/project_2/project_2.srcs/sources_1/bd/design_1/synth/design_1.v:1038]
WARNING: [Synth 8-7071] port 'm_axi_s2mm_wstrb' of module 'design_1_axi_dma_0_0' is unconnected for instance 'axi_dma_0' [/home/nghielme/PycharmProjects/conifer/examples/wrapper-3-20220623T092548Z-001/wrapper-3/project_2/project_2.srcs/sources_1/bd/design_1/synth/design_1.v:1038]
WARNING: [Synth 8-7071] port 'm_axi_s2mm_wlast' of module 'design_1_axi_dma_0_0' is unconnected for instance 'axi_dma_0' [/home/nghielme/PycharmProjects/conifer/examples/wrapper-3-20220623T092548Z-001/wrapper-3/project_2/project_2.srcs/sources_1/bd/design_1/synth/design_1.v:1038]
WARNING: [Synth 8-7071] port 'm_axi_s2mm_wvalid' of module 'design_1_axi_dma_0_0' is unconnected for instance 'axi_dma_0' [/home/nghielme/PycharmProjects/conifer/examples/wrapper-3-20220623T092548Z-001/wrapper-3/project_2/project_2.srcs/sources_1/bd/design_1/synth/design_1.v:1038]
WARNING: [Synth 8-7071] port 'm_axi_s2mm_bready' of module 'design_1_axi_dma_0_0' is unconnected for instance 'axi_dma_0' [/home/nghielme/PycharmProjects/conifer/examples/wrapper-3-20220623T092548Z-001/wrapper-3/project_2/project_2.srcs/sources_1/bd/design_1/synth/design_1.v:1038]
WARNING: [Synth 8-7071] port 's2mm_prmry_reset_out_n' of module 'design_1_axi_dma_0_0' is unconnected for instance 'axi_dma_0' [/home/nghielme/PycharmProjects/conifer/examples/wrapper-3-20220623T092548Z-001/wrapper-3/project_2/project_2.srcs/sources_1/bd/design_1/synth/design_1.v:1038]
WARNING: [Synth 8-7071] port 'mm2s_introut' of module 'design_1_axi_dma_0_0' is unconnected for instance 'axi_dma_0' [/home/nghielme/PycharmProjects/conifer/examples/wrapper-3-20220623T092548Z-001/wrapper-3/project_2/project_2.srcs/sources_1/bd/design_1/synth/design_1.v:1038]
WARNING: [Synth 8-7071] port 's2mm_introut' of module 'design_1_axi_dma_0_0' is unconnected for instance 'axi_dma_0' [/home/nghielme/PycharmProjects/conifer/examples/wrapper-3-20220623T092548Z-001/wrapper-3/project_2/project_2.srcs/sources_1/bd/design_1/synth/design_1.v:1038]
WARNING: [Synth 8-7071] port 'axi_dma_tstvec' of module 'design_1_axi_dma_0_0' is unconnected for instance 'axi_dma_0' [/home/nghielme/PycharmProjects/conifer/examples/wrapper-3-20220623T092548Z-001/wrapper-3/project_2/project_2.srcs/sources_1/bd/design_1/synth/design_1.v:1038]
WARNING: [Synth 8-7023] instance 'axi_dma_0' of module 'design_1_axi_dma_0_0' has 64 connections declared, but only 39 given [/home/nghielme/PycharmProjects/conifer/examples/wrapper-3-20220623T092548Z-001/wrapper-3/project_2/project_2.srcs/sources_1/bd/design_1/synth/design_1.v:1038]
INFO: [Synth 8-6157] synthesizing module 'design_1_myproject_axi_0_0' [/home/nghielme/PycharmProjects/conifer/examples/wrapper-3-20220623T092548Z-001/wrapper-3/project_2/project_2.runs/synth_1/.Xil/Vivado-3342225-yavin/realtime/design_1_myproject_axi_0_0_stub.v:6]
INFO: [Synth 8-6155] done synthesizing module 'design_1_myproject_axi_0_0' (2#1) [/home/nghielme/PycharmProjects/conifer/examples/wrapper-3-20220623T092548Z-001/wrapper-3/project_2/project_2.runs/synth_1/.Xil/Vivado-3342225-yavin/realtime/design_1_myproject_axi_0_0_stub.v:6]
WARNING: [Synth 8-7071] port 'out_r_TSTRB' of module 'design_1_myproject_axi_0_0' is unconnected for instance 'myproject_axi_0' [/home/nghielme/PycharmProjects/conifer/examples/wrapper-3-20220623T092548Z-001/wrapper-3/project_2/project_2.srcs/sources_1/bd/design_1/synth/design_1.v:1078]
WARNING: [Synth 8-7023] instance 'myproject_axi_0' of module 'design_1_myproject_axi_0_0' has 14 connections declared, but only 13 given [/home/nghielme/PycharmProjects/conifer/examples/wrapper-3-20220623T092548Z-001/wrapper-3/project_2/project_2.srcs/sources_1/bd/design_1/synth/design_1.v:1078]
INFO: [Synth 8-6155] done synthesizing module 'hier_0_imp_MHUNTD' (3#1) [/home/nghielme/PycharmProjects/conifer/examples/wrapper-3-20220623T092548Z-001/wrapper-3/project_2/project_2.srcs/sources_1/bd/design_1/synth/design_1.v:953]
INFO: [Synth 8-6157] synthesizing module 'design_1_ps8_0_axi_periph_0' [/home/nghielme/PycharmProjects/conifer/examples/wrapper-3-20220623T092548Z-001/wrapper-3/project_2/project_2.srcs/sources_1/bd/design_1/synth/design_1.v:317]
INFO: [Synth 8-6157] synthesizing module 'm00_couplers_imp_QJIMLI' [/home/nghielme/PycharmProjects/conifer/examples/wrapper-3-20220623T092548Z-001/wrapper-3/project_2/project_2.srcs/sources_1/bd/design_1/synth/design_1.v:1094]
INFO: [Synth 8-6155] done synthesizing module 'm00_couplers_imp_QJIMLI' (4#1) [/home/nghielme/PycharmProjects/conifer/examples/wrapper-3-20220623T092548Z-001/wrapper-3/project_2/project_2.srcs/sources_1/bd/design_1/synth/design_1.v:1094]
INFO: [Synth 8-6157] synthesizing module 's00_couplers_imp_1A7ZMW4' [/home/nghielme/PycharmProjects/conifer/examples/wrapper-3-20220623T092548Z-001/wrapper-3/project_2/project_2.srcs/sources_1/bd/design_1/synth/design_1.v:1219]
INFO: [Synth 8-6157] synthesizing module 'design_1_auto_ds_0' [/home/nghielme/PycharmProjects/conifer/examples/wrapper-3-20220623T092548Z-001/wrapper-3/project_2/project_2.runs/synth_1/.Xil/Vivado-3342225-yavin/realtime/design_1_auto_ds_0_stub.v:6]
INFO: [Synth 8-6155] done synthesizing module 'design_1_auto_ds_0' (5#1) [/home/nghielme/PycharmProjects/conifer/examples/wrapper-3-20220623T092548Z-001/wrapper-3/project_2/project_2.runs/synth_1/.Xil/Vivado-3342225-yavin/realtime/design_1_auto_ds_0_stub.v:6]
INFO: [Synth 8-6157] synthesizing module 'design_1_auto_pc_0' [/home/nghielme/PycharmProjects/conifer/examples/wrapper-3-20220623T092548Z-001/wrapper-3/project_2/project_2.runs/synth_1/.Xil/Vivado-3342225-yavin/realtime/design_1_auto_pc_0_stub.v:6]
INFO: [Synth 8-6155] done synthesizing module 'design_1_auto_pc_0' (6#1) [/home/nghielme/PycharmProjects/conifer/examples/wrapper-3-20220623T092548Z-001/wrapper-3/project_2/project_2.runs/synth_1/.Xil/Vivado-3342225-yavin/realtime/design_1_auto_pc_0_stub.v:6]
INFO: [Synth 8-6155] done synthesizing module 's00_couplers_imp_1A7ZMW4' (7#1) [/home/nghielme/PycharmProjects/conifer/examples/wrapper-3-20220623T092548Z-001/wrapper-3/project_2/project_2.srcs/sources_1/bd/design_1/synth/design_1.v:1219]
INFO: [Synth 8-6157] synthesizing module 's01_couplers_imp_KGUFR9' [/home/nghielme/PycharmProjects/conifer/examples/wrapper-3-20220623T092548Z-001/wrapper-3/project_2/project_2.srcs/sources_1/bd/design_1/synth/design_1.v:1629]
INFO: [Synth 8-6157] synthesizing module 'design_1_auto_ds_1' [/home/nghielme/PycharmProjects/conifer/examples/wrapper-3-20220623T092548Z-001/wrapper-3/project_2/project_2.runs/synth_1/.Xil/Vivado-3342225-yavin/realtime/design_1_auto_ds_1_stub.v:6]
INFO: [Synth 8-6155] done synthesizing module 'design_1_auto_ds_1' (8#1) [/home/nghielme/PycharmProjects/conifer/examples/wrapper-3-20220623T092548Z-001/wrapper-3/project_2/project_2.runs/synth_1/.Xil/Vivado-3342225-yavin/realtime/design_1_auto_ds_1_stub.v:6]
INFO: [Synth 8-6157] synthesizing module 'design_1_auto_pc_1' [/home/nghielme/PycharmProjects/conifer/examples/wrapper-3-20220623T092548Z-001/wrapper-3/project_2/project_2.runs/synth_1/.Xil/Vivado-3342225-yavin/realtime/design_1_auto_pc_1_stub.v:6]
INFO: [Synth 8-6155] done synthesizing module 'design_1_auto_pc_1' (9#1) [/home/nghielme/PycharmProjects/conifer/examples/wrapper-3-20220623T092548Z-001/wrapper-3/project_2/project_2.runs/synth_1/.Xil/Vivado-3342225-yavin/realtime/design_1_auto_pc_1_stub.v:6]
INFO: [Synth 8-6155] done synthesizing module 's01_couplers_imp_KGUFR9' (10#1) [/home/nghielme/PycharmProjects/conifer/examples/wrapper-3-20220623T092548Z-001/wrapper-3/project_2/project_2.srcs/sources_1/bd/design_1/synth/design_1.v:1629]
INFO: [Synth 8-6157] synthesizing module 'design_1_xbar_0' [/home/nghielme/PycharmProjects/conifer/examples/wrapper-3-20220623T092548Z-001/wrapper-3/project_2/project_2.runs/synth_1/.Xil/Vivado-3342225-yavin/realtime/design_1_xbar_0_stub.v:6]
INFO: [Synth 8-6155] done synthesizing module 'design_1_xbar_0' (11#1) [/home/nghielme/PycharmProjects/conifer/examples/wrapper-3-20220623T092548Z-001/wrapper-3/project_2/project_2.runs/synth_1/.Xil/Vivado-3342225-yavin/realtime/design_1_xbar_0_stub.v:6]
WARNING: [Synth 8-7071] port 'm_axi_awprot' of module 'design_1_xbar_0' is unconnected for instance 'xbar' [/home/nghielme/PycharmProjects/conifer/examples/wrapper-3-20220623T092548Z-001/wrapper-3/project_2/project_2.srcs/sources_1/bd/design_1/synth/design_1.v:913]
WARNING: [Synth 8-7071] port 'm_axi_wstrb' of module 'design_1_xbar_0' is unconnected for instance 'xbar' [/home/nghielme/PycharmProjects/conifer/examples/wrapper-3-20220623T092548Z-001/wrapper-3/project_2/project_2.srcs/sources_1/bd/design_1/synth/design_1.v:913]
WARNING: [Synth 8-7071] port 'm_axi_arprot' of module 'design_1_xbar_0' is unconnected for instance 'xbar' [/home/nghielme/PycharmProjects/conifer/examples/wrapper-3-20220623T092548Z-001/wrapper-3/project_2/project_2.srcs/sources_1/bd/design_1/synth/design_1.v:913]
WARNING: [Synth 8-7023] instance 'xbar' of module 'design_1_xbar_0' has 40 connections declared, but only 37 given [/home/nghielme/PycharmProjects/conifer/examples/wrapper-3-20220623T092548Z-001/wrapper-3/project_2/project_2.srcs/sources_1/bd/design_1/synth/design_1.v:913]
INFO: [Synth 8-6155] done synthesizing module 'design_1_ps8_0_axi_periph_0' (12#1) [/home/nghielme/PycharmProjects/conifer/examples/wrapper-3-20220623T092548Z-001/wrapper-3/project_2/project_2.srcs/sources_1/bd/design_1/synth/design_1.v:317]
INFO: [Synth 8-6157] synthesizing module 'design_1_rst_ps8_0_100M_0' [/home/nghielme/PycharmProjects/conifer/examples/wrapper-3-20220623T092548Z-001/wrapper-3/project_2/project_2.runs/synth_1/.Xil/Vivado-3342225-yavin/realtime/design_1_rst_ps8_0_100M_0_stub.v:6]
INFO: [Synth 8-6155] done synthesizing module 'design_1_rst_ps8_0_100M_0' (13#1) [/home/nghielme/PycharmProjects/conifer/examples/wrapper-3-20220623T092548Z-001/wrapper-3/project_2/project_2.runs/synth_1/.Xil/Vivado-3342225-yavin/realtime/design_1_rst_ps8_0_100M_0_stub.v:6]
WARNING: [Synth 8-7071] port 'mb_reset' of module 'design_1_rst_ps8_0_100M_0' is unconnected for instance 'rst_ps8_0_100M' [/home/nghielme/PycharmProjects/conifer/examples/wrapper-3-20220623T092548Z-001/wrapper-3/project_2/project_2.srcs/sources_1/bd/design_1/synth/design_1.v:228]
WARNING: [Synth 8-7071] port 'bus_struct_reset' of module 'design_1_rst_ps8_0_100M_0' is unconnected for instance 'rst_ps8_0_100M' [/home/nghielme/PycharmProjects/conifer/examples/wrapper-3-20220623T092548Z-001/wrapper-3/project_2/project_2.srcs/sources_1/bd/design_1/synth/design_1.v:228]
WARNING: [Synth 8-7071] port 'peripheral_reset' of module 'design_1_rst_ps8_0_100M_0' is unconnected for instance 'rst_ps8_0_100M' [/home/nghielme/PycharmProjects/conifer/examples/wrapper-3-20220623T092548Z-001/wrapper-3/project_2/project_2.srcs/sources_1/bd/design_1/synth/design_1.v:228]
WARNING: [Synth 8-7071] port 'interconnect_aresetn' of module 'design_1_rst_ps8_0_100M_0' is unconnected for instance 'rst_ps8_0_100M' [/home/nghielme/PycharmProjects/conifer/examples/wrapper-3-20220623T092548Z-001/wrapper-3/project_2/project_2.srcs/sources_1/bd/design_1/synth/design_1.v:228]
WARNING: [Synth 8-7023] instance 'rst_ps8_0_100M' of module 'design_1_rst_ps8_0_100M_0' has 10 connections declared, but only 6 given [/home/nghielme/PycharmProjects/conifer/examples/wrapper-3-20220623T092548Z-001/wrapper-3/project_2/project_2.srcs/sources_1/bd/design_1/synth/design_1.v:228]
INFO: [Synth 8-6157] synthesizing module 'design_1_zynq_ultra_ps_e_0_0' [/home/nghielme/PycharmProjects/conifer/examples/wrapper-3-20220623T092548Z-001/wrapper-3/project_2/project_2.runs/synth_1/.Xil/Vivado-3342225-yavin/realtime/design_1_zynq_ultra_ps_e_0_0_stub.v:6]
INFO: [Synth 8-6155] done synthesizing module 'design_1_zynq_ultra_ps_e_0_0' (14#1) [/home/nghielme/PycharmProjects/conifer/examples/wrapper-3-20220623T092548Z-001/wrapper-3/project_2/project_2.runs/synth_1/.Xil/Vivado-3342225-yavin/realtime/design_1_zynq_ultra_ps_e_0_0_stub.v:6]
WARNING: [Synth 8-7071] port 'maxigp0_awuser' of module 'design_1_zynq_ultra_ps_e_0_0' is unconnected for instance 'zynq_ultra_ps_e_0' [/home/nghielme/PycharmProjects/conifer/examples/wrapper-3-20220623T092548Z-001/wrapper-3/project_2/project_2.srcs/sources_1/bd/design_1/synth/design_1.v:235]
WARNING: [Synth 8-7071] port 'maxigp0_aruser' of module 'design_1_zynq_ultra_ps_e_0_0' is unconnected for instance 'zynq_ultra_ps_e_0' [/home/nghielme/PycharmProjects/conifer/examples/wrapper-3-20220623T092548Z-001/wrapper-3/project_2/project_2.srcs/sources_1/bd/design_1/synth/design_1.v:235]
WARNING: [Synth 8-7071] port 'maxigp1_awuser' of module 'design_1_zynq_ultra_ps_e_0_0' is unconnected for instance 'zynq_ultra_ps_e_0' [/home/nghielme/PycharmProjects/conifer/examples/wrapper-3-20220623T092548Z-001/wrapper-3/project_2/project_2.srcs/sources_1/bd/design_1/synth/design_1.v:235]
WARNING: [Synth 8-7071] port 'maxigp1_aruser' of module 'design_1_zynq_ultra_ps_e_0_0' is unconnected for instance 'zynq_ultra_ps_e_0' [/home/nghielme/PycharmProjects/conifer/examples/wrapper-3-20220623T092548Z-001/wrapper-3/project_2/project_2.srcs/sources_1/bd/design_1/synth/design_1.v:235]
WARNING: [Synth 8-7023] instance 'zynq_ultra_ps_e_0' of module 'design_1_zynq_ultra_ps_e_0_0' has 83 connections declared, but only 79 given [/home/nghielme/PycharmProjects/conifer/examples/wrapper-3-20220623T092548Z-001/wrapper-3/project_2/project_2.srcs/sources_1/bd/design_1/synth/design_1.v:235]
INFO: [Synth 8-6155] done synthesizing module 'design_1' (15#1) [/home/nghielme/PycharmProjects/conifer/examples/wrapper-3-20220623T092548Z-001/wrapper-3/project_2/project_2.srcs/sources_1/bd/design_1/synth/design_1.v:13]
INFO: [Synth 8-6155] done synthesizing module 'design_1_wrapper' (16#1) [/home/nghielme/PycharmProjects/conifer/examples/wrapper-3-20220623T092548Z-001/wrapper-3/project_2/project_2.srcs/sources_1/bd/design_1/hdl/design_1_wrapper.v:12]
---------------------------------------------------------------------------------
Finished RTL Elaboration : Time (s): cpu = 00:00:03 ; elapsed = 00:00:04 . Memory (MB): peak = 2549.891 ; gain = 48.875 ; free physical = 8497 ; free virtual = 30369
---------------------------------------------------------------------------------
---------------------------------------------------------------------------------
Start Handling Custom Attributes
---------------------------------------------------------------------------------
---------------------------------------------------------------------------------
Finished Handling Custom Attributes : Time (s): cpu = 00:00:04 ; elapsed = 00:00:05 . Memory (MB): peak = 2568.734 ; gain = 67.719 ; free physical = 8528 ; free virtual = 30390
---------------------------------------------------------------------------------
---------------------------------------------------------------------------------
Finished RTL Optimization Phase 1 : Time (s): cpu = 00:00:04 ; elapsed = 00:00:05 . Memory (MB): peak = 2568.734 ; gain = 67.719 ; free physical = 8528 ; free virtual = 30390
---------------------------------------------------------------------------------
Netlist sorting complete. Time (s): cpu = 00:00:00.01 ; elapsed = 00:00:00.02 . Memory (MB): peak = 2568.734 ; gain = 0.000 ; free physical = 8523 ; free virtual = 30385
INFO: [Project 1-570] Preparing netlist for logic optimization

Processing XDC Constraints
Initializing timing engine
Parsing XDC File [/home/nghielme/PycharmProjects/conifer/examples/wrapper-3-20220623T092548Z-001/wrapper-3/project_2/project_2.srcs/sources_1/bd/design_1/ip/design_1_zynq_ultra_ps_e_0_0/design_1_zynq_ultra_ps_e_0_0/design_1_zynq_ultra_ps_e_0_0_in_context.xdc] for cell 'design_1_i/zynq_ultra_ps_e_0'
WARNING: [Vivado 12-584] No ports matched ''. [/home/nghielme/PycharmProjects/conifer/examples/wrapper-3-20220623T092548Z-001/wrapper-3/project_2/project_2.srcs/sources_1/bd/design_1/ip/design_1_zynq_ultra_ps_e_0_0/design_1_zynq_ultra_ps_e_0_0/design_1_zynq_ultra_ps_e_0_0_in_context.xdc:2]
Finished Parsing XDC File [/home/nghielme/PycharmProjects/conifer/examples/wrapper-3-20220623T092548Z-001/wrapper-3/project_2/project_2.srcs/sources_1/bd/design_1/ip/design_1_zynq_ultra_ps_e_0_0/design_1_zynq_ultra_ps_e_0_0/design_1_zynq_ultra_ps_e_0_0_in_context.xdc] for cell 'design_1_i/zynq_ultra_ps_e_0'
Parsing XDC File [/home/nghielme/PycharmProjects/conifer/examples/wrapper-3-20220623T092548Z-001/wrapper-3/project_2/project_2.srcs/sources_1/bd/design_1/ip/design_1_xbar_0/design_1_xbar_0/design_1_xbar_0_in_context.xdc] for cell 'design_1_i/ps8_0_axi_periph/xbar'
Finished Parsing XDC File [/home/nghielme/PycharmProjects/conifer/examples/wrapper-3-20220623T092548Z-001/wrapper-3/project_2/project_2.srcs/sources_1/bd/design_1/ip/design_1_xbar_0/design_1_xbar_0/design_1_xbar_0_in_context.xdc] for cell 'design_1_i/ps8_0_axi_periph/xbar'
Parsing XDC File [/home/nghielme/PycharmProjects/conifer/examples/wrapper-3-20220623T092548Z-001/wrapper-3/project_2/project_2.srcs/sources_1/bd/design_1/ip/design_1_auto_ds_0/design_1_auto_ds_0/design_1_auto_ds_1_in_context.xdc] for cell 'design_1_i/ps8_0_axi_periph/s00_couplers/auto_ds'
Finished Parsing XDC File [/home/nghielme/PycharmProjects/conifer/examples/wrapper-3-20220623T092548Z-001/wrapper-3/project_2/project_2.srcs/sources_1/bd/design_1/ip/design_1_auto_ds_0/design_1_auto_ds_0/design_1_auto_ds_1_in_context.xdc] for cell 'design_1_i/ps8_0_axi_periph/s00_couplers/auto_ds'
Parsing XDC File [/home/nghielme/PycharmProjects/conifer/examples/wrapper-3-20220623T092548Z-001/wrapper-3/project_2/project_2.srcs/sources_1/bd/design_1/ip/design_1_auto_pc_0/design_1_auto_pc_0/design_1_auto_pc_1_in_context.xdc] for cell 'design_1_i/ps8_0_axi_periph/s00_couplers/auto_pc'
Finished Parsing XDC File [/home/nghielme/PycharmProjects/conifer/examples/wrapper-3-20220623T092548Z-001/wrapper-3/project_2/project_2.srcs/sources_1/bd/design_1/ip/design_1_auto_pc_0/design_1_auto_pc_0/design_1_auto_pc_1_in_context.xdc] for cell 'design_1_i/ps8_0_axi_periph/s00_couplers/auto_pc'
Parsing XDC File [/home/nghielme/PycharmProjects/conifer/examples/wrapper-3-20220623T092548Z-001/wrapper-3/project_2/project_2.srcs/sources_1/bd/design_1/ip/design_1_auto_ds_1/design_1_auto_ds_1/design_1_auto_ds_1_in_context.xdc] for cell 'design_1_i/ps8_0_axi_periph/s01_couplers/auto_ds'
Finished Parsing XDC File [/home/nghielme/PycharmProjects/conifer/examples/wrapper-3-20220623T092548Z-001/wrapper-3/project_2/project_2.srcs/sources_1/bd/design_1/ip/design_1_auto_ds_1/design_1_auto_ds_1/design_1_auto_ds_1_in_context.xdc] for cell 'design_1_i/ps8_0_axi_periph/s01_couplers/auto_ds'
Parsing XDC File [/home/nghielme/PycharmProjects/conifer/examples/wrapper-3-20220623T092548Z-001/wrapper-3/project_2/project_2.srcs/sources_1/bd/design_1/ip/design_1_auto_pc_1/design_1_auto_pc_1/design_1_auto_pc_1_in_context.xdc] for cell 'design_1_i/ps8_0_axi_periph/s01_couplers/auto_pc'
Finished Parsing XDC File [/home/nghielme/PycharmProjects/conifer/examples/wrapper-3-20220623T092548Z-001/wrapper-3/project_2/project_2.srcs/sources_1/bd/design_1/ip/design_1_auto_pc_1/design_1_auto_pc_1/design_1_auto_pc_1_in_context.xdc] for cell 'design_1_i/ps8_0_axi_periph/s01_couplers/auto_pc'
Parsing XDC File [/home/nghielme/PycharmProjects/conifer/examples/wrapper-3-20220623T092548Z-001/wrapper-3/project_2/project_2.srcs/sources_1/bd/design_1/ip/design_1_rst_ps8_0_100M_0/design_1_rst_ps8_0_100M_0/design_1_rst_ps8_0_100M_0_in_context.xdc] for cell 'design_1_i/rst_ps8_0_100M'
Finished Parsing XDC File [/home/nghielme/PycharmProjects/conifer/examples/wrapper-3-20220623T092548Z-001/wrapper-3/project_2/project_2.srcs/sources_1/bd/design_1/ip/design_1_rst_ps8_0_100M_0/design_1_rst_ps8_0_100M_0/design_1_rst_ps8_0_100M_0_in_context.xdc] for cell 'design_1_i/rst_ps8_0_100M'
Parsing XDC File [/home/nghielme/PycharmProjects/conifer/examples/wrapper-3-20220623T092548Z-001/wrapper-3/project_2/project_2.srcs/sources_1/bd/design_1/ip/design_1_myproject_axi_0_0/design_1_myproject_axi_0_0/design_1_myproject_axi_0_0_in_context.xdc] for cell 'design_1_i/hier_0/myproject_axi_0'
Finished Parsing XDC File [/home/nghielme/PycharmProjects/conifer/examples/wrapper-3-20220623T092548Z-001/wrapper-3/project_2/project_2.srcs/sources_1/bd/design_1/ip/design_1_myproject_axi_0_0/design_1_myproject_axi_0_0/design_1_myproject_axi_0_0_in_context.xdc] for cell 'design_1_i/hier_0/myproject_axi_0'
Parsing XDC File [/home/nghielme/PycharmProjects/conifer/examples/wrapper-3-20220623T092548Z-001/wrapper-3/project_2/project_2.srcs/sources_1/bd/design_1/ip/design_1_axi_dma_0_0/design_1_axi_dma_0_0/design_1_axi_dma_0_0_in_context.xdc] for cell 'design_1_i/hier_0/axi_dma_0'
Finished Parsing XDC File [/home/nghielme/PycharmProjects/conifer/examples/wrapper-3-20220623T092548Z-001/wrapper-3/project_2/project_2.srcs/sources_1/bd/design_1/ip/design_1_axi_dma_0_0/design_1_axi_dma_0_0/design_1_axi_dma_0_0_in_context.xdc] for cell 'design_1_i/hier_0/axi_dma_0'
Parsing XDC File [/home/nghielme/PycharmProjects/conifer/examples/wrapper-3-20220623T092548Z-001/wrapper-3/project_2/project_2.runs/synth_1/dont_touch.xdc]
Finished Parsing XDC File [/home/nghielme/PycharmProjects/conifer/examples/wrapper-3-20220623T092548Z-001/wrapper-3/project_2/project_2.runs/synth_1/dont_touch.xdc]
Completed Processing XDC Constraints

Netlist sorting complete. Time (s): cpu = 00:00:00 ; elapsed = 00:00:00 . Memory (MB): peak = 2684.484 ; gain = 0.000 ; free physical = 8421 ; free virtual = 30283
INFO: [Project 1-111] Unisim Transformation Summary:
No Unisim elements were transformed.

Constraint Validation Runtime : Time (s): cpu = 00:00:00.01 ; elapsed = 00:00:00.01 . Memory (MB): peak = 2684.484 ; gain = 0.000 ; free physical = 8420 ; free virtual = 30281
---------------------------------------------------------------------------------
Finished Constraint Validation : Time (s): cpu = 00:00:10 ; elapsed = 00:00:13 . Memory (MB): peak = 2684.484 ; gain = 183.469 ; free physical = 8503 ; free virtual = 30364
---------------------------------------------------------------------------------
---------------------------------------------------------------------------------
Start Loading Part and Timing Information
---------------------------------------------------------------------------------
Loading part: xczu3eg-sbva484-1-e
INFO: [Synth 8-6742] Reading net delay rules and data
---------------------------------------------------------------------------------
Finished Loading Part and Timing Information : Time (s): cpu = 00:00:10 ; elapsed = 00:00:13 . Memory (MB): peak = 2684.484 ; gain = 183.469 ; free physical = 8503 ; free virtual = 30364
---------------------------------------------------------------------------------
---------------------------------------------------------------------------------
Start Applying 'set_property' XDC Constraints
---------------------------------------------------------------------------------
Applied set_property DONT_TOUCH = true for design_1_i. (constraint file  auto generated constraint, line ).
Applied set_property DONT_TOUCH = true for design_1_i/zynq_ultra_ps_e_0. (constraint file  auto generated constraint, line ).
Applied set_property DONT_TOUCH = true for design_1_i/ps8_0_axi_periph/xbar. (constraint file  auto generated constraint, line ).
Applied set_property DONT_TOUCH = true for design_1_i/ps8_0_axi_periph/s00_couplers/auto_ds. (constraint file  auto generated constraint, line ).
Applied set_property DONT_TOUCH = true for design_1_i/ps8_0_axi_periph/s00_couplers/auto_pc. (constraint file  auto generated constraint, line ).
Applied set_property DONT_TOUCH = true for design_1_i/ps8_0_axi_periph/s01_couplers/auto_ds. (constraint file  auto generated constraint, line ).
Applied set_property DONT_TOUCH = true for design_1_i/ps8_0_axi_periph/s01_couplers/auto_pc. (constraint file  auto generated constraint, line ).
Applied set_property DONT_TOUCH = true for design_1_i/ps8_0_axi_periph. (constraint file  auto generated constraint, line ).
Applied set_property DONT_TOUCH = true for design_1_i/rst_ps8_0_100M. (constraint file  auto generated constraint, line ).
Applied set_property DONT_TOUCH = true for design_1_i/hier_0/myproject_axi_0. (constraint file  auto generated constraint, line ).
Applied set_property DONT_TOUCH = true for design_1_i/hier_0/axi_dma_0. (constraint file  auto generated constraint, line ).
---------------------------------------------------------------------------------
Finished applying 'set_property' XDC Constraints : Time (s): cpu = 00:00:10 ; elapsed = 00:00:14 . Memory (MB): peak = 2684.484 ; gain = 183.469 ; free physical = 8503 ; free virtual = 30364
---------------------------------------------------------------------------------
---------------------------------------------------------------------------------
Finished RTL Optimization Phase 2 : Time (s): cpu = 00:00:10 ; elapsed = 00:00:14 . Memory (MB): peak = 2684.484 ; gain = 183.469 ; free physical = 8505 ; free virtual = 30368
---------------------------------------------------------------------------------
---------------------------------------------------------------------------------
Start RTL Component Statistics 
---------------------------------------------------------------------------------
Detailed RTL Component Info : 
---------------------------------------------------------------------------------
Finished RTL Component Statistics 
---------------------------------------------------------------------------------
---------------------------------------------------------------------------------
Start Part Resource Summary
---------------------------------------------------------------------------------
Part Resources:
DSPs: 360 (col length:72)
BRAMs: 432 (col length: RAMB18 72 RAMB36 36)
---------------------------------------------------------------------------------
Finished Part Resource Summary
---------------------------------------------------------------------------------
---------------------------------------------------------------------------------
Start Cross Boundary and Area Optimization
---------------------------------------------------------------------------------
---------------------------------------------------------------------------------
Finished Cross Boundary and Area Optimization : Time (s): cpu = 00:00:11 ; elapsed = 00:00:14 . Memory (MB): peak = 2684.484 ; gain = 183.469 ; free physical = 8492 ; free virtual = 30357
---------------------------------------------------------------------------------
---------------------------------------------------------------------------------
Start Applying XDC Timing Constraints
---------------------------------------------------------------------------------
---------------------------------------------------------------------------------
Finished Applying XDC Timing Constraints : Time (s): cpu = 00:00:29 ; elapsed = 00:00:46 . Memory (MB): peak = 3177.859 ; gain = 676.844 ; free physical = 7841 ; free virtual = 29717
---------------------------------------------------------------------------------
---------------------------------------------------------------------------------
Start Timing Optimization
---------------------------------------------------------------------------------
---------------------------------------------------------------------------------
Finished Timing Optimization : Time (s): cpu = 00:00:29 ; elapsed = 00:00:46 . Memory (MB): peak = 3177.859 ; gain = 676.844 ; free physical = 7841 ; free virtual = 29717
---------------------------------------------------------------------------------
---------------------------------------------------------------------------------
Start Technology Mapping
---------------------------------------------------------------------------------
---------------------------------------------------------------------------------
Finished Technology Mapping : Time (s): cpu = 00:00:29 ; elapsed = 00:00:46 . Memory (MB): peak = 3197.898 ; gain = 696.883 ; free physical = 7838 ; free virtual = 29715
---------------------------------------------------------------------------------
---------------------------------------------------------------------------------
Start IO Insertion
---------------------------------------------------------------------------------
---------------------------------------------------------------------------------
Start Flattening Before IO Insertion
---------------------------------------------------------------------------------
---------------------------------------------------------------------------------
Finished Flattening Before IO Insertion
---------------------------------------------------------------------------------
---------------------------------------------------------------------------------
Start Final Netlist Cleanup
---------------------------------------------------------------------------------
---------------------------------------------------------------------------------
Finished Final Netlist Cleanup
---------------------------------------------------------------------------------
---------------------------------------------------------------------------------
Finished IO Insertion : Time (s): cpu = 00:00:31 ; elapsed = 00:00:48 . Memory (MB): peak = 3203.836 ; gain = 702.820 ; free physical = 7854 ; free virtual = 29720
---------------------------------------------------------------------------------
---------------------------------------------------------------------------------
Start Renaming Generated Instances
---------------------------------------------------------------------------------
---------------------------------------------------------------------------------
Finished Renaming Generated Instances : Time (s): cpu = 00:00:31 ; elapsed = 00:00:48 . Memory (MB): peak = 3203.836 ; gain = 702.820 ; free physical = 7854 ; free virtual = 29720
---------------------------------------------------------------------------------
---------------------------------------------------------------------------------
Start Rebuilding User Hierarchy
---------------------------------------------------------------------------------
---------------------------------------------------------------------------------
Finished Rebuilding User Hierarchy : Time (s): cpu = 00:00:31 ; elapsed = 00:00:48 . Memory (MB): peak = 3203.836 ; gain = 702.820 ; free physical = 7854 ; free virtual = 29720
---------------------------------------------------------------------------------
---------------------------------------------------------------------------------
Start Renaming Generated Ports
---------------------------------------------------------------------------------
---------------------------------------------------------------------------------
Finished Renaming Generated Ports : Time (s): cpu = 00:00:31 ; elapsed = 00:00:48 . Memory (MB): peak = 3203.836 ; gain = 702.820 ; free physical = 7854 ; free virtual = 29720
---------------------------------------------------------------------------------
---------------------------------------------------------------------------------
Start Handling Custom Attributes
---------------------------------------------------------------------------------
---------------------------------------------------------------------------------
Finished Handling Custom Attributes : Time (s): cpu = 00:00:31 ; elapsed = 00:00:48 . Memory (MB): peak = 3203.836 ; gain = 702.820 ; free physical = 7854 ; free virtual = 29720
---------------------------------------------------------------------------------
---------------------------------------------------------------------------------
Start Renaming Generated Nets
---------------------------------------------------------------------------------
---------------------------------------------------------------------------------
Finished Renaming Generated Nets : Time (s): cpu = 00:00:31 ; elapsed = 00:00:48 . Memory (MB): peak = 3203.836 ; gain = 702.820 ; free physical = 7854 ; free virtual = 29720
---------------------------------------------------------------------------------
---------------------------------------------------------------------------------
Start Writing Synthesis Report
---------------------------------------------------------------------------------

Report BlackBoxes: 
+------+-----------------------------+----------+
|      |BlackBox name                |Instances |
+------+-----------------------------+----------+
|1     |design_1_xbar_0              |         1|
|2     |design_1_auto_ds_0           |         1|
|3     |design_1_auto_pc_0           |         1|
|4     |design_1_auto_ds_1           |         1|
|5     |design_1_auto_pc_1           |         1|
|6     |design_1_rst_ps8_0_100M_0    |         1|
|7     |design_1_zynq_ultra_ps_e_0_0 |         1|
|8     |design_1_axi_dma_0_0         |         1|
|9     |design_1_myproject_axi_0_0   |         1|
+------+-----------------------------+----------+

Report Cell Usage: 
+------+---------------------------+------+
|      |Cell                       |Count |
+------+---------------------------+------+
|1     |design_1_auto_ds           |     2|
|3     |design_1_auto_pc           |     2|
|5     |design_1_axi_dma_0         |     1|
|6     |design_1_myproject_axi_0   |     1|
|7     |design_1_rst_ps8_0_100M    |     1|
|8     |design_1_xbar              |     1|
|9     |design_1_zynq_ultra_ps_e_0 |     1|
+------+---------------------------+------+
---------------------------------------------------------------------------------
Finished Writing Synthesis Report : Time (s): cpu = 00:00:31 ; elapsed = 00:00:48 . Memory (MB): peak = 3203.836 ; gain = 702.820 ; free physical = 7854 ; free virtual = 29720
---------------------------------------------------------------------------------
Synthesis finished with 0 errors, 0 critical warnings and 0 warnings.
Synthesis Optimization Runtime : Time (s): cpu = 00:00:27 ; elapsed = 00:00:42 . Memory (MB): peak = 3203.836 ; gain = 587.070 ; free physical = 7891 ; free virtual = 29757
Synthesis Optimization Complete : Time (s): cpu = 00:00:31 ; elapsed = 00:00:48 . Memory (MB): peak = 3203.844 ; gain = 702.820 ; free physical = 7891 ; free virtual = 29757
INFO: [Project 1-571] Translating synthesized netlist
Netlist sorting complete. Time (s): cpu = 00:00:03 ; elapsed = 00:00:00.01 . Memory (MB): peak = 3203.844 ; gain = 0.000 ; free physical = 7963 ; free virtual = 29829
INFO: [Project 1-570] Preparing netlist for logic optimization
INFO: [Opt 31-138] Pushed 0 inverter(s) to 0 load pin(s).
Netlist sorting complete. Time (s): cpu = 00:00:00 ; elapsed = 00:00:00 . Memory (MB): peak = 3231.555 ; gain = 0.000 ; free physical = 7904 ; free virtual = 29770
INFO: [Project 1-111] Unisim Transformation Summary:
No Unisim elements were transformed.

INFO: [Common 17-83] Releasing license: Synthesis
48 Infos, 43 Warnings, 0 Critical Warnings and 0 Errors encountered.
synth_design completed successfully
synth_design: Time (s): cpu = 00:00:43 ; elapsed = 00:01:01 . Memory (MB): peak = 3245.492 ; gain = 1128.082 ; free physical = 8036 ; free virtual = 29901
INFO: [Common 17-1381] The checkpoint '/home/nghielme/PycharmProjects/conifer/examples/wrapper-3-20220623T092548Z-001/wrapper-3/project_2/project_2.runs/synth_1/design_1_wrapper.dcp' has been generated.
INFO: [runtcl-4] Executing : report_utilization -file design_1_wrapper_utilization_synth.rpt -pb design_1_wrapper_utilization_synth.pb
INFO: [Common 17-206] Exiting Vivado at Fri Jun 24 16:45:17 2022...
