Copyright 1986-2020 Xilinx, Inc. All Rights Reserved.
------------------------------------------------------------------------------------
| Tool Version : Vivado v.2020.1 (lin64) Build 2902540 Wed May 27 19:54:35 MDT 2020
| Date         : Fri Jun 24 15:27:08 2022
| Host         : yavin running 64-bit Ubuntu 20.04.4 LTS
| Command      : upgrade_ip
| Device       : xczu3eg-sbva484-1-e
------------------------------------------------------------------------------------

Upgrade Log for IP 'design_1_myproject_axi_0_0'

1. Summary
----------

CAUTION (success, with warnings) in the upgrade of design_1_myproject_axi_0_0 (xilinx.com:hls:myproject_axi:1.0) from (Rev. 2112563640) to (Rev. 2112563786)

After upgrade, an IP may have parameter and port differences compared to the original customization. Please review the parameters within the IP customization GUI to ensure proper functionality. Also, please review the updated IP instantiation template to ensure proper connectivity, and update your design if required.

2. Interface Information
------------------------

Detected external interface differences while upgrading 'design_1_myproject_axi_0_0'.


-Upgrade has removed interface 'in_r'

-Upgrade has removed interface 'out_r'

-Upgrade has added interface 'in_V' (xilinx.com:interface:axis:1.0)

-Upgrade has added interface 'out_V' (xilinx.com:interface:axis:1.0)


3. Connection Warnings
----------------------

Detected external port differences while upgrading 'design_1_myproject_axi_0_0'. These changes may impact your design.


-Upgrade has removed port 'ap_local_block'

-Upgrade has removed port 'ap_local_deadlock'

-Upgrade has removed port 'in_r_TDATA'

-Upgrade has removed port 'in_r_TKEEP'

-Upgrade has removed port 'in_r_TLAST'

-Upgrade has removed port 'in_r_TREADY'

-Upgrade has removed port 'in_r_TSTRB'

-Upgrade has removed port 'in_r_TVALID'

-Upgrade has removed port 'out_r_TDATA'

-Upgrade has removed port 'out_r_TKEEP'

-Upgrade has removed port 'out_r_TLAST'

-Upgrade has removed port 'out_r_TREADY'

-Upgrade has removed port 'out_r_TSTRB'

-Upgrade has removed port 'out_r_TVALID'

-Upgrade has added port 'in_V_TDATA'

-Upgrade has added port 'in_V_TREADY'

-Upgrade has added port 'in_V_TVALID'

-Upgrade has added port 'out_V_TDATA'

-Upgrade has added port 'out_V_TREADY'

-Upgrade has added port 'out_V_TVALID'







Copyright 1986-2020 Xilinx, Inc. All Rights Reserved.
------------------------------------------------------------------------------------
| Tool Version : Vivado v.2020.1 (lin64) Build 2902540 Wed May 27 19:54:35 MDT 2020
| Date         : Fri Jun 24 13:01:44 2022
| Host         : yavin running 64-bit Ubuntu 20.04.4 LTS
| Command      : upgrade_ip
| Device       : xczu3eg-sbva484-1-e
------------------------------------------------------------------------------------

Upgrade Log for IP 'design_1_myproject_axi_0_0'

1. Summary
----------

SUCCESS in the upgrade of design_1_myproject_axi_0_0 (xilinx.com:hls:myproject_axi:1.0) from (Rev. 2112563611) to (Rev. 2112563640)






Copyright 1986-2020 Xilinx, Inc. All Rights Reserved.
------------------------------------------------------------------------------------
| Tool Version : Vivado v.2020.1 (lin64) Build 2902540 Wed May 27 19:54:35 MDT 2020
| Date         : Fri Jun 24 12:32:19 2022
| Host         : yavin running 64-bit Ubuntu 20.04.4 LTS
| Command      : upgrade_ip
| Device       : xczu3eg-sbva484-1-e
------------------------------------------------------------------------------------

Upgrade Log for IP 'design_1_myproject_axi_0_0'

1. Summary
----------

SUCCESS in the upgrade of design_1_myproject_axi_0_0 (xilinx.com:hls:myproject_axi:1.0) from (Rev. 2112563554) to (Rev. 2112563611)






Copyright 1986-2020 Xilinx, Inc. All Rights Reserved.
------------------------------------------------------------------------------------
| Tool Version : Vivado v.2020.1 (lin64) Build 2902540 Wed May 27 19:54:35 MDT 2020
| Date         : Fri Jun 24 11:34:46 2022
| Host         : yavin running 64-bit Ubuntu 20.04.4 LTS
| Command      : upgrade_ip
| Device       : xczu3eg-sbva484-1-e
------------------------------------------------------------------------------------

Upgrade Log for IP 'design_1_myproject_axi_0_0'

1. Summary
----------

SUCCESS in the upgrade of design_1_myproject_axi_0_0 (xilinx.com:hls:myproject_axi:1.0) from (Rev. 2112563547) to (Rev. 2112563554)






Copyright 1986-2020 Xilinx, Inc. All Rights Reserved.
------------------------------------------------------------------------------------
| Tool Version : Vivado v.2020.1 (lin64) Build 2902540 Wed May 27 19:54:35 MDT 2020
| Date         : Fri Jun 24 11:31:36 2022
| Host         : yavin running 64-bit Ubuntu 20.04.4 LTS
| Command      : upgrade_ip
| Device       : xczu3eg-sbva484-1-e
------------------------------------------------------------------------------------

Upgrade Log for IP 'design_1_myproject_axi_0_0'

1. Summary
----------

SUCCESS in the upgrade of design_1_myproject_axi_0_0 (xilinx.com:hls:myproject_axi:1.0) from (Rev. 2112562859) to (Rev. 2112563547)

