#-----------------------------------------------------------
# Vivado v2021.2 (64-bit)
# SW Build 3367213 on Tue Oct 19 02:47:39 MDT 2021
# IP Build 3369179 on Thu Oct 21 08:25:16 MDT 2021
# Start of session at: Wed Jun 29 03:03:05 2022
# Process ID: 1456126
# Current directory: /home/nghielme/PycharmProjects/aca-project/wrapper_heavily_unbalanced
# Command line: vivado -mode batch -source design.tcl
# Log file: /home/nghielme/PycharmProjects/aca-project/wrapper_heavily_unbalanced/vivado.log
# Journal file: /home/nghielme/PycharmProjects/aca-project/wrapper_heavily_unbalanced/vivado.jou
# Running On: yavin, OS: Linux, CPU Frequency: 4600.024 MHz, CPU Physical cores: 8, Host memory: 67274 MB
#-----------------------------------------------------------
source design.tcl
# set tcldir [file dirname [info script]]
# source [file join $tcldir project.tcl]
## variable myproject
## set myproject "myproject"
## set bit_width_hls_output 32
## set bit_width_hls_input 32
# xhub::refresh_catalog [xhub::get_xstores xilinx_board_store]
WARNING: [Common 17-2137] File '/home/nghielme/.Xilinx/Vivado/2021.2/xhub/board_store/xilinx_board_store/XilinxBoardStore/Vivado/2021.2/.staging/boards/Xilinx/zcu670/1.0/xitem.json' is empty.
WARNING: [Common 17-2139] Found invalid metadata file '/home/nghielme/.Xilinx/Vivado/2021.2/xhub/board_store/xilinx_board_store/XilinxBoardStore/Vivado/2021.2/.staging/boards/Xilinx/zcu670/1.0/xitem.json' for item 'xilinx.com:xilinx_board_store:zcu670:1.0', catalog update is skipped for this item.
# set_param board.repoPaths {/home/nghielme/.Xilinx/Vivado/2021.2/xhub/board_store/xilinx_board_store /home/nghielme/.Xilinx/Vivado/2020.1/xhub/board_store/xilinx_board_store}
# create_project project_1 ${myproject}_vivado_accelerator -part xczu3eg-sbva484-1-e -force
# set_property board_part em.avnet.com:ultra96:part0:1.2 [current_project]
# set_property  ip_repo_paths  ${myproject}_prj [current_project]
# update_ip_catalog
INFO: [IP_Flow 19-234] Refreshing IP repositories
INFO: [IP_Flow 19-1700] Loaded user IP repository '/home/nghielme/PycharmProjects/aca-project/wrapper_heavily_unbalanced/myproject_prj'.
INFO: [IP_Flow 19-2313] Loaded Vivado IP repository '/opt/Xilinx/Vivado/2021.2/data/ip'.
# create_bd_design "design_1"
Wrote  : </home/nghielme/PycharmProjects/aca-project/wrapper_heavily_unbalanced/myproject_vivado_accelerator/project_1.srcs/sources_1/bd/design_1/design_1.bd> 
INFO: [BD 41-2613] The output directory /home/nghielme/PycharmProjects/aca-project/wrapper_heavily_unbalanced/myproject_vivado_accelerator/project_1.gen/sources_1/bd/design_1 for design_1 cannot be found.
# startgroup
# create_bd_cell -type ip -vlnv xilinx.com:ip:zynq_ultra_ps_e:3.3 zynq_ultra_ps_e_0
# endgroup
# apply_bd_automation -rule xilinx.com:bd_rule:zynq_ultra_ps_e -config {apply_board_preset "1" }  [get_bd_cells zynq_ultra_ps_e_0]
INFO: [PSU-1]  DP_AUDIO clock source: RPLL is also being used by other peripheral clocks. Their outputs may get impacted if any driver changes DP_AUDIO PLL source to support runtime audio change 
# set_property -dict [list CONFIG.PSU__USE__S_AXI_GP2 {1}] [get_bd_cells zynq_ultra_ps_e_0]
INFO: [PSU-1]  DP_AUDIO clock source: RPLL is also being used by other peripheral clocks. Their outputs may get impacted if any driver changes DP_AUDIO PLL source to support runtime audio change 
# startgroup
# create_bd_cell -type ip -vlnv xilinx.com:ip:axi_dma:7.1 axi_dma_0
# endgroup
# set_property -dict [list CONFIG.c_include_sg {0} CONFIG.c_sg_length_width {26} CONFIG.c_sg_include_stscntrl_strm {0} CONFIG.c_m_axi_mm2s_data_width ${bit_width_hls_input} CONFIG.c_m_axis_mm2s_tdata_width ${bit_width_hls_input} CONFIG.c_mm2s_burst_size {256} CONFIG.c_s_axis_s2mm_tdata_width ${bit_width_hls_output} CONFIG.c_s_axis_s2mm_data_width ${bit_width_hls_output} CONFIG.c_s2mm_burst_size {256}] [get_bd_cells axi_dma_0]
CRITICAL WARNING: [BD 41-1276] Cannot set the parameter c_s_axis_s2mm_data_width on /axi_dma_0. Parameter does not exist
# startgroup
# apply_bd_automation -rule xilinx.com:bd_rule:axi4 -config { Clk_master {Auto} Clk_slave {Auto} Clk_xbar {Auto} Master {/zynq_ultra_ps_e_0/M_AXI_HPM0_FPD} Slave {/axi_dma_0/S_AXI_LITE} ddr_seg {Auto} intc_ip {New AXI Interconnect} master_apm {0}}  [get_bd_intf_pins axi_dma_0/S_AXI_LITE]
INFO: [Ipptcl 7-1463] No Compatible Board Interface found. Board Tab not created in customize GUI
Slave segment '/axi_dma_0/S_AXI_LITE/Reg' is being assigned into address space '/zynq_ultra_ps_e_0/Data' at <0xA000_0000 [ 64K ]>.
# apply_bd_automation -rule xilinx.com:bd_rule:axi4 -config { Clk_master {Auto} Clk_slave {Auto} Clk_xbar {Auto} Master {/axi_dma_0/M_AXI_MM2S} Slave {/zynq_ultra_ps_e_0/S_AXI_HP0_FPD} ddr_seg {Auto} intc_ip {New AXI SmartConnect} master_apm {0}}  [get_bd_intf_pins zynq_ultra_ps_e_0/S_AXI_HP0_FPD]
Slave segment '/zynq_ultra_ps_e_0/SAXIGP2/HP0_DDR_LOW' is being assigned into address space '/axi_dma_0/Data_MM2S' at <0x0000_0000 [ 2G ]>.
Slave segment '/zynq_ultra_ps_e_0/SAXIGP2/HP0_LPS_OCM' is being assigned into address space '/axi_dma_0/Data_MM2S' at <0xFF00_0000 [ 16M ]>.
WARNING: [BD 41-1051] Slave segment '/zynq_ultra_ps_e_0/SAXIGP2/HP0_LPS_OCM' with 'register' usage does not match address space '/axi_dma_0/Data_MM2S' with 'memory' usage so will be excluded from this address space. Please use the 'include_bd_addr_seg' command to override this precaution if required.
Excluding slave segment /zynq_ultra_ps_e_0/SAXIGP2/HP0_LPS_OCM from address space /axi_dma_0/Data_MM2S.
# endgroup
# startgroup
# apply_bd_automation -rule xilinx.com:bd_rule:axi4 -config { Clk_master {Auto} Clk_slave {/zynq_ultra_ps_e_0/pl_clk0 (100 MHz)} Clk_xbar {/zynq_ultra_ps_e_0/pl_clk0 (100 MHz)} Master {/axi_dma_0/M_AXI_S2MM} Slave {/zynq_ultra_ps_e_0/S_AXI_HP0_FPD} ddr_seg {Auto} intc_ip {/axi_smc} master_apm {0}}  [get_bd_intf_pins axi_dma_0/M_AXI_S2MM]
Slave segment '/zynq_ultra_ps_e_0/SAXIGP2/HP0_DDR_LOW' is being assigned into address space '/axi_dma_0/Data_S2MM' at <0x0000_0000 [ 2G ]>.
Slave segment '/zynq_ultra_ps_e_0/SAXIGP2/HP0_LPS_OCM' is being assigned into address space '/axi_dma_0/Data_S2MM' at <0xFF00_0000 [ 16M ]>.
WARNING: [BD 41-1051] Slave segment '/zynq_ultra_ps_e_0/SAXIGP2/HP0_LPS_OCM' with 'register' usage does not match address space '/axi_dma_0/Data_S2MM' with 'memory' usage so will be excluded from this address space. Please use the 'include_bd_addr_seg' command to override this precaution if required.
Excluding slave segment /zynq_ultra_ps_e_0/SAXIGP2/HP0_LPS_OCM from address space /axi_dma_0/Data_S2MM.
# apply_bd_automation -rule xilinx.com:bd_rule:axi4 -config { Clk_master {Auto} Clk_slave {/zynq_ultra_ps_e_0/pl_clk0 (100 MHz)} Clk_xbar {/zynq_ultra_ps_e_0/pl_clk0 (100 MHz)} Master {/zynq_ultra_ps_e_0/M_AXI_HPM1_FPD} Slave {/axi_dma_0/S_AXI_LITE} ddr_seg {Auto} intc_ip {/ps8_0_axi_periph} master_apm {0}}  [get_bd_intf_pins zynq_ultra_ps_e_0/M_AXI_HPM1_FPD]
WARNING: [xilinx.com:ip:zynq_ultra_ps_e:3.3-1] /zynq_ultra_ps_e_0</axi_smc/M00_AXI> of </axi_smc> is connected to </zynq_ultra_ps_e_0>. To avoid loops, any interface from </zynq_ultra_ps_e_0> should not be connected to </zynq_ultra_ps_e_0> using </axi_smc>
# endgroup
# startgroup
# create_bd_cell -type ip -vlnv xilinx.com:hls:${myproject}_axi:1.0 ${myproject}_axi_0
# endgroup
# connect_bd_intf_net [get_bd_intf_pins myproject_axi_0/out_r] [get_bd_intf_pins axi_dma_0/S_AXIS_S2MM]
# connect_bd_intf_net [get_bd_intf_pins myproject_axi_0/in_r] [get_bd_intf_pins axi_dma_0/M_AXIS_MM2S]
# apply_bd_automation -rule xilinx.com:bd_rule:clkrst -config { Clk {/zynq_ultra_ps_e_0/pl_clk0 (100 MHz)} Freq {100} Ref_Clk0 {} Ref_Clk1 {} Ref_Clk2 {}}  [get_bd_pins myproject_axi_0/ap_clk]
# group_bd_cells hier_0 [get_bd_cells axi_dma_0] [get_bd_cells myproject_axi_0]
# make_wrapper -files [get_files ./${myproject}_vivado_accelerator/project_1.srcs/sources_1/bd/design_1/design_1.bd] -top
INFO: [PSU-1]  DP_AUDIO clock source: RPLL is also being used by other peripheral clocks. Their outputs may get impacted if any driver changes DP_AUDIO PLL source to support runtime audio change 
INFO: [PSU-1]  DP_AUDIO clock source: RPLL is also being used by other peripheral clocks. Their outputs may get impacted if any driver changes DP_AUDIO PLL source to support runtime audio change 
INFO: [PSU-1]  DP_AUDIO clock source: RPLL is also being used by other peripheral clocks. Their outputs may get impacted if any driver changes DP_AUDIO PLL source to support runtime audio change 
INFO: [PSU-1]  DP_AUDIO clock source: RPLL is also being used by other peripheral clocks. Their outputs may get impacted if any driver changes DP_AUDIO PLL source to support runtime audio change 
INFO: [xilinx.com:ip:smartconnect:1.0-1] design_1_axi_smc_0: SmartConnect design_1_axi_smc_0 is in High-performance Mode.
INFO: [Ipptcl 7-1463] No Compatible Board Interface found. Board Tab not created in customize GUI
WARNING: [BD 41-237] Bus Interface property AWUSER_WIDTH does not match between /ps8_0_axi_periph/s00_couplers/auto_ds/S_AXI(0) and /zynq_ultra_ps_e_0/M_AXI_HPM0_FPD(16)
WARNING: [BD 41-237] Bus Interface property ARUSER_WIDTH does not match between /ps8_0_axi_periph/s00_couplers/auto_ds/S_AXI(0) and /zynq_ultra_ps_e_0/M_AXI_HPM0_FPD(16)
WARNING: [BD 41-237] Bus Interface property AWUSER_WIDTH does not match between /ps8_0_axi_periph/s01_couplers/auto_ds/S_AXI(0) and /zynq_ultra_ps_e_0/M_AXI_HPM1_FPD(16)
WARNING: [BD 41-237] Bus Interface property ARUSER_WIDTH does not match between /ps8_0_axi_periph/s01_couplers/auto_ds/S_AXI(0) and /zynq_ultra_ps_e_0/M_AXI_HPM1_FPD(16)
WARNING: [BD 41-237] Bus Interface property AWUSER_WIDTH does not match between /zynq_ultra_ps_e_0/S_AXI_HP0_FPD(1) and /axi_smc/M00_AXI(0)
WARNING: [BD 41-237] Bus Interface property ARUSER_WIDTH does not match between /zynq_ultra_ps_e_0/S_AXI_HP0_FPD(1) and /axi_smc/M00_AXI(0)
Wrote  : </home/nghielme/PycharmProjects/aca-project/wrapper_heavily_unbalanced/myproject_vivado_accelerator/project_1.srcs/sources_1/bd/design_1/design_1.bd> 
VHDL Output written to : /home/nghielme/PycharmProjects/aca-project/wrapper_heavily_unbalanced/myproject_vivado_accelerator/project_1.gen/sources_1/bd/design_1/synth/design_1.v
VHDL Output written to : /home/nghielme/PycharmProjects/aca-project/wrapper_heavily_unbalanced/myproject_vivado_accelerator/project_1.gen/sources_1/bd/design_1/sim/design_1.v
VHDL Output written to : /home/nghielme/PycharmProjects/aca-project/wrapper_heavily_unbalanced/myproject_vivado_accelerator/project_1.gen/sources_1/bd/design_1/hdl/design_1_wrapper.v
# add_files -norecurse ./${myproject}_vivado_accelerator/project_1.srcs/sources_1/bd/design_1/hdl/design_1_wrapper.v
INFO: [Project 1-1716] Could not find the wrapper file ./myproject_vivado_accelerator/project_1.srcs/sources_1/bd/design_1/hdl/design_1_wrapper.v, checking in project .gen location instead.
INFO: [Vivado 12-12390] Found file ./myproject_vivado_accelerator/project_1.gen/sources_1/bd/design_1/hdl/design_1_wrapper.v, adding it to Project
# reset_run impl_1
# reset_run synth_1
# launch_runs impl_1 -to_step write_bitstream -jobs 6
INFO: [BD 41-1662] The design 'design_1.bd' is already validated. Therefore parameter propagation will not be re-run.
VHDL Output written to : /home/nghielme/PycharmProjects/aca-project/wrapper_heavily_unbalanced/myproject_vivado_accelerator/project_1.gen/sources_1/bd/design_1/synth/design_1.v
VHDL Output written to : /home/nghielme/PycharmProjects/aca-project/wrapper_heavily_unbalanced/myproject_vivado_accelerator/project_1.gen/sources_1/bd/design_1/sim/design_1.v
VHDL Output written to : /home/nghielme/PycharmProjects/aca-project/wrapper_heavily_unbalanced/myproject_vivado_accelerator/project_1.gen/sources_1/bd/design_1/hdl/design_1_wrapper.v
INFO: [xilinx.com:ip:zynq_ultra_ps_e:3.3-0] design_1_zynq_ultra_ps_e_0_0: 
Changes in your design (including the PCW configuration settings) are not automatically exported from Vivado to Xilinx's SDK, Petalinux or Yocto.
This is by design to avoid disrupting existing embedded development efforts. To have any changes of your design taking effect in the embedded software flow please export your
design by going through Vivado's main menu, click on File, then Export finally select Export Hardware, please ensure you click on the Include BitStream option.
The auto-generated HDF file is all you need to import in Xilinx's SDK, Petalinux or Yocto for your changes to be reflected in the Embedded Software Flow.
For more information, please consult PG201, section: Exporting PCW Settings to Embedded Software Flows
INFO: [PSU-0] Address Range of DDR (0x7ff00000 to 0x7fffffff) is reserved by PMU for internal purpose.
INFO: [IP_Flow 19-5611] Unable to find an associated reset port for the interface 'M_AXI_HPM0_FPD'. A default connection has been created.
INFO: [IP_Flow 19-5611] Unable to find an associated reset port for the interface 'M_AXI_HPM1_FPD'. A default connection has been created.
INFO: [IP_Flow 19-5611] Unable to find an associated reset port for the interface 'S_AXI_HP0_FPD'. A default connection has been created.
INFO: [BD 41-1029] Generation completed for the IP Integrator block zynq_ultra_ps_e_0 .
INFO: [BD 41-1029] Generation completed for the IP Integrator block ps8_0_axi_periph/xbar .
WARNING: [IP_Flow 19-4994] Overwriting existing constraint file '/home/nghielme/PycharmProjects/aca-project/wrapper_heavily_unbalanced/myproject_vivado_accelerator/project_1.gen/sources_1/bd/design_1/ip/design_1_auto_ds_0/design_1_auto_ds_0_ooc.xdc'
INFO: [IP_Flow 19-5611] Unable to find an associated reset port for the interface 'S_AXI'. A default connection has been created.
INFO: [IP_Flow 19-5611] Unable to find an associated reset port for the interface 'M_AXI'. A default connection has been created.
INFO: [BD 41-1029] Generation completed for the IP Integrator block ps8_0_axi_periph/s00_couplers/auto_ds .
WARNING: [IP_Flow 19-4994] Overwriting existing constraint file '/home/nghielme/PycharmProjects/aca-project/wrapper_heavily_unbalanced/myproject_vivado_accelerator/project_1.gen/sources_1/bd/design_1/ip/design_1_auto_pc_0/design_1_auto_pc_0_ooc.xdc'
INFO: [BD 41-1029] Generation completed for the IP Integrator block ps8_0_axi_periph/s00_couplers/auto_pc .
WARNING: [IP_Flow 19-4994] Overwriting existing constraint file '/home/nghielme/PycharmProjects/aca-project/wrapper_heavily_unbalanced/myproject_vivado_accelerator/project_1.gen/sources_1/bd/design_1/ip/design_1_auto_ds_1/design_1_auto_ds_1_ooc.xdc'
INFO: [IP_Flow 19-5611] Unable to find an associated reset port for the interface 'S_AXI'. A default connection has been created.
INFO: [IP_Flow 19-5611] Unable to find an associated reset port for the interface 'M_AXI'. A default connection has been created.
INFO: [BD 41-1029] Generation completed for the IP Integrator block ps8_0_axi_periph/s01_couplers/auto_ds .
WARNING: [IP_Flow 19-4994] Overwriting existing constraint file '/home/nghielme/PycharmProjects/aca-project/wrapper_heavily_unbalanced/myproject_vivado_accelerator/project_1.gen/sources_1/bd/design_1/ip/design_1_auto_pc_1/design_1_auto_pc_1_ooc.xdc'
INFO: [BD 41-1029] Generation completed for the IP Integrator block ps8_0_axi_periph/s01_couplers/auto_pc .
INFO: [BD 41-1029] Generation completed for the IP Integrator block rst_ps8_0_100M .
Exporting to file /home/nghielme/PycharmProjects/aca-project/wrapper_heavily_unbalanced/myproject_vivado_accelerator/project_1.gen/sources_1/bd/design_1/ip/design_1_axi_smc_0/bd_0/hw_handoff/design_1_axi_smc_0.hwh
Generated Hardware Definition File /home/nghielme/PycharmProjects/aca-project/wrapper_heavily_unbalanced/myproject_vivado_accelerator/project_1.gen/sources_1/bd/design_1/ip/design_1_axi_smc_0/bd_0/synth/design_1_axi_smc_0.hwdef
INFO: [BD 41-1029] Generation completed for the IP Integrator block axi_smc .
INFO: [BD 41-1029] Generation completed for the IP Integrator block hier_0/axi_dma_0 .
INFO: [BD 41-1029] Generation completed for the IP Integrator block hier_0/myproject_axi_0 .
Exporting to file /home/nghielme/PycharmProjects/aca-project/wrapper_heavily_unbalanced/myproject_vivado_accelerator/project_1.gen/sources_1/bd/design_1/hw_handoff/design_1.hwh
Generated Hardware Definition File /home/nghielme/PycharmProjects/aca-project/wrapper_heavily_unbalanced/myproject_vivado_accelerator/project_1.gen/sources_1/bd/design_1/synth/design_1.hwdef
[Wed Jun 29 03:03:48 2022] Launched design_1_xbar_0_synth_1, design_1_auto_ds_0_synth_1, design_1_auto_pc_0_synth_1, design_1_zynq_ultra_ps_e_0_0_synth_1, design_1_myproject_axi_0_0_synth_1, design_1_axi_dma_0_0_synth_1, design_1_auto_ds_1_synth_1, design_1_auto_pc_1_synth_1, design_1_rst_ps8_0_100M_0_synth_1, design_1_axi_smc_0_synth_1, synth_1...
Run output will be captured here:
design_1_xbar_0_synth_1: /home/nghielme/PycharmProjects/aca-project/wrapper_heavily_unbalanced/myproject_vivado_accelerator/project_1.runs/design_1_xbar_0_synth_1/runme.log
design_1_auto_ds_0_synth_1: /home/nghielme/PycharmProjects/aca-project/wrapper_heavily_unbalanced/myproject_vivado_accelerator/project_1.runs/design_1_auto_ds_0_synth_1/runme.log
design_1_auto_pc_0_synth_1: /home/nghielme/PycharmProjects/aca-project/wrapper_heavily_unbalanced/myproject_vivado_accelerator/project_1.runs/design_1_auto_pc_0_synth_1/runme.log
design_1_zynq_ultra_ps_e_0_0_synth_1: /home/nghielme/PycharmProjects/aca-project/wrapper_heavily_unbalanced/myproject_vivado_accelerator/project_1.runs/design_1_zynq_ultra_ps_e_0_0_synth_1/runme.log
design_1_myproject_axi_0_0_synth_1: /home/nghielme/PycharmProjects/aca-project/wrapper_heavily_unbalanced/myproject_vivado_accelerator/project_1.runs/design_1_myproject_axi_0_0_synth_1/runme.log
design_1_axi_dma_0_0_synth_1: /home/nghielme/PycharmProjects/aca-project/wrapper_heavily_unbalanced/myproject_vivado_accelerator/project_1.runs/design_1_axi_dma_0_0_synth_1/runme.log
design_1_auto_ds_1_synth_1: /home/nghielme/PycharmProjects/aca-project/wrapper_heavily_unbalanced/myproject_vivado_accelerator/project_1.runs/design_1_auto_ds_1_synth_1/runme.log
design_1_auto_pc_1_synth_1: /home/nghielme/PycharmProjects/aca-project/wrapper_heavily_unbalanced/myproject_vivado_accelerator/project_1.runs/design_1_auto_pc_1_synth_1/runme.log
design_1_rst_ps8_0_100M_0_synth_1: /home/nghielme/PycharmProjects/aca-project/wrapper_heavily_unbalanced/myproject_vivado_accelerator/project_1.runs/design_1_rst_ps8_0_100M_0_synth_1/runme.log
design_1_axi_smc_0_synth_1: /home/nghielme/PycharmProjects/aca-project/wrapper_heavily_unbalanced/myproject_vivado_accelerator/project_1.runs/design_1_axi_smc_0_synth_1/runme.log
synth_1: /home/nghielme/PycharmProjects/aca-project/wrapper_heavily_unbalanced/myproject_vivado_accelerator/project_1.runs/synth_1/runme.log
[Wed Jun 29 03:03:48 2022] Launched impl_1...
Run output will be captured here: /home/nghielme/PycharmProjects/aca-project/wrapper_heavily_unbalanced/myproject_vivado_accelerator/project_1.runs/impl_1/runme.log
launch_runs: Time (s): cpu = 00:00:20 ; elapsed = 00:00:21 . Memory (MB): peak = 2960.277 ; gain = 208.102 ; free physical = 36416 ; free virtual = 46022
# wait_on_run -timeout 360 impl_1
[Wed Jun 29 03:03:48 2022] Waiting for impl_1 to finish (timeout in 360 minutes)...

*** Running vivado
    with args -log design_1_wrapper.vdi -applog -m64 -product Vivado -messageDb vivado.pb -mode batch -source design_1_wrapper.tcl -notrace


****** Vivado v2021.2 (64-bit)
  **** SW Build 3367213 on Tue Oct 19 02:47:39 MDT 2021
  **** IP Build 3369179 on Thu Oct 21 08:25:16 MDT 2021
    ** Copyright 1986-2021 Xilinx, Inc. All Rights Reserved.

source design_1_wrapper.tcl -notrace
INFO: [IP_Flow 19-234] Refreshing IP repositories
INFO: [IP_Flow 19-1700] Loaded user IP repository '/home/nghielme/PycharmProjects/aca-project/wrapper_heavily_unbalanced/myproject_prj'.
INFO: [IP_Flow 19-2313] Loaded Vivado IP repository '/opt/Xilinx/Vivado/2021.2/data/ip'.
Command: link_design -top design_1_wrapper -part xczu3eg-sbva484-1-e
Design is defaulting to srcset: sources_1
Design is defaulting to constrset: constrs_1
INFO: [Device 21-403] Loading part xczu3eg-sbva484-1-e
INFO: [Project 1-454] Reading design checkpoint '/home/nghielme/PycharmProjects/aca-project/wrapper_heavily_unbalanced/myproject_vivado_accelerator/project_1.gen/sources_1/bd/design_1/ip/design_1_axi_smc_0/design_1_axi_smc_0.dcp' for cell 'design_1_i/axi_smc'
INFO: [Project 1-454] Reading design checkpoint '/home/nghielme/PycharmProjects/aca-project/wrapper_heavily_unbalanced/myproject_vivado_accelerator/project_1.gen/sources_1/bd/design_1/ip/design_1_rst_ps8_0_100M_0/design_1_rst_ps8_0_100M_0.dcp' for cell 'design_1_i/rst_ps8_0_100M'
INFO: [Project 1-454] Reading design checkpoint '/home/nghielme/PycharmProjects/aca-project/wrapper_heavily_unbalanced/myproject_vivado_accelerator/project_1.gen/sources_1/bd/design_1/ip/design_1_zynq_ultra_ps_e_0_0/design_1_zynq_ultra_ps_e_0_0.dcp' for cell 'design_1_i/zynq_ultra_ps_e_0'
INFO: [Project 1-454] Reading design checkpoint '/home/nghielme/PycharmProjects/aca-project/wrapper_heavily_unbalanced/myproject_vivado_accelerator/project_1.gen/sources_1/bd/design_1/ip/design_1_axi_dma_0_0/design_1_axi_dma_0_0.dcp' for cell 'design_1_i/hier_0/axi_dma_0'
INFO: [Project 1-454] Reading design checkpoint '/home/nghielme/PycharmProjects/aca-project/wrapper_heavily_unbalanced/myproject_vivado_accelerator/project_1.gen/sources_1/bd/design_1/ip/design_1_myproject_axi_0_0/design_1_myproject_axi_0_0.dcp' for cell 'design_1_i/hier_0/myproject_axi_0'
INFO: [Project 1-454] Reading design checkpoint '/home/nghielme/PycharmProjects/aca-project/wrapper_heavily_unbalanced/myproject_vivado_accelerator/project_1.gen/sources_1/bd/design_1/ip/design_1_xbar_0/design_1_xbar_0.dcp' for cell 'design_1_i/ps8_0_axi_periph/xbar'
INFO: [Project 1-454] Reading design checkpoint '/home/nghielme/PycharmProjects/aca-project/wrapper_heavily_unbalanced/myproject_vivado_accelerator/project_1.gen/sources_1/bd/design_1/ip/design_1_auto_ds_0/design_1_auto_ds_0.dcp' for cell 'design_1_i/ps8_0_axi_periph/s00_couplers/auto_ds'
INFO: [Project 1-454] Reading design checkpoint '/home/nghielme/PycharmProjects/aca-project/wrapper_heavily_unbalanced/myproject_vivado_accelerator/project_1.gen/sources_1/bd/design_1/ip/design_1_auto_pc_0/design_1_auto_pc_0.dcp' for cell 'design_1_i/ps8_0_axi_periph/s00_couplers/auto_pc'
INFO: [Project 1-454] Reading design checkpoint '/home/nghielme/PycharmProjects/aca-project/wrapper_heavily_unbalanced/myproject_vivado_accelerator/project_1.gen/sources_1/bd/design_1/ip/design_1_auto_ds_1/design_1_auto_ds_1.dcp' for cell 'design_1_i/ps8_0_axi_periph/s01_couplers/auto_ds'
INFO: [Project 1-454] Reading design checkpoint '/home/nghielme/PycharmProjects/aca-project/wrapper_heavily_unbalanced/myproject_vivado_accelerator/project_1.gen/sources_1/bd/design_1/ip/design_1_auto_pc_1/design_1_auto_pc_1.dcp' for cell 'design_1_i/ps8_0_axi_periph/s01_couplers/auto_pc'
Netlist sorting complete. Time (s): cpu = 00:00:00.27 ; elapsed = 00:00:00.27 . Memory (MB): peak = 2742.566 ; gain = 0.000 ; free physical = 34845 ; free virtual = 44751
INFO: [Netlist 29-17] Analyzing 755 Unisim elements for replacement
INFO: [Netlist 29-28] Unisim Transformation completed in 0 CPU seconds
INFO: [Project 1-479] Netlist was created with Vivado 2021.2
INFO: [Project 1-570] Preparing netlist for logic optimization
Parsing XDC File [/home/nghielme/PycharmProjects/aca-project/wrapper_heavily_unbalanced/myproject_vivado_accelerator/project_1.gen/sources_1/bd/design_1/ip/design_1_zynq_ultra_ps_e_0_0/design_1_zynq_ultra_ps_e_0_0.xdc] for cell 'design_1_i/zynq_ultra_ps_e_0/inst'
Finished Parsing XDC File [/home/nghielme/PycharmProjects/aca-project/wrapper_heavily_unbalanced/myproject_vivado_accelerator/project_1.gen/sources_1/bd/design_1/ip/design_1_zynq_ultra_ps_e_0_0/design_1_zynq_ultra_ps_e_0_0.xdc] for cell 'design_1_i/zynq_ultra_ps_e_0/inst'
Parsing XDC File [/home/nghielme/PycharmProjects/aca-project/wrapper_heavily_unbalanced/myproject_vivado_accelerator/project_1.gen/sources_1/bd/design_1/ip/design_1_rst_ps8_0_100M_0/design_1_rst_ps8_0_100M_0_board.xdc] for cell 'design_1_i/rst_ps8_0_100M/U0'
Finished Parsing XDC File [/home/nghielme/PycharmProjects/aca-project/wrapper_heavily_unbalanced/myproject_vivado_accelerator/project_1.gen/sources_1/bd/design_1/ip/design_1_rst_ps8_0_100M_0/design_1_rst_ps8_0_100M_0_board.xdc] for cell 'design_1_i/rst_ps8_0_100M/U0'
Parsing XDC File [/home/nghielme/PycharmProjects/aca-project/wrapper_heavily_unbalanced/myproject_vivado_accelerator/project_1.gen/sources_1/bd/design_1/ip/design_1_rst_ps8_0_100M_0/design_1_rst_ps8_0_100M_0.xdc] for cell 'design_1_i/rst_ps8_0_100M/U0'
Finished Parsing XDC File [/home/nghielme/PycharmProjects/aca-project/wrapper_heavily_unbalanced/myproject_vivado_accelerator/project_1.gen/sources_1/bd/design_1/ip/design_1_rst_ps8_0_100M_0/design_1_rst_ps8_0_100M_0.xdc] for cell 'design_1_i/rst_ps8_0_100M/U0'
Parsing XDC File [/home/nghielme/PycharmProjects/aca-project/wrapper_heavily_unbalanced/myproject_vivado_accelerator/project_1.gen/sources_1/bd/design_1/ip/design_1_axi_smc_0/bd_0/ip/ip_1/bd_afc3_psr_aclk_0_board.xdc] for cell 'design_1_i/axi_smc/inst/clk_map/psr_aclk/U0'
Finished Parsing XDC File [/home/nghielme/PycharmProjects/aca-project/wrapper_heavily_unbalanced/myproject_vivado_accelerator/project_1.gen/sources_1/bd/design_1/ip/design_1_axi_smc_0/bd_0/ip/ip_1/bd_afc3_psr_aclk_0_board.xdc] for cell 'design_1_i/axi_smc/inst/clk_map/psr_aclk/U0'
Parsing XDC File [/home/nghielme/PycharmProjects/aca-project/wrapper_heavily_unbalanced/myproject_vivado_accelerator/project_1.gen/sources_1/bd/design_1/ip/design_1_axi_smc_0/bd_0/ip/ip_1/bd_afc3_psr_aclk_0.xdc] for cell 'design_1_i/axi_smc/inst/clk_map/psr_aclk/U0'
Finished Parsing XDC File [/home/nghielme/PycharmProjects/aca-project/wrapper_heavily_unbalanced/myproject_vivado_accelerator/project_1.gen/sources_1/bd/design_1/ip/design_1_axi_smc_0/bd_0/ip/ip_1/bd_afc3_psr_aclk_0.xdc] for cell 'design_1_i/axi_smc/inst/clk_map/psr_aclk/U0'
Parsing XDC File [/home/nghielme/PycharmProjects/aca-project/wrapper_heavily_unbalanced/myproject_vivado_accelerator/project_1.gen/sources_1/bd/design_1/ip/design_1_axi_dma_0_0/design_1_axi_dma_0_0.xdc] for cell 'design_1_i/hier_0/axi_dma_0/U0'
WARNING: [Vivado_Tcl 4-921] Waiver ID 'CDC-1' -to list should not be empty. [/home/nghielme/PycharmProjects/aca-project/wrapper_heavily_unbalanced/myproject_vivado_accelerator/project_1.gen/sources_1/bd/design_1/ip/design_1_axi_dma_0_0/design_1_axi_dma_0_0.xdc:52]
WARNING: [Vivado_Tcl 4-921] Waiver ID 'CDC-1' -to list should not be empty. [/home/nghielme/PycharmProjects/aca-project/wrapper_heavily_unbalanced/myproject_vivado_accelerator/project_1.gen/sources_1/bd/design_1/ip/design_1_axi_dma_0_0/design_1_axi_dma_0_0.xdc:56]
WARNING: [Vivado_Tcl 4-919] Waiver ID 'CDC-1' -from list should not be empty. [/home/nghielme/PycharmProjects/aca-project/wrapper_heavily_unbalanced/myproject_vivado_accelerator/project_1.gen/sources_1/bd/design_1/ip/design_1_axi_dma_0_0/design_1_axi_dma_0_0.xdc:61]
Finished Parsing XDC File [/home/nghielme/PycharmProjects/aca-project/wrapper_heavily_unbalanced/myproject_vivado_accelerator/project_1.gen/sources_1/bd/design_1/ip/design_1_axi_dma_0_0/design_1_axi_dma_0_0.xdc] for cell 'design_1_i/hier_0/axi_dma_0/U0'
Parsing XDC File [/home/nghielme/PycharmProjects/aca-project/wrapper_heavily_unbalanced/myproject_vivado_accelerator/project_1.gen/sources_1/bd/design_1/ip/design_1_auto_ds_0/design_1_auto_ds_0_clocks.xdc] for cell 'design_1_i/ps8_0_axi_periph/s00_couplers/auto_ds/inst'
Finished Parsing XDC File [/home/nghielme/PycharmProjects/aca-project/wrapper_heavily_unbalanced/myproject_vivado_accelerator/project_1.gen/sources_1/bd/design_1/ip/design_1_auto_ds_0/design_1_auto_ds_0_clocks.xdc] for cell 'design_1_i/ps8_0_axi_periph/s00_couplers/auto_ds/inst'
Parsing XDC File [/home/nghielme/PycharmProjects/aca-project/wrapper_heavily_unbalanced/myproject_vivado_accelerator/project_1.gen/sources_1/bd/design_1/ip/design_1_auto_ds_1/design_1_auto_ds_1_clocks.xdc] for cell 'design_1_i/ps8_0_axi_periph/s01_couplers/auto_ds/inst'
Finished Parsing XDC File [/home/nghielme/PycharmProjects/aca-project/wrapper_heavily_unbalanced/myproject_vivado_accelerator/project_1.gen/sources_1/bd/design_1/ip/design_1_auto_ds_1/design_1_auto_ds_1_clocks.xdc] for cell 'design_1_i/ps8_0_axi_periph/s01_couplers/auto_ds/inst'
Parsing XDC File [/home/nghielme/PycharmProjects/aca-project/wrapper_heavily_unbalanced/myproject_vivado_accelerator/project_1.gen/sources_1/bd/design_1/ip/design_1_axi_dma_0_0/design_1_axi_dma_0_0_clocks.xdc] for cell 'design_1_i/hier_0/axi_dma_0/U0'
Finished Parsing XDC File [/home/nghielme/PycharmProjects/aca-project/wrapper_heavily_unbalanced/myproject_vivado_accelerator/project_1.gen/sources_1/bd/design_1/ip/design_1_axi_dma_0_0/design_1_axi_dma_0_0_clocks.xdc] for cell 'design_1_i/hier_0/axi_dma_0/U0'
INFO: [Project 1-1714] 50 XPM XDC files have been applied to the design.
INFO: [Opt 31-138] Pushed 0 inverter(s) to 0 load pin(s).
Netlist sorting complete. Time (s): cpu = 00:00:00 ; elapsed = 00:00:00.01 . Memory (MB): peak = 3029.168 ; gain = 0.000 ; free physical = 34687 ; free virtual = 44594
INFO: [Project 1-111] Unisim Transformation Summary:
  A total of 90 instances were transformed.
  RAM16X1D => RAM32X1D (RAMD32(x2)): 1 instance 
  RAM32M => RAM32M (RAMD32(x6), RAMS32(x2)): 1 instance 
  RAM32M16 => RAM32M16 (RAMD32(x14), RAMS32(x2)): 84 instances
  RAM32X1D => RAM32X1D (RAMD32(x2)): 4 instances

21 Infos, 3 Warnings, 0 Critical Warnings and 0 Errors encountered.
link_design completed successfully
link_design: Time (s): cpu = 00:00:14 ; elapsed = 00:00:14 . Memory (MB): peak = 3029.168 ; gain = 341.809 ; free physical = 34687 ; free virtual = 44594
Command: opt_design
Attempting to get a license for feature 'Implementation' and/or device 'xczu3eg'
INFO: [Common 17-349] Got license for feature 'Implementation' and/or device 'xczu3eg'
Running DRC as a precondition to command opt_design

Starting DRC Task
INFO: [DRC 23-27] Running DRC with 8 threads
INFO: [Project 1-461] DRC finished with 0 Errors
INFO: [Project 1-462] Please refer to the DRC report (report_drc) for more information.

Time (s): cpu = 00:00:02 ; elapsed = 00:00:00.97 . Memory (MB): peak = 3029.168 ; gain = 0.000 ; free physical = 34676 ; free virtual = 44583

Starting Cache Timing Information Task
INFO: [Timing 38-35] Done setting XDC timing constraints.
Ending Cache Timing Information Task | Checksum: ad1b450d

Time (s): cpu = 00:00:02 ; elapsed = 00:00:02 . Memory (MB): peak = 3213.000 ; gain = 183.832 ; free physical = 34477 ; free virtual = 44385

Starting Logic Optimization Task

Phase 1 Retarget
INFO: [Opt 31-1287] Pulled Inverter design_1_i/hier_0/axi_dma_0/U0/I_PRMRY_DATAMOVER/GEN_S2MM_FULL.I_S2MM_FULL_WRAPPER/GEN_ENABLE_INDET_BTT_SF.I_INDET_BTT/I_XD_FIFO/NON_BLK_MEM.I_SYNC_FIFOGEN_FIFO/xpm_fifo_instance.xpm_fifo_sync_inst_i_1__0 into driver instance design_1_i/hier_0/axi_dma_0/U0/I_PRMRY_DATAMOVER/GEN_S2MM_FULL.I_S2MM_FULL_WRAPPER/GEN_ENABLE_INDET_BTT_SF.I_INDET_BTT/I_XD_FIFO/NON_BLK_MEM.I_SYNC_FIFOGEN_FIFO/INFERRED_GEN.cnt_i[4]_i_3, which resulted in an inversion of 14 pins
INFO: [Opt 31-1287] Pulled Inverter design_1_i/hier_0/axi_dma_0/U0/I_PRMRY_DATAMOVER/GEN_S2MM_FULL.I_S2MM_FULL_WRAPPER/GEN_INCLUDE_IBTTCC.I_S2MM_MSTR_IBTTCC/sig_realign_cmd_cmplt_reg_i_1 into driver instance design_1_i/hier_0/axi_dma_0/U0/I_PRMRY_DATAMOVER/GEN_S2MM_FULL.I_S2MM_FULL_WRAPPER/GEN_INCLUDE_IBTTCC.I_S2MM_MSTR_IBTTCC/sig_realigner_btt2[25]_i_2, which resulted in an inversion of 19 pins
INFO: [Opt 31-1287] Pulled Inverter design_1_i/hier_0/myproject_axi_0/inst/icmp_ln1011_reg_3547[0]_i_25 into driver instance design_1_i/hier_0/myproject_axi_0/inst/sub_ln997_reg_3541[4]_i_2, which resulted in an inversion of 62 pins
INFO: [Opt 31-1287] Pulled Inverter design_1_i/hier_0/myproject_axi_0/inst/trunc_ln996_reg_3557[0]_i_1 into driver instance design_1_i/hier_0/myproject_axi_0/inst/trunc_ln996_reg_3557[0]_i_2, which resulted in an inversion of 10 pins
INFO: [Opt 31-1287] Pulled Inverter design_1_i/ps8_0_axi_periph/s00_couplers/auto_ds/inst/gen_downsizer.gen_simple_downsizer.axi_downsizer_inst/USE_READ.read_addr_inst/cmd_queue/inst/current_word_1[3]_i_1 into driver instance design_1_i/ps8_0_axi_periph/s00_couplers/auto_ds/inst/gen_downsizer.gen_simple_downsizer.axi_downsizer_inst/USE_READ.read_addr_inst/cmd_queue/inst/s_axi_rvalid_INST_0_i_3, which resulted in an inversion of 2 pins
INFO: [Opt 31-1287] Pulled Inverter design_1_i/ps8_0_axi_periph/s00_couplers/auto_ds/inst/gen_downsizer.gen_simple_downsizer.axi_downsizer_inst/USE_WRITE.USE_SPLIT.write_resp_inst/first_mi_word_i_2 into driver instance design_1_i/ps8_0_axi_periph/s00_couplers/auto_ds/inst/gen_downsizer.gen_simple_downsizer.axi_downsizer_inst/USE_WRITE.USE_SPLIT.write_resp_inst/s_axi_bvalid_INST_0_i_1, which resulted in an inversion of 5 pins
INFO: [Opt 31-1287] Pulled Inverter design_1_i/ps8_0_axi_periph/s01_couplers/auto_ds/inst/gen_downsizer.gen_simple_downsizer.axi_downsizer_inst/USE_READ.read_addr_inst/cmd_queue/inst/current_word_1[3]_i_1 into driver instance design_1_i/ps8_0_axi_periph/s01_couplers/auto_ds/inst/gen_downsizer.gen_simple_downsizer.axi_downsizer_inst/USE_READ.read_addr_inst/cmd_queue/inst/s_axi_rvalid_INST_0_i_3, which resulted in an inversion of 2 pins
INFO: [Opt 31-1287] Pulled Inverter design_1_i/ps8_0_axi_periph/s01_couplers/auto_ds/inst/gen_downsizer.gen_simple_downsizer.axi_downsizer_inst/USE_WRITE.USE_SPLIT.write_resp_inst/first_mi_word_i_2 into driver instance design_1_i/ps8_0_axi_periph/s01_couplers/auto_ds/inst/gen_downsizer.gen_simple_downsizer.axi_downsizer_inst/USE_WRITE.USE_SPLIT.write_resp_inst/s_axi_bvalid_INST_0_i_1, which resulted in an inversion of 5 pins
INFO: [Opt 31-138] Pushed 60 inverter(s) to 1939 load pin(s).
INFO: [Opt 31-49] Retargeted 0 cell(s).
Phase 1 Retarget | Checksum: 7dac6341

Time (s): cpu = 00:00:02 ; elapsed = 00:00:00.92 . Memory (MB): peak = 3469.984 ; gain = 0.000 ; free physical = 34269 ; free virtual = 44177
INFO: [Opt 31-389] Phase Retarget created 89 cells and removed 770 cells
INFO: [Opt 31-1021] In phase Retarget, 84 netlist objects are constrained preventing optimization. Please run opt_design with -debug_log to get more detail. 

Phase 2 Constant propagation
INFO: [Opt 31-138] Pushed 0 inverter(s) to 0 load pin(s).
Phase 2 Constant propagation | Checksum: 1697e4c44

Time (s): cpu = 00:00:02 ; elapsed = 00:00:01 . Memory (MB): peak = 3469.984 ; gain = 0.000 ; free physical = 34269 ; free virtual = 44177
INFO: [Opt 31-389] Phase Constant propagation created 799 cells and removed 3297 cells
INFO: [Opt 31-1021] In phase Constant propagation, 94 netlist objects are constrained preventing optimization. Please run opt_design with -debug_log to get more detail. 

Phase 3 Sweep
Phase 3 Sweep | Checksum: 11e2fbdfb

Time (s): cpu = 00:00:03 ; elapsed = 00:00:02 . Memory (MB): peak = 3469.984 ; gain = 0.000 ; free physical = 34265 ; free virtual = 44173
INFO: [Opt 31-389] Phase Sweep created 0 cells and removed 417 cells
INFO: [Opt 31-1021] In phase Sweep, 244 netlist objects are constrained preventing optimization. Please run opt_design with -debug_log to get more detail. 

Phase 4 BUFG optimization
INFO: [Opt 31-1077] Phase BUFG optimization inserted 0 global clock buffer(s) for CLOCK_LOW_FANOUT.
Phase 4 BUFG optimization | Checksum: 11e2fbdfb

Time (s): cpu = 00:00:03 ; elapsed = 00:00:03 . Memory (MB): peak = 3469.984 ; gain = 0.000 ; free physical = 34246 ; free virtual = 44154
INFO: [Opt 31-662] Phase BUFG optimization created 0 cells of which 0 are BUFGs and removed 0 cells.

Phase 5 Shift Register Optimization
INFO: [Opt 31-1064] SRL Remap converted 0 SRLs to 0 registers and converted 0 registers of register chains to 0 SRLs
Phase 5 Shift Register Optimization | Checksum: 11e2fbdfb

Time (s): cpu = 00:00:03 ; elapsed = 00:00:03 . Memory (MB): peak = 3469.984 ; gain = 0.000 ; free physical = 34241 ; free virtual = 44149
INFO: [Opt 31-389] Phase Shift Register Optimization created 0 cells and removed 0 cells

Phase 6 Post Processing Netlist
Phase 6 Post Processing Netlist | Checksum: 11e2fbdfb

Time (s): cpu = 00:00:03 ; elapsed = 00:00:03 . Memory (MB): peak = 3469.984 ; gain = 0.000 ; free physical = 34229 ; free virtual = 44137
INFO: [Opt 31-389] Phase Post Processing Netlist created 0 cells and removed 0 cells
INFO: [Opt 31-1021] In phase Post Processing Netlist, 96 netlist objects are constrained preventing optimization. Please run opt_design with -debug_log to get more detail. 
Opt_design Change Summary
=========================


-------------------------------------------------------------------------------------------------------------------------
|  Phase                        |  #Cells created  |  #Cells Removed  |  #Constrained objects preventing optimizations  |
-------------------------------------------------------------------------------------------------------------------------
|  Retarget                     |              89  |             770  |                                             84  |
|  Constant propagation         |             799  |            3297  |                                             94  |
|  Sweep                        |               0  |             417  |                                            244  |
|  BUFG optimization            |               0  |               0  |                                              0  |
|  Shift Register Optimization  |               0  |               0  |                                              0  |
|  Post Processing Netlist      |               0  |               0  |                                             96  |
-------------------------------------------------------------------------------------------------------------------------



Starting Connectivity Check Task

Time (s): cpu = 00:00:00.03 ; elapsed = 00:00:00.03 . Memory (MB): peak = 3469.984 ; gain = 0.000 ; free physical = 34263 ; free virtual = 44171
Ending Logic Optimization Task | Checksum: 133a04a08

Time (s): cpu = 00:00:04 ; elapsed = 00:00:03 . Memory (MB): peak = 3469.984 ; gain = 0.000 ; free physical = 34263 ; free virtual = 44171

Starting Power Optimization Task
INFO: [Pwropt 34-132] Skipping clock gating for clocks with a period < 2.00 ns.
INFO: [Pwropt 34-9] Applying IDT optimizations ...
INFO: [Pwropt 34-10] Applying ODC optimizations ...
INFO: [Timing 38-35] Done setting XDC timing constraints.
Running Vector-less Activity Propagation...

Finished Running Vector-less Activity Propagation


Starting PowerOpt Patch Enables Task
INFO: [Pwropt 34-162] WRITE_MODE attribute of 0 BRAM(s) out of a total of 6 has been updated to save power. Run report_power_opt to get a complete listing of the BRAMs updated.
INFO: [Pwropt 34-201] Structural ODC has moved 4 WE to EN ports
Number of BRAM Ports augmented: 3 newly gated: 4 Total Ports: 12
Ending PowerOpt Patch Enables Task | Checksum: 1222d54fe

Time (s): cpu = 00:00:00.17 ; elapsed = 00:00:00.10 . Memory (MB): peak = 4097.652 ; gain = 0.000 ; free physical = 33862 ; free virtual = 43774
Ending Power Optimization Task | Checksum: 1222d54fe

Time (s): cpu = 00:00:10 ; elapsed = 00:00:08 . Memory (MB): peak = 4097.652 ; gain = 627.668 ; free physical = 33892 ; free virtual = 43804

Starting Final Cleanup Task
Ending Final Cleanup Task | Checksum: 1222d54fe

Time (s): cpu = 00:00:00 ; elapsed = 00:00:00 . Memory (MB): peak = 4097.652 ; gain = 0.000 ; free physical = 33892 ; free virtual = 43804

Starting Netlist Obfuscation Task
Netlist sorting complete. Time (s): cpu = 00:00:00 ; elapsed = 00:00:00 . Memory (MB): peak = 4097.652 ; gain = 0.000 ; free physical = 33892 ; free virtual = 43804
Ending Netlist Obfuscation Task | Checksum: 16fcb2b24

Time (s): cpu = 00:00:00 ; elapsed = 00:00:00 . Memory (MB): peak = 4097.652 ; gain = 0.000 ; free physical = 33892 ; free virtual = 43804
INFO: [Common 17-83] Releasing license: Implementation
56 Infos, 3 Warnings, 0 Critical Warnings and 0 Errors encountered.
opt_design completed successfully
opt_design: Time (s): cpu = 00:00:19 ; elapsed = 00:00:15 . Memory (MB): peak = 4097.652 ; gain = 1068.484 ; free physical = 33892 ; free virtual = 43804
INFO: [Timing 38-480] Writing timing data to binary archive.
INFO: [Common 17-1381] The checkpoint '/home/nghielme/PycharmProjects/aca-project/wrapper_heavily_unbalanced/myproject_vivado_accelerator/project_1.runs/impl_1/design_1_wrapper_opt.dcp' has been generated.
INFO: [runtcl-4] Executing : report_drc -file design_1_wrapper_drc_opted.rpt -pb design_1_wrapper_drc_opted.pb -rpx design_1_wrapper_drc_opted.rpx
Command: report_drc -file design_1_wrapper_drc_opted.rpt -pb design_1_wrapper_drc_opted.pb -rpx design_1_wrapper_drc_opted.rpx
INFO: [IP_Flow 19-1839] IP Catalog is up to date.
INFO: [Timing 38-35] Done setting XDC timing constraints.
INFO: [DRC 23-27] Running DRC with 8 threads
INFO: [Vivado_Tcl 2-168] The results of DRC are in file /home/nghielme/PycharmProjects/aca-project/wrapper_heavily_unbalanced/myproject_vivado_accelerator/project_1.runs/impl_1/design_1_wrapper_drc_opted.rpt.
report_drc completed successfully
report_drc: Time (s): cpu = 00:00:17 ; elapsed = 00:00:14 . Memory (MB): peak = 4610.797 ; gain = 513.145 ; free physical = 33268 ; free virtual = 43320
Command: place_design
Attempting to get a license for feature 'Implementation' and/or device 'xczu3eg'
INFO: [Common 17-349] Got license for feature 'Implementation' and/or device 'xczu3eg'
INFO: [DRC 23-27] Running DRC with 8 threads
INFO: [Vivado_Tcl 4-198] DRC finished with 0 Errors
INFO: [Vivado_Tcl 4-199] Please refer to the DRC report (report_drc) for more information.
Running DRC as a precondition to command place_design
INFO: [DRC 23-27] Running DRC with 8 threads
INFO: [Vivado_Tcl 4-198] DRC finished with 0 Errors
INFO: [Vivado_Tcl 4-199] Please refer to the DRC report (report_drc) for more information.

Starting Placer Task
INFO: [Place 30-611] Multithreading enabled for place_design using a maximum of 8 CPUs

Phase 1 Placer Initialization

Phase 1.1 Placer Initialization Netlist Sorting
Netlist sorting complete. Time (s): cpu = 00:00:00 ; elapsed = 00:00:00 . Memory (MB): peak = 4610.797 ; gain = 0.000 ; free physical = 33268 ; free virtual = 43320
Phase 1.1 Placer Initialization Netlist Sorting | Checksum: 9f13938c

Time (s): cpu = 00:00:00.01 ; elapsed = 00:00:00.03 . Memory (MB): peak = 4610.797 ; gain = 0.000 ; free physical = 33268 ; free virtual = 43320
Netlist sorting complete. Time (s): cpu = 00:00:00 ; elapsed = 00:00:00 . Memory (MB): peak = 4610.797 ; gain = 0.000 ; free physical = 33268 ; free virtual = 43320

Phase 1.2 IO Placement/ Clock Placement/ Build Placer Device
Phase 1.2 IO Placement/ Clock Placement/ Build Placer Device | Checksum: 14194e69e

Time (s): cpu = 00:00:02 ; elapsed = 00:00:01 . Memory (MB): peak = 4610.797 ; gain = 0.000 ; free physical = 33295 ; free virtual = 43351

Phase 1.3 Build Placer Netlist Model
Phase 1.3 Build Placer Netlist Model | Checksum: 1e4803098

Time (s): cpu = 00:00:08 ; elapsed = 00:00:04 . Memory (MB): peak = 4610.797 ; gain = 0.000 ; free physical = 33242 ; free virtual = 43300

Phase 1.4 Constrain Clocks/Macros
Phase 1.4 Constrain Clocks/Macros | Checksum: 1e4803098

Time (s): cpu = 00:00:08 ; elapsed = 00:00:04 . Memory (MB): peak = 4610.797 ; gain = 0.000 ; free physical = 33242 ; free virtual = 43300
Phase 1 Placer Initialization | Checksum: 1e4803098

Time (s): cpu = 00:00:08 ; elapsed = 00:00:04 . Memory (MB): peak = 4610.797 ; gain = 0.000 ; free physical = 33240 ; free virtual = 43298

Phase 2 Global Placement

Phase 2.1 Floorplanning

Phase 2.1.1 Partition Driven Placement

Phase 2.1.1.1 PBP: Partition Driven Placement
Phase 2.1.1.1 PBP: Partition Driven Placement | Checksum: 1fb1b2a7d

Time (s): cpu = 00:00:14 ; elapsed = 00:00:06 . Memory (MB): peak = 4610.797 ; gain = 0.000 ; free physical = 33220 ; free virtual = 43279

Phase 2.1.1.2 PBP: Clock Region Placement
Phase 2.1.1.2 PBP: Clock Region Placement | Checksum: 1fb1b2a7d

Time (s): cpu = 00:00:14 ; elapsed = 00:00:07 . Memory (MB): peak = 4610.797 ; gain = 0.000 ; free physical = 33215 ; free virtual = 43276

Phase 2.1.1.3 PBP: Compute Congestion
Phase 2.1.1.3 PBP: Compute Congestion | Checksum: 1fb1b2a7d

Time (s): cpu = 00:00:15 ; elapsed = 00:00:07 . Memory (MB): peak = 4647.156 ; gain = 36.359 ; free physical = 33137 ; free virtual = 43251

Phase 2.1.1.4 PBP: UpdateTiming
Phase 2.1.1.4 PBP: UpdateTiming | Checksum: 1d419ae73

Time (s): cpu = 00:00:16 ; elapsed = 00:00:08 . Memory (MB): peak = 4679.172 ; gain = 68.375 ; free physical = 33141 ; free virtual = 43255

Phase 2.1.1.5 PBP: Add part constraints
Phase 2.1.1.5 PBP: Add part constraints | Checksum: 1d419ae73

Time (s): cpu = 00:00:16 ; elapsed = 00:00:08 . Memory (MB): peak = 4679.172 ; gain = 68.375 ; free physical = 33141 ; free virtual = 43255
Phase 2.1.1 Partition Driven Placement | Checksum: 1d419ae73

Time (s): cpu = 00:00:16 ; elapsed = 00:00:08 . Memory (MB): peak = 4679.172 ; gain = 68.375 ; free physical = 33147 ; free virtual = 43260
Phase 2.1 Floorplanning | Checksum: 22bf2d173

Time (s): cpu = 00:00:16 ; elapsed = 00:00:08 . Memory (MB): peak = 4679.172 ; gain = 68.375 ; free physical = 33147 ; free virtual = 43260

Phase 2.2 Update Timing before SLR Path Opt
Phase 2.2 Update Timing before SLR Path Opt | Checksum: 22bf2d173

Time (s): cpu = 00:00:16 ; elapsed = 00:00:08 . Memory (MB): peak = 4679.172 ; gain = 68.375 ; free physical = 33147 ; free virtual = 43260

Phase 2.3 Post-Processing in Floorplanning
Phase 2.3 Post-Processing in Floorplanning | Checksum: 22bf2d173

Time (s): cpu = 00:00:16 ; elapsed = 00:00:08 . Memory (MB): peak = 4679.172 ; gain = 68.375 ; free physical = 33147 ; free virtual = 43260

Phase 2.4 Global Placement Core

Phase 2.4.1 Physical Synthesis In Placer
INFO: [Physopt 32-1035] Found 0 LUTNM shape to break, 1630 LUT instances to create LUTNM shape
INFO: [Physopt 32-1044] Break lutnm for timing: one critical 0, two critical 0, total 0, new lutff created 0
INFO: [Physopt 32-1138] End 1 Pass. Optimized 440 nets or LUTs. Breaked 0 LUT, combined 440 existing LUTs and moved 0 existing LUT
INFO: [Physopt 32-1030] Pass 1. Identified 4 candidate driver sets for equivalent driver rewiring.
INFO: [Physopt 32-661] Optimized 4 nets.  Re-placed 32 instances.
INFO: [Physopt 32-775] End 1 Pass. Optimized 4 nets or cells. Created 0 new cell, deleted 0 existing cell and moved 32 existing cells
Netlist sorting complete. Time (s): cpu = 00:00:00.07 ; elapsed = 00:00:00.07 . Memory (MB): peak = 4694.203 ; gain = 0.000 ; free physical = 33125 ; free virtual = 43242
INFO: [Physopt 32-65] No nets found for high-fanout optimization.
INFO: [Physopt 32-232] Optimized 0 net. Created 0 new instance.
INFO: [Physopt 32-775] End 1 Pass. Optimized 0 net or cell. Created 0 new cell, deleted 0 existing cell and moved 0 existing cell
INFO: [Physopt 32-670] No setup violation found.  DSP Register Optimization was not performed.
INFO: [Physopt 32-670] No setup violation found.  Shift Register to Pipeline Optimization was not performed.
INFO: [Physopt 32-670] No setup violation found.  Shift Register Optimization was not performed.
INFO: [Physopt 32-670] No setup violation found.  BRAM Register Optimization was not performed.
INFO: [Physopt 32-670] No setup violation found.  URAM Register Optimization was not performed.
INFO: [Physopt 32-949] No candidate nets found for dynamic/static region interface net replication
INFO: [Physopt 32-775] End 1 Pass. Optimized 0 net or cell. Created 0 new cell, deleted 0 existing cell and moved 0 existing cell
Netlist sorting complete. Time (s): cpu = 00:00:00 ; elapsed = 00:00:00 . Memory (MB): peak = 4694.203 ; gain = 0.000 ; free physical = 33126 ; free virtual = 43242

Summary of Physical Synthesis Optimizations
============================================


-----------------------------------------------------------------------------------------------------------------------------------------------------------
|  Optimization                                     |  Added Cells  |  Removed Cells  |  Optimized Cells/Nets  |  Dont Touch  |  Iterations  |  Elapsed   |
-----------------------------------------------------------------------------------------------------------------------------------------------------------
|  LUT Combining                                    |            0  |            440  |                   440  |           0  |           1  |  00:00:01  |
|  Retime                                           |            0  |              0  |                     0  |           0  |           1  |  00:00:00  |
|  Equivalent Driver Rewiring                       |            0  |              0  |                     4  |           0  |           1  |  00:00:00  |
|  Very High Fanout                                 |            0  |              0  |                     0  |           0  |           1  |  00:00:00  |
|  DSP Register                                     |            0  |              0  |                     0  |           0  |           0  |  00:00:00  |
|  Shift Register to Pipeline                       |            0  |              0  |                     0  |           0  |           0  |  00:00:00  |
|  Shift Register                                   |            0  |              0  |                     0  |           0  |           0  |  00:00:00  |
|  BRAM Register                                    |            0  |              0  |                     0  |           0  |           0  |  00:00:00  |
|  URAM Register                                    |            0  |              0  |                     0  |           0  |           0  |  00:00:00  |
|  Dynamic/Static Region Interface Net Replication  |            0  |              0  |                     0  |           0  |           1  |  00:00:00  |
|  Total                                            |            0  |            440  |                   444  |           0  |           5  |  00:00:01  |
-----------------------------------------------------------------------------------------------------------------------------------------------------------


Phase 2.4.1 Physical Synthesis In Placer | Checksum: 10f95e096

Time (s): cpu = 00:01:22 ; elapsed = 00:00:26 . Memory (MB): peak = 4694.203 ; gain = 83.406 ; free physical = 33125 ; free virtual = 43241
Phase 2.4 Global Placement Core | Checksum: 1b0a5ef54

Time (s): cpu = 00:01:33 ; elapsed = 00:00:28 . Memory (MB): peak = 4694.203 ; gain = 83.406 ; free physical = 33120 ; free virtual = 43237
Phase 2 Global Placement | Checksum: 1b0a5ef54

Time (s): cpu = 00:01:33 ; elapsed = 00:00:28 . Memory (MB): peak = 4694.203 ; gain = 83.406 ; free physical = 33133 ; free virtual = 43250

Phase 3 Detail Placement

Phase 3.1 Commit Multi Column Macros
Phase 3.1 Commit Multi Column Macros | Checksum: 199bb228a

Time (s): cpu = 00:01:35 ; elapsed = 00:00:29 . Memory (MB): peak = 4694.203 ; gain = 83.406 ; free physical = 33127 ; free virtual = 43244

Phase 3.2 Commit Most Macros & LUTRAMs
Phase 3.2 Commit Most Macros & LUTRAMs | Checksum: 1704f188a

Time (s): cpu = 00:01:37 ; elapsed = 00:00:30 . Memory (MB): peak = 4694.203 ; gain = 83.406 ; free physical = 33125 ; free virtual = 43242

Phase 3.3 Small Shape DP

Phase 3.3.1 Small Shape Clustering
Phase 3.3.1 Small Shape Clustering | Checksum: 1b09b2db8

Time (s): cpu = 00:01:38 ; elapsed = 00:00:30 . Memory (MB): peak = 4694.203 ; gain = 83.406 ; free physical = 33117 ; free virtual = 43234

Phase 3.3.2 Flow Legalize Slice Clusters
Phase 3.3.2 Flow Legalize Slice Clusters | Checksum: 1ebc0bfb9

Time (s): cpu = 00:01:38 ; elapsed = 00:00:30 . Memory (MB): peak = 4694.203 ; gain = 83.406 ; free physical = 33116 ; free virtual = 43233

Phase 3.3.3 Slice Area Swap
Phase 3.3.3 Slice Area Swap | Checksum: 131edd8e4

Time (s): cpu = 00:01:40 ; elapsed = 00:00:31 . Memory (MB): peak = 4694.203 ; gain = 83.406 ; free physical = 33103 ; free virtual = 43220
Phase 3.3 Small Shape DP | Checksum: 1a6d3b17c

Time (s): cpu = 00:01:44 ; elapsed = 00:00:32 . Memory (MB): peak = 4694.203 ; gain = 83.406 ; free physical = 33108 ; free virtual = 43225

Phase 3.4 Re-assign LUT pins
Phase 3.4 Re-assign LUT pins | Checksum: 146e9bf5c

Time (s): cpu = 00:01:44 ; elapsed = 00:00:33 . Memory (MB): peak = 4694.203 ; gain = 83.406 ; free physical = 33069 ; free virtual = 43186

Phase 3.5 Pipeline Register Optimization
Phase 3.5 Pipeline Register Optimization | Checksum: 1d0698776

Time (s): cpu = 00:01:45 ; elapsed = 00:00:34 . Memory (MB): peak = 4694.203 ; gain = 83.406 ; free physical = 33109 ; free virtual = 43226
Phase 3 Detail Placement | Checksum: 1d0698776

Time (s): cpu = 00:01:45 ; elapsed = 00:00:34 . Memory (MB): peak = 4694.203 ; gain = 83.406 ; free physical = 33109 ; free virtual = 43226

Phase 4 Post Placement Optimization and Clean-Up

Phase 4.1 Post Commit Optimization
INFO: [Timing 38-35] Done setting XDC timing constraints.

Phase 4.1.1 Post Placement Optimization
Post Placement Optimization Initialization | Checksum: 1010d5849

Phase 4.1.1.1 BUFG Insertion

Starting Physical Synthesis Task

Phase 1 Physical Synthesis Initialization
INFO: [Physopt 32-721] Multithreading enabled for phys_opt_design using a maximum of 8 CPUs
INFO: [Physopt 32-619] Estimated Timing Summary | WNS=5.856 | TNS=0.000 |
Phase 1 Physical Synthesis Initialization | Checksum: 10bcf9238

Time (s): cpu = 00:00:00.53 ; elapsed = 00:00:00.18 . Memory (MB): peak = 4694.203 ; gain = 0.000 ; free physical = 33108 ; free virtual = 43225
INFO: [Place 46-56] BUFG insertion identified 0 candidate nets. Inserted BUFG: 0, Replicated BUFG Driver: 0, Skipped due to Placement/Routing Conflicts: 0, Skipped due to Timing Degradation: 0, Skipped due to Illegal Netlist: 0.
Ending Physical Synthesis Task | Checksum: 13f044afa

Time (s): cpu = 00:00:00.72 ; elapsed = 00:00:00.25 . Memory (MB): peak = 4694.203 ; gain = 0.000 ; free physical = 33108 ; free virtual = 43225
Phase 4.1.1.1 BUFG Insertion | Checksum: 1010d5849

Time (s): cpu = 00:01:53 ; elapsed = 00:00:37 . Memory (MB): peak = 4694.203 ; gain = 83.406 ; free physical = 33108 ; free virtual = 43225

Phase 4.1.1.2 Post Placement Timing Optimization
INFO: [Place 30-746] Post Placement Timing Summary WNS=5.856. For the most accurate timing information please run report_timing.
Phase 4.1.1.2 Post Placement Timing Optimization | Checksum: 1772b7bce

Time (s): cpu = 00:01:53 ; elapsed = 00:00:37 . Memory (MB): peak = 4694.203 ; gain = 83.406 ; free physical = 33108 ; free virtual = 43225

Time (s): cpu = 00:01:53 ; elapsed = 00:00:37 . Memory (MB): peak = 4694.203 ; gain = 83.406 ; free physical = 33108 ; free virtual = 43225
Phase 4.1 Post Commit Optimization | Checksum: 1772b7bce

Time (s): cpu = 00:01:53 ; elapsed = 00:00:37 . Memory (MB): peak = 4694.203 ; gain = 83.406 ; free physical = 33108 ; free virtual = 43225
Netlist sorting complete. Time (s): cpu = 00:00:00 ; elapsed = 00:00:00 . Memory (MB): peak = 4694.203 ; gain = 0.000 ; free physical = 33098 ; free virtual = 43215

Phase 4.2 Post Placement Cleanup
Phase 4.2 Post Placement Cleanup | Checksum: 27347b447

Time (s): cpu = 00:01:55 ; elapsed = 00:00:39 . Memory (MB): peak = 4694.203 ; gain = 83.406 ; free physical = 33104 ; free virtual = 43221

Phase 4.3 Placer Reporting

Phase 4.3.1 Print Estimated Congestion
INFO: [Place 30-612] Post-Placement Estimated Congestion 
 ________________________________________________________________________
|           | Global Congestion | Long Congestion   | Short Congestion  |
| Direction | Region Size       | Region Size       | Region Size       |
|___________|___________________|___________________|___________________|
|      North|                1x1|                1x1|                1x1|
|___________|___________________|___________________|___________________|
|      South|                1x1|                1x1|                1x1|
|___________|___________________|___________________|___________________|
|       East|                1x1|                1x1|                2x2|
|___________|___________________|___________________|___________________|
|       West|                1x1|                1x1|                2x2|
|___________|___________________|___________________|___________________|

Phase 4.3.1 Print Estimated Congestion | Checksum: 27347b447

Time (s): cpu = 00:01:55 ; elapsed = 00:00:39 . Memory (MB): peak = 4694.203 ; gain = 83.406 ; free physical = 33105 ; free virtual = 43222
Phase 4.3 Placer Reporting | Checksum: 27347b447

Time (s): cpu = 00:01:55 ; elapsed = 00:00:39 . Memory (MB): peak = 4694.203 ; gain = 83.406 ; free physical = 33105 ; free virtual = 43222

Phase 4.4 Final Placement Cleanup
Netlist sorting complete. Time (s): cpu = 00:00:00.01 ; elapsed = 00:00:00.01 . Memory (MB): peak = 4694.203 ; gain = 0.000 ; free physical = 33105 ; free virtual = 43222

Time (s): cpu = 00:01:55 ; elapsed = 00:00:39 . Memory (MB): peak = 4694.203 ; gain = 83.406 ; free physical = 33105 ; free virtual = 43222
Phase 4 Post Placement Optimization and Clean-Up | Checksum: 32b9c831b

Time (s): cpu = 00:01:55 ; elapsed = 00:00:39 . Memory (MB): peak = 4694.203 ; gain = 83.406 ; free physical = 33105 ; free virtual = 43222
Ending Placer Task | Checksum: 25fb577b1

Time (s): cpu = 00:01:55 ; elapsed = 00:00:39 . Memory (MB): peak = 4694.203 ; gain = 83.406 ; free physical = 33105 ; free virtual = 43222
INFO: [Common 17-83] Releasing license: Implementation
94 Infos, 3 Warnings, 0 Critical Warnings and 0 Errors encountered.
place_design completed successfully
place_design: Time (s): cpu = 00:01:57 ; elapsed = 00:00:40 . Memory (MB): peak = 4694.203 ; gain = 83.406 ; free physical = 33169 ; free virtual = 43286
INFO: [Timing 38-480] Writing timing data to binary archive.
Writing placer database...
Writing XDEF routing.
Writing XDEF routing logical nets.
Writing XDEF routing special nets.
Write XDEF Complete: Time (s): cpu = 00:00:02 ; elapsed = 00:00:00.60 . Memory (MB): peak = 4694.203 ; gain = 0.000 ; free physical = 33118 ; free virtual = 43269
INFO: [Common 17-1381] The checkpoint '/home/nghielme/PycharmProjects/aca-project/wrapper_heavily_unbalanced/myproject_vivado_accelerator/project_1.runs/impl_1/design_1_wrapper_placed.dcp' has been generated.
INFO: [runtcl-4] Executing : report_io -file design_1_wrapper_io_placed.rpt
report_io: Time (s): cpu = 00:00:00.11 ; elapsed = 00:00:00.18 . Memory (MB): peak = 4694.203 ; gain = 0.000 ; free physical = 33144 ; free virtual = 43272
INFO: [runtcl-4] Executing : report_utilization -file design_1_wrapper_utilization_placed.rpt -pb design_1_wrapper_utilization_placed.pb
INFO: [runtcl-4] Executing : report_control_sets -verbose -file design_1_wrapper_control_sets_placed.rpt
report_control_sets: Time (s): cpu = 00:00:00.08 ; elapsed = 00:00:00.17 . Memory (MB): peak = 4694.203 ; gain = 0.000 ; free physical = 33156 ; free virtual = 43284
Command: phys_opt_design
Attempting to get a license for feature 'Implementation' and/or device 'xczu3eg'
INFO: [Common 17-349] Got license for feature 'Implementation' and/or device 'xczu3eg'
INFO: [Vivado_Tcl 4-383] Design worst setup slack (WNS) is greater than or equal to 0.000 ns. Skipping all physical synthesis optimizations.
INFO: [Vivado_Tcl 4-232] No setup violation found. The netlist was not modified.
INFO: [Common 17-83] Releasing license: Implementation
103 Infos, 3 Warnings, 0 Critical Warnings and 0 Errors encountered.
phys_opt_design completed successfully
INFO: [Timing 38-480] Writing timing data to binary archive.
Writing placer database...
Writing XDEF routing.
Writing XDEF routing logical nets.
Writing XDEF routing special nets.
Write XDEF Complete: Time (s): cpu = 00:00:02 ; elapsed = 00:00:00.60 . Memory (MB): peak = 4694.203 ; gain = 0.000 ; free physical = 33070 ; free virtual = 43232
INFO: [Common 17-1381] The checkpoint '/home/nghielme/PycharmProjects/aca-project/wrapper_heavily_unbalanced/myproject_vivado_accelerator/project_1.runs/impl_1/design_1_wrapper_physopt.dcp' has been generated.
Command: route_design
Attempting to get a license for feature 'Implementation' and/or device 'xczu3eg'
INFO: [Common 17-349] Got license for feature 'Implementation' and/or device 'xczu3eg'
Running DRC as a precondition to command route_design
INFO: [DRC 23-27] Running DRC with 8 threads
INFO: [Vivado_Tcl 4-198] DRC finished with 0 Errors
INFO: [Vivado_Tcl 4-199] Please refer to the DRC report (report_drc) for more information.


Starting Routing Task
INFO: [Route 35-254] Multithreading enabled for route_design using a maximum of 8 CPUs

Phase 1 Build RT Design
Checksum: PlaceDB: 88fda0a7 ConstDB: 0 ShapeSum: da9b9e91 RouteDB: fc1c3879
Nodegraph reading from file.  Time (s): cpu = 00:00:00.31 ; elapsed = 00:00:00.33 . Memory (MB): peak = 4694.203 ; gain = 0.000 ; free physical = 33025 ; free virtual = 43167
Post Restoration Checksum: NetGraph: 1a2241c2 NumContArr: 3ec3437b Constraints: 5514afc Timing: 0
Phase 1 Build RT Design | Checksum: 5e36d039

Time (s): cpu = 00:00:11 ; elapsed = 00:00:04 . Memory (MB): peak = 4694.203 ; gain = 0.000 ; free physical = 33024 ; free virtual = 43167

Phase 2 Router Initialization

Phase 2.1 Fix Topology Constraints
Phase 2.1 Fix Topology Constraints | Checksum: 5e36d039

Time (s): cpu = 00:00:11 ; elapsed = 00:00:04 . Memory (MB): peak = 4694.203 ; gain = 0.000 ; free physical = 32982 ; free virtual = 43126

Phase 2.2 Pre Route Cleanup
Phase 2.2 Pre Route Cleanup | Checksum: 5e36d039

Time (s): cpu = 00:00:11 ; elapsed = 00:00:04 . Memory (MB): peak = 4694.203 ; gain = 0.000 ; free physical = 32982 ; free virtual = 43126

Phase 2.3 Global Clock Net Routing
 Number of Nodes with overlaps = 0
Phase 2.3 Global Clock Net Routing | Checksum: 6fca026c

Time (s): cpu = 00:00:12 ; elapsed = 00:00:05 . Memory (MB): peak = 4694.203 ; gain = 0.000 ; free physical = 32973 ; free virtual = 43117

Phase 2.4 Update Timing
Phase 2.4 Update Timing | Checksum: aaa3b545

Time (s): cpu = 00:00:15 ; elapsed = 00:00:06 . Memory (MB): peak = 4694.203 ; gain = 0.000 ; free physical = 32964 ; free virtual = 43108
INFO: [Route 35-416] Intermediate Timing Summary | WNS=6.030  | TNS=0.000  | WHS=-0.052 | THS=-10.652|


Router Utilization Summary
  Global Vertical Routing Utilization    = 0 %
  Global Horizontal Routing Utilization  = 0 %
  Routable Net Status*
  *Does not include unroutable nets such as driverless and loadless.
  Run report_route_status for detailed report.
  Number of Failed Nets               = 19530
    (Failed Nets is the sum of unrouted and partially routed nets)
  Number of Unrouted Nets             = 15308
  Number of Partially Routed Nets     = 4222
  Number of Node Overlaps             = 0

Phase 2 Router Initialization | Checksum: ff9d40f5

Time (s): cpu = 00:00:21 ; elapsed = 00:00:08 . Memory (MB): peak = 4694.203 ; gain = 0.000 ; free physical = 32954 ; free virtual = 43098

Phase 3 Initial Routing

Phase 3.1 Global Routing
Phase 3.1 Global Routing | Checksum: ff9d40f5

Time (s): cpu = 00:00:21 ; elapsed = 00:00:08 . Memory (MB): peak = 4694.203 ; gain = 0.000 ; free physical = 32954 ; free virtual = 43098
Phase 3 Initial Routing | Checksum: 259238f31

Time (s): cpu = 00:00:25 ; elapsed = 00:00:10 . Memory (MB): peak = 4694.203 ; gain = 0.000 ; free physical = 32934 ; free virtual = 43078

Phase 4 Rip-up And Reroute

Phase 4.1 Global Iteration 0
 Number of Nodes with overlaps = 3528
 Number of Nodes with overlaps = 244
 Number of Nodes with overlaps = 6
 Number of Nodes with overlaps = 2
 Number of Nodes with overlaps = 1
 Number of Nodes with overlaps = 1
 Number of Nodes with overlaps = 0
INFO: [Route 35-416] Intermediate Timing Summary | WNS=5.530  | TNS=0.000  | WHS=-0.039 | THS=-1.061 |

Phase 4.1 Global Iteration 0 | Checksum: 2ab1571bc

Time (s): cpu = 00:00:53 ; elapsed = 00:00:22 . Memory (MB): peak = 4753.234 ; gain = 59.031 ; free physical = 32943 ; free virtual = 43088

Phase 4.2 Additional Iteration for Hold
Phase 4.2 Additional Iteration for Hold | Checksum: 2ff79450c

Time (s): cpu = 00:00:53 ; elapsed = 00:00:22 . Memory (MB): peak = 4753.234 ; gain = 59.031 ; free physical = 32943 ; free virtual = 43087
Phase 4 Rip-up And Reroute | Checksum: 2ff79450c

Time (s): cpu = 00:00:53 ; elapsed = 00:00:23 . Memory (MB): peak = 4753.234 ; gain = 59.031 ; free physical = 32943 ; free virtual = 43087

Phase 5 Delay and Skew Optimization

Phase 5.1 Delay CleanUp

Phase 5.1.1 Update Timing
Phase 5.1.1 Update Timing | Checksum: 1d06f6ff9

Time (s): cpu = 00:00:56 ; elapsed = 00:00:24 . Memory (MB): peak = 4753.234 ; gain = 59.031 ; free physical = 32940 ; free virtual = 43085
INFO: [Route 35-416] Intermediate Timing Summary | WNS=5.530  | TNS=0.000  | WHS=0.010  | THS=0.000  |

Phase 5.1 Delay CleanUp | Checksum: 1d06f6ff9

Time (s): cpu = 00:00:56 ; elapsed = 00:00:24 . Memory (MB): peak = 4753.234 ; gain = 59.031 ; free physical = 32940 ; free virtual = 43085

Phase 5.2 Clock Skew Optimization
Phase 5.2 Clock Skew Optimization | Checksum: 1d06f6ff9

Time (s): cpu = 00:00:56 ; elapsed = 00:00:24 . Memory (MB): peak = 4753.234 ; gain = 59.031 ; free physical = 32940 ; free virtual = 43085
Phase 5 Delay and Skew Optimization | Checksum: 1d06f6ff9

Time (s): cpu = 00:00:57 ; elapsed = 00:00:24 . Memory (MB): peak = 4753.234 ; gain = 59.031 ; free physical = 32940 ; free virtual = 43085

Phase 6 Post Hold Fix

Phase 6.1 Hold Fix Iter

Phase 6.1.1 Update Timing
Phase 6.1.1 Update Timing | Checksum: 15ac05637

Time (s): cpu = 00:00:59 ; elapsed = 00:00:25 . Memory (MB): peak = 4753.234 ; gain = 59.031 ; free physical = 32938 ; free virtual = 43083
INFO: [Route 35-416] Intermediate Timing Summary | WNS=5.530  | TNS=0.000  | WHS=0.010  | THS=0.000  |

Phase 6.1 Hold Fix Iter | Checksum: 159ac8d5c

Time (s): cpu = 00:00:59 ; elapsed = 00:00:25 . Memory (MB): peak = 4753.234 ; gain = 59.031 ; free physical = 32938 ; free virtual = 43083
Phase 6 Post Hold Fix | Checksum: 159ac8d5c

Time (s): cpu = 00:00:59 ; elapsed = 00:00:25 . Memory (MB): peak = 4753.234 ; gain = 59.031 ; free physical = 32939 ; free virtual = 43083

Phase 7 Route finalize

Router Utilization Summary
  Global Vertical Routing Utilization    = 2.84045 %
  Global Horizontal Routing Utilization  = 3.36231 %
  Routable Net Status*
  *Does not include unroutable nets such as driverless and loadless.
  Run report_route_status for detailed report.
  Number of Failed Nets               = 0
    (Failed Nets is the sum of unrouted and partially routed nets)
  Number of Unrouted Nets             = 0
  Number of Partially Routed Nets     = 0
  Number of Node Overlaps             = 0

Phase 7 Route finalize | Checksum: 1d68c2b65

Time (s): cpu = 00:00:59 ; elapsed = 00:00:25 . Memory (MB): peak = 4753.234 ; gain = 59.031 ; free physical = 32938 ; free virtual = 43082

Phase 8 Verifying routed nets

 Verification completed successfully
Phase 8 Verifying routed nets | Checksum: 1d68c2b65

Time (s): cpu = 00:01:00 ; elapsed = 00:00:25 . Memory (MB): peak = 4753.234 ; gain = 59.031 ; free physical = 32936 ; free virtual = 43080

Phase 9 Depositing Routes
Phase 9 Depositing Routes | Checksum: 1d68c2b65

Time (s): cpu = 00:01:01 ; elapsed = 00:00:26 . Memory (MB): peak = 4753.234 ; gain = 59.031 ; free physical = 32935 ; free virtual = 43079

Phase 10 Resolve XTalk
Phase 10 Resolve XTalk | Checksum: 1d68c2b65

Time (s): cpu = 00:01:01 ; elapsed = 00:00:27 . Memory (MB): peak = 4753.234 ; gain = 59.031 ; free physical = 32937 ; free virtual = 43081

Phase 11 Post Router Timing
INFO: [Route 35-57] Estimated Timing Summary | WNS=5.530  | TNS=0.000  | WHS=0.010  | THS=0.000  |

INFO: [Route 35-327] The final timing numbers are based on the router estimated timing analysis. For a complete and accurate timing signoff, please run report_timing_summary.
Phase 11 Post Router Timing | Checksum: 1d68c2b65

Time (s): cpu = 00:01:02 ; elapsed = 00:00:27 . Memory (MB): peak = 4753.234 ; gain = 59.031 ; free physical = 32937 ; free virtual = 43082
INFO: [Route 35-16] Router Completed Successfully

Time (s): cpu = 00:01:02 ; elapsed = 00:00:27 . Memory (MB): peak = 4753.234 ; gain = 59.031 ; free physical = 32993 ; free virtual = 43138

Routing Is Done.
INFO: [Common 17-83] Releasing license: Implementation
118 Infos, 3 Warnings, 0 Critical Warnings and 0 Errors encountered.
route_design completed successfully
route_design: Time (s): cpu = 00:01:06 ; elapsed = 00:00:28 . Memory (MB): peak = 4753.234 ; gain = 59.031 ; free physical = 32994 ; free virtual = 43138
INFO: [Timing 38-480] Writing timing data to binary archive.
Writing placer database...
Writing XDEF routing.
Writing XDEF routing logical nets.
Writing XDEF routing special nets.
Write XDEF Complete: Time (s): cpu = 00:00:02 ; elapsed = 00:00:00.73 . Memory (MB): peak = 4753.234 ; gain = 0.000 ; free physical = 32936 ; free virtual = 43122
INFO: [Common 17-1381] The checkpoint '/home/nghielme/PycharmProjects/aca-project/wrapper_heavily_unbalanced/myproject_vivado_accelerator/project_1.runs/impl_1/design_1_wrapper_routed.dcp' has been generated.
INFO: [runtcl-4] Executing : report_drc -file design_1_wrapper_drc_routed.rpt -pb design_1_wrapper_drc_routed.pb -rpx design_1_wrapper_drc_routed.rpx
Command: report_drc -file design_1_wrapper_drc_routed.rpt -pb design_1_wrapper_drc_routed.pb -rpx design_1_wrapper_drc_routed.rpx
INFO: [IP_Flow 19-1839] IP Catalog is up to date.
INFO: [DRC 23-27] Running DRC with 8 threads
INFO: [Vivado_Tcl 2-168] The results of DRC are in file /home/nghielme/PycharmProjects/aca-project/wrapper_heavily_unbalanced/myproject_vivado_accelerator/project_1.runs/impl_1/design_1_wrapper_drc_routed.rpt.
report_drc completed successfully
INFO: [runtcl-4] Executing : report_methodology -file design_1_wrapper_methodology_drc_routed.rpt -pb design_1_wrapper_methodology_drc_routed.pb -rpx design_1_wrapper_methodology_drc_routed.rpx
Command: report_methodology -file design_1_wrapper_methodology_drc_routed.rpt -pb design_1_wrapper_methodology_drc_routed.pb -rpx design_1_wrapper_methodology_drc_routed.rpx
INFO: [Timing 38-35] Done setting XDC timing constraints.
INFO: [DRC 23-133] Running Methodology with 8 threads
INFO: [Vivado_Tcl 2-1520] The results of Report Methodology are in file /home/nghielme/PycharmProjects/aca-project/wrapper_heavily_unbalanced/myproject_vivado_accelerator/project_1.runs/impl_1/design_1_wrapper_methodology_drc_routed.rpt.
report_methodology completed successfully
INFO: [runtcl-4] Executing : report_power -file design_1_wrapper_power_routed.rpt -pb design_1_wrapper_power_summary_routed.pb -rpx design_1_wrapper_power_routed.rpx
Command: report_power -file design_1_wrapper_power_routed.rpt -pb design_1_wrapper_power_summary_routed.pb -rpx design_1_wrapper_power_routed.rpx
INFO: [Timing 38-35] Done setting XDC timing constraints.
Running Vector-less Activity Propagation...

Finished Running Vector-less Activity Propagation
WARNING: [Power 33-332] Found switching activity that implies high-fanout reset nets being asserted for excessive periods of time which may result in inaccurate power analysis.
Resolution: To review and fix problems, please run Power Constraints Advisor in the GUI from Tools > Power Constraints Advisor or run report_power with the -advisory option to generate a text report.
130 Infos, 4 Warnings, 0 Critical Warnings and 0 Errors encountered.
report_power completed successfully
report_power: Time (s): cpu = 00:00:12 ; elapsed = 00:00:07 . Memory (MB): peak = 4753.234 ; gain = 0.000 ; free physical = 32847 ; free virtual = 43016
INFO: [runtcl-4] Executing : report_route_status -file design_1_wrapper_route_status.rpt -pb design_1_wrapper_route_status.pb
INFO: [runtcl-4] Executing : report_timing_summary -max_paths 10 -report_unconstrained -file design_1_wrapper_timing_summary_routed.rpt -pb design_1_wrapper_timing_summary_routed.pb -rpx design_1_wrapper_timing_summary_routed.rpx -warn_on_violation 
INFO: [Timing 38-91] UpdateTimingParams: Speed grade: -1, Temperature grade: E, Delay Type: min_max.
INFO: [Timing 38-191] Multithreading enabled for timing update using a maximum of 8 CPUs
INFO: [runtcl-4] Executing : report_incremental_reuse -file design_1_wrapper_incremental_reuse_routed.rpt
INFO: [Vivado_Tcl 4-1062] Incremental flow is disabled. No incremental reuse Info to report.
INFO: [runtcl-4] Executing : report_clock_utilization -file design_1_wrapper_clock_utilization_routed.rpt
INFO: [runtcl-4] Executing : report_bus_skew -warn_on_violation -file design_1_wrapper_bus_skew_routed.rpt -pb design_1_wrapper_bus_skew_routed.pb -rpx design_1_wrapper_bus_skew_routed.rpx
INFO: [Timing 38-91] UpdateTimingParams: Speed grade: -1, Temperature grade: E, Delay Type: min_max.
INFO: [Timing 38-191] Multithreading enabled for timing update using a maximum of 8 CPUs
INFO: [Memdata 28-167] Found XPM memory block design_1_i/hier_0/axi_dma_0/U0/I_PRMRY_DATAMOVER/GEN_S2MM_FULL.I_S2MM_FULL_WRAPPER/GEN_ENABLE_INDET_BTT_SF.I_INDET_BTT/I_XD_FIFO/NON_BLK_MEM.I_SYNC_FIFOGEN_FIFO/xpm_fifo_instance.xpm_fifo_sync_inst/xpm_fifo_base_inst/gen_sdpram.xpm_memory_base_inst with a P_MEMORY_PRIMITIVE property set to auto. A value of block is required. You will not be able to use the updatemem program to update the bitstream with new data for the design_1_i/hier_0/axi_dma_0/U0/I_PRMRY_DATAMOVER/GEN_S2MM_FULL.I_S2MM_FULL_WRAPPER/GEN_ENABLE_INDET_BTT_SF.I_INDET_BTT/I_XD_FIFO/NON_BLK_MEM.I_SYNC_FIFOGEN_FIFO/xpm_fifo_instance.xpm_fifo_sync_inst/xpm_fifo_base_inst/gen_sdpram.xpm_memory_base_inst block.
INFO: [Memdata 28-208] The XPM instance: <design_1_i/hier_0/axi_dma_0/U0/I_PRMRY_DATAMOVER/GEN_S2MM_FULL.I_S2MM_FULL_WRAPPER/GEN_ENABLE_INDET_BTT_SF.I_INDET_BTT/I_DATA_FIFO/BLK_MEM.I_SYNC_FIFOGEN_FIFO/xpm_fifo_instance.xpm_fifo_sync_inst/xpm_fifo_base_inst/gen_sdpram.xpm_memory_base_inst> is part of IP: <design_1_i/hier_0/axi_dma_0>. This XPM instance will be excluded from the .mmi because updatemem is prohibited from making changes to an XPM that is part of an IP.
INFO: [Memdata 28-208] The XPM instance: <design_1_i/hier_0/axi_dma_0/U0/I_PRMRY_DATAMOVER/GEN_MM2S_FULL.I_MM2S_FULL_WRAPPER/GEN_INCLUDE_MM2S_SF.I_RD_SF/I_DATA_FIFO/BLK_MEM.I_SYNC_FIFOGEN_FIFO/xpm_fifo_instance.xpm_fifo_sync_inst/xpm_fifo_base_inst/gen_sdpram.xpm_memory_base_inst> is part of IP: <design_1_i/hier_0/axi_dma_0>. This XPM instance will be excluded from the .mmi because updatemem is prohibited from making changes to an XPM that is part of an IP.
INFO: [Memdata 28-167] Found XPM memory block design_1_i/axi_smc/inst/s01_nodes/s01_w_node/inst/inst_mi_handler/gen_normal_area.inst_fifo_node_payld/gen_xpm_memory_fifo.inst_fifo/gen_mem_rep[0].inst_xpm_memory/xpm_memory_base_inst with a P_MEMORY_PRIMITIVE property set to distributed. A value of block is required. You will not be able to use the updatemem program to update the bitstream with new data for the design_1_i/axi_smc/inst/s01_nodes/s01_w_node/inst/inst_mi_handler/gen_normal_area.inst_fifo_node_payld/gen_xpm_memory_fifo.inst_fifo/gen_mem_rep[0].inst_xpm_memory/xpm_memory_base_inst block.
INFO: [Memdata 28-167] Found XPM memory block design_1_i/axi_smc/inst/s01_nodes/s01_w_node/inst/inst_mi_handler/gen_normal_area.gen_fifo_req.inst_fifo_req/gen_xpm_memory_fifo.inst_fifo/gen_mem_rep[0].inst_xpm_memory/xpm_memory_base_inst with a P_MEMORY_PRIMITIVE property set to distributed. A value of block is required. You will not be able to use the updatemem program to update the bitstream with new data for the design_1_i/axi_smc/inst/s01_nodes/s01_w_node/inst/inst_mi_handler/gen_normal_area.gen_fifo_req.inst_fifo_req/gen_xpm_memory_fifo.inst_fifo/gen_mem_rep[0].inst_xpm_memory/xpm_memory_base_inst block.
INFO: [Memdata 28-167] Found XPM memory block design_1_i/axi_smc/inst/s01_nodes/s01_b_node/inst/inst_mi_handler/gen_normal_area.inst_fifo_node_payld/gen_xpm_memory_fifo.inst_fifo/gen_mem_rep[0].inst_xpm_memory/xpm_memory_base_inst with a P_MEMORY_PRIMITIVE property set to distributed. A value of block is required. You will not be able to use the updatemem program to update the bitstream with new data for the design_1_i/axi_smc/inst/s01_nodes/s01_b_node/inst/inst_mi_handler/gen_normal_area.inst_fifo_node_payld/gen_xpm_memory_fifo.inst_fifo/gen_mem_rep[0].inst_xpm_memory/xpm_memory_base_inst block.
INFO: [Memdata 28-167] Found XPM memory block design_1_i/axi_smc/inst/s01_nodes/s01_aw_node/inst/inst_mi_handler/gen_normal_area.inst_fifo_node_payld/gen_xpm_memory_fifo.inst_fifo/gen_mem_rep[0].inst_xpm_memory/xpm_memory_base_inst with a P_MEMORY_PRIMITIVE property set to distributed. A value of block is required. You will not be able to use the updatemem program to update the bitstream with new data for the design_1_i/axi_smc/inst/s01_nodes/s01_aw_node/inst/inst_mi_handler/gen_normal_area.inst_fifo_node_payld/gen_xpm_memory_fifo.inst_fifo/gen_mem_rep[0].inst_xpm_memory/xpm_memory_base_inst block.
INFO: [Memdata 28-167] Found XPM memory block design_1_i/axi_smc/inst/s00_nodes/s00_r_node/inst/inst_mi_handler/gen_normal_area.inst_fifo_node_payld/gen_xpm_memory_fifo.inst_fifo/gen_mem_rep[0].inst_xpm_memory/xpm_memory_base_inst with a P_MEMORY_PRIMITIVE property set to distributed. A value of block is required. You will not be able to use the updatemem program to update the bitstream with new data for the design_1_i/axi_smc/inst/s00_nodes/s00_r_node/inst/inst_mi_handler/gen_normal_area.inst_fifo_node_payld/gen_xpm_memory_fifo.inst_fifo/gen_mem_rep[0].inst_xpm_memory/xpm_memory_base_inst block.
INFO: [Memdata 28-167] Found XPM memory block design_1_i/axi_smc/inst/s00_nodes/s00_ar_node/inst/inst_mi_handler/gen_normal_area.inst_fifo_node_payld/gen_xpm_memory_fifo.inst_fifo/gen_mem_rep[0].inst_xpm_memory/xpm_memory_base_inst with a P_MEMORY_PRIMITIVE property set to distributed. A value of block is required. You will not be able to use the updatemem program to update the bitstream with new data for the design_1_i/axi_smc/inst/s00_nodes/s00_ar_node/inst/inst_mi_handler/gen_normal_area.inst_fifo_node_payld/gen_xpm_memory_fifo.inst_fifo/gen_mem_rep[0].inst_xpm_memory/xpm_memory_base_inst block.
INFO: [Memdata 28-167] Found XPM memory block design_1_i/axi_smc/inst/m00_nodes/m00_w_node/inst/inst_si_handler/gen_si_handler.gen_request_fifos.gen_req_fifo[1].inst_req_fifo/gen_xpm_memory_fifo.inst_fifo/gen_mem_rep[0].inst_xpm_memory/xpm_memory_base_inst with a P_MEMORY_PRIMITIVE property set to distributed. A value of block is required. You will not be able to use the updatemem program to update the bitstream with new data for the design_1_i/axi_smc/inst/m00_nodes/m00_w_node/inst/inst_si_handler/gen_si_handler.gen_request_fifos.gen_req_fifo[1].inst_req_fifo/gen_xpm_memory_fifo.inst_fifo/gen_mem_rep[0].inst_xpm_memory/xpm_memory_base_inst block.
INFO: [Memdata 28-167] Found XPM memory block design_1_i/axi_smc/inst/m00_nodes/m00_w_node/inst/inst_mi_handler/gen_normal_area.inst_fifo_node_payld/gen_xpm_memory_fifo.inst_fifo/gen_mem_rep[0].inst_xpm_memory/xpm_memory_base_inst with a P_MEMORY_PRIMITIVE property set to distributed. A value of block is required. You will not be able to use the updatemem program to update the bitstream with new data for the design_1_i/axi_smc/inst/m00_nodes/m00_w_node/inst/inst_mi_handler/gen_normal_area.inst_fifo_node_payld/gen_xpm_memory_fifo.inst_fifo/gen_mem_rep[0].inst_xpm_memory/xpm_memory_base_inst block.
INFO: [Memdata 28-167] Found XPM memory block design_1_i/axi_smc/inst/m00_nodes/m00_r_node/inst/inst_mi_handler/gen_normal_area.inst_fifo_node_payld/gen_xpm_memory_fifo.inst_fifo/gen_mem_rep[0].inst_xpm_memory/xpm_memory_base_inst with a P_MEMORY_PRIMITIVE property set to distributed. A value of block is required. You will not be able to use the updatemem program to update the bitstream with new data for the design_1_i/axi_smc/inst/m00_nodes/m00_r_node/inst/inst_mi_handler/gen_normal_area.inst_fifo_node_payld/gen_xpm_memory_fifo.inst_fifo/gen_mem_rep[0].inst_xpm_memory/xpm_memory_base_inst block.
INFO: [Memdata 28-167] Found XPM memory block design_1_i/axi_smc/inst/m00_nodes/m00_r_node/inst/inst_mi_handler/gen_normal_area.gen_fifo_req.inst_fifo_req/gen_xpm_memory_fifo.inst_fifo/gen_mem_rep[0].inst_xpm_memory/xpm_memory_base_inst with a P_MEMORY_PRIMITIVE property set to distributed. A value of block is required. You will not be able to use the updatemem program to update the bitstream with new data for the design_1_i/axi_smc/inst/m00_nodes/m00_r_node/inst/inst_mi_handler/gen_normal_area.gen_fifo_req.inst_fifo_req/gen_xpm_memory_fifo.inst_fifo/gen_mem_rep[0].inst_xpm_memory/xpm_memory_base_inst block.
INFO: [Memdata 28-167] Found XPM memory block design_1_i/axi_smc/inst/m00_nodes/m00_b_node/inst/inst_mi_handler/gen_normal_area.inst_fifo_node_payld/gen_xpm_memory_fifo.inst_fifo/gen_mem_rep[0].inst_xpm_memory/xpm_memory_base_inst with a P_MEMORY_PRIMITIVE property set to distributed. A value of block is required. You will not be able to use the updatemem program to update the bitstream with new data for the design_1_i/axi_smc/inst/m00_nodes/m00_b_node/inst/inst_mi_handler/gen_normal_area.inst_fifo_node_payld/gen_xpm_memory_fifo.inst_fifo/gen_mem_rep[0].inst_xpm_memory/xpm_memory_base_inst block.
INFO: [Memdata 28-167] Found XPM memory block design_1_i/axi_smc/inst/m00_nodes/m00_b_node/inst/inst_mi_handler/gen_normal_area.gen_fifo_req.inst_fifo_req/gen_xpm_memory_fifo.inst_fifo/gen_mem_rep[0].inst_xpm_memory/xpm_memory_base_inst with a P_MEMORY_PRIMITIVE property set to distributed. A value of block is required. You will not be able to use the updatemem program to update the bitstream with new data for the design_1_i/axi_smc/inst/m00_nodes/m00_b_node/inst/inst_mi_handler/gen_normal_area.gen_fifo_req.inst_fifo_req/gen_xpm_memory_fifo.inst_fifo/gen_mem_rep[0].inst_xpm_memory/xpm_memory_base_inst block.
INFO: [Memdata 28-167] Found XPM memory block design_1_i/axi_smc/inst/m00_nodes/m00_aw_node/inst/inst_mi_handler/gen_normal_area.inst_fifo_node_payld/gen_xpm_memory_fifo.inst_fifo/gen_mem_rep[0].inst_xpm_memory/xpm_memory_base_inst with a P_MEMORY_PRIMITIVE property set to distributed. A value of block is required. You will not be able to use the updatemem program to update the bitstream with new data for the design_1_i/axi_smc/inst/m00_nodes/m00_aw_node/inst/inst_mi_handler/gen_normal_area.inst_fifo_node_payld/gen_xpm_memory_fifo.inst_fifo/gen_mem_rep[0].inst_xpm_memory/xpm_memory_base_inst block.
INFO: [Memdata 28-167] Found XPM memory block design_1_i/axi_smc/inst/m00_nodes/m00_ar_node/inst/inst_mi_handler/gen_normal_area.inst_fifo_node_payld/gen_xpm_memory_fifo.inst_fifo/gen_mem_rep[0].inst_xpm_memory/xpm_memory_base_inst with a P_MEMORY_PRIMITIVE property set to distributed. A value of block is required. You will not be able to use the updatemem program to update the bitstream with new data for the design_1_i/axi_smc/inst/m00_nodes/m00_ar_node/inst/inst_mi_handler/gen_normal_area.inst_fifo_node_payld/gen_xpm_memory_fifo.inst_fifo/gen_mem_rep[0].inst_xpm_memory/xpm_memory_base_inst block.
Command: write_bitstream -force design_1_wrapper.bit
Attempting to get a license for feature 'Implementation' and/or device 'xczu3eg'
INFO: [Common 17-349] Got license for feature 'Implementation' and/or device 'xczu3eg'
Running DRC as a precondition to command write_bitstream
INFO: [IP_Flow 19-1839] IP Catalog is up to date.
INFO: [DRC 23-27] Running DRC with 8 threads
WARNING: [DRC PDCN-1569] LUT equation term check: Used physical LUT pin 'A1' of cell design_1_i/ps8_0_axi_periph/s01_couplers/auto_ds/inst/gen_downsizer.gen_simple_downsizer.axi_downsizer_inst/USE_WRITE.write_addr_inst/USE_B_CHANNEL.cmd_b_queue/inst/fifo_gen_inst/inst_fifo_gen/gconvfifo.rf/grf.rf/gntv_or_sync_fifo.gl0.rd/gr1.gr1_int.rfwft/gpregsm1.user_valid_i_1 (pin design_1_i/ps8_0_axi_periph/s01_couplers/auto_ds/inst/gen_downsizer.gen_simple_downsizer.axi_downsizer_inst/USE_WRITE.write_addr_inst/USE_B_CHANNEL.cmd_b_queue/inst/fifo_gen_inst/inst_fifo_gen/gconvfifo.rf/grf.rf/gntv_or_sync_fifo.gl0.rd/gr1.gr1_int.rfwft/gpregsm1.user_valid_i_1/I1) is not included in the LUT equation: 'O5=(A5)+((~A5)*(~A2)*A4)'. If this cell is a user instantiated LUT in the design, please remove connectivity to the pin or change the equation and/or INIT string of the LUT to prevent this issue. If the cell is inferred or IP created LUT, please regenerate the IP and/or resynthesize the design to attempt to correct the issue.
WARNING: [DRC PDCN-1569] LUT equation term check: Used physical LUT pin 'A1' of cell design_1_i/ps8_0_axi_periph/s01_couplers/auto_ds/inst/gen_downsizer.gen_simple_downsizer.axi_downsizer_inst/USE_WRITE.write_addr_inst/cmd_queue/inst/fifo_gen_inst/inst_fifo_gen/gconvfifo.rf/grf.rf/gntv_or_sync_fifo.gl0.rd/gr1.gr1_int.rfwft/gpregsm1.user_valid_i_1 (pin design_1_i/ps8_0_axi_periph/s01_couplers/auto_ds/inst/gen_downsizer.gen_simple_downsizer.axi_downsizer_inst/USE_WRITE.write_addr_inst/cmd_queue/inst/fifo_gen_inst/inst_fifo_gen/gconvfifo.rf/grf.rf/gntv_or_sync_fifo.gl0.rd/gr1.gr1_int.rfwft/gpregsm1.user_valid_i_1/I1) is not included in the LUT equation: 'O5=(A3)+((~A3)*(~A5)*A4)'. If this cell is a user instantiated LUT in the design, please remove connectivity to the pin or change the equation and/or INIT string of the LUT to prevent this issue. If the cell is inferred or IP created LUT, please regenerate the IP and/or resynthesize the design to attempt to correct the issue.
WARNING: [DRC PDCN-1569] LUT equation term check: Used physical LUT pin 'A2' of cell design_1_i/ps8_0_axi_periph/s00_couplers/auto_ds/inst/gen_downsizer.gen_simple_downsizer.axi_downsizer_inst/USE_WRITE.write_addr_inst/USE_B_CHANNEL.cmd_b_queue/inst/fifo_gen_inst/inst_fifo_gen/gconvfifo.rf/grf.rf/gntv_or_sync_fifo.gl0.rd/gr1.gr1_int.rfwft/gpregsm1.user_valid_i_1 (pin design_1_i/ps8_0_axi_periph/s00_couplers/auto_ds/inst/gen_downsizer.gen_simple_downsizer.axi_downsizer_inst/USE_WRITE.write_addr_inst/USE_B_CHANNEL.cmd_b_queue/inst/fifo_gen_inst/inst_fifo_gen/gconvfifo.rf/grf.rf/gntv_or_sync_fifo.gl0.rd/gr1.gr1_int.rfwft/gpregsm1.user_valid_i_1/I1) is not included in the LUT equation: 'O5=(A3)+((~A3)*(~A5)*A4)'. If this cell is a user instantiated LUT in the design, please remove connectivity to the pin or change the equation and/or INIT string of the LUT to prevent this issue. If the cell is inferred or IP created LUT, please regenerate the IP and/or resynthesize the design to attempt to correct the issue.
WARNING: [DRC PDCN-1569] LUT equation term check: Used physical LUT pin 'A4' of cell design_1_i/ps8_0_axi_periph/s00_couplers/auto_ds/inst/gen_downsizer.gen_simple_downsizer.axi_downsizer_inst/USE_READ.read_addr_inst/cmd_queue/inst/fifo_gen_inst/inst_fifo_gen/gconvfifo.rf/grf.rf/gntv_or_sync_fifo.gl0.rd/gr1.gr1_int.rfwft/gpregsm1.user_valid_i_1 (pin design_1_i/ps8_0_axi_periph/s00_couplers/auto_ds/inst/gen_downsizer.gen_simple_downsizer.axi_downsizer_inst/USE_READ.read_addr_inst/cmd_queue/inst/fifo_gen_inst/inst_fifo_gen/gconvfifo.rf/grf.rf/gntv_or_sync_fifo.gl0.rd/gr1.gr1_int.rfwft/gpregsm1.user_valid_i_1/I1) is not included in the LUT equation: 'O5=(A5)+((~A5)*(~A1)*A3)'. If this cell is a user instantiated LUT in the design, please remove connectivity to the pin or change the equation and/or INIT string of the LUT to prevent this issue. If the cell is inferred or IP created LUT, please regenerate the IP and/or resynthesize the design to attempt to correct the issue.
WARNING: [DRC PDCN-1569] LUT equation term check: Used physical LUT pin 'A5' of cell design_1_i/ps8_0_axi_periph/s00_couplers/auto_ds/inst/gen_downsizer.gen_simple_downsizer.axi_downsizer_inst/USE_WRITE.write_addr_inst/cmd_queue/inst/fifo_gen_inst/inst_fifo_gen/gconvfifo.rf/grf.rf/gntv_or_sync_fifo.gl0.rd/gr1.gr1_int.rfwft/gpregsm1.user_valid_i_1 (pin design_1_i/ps8_0_axi_periph/s00_couplers/auto_ds/inst/gen_downsizer.gen_simple_downsizer.axi_downsizer_inst/USE_WRITE.write_addr_inst/cmd_queue/inst/fifo_gen_inst/inst_fifo_gen/gconvfifo.rf/grf.rf/gntv_or_sync_fifo.gl0.rd/gr1.gr1_int.rfwft/gpregsm1.user_valid_i_1/I1) is not included in the LUT equation: 'O6=(A4)+((~A4)*(~A3)*A2)'. If this cell is a user instantiated LUT in the design, please remove connectivity to the pin or change the equation and/or INIT string of the LUT to prevent this issue. If the cell is inferred or IP created LUT, please regenerate the IP and/or resynthesize the design to attempt to correct the issue.
WARNING: [DRC PDCN-1569] LUT equation term check: Used physical LUT pin 'A5' of cell design_1_i/ps8_0_axi_periph/s01_couplers/auto_ds/inst/gen_downsizer.gen_simple_downsizer.axi_downsizer_inst/USE_READ.read_addr_inst/cmd_queue/inst/fifo_gen_inst/inst_fifo_gen/gconvfifo.rf/grf.rf/gntv_or_sync_fifo.gl0.rd/gr1.gr1_int.rfwft/gpregsm1.user_valid_i_1 (pin design_1_i/ps8_0_axi_periph/s01_couplers/auto_ds/inst/gen_downsizer.gen_simple_downsizer.axi_downsizer_inst/USE_READ.read_addr_inst/cmd_queue/inst/fifo_gen_inst/inst_fifo_gen/gconvfifo.rf/grf.rf/gntv_or_sync_fifo.gl0.rd/gr1.gr1_int.rfwft/gpregsm1.user_valid_i_1/I1) is not included in the LUT equation: 'O5=(A2)+((~A2)*(~A3)*A4)'. If this cell is a user instantiated LUT in the design, please remove connectivity to the pin or change the equation and/or INIT string of the LUT to prevent this issue. If the cell is inferred or IP created LUT, please regenerate the IP and/or resynthesize the design to attempt to correct the issue.
WARNING: [DRC RTSTAT-10] No routable loads: 66 net(s) have no routable loads. The problem bus(es) and/or net(s) are design_1_i/ps8_0_axi_periph/s01_couplers/auto_ds/inst/gen_downsizer.gen_simple_downsizer.axi_downsizer_inst/USE_READ.read_addr_inst/cmd_queue/inst/fifo_gen_inst/inst_fifo_gen/gconvfifo.rf/grf.rf/gntv_or_sync_fifo.gl0.rd/gr1.gr1_int.rfwft/aempty_fwft_i, design_1_i/ps8_0_axi_periph/s00_couplers/auto_ds/inst/gen_downsizer.gen_simple_downsizer.axi_downsizer_inst/USE_WRITE.write_addr_inst/USE_B_CHANNEL.cmd_b_queue/inst/fifo_gen_inst/inst_fifo_gen/gconvfifo.rf/grf.rf/gntv_or_sync_fifo.gl0.rd/gr1.gr1_int.rfwft/aempty_fwft_i, design_1_i/ps8_0_axi_periph/s01_couplers/auto_ds/inst/gen_downsizer.gen_simple_downsizer.axi_downsizer_inst/USE_WRITE.write_addr_inst/cmd_queue/inst/fifo_gen_inst/inst_fifo_gen/gconvfifo.rf/grf.rf/gntv_or_sync_fifo.gl0.rd/gr1.gr1_int.rfwft/aempty_fwft_i, design_1_i/ps8_0_axi_periph/s00_couplers/auto_ds/inst/gen_downsizer.gen_simple_downsizer.axi_downsizer_inst/USE_READ.read_addr_inst/cmd_queue/inst/fifo_gen_inst/inst_fifo_gen/gconvfifo.rf/grf.rf/gntv_or_sync_fifo.gl0.rd/gr1.gr1_int.rfwft/aempty_fwft_i, design_1_i/ps8_0_axi_periph/s01_couplers/auto_ds/inst/gen_downsizer.gen_simple_downsizer.axi_downsizer_inst/USE_WRITE.write_addr_inst/USE_B_CHANNEL.cmd_b_queue/inst/fifo_gen_inst/inst_fifo_gen/gconvfifo.rf/grf.rf/gntv_or_sync_fifo.gl0.rd/gr1.gr1_int.rfwft/aempty_fwft_i, design_1_i/ps8_0_axi_periph/s00_couplers/auto_ds/inst/gen_downsizer.gen_simple_downsizer.axi_downsizer_inst/USE_WRITE.write_addr_inst/cmd_queue/inst/fifo_gen_inst/inst_fifo_gen/gconvfifo.rf/grf.rf/gntv_or_sync_fifo.gl0.rd/gr1.gr1_int.rfwft/aempty_fwft_i, design_1_i/ps8_0_axi_periph/s00_couplers/auto_ds/inst/gen_downsizer.gen_simple_downsizer.axi_downsizer_inst/USE_WRITE.write_addr_inst/USE_B_CHANNEL.cmd_b_queue/inst/fifo_gen_inst/inst_fifo_gen/gconvfifo.rf/grf.rf/gntv_or_sync_fifo.gl0.wr/gwss.wsts/ram_afull_fb, design_1_i/ps8_0_axi_periph/s01_couplers/auto_ds/inst/gen_downsizer.gen_simple_downsizer.axi_downsizer_inst/USE_READ.read_addr_inst/cmd_queue/inst/fifo_gen_inst/inst_fifo_gen/gconvfifo.rf/grf.rf/gntv_or_sync_fifo.gl0.wr/gwss.wsts/ram_afull_fb, design_1_i/ps8_0_axi_periph/s01_couplers/auto_ds/inst/gen_downsizer.gen_simple_downsizer.axi_downsizer_inst/USE_WRITE.write_addr_inst/USE_B_CHANNEL.cmd_b_queue/inst/fifo_gen_inst/inst_fifo_gen/gconvfifo.rf/grf.rf/gntv_or_sync_fifo.gl0.wr/gwss.wsts/ram_afull_fb, design_1_i/ps8_0_axi_periph/s00_couplers/auto_ds/inst/gen_downsizer.gen_simple_downsizer.axi_downsizer_inst/USE_READ.read_addr_inst/cmd_queue/inst/fifo_gen_inst/inst_fifo_gen/gconvfifo.rf/grf.rf/gntv_or_sync_fifo.gl0.wr/gwss.wsts/ram_afull_fb, design_1_i/ps8_0_axi_periph/s00_couplers/auto_ds/inst/gen_downsizer.gen_simple_downsizer.axi_downsizer_inst/USE_WRITE.write_addr_inst/cmd_queue/inst/fifo_gen_inst/inst_fifo_gen/gconvfifo.rf/grf.rf/gntv_or_sync_fifo.gl0.wr/gwss.wsts/ram_afull_fb, design_1_i/ps8_0_axi_periph/s01_couplers/auto_ds/inst/gen_downsizer.gen_simple_downsizer.axi_downsizer_inst/USE_WRITE.write_addr_inst/cmd_queue/inst/fifo_gen_inst/inst_fifo_gen/gconvfifo.rf/grf.rf/gntv_or_sync_fifo.gl0.wr/gwss.wsts/ram_afull_fb, design_1_i/ps8_0_axi_periph/s00_couplers/auto_ds/inst/gen_downsizer.gen_simple_downsizer.axi_downsizer_inst/USE_WRITE.write_addr_inst/USE_B_CHANNEL.cmd_b_queue/inst/fifo_gen_inst/inst_fifo_gen/gconvfifo.rf/grf.rf/gntv_or_sync_fifo.gl0.wr/gwss.wsts/ram_afull_i, design_1_i/ps8_0_axi_periph/s01_couplers/auto_ds/inst/gen_downsizer.gen_simple_downsizer.axi_downsizer_inst/USE_WRITE.write_addr_inst/USE_B_CHANNEL.cmd_b_queue/inst/fifo_gen_inst/inst_fifo_gen/gconvfifo.rf/grf.rf/gntv_or_sync_fifo.gl0.wr/gwss.wsts/ram_afull_i, design_1_i/ps8_0_axi_periph/s00_couplers/auto_ds/inst/gen_downsizer.gen_simple_downsizer.axi_downsizer_inst/USE_READ.read_addr_inst/cmd_queue/inst/fifo_gen_inst/inst_fifo_gen/gconvfifo.rf/grf.rf/gntv_or_sync_fifo.gl0.wr/gwss.wsts/ram_afull_i... and (the first 15 of 42 listed).
INFO: [Vivado 12-3199] DRC finished with 0 Errors, 7 Warnings
INFO: [Vivado 12-3200] Please refer to the DRC report (report_drc) for more information.
INFO: [Designutils 20-2272] Running write_bitstream with 8 threads.
Loading data files...
Loading site data...
Loading route data...
Processing options...
Creating bitmap...
Creating bitstream...
Writing bitstream ./design_1_wrapper.bit...
INFO: [Vivado 12-1842] Bitgen Completed Successfully.
INFO: [Common 17-83] Releasing license: Implementation
28 Infos, 7 Warnings, 0 Critical Warnings and 0 Errors encountered.
write_bitstream completed successfully
write_bitstream: Time (s): cpu = 00:00:13 ; elapsed = 00:00:17 . Memory (MB): peak = 4870.656 ; gain = 117.422 ; free physical = 32827 ; free virtual = 43006
INFO: [Common 17-206] Exiting Vivado at Wed Jun 29 03:10:21 2022...
[Wed Jun 29 03:10:22 2022] impl_1 finished
wait_on_runs: Time (s): cpu = 00:14:49 ; elapsed = 00:06:34 . Memory (MB): peak = 2960.277 ; gain = 0.000 ; free physical = 35765 ; free virtual = 45943
# open_run impl_1
INFO: [Device 21-403] Loading part xczu3eg-sbva484-1-e
Netlist sorting complete. Time (s): cpu = 00:00:00.25 ; elapsed = 00:00:00.26 . Memory (MB): peak = 3193.797 ; gain = 0.000 ; free physical = 35187 ; free virtual = 45366
INFO: [Netlist 29-17] Analyzing 727 Unisim elements for replacement
INFO: [Netlist 29-28] Unisim Transformation completed in 0 CPU seconds
INFO: [Project 1-479] Netlist was created with Vivado 2021.2
INFO: [Project 1-570] Preparing netlist for logic optimization
INFO: [Timing 38-478] Restoring timing data from binary archive.
INFO: [Timing 38-479] Binary timing data restore complete.
INFO: [Project 1-856] Restoring constraints from binary archive.
INFO: [Project 1-853] Binary constraint restore complete.
Reading XDEF placement.
Reading placer database...
Reading XDEF routing.
Read XDEF File: Time (s): cpu = 00:00:01 ; elapsed = 00:00:01 . Memory (MB): peak = 3423.219 ; gain = 29.812 ; free physical = 34760 ; free virtual = 44942
Restored from archive | CPU: 1.460000 secs | Memory: 24.547485 MB |
Finished XDEF File Restore: Time (s): cpu = 00:00:01 ; elapsed = 00:00:01 . Memory (MB): peak = 3423.219 ; gain = 29.812 ; free physical = 34760 ; free virtual = 44942
Netlist sorting complete. Time (s): cpu = 00:00:00.01 ; elapsed = 00:00:00 . Memory (MB): peak = 3813.086 ; gain = 0.000 ; free physical = 34401 ; free virtual = 44584
INFO: [Project 1-111] Unisim Transformation Summary:
  A total of 90 instances were transformed.
  RAM16X1D => RAM32X1D (RAMD32(x2)): 1 instance 
  RAM32M => RAM32M (RAMD32(x6), RAMS32(x2)): 1 instance 
  RAM32M16 => RAM32M16 (RAMD32(x14), RAMS32(x2)): 84 instances
  RAM32X1D => RAM32X1D (RAMD32(x2)): 4 instances

open_run: Time (s): cpu = 00:00:16 ; elapsed = 00:00:17 . Memory (MB): peak = 3813.086 ; gain = 852.809 ; free physical = 34401 ; free virtual = 44584
# report_utilization -file util.rpt -hierarchical -hierarchical_percentages
INFO: [Common 17-206] Exiting Vivado at Wed Jun 29 03:10:40 2022...
