

================================================================
== Vitis HLS Report for 'myproject_axi'
================================================================
* Date:           Sun Jun 26 15:56:17 2022

* Version:        2021.2 (Build 3367213 on Tue Oct 19 02:47:39 MDT 2021)
* Project:        myproject_prj
* Solution:       solution1 (Vivado IP Flow Target)
* Product family: zynquplus
* Target device:  xczu3eg-sbva484-1-e


================================================================
== Performance Estimates
================================================================
+ Timing: 
    * Summary: 
    +--------+---------+----------+------------+
    |  Clock |  Target | Estimated| Uncertainty|
    +--------+---------+----------+------------+
    |ap_clk  |  7.00 ns|  5.094 ns|     1.89 ns|
    +--------+---------+----------+------------+

+ Latency: 
    * Summary: 
    +---------+---------+----------+----------+-----+-----+---------+
    |  Latency (cycles) |  Latency (absolute) |  Interval | Pipeline|
    |   min   |   max   |    min   |    max   | min | max |   Type  |
    +---------+---------+----------+----------+-----+-----+---------+
    |       26|       26|  0.182 us|  0.182 us|   27|   27|       no|
    +---------+---------+----------+----------+-----+-----+---------+

    + Detail: 
        * Instance: 
        N/A

        * Loop: 
        N/A

============================================================
+ Verbose Summary: Synthesis Manager
============================================================
InlineROM: 1
ExposeGlobal: 0
============================================================
+ Verbose Summary: CDFG Model
============================================================
IsTopModel: 1
ResetActiveHigh: 1
IsCombinational: 0
IsDatapathOnly: 0
HasWiredReturn: 1
HasMFsm: 0
HasVarLatency: 1
IsPipeline: 0
IsRtlPipelined: 0
IsInstanceOverlapped: 0
IsDontTouch: 0
HasImplIP: 0
IsGatedGlobalClock: 0


============================================================
+ Verbose Summary: Schedule
============================================================
* Number of FSM states : 13
* Pipeline : 0
* Dataflow Pipeline: 0

* FSM state transitions: 
1 --> 2 
2 --> 3 
3 --> 4 
4 --> 5 
5 --> 6 
6 --> 7 
7 --> 8 
8 --> 9 
9 --> 10 
10 --> 11 
11 --> 12 
12 --> 13 
13 --> 

* FSM state operations: 

State 1 <SV = 0> <Delay = 0.00>
ST_1 : Operation 14 [1/1] (0.00ns)   --->   "%tmp_last_V_1_loc = alloca i64 1"   --->   Operation 14 'alloca' 'tmp_last_V_1_loc' <Predicate = true> <Delay = 0.00>
ST_1 : Operation 15 [1/1] (0.00ns)   --->   "%in_local_V_loc = alloca i64 1"   --->   Operation 15 'alloca' 'in_local_V_loc' <Predicate = true> <Delay = 0.00>
ST_1 : Operation 16 [1/1] (0.00ns)   --->   "%in_local_V_1_loc = alloca i64 1"   --->   Operation 16 'alloca' 'in_local_V_1_loc' <Predicate = true> <Delay = 0.00>
ST_1 : Operation 17 [1/1] (0.00ns)   --->   "%in_local_V_2_loc = alloca i64 1"   --->   Operation 17 'alloca' 'in_local_V_2_loc' <Predicate = true> <Delay = 0.00>
ST_1 : Operation 18 [1/1] (0.00ns)   --->   "%in_local_V_3_loc = alloca i64 1"   --->   Operation 18 'alloca' 'in_local_V_3_loc' <Predicate = true> <Delay = 0.00>
ST_1 : Operation 19 [1/1] (0.00ns)   --->   "%in_local_V_4_loc = alloca i64 1"   --->   Operation 19 'alloca' 'in_local_V_4_loc' <Predicate = true> <Delay = 0.00>
ST_1 : Operation 20 [1/1] (0.00ns)   --->   "%in_local_V_5_loc = alloca i64 1"   --->   Operation 20 'alloca' 'in_local_V_5_loc' <Predicate = true> <Delay = 0.00>
ST_1 : Operation 21 [1/1] (0.00ns)   --->   "%in_local_V_6_loc = alloca i64 1"   --->   Operation 21 'alloca' 'in_local_V_6_loc' <Predicate = true> <Delay = 0.00>
ST_1 : Operation 22 [1/1] (0.00ns)   --->   "%in_local_V_7_loc = alloca i64 1"   --->   Operation 22 'alloca' 'in_local_V_7_loc' <Predicate = true> <Delay = 0.00>
ST_1 : Operation 23 [1/1] (0.00ns)   --->   "%in_local_V_8_loc = alloca i64 1"   --->   Operation 23 'alloca' 'in_local_V_8_loc' <Predicate = true> <Delay = 0.00>
ST_1 : Operation 24 [1/1] (0.00ns)   --->   "%in_local_V_9_loc = alloca i64 1"   --->   Operation 24 'alloca' 'in_local_V_9_loc' <Predicate = true> <Delay = 0.00>
ST_1 : Operation 25 [1/1] (0.00ns)   --->   "%empty = wait i32 @_ssdm_op_Wait"   --->   Operation 25 'wait' 'empty' <Predicate = true> <Delay = 0.00>

State 2 <SV = 1> <Delay = 2.78>
ST_2 : Operation 26 [2/2] (2.78ns)   --->   "%call_ln0 = call void @myproject_axi_Pipeline_VITIS_LOOP_21_1, i32 %in_r_V_data_V, i4 %in_r_V_keep_V, i4 %in_r_V_strb_V, i1 %in_r_V_user_V, i1 %in_r_V_last_V, i1 %in_r_V_id_V, i1 %in_r_V_dest_V, i32 %in_local_V_9_loc, i32 %in_local_V_8_loc, i32 %in_local_V_7_loc, i32 %in_local_V_6_loc, i32 %in_local_V_5_loc, i32 %in_local_V_4_loc, i32 %in_local_V_3_loc, i32 %in_local_V_2_loc, i32 %in_local_V_1_loc, i32 %in_local_V_loc, i1 %tmp_last_V_1_loc"   --->   Operation 26 'call' 'call_ln0' <Predicate = true> <Delay = 2.78> <CoreType = "Generic">   --->   Core 0 '' <Latency = 0> <II = 1> <Delay = 1.00> <Generic> <Opcode : >

State 3 <SV = 2> <Delay = 0.00>
ST_3 : Operation 27 [1/2] (0.00ns)   --->   "%call_ln0 = call void @myproject_axi_Pipeline_VITIS_LOOP_21_1, i32 %in_r_V_data_V, i4 %in_r_V_keep_V, i4 %in_r_V_strb_V, i1 %in_r_V_user_V, i1 %in_r_V_last_V, i1 %in_r_V_id_V, i1 %in_r_V_dest_V, i32 %in_local_V_9_loc, i32 %in_local_V_8_loc, i32 %in_local_V_7_loc, i32 %in_local_V_6_loc, i32 %in_local_V_5_loc, i32 %in_local_V_4_loc, i32 %in_local_V_3_loc, i32 %in_local_V_2_loc, i32 %in_local_V_1_loc, i32 %in_local_V_loc, i1 %tmp_last_V_1_loc"   --->   Operation 27 'call' 'call_ln0' <Predicate = true> <Delay = 0.00> <CoreType = "Generic">   --->   Core 0 '' <Latency = 0> <II = 1> <Delay = 1.00> <Generic> <Opcode : >

State 4 <SV = 3> <Delay = 5.09>
ST_4 : Operation 28 [1/1] (0.00ns)   --->   "%in_local_V_9_loc_load = load i32 %in_local_V_9_loc"   --->   Operation 28 'load' 'in_local_V_9_loc_load' <Predicate = true> <Delay = 0.00>
ST_4 : Operation 29 [1/1] (0.00ns)   --->   "%in_local_V_8_loc_load = load i32 %in_local_V_8_loc"   --->   Operation 29 'load' 'in_local_V_8_loc_load' <Predicate = true> <Delay = 0.00>
ST_4 : Operation 30 [1/1] (0.00ns)   --->   "%in_local_V_7_loc_load = load i32 %in_local_V_7_loc"   --->   Operation 30 'load' 'in_local_V_7_loc_load' <Predicate = true> <Delay = 0.00>
ST_4 : Operation 31 [1/1] (0.00ns)   --->   "%in_local_V_6_loc_load = load i32 %in_local_V_6_loc"   --->   Operation 31 'load' 'in_local_V_6_loc_load' <Predicate = true> <Delay = 0.00>
ST_4 : Operation 32 [1/1] (0.00ns)   --->   "%in_local_V_5_loc_load = load i32 %in_local_V_5_loc"   --->   Operation 32 'load' 'in_local_V_5_loc_load' <Predicate = true> <Delay = 0.00>
ST_4 : Operation 33 [1/1] (0.00ns)   --->   "%in_local_V_4_loc_load = load i32 %in_local_V_4_loc"   --->   Operation 33 'load' 'in_local_V_4_loc_load' <Predicate = true> <Delay = 0.00>
ST_4 : Operation 34 [1/1] (0.00ns)   --->   "%in_local_V_3_loc_load = load i32 %in_local_V_3_loc"   --->   Operation 34 'load' 'in_local_V_3_loc_load' <Predicate = true> <Delay = 0.00>
ST_4 : Operation 35 [1/1] (0.00ns)   --->   "%in_local_V_2_loc_load = load i32 %in_local_V_2_loc"   --->   Operation 35 'load' 'in_local_V_2_loc_load' <Predicate = true> <Delay = 0.00>
ST_4 : Operation 36 [1/1] (0.00ns)   --->   "%in_local_V_1_loc_load = load i32 %in_local_V_1_loc"   --->   Operation 36 'load' 'in_local_V_1_loc_load' <Predicate = true> <Delay = 0.00>
ST_4 : Operation 37 [1/1] (0.00ns)   --->   "%in_local_V_loc_load = load i32 %in_local_V_loc"   --->   Operation 37 'load' 'in_local_V_loc_load' <Predicate = true> <Delay = 0.00>
ST_4 : Operation 38 [1/1] (0.00ns)   --->   "%empty_19 = wait i32 @_ssdm_op_Wait"   --->   Operation 38 'wait' 'empty_19' <Predicate = true> <Delay = 0.00>
ST_4 : Operation 39 [6/6] (5.09ns)   --->   "%out_local_V = call i32 @myproject, i32 %in_local_V_8_loc_load, i32 %in_local_V_7_loc_load, i32 %in_local_V_6_loc_load, i32 %in_local_V_5_loc_load, i32 %in_local_V_4_loc_load, i32 %in_local_V_3_loc_load, i32 %in_local_V_2_loc_load, i32 %in_local_V_1_loc_load, i32 %in_local_V_loc_load, i32 %in_local_V_9_loc_load" [firmware/myproject_axi.cpp:28]   --->   Operation 39 'call' 'out_local_V' <Predicate = true> <Delay = 5.09> <CoreType = "Generic">   --->   Core 0 '' <Latency = 0> <II = 1> <Delay = 1.00> <Generic> <Opcode : >

State 5 <SV = 4> <Delay = 5.09>
ST_5 : Operation 40 [5/6] (5.09ns)   --->   "%out_local_V = call i32 @myproject, i32 %in_local_V_8_loc_load, i32 %in_local_V_7_loc_load, i32 %in_local_V_6_loc_load, i32 %in_local_V_5_loc_load, i32 %in_local_V_4_loc_load, i32 %in_local_V_3_loc_load, i32 %in_local_V_2_loc_load, i32 %in_local_V_1_loc_load, i32 %in_local_V_loc_load, i32 %in_local_V_9_loc_load" [firmware/myproject_axi.cpp:28]   --->   Operation 40 'call' 'out_local_V' <Predicate = true> <Delay = 5.09> <CoreType = "Generic">   --->   Core 0 '' <Latency = 0> <II = 1> <Delay = 1.00> <Generic> <Opcode : >

State 6 <SV = 5> <Delay = 5.09>
ST_6 : Operation 41 [4/6] (5.09ns)   --->   "%out_local_V = call i32 @myproject, i32 %in_local_V_8_loc_load, i32 %in_local_V_7_loc_load, i32 %in_local_V_6_loc_load, i32 %in_local_V_5_loc_load, i32 %in_local_V_4_loc_load, i32 %in_local_V_3_loc_load, i32 %in_local_V_2_loc_load, i32 %in_local_V_1_loc_load, i32 %in_local_V_loc_load, i32 %in_local_V_9_loc_load" [firmware/myproject_axi.cpp:28]   --->   Operation 41 'call' 'out_local_V' <Predicate = true> <Delay = 5.09> <CoreType = "Generic">   --->   Core 0 '' <Latency = 0> <II = 1> <Delay = 1.00> <Generic> <Opcode : >

State 7 <SV = 6> <Delay = 5.09>
ST_7 : Operation 42 [3/6] (5.09ns)   --->   "%out_local_V = call i32 @myproject, i32 %in_local_V_8_loc_load, i32 %in_local_V_7_loc_load, i32 %in_local_V_6_loc_load, i32 %in_local_V_5_loc_load, i32 %in_local_V_4_loc_load, i32 %in_local_V_3_loc_load, i32 %in_local_V_2_loc_load, i32 %in_local_V_1_loc_load, i32 %in_local_V_loc_load, i32 %in_local_V_9_loc_load" [firmware/myproject_axi.cpp:28]   --->   Operation 42 'call' 'out_local_V' <Predicate = true> <Delay = 5.09> <CoreType = "Generic">   --->   Core 0 '' <Latency = 0> <II = 1> <Delay = 1.00> <Generic> <Opcode : >

State 8 <SV = 7> <Delay = 5.09>
ST_8 : Operation 43 [2/6] (5.09ns)   --->   "%out_local_V = call i32 @myproject, i32 %in_local_V_8_loc_load, i32 %in_local_V_7_loc_load, i32 %in_local_V_6_loc_load, i32 %in_local_V_5_loc_load, i32 %in_local_V_4_loc_load, i32 %in_local_V_3_loc_load, i32 %in_local_V_2_loc_load, i32 %in_local_V_1_loc_load, i32 %in_local_V_loc_load, i32 %in_local_V_9_loc_load" [firmware/myproject_axi.cpp:28]   --->   Operation 43 'call' 'out_local_V' <Predicate = true> <Delay = 5.09> <CoreType = "Generic">   --->   Core 0 '' <Latency = 0> <II = 1> <Delay = 1.00> <Generic> <Opcode : >

State 9 <SV = 8> <Delay = 4.18>
ST_9 : Operation 44 [1/6] (4.18ns)   --->   "%out_local_V = call i32 @myproject, i32 %in_local_V_8_loc_load, i32 %in_local_V_7_loc_load, i32 %in_local_V_6_loc_load, i32 %in_local_V_5_loc_load, i32 %in_local_V_4_loc_load, i32 %in_local_V_3_loc_load, i32 %in_local_V_2_loc_load, i32 %in_local_V_1_loc_load, i32 %in_local_V_loc_load, i32 %in_local_V_9_loc_load" [firmware/myproject_axi.cpp:28]   --->   Operation 44 'call' 'out_local_V' <Predicate = true> <Delay = 4.18> <CoreType = "Generic">   --->   Core 0 '' <Latency = 0> <II = 1> <Delay = 1.00> <Generic> <Opcode : >
ST_9 : Operation 45 [1/1] (0.00ns)   --->   "%s = bitselect i1 @_ssdm_op_BitSelect.i1.i32.i32, i32 %out_local_V, i32 31" [firmware/myproject_axi.cpp:28]   --->   Operation 45 'bitselect' 's' <Predicate = true> <Delay = 0.00>

State 10 <SV = 9> <Delay = 1.20>
ST_10 : Operation 46 [1/1] (1.20ns)   --->   "%sub_i_i = sub i32 0, i32 %out_local_V" [firmware/myproject_axi.cpp:28]   --->   Operation 46 'sub' 'sub_i_i' <Predicate = (s)> <Delay = 1.20> <CoreInst = "Adder">   --->   Core 1 'Adder' <Latency = 0> <II = 1> <Delay = 1.47> <FuncUnit> <Opcode : 'add' 'sub'> <InPorts = 2> <OutPorts = 1>

State 11 <SV = 10> <Delay = 4.71>
ST_11 : Operation 47 [1/1] (1.11ns)   --->   "%tobool_i_i = icmp_eq  i32 %out_local_V, i32 0" [firmware/myproject_axi.cpp:28]   --->   Operation 47 'icmp' 'tobool_i_i' <Predicate = true> <Delay = 1.11> <CoreInst = "Cmp">   --->   Core 9 'Cmp' <Latency = 0> <II = 1> <Delay = 1.11> <FuncUnit> <Opcode : 'icmp'> <InPorts = 2> <OutPorts = 1>
ST_11 : Operation 48 [1/1] (0.52ns)   --->   "%tmp_V = select i1 %s, i32 %sub_i_i, i32 %out_local_V"   --->   Operation 48 'select' 'tmp_V' <Predicate = true> <Delay = 0.52> <CoreInst = "Sel">   --->   Core 73 'Sel' <Latency = 0> <II = 1> <Delay = 0.52> <FuncUnit> <Opcode : 'select'> <InPorts = 3> <OutPorts = 1>
ST_11 : Operation 49 [1/1] (0.00ns)   --->   "%p_Result_3 = partselect i32 @llvm.part.select.i32, i32 %tmp_V, i32 31, i32 0"   --->   Operation 49 'partselect' 'p_Result_3' <Predicate = true> <Delay = 0.00>
ST_11 : Operation 50 [1/1] (0.00ns)   --->   "%l = cttz i32 @llvm.cttz.i32, i32 %p_Result_3, i1 1"   --->   Operation 50 'cttz' 'l' <Predicate = true> <Delay = 0.00>
ST_11 : Operation 51 [1/1] (1.20ns)   --->   "%sub_ln997 = sub i32 32, i32 %l"   --->   Operation 51 'sub' 'sub_ln997' <Predicate = true> <Delay = 1.20> <CoreInst = "Adder">   --->   Core 1 'Adder' <Latency = 0> <II = 1> <Delay = 1.47> <FuncUnit> <Opcode : 'add' 'sub'> <InPorts = 2> <OutPorts = 1>
ST_11 : Operation 52 [1/1] (1.20ns)   --->   "%lsb_index = add i32 %sub_ln997, i32 4294967272"   --->   Operation 52 'add' 'lsb_index' <Predicate = true> <Delay = 1.20> <CoreInst = "Adder">   --->   Core 1 'Adder' <Latency = 0> <II = 1> <Delay = 1.47> <FuncUnit> <Opcode : 'add' 'sub'> <InPorts = 2> <OutPorts = 1>
ST_11 : Operation 53 [1/1] (0.00ns)   --->   "%tmp = partselect i31 @_ssdm_op_PartSelect.i31.i32.i32.i32, i32 %lsb_index, i32 1, i32 31"   --->   Operation 53 'partselect' 'tmp' <Predicate = true> <Delay = 0.00>
ST_11 : Operation 54 [1/1] (1.09ns)   --->   "%icmp_ln999 = icmp_sgt  i31 %tmp, i31 0"   --->   Operation 54 'icmp' 'icmp_ln999' <Predicate = true> <Delay = 1.09> <CoreInst = "Cmp">   --->   Core 9 'Cmp' <Latency = 0> <II = 1> <Delay = 1.11> <FuncUnit> <Opcode : 'icmp'> <InPorts = 2> <OutPorts = 1>
ST_11 : Operation 55 [1/1] (0.00ns)   --->   "%trunc_ln1000 = trunc i32 %sub_ln997"   --->   Operation 55 'trunc' 'trunc_ln1000' <Predicate = true> <Delay = 0.00>
ST_11 : Operation 56 [1/1] (0.88ns)   --->   "%sub_ln1000 = sub i6 57, i6 %trunc_ln1000"   --->   Operation 56 'sub' 'sub_ln1000' <Predicate = true> <Delay = 0.88> <CoreInst = "Adder">   --->   Core 1 'Adder' <Latency = 0> <II = 1> <Delay = 1.47> <FuncUnit> <Opcode : 'add' 'sub'> <InPorts = 2> <OutPorts = 1>
ST_11 : Operation 57 [1/1] (0.00ns) (grouped into LUT with out node icmp_ln1002)   --->   "%zext_ln1000 = zext i6 %sub_ln1000"   --->   Operation 57 'zext' 'zext_ln1000' <Predicate = true> <Delay = 0.00>
ST_11 : Operation 58 [1/1] (0.00ns) (grouped into LUT with out node icmp_ln1002)   --->   "%lshr_ln1000 = lshr i32 4294967295, i32 %zext_ln1000"   --->   Operation 58 'lshr' 'lshr_ln1000' <Predicate = true> <Delay = 0.00> <CoreInst = "Shifter">   --->   Core 75 'Shifter' <Latency = 0> <II = 1> <Delay = 1.45> <FuncUnit> <Opcode : 'shl' 'lshr' 'ashr'> <InPorts = 2> <OutPorts = 1>
ST_11 : Operation 59 [1/1] (0.00ns) (grouped into LUT with out node icmp_ln1002)   --->   "%shl_ln1002 = shl i32 1, i32 %lsb_index"   --->   Operation 59 'shl' 'shl_ln1002' <Predicate = true> <Delay = 0.00> <CoreInst = "Shifter">   --->   Core 75 'Shifter' <Latency = 0> <II = 1> <Delay = 1.45> <FuncUnit> <Opcode : 'shl' 'lshr' 'ashr'> <InPorts = 2> <OutPorts = 1>
ST_11 : Operation 60 [1/1] (0.00ns) (grouped into LUT with out node icmp_ln1002)   --->   "%or_ln1002_1 = or i32 %lshr_ln1000, i32 %shl_ln1002"   --->   Operation 60 'or' 'or_ln1002_1' <Predicate = true> <Delay = 0.00> <CoreInst = "LogicGate">   --->   Core 74 'LogicGate' <Latency = 0> <II = 1> <Delay = 0.33> <FuncUnit> <Opcode : 'and' 'or' 'xor'> <InPorts = 2> <OutPorts = 1>
ST_11 : Operation 61 [1/1] (0.00ns) (grouped into LUT with out node icmp_ln1002)   --->   "%and_ln1002 = and i32 %tmp_V, i32 %or_ln1002_1"   --->   Operation 61 'and' 'and_ln1002' <Predicate = true> <Delay = 0.00> <CoreInst = "LogicGate">   --->   Core 74 'LogicGate' <Latency = 0> <II = 1> <Delay = 0.33> <FuncUnit> <Opcode : 'and' 'or' 'xor'> <InPorts = 2> <OutPorts = 1>
ST_11 : Operation 62 [1/1] (1.45ns) (out node of the LUT)   --->   "%icmp_ln1002 = icmp_ne  i32 %and_ln1002, i32 0"   --->   Operation 62 'icmp' 'icmp_ln1002' <Predicate = true> <Delay = 1.45> <CoreInst = "Cmp">   --->   Core 9 'Cmp' <Latency = 0> <II = 1> <Delay = 1.11> <FuncUnit> <Opcode : 'icmp'> <InPorts = 2> <OutPorts = 1>
ST_11 : Operation 63 [1/1] (0.00ns) (grouped into LUT with out node select_ln1011)   --->   "%tmp_2 = bitselect i1 @_ssdm_op_BitSelect.i1.i32.i32, i32 %lsb_index, i32 31"   --->   Operation 63 'bitselect' 'tmp_2' <Predicate = true> <Delay = 0.00>
ST_11 : Operation 64 [1/1] (0.00ns) (grouped into LUT with out node select_ln1011)   --->   "%xor_ln1002 = xor i1 %tmp_2, i1 1"   --->   Operation 64 'xor' 'xor_ln1002' <Predicate = true> <Delay = 0.00> <CoreInst = "LogicGate">   --->   Core 74 'LogicGate' <Latency = 0> <II = 1> <Delay = 0.33> <FuncUnit> <Opcode : 'and' 'or' 'xor'> <InPorts = 2> <OutPorts = 1>
ST_11 : Operation 65 [1/1] (0.00ns)   --->   "%p_Result_4 = bitselect i1 @_ssdm_op_BitSelect.i1.i32.i32, i32 %tmp_V, i32 %lsb_index"   --->   Operation 65 'bitselect' 'p_Result_4' <Predicate = true> <Delay = 0.00>
ST_11 : Operation 66 [1/1] (1.11ns)   --->   "%icmp_ln1011 = icmp_sgt  i32 %lsb_index, i32 0"   --->   Operation 66 'icmp' 'icmp_ln1011' <Predicate = true> <Delay = 1.11> <CoreInst = "Cmp">   --->   Core 9 'Cmp' <Latency = 0> <II = 1> <Delay = 1.11> <FuncUnit> <Opcode : 'icmp'> <InPorts = 2> <OutPorts = 1>
ST_11 : Operation 67 [1/1] (0.00ns) (grouped into LUT with out node select_ln1011)   --->   "%and_ln1002_1 = and i1 %p_Result_4, i1 %xor_ln1002"   --->   Operation 67 'and' 'and_ln1002_1' <Predicate = true> <Delay = 0.00> <CoreInst = "LogicGate">   --->   Core 74 'LogicGate' <Latency = 0> <II = 1> <Delay = 0.33> <FuncUnit> <Opcode : 'and' 'or' 'xor'> <InPorts = 2> <OutPorts = 1>
ST_11 : Operation 68 [1/1] (0.00ns) (grouped into LUT with out node select_ln1011)   --->   "%select_ln999 = select i1 %icmp_ln999, i1 %icmp_ln1002, i1 %p_Result_4"   --->   Operation 68 'select' 'select_ln999' <Predicate = true> <Delay = 0.00> <CoreInst = "Sel">   --->   Core 73 'Sel' <Latency = 0> <II = 1> <Delay = 0.52> <FuncUnit> <Opcode : 'select'> <InPorts = 3> <OutPorts = 1>
ST_11 : Operation 69 [1/1] (0.33ns) (out node of the LUT)   --->   "%select_ln1011 = select i1 %icmp_ln1011, i1 %select_ln999, i1 %and_ln1002_1"   --->   Operation 69 'select' 'select_ln1011' <Predicate = true> <Delay = 0.33> <CoreInst = "Sel">   --->   Core 73 'Sel' <Latency = 0> <II = 1> <Delay = 0.52> <FuncUnit> <Opcode : 'select'> <InPorts = 3> <OutPorts = 1>
ST_11 : Operation 70 [1/1] (0.00ns)   --->   "%trunc_ln996 = trunc i32 %l"   --->   Operation 70 'trunc' 'trunc_ln996' <Predicate = true> <Delay = 0.00>

State 12 <SV = 11> <Delay = 4.86>
ST_12 : Operation 71 [1/1] (0.00ns)   --->   "%tmp_last_V_1_loc_load = load i1 %tmp_last_V_1_loc"   --->   Operation 71 'load' 'tmp_last_V_1_loc_load' <Predicate = true> <Delay = 0.00>
ST_12 : Operation 72 [1/1] (0.00ns)   --->   "%zext_ln1010 = zext i32 %tmp_V"   --->   Operation 72 'zext' 'zext_ln1010' <Predicate = (!tobool_i_i)> <Delay = 0.00>
ST_12 : Operation 73 [1/1] (1.20ns)   --->   "%sub_ln1012 = sub i32 25, i32 %sub_ln997"   --->   Operation 73 'sub' 'sub_ln1012' <Predicate = (!icmp_ln1011 & !tobool_i_i)> <Delay = 1.20> <CoreInst = "Adder">   --->   Core 1 'Adder' <Latency = 0> <II = 1> <Delay = 1.47> <FuncUnit> <Opcode : 'add' 'sub'> <InPorts = 2> <OutPorts = 1>
ST_12 : Operation 74 [1/1] (0.00ns) (grouped into LUT with out node m_2)   --->   "%zext_ln1012 = zext i32 %sub_ln1012"   --->   Operation 74 'zext' 'zext_ln1012' <Predicate = (!icmp_ln1011 & !tobool_i_i)> <Delay = 0.00>
ST_12 : Operation 75 [1/1] (0.00ns) (grouped into LUT with out node m_2)   --->   "%shl_ln1012 = shl i64 %zext_ln1010, i64 %zext_ln1012"   --->   Operation 75 'shl' 'shl_ln1012' <Predicate = (!icmp_ln1011 & !tobool_i_i)> <Delay = 0.00> <CoreInst = "Shifter">   --->   Core 75 'Shifter' <Latency = 0> <II = 1> <Delay = 1.45> <FuncUnit> <Opcode : 'shl' 'lshr' 'ashr'> <InPorts = 2> <OutPorts = 1>
ST_12 : Operation 76 [1/1] (1.20ns)   --->   "%add_ln1011 = add i32 %sub_ln997, i32 4294967271"   --->   Operation 76 'add' 'add_ln1011' <Predicate = (icmp_ln1011 & !tobool_i_i)> <Delay = 1.20> <CoreInst = "Adder">   --->   Core 1 'Adder' <Latency = 0> <II = 1> <Delay = 1.47> <FuncUnit> <Opcode : 'add' 'sub'> <InPorts = 2> <OutPorts = 1>
ST_12 : Operation 77 [1/1] (0.00ns) (grouped into LUT with out node m_2)   --->   "%zext_ln1011 = zext i32 %add_ln1011"   --->   Operation 77 'zext' 'zext_ln1011' <Predicate = (icmp_ln1011 & !tobool_i_i)> <Delay = 0.00>
ST_12 : Operation 78 [1/1] (0.00ns) (grouped into LUT with out node m_2)   --->   "%lshr_ln1011 = lshr i64 %zext_ln1010, i64 %zext_ln1011"   --->   Operation 78 'lshr' 'lshr_ln1011' <Predicate = (icmp_ln1011 & !tobool_i_i)> <Delay = 0.00> <CoreInst = "Shifter">   --->   Core 75 'Shifter' <Latency = 0> <II = 1> <Delay = 1.45> <FuncUnit> <Opcode : 'shl' 'lshr' 'ashr'> <InPorts = 2> <OutPorts = 1>
ST_12 : Operation 79 [1/1] (0.00ns) (grouped into LUT with out node m_2)   --->   "%m = select i1 %icmp_ln1011, i64 %lshr_ln1011, i64 %shl_ln1012"   --->   Operation 79 'select' 'm' <Predicate = (!tobool_i_i)> <Delay = 0.00> <CoreInst = "Sel">   --->   Core 73 'Sel' <Latency = 0> <II = 1> <Delay = 0.52> <FuncUnit> <Opcode : 'select'> <InPorts = 3> <OutPorts = 1>
ST_12 : Operation 80 [1/1] (0.00ns) (grouped into LUT with out node m_2)   --->   "%zext_ln1014 = zext i1 %select_ln1011"   --->   Operation 80 'zext' 'zext_ln1014' <Predicate = (!tobool_i_i)> <Delay = 0.00>
ST_12 : Operation 81 [1/1] (1.47ns) (out node of the LUT)   --->   "%m_2 = add i64 %m, i64 %zext_ln1014"   --->   Operation 81 'add' 'm_2' <Predicate = (!tobool_i_i)> <Delay = 1.47> <CoreInst = "Adder">   --->   Core 1 'Adder' <Latency = 0> <II = 1> <Delay = 1.47> <FuncUnit> <Opcode : 'add' 'sub'> <InPorts = 2> <OutPorts = 1>
ST_12 : Operation 82 [1/1] (0.00ns)   --->   "%m_5 = partselect i63 @_ssdm_op_PartSelect.i63.i64.i32.i32, i64 %m_2, i32 1, i32 63"   --->   Operation 82 'partselect' 'm_5' <Predicate = (!tobool_i_i)> <Delay = 0.00>
ST_12 : Operation 83 [1/1] (0.00ns)   --->   "%zext_ln1015 = zext i63 %m_5"   --->   Operation 83 'zext' 'zext_ln1015' <Predicate = (!tobool_i_i)> <Delay = 0.00>
ST_12 : Operation 84 [1/1] (0.00ns)   --->   "%p_Result_s = bitselect i1 @_ssdm_op_BitSelect.i1.i64.i32, i64 %m_2, i32 25"   --->   Operation 84 'bitselect' 'p_Result_s' <Predicate = (!tobool_i_i)> <Delay = 0.00>
ST_12 : Operation 85 [1/1] (0.44ns)   --->   "%select_ln996 = select i1 %p_Result_s, i8 127, i8 126"   --->   Operation 85 'select' 'select_ln996' <Predicate = (!tobool_i_i)> <Delay = 0.44> <CoreInst = "Sel">   --->   Core 73 'Sel' <Latency = 0> <II = 1> <Delay = 0.52> <FuncUnit> <Opcode : 'select'> <InPorts = 3> <OutPorts = 1>
ST_12 : Operation 86 [1/1] (0.00ns) (grouped into TernaryAdder)   --->   "%sub_ln1017 = sub i8 16, i8 %trunc_ln996"   --->   Operation 86 'sub' 'sub_ln1017' <Predicate = (!tobool_i_i)> <Delay = 0.00> <CoreInst = "TAddSub">   --->   Core 10 'TAddSub' <Latency = 0> <II = 1> <Delay = 0.61> <IPBlock> <Opcode : 'add' 'sub'> <InPorts = 3> <OutPorts = 1> <Sync> <CReg>
ST_12 : Operation 87 [1/1] (1.22ns) (root node of TernaryAdder)   --->   "%add_ln1017 = add i8 %sub_ln1017, i8 %select_ln996"   --->   Operation 87 'add' 'add_ln1017' <Predicate = (!tobool_i_i)> <Delay = 1.22> <CoreInst = "TAddSub">   --->   Core 10 'TAddSub' <Latency = 0> <II = 1> <Delay = 0.61> <IPBlock> <Opcode : 'add' 'sub'> <InPorts = 3> <OutPorts = 1> <Sync> <CReg>
ST_12 : Operation 88 [1/1] (0.00ns)   --->   "%tmp_1 = bitconcatenate i9 @_ssdm_op_BitConcatenate.i9.i1.i8, i1 %s, i8 %add_ln1017"   --->   Operation 88 'bitconcatenate' 'tmp_1' <Predicate = (!tobool_i_i)> <Delay = 0.00>
ST_12 : Operation 89 [1/1] (0.00ns)   --->   "%p_Result_5 = partset i64 @_ssdm_op_PartSet.i64.i64.i9.i32.i32, i64 %zext_ln1015, i9 %tmp_1, i32 23, i32 31"   --->   Operation 89 'partset' 'p_Result_5' <Predicate = (!tobool_i_i)> <Delay = 0.00>
ST_12 : Operation 90 [1/1] (0.00ns)   --->   "%LD = trunc i64 %p_Result_5"   --->   Operation 90 'trunc' 'LD' <Predicate = (!tobool_i_i)> <Delay = 0.00>
ST_12 : Operation 91 [1/1] (0.52ns)   --->   "%select_ln304 = select i1 %tobool_i_i, i32 0, i32 %LD"   --->   Operation 91 'select' 'select_ln304' <Predicate = true> <Delay = 0.52> <CoreInst = "Sel">   --->   Core 73 'Sel' <Latency = 0> <II = 1> <Delay = 0.52> <FuncUnit> <Opcode : 'select'> <InPorts = 3> <OutPorts = 1>
ST_12 : Operation 92 [2/2] (0.00ns)   --->   "%write_ln304 = write void @_ssdm_op_Write.axis.volatile.i32P0A.i4P0A.i4P0A.i1P0A.i1P0A.i1P0A.i1P0A, i32 %out_r_V_data_V, i4 %out_r_V_keep_V, i4 %out_r_V_strb_V, i1 %out_r_V_user_V, i1 %out_r_V_last_V, i1 %out_r_V_id_V, i1 %out_r_V_dest_V, i32 %select_ln304, i4 15, i4 15, i1 0, i1 %tmp_last_V_1_loc_load, i1 0, i1 0"   --->   Operation 92 'write' 'write_ln304' <Predicate = true> <Delay = 0.00> <CoreInst = "axis">   --->   Core 123 'axis' <Latency = 0> <II = 1> <Delay = 1.00> <Adapter> <Opcode : >

State 13 <SV = 12> <Delay = 0.00>
ST_13 : Operation 93 [1/1] (0.00ns)   --->   "%spectopmodule_ln0 = spectopmodule void @_ssdm_op_SpecTopModule, void @empty_2"   --->   Operation 93 'spectopmodule' 'spectopmodule_ln0' <Predicate = true> <Delay = 0.00>
ST_13 : Operation 94 [1/1] (0.00ns)   --->   "%specinterface_ln0 = specinterface void @_ssdm_op_SpecInterface, i32 0, void @empty_3, i32 0, i32 0, void @empty_1, i32 0, i32 0, void @empty_1, void @empty_1, void @empty_1, i32 0, i32 0, i32 0, i32 0, void @empty_1, void @empty_1"   --->   Operation 94 'specinterface' 'specinterface_ln0' <Predicate = true> <Delay = 0.00>
ST_13 : Operation 95 [1/1] (0.00ns)   --->   "%specinterface_ln0 = specinterface void @_ssdm_op_SpecInterface, i32 %in_r_V_data_V, i4 %in_r_V_keep_V, i4 %in_r_V_strb_V, i1 %in_r_V_user_V, i1 %in_r_V_last_V, i1 %in_r_V_id_V, i1 %in_r_V_dest_V, void @empty, i32 1, i32 1, void @empty_0, i32 0, i32 0, void @empty_1, void @empty_1, void @empty_1, i32 0, i32 0, i32 0, i32 0, void @empty_1, void @empty_1"   --->   Operation 95 'specinterface' 'specinterface_ln0' <Predicate = true> <Delay = 0.00>
ST_13 : Operation 96 [1/1] (0.00ns)   --->   "%specbitsmap_ln0 = specbitsmap void @_ssdm_op_SpecBitsMap, i32 %in_r_V_data_V"   --->   Operation 96 'specbitsmap' 'specbitsmap_ln0' <Predicate = true> <Delay = 0.00>
ST_13 : Operation 97 [1/1] (0.00ns)   --->   "%specbitsmap_ln0 = specbitsmap void @_ssdm_op_SpecBitsMap, i4 %in_r_V_keep_V"   --->   Operation 97 'specbitsmap' 'specbitsmap_ln0' <Predicate = true> <Delay = 0.00>
ST_13 : Operation 98 [1/1] (0.00ns)   --->   "%specbitsmap_ln0 = specbitsmap void @_ssdm_op_SpecBitsMap, i4 %in_r_V_strb_V"   --->   Operation 98 'specbitsmap' 'specbitsmap_ln0' <Predicate = true> <Delay = 0.00>
ST_13 : Operation 99 [1/1] (0.00ns)   --->   "%specbitsmap_ln0 = specbitsmap void @_ssdm_op_SpecBitsMap, i1 %in_r_V_user_V"   --->   Operation 99 'specbitsmap' 'specbitsmap_ln0' <Predicate = true> <Delay = 0.00>
ST_13 : Operation 100 [1/1] (0.00ns)   --->   "%specbitsmap_ln0 = specbitsmap void @_ssdm_op_SpecBitsMap, i1 %in_r_V_last_V"   --->   Operation 100 'specbitsmap' 'specbitsmap_ln0' <Predicate = true> <Delay = 0.00>
ST_13 : Operation 101 [1/1] (0.00ns)   --->   "%specbitsmap_ln0 = specbitsmap void @_ssdm_op_SpecBitsMap, i1 %in_r_V_id_V"   --->   Operation 101 'specbitsmap' 'specbitsmap_ln0' <Predicate = true> <Delay = 0.00>
ST_13 : Operation 102 [1/1] (0.00ns)   --->   "%specbitsmap_ln0 = specbitsmap void @_ssdm_op_SpecBitsMap, i1 %in_r_V_dest_V"   --->   Operation 102 'specbitsmap' 'specbitsmap_ln0' <Predicate = true> <Delay = 0.00>
ST_13 : Operation 103 [1/1] (0.00ns)   --->   "%specinterface_ln0 = specinterface void @_ssdm_op_SpecInterface, i32 %out_r_V_data_V, i4 %out_r_V_keep_V, i4 %out_r_V_strb_V, i1 %out_r_V_user_V, i1 %out_r_V_last_V, i1 %out_r_V_id_V, i1 %out_r_V_dest_V, void @empty, i32 1, i32 1, void @empty_0, i32 0, i32 0, void @empty_1, void @empty_1, void @empty_1, i32 0, i32 0, i32 0, i32 0, void @empty_1, void @empty_1"   --->   Operation 103 'specinterface' 'specinterface_ln0' <Predicate = true> <Delay = 0.00>
ST_13 : Operation 104 [1/1] (0.00ns)   --->   "%specbitsmap_ln0 = specbitsmap void @_ssdm_op_SpecBitsMap, i32 %out_r_V_data_V"   --->   Operation 104 'specbitsmap' 'specbitsmap_ln0' <Predicate = true> <Delay = 0.00>
ST_13 : Operation 105 [1/1] (0.00ns)   --->   "%specbitsmap_ln0 = specbitsmap void @_ssdm_op_SpecBitsMap, i4 %out_r_V_keep_V"   --->   Operation 105 'specbitsmap' 'specbitsmap_ln0' <Predicate = true> <Delay = 0.00>
ST_13 : Operation 106 [1/1] (0.00ns)   --->   "%specbitsmap_ln0 = specbitsmap void @_ssdm_op_SpecBitsMap, i4 %out_r_V_strb_V"   --->   Operation 106 'specbitsmap' 'specbitsmap_ln0' <Predicate = true> <Delay = 0.00>
ST_13 : Operation 107 [1/1] (0.00ns)   --->   "%specbitsmap_ln0 = specbitsmap void @_ssdm_op_SpecBitsMap, i1 %out_r_V_user_V"   --->   Operation 107 'specbitsmap' 'specbitsmap_ln0' <Predicate = true> <Delay = 0.00>
ST_13 : Operation 108 [1/1] (0.00ns)   --->   "%specbitsmap_ln0 = specbitsmap void @_ssdm_op_SpecBitsMap, i1 %out_r_V_last_V"   --->   Operation 108 'specbitsmap' 'specbitsmap_ln0' <Predicate = true> <Delay = 0.00>
ST_13 : Operation 109 [1/1] (0.00ns)   --->   "%specbitsmap_ln0 = specbitsmap void @_ssdm_op_SpecBitsMap, i1 %out_r_V_id_V"   --->   Operation 109 'specbitsmap' 'specbitsmap_ln0' <Predicate = true> <Delay = 0.00>
ST_13 : Operation 110 [1/1] (0.00ns)   --->   "%specbitsmap_ln0 = specbitsmap void @_ssdm_op_SpecBitsMap, i1 %out_r_V_dest_V"   --->   Operation 110 'specbitsmap' 'specbitsmap_ln0' <Predicate = true> <Delay = 0.00>
ST_13 : Operation 111 [1/2] (0.00ns)   --->   "%write_ln304 = write void @_ssdm_op_Write.axis.volatile.i32P0A.i4P0A.i4P0A.i1P0A.i1P0A.i1P0A.i1P0A, i32 %out_r_V_data_V, i4 %out_r_V_keep_V, i4 %out_r_V_strb_V, i1 %out_r_V_user_V, i1 %out_r_V_last_V, i1 %out_r_V_id_V, i1 %out_r_V_dest_V, i32 %select_ln304, i4 15, i4 15, i1 0, i1 %tmp_last_V_1_loc_load, i1 0, i1 0"   --->   Operation 111 'write' 'write_ln304' <Predicate = true> <Delay = 0.00> <CoreInst = "axis">   --->   Core 123 'axis' <Latency = 0> <II = 1> <Delay = 1.00> <Adapter> <Opcode : >
ST_13 : Operation 112 [1/1] (0.00ns)   --->   "%ret_ln41 = ret" [firmware/myproject_axi.cpp:41]   --->   Operation 112 'ret' 'ret_ln41' <Predicate = true> <Delay = 0.00>


============================================================
+ Verbose Summary: Timing violations
============================================================
Target clock period: 7ns, clock uncertainty: 1.89ns.

 <State 1>: 0ns
The critical path consists of the following:

 <State 2>: 2.79ns
The critical path consists of the following:
	'call' operation ('call_ln0') to 'myproject_axi_Pipeline_VITIS_LOOP_21_1' [45]  (2.79 ns)

 <State 3>: 0ns
The critical path consists of the following:

 <State 4>: 5.09ns
The critical path consists of the following:
	'load' operation ('in_local_V_9_loc_load') on local variable 'in_local_V_9_loc' [46]  (0 ns)
	'call' operation ('out_local.V', firmware/myproject_axi.cpp:28) to 'myproject' [58]  (5.09 ns)

 <State 5>: 5.09ns
The critical path consists of the following:
	'call' operation ('out_local.V', firmware/myproject_axi.cpp:28) to 'myproject' [58]  (5.09 ns)

 <State 6>: 5.09ns
The critical path consists of the following:
	'call' operation ('out_local.V', firmware/myproject_axi.cpp:28) to 'myproject' [58]  (5.09 ns)

 <State 7>: 5.09ns
The critical path consists of the following:
	'call' operation ('out_local.V', firmware/myproject_axi.cpp:28) to 'myproject' [58]  (5.09 ns)

 <State 8>: 5.09ns
The critical path consists of the following:
	'call' operation ('out_local.V', firmware/myproject_axi.cpp:28) to 'myproject' [58]  (5.09 ns)

 <State 9>: 4.18ns
The critical path consists of the following:
	'call' operation ('out_local.V', firmware/myproject_axi.cpp:28) to 'myproject' [58]  (4.18 ns)

 <State 10>: 1.2ns
The critical path consists of the following:
	'sub' operation ('sub_i_i', firmware/myproject_axi.cpp:28) [61]  (1.2 ns)

 <State 11>: 4.72ns
The critical path consists of the following:
	'select' operation ('tmp.V') [62]  (0.525 ns)
	'cttz' operation ('l') [64]  (0 ns)
	'sub' operation ('sub_ln997') [65]  (1.2 ns)
	'add' operation ('lsb_index') [66]  (1.2 ns)
	'shl' operation ('shl_ln1002') [74]  (0 ns)
	'or' operation ('or_ln1002_1') [75]  (0 ns)
	'and' operation ('and_ln1002') [76]  (0 ns)
	'icmp' operation ('icmp_ln1002') [77]  (1.45 ns)
	'select' operation ('select_ln999') [86]  (0 ns)
	'select' operation ('select_ln1011') [90]  (0.331 ns)

 <State 12>: 4.87ns
The critical path consists of the following:
	'sub' operation ('sub_ln1012') [83]  (1.2 ns)
	'shl' operation ('shl_ln1012') [85]  (0 ns)
	'select' operation ('m') [91]  (0 ns)
	'add' operation ('m') [93]  (1.47 ns)
	'select' operation ('select_ln996') [97]  (0.445 ns)
	'add' operation ('add_ln1017') [100]  (1.22 ns)
	'select' operation ('select_ln304') [104]  (0.525 ns)

 <State 13>: 0ns
The critical path consists of the following:


============================================================
+ Verbose Summary: Binding
============================================================
N/A
* FSMD analyzer results:
  - Output states:
 - Input state : 
  - Chain level:
	State 1
	State 2
	State 3
	State 4
	State 5
	State 6
	State 7
	State 8
	State 9
	State 10
	State 11
	State 12
	State 13


============================================================
+ Verbose Summary: Datapath Resource usage 
============================================================
N/A
