
*** Running vivado
    with args -log design_1_wrapper.vdi -applog -m64 -product Vivado -messageDb vivado.pb -mode batch -source design_1_wrapper.tcl -notrace


****** Vivado v2021.2 (64-bit)
  **** SW Build 3367213 on Tue Oct 19 02:47:39 MDT 2021
  **** IP Build 3369179 on Thu Oct 21 08:25:16 MDT 2021
    ** Copyright 1986-2021 Xilinx, Inc. All Rights Reserved.

source design_1_wrapper.tcl -notrace
INFO: [IP_Flow 19-234] Refreshing IP repositories
INFO: [IP_Flow 19-1700] Loaded user IP repository '/home/nghielme/PycharmProjects/aca-project/conifer-opt/wrapper_perfectly_balanced/myproject_prj'.
INFO: [IP_Flow 19-2313] Loaded Vivado IP repository '/opt/Xilinx/Vivado/2021.2/data/ip'.
Command: link_design -top design_1_wrapper -part xczu3eg-sbva484-1-e
Design is defaulting to srcset: sources_1
Design is defaulting to constrset: constrs_1
INFO: [Device 21-403] Loading part xczu3eg-sbva484-1-e
INFO: [Project 1-454] Reading design checkpoint '/home/nghielme/PycharmProjects/aca-project/conifer-opt/wrapper_perfectly_balanced/myproject_vivado_accelerator/project_1.gen/sources_1/bd/design_1/ip/design_1_axi_smc_0/design_1_axi_smc_0.dcp' for cell 'design_1_i/axi_smc'
INFO: [Project 1-454] Reading design checkpoint '/home/nghielme/PycharmProjects/aca-project/conifer-opt/wrapper_perfectly_balanced/myproject_vivado_accelerator/project_1.gen/sources_1/bd/design_1/ip/design_1_rst_ps8_0_100M_0/design_1_rst_ps8_0_100M_0.dcp' for cell 'design_1_i/rst_ps8_0_100M'
INFO: [Project 1-454] Reading design checkpoint '/home/nghielme/PycharmProjects/aca-project/conifer-opt/wrapper_perfectly_balanced/myproject_vivado_accelerator/project_1.gen/sources_1/bd/design_1/ip/design_1_zynq_ultra_ps_e_0_0/design_1_zynq_ultra_ps_e_0_0.dcp' for cell 'design_1_i/zynq_ultra_ps_e_0'
INFO: [Project 1-454] Reading design checkpoint '/home/nghielme/PycharmProjects/aca-project/conifer-opt/wrapper_perfectly_balanced/myproject_vivado_accelerator/project_1.gen/sources_1/bd/design_1/ip/design_1_axi_dma_0_0/design_1_axi_dma_0_0.dcp' for cell 'design_1_i/hier_0/axi_dma_0'
INFO: [Project 1-454] Reading design checkpoint '/home/nghielme/PycharmProjects/aca-project/conifer-opt/wrapper_perfectly_balanced/myproject_vivado_accelerator/project_1.gen/sources_1/bd/design_1/ip/design_1_myproject_axi_0_0/design_1_myproject_axi_0_0.dcp' for cell 'design_1_i/hier_0/myproject_axi_0'
INFO: [Project 1-454] Reading design checkpoint '/home/nghielme/PycharmProjects/aca-project/conifer-opt/wrapper_perfectly_balanced/myproject_vivado_accelerator/project_1.gen/sources_1/bd/design_1/ip/design_1_xbar_0/design_1_xbar_0.dcp' for cell 'design_1_i/ps8_0_axi_periph/xbar'
INFO: [Project 1-454] Reading design checkpoint '/home/nghielme/PycharmProjects/aca-project/conifer-opt/wrapper_perfectly_balanced/myproject_vivado_accelerator/project_1.gen/sources_1/bd/design_1/ip/design_1_auto_ds_0/design_1_auto_ds_0.dcp' for cell 'design_1_i/ps8_0_axi_periph/s00_couplers/auto_ds'
INFO: [Project 1-454] Reading design checkpoint '/home/nghielme/PycharmProjects/aca-project/conifer-opt/wrapper_perfectly_balanced/myproject_vivado_accelerator/project_1.gen/sources_1/bd/design_1/ip/design_1_auto_pc_0/design_1_auto_pc_0.dcp' for cell 'design_1_i/ps8_0_axi_periph/s00_couplers/auto_pc'
INFO: [Project 1-454] Reading design checkpoint '/home/nghielme/PycharmProjects/aca-project/conifer-opt/wrapper_perfectly_balanced/myproject_vivado_accelerator/project_1.gen/sources_1/bd/design_1/ip/design_1_auto_ds_1/design_1_auto_ds_1.dcp' for cell 'design_1_i/ps8_0_axi_periph/s01_couplers/auto_ds'
INFO: [Project 1-454] Reading design checkpoint '/home/nghielme/PycharmProjects/aca-project/conifer-opt/wrapper_perfectly_balanced/myproject_vivado_accelerator/project_1.gen/sources_1/bd/design_1/ip/design_1_auto_pc_1/design_1_auto_pc_1.dcp' for cell 'design_1_i/ps8_0_axi_periph/s01_couplers/auto_pc'
Netlist sorting complete. Time (s): cpu = 00:00:00.32 ; elapsed = 00:00:00.32 . Memory (MB): peak = 2742.566 ; gain = 0.000 ; free physical = 18060 ; free virtual = 41618
INFO: [Netlist 29-17] Analyzing 884 Unisim elements for replacement
INFO: [Netlist 29-28] Unisim Transformation completed in 0 CPU seconds
INFO: [Project 1-479] Netlist was created with Vivado 2021.2
INFO: [Project 1-570] Preparing netlist for logic optimization
Parsing XDC File [/home/nghielme/PycharmProjects/aca-project/conifer-opt/wrapper_perfectly_balanced/myproject_vivado_accelerator/project_1.gen/sources_1/bd/design_1/ip/design_1_zynq_ultra_ps_e_0_0/design_1_zynq_ultra_ps_e_0_0.xdc] for cell 'design_1_i/zynq_ultra_ps_e_0/inst'
Finished Parsing XDC File [/home/nghielme/PycharmProjects/aca-project/conifer-opt/wrapper_perfectly_balanced/myproject_vivado_accelerator/project_1.gen/sources_1/bd/design_1/ip/design_1_zynq_ultra_ps_e_0_0/design_1_zynq_ultra_ps_e_0_0.xdc] for cell 'design_1_i/zynq_ultra_ps_e_0/inst'
Parsing XDC File [/home/nghielme/PycharmProjects/aca-project/conifer-opt/wrapper_perfectly_balanced/myproject_vivado_accelerator/project_1.gen/sources_1/bd/design_1/ip/design_1_rst_ps8_0_100M_0/design_1_rst_ps8_0_100M_0_board.xdc] for cell 'design_1_i/rst_ps8_0_100M/U0'
Finished Parsing XDC File [/home/nghielme/PycharmProjects/aca-project/conifer-opt/wrapper_perfectly_balanced/myproject_vivado_accelerator/project_1.gen/sources_1/bd/design_1/ip/design_1_rst_ps8_0_100M_0/design_1_rst_ps8_0_100M_0_board.xdc] for cell 'design_1_i/rst_ps8_0_100M/U0'
Parsing XDC File [/home/nghielme/PycharmProjects/aca-project/conifer-opt/wrapper_perfectly_balanced/myproject_vivado_accelerator/project_1.gen/sources_1/bd/design_1/ip/design_1_rst_ps8_0_100M_0/design_1_rst_ps8_0_100M_0.xdc] for cell 'design_1_i/rst_ps8_0_100M/U0'
Finished Parsing XDC File [/home/nghielme/PycharmProjects/aca-project/conifer-opt/wrapper_perfectly_balanced/myproject_vivado_accelerator/project_1.gen/sources_1/bd/design_1/ip/design_1_rst_ps8_0_100M_0/design_1_rst_ps8_0_100M_0.xdc] for cell 'design_1_i/rst_ps8_0_100M/U0'
Parsing XDC File [/home/nghielme/PycharmProjects/aca-project/conifer-opt/wrapper_perfectly_balanced/myproject_vivado_accelerator/project_1.gen/sources_1/bd/design_1/ip/design_1_axi_smc_0/bd_0/ip/ip_1/bd_afc3_psr_aclk_0_board.xdc] for cell 'design_1_i/axi_smc/inst/clk_map/psr_aclk/U0'
Finished Parsing XDC File [/home/nghielme/PycharmProjects/aca-project/conifer-opt/wrapper_perfectly_balanced/myproject_vivado_accelerator/project_1.gen/sources_1/bd/design_1/ip/design_1_axi_smc_0/bd_0/ip/ip_1/bd_afc3_psr_aclk_0_board.xdc] for cell 'design_1_i/axi_smc/inst/clk_map/psr_aclk/U0'
Parsing XDC File [/home/nghielme/PycharmProjects/aca-project/conifer-opt/wrapper_perfectly_balanced/myproject_vivado_accelerator/project_1.gen/sources_1/bd/design_1/ip/design_1_axi_smc_0/bd_0/ip/ip_1/bd_afc3_psr_aclk_0.xdc] for cell 'design_1_i/axi_smc/inst/clk_map/psr_aclk/U0'
Finished Parsing XDC File [/home/nghielme/PycharmProjects/aca-project/conifer-opt/wrapper_perfectly_balanced/myproject_vivado_accelerator/project_1.gen/sources_1/bd/design_1/ip/design_1_axi_smc_0/bd_0/ip/ip_1/bd_afc3_psr_aclk_0.xdc] for cell 'design_1_i/axi_smc/inst/clk_map/psr_aclk/U0'
Parsing XDC File [/home/nghielme/PycharmProjects/aca-project/conifer-opt/wrapper_perfectly_balanced/myproject_vivado_accelerator/project_1.gen/sources_1/bd/design_1/ip/design_1_axi_dma_0_0/design_1_axi_dma_0_0.xdc] for cell 'design_1_i/hier_0/axi_dma_0/U0'
WARNING: [Vivado_Tcl 4-921] Waiver ID 'CDC-1' -to list should not be empty. [/home/nghielme/PycharmProjects/aca-project/conifer-opt/wrapper_perfectly_balanced/myproject_vivado_accelerator/project_1.gen/sources_1/bd/design_1/ip/design_1_axi_dma_0_0/design_1_axi_dma_0_0.xdc:52]
WARNING: [Vivado_Tcl 4-921] Waiver ID 'CDC-1' -to list should not be empty. [/home/nghielme/PycharmProjects/aca-project/conifer-opt/wrapper_perfectly_balanced/myproject_vivado_accelerator/project_1.gen/sources_1/bd/design_1/ip/design_1_axi_dma_0_0/design_1_axi_dma_0_0.xdc:56]
WARNING: [Vivado_Tcl 4-919] Waiver ID 'CDC-1' -from list should not be empty. [/home/nghielme/PycharmProjects/aca-project/conifer-opt/wrapper_perfectly_balanced/myproject_vivado_accelerator/project_1.gen/sources_1/bd/design_1/ip/design_1_axi_dma_0_0/design_1_axi_dma_0_0.xdc:61]
Finished Parsing XDC File [/home/nghielme/PycharmProjects/aca-project/conifer-opt/wrapper_perfectly_balanced/myproject_vivado_accelerator/project_1.gen/sources_1/bd/design_1/ip/design_1_axi_dma_0_0/design_1_axi_dma_0_0.xdc] for cell 'design_1_i/hier_0/axi_dma_0/U0'
Parsing XDC File [/home/nghielme/PycharmProjects/aca-project/conifer-opt/wrapper_perfectly_balanced/myproject_vivado_accelerator/project_1.gen/sources_1/bd/design_1/ip/design_1_auto_ds_0/design_1_auto_ds_0_clocks.xdc] for cell 'design_1_i/ps8_0_axi_periph/s00_couplers/auto_ds/inst'
Finished Parsing XDC File [/home/nghielme/PycharmProjects/aca-project/conifer-opt/wrapper_perfectly_balanced/myproject_vivado_accelerator/project_1.gen/sources_1/bd/design_1/ip/design_1_auto_ds_0/design_1_auto_ds_0_clocks.xdc] for cell 'design_1_i/ps8_0_axi_periph/s00_couplers/auto_ds/inst'
Parsing XDC File [/home/nghielme/PycharmProjects/aca-project/conifer-opt/wrapper_perfectly_balanced/myproject_vivado_accelerator/project_1.gen/sources_1/bd/design_1/ip/design_1_auto_ds_1/design_1_auto_ds_1_clocks.xdc] for cell 'design_1_i/ps8_0_axi_periph/s01_couplers/auto_ds/inst'
Finished Parsing XDC File [/home/nghielme/PycharmProjects/aca-project/conifer-opt/wrapper_perfectly_balanced/myproject_vivado_accelerator/project_1.gen/sources_1/bd/design_1/ip/design_1_auto_ds_1/design_1_auto_ds_1_clocks.xdc] for cell 'design_1_i/ps8_0_axi_periph/s01_couplers/auto_ds/inst'
Parsing XDC File [/home/nghielme/PycharmProjects/aca-project/conifer-opt/wrapper_perfectly_balanced/myproject_vivado_accelerator/project_1.gen/sources_1/bd/design_1/ip/design_1_axi_dma_0_0/design_1_axi_dma_0_0_clocks.xdc] for cell 'design_1_i/hier_0/axi_dma_0/U0'
Finished Parsing XDC File [/home/nghielme/PycharmProjects/aca-project/conifer-opt/wrapper_perfectly_balanced/myproject_vivado_accelerator/project_1.gen/sources_1/bd/design_1/ip/design_1_axi_dma_0_0/design_1_axi_dma_0_0_clocks.xdc] for cell 'design_1_i/hier_0/axi_dma_0/U0'
INFO: [Project 1-1714] 50 XPM XDC files have been applied to the design.
INFO: [Opt 31-138] Pushed 0 inverter(s) to 0 load pin(s).
Netlist sorting complete. Time (s): cpu = 00:00:00 ; elapsed = 00:00:00 . Memory (MB): peak = 3043.168 ; gain = 0.000 ; free physical = 17903 ; free virtual = 41467
INFO: [Project 1-111] Unisim Transformation Summary:
  A total of 90 instances were transformed.
  RAM16X1D => RAM32X1D (RAMD32(x2)): 1 instance 
  RAM32M => RAM32M (RAMD32(x6), RAMS32(x2)): 1 instance 
  RAM32M16 => RAM32M16 (RAMD32(x14), RAMS32(x2)): 84 instances
  RAM32X1D => RAM32X1D (RAMD32(x2)): 4 instances

21 Infos, 3 Warnings, 0 Critical Warnings and 0 Errors encountered.
link_design completed successfully
link_design: Time (s): cpu = 00:00:15 ; elapsed = 00:00:16 . Memory (MB): peak = 3043.168 ; gain = 357.809 ; free physical = 17902 ; free virtual = 41467
Command: opt_design
Attempting to get a license for feature 'Implementation' and/or device 'xczu3eg'
INFO: [Common 17-349] Got license for feature 'Implementation' and/or device 'xczu3eg'
Running DRC as a precondition to command opt_design

Starting DRC Task
INFO: [DRC 23-27] Running DRC with 8 threads
INFO: [Project 1-461] DRC finished with 0 Errors
INFO: [Project 1-462] Please refer to the DRC report (report_drc) for more information.

Time (s): cpu = 00:00:02 ; elapsed = 00:00:00.96 . Memory (MB): peak = 3043.168 ; gain = 0.000 ; free physical = 17893 ; free virtual = 41457

Starting Cache Timing Information Task
INFO: [Timing 38-35] Done setting XDC timing constraints.
Ending Cache Timing Information Task | Checksum: 1521ed1c4

Time (s): cpu = 00:00:02 ; elapsed = 00:00:02 . Memory (MB): peak = 3227.875 ; gain = 184.707 ; free physical = 17697 ; free virtual = 41262

Starting Logic Optimization Task

Phase 1 Retarget
INFO: [Opt 31-1287] Pulled Inverter design_1_i/hier_0/axi_dma_0/U0/I_PRMRY_DATAMOVER/GEN_S2MM_FULL.I_S2MM_FULL_WRAPPER/GEN_ENABLE_INDET_BTT_SF.I_INDET_BTT/I_XD_FIFO/NON_BLK_MEM.I_SYNC_FIFOGEN_FIFO/xpm_fifo_instance.xpm_fifo_sync_inst_i_1__0 into driver instance design_1_i/hier_0/axi_dma_0/U0/I_PRMRY_DATAMOVER/GEN_S2MM_FULL.I_S2MM_FULL_WRAPPER/GEN_ENABLE_INDET_BTT_SF.I_INDET_BTT/I_XD_FIFO/NON_BLK_MEM.I_SYNC_FIFOGEN_FIFO/INFERRED_GEN.cnt_i[4]_i_3, which resulted in an inversion of 14 pins
INFO: [Opt 31-1287] Pulled Inverter design_1_i/hier_0/axi_dma_0/U0/I_PRMRY_DATAMOVER/GEN_S2MM_FULL.I_S2MM_FULL_WRAPPER/GEN_INCLUDE_IBTTCC.I_S2MM_MSTR_IBTTCC/sig_realign_cmd_cmplt_reg_i_1 into driver instance design_1_i/hier_0/axi_dma_0/U0/I_PRMRY_DATAMOVER/GEN_S2MM_FULL.I_S2MM_FULL_WRAPPER/GEN_INCLUDE_IBTTCC.I_S2MM_MSTR_IBTTCC/sig_realigner_btt2[25]_i_2, which resulted in an inversion of 19 pins
INFO: [Opt 31-1287] Pulled Inverter design_1_i/hier_0/myproject_axi_0/inst/regslice_both_in_r_V_data_V_U/ap_enable_reg_pp0_iter2_i_1 into driver instance design_1_i/hier_0/myproject_axi_0/inst/regslice_both_in_r_V_data_V_U/ap_enable_reg_pp0_iter2_i_2, which resulted in an inversion of 19 pins
INFO: [Opt 31-1287] Pulled Inverter design_1_i/hier_0/myproject_axi_0/inst/sub_ln997_reg_649[1]_i_1 into driver instance design_1_i/hier_0/myproject_axi_0/inst/sub_ln997_reg_649[1]_i_2, which resulted in an inversion of 3 pins
INFO: [Opt 31-1287] Pulled Inverter design_1_i/hier_0/myproject_axi_0/inst/sub_ln997_reg_649[3]_i_1 into driver instance design_1_i/hier_0/myproject_axi_0/inst/sub_ln997_reg_649[3]_i_2, which resulted in an inversion of 4 pins
INFO: [Opt 31-1287] Pulled Inverter design_1_i/hier_0/myproject_axi_0/inst/trunc_ln996_reg_665[0]_i_1 into driver instance design_1_i/hier_0/myproject_axi_0/inst/trunc_ln996_reg_665[0]_i_2, which resulted in an inversion of 12 pins
INFO: [Opt 31-1287] Pulled Inverter design_1_i/ps8_0_axi_periph/s00_couplers/auto_ds/inst/gen_downsizer.gen_simple_downsizer.axi_downsizer_inst/USE_READ.read_addr_inst/cmd_queue/inst/current_word_1[3]_i_1 into driver instance design_1_i/ps8_0_axi_periph/s00_couplers/auto_ds/inst/gen_downsizer.gen_simple_downsizer.axi_downsizer_inst/USE_READ.read_addr_inst/cmd_queue/inst/s_axi_rvalid_INST_0_i_3, which resulted in an inversion of 2 pins
INFO: [Opt 31-1287] Pulled Inverter design_1_i/ps8_0_axi_periph/s00_couplers/auto_ds/inst/gen_downsizer.gen_simple_downsizer.axi_downsizer_inst/USE_WRITE.USE_SPLIT.write_resp_inst/first_mi_word_i_2 into driver instance design_1_i/ps8_0_axi_periph/s00_couplers/auto_ds/inst/gen_downsizer.gen_simple_downsizer.axi_downsizer_inst/USE_WRITE.USE_SPLIT.write_resp_inst/s_axi_bvalid_INST_0_i_1, which resulted in an inversion of 5 pins
INFO: [Opt 31-1287] Pulled Inverter design_1_i/ps8_0_axi_periph/s01_couplers/auto_ds/inst/gen_downsizer.gen_simple_downsizer.axi_downsizer_inst/USE_READ.read_addr_inst/cmd_queue/inst/current_word_1[3]_i_1 into driver instance design_1_i/ps8_0_axi_periph/s01_couplers/auto_ds/inst/gen_downsizer.gen_simple_downsizer.axi_downsizer_inst/USE_READ.read_addr_inst/cmd_queue/inst/s_axi_rvalid_INST_0_i_3, which resulted in an inversion of 2 pins
INFO: [Opt 31-1287] Pulled Inverter design_1_i/ps8_0_axi_periph/s01_couplers/auto_ds/inst/gen_downsizer.gen_simple_downsizer.axi_downsizer_inst/USE_WRITE.USE_SPLIT.write_resp_inst/first_mi_word_i_2 into driver instance design_1_i/ps8_0_axi_periph/s01_couplers/auto_ds/inst/gen_downsizer.gen_simple_downsizer.axi_downsizer_inst/USE_WRITE.USE_SPLIT.write_resp_inst/s_axi_bvalid_INST_0_i_1, which resulted in an inversion of 5 pins
INFO: [Opt 31-138] Pushed 62 inverter(s) to 1941 load pin(s).
INFO: [Opt 31-49] Retargeted 0 cell(s).
Phase 1 Retarget | Checksum: 16df083ec

Time (s): cpu = 00:00:02 ; elapsed = 00:00:01 . Memory (MB): peak = 3484.859 ; gain = 0.000 ; free physical = 17568 ; free virtual = 41132
INFO: [Opt 31-389] Phase Retarget created 39 cells and removed 463 cells
INFO: [Opt 31-1021] In phase Retarget, 84 netlist objects are constrained preventing optimization. Please run opt_design with -debug_log to get more detail. 

Phase 2 Constant propagation
INFO: [Opt 31-138] Pushed 0 inverter(s) to 0 load pin(s).
Phase 2 Constant propagation | Checksum: 105bbafc7

Time (s): cpu = 00:00:02 ; elapsed = 00:00:01 . Memory (MB): peak = 3484.859 ; gain = 0.000 ; free physical = 17568 ; free virtual = 41132
INFO: [Opt 31-389] Phase Constant propagation created 56 cells and removed 227 cells
INFO: [Opt 31-1021] In phase Constant propagation, 94 netlist objects are constrained preventing optimization. Please run opt_design with -debug_log to get more detail. 

Phase 3 Sweep
Phase 3 Sweep | Checksum: 14aacc39b

Time (s): cpu = 00:00:03 ; elapsed = 00:00:02 . Memory (MB): peak = 3484.859 ; gain = 0.000 ; free physical = 17569 ; free virtual = 41133
INFO: [Opt 31-389] Phase Sweep created 0 cells and removed 417 cells
INFO: [Opt 31-1021] In phase Sweep, 244 netlist objects are constrained preventing optimization. Please run opt_design with -debug_log to get more detail. 

Phase 4 BUFG optimization
INFO: [Opt 31-1077] Phase BUFG optimization inserted 0 global clock buffer(s) for CLOCK_LOW_FANOUT.
Phase 4 BUFG optimization | Checksum: 14aacc39b

Time (s): cpu = 00:00:03 ; elapsed = 00:00:03 . Memory (MB): peak = 3484.859 ; gain = 0.000 ; free physical = 17566 ; free virtual = 41130
INFO: [Opt 31-662] Phase BUFG optimization created 0 cells of which 0 are BUFGs and removed 0 cells.

Phase 5 Shift Register Optimization
INFO: [Opt 31-1064] SRL Remap converted 0 SRLs to 0 registers and converted 0 registers of register chains to 0 SRLs
Phase 5 Shift Register Optimization | Checksum: 14aacc39b

Time (s): cpu = 00:00:03 ; elapsed = 00:00:03 . Memory (MB): peak = 3484.859 ; gain = 0.000 ; free physical = 17566 ; free virtual = 41130
INFO: [Opt 31-389] Phase Shift Register Optimization created 0 cells and removed 0 cells

Phase 6 Post Processing Netlist
Phase 6 Post Processing Netlist | Checksum: 14aacc39b

Time (s): cpu = 00:00:03 ; elapsed = 00:00:03 . Memory (MB): peak = 3484.859 ; gain = 0.000 ; free physical = 17566 ; free virtual = 41130
INFO: [Opt 31-389] Phase Post Processing Netlist created 0 cells and removed 0 cells
INFO: [Opt 31-1021] In phase Post Processing Netlist, 96 netlist objects are constrained preventing optimization. Please run opt_design with -debug_log to get more detail. 
Opt_design Change Summary
=========================


-------------------------------------------------------------------------------------------------------------------------
|  Phase                        |  #Cells created  |  #Cells Removed  |  #Constrained objects preventing optimizations  |
-------------------------------------------------------------------------------------------------------------------------
|  Retarget                     |              39  |             463  |                                             84  |
|  Constant propagation         |              56  |             227  |                                             94  |
|  Sweep                        |               0  |             417  |                                            244  |
|  BUFG optimization            |               0  |               0  |                                              0  |
|  Shift Register Optimization  |               0  |               0  |                                              0  |
|  Post Processing Netlist      |               0  |               0  |                                             96  |
-------------------------------------------------------------------------------------------------------------------------



Starting Connectivity Check Task

Time (s): cpu = 00:00:00.04 ; elapsed = 00:00:00.04 . Memory (MB): peak = 3484.859 ; gain = 0.000 ; free physical = 17556 ; free virtual = 41121
Ending Logic Optimization Task | Checksum: 916d11b9

Time (s): cpu = 00:00:04 ; elapsed = 00:00:03 . Memory (MB): peak = 3484.859 ; gain = 0.000 ; free physical = 17555 ; free virtual = 41120

Starting Power Optimization Task
INFO: [Pwropt 34-132] Skipping clock gating for clocks with a period < 2.00 ns.
INFO: [Pwropt 34-9] Applying IDT optimizations ...
INFO: [Pwropt 34-10] Applying ODC optimizations ...
INFO: [Timing 38-35] Done setting XDC timing constraints.
Running Vector-less Activity Propagation...

Finished Running Vector-less Activity Propagation


Starting PowerOpt Patch Enables Task
INFO: [Pwropt 34-162] WRITE_MODE attribute of 0 BRAM(s) out of a total of 6 has been updated to save power. Run report_power_opt to get a complete listing of the BRAMs updated.
INFO: [Pwropt 34-201] Structural ODC has moved 4 WE to EN ports
Number of BRAM Ports augmented: 3 newly gated: 4 Total Ports: 12
Ending PowerOpt Patch Enables Task | Checksum: 7e9362e4

Time (s): cpu = 00:00:00.17 ; elapsed = 00:00:00.11 . Memory (MB): peak = 4104.508 ; gain = 0.000 ; free physical = 17175 ; free virtual = 40749
Ending Power Optimization Task | Checksum: 7e9362e4

Time (s): cpu = 00:00:10 ; elapsed = 00:00:08 . Memory (MB): peak = 4104.508 ; gain = 619.648 ; free physical = 17209 ; free virtual = 40783

Starting Final Cleanup Task
Ending Final Cleanup Task | Checksum: 7e9362e4

Time (s): cpu = 00:00:00 ; elapsed = 00:00:00 . Memory (MB): peak = 4104.508 ; gain = 0.000 ; free physical = 17209 ; free virtual = 40783

Starting Netlist Obfuscation Task
Netlist sorting complete. Time (s): cpu = 00:00:00 ; elapsed = 00:00:00.01 . Memory (MB): peak = 4104.508 ; gain = 0.000 ; free physical = 17209 ; free virtual = 40783
Ending Netlist Obfuscation Task | Checksum: 10bc738fe

Time (s): cpu = 00:00:00 ; elapsed = 00:00:00.01 . Memory (MB): peak = 4104.508 ; gain = 0.000 ; free physical = 17209 ; free virtual = 40783
INFO: [Common 17-83] Releasing license: Implementation
58 Infos, 3 Warnings, 0 Critical Warnings and 0 Errors encountered.
opt_design completed successfully
opt_design: Time (s): cpu = 00:00:20 ; elapsed = 00:00:16 . Memory (MB): peak = 4104.508 ; gain = 1061.340 ; free physical = 17209 ; free virtual = 40783
INFO: [Timing 38-480] Writing timing data to binary archive.
INFO: [Common 17-1381] The checkpoint '/home/nghielme/PycharmProjects/aca-project/conifer-opt/wrapper_perfectly_balanced/myproject_vivado_accelerator/project_1.runs/impl_1/design_1_wrapper_opt.dcp' has been generated.
INFO: [runtcl-4] Executing : report_drc -file design_1_wrapper_drc_opted.rpt -pb design_1_wrapper_drc_opted.pb -rpx design_1_wrapper_drc_opted.rpx
Command: report_drc -file design_1_wrapper_drc_opted.rpt -pb design_1_wrapper_drc_opted.pb -rpx design_1_wrapper_drc_opted.rpx
INFO: [IP_Flow 19-1839] IP Catalog is up to date.
INFO: [Timing 38-35] Done setting XDC timing constraints.
INFO: [DRC 23-27] Running DRC with 8 threads
INFO: [Vivado_Tcl 2-168] The results of DRC are in file /home/nghielme/PycharmProjects/aca-project/conifer-opt/wrapper_perfectly_balanced/myproject_vivado_accelerator/project_1.runs/impl_1/design_1_wrapper_drc_opted.rpt.
report_drc completed successfully
report_drc: Time (s): cpu = 00:00:17 ; elapsed = 00:00:14 . Memory (MB): peak = 4751.664 ; gain = 647.156 ; free physical = 16507 ; free virtual = 40110
Command: place_design
Attempting to get a license for feature 'Implementation' and/or device 'xczu3eg'
INFO: [Common 17-349] Got license for feature 'Implementation' and/or device 'xczu3eg'
INFO: [DRC 23-27] Running DRC with 8 threads
INFO: [Vivado_Tcl 4-198] DRC finished with 0 Errors
INFO: [Vivado_Tcl 4-199] Please refer to the DRC report (report_drc) for more information.
Running DRC as a precondition to command place_design
INFO: [DRC 23-27] Running DRC with 8 threads
INFO: [Vivado_Tcl 4-198] DRC finished with 0 Errors
INFO: [Vivado_Tcl 4-199] Please refer to the DRC report (report_drc) for more information.

Starting Placer Task
INFO: [Place 30-611] Multithreading enabled for place_design using a maximum of 8 CPUs

Phase 1 Placer Initialization

Phase 1.1 Placer Initialization Netlist Sorting
Netlist sorting complete. Time (s): cpu = 00:00:00 ; elapsed = 00:00:00.01 . Memory (MB): peak = 4751.664 ; gain = 0.000 ; free physical = 16504 ; free virtual = 40107
Phase 1.1 Placer Initialization Netlist Sorting | Checksum: 28de298f

Time (s): cpu = 00:00:00.02 ; elapsed = 00:00:00.03 . Memory (MB): peak = 4751.664 ; gain = 0.000 ; free physical = 16504 ; free virtual = 40107
Netlist sorting complete. Time (s): cpu = 00:00:00.01 ; elapsed = 00:00:00 . Memory (MB): peak = 4751.664 ; gain = 0.000 ; free physical = 16504 ; free virtual = 40107

Phase 1.2 IO Placement/ Clock Placement/ Build Placer Device
Phase 1.2 IO Placement/ Clock Placement/ Build Placer Device | Checksum: c211e9af

Time (s): cpu = 00:00:02 ; elapsed = 00:00:02 . Memory (MB): peak = 4751.664 ; gain = 0.000 ; free physical = 16558 ; free virtual = 40150

Phase 1.3 Build Placer Netlist Model
Phase 1.3 Build Placer Netlist Model | Checksum: 18b34032d

Time (s): cpu = 00:00:09 ; elapsed = 00:00:05 . Memory (MB): peak = 4751.664 ; gain = 0.000 ; free physical = 16491 ; free virtual = 40084

Phase 1.4 Constrain Clocks/Macros
Phase 1.4 Constrain Clocks/Macros | Checksum: 18b34032d

Time (s): cpu = 00:00:09 ; elapsed = 00:00:05 . Memory (MB): peak = 4751.664 ; gain = 0.000 ; free physical = 16508 ; free virtual = 40101
Phase 1 Placer Initialization | Checksum: 18b34032d

Time (s): cpu = 00:00:09 ; elapsed = 00:00:05 . Memory (MB): peak = 4751.664 ; gain = 0.000 ; free physical = 16506 ; free virtual = 40099

Phase 2 Global Placement

Phase 2.1 Floorplanning

Phase 2.1.1 Partition Driven Placement

Phase 2.1.1.1 PBP: Partition Driven Placement
Phase 2.1.1.1 PBP: Partition Driven Placement | Checksum: 115df453a

Time (s): cpu = 00:00:15 ; elapsed = 00:00:08 . Memory (MB): peak = 4751.664 ; gain = 0.000 ; free physical = 16494 ; free virtual = 40121

Phase 2.1.1.2 PBP: Clock Region Placement
Phase 2.1.1.2 PBP: Clock Region Placement | Checksum: 115df453a

Time (s): cpu = 00:00:16 ; elapsed = 00:00:08 . Memory (MB): peak = 4751.664 ; gain = 0.000 ; free physical = 16492 ; free virtual = 40120

Phase 2.1.1.3 PBP: Compute Congestion
Phase 2.1.1.3 PBP: Compute Congestion | Checksum: 115df453a

Time (s): cpu = 00:00:16 ; elapsed = 00:00:09 . Memory (MB): peak = 4788.023 ; gain = 36.359 ; free physical = 16478 ; free virtual = 40107

Phase 2.1.1.4 PBP: UpdateTiming
Phase 2.1.1.4 PBP: UpdateTiming | Checksum: 14fe816f0

Time (s): cpu = 00:00:17 ; elapsed = 00:00:09 . Memory (MB): peak = 4820.039 ; gain = 68.375 ; free physical = 16472 ; free virtual = 40102

Phase 2.1.1.5 PBP: Add part constraints
Phase 2.1.1.5 PBP: Add part constraints | Checksum: 14fe816f0

Time (s): cpu = 00:00:18 ; elapsed = 00:00:09 . Memory (MB): peak = 4820.039 ; gain = 68.375 ; free physical = 16473 ; free virtual = 40103
Phase 2.1.1 Partition Driven Placement | Checksum: 14fe816f0

Time (s): cpu = 00:00:18 ; elapsed = 00:00:09 . Memory (MB): peak = 4820.039 ; gain = 68.375 ; free physical = 16476 ; free virtual = 40106
Phase 2.1 Floorplanning | Checksum: 1b720e9f0

Time (s): cpu = 00:00:18 ; elapsed = 00:00:09 . Memory (MB): peak = 4820.039 ; gain = 68.375 ; free physical = 16476 ; free virtual = 40106

Phase 2.2 Update Timing before SLR Path Opt
Phase 2.2 Update Timing before SLR Path Opt | Checksum: 1b720e9f0

Time (s): cpu = 00:00:18 ; elapsed = 00:00:09 . Memory (MB): peak = 4820.039 ; gain = 68.375 ; free physical = 16472 ; free virtual = 40103

Phase 2.3 Post-Processing in Floorplanning
Phase 2.3 Post-Processing in Floorplanning | Checksum: 1b720e9f0

Time (s): cpu = 00:00:18 ; elapsed = 00:00:09 . Memory (MB): peak = 4820.039 ; gain = 68.375 ; free physical = 16464 ; free virtual = 40095

Phase 2.4 Global Placement Core

Phase 2.4.1 Physical Synthesis In Placer
INFO: [Physopt 32-1035] Found 0 LUTNM shape to break, 762 LUT instances to create LUTNM shape
INFO: [Physopt 32-1044] Break lutnm for timing: one critical 0, two critical 0, total 0, new lutff created 0
INFO: [Physopt 32-1138] End 1 Pass. Optimized 270 nets or LUTs. Breaked 0 LUT, combined 270 existing LUTs and moved 0 existing LUT
INFO: [Physopt 32-1030] Pass 1. Identified 4 candidate driver sets for equivalent driver rewiring.
INFO: [Physopt 32-661] Optimized 3 nets.  Re-placed 26 instances.
INFO: [Physopt 32-775] End 1 Pass. Optimized 3 nets or cells. Created 0 new cell, deleted 0 existing cell and moved 26 existing cells
Netlist sorting complete. Time (s): cpu = 00:00:00.08 ; elapsed = 00:00:00.08 . Memory (MB): peak = 4836.047 ; gain = 0.000 ; free physical = 16406 ; free virtual = 40022
INFO: [Physopt 32-65] No nets found for high-fanout optimization.
INFO: [Physopt 32-232] Optimized 0 net. Created 0 new instance.
INFO: [Physopt 32-775] End 1 Pass. Optimized 0 net or cell. Created 0 new cell, deleted 0 existing cell and moved 0 existing cell
INFO: [Physopt 32-670] No setup violation found.  DSP Register Optimization was not performed.
INFO: [Physopt 32-670] No setup violation found.  Shift Register to Pipeline Optimization was not performed.
INFO: [Physopt 32-670] No setup violation found.  Shift Register Optimization was not performed.
INFO: [Physopt 32-670] No setup violation found.  BRAM Register Optimization was not performed.
INFO: [Physopt 32-670] No setup violation found.  URAM Register Optimization was not performed.
INFO: [Physopt 32-949] No candidate nets found for dynamic/static region interface net replication
INFO: [Physopt 32-775] End 1 Pass. Optimized 0 net or cell. Created 0 new cell, deleted 0 existing cell and moved 0 existing cell
Netlist sorting complete. Time (s): cpu = 00:00:00.01 ; elapsed = 00:00:00 . Memory (MB): peak = 4836.047 ; gain = 0.000 ; free physical = 16404 ; free virtual = 40021

Summary of Physical Synthesis Optimizations
============================================


-----------------------------------------------------------------------------------------------------------------------------------------------------------
|  Optimization                                     |  Added Cells  |  Removed Cells  |  Optimized Cells/Nets  |  Dont Touch  |  Iterations  |  Elapsed   |
-----------------------------------------------------------------------------------------------------------------------------------------------------------
|  LUT Combining                                    |            0  |            270  |                   270  |           0  |           1  |  00:00:00  |
|  Retime                                           |            0  |              0  |                     0  |           0  |           1  |  00:00:00  |
|  Equivalent Driver Rewiring                       |            0  |              0  |                     3  |           0  |           1  |  00:00:00  |
|  Very High Fanout                                 |            0  |              0  |                     0  |           0  |           1  |  00:00:00  |
|  DSP Register                                     |            0  |              0  |                     0  |           0  |           0  |  00:00:00  |
|  Shift Register to Pipeline                       |            0  |              0  |                     0  |           0  |           0  |  00:00:00  |
|  Shift Register                                   |            0  |              0  |                     0  |           0  |           0  |  00:00:00  |
|  BRAM Register                                    |            0  |              0  |                     0  |           0  |           0  |  00:00:00  |
|  URAM Register                                    |            0  |              0  |                     0  |           0  |           0  |  00:00:00  |
|  Dynamic/Static Region Interface Net Replication  |            0  |              0  |                     0  |           0  |           1  |  00:00:00  |
|  Total                                            |            0  |            270  |                   273  |           0  |           5  |  00:00:01  |
-----------------------------------------------------------------------------------------------------------------------------------------------------------


Phase 2.4.1 Physical Synthesis In Placer | Checksum: e4644a04

Time (s): cpu = 00:01:30 ; elapsed = 00:00:34 . Memory (MB): peak = 4836.047 ; gain = 84.383 ; free physical = 16407 ; free virtual = 40024
Phase 2.4 Global Placement Core | Checksum: 1b31d6c9f

Time (s): cpu = 00:01:50 ; elapsed = 00:00:38 . Memory (MB): peak = 4836.047 ; gain = 84.383 ; free physical = 16377 ; free virtual = 39994
Phase 2 Global Placement | Checksum: 1b31d6c9f

Time (s): cpu = 00:01:50 ; elapsed = 00:00:38 . Memory (MB): peak = 4836.047 ; gain = 84.383 ; free physical = 16391 ; free virtual = 40008

Phase 3 Detail Placement

Phase 3.1 Commit Multi Column Macros
Phase 3.1 Commit Multi Column Macros | Checksum: 1d7c399a2

Time (s): cpu = 00:01:51 ; elapsed = 00:00:39 . Memory (MB): peak = 4836.047 ; gain = 84.383 ; free physical = 16293 ; free virtual = 39909

Phase 3.2 Commit Most Macros & LUTRAMs
Phase 3.2 Commit Most Macros & LUTRAMs | Checksum: 758d0543

Time (s): cpu = 00:01:55 ; elapsed = 00:00:40 . Memory (MB): peak = 4836.047 ; gain = 84.383 ; free physical = 16227 ; free virtual = 39843

Phase 3.3 Small Shape DP

Phase 3.3.1 Small Shape Clustering
Phase 3.3.1 Small Shape Clustering | Checksum: fb086d8f

Time (s): cpu = 00:01:56 ; elapsed = 00:00:41 . Memory (MB): peak = 4836.047 ; gain = 84.383 ; free physical = 16217 ; free virtual = 39833

Phase 3.3.2 Flow Legalize Slice Clusters
Phase 3.3.2 Flow Legalize Slice Clusters | Checksum: ece69c33

Time (s): cpu = 00:01:56 ; elapsed = 00:00:41 . Memory (MB): peak = 4836.047 ; gain = 84.383 ; free physical = 16194 ; free virtual = 39810

Phase 3.3.3 Slice Area Swap
Phase 3.3.3 Slice Area Swap | Checksum: 15206e916

Time (s): cpu = 00:01:57 ; elapsed = 00:00:42 . Memory (MB): peak = 4836.047 ; gain = 84.383 ; free physical = 16205 ; free virtual = 39821
Phase 3.3 Small Shape DP | Checksum: 5f24b282

Time (s): cpu = 00:02:00 ; elapsed = 00:00:43 . Memory (MB): peak = 4836.047 ; gain = 84.383 ; free physical = 16206 ; free virtual = 39822

Phase 3.4 Re-assign LUT pins
Phase 3.4 Re-assign LUT pins | Checksum: a2882255

Time (s): cpu = 00:02:01 ; elapsed = 00:00:44 . Memory (MB): peak = 4836.047 ; gain = 84.383 ; free physical = 19234 ; free virtual = 42865

Phase 3.5 Pipeline Register Optimization
Phase 3.5 Pipeline Register Optimization | Checksum: 91178433

Time (s): cpu = 00:02:01 ; elapsed = 00:00:44 . Memory (MB): peak = 4836.047 ; gain = 84.383 ; free physical = 19237 ; free virtual = 42868
Phase 3 Detail Placement | Checksum: 91178433

Time (s): cpu = 00:02:01 ; elapsed = 00:00:44 . Memory (MB): peak = 4836.047 ; gain = 84.383 ; free physical = 19237 ; free virtual = 42868

Phase 4 Post Placement Optimization and Clean-Up

Phase 4.1 Post Commit Optimization
INFO: [Timing 38-35] Done setting XDC timing constraints.

Phase 4.1.1 Post Placement Optimization
Post Placement Optimization Initialization | Checksum: 136681374

Phase 4.1.1.1 BUFG Insertion

Starting Physical Synthesis Task

Phase 1 Physical Synthesis Initialization
INFO: [Physopt 32-721] Multithreading enabled for phys_opt_design using a maximum of 8 CPUs
INFO: [Physopt 32-619] Estimated Timing Summary | WNS=5.100 | TNS=0.000 |
Phase 1 Physical Synthesis Initialization | Checksum: 129179e27

Time (s): cpu = 00:00:00.56 ; elapsed = 00:00:00.16 . Memory (MB): peak = 4836.047 ; gain = 0.000 ; free physical = 19248 ; free virtual = 42868
INFO: [Place 46-56] BUFG insertion identified 0 candidate nets. Inserted BUFG: 0, Replicated BUFG Driver: 0, Skipped due to Placement/Routing Conflicts: 0, Skipped due to Timing Degradation: 0, Skipped due to Illegal Netlist: 0.
Ending Physical Synthesis Task | Checksum: 11c9c3fb6

Time (s): cpu = 00:00:00.60 ; elapsed = 00:00:00.20 . Memory (MB): peak = 4836.047 ; gain = 0.000 ; free physical = 19248 ; free virtual = 42868
Phase 4.1.1.1 BUFG Insertion | Checksum: 136681374

Time (s): cpu = 00:02:09 ; elapsed = 00:00:47 . Memory (MB): peak = 4836.047 ; gain = 84.383 ; free physical = 19248 ; free virtual = 42868

Phase 4.1.1.2 Post Placement Timing Optimization
INFO: [Place 30-746] Post Placement Timing Summary WNS=5.100. For the most accurate timing information please run report_timing.
Phase 4.1.1.2 Post Placement Timing Optimization | Checksum: f3f724d2

Time (s): cpu = 00:02:09 ; elapsed = 00:00:47 . Memory (MB): peak = 4836.047 ; gain = 84.383 ; free physical = 19248 ; free virtual = 42868

Time (s): cpu = 00:02:09 ; elapsed = 00:00:47 . Memory (MB): peak = 4836.047 ; gain = 84.383 ; free physical = 19248 ; free virtual = 42868
Phase 4.1 Post Commit Optimization | Checksum: f3f724d2

Time (s): cpu = 00:02:09 ; elapsed = 00:00:47 . Memory (MB): peak = 4836.047 ; gain = 84.383 ; free physical = 19248 ; free virtual = 42868
Netlist sorting complete. Time (s): cpu = 00:00:00 ; elapsed = 00:00:00 . Memory (MB): peak = 4836.047 ; gain = 0.000 ; free physical = 19117 ; free virtual = 42737

Phase 4.2 Post Placement Cleanup
Phase 4.2 Post Placement Cleanup | Checksum: 152be19d6

Time (s): cpu = 00:02:11 ; elapsed = 00:00:49 . Memory (MB): peak = 4836.047 ; gain = 84.383 ; free physical = 19090 ; free virtual = 42710

Phase 4.3 Placer Reporting

Phase 4.3.1 Print Estimated Congestion
INFO: [Place 30-612] Post-Placement Estimated Congestion 
 ________________________________________________________________________
|           | Global Congestion | Long Congestion   | Short Congestion  |
| Direction | Region Size       | Region Size       | Region Size       |
|___________|___________________|___________________|___________________|
|      North|                1x1|                1x1|                1x1|
|___________|___________________|___________________|___________________|
|      South|                1x1|                1x1|                1x1|
|___________|___________________|___________________|___________________|
|       East|                1x1|                1x1|                2x2|
|___________|___________________|___________________|___________________|
|       West|                1x1|                1x1|                4x4|
|___________|___________________|___________________|___________________|

Phase 4.3.1 Print Estimated Congestion | Checksum: 152be19d6

Time (s): cpu = 00:02:11 ; elapsed = 00:00:49 . Memory (MB): peak = 4836.047 ; gain = 84.383 ; free physical = 19070 ; free virtual = 42691
Phase 4.3 Placer Reporting | Checksum: 152be19d6

Time (s): cpu = 00:02:11 ; elapsed = 00:00:49 . Memory (MB): peak = 4836.047 ; gain = 84.383 ; free physical = 19053 ; free virtual = 42673

Phase 4.4 Final Placement Cleanup
Netlist sorting complete. Time (s): cpu = 00:00:00.01 ; elapsed = 00:00:00 . Memory (MB): peak = 4836.047 ; gain = 0.000 ; free physical = 19052 ; free virtual = 42672

Time (s): cpu = 00:02:11 ; elapsed = 00:00:49 . Memory (MB): peak = 4836.047 ; gain = 84.383 ; free physical = 19051 ; free virtual = 42672
Phase 4 Post Placement Optimization and Clean-Up | Checksum: 1158ff2e1

Time (s): cpu = 00:02:11 ; elapsed = 00:00:49 . Memory (MB): peak = 4836.047 ; gain = 84.383 ; free physical = 19034 ; free virtual = 42654
Ending Placer Task | Checksum: 10804a8a5

Time (s): cpu = 00:02:11 ; elapsed = 00:00:49 . Memory (MB): peak = 4836.047 ; gain = 84.383 ; free physical = 19015 ; free virtual = 42635
INFO: [Common 17-83] Releasing license: Implementation
96 Infos, 3 Warnings, 0 Critical Warnings and 0 Errors encountered.
place_design completed successfully
place_design: Time (s): cpu = 00:02:14 ; elapsed = 00:00:50 . Memory (MB): peak = 4836.047 ; gain = 84.383 ; free physical = 19071 ; free virtual = 42692
INFO: [Timing 38-480] Writing timing data to binary archive.
Writing placer database...
Writing XDEF routing.
Writing XDEF routing logical nets.
Writing XDEF routing special nets.
Write XDEF Complete: Time (s): cpu = 00:00:02 ; elapsed = 00:00:00.64 . Memory (MB): peak = 4836.047 ; gain = 0.000 ; free physical = 18583 ; free virtual = 42239
INFO: [Common 17-1381] The checkpoint '/home/nghielme/PycharmProjects/aca-project/conifer-opt/wrapper_perfectly_balanced/myproject_vivado_accelerator/project_1.runs/impl_1/design_1_wrapper_placed.dcp' has been generated.
INFO: [runtcl-4] Executing : report_io -file design_1_wrapper_io_placed.rpt
report_io: Time (s): cpu = 00:00:00.09 ; elapsed = 00:00:00.19 . Memory (MB): peak = 4836.047 ; gain = 0.000 ; free physical = 18510 ; free virtual = 42143
INFO: [runtcl-4] Executing : report_utilization -file design_1_wrapper_utilization_placed.rpt -pb design_1_wrapper_utilization_placed.pb
INFO: [runtcl-4] Executing : report_control_sets -verbose -file design_1_wrapper_control_sets_placed.rpt
report_control_sets: Time (s): cpu = 00:00:00.09 ; elapsed = 00:00:00.16 . Memory (MB): peak = 4836.047 ; gain = 0.000 ; free physical = 18487 ; free virtual = 42121
Command: phys_opt_design
Attempting to get a license for feature 'Implementation' and/or device 'xczu3eg'
INFO: [Common 17-349] Got license for feature 'Implementation' and/or device 'xczu3eg'
INFO: [Vivado_Tcl 4-383] Design worst setup slack (WNS) is greater than or equal to 0.000 ns. Skipping all physical synthesis optimizations.
INFO: [Vivado_Tcl 4-232] No setup violation found. The netlist was not modified.
INFO: [Common 17-83] Releasing license: Implementation
105 Infos, 3 Warnings, 0 Critical Warnings and 0 Errors encountered.
phys_opt_design completed successfully
INFO: [Timing 38-480] Writing timing data to binary archive.
Writing placer database...
Writing XDEF routing.
Writing XDEF routing logical nets.
Writing XDEF routing special nets.
Write XDEF Complete: Time (s): cpu = 00:00:02 ; elapsed = 00:00:00.62 . Memory (MB): peak = 4836.047 ; gain = 0.000 ; free physical = 18241 ; free virtual = 41911
INFO: [Common 17-1381] The checkpoint '/home/nghielme/PycharmProjects/aca-project/conifer-opt/wrapper_perfectly_balanced/myproject_vivado_accelerator/project_1.runs/impl_1/design_1_wrapper_physopt.dcp' has been generated.
Command: route_design
Attempting to get a license for feature 'Implementation' and/or device 'xczu3eg'
INFO: [Common 17-349] Got license for feature 'Implementation' and/or device 'xczu3eg'
Running DRC as a precondition to command route_design
INFO: [DRC 23-27] Running DRC with 8 threads
INFO: [Vivado_Tcl 4-198] DRC finished with 0 Errors
INFO: [Vivado_Tcl 4-199] Please refer to the DRC report (report_drc) for more information.


Starting Routing Task
INFO: [Route 35-254] Multithreading enabled for route_design using a maximum of 8 CPUs

Phase 1 Build RT Design
Checksum: PlaceDB: 4380da6d ConstDB: 0 ShapeSum: 65bcd934 RouteDB: 5ec6f504
Nodegraph reading from file.  Time (s): cpu = 00:00:00.31 ; elapsed = 00:00:00.36 . Memory (MB): peak = 4836.047 ; gain = 0.000 ; free physical = 17970 ; free virtual = 41615
Post Restoration Checksum: NetGraph: 62839096 NumContArr: 90ef7b0a Constraints: d4a733c Timing: 0
Phase 1 Build RT Design | Checksum: 100bd7edc

Time (s): cpu = 00:00:12 ; elapsed = 00:00:04 . Memory (MB): peak = 4836.047 ; gain = 0.000 ; free physical = 17796 ; free virtual = 41441

Phase 2 Router Initialization

Phase 2.1 Fix Topology Constraints
Phase 2.1 Fix Topology Constraints | Checksum: 100bd7edc

Time (s): cpu = 00:00:12 ; elapsed = 00:00:04 . Memory (MB): peak = 4836.047 ; gain = 0.000 ; free physical = 17740 ; free virtual = 41385

Phase 2.2 Pre Route Cleanup
Phase 2.2 Pre Route Cleanup | Checksum: 100bd7edc

Time (s): cpu = 00:00:12 ; elapsed = 00:00:05 . Memory (MB): peak = 4836.047 ; gain = 0.000 ; free physical = 17757 ; free virtual = 41402

Phase 2.3 Global Clock Net Routing
 Number of Nodes with overlaps = 0
Phase 2.3 Global Clock Net Routing | Checksum: 142c88a04

Time (s): cpu = 00:00:13 ; elapsed = 00:00:05 . Memory (MB): peak = 4836.047 ; gain = 0.000 ; free physical = 17748 ; free virtual = 41392

Phase 2.4 Update Timing
Phase 2.4 Update Timing | Checksum: 1d498ec27

Time (s): cpu = 00:00:16 ; elapsed = 00:00:06 . Memory (MB): peak = 4836.047 ; gain = 0.000 ; free physical = 17742 ; free virtual = 41387
INFO: [Route 35-416] Intermediate Timing Summary | WNS=5.112  | TNS=0.000  | WHS=-0.053 | THS=-15.013|


Router Utilization Summary
  Global Vertical Routing Utilization    = 0 %
  Global Horizontal Routing Utilization  = 0 %
  Routable Net Status*
  *Does not include unroutable nets such as driverless and loadless.
  Run report_route_status for detailed report.
  Number of Failed Nets               = 17178
    (Failed Nets is the sum of unrouted and partially routed nets)
  Number of Unrouted Nets             = 13873
  Number of Partially Routed Nets     = 3305
  Number of Node Overlaps             = 0

Phase 2 Router Initialization | Checksum: 1afe3ed7e

Time (s): cpu = 00:00:22 ; elapsed = 00:00:08 . Memory (MB): peak = 4836.047 ; gain = 0.000 ; free physical = 17730 ; free virtual = 41375

Phase 3 Initial Routing

Phase 3.1 Global Routing
Phase 3.1 Global Routing | Checksum: 1afe3ed7e

Time (s): cpu = 00:00:22 ; elapsed = 00:00:08 . Memory (MB): peak = 4836.047 ; gain = 0.000 ; free physical = 17730 ; free virtual = 41375
Phase 3 Initial Routing | Checksum: 169aeabf3

Time (s): cpu = 00:00:27 ; elapsed = 00:00:10 . Memory (MB): peak = 4836.047 ; gain = 0.000 ; free physical = 17713 ; free virtual = 41358

Phase 4 Rip-up And Reroute

Phase 4.1 Global Iteration 0
 Number of Nodes with overlaps = 3797
 Number of Nodes with overlaps = 339
 Number of Nodes with overlaps = 17
 Number of Nodes with overlaps = 7
 Number of Nodes with overlaps = 2
 Number of Nodes with overlaps = 0
INFO: [Route 35-416] Intermediate Timing Summary | WNS=4.641  | TNS=0.000  | WHS=-0.035 | THS=-0.344 |

Phase 4.1 Global Iteration 0 | Checksum: 183ef561f

Time (s): cpu = 00:00:52 ; elapsed = 00:00:20 . Memory (MB): peak = 4892.102 ; gain = 56.055 ; free physical = 19845 ; free virtual = 43490

Phase 4.2 Additional Iteration for Hold
Phase 4.2 Additional Iteration for Hold | Checksum: 18f2d1e65

Time (s): cpu = 00:00:52 ; elapsed = 00:00:20 . Memory (MB): peak = 4892.102 ; gain = 56.055 ; free physical = 19845 ; free virtual = 43491
Phase 4 Rip-up And Reroute | Checksum: 18f2d1e65

Time (s): cpu = 00:00:52 ; elapsed = 00:00:20 . Memory (MB): peak = 4892.102 ; gain = 56.055 ; free physical = 19845 ; free virtual = 43491

Phase 5 Delay and Skew Optimization

Phase 5.1 Delay CleanUp

Phase 5.1.1 Update Timing
Phase 5.1.1 Update Timing | Checksum: 125de0c35

Time (s): cpu = 00:00:55 ; elapsed = 00:00:21 . Memory (MB): peak = 4892.102 ; gain = 56.055 ; free physical = 19846 ; free virtual = 43491
INFO: [Route 35-416] Intermediate Timing Summary | WNS=4.641  | TNS=0.000  | WHS=0.010  | THS=0.000  |

Phase 5.1 Delay CleanUp | Checksum: 125de0c35

Time (s): cpu = 00:00:55 ; elapsed = 00:00:22 . Memory (MB): peak = 4892.102 ; gain = 56.055 ; free physical = 19846 ; free virtual = 43491

Phase 5.2 Clock Skew Optimization
Phase 5.2 Clock Skew Optimization | Checksum: 125de0c35

Time (s): cpu = 00:00:55 ; elapsed = 00:00:22 . Memory (MB): peak = 4892.102 ; gain = 56.055 ; free physical = 19846 ; free virtual = 43492
Phase 5 Delay and Skew Optimization | Checksum: 125de0c35

Time (s): cpu = 00:00:55 ; elapsed = 00:00:22 . Memory (MB): peak = 4892.102 ; gain = 56.055 ; free physical = 19846 ; free virtual = 43492

Phase 6 Post Hold Fix

Phase 6.1 Hold Fix Iter

Phase 6.1.1 Update Timing
Phase 6.1.1 Update Timing | Checksum: 15ba686fa

Time (s): cpu = 00:00:58 ; elapsed = 00:00:23 . Memory (MB): peak = 4892.102 ; gain = 56.055 ; free physical = 19847 ; free virtual = 43492
INFO: [Route 35-416] Intermediate Timing Summary | WNS=4.641  | TNS=0.000  | WHS=0.010  | THS=0.000  |

Phase 6.1 Hold Fix Iter | Checksum: 15c789603

Time (s): cpu = 00:00:58 ; elapsed = 00:00:23 . Memory (MB): peak = 4892.102 ; gain = 56.055 ; free physical = 19847 ; free virtual = 43493
Phase 6 Post Hold Fix | Checksum: 15c789603

Time (s): cpu = 00:00:58 ; elapsed = 00:00:23 . Memory (MB): peak = 4892.102 ; gain = 56.055 ; free physical = 19848 ; free virtual = 43493

Phase 7 Route finalize

Router Utilization Summary
  Global Vertical Routing Utilization    = 3.46023 %
  Global Horizontal Routing Utilization  = 4.00758 %
  Routable Net Status*
  *Does not include unroutable nets such as driverless and loadless.
  Run report_route_status for detailed report.
  Number of Failed Nets               = 0
    (Failed Nets is the sum of unrouted and partially routed nets)
  Number of Unrouted Nets             = 0
  Number of Partially Routed Nets     = 0
  Number of Node Overlaps             = 0

Phase 7 Route finalize | Checksum: 15043b561

Time (s): cpu = 00:00:58 ; elapsed = 00:00:23 . Memory (MB): peak = 4892.102 ; gain = 56.055 ; free physical = 19844 ; free virtual = 43489

Phase 8 Verifying routed nets

 Verification completed successfully
Phase 8 Verifying routed nets | Checksum: 15043b561

Time (s): cpu = 00:00:58 ; elapsed = 00:00:23 . Memory (MB): peak = 4892.102 ; gain = 56.055 ; free physical = 19836 ; free virtual = 43482

Phase 9 Depositing Routes
Phase 9 Depositing Routes | Checksum: 15043b561

Time (s): cpu = 00:01:00 ; elapsed = 00:00:24 . Memory (MB): peak = 4892.102 ; gain = 56.055 ; free physical = 19844 ; free virtual = 43489

Phase 10 Resolve XTalk
Phase 10 Resolve XTalk | Checksum: 15043b561

Time (s): cpu = 00:01:00 ; elapsed = 00:00:24 . Memory (MB): peak = 4892.102 ; gain = 56.055 ; free physical = 19843 ; free virtual = 43490

Phase 11 Post Router Timing
INFO: [Route 35-57] Estimated Timing Summary | WNS=4.641  | TNS=0.000  | WHS=0.010  | THS=0.000  |

INFO: [Route 35-327] The final timing numbers are based on the router estimated timing analysis. For a complete and accurate timing signoff, please run report_timing_summary.
Phase 11 Post Router Timing | Checksum: 15043b561

Time (s): cpu = 00:01:01 ; elapsed = 00:00:24 . Memory (MB): peak = 4892.102 ; gain = 56.055 ; free physical = 19833 ; free virtual = 43489
INFO: [Route 35-16] Router Completed Successfully

Time (s): cpu = 00:01:01 ; elapsed = 00:00:24 . Memory (MB): peak = 4892.102 ; gain = 56.055 ; free physical = 19891 ; free virtual = 43547

Routing Is Done.
INFO: [Common 17-83] Releasing license: Implementation
120 Infos, 3 Warnings, 0 Critical Warnings and 0 Errors encountered.
route_design completed successfully
route_design: Time (s): cpu = 00:01:05 ; elapsed = 00:00:26 . Memory (MB): peak = 4892.102 ; gain = 56.055 ; free physical = 19892 ; free virtual = 43548
INFO: [Timing 38-480] Writing timing data to binary archive.
Writing placer database...
Writing XDEF routing.
Writing XDEF routing logical nets.
Writing XDEF routing special nets.
Write XDEF Complete: Time (s): cpu = 00:00:02 ; elapsed = 00:00:00.77 . Memory (MB): peak = 4892.102 ; gain = 0.000 ; free physical = 19771 ; free virtual = 43485
INFO: [Common 17-1381] The checkpoint '/home/nghielme/PycharmProjects/aca-project/conifer-opt/wrapper_perfectly_balanced/myproject_vivado_accelerator/project_1.runs/impl_1/design_1_wrapper_routed.dcp' has been generated.
INFO: [runtcl-4] Executing : report_drc -file design_1_wrapper_drc_routed.rpt -pb design_1_wrapper_drc_routed.pb -rpx design_1_wrapper_drc_routed.rpx
Command: report_drc -file design_1_wrapper_drc_routed.rpt -pb design_1_wrapper_drc_routed.pb -rpx design_1_wrapper_drc_routed.rpx
INFO: [IP_Flow 19-1839] IP Catalog is up to date.
INFO: [DRC 23-27] Running DRC with 8 threads
INFO: [Vivado_Tcl 2-168] The results of DRC are in file /home/nghielme/PycharmProjects/aca-project/conifer-opt/wrapper_perfectly_balanced/myproject_vivado_accelerator/project_1.runs/impl_1/design_1_wrapper_drc_routed.rpt.
report_drc completed successfully
INFO: [runtcl-4] Executing : report_methodology -file design_1_wrapper_methodology_drc_routed.rpt -pb design_1_wrapper_methodology_drc_routed.pb -rpx design_1_wrapper_methodology_drc_routed.rpx
Command: report_methodology -file design_1_wrapper_methodology_drc_routed.rpt -pb design_1_wrapper_methodology_drc_routed.pb -rpx design_1_wrapper_methodology_drc_routed.rpx
INFO: [Timing 38-35] Done setting XDC timing constraints.
INFO: [DRC 23-133] Running Methodology with 8 threads
INFO: [Vivado_Tcl 2-1520] The results of Report Methodology are in file /home/nghielme/PycharmProjects/aca-project/conifer-opt/wrapper_perfectly_balanced/myproject_vivado_accelerator/project_1.runs/impl_1/design_1_wrapper_methodology_drc_routed.rpt.
report_methodology completed successfully
INFO: [runtcl-4] Executing : report_power -file design_1_wrapper_power_routed.rpt -pb design_1_wrapper_power_summary_routed.pb -rpx design_1_wrapper_power_routed.rpx
Command: report_power -file design_1_wrapper_power_routed.rpt -pb design_1_wrapper_power_summary_routed.pb -rpx design_1_wrapper_power_routed.rpx
INFO: [Timing 38-35] Done setting XDC timing constraints.
Running Vector-less Activity Propagation...

Finished Running Vector-less Activity Propagation
WARNING: [Power 33-332] Found switching activity that implies high-fanout reset nets being asserted for excessive periods of time which may result in inaccurate power analysis.
Resolution: To review and fix problems, please run Power Constraints Advisor in the GUI from Tools > Power Constraints Advisor or run report_power with the -advisory option to generate a text report.
132 Infos, 4 Warnings, 0 Critical Warnings and 0 Errors encountered.
report_power completed successfully
report_power: Time (s): cpu = 00:00:12 ; elapsed = 00:00:07 . Memory (MB): peak = 4892.102 ; gain = 0.000 ; free physical = 19788 ; free virtual = 43459
INFO: [runtcl-4] Executing : report_route_status -file design_1_wrapper_route_status.rpt -pb design_1_wrapper_route_status.pb
INFO: [runtcl-4] Executing : report_timing_summary -max_paths 10 -report_unconstrained -file design_1_wrapper_timing_summary_routed.rpt -pb design_1_wrapper_timing_summary_routed.pb -rpx design_1_wrapper_timing_summary_routed.rpx -warn_on_violation 
INFO: [Timing 38-91] UpdateTimingParams: Speed grade: -1, Temperature grade: E, Delay Type: min_max.
INFO: [Timing 38-191] Multithreading enabled for timing update using a maximum of 8 CPUs
INFO: [runtcl-4] Executing : report_incremental_reuse -file design_1_wrapper_incremental_reuse_routed.rpt
INFO: [Vivado_Tcl 4-1062] Incremental flow is disabled. No incremental reuse Info to report.
INFO: [runtcl-4] Executing : report_clock_utilization -file design_1_wrapper_clock_utilization_routed.rpt
INFO: [runtcl-4] Executing : report_bus_skew -warn_on_violation -file design_1_wrapper_bus_skew_routed.rpt -pb design_1_wrapper_bus_skew_routed.pb -rpx design_1_wrapper_bus_skew_routed.rpx
INFO: [Timing 38-91] UpdateTimingParams: Speed grade: -1, Temperature grade: E, Delay Type: min_max.
INFO: [Timing 38-191] Multithreading enabled for timing update using a maximum of 8 CPUs
INFO: [Memdata 28-167] Found XPM memory block design_1_i/hier_0/axi_dma_0/U0/I_PRMRY_DATAMOVER/GEN_S2MM_FULL.I_S2MM_FULL_WRAPPER/GEN_ENABLE_INDET_BTT_SF.I_INDET_BTT/I_XD_FIFO/NON_BLK_MEM.I_SYNC_FIFOGEN_FIFO/xpm_fifo_instance.xpm_fifo_sync_inst/xpm_fifo_base_inst/gen_sdpram.xpm_memory_base_inst with a P_MEMORY_PRIMITIVE property set to auto. A value of block is required. You will not be able to use the updatemem program to update the bitstream with new data for the design_1_i/hier_0/axi_dma_0/U0/I_PRMRY_DATAMOVER/GEN_S2MM_FULL.I_S2MM_FULL_WRAPPER/GEN_ENABLE_INDET_BTT_SF.I_INDET_BTT/I_XD_FIFO/NON_BLK_MEM.I_SYNC_FIFOGEN_FIFO/xpm_fifo_instance.xpm_fifo_sync_inst/xpm_fifo_base_inst/gen_sdpram.xpm_memory_base_inst block.
INFO: [Memdata 28-208] The XPM instance: <design_1_i/hier_0/axi_dma_0/U0/I_PRMRY_DATAMOVER/GEN_S2MM_FULL.I_S2MM_FULL_WRAPPER/GEN_ENABLE_INDET_BTT_SF.I_INDET_BTT/I_DATA_FIFO/BLK_MEM.I_SYNC_FIFOGEN_FIFO/xpm_fifo_instance.xpm_fifo_sync_inst/xpm_fifo_base_inst/gen_sdpram.xpm_memory_base_inst> is part of IP: <design_1_i/hier_0/axi_dma_0>. This XPM instance will be excluded from the .mmi because updatemem is prohibited from making changes to an XPM that is part of an IP.
INFO: [Memdata 28-208] The XPM instance: <design_1_i/hier_0/axi_dma_0/U0/I_PRMRY_DATAMOVER/GEN_MM2S_FULL.I_MM2S_FULL_WRAPPER/GEN_INCLUDE_MM2S_SF.I_RD_SF/I_DATA_FIFO/BLK_MEM.I_SYNC_FIFOGEN_FIFO/xpm_fifo_instance.xpm_fifo_sync_inst/xpm_fifo_base_inst/gen_sdpram.xpm_memory_base_inst> is part of IP: <design_1_i/hier_0/axi_dma_0>. This XPM instance will be excluded from the .mmi because updatemem is prohibited from making changes to an XPM that is part of an IP.
INFO: [Memdata 28-167] Found XPM memory block design_1_i/axi_smc/inst/s01_nodes/s01_w_node/inst/inst_mi_handler/gen_normal_area.inst_fifo_node_payld/gen_xpm_memory_fifo.inst_fifo/gen_mem_rep[0].inst_xpm_memory/xpm_memory_base_inst with a P_MEMORY_PRIMITIVE property set to distributed. A value of block is required. You will not be able to use the updatemem program to update the bitstream with new data for the design_1_i/axi_smc/inst/s01_nodes/s01_w_node/inst/inst_mi_handler/gen_normal_area.inst_fifo_node_payld/gen_xpm_memory_fifo.inst_fifo/gen_mem_rep[0].inst_xpm_memory/xpm_memory_base_inst block.
INFO: [Memdata 28-167] Found XPM memory block design_1_i/axi_smc/inst/s01_nodes/s01_w_node/inst/inst_mi_handler/gen_normal_area.gen_fifo_req.inst_fifo_req/gen_xpm_memory_fifo.inst_fifo/gen_mem_rep[0].inst_xpm_memory/xpm_memory_base_inst with a P_MEMORY_PRIMITIVE property set to distributed. A value of block is required. You will not be able to use the updatemem program to update the bitstream with new data for the design_1_i/axi_smc/inst/s01_nodes/s01_w_node/inst/inst_mi_handler/gen_normal_area.gen_fifo_req.inst_fifo_req/gen_xpm_memory_fifo.inst_fifo/gen_mem_rep[0].inst_xpm_memory/xpm_memory_base_inst block.
INFO: [Memdata 28-167] Found XPM memory block design_1_i/axi_smc/inst/s01_nodes/s01_b_node/inst/inst_mi_handler/gen_normal_area.inst_fifo_node_payld/gen_xpm_memory_fifo.inst_fifo/gen_mem_rep[0].inst_xpm_memory/xpm_memory_base_inst with a P_MEMORY_PRIMITIVE property set to distributed. A value of block is required. You will not be able to use the updatemem program to update the bitstream with new data for the design_1_i/axi_smc/inst/s01_nodes/s01_b_node/inst/inst_mi_handler/gen_normal_area.inst_fifo_node_payld/gen_xpm_memory_fifo.inst_fifo/gen_mem_rep[0].inst_xpm_memory/xpm_memory_base_inst block.
INFO: [Memdata 28-167] Found XPM memory block design_1_i/axi_smc/inst/s01_nodes/s01_aw_node/inst/inst_mi_handler/gen_normal_area.inst_fifo_node_payld/gen_xpm_memory_fifo.inst_fifo/gen_mem_rep[0].inst_xpm_memory/xpm_memory_base_inst with a P_MEMORY_PRIMITIVE property set to distributed. A value of block is required. You will not be able to use the updatemem program to update the bitstream with new data for the design_1_i/axi_smc/inst/s01_nodes/s01_aw_node/inst/inst_mi_handler/gen_normal_area.inst_fifo_node_payld/gen_xpm_memory_fifo.inst_fifo/gen_mem_rep[0].inst_xpm_memory/xpm_memory_base_inst block.
INFO: [Memdata 28-167] Found XPM memory block design_1_i/axi_smc/inst/s00_nodes/s00_r_node/inst/inst_mi_handler/gen_normal_area.inst_fifo_node_payld/gen_xpm_memory_fifo.inst_fifo/gen_mem_rep[0].inst_xpm_memory/xpm_memory_base_inst with a P_MEMORY_PRIMITIVE property set to distributed. A value of block is required. You will not be able to use the updatemem program to update the bitstream with new data for the design_1_i/axi_smc/inst/s00_nodes/s00_r_node/inst/inst_mi_handler/gen_normal_area.inst_fifo_node_payld/gen_xpm_memory_fifo.inst_fifo/gen_mem_rep[0].inst_xpm_memory/xpm_memory_base_inst block.
INFO: [Memdata 28-167] Found XPM memory block design_1_i/axi_smc/inst/s00_nodes/s00_ar_node/inst/inst_mi_handler/gen_normal_area.inst_fifo_node_payld/gen_xpm_memory_fifo.inst_fifo/gen_mem_rep[0].inst_xpm_memory/xpm_memory_base_inst with a P_MEMORY_PRIMITIVE property set to distributed. A value of block is required. You will not be able to use the updatemem program to update the bitstream with new data for the design_1_i/axi_smc/inst/s00_nodes/s00_ar_node/inst/inst_mi_handler/gen_normal_area.inst_fifo_node_payld/gen_xpm_memory_fifo.inst_fifo/gen_mem_rep[0].inst_xpm_memory/xpm_memory_base_inst block.
INFO: [Memdata 28-167] Found XPM memory block design_1_i/axi_smc/inst/m00_nodes/m00_w_node/inst/inst_si_handler/gen_si_handler.gen_request_fifos.gen_req_fifo[1].inst_req_fifo/gen_xpm_memory_fifo.inst_fifo/gen_mem_rep[0].inst_xpm_memory/xpm_memory_base_inst with a P_MEMORY_PRIMITIVE property set to distributed. A value of block is required. You will not be able to use the updatemem program to update the bitstream with new data for the design_1_i/axi_smc/inst/m00_nodes/m00_w_node/inst/inst_si_handler/gen_si_handler.gen_request_fifos.gen_req_fifo[1].inst_req_fifo/gen_xpm_memory_fifo.inst_fifo/gen_mem_rep[0].inst_xpm_memory/xpm_memory_base_inst block.
INFO: [Memdata 28-167] Found XPM memory block design_1_i/axi_smc/inst/m00_nodes/m00_w_node/inst/inst_mi_handler/gen_normal_area.inst_fifo_node_payld/gen_xpm_memory_fifo.inst_fifo/gen_mem_rep[0].inst_xpm_memory/xpm_memory_base_inst with a P_MEMORY_PRIMITIVE property set to distributed. A value of block is required. You will not be able to use the updatemem program to update the bitstream with new data for the design_1_i/axi_smc/inst/m00_nodes/m00_w_node/inst/inst_mi_handler/gen_normal_area.inst_fifo_node_payld/gen_xpm_memory_fifo.inst_fifo/gen_mem_rep[0].inst_xpm_memory/xpm_memory_base_inst block.
INFO: [Memdata 28-167] Found XPM memory block design_1_i/axi_smc/inst/m00_nodes/m00_r_node/inst/inst_mi_handler/gen_normal_area.inst_fifo_node_payld/gen_xpm_memory_fifo.inst_fifo/gen_mem_rep[0].inst_xpm_memory/xpm_memory_base_inst with a P_MEMORY_PRIMITIVE property set to distributed. A value of block is required. You will not be able to use the updatemem program to update the bitstream with new data for the design_1_i/axi_smc/inst/m00_nodes/m00_r_node/inst/inst_mi_handler/gen_normal_area.inst_fifo_node_payld/gen_xpm_memory_fifo.inst_fifo/gen_mem_rep[0].inst_xpm_memory/xpm_memory_base_inst block.
INFO: [Memdata 28-167] Found XPM memory block design_1_i/axi_smc/inst/m00_nodes/m00_r_node/inst/inst_mi_handler/gen_normal_area.gen_fifo_req.inst_fifo_req/gen_xpm_memory_fifo.inst_fifo/gen_mem_rep[0].inst_xpm_memory/xpm_memory_base_inst with a P_MEMORY_PRIMITIVE property set to distributed. A value of block is required. You will not be able to use the updatemem program to update the bitstream with new data for the design_1_i/axi_smc/inst/m00_nodes/m00_r_node/inst/inst_mi_handler/gen_normal_area.gen_fifo_req.inst_fifo_req/gen_xpm_memory_fifo.inst_fifo/gen_mem_rep[0].inst_xpm_memory/xpm_memory_base_inst block.
INFO: [Memdata 28-167] Found XPM memory block design_1_i/axi_smc/inst/m00_nodes/m00_b_node/inst/inst_mi_handler/gen_normal_area.inst_fifo_node_payld/gen_xpm_memory_fifo.inst_fifo/gen_mem_rep[0].inst_xpm_memory/xpm_memory_base_inst with a P_MEMORY_PRIMITIVE property set to distributed. A value of block is required. You will not be able to use the updatemem program to update the bitstream with new data for the design_1_i/axi_smc/inst/m00_nodes/m00_b_node/inst/inst_mi_handler/gen_normal_area.inst_fifo_node_payld/gen_xpm_memory_fifo.inst_fifo/gen_mem_rep[0].inst_xpm_memory/xpm_memory_base_inst block.
INFO: [Memdata 28-167] Found XPM memory block design_1_i/axi_smc/inst/m00_nodes/m00_b_node/inst/inst_mi_handler/gen_normal_area.gen_fifo_req.inst_fifo_req/gen_xpm_memory_fifo.inst_fifo/gen_mem_rep[0].inst_xpm_memory/xpm_memory_base_inst with a P_MEMORY_PRIMITIVE property set to distributed. A value of block is required. You will not be able to use the updatemem program to update the bitstream with new data for the design_1_i/axi_smc/inst/m00_nodes/m00_b_node/inst/inst_mi_handler/gen_normal_area.gen_fifo_req.inst_fifo_req/gen_xpm_memory_fifo.inst_fifo/gen_mem_rep[0].inst_xpm_memory/xpm_memory_base_inst block.
INFO: [Memdata 28-167] Found XPM memory block design_1_i/axi_smc/inst/m00_nodes/m00_aw_node/inst/inst_mi_handler/gen_normal_area.inst_fifo_node_payld/gen_xpm_memory_fifo.inst_fifo/gen_mem_rep[0].inst_xpm_memory/xpm_memory_base_inst with a P_MEMORY_PRIMITIVE property set to distributed. A value of block is required. You will not be able to use the updatemem program to update the bitstream with new data for the design_1_i/axi_smc/inst/m00_nodes/m00_aw_node/inst/inst_mi_handler/gen_normal_area.inst_fifo_node_payld/gen_xpm_memory_fifo.inst_fifo/gen_mem_rep[0].inst_xpm_memory/xpm_memory_base_inst block.
INFO: [Memdata 28-167] Found XPM memory block design_1_i/axi_smc/inst/m00_nodes/m00_ar_node/inst/inst_mi_handler/gen_normal_area.inst_fifo_node_payld/gen_xpm_memory_fifo.inst_fifo/gen_mem_rep[0].inst_xpm_memory/xpm_memory_base_inst with a P_MEMORY_PRIMITIVE property set to distributed. A value of block is required. You will not be able to use the updatemem program to update the bitstream with new data for the design_1_i/axi_smc/inst/m00_nodes/m00_ar_node/inst/inst_mi_handler/gen_normal_area.inst_fifo_node_payld/gen_xpm_memory_fifo.inst_fifo/gen_mem_rep[0].inst_xpm_memory/xpm_memory_base_inst block.
Command: write_bitstream -force design_1_wrapper.bit
Attempting to get a license for feature 'Implementation' and/or device 'xczu3eg'
INFO: [Common 17-349] Got license for feature 'Implementation' and/or device 'xczu3eg'
Running DRC as a precondition to command write_bitstream
INFO: [IP_Flow 19-1839] IP Catalog is up to date.
INFO: [DRC 23-27] Running DRC with 8 threads
WARNING: [DRC PDCN-1569] LUT equation term check: Used physical LUT pin 'A1' of cell design_1_i/ps8_0_axi_periph/s00_couplers/auto_ds/inst/gen_downsizer.gen_simple_downsizer.axi_downsizer_inst/USE_READ.read_addr_inst/cmd_queue/inst/fifo_gen_inst/inst_fifo_gen/gconvfifo.rf/grf.rf/gntv_or_sync_fifo.gl0.rd/gr1.gr1_int.rfwft/gpregsm1.user_valid_i_1 (pin design_1_i/ps8_0_axi_periph/s00_couplers/auto_ds/inst/gen_downsizer.gen_simple_downsizer.axi_downsizer_inst/USE_READ.read_addr_inst/cmd_queue/inst/fifo_gen_inst/inst_fifo_gen/gconvfifo.rf/grf.rf/gntv_or_sync_fifo.gl0.rd/gr1.gr1_int.rfwft/gpregsm1.user_valid_i_1/I1) is not included in the LUT equation: 'O5=(A3)+((~A3)*(~A2)*A5)'. If this cell is a user instantiated LUT in the design, please remove connectivity to the pin or change the equation and/or INIT string of the LUT to prevent this issue. If the cell is inferred or IP created LUT, please regenerate the IP and/or resynthesize the design to attempt to correct the issue.
WARNING: [DRC PDCN-1569] LUT equation term check: Used physical LUT pin 'A1' of cell design_1_i/ps8_0_axi_periph/s01_couplers/auto_ds/inst/gen_downsizer.gen_simple_downsizer.axi_downsizer_inst/USE_WRITE.write_addr_inst/USE_B_CHANNEL.cmd_b_queue/inst/fifo_gen_inst/inst_fifo_gen/gconvfifo.rf/grf.rf/gntv_or_sync_fifo.gl0.rd/gr1.gr1_int.rfwft/gpregsm1.user_valid_i_1 (pin design_1_i/ps8_0_axi_periph/s01_couplers/auto_ds/inst/gen_downsizer.gen_simple_downsizer.axi_downsizer_inst/USE_WRITE.write_addr_inst/USE_B_CHANNEL.cmd_b_queue/inst/fifo_gen_inst/inst_fifo_gen/gconvfifo.rf/grf.rf/gntv_or_sync_fifo.gl0.rd/gr1.gr1_int.rfwft/gpregsm1.user_valid_i_1/I1) is not included in the LUT equation: 'O5=(A3)+((~A3)*(~A5)*A4)'. If this cell is a user instantiated LUT in the design, please remove connectivity to the pin or change the equation and/or INIT string of the LUT to prevent this issue. If the cell is inferred or IP created LUT, please regenerate the IP and/or resynthesize the design to attempt to correct the issue.
WARNING: [DRC PDCN-1569] LUT equation term check: Used physical LUT pin 'A2' of cell design_1_i/ps8_0_axi_periph/s00_couplers/auto_ds/inst/gen_downsizer.gen_simple_downsizer.axi_downsizer_inst/USE_WRITE.write_addr_inst/USE_B_CHANNEL.cmd_b_queue/inst/fifo_gen_inst/inst_fifo_gen/gconvfifo.rf/grf.rf/gntv_or_sync_fifo.gl0.rd/gr1.gr1_int.rfwft/gpregsm1.user_valid_i_1 (pin design_1_i/ps8_0_axi_periph/s00_couplers/auto_ds/inst/gen_downsizer.gen_simple_downsizer.axi_downsizer_inst/USE_WRITE.write_addr_inst/USE_B_CHANNEL.cmd_b_queue/inst/fifo_gen_inst/inst_fifo_gen/gconvfifo.rf/grf.rf/gntv_or_sync_fifo.gl0.rd/gr1.gr1_int.rfwft/gpregsm1.user_valid_i_1/I1) is not included in the LUT equation: 'O5=(A3)+((~A3)*(~A1)*A4)'. If this cell is a user instantiated LUT in the design, please remove connectivity to the pin or change the equation and/or INIT string of the LUT to prevent this issue. If the cell is inferred or IP created LUT, please regenerate the IP and/or resynthesize the design to attempt to correct the issue.
WARNING: [DRC PDCN-1569] LUT equation term check: Used physical LUT pin 'A2' of cell design_1_i/ps8_0_axi_periph/s00_couplers/auto_ds/inst/gen_downsizer.gen_simple_downsizer.axi_downsizer_inst/USE_WRITE.write_addr_inst/cmd_queue/inst/fifo_gen_inst/inst_fifo_gen/gconvfifo.rf/grf.rf/gntv_or_sync_fifo.gl0.rd/gr1.gr1_int.rfwft/gpregsm1.user_valid_i_1 (pin design_1_i/ps8_0_axi_periph/s00_couplers/auto_ds/inst/gen_downsizer.gen_simple_downsizer.axi_downsizer_inst/USE_WRITE.write_addr_inst/cmd_queue/inst/fifo_gen_inst/inst_fifo_gen/gconvfifo.rf/grf.rf/gntv_or_sync_fifo.gl0.rd/gr1.gr1_int.rfwft/gpregsm1.user_valid_i_1/I1) is not included in the LUT equation: 'O5=(A3)+((~A3)*(~A1)*A4)'. If this cell is a user instantiated LUT in the design, please remove connectivity to the pin or change the equation and/or INIT string of the LUT to prevent this issue. If the cell is inferred or IP created LUT, please regenerate the IP and/or resynthesize the design to attempt to correct the issue.
WARNING: [DRC PDCN-1569] LUT equation term check: Used physical LUT pin 'A2' of cell design_1_i/ps8_0_axi_periph/s01_couplers/auto_ds/inst/gen_downsizer.gen_simple_downsizer.axi_downsizer_inst/USE_WRITE.write_addr_inst/cmd_queue/inst/fifo_gen_inst/inst_fifo_gen/gconvfifo.rf/grf.rf/gntv_or_sync_fifo.gl0.rd/gr1.gr1_int.rfwft/gpregsm1.user_valid_i_1 (pin design_1_i/ps8_0_axi_periph/s01_couplers/auto_ds/inst/gen_downsizer.gen_simple_downsizer.axi_downsizer_inst/USE_WRITE.write_addr_inst/cmd_queue/inst/fifo_gen_inst/inst_fifo_gen/gconvfifo.rf/grf.rf/gntv_or_sync_fifo.gl0.rd/gr1.gr1_int.rfwft/gpregsm1.user_valid_i_1/I1) is not included in the LUT equation: 'O5=(A4)+((~A4)*(~A1)*A3)'. If this cell is a user instantiated LUT in the design, please remove connectivity to the pin or change the equation and/or INIT string of the LUT to prevent this issue. If the cell is inferred or IP created LUT, please regenerate the IP and/or resynthesize the design to attempt to correct the issue.
WARNING: [DRC PDCN-1569] LUT equation term check: Used physical LUT pin 'A3' of cell design_1_i/ps8_0_axi_periph/s01_couplers/auto_ds/inst/gen_downsizer.gen_simple_downsizer.axi_downsizer_inst/USE_READ.read_addr_inst/cmd_queue/inst/fifo_gen_inst/inst_fifo_gen/gconvfifo.rf/grf.rf/gntv_or_sync_fifo.gl0.rd/gr1.gr1_int.rfwft/gpregsm1.user_valid_i_1 (pin design_1_i/ps8_0_axi_periph/s01_couplers/auto_ds/inst/gen_downsizer.gen_simple_downsizer.axi_downsizer_inst/USE_READ.read_addr_inst/cmd_queue/inst/fifo_gen_inst/inst_fifo_gen/gconvfifo.rf/grf.rf/gntv_or_sync_fifo.gl0.rd/gr1.gr1_int.rfwft/gpregsm1.user_valid_i_1/I1) is not included in the LUT equation: 'O5=(A5)+((~A5)*(~A1)*A4)'. If this cell is a user instantiated LUT in the design, please remove connectivity to the pin or change the equation and/or INIT string of the LUT to prevent this issue. If the cell is inferred or IP created LUT, please regenerate the IP and/or resynthesize the design to attempt to correct the issue.
WARNING: [DRC RTSTAT-10] No routable loads: 66 net(s) have no routable loads. The problem bus(es) and/or net(s) are design_1_i/ps8_0_axi_periph/s00_couplers/auto_ds/inst/gen_downsizer.gen_simple_downsizer.axi_downsizer_inst/USE_WRITE.write_addr_inst/USE_B_CHANNEL.cmd_b_queue/inst/fifo_gen_inst/inst_fifo_gen/gconvfifo.rf/grf.rf/gntv_or_sync_fifo.gl0.rd/gr1.gr1_int.rfwft/aempty_fwft_i, design_1_i/ps8_0_axi_periph/s01_couplers/auto_ds/inst/gen_downsizer.gen_simple_downsizer.axi_downsizer_inst/USE_READ.read_addr_inst/cmd_queue/inst/fifo_gen_inst/inst_fifo_gen/gconvfifo.rf/grf.rf/gntv_or_sync_fifo.gl0.rd/gr1.gr1_int.rfwft/aempty_fwft_i, design_1_i/ps8_0_axi_periph/s00_couplers/auto_ds/inst/gen_downsizer.gen_simple_downsizer.axi_downsizer_inst/USE_READ.read_addr_inst/cmd_queue/inst/fifo_gen_inst/inst_fifo_gen/gconvfifo.rf/grf.rf/gntv_or_sync_fifo.gl0.rd/gr1.gr1_int.rfwft/aempty_fwft_i, design_1_i/ps8_0_axi_periph/s01_couplers/auto_ds/inst/gen_downsizer.gen_simple_downsizer.axi_downsizer_inst/USE_WRITE.write_addr_inst/cmd_queue/inst/fifo_gen_inst/inst_fifo_gen/gconvfifo.rf/grf.rf/gntv_or_sync_fifo.gl0.rd/gr1.gr1_int.rfwft/aempty_fwft_i, design_1_i/ps8_0_axi_periph/s01_couplers/auto_ds/inst/gen_downsizer.gen_simple_downsizer.axi_downsizer_inst/USE_WRITE.write_addr_inst/USE_B_CHANNEL.cmd_b_queue/inst/fifo_gen_inst/inst_fifo_gen/gconvfifo.rf/grf.rf/gntv_or_sync_fifo.gl0.rd/gr1.gr1_int.rfwft/aempty_fwft_i, design_1_i/ps8_0_axi_periph/s00_couplers/auto_ds/inst/gen_downsizer.gen_simple_downsizer.axi_downsizer_inst/USE_WRITE.write_addr_inst/cmd_queue/inst/fifo_gen_inst/inst_fifo_gen/gconvfifo.rf/grf.rf/gntv_or_sync_fifo.gl0.rd/gr1.gr1_int.rfwft/aempty_fwft_i, design_1_i/ps8_0_axi_periph/s00_couplers/auto_ds/inst/gen_downsizer.gen_simple_downsizer.axi_downsizer_inst/USE_READ.read_addr_inst/cmd_queue/inst/fifo_gen_inst/inst_fifo_gen/gconvfifo.rf/grf.rf/gntv_or_sync_fifo.gl0.wr/gwss.wsts/ram_afull_fb, design_1_i/ps8_0_axi_periph/s01_couplers/auto_ds/inst/gen_downsizer.gen_simple_downsizer.axi_downsizer_inst/USE_WRITE.write_addr_inst/cmd_queue/inst/fifo_gen_inst/inst_fifo_gen/gconvfifo.rf/grf.rf/gntv_or_sync_fifo.gl0.wr/gwss.wsts/ram_afull_fb, design_1_i/ps8_0_axi_periph/s01_couplers/auto_ds/inst/gen_downsizer.gen_simple_downsizer.axi_downsizer_inst/USE_READ.read_addr_inst/cmd_queue/inst/fifo_gen_inst/inst_fifo_gen/gconvfifo.rf/grf.rf/gntv_or_sync_fifo.gl0.wr/gwss.wsts/ram_afull_fb, design_1_i/ps8_0_axi_periph/s01_couplers/auto_ds/inst/gen_downsizer.gen_simple_downsizer.axi_downsizer_inst/USE_WRITE.write_addr_inst/USE_B_CHANNEL.cmd_b_queue/inst/fifo_gen_inst/inst_fifo_gen/gconvfifo.rf/grf.rf/gntv_or_sync_fifo.gl0.wr/gwss.wsts/ram_afull_fb, design_1_i/ps8_0_axi_periph/s00_couplers/auto_ds/inst/gen_downsizer.gen_simple_downsizer.axi_downsizer_inst/USE_WRITE.write_addr_inst/USE_B_CHANNEL.cmd_b_queue/inst/fifo_gen_inst/inst_fifo_gen/gconvfifo.rf/grf.rf/gntv_or_sync_fifo.gl0.wr/gwss.wsts/ram_afull_fb, design_1_i/ps8_0_axi_periph/s00_couplers/auto_ds/inst/gen_downsizer.gen_simple_downsizer.axi_downsizer_inst/USE_WRITE.write_addr_inst/cmd_queue/inst/fifo_gen_inst/inst_fifo_gen/gconvfifo.rf/grf.rf/gntv_or_sync_fifo.gl0.wr/gwss.wsts/ram_afull_fb, design_1_i/ps8_0_axi_periph/s01_couplers/auto_ds/inst/gen_downsizer.gen_simple_downsizer.axi_downsizer_inst/USE_READ.read_addr_inst/cmd_queue/inst/fifo_gen_inst/inst_fifo_gen/gconvfifo.rf/grf.rf/gntv_or_sync_fifo.gl0.wr/gwss.wsts/ram_afull_i, design_1_i/ps8_0_axi_periph/s00_couplers/auto_ds/inst/gen_downsizer.gen_simple_downsizer.axi_downsizer_inst/USE_WRITE.write_addr_inst/cmd_queue/inst/fifo_gen_inst/inst_fifo_gen/gconvfifo.rf/grf.rf/gntv_or_sync_fifo.gl0.wr/gwss.wsts/ram_afull_i, design_1_i/ps8_0_axi_periph/s00_couplers/auto_ds/inst/gen_downsizer.gen_simple_downsizer.axi_downsizer_inst/USE_WRITE.write_addr_inst/USE_B_CHANNEL.cmd_b_queue/inst/fifo_gen_inst/inst_fifo_gen/gconvfifo.rf/grf.rf/gntv_or_sync_fifo.gl0.wr/gwss.wsts/ram_afull_i... and (the first 15 of 42 listed).
INFO: [Vivado 12-3199] DRC finished with 0 Errors, 7 Warnings
INFO: [Vivado 12-3200] Please refer to the DRC report (report_drc) for more information.
INFO: [Designutils 20-2272] Running write_bitstream with 8 threads.
Loading data files...
Loading site data...
Loading route data...
Processing options...
Creating bitmap...
Creating bitstream...
Writing bitstream ./design_1_wrapper.bit...
INFO: [Vivado 12-1842] Bitgen Completed Successfully.
INFO: [Common 17-83] Releasing license: Implementation
28 Infos, 7 Warnings, 0 Critical Warnings and 0 Errors encountered.
write_bitstream completed successfully
write_bitstream: Time (s): cpu = 00:00:13 ; elapsed = 00:00:17 . Memory (MB): peak = 4892.102 ; gain = 0.000 ; free physical = 19737 ; free virtual = 43414
INFO: [Common 17-206] Exiting Vivado at Sun Jun 26 16:59:10 2022...
