Vivado Simulator v2021.2
Copyright 1986-1999, 2001-2021 Xilinx, Inc. All Rights Reserved.
Running: /opt/Xilinx/Vivado/2021.2/bin/unwrapped/lnx64.o/xelab xil_defaultlib.apatb_myproject_axi_top glbl -Oenable_linking_all_libraries -prj myproject_axi.prj -L smartconnect_v1_0 -L axi_protocol_checker_v1_1_12 -L axi_protocol_checker_v1_1_13 -L axis_protocol_checker_v1_1_11 -L axis_protocol_checker_v1_1_12 -L xil_defaultlib -L unisims_ver -L xpm -L floating_point_v7_0_19 -L floating_point_v7_1_13 --lib ieee_proposed=./ieee_proposed -s myproject_axi -debug wave 
Multi-threading is on. Using 6 slave threads.
WARNING: [XSIM 43-3431] One or more environment variables have been detected which affect the operation of the C compiler. These are typically not set in standard installations and are not tested by Xilinx, however they may be appropriate for your system, so the flow will attempt to continue.  If errors occur, try running xelab with the "-mt off -v 1" switches to see more information from the C compiler. The following environment variables have been detected:
INFO: [VRFC 10-2263] Analyzing SystemVerilog file "/home/nghielme/PycharmProjects/conifer/examples/wrapper-3-20220623T092548Z-001/wrapper-3/myproject_prj/solution1/sim/verilog/glbl.v" into library work
INFO: [VRFC 10-311] analyzing module glbl
INFO: [VRFC 10-2263] Analyzing SystemVerilog file "/home/nghielme/PycharmProjects/conifer/examples/wrapper-3-20220623T092548Z-001/wrapper-3/myproject_prj/solution1/sim/verilog/myproject_axi_mux_42_32_1_1_x.v" into library xil_defaultlib
INFO: [VRFC 10-311] analyzing module myproject_axi_mux_42_32_1_1_x
INFO: [VRFC 10-2263] Analyzing SystemVerilog file "/home/nghielme/PycharmProjects/conifer/examples/wrapper-3-20220623T092548Z-001/wrapper-3/myproject_prj/solution1/sim/verilog/AESL_fifo.v" into library xil_defaultlib
INFO: [VRFC 10-311] analyzing module fifo
INFO: [VRFC 10-2263] Analyzing SystemVerilog file "/home/nghielme/PycharmProjects/conifer/examples/wrapper-3-20220623T092548Z-001/wrapper-3/myproject_prj/solution1/sim/verilog/myproject_axi_decision_function_2.v" into library xil_defaultlib
INFO: [VRFC 10-311] analyzing module myproject_axi_decision_function_2
INFO: [VRFC 10-2263] Analyzing SystemVerilog file "/home/nghielme/PycharmProjects/conifer/examples/wrapper-3-20220623T092548Z-001/wrapper-3/myproject_prj/solution1/sim/verilog/myproject_axi_decision_function_4.v" into library xil_defaultlib
INFO: [VRFC 10-311] analyzing module myproject_axi_decision_function_4
INFO: [VRFC 10-2263] Analyzing SystemVerilog file "/home/nghielme/PycharmProjects/conifer/examples/wrapper-3-20220623T092548Z-001/wrapper-3/myproject_prj/solution1/sim/verilog/myproject_axi_decision_function.v" into library xil_defaultlib
INFO: [VRFC 10-311] analyzing module myproject_axi_decision_function
INFO: [VRFC 10-2263] Analyzing SystemVerilog file "/home/nghielme/PycharmProjects/conifer/examples/wrapper-3-20220623T092548Z-001/wrapper-3/myproject_prj/solution1/sim/verilog/myproject_axi_decision_function_7.v" into library xil_defaultlib
INFO: [VRFC 10-311] analyzing module myproject_axi_decision_function_7
INFO: [VRFC 10-2263] Analyzing SystemVerilog file "/home/nghielme/PycharmProjects/conifer/examples/wrapper-3-20220623T092548Z-001/wrapper-3/myproject_prj/solution1/sim/verilog/AESL_axi_s_out_r.v" into library xil_defaultlib
INFO: [VRFC 10-311] analyzing module AESL_axi_s_out_r
INFO: [VRFC 10-2263] Analyzing SystemVerilog file "/home/nghielme/PycharmProjects/conifer/examples/wrapper-3-20220623T092548Z-001/wrapper-3/myproject_prj/solution1/sim/verilog/myproject_axi_decision_function_6.v" into library xil_defaultlib
INFO: [VRFC 10-311] analyzing module myproject_axi_decision_function_6
INFO: [VRFC 10-2263] Analyzing SystemVerilog file "/home/nghielme/PycharmProjects/conifer/examples/wrapper-3-20220623T092548Z-001/wrapper-3/myproject_prj/solution1/sim/verilog/myproject_axi.v" into library xil_defaultlib
INFO: [VRFC 10-311] analyzing module myproject_axi
INFO: [VRFC 10-2263] Analyzing SystemVerilog file "/home/nghielme/PycharmProjects/conifer/examples/wrapper-3-20220623T092548Z-001/wrapper-3/myproject_prj/solution1/sim/verilog/myproject_axi_regslice_both.v" into library xil_defaultlib
INFO: [VRFC 10-311] analyzing module myproject_axi_regslice_both
INFO: [VRFC 10-311] analyzing module myproject_axi_regslice_both_w1
INFO: [VRFC 10-2263] Analyzing SystemVerilog file "/home/nghielme/PycharmProjects/conifer/examples/wrapper-3-20220623T092548Z-001/wrapper-3/myproject_prj/solution1/sim/verilog/myproject_axi_decision_function_3.v" into library xil_defaultlib
INFO: [VRFC 10-311] analyzing module myproject_axi_decision_function_3
INFO: [VRFC 10-2263] Analyzing SystemVerilog file "/home/nghielme/PycharmProjects/conifer/examples/wrapper-3-20220623T092548Z-001/wrapper-3/myproject_prj/solution1/sim/verilog/AESL_deadlock_idx0_monitor.v" into library xil_defaultlib
INFO: [VRFC 10-311] analyzing module AESL_deadlock_idx0_monitor
INFO: [VRFC 10-2263] Analyzing SystemVerilog file "/home/nghielme/PycharmProjects/conifer/examples/wrapper-3-20220623T092548Z-001/wrapper-3/myproject_prj/solution1/sim/verilog/myproject_axi_decision_function_5.v" into library xil_defaultlib
INFO: [VRFC 10-311] analyzing module myproject_axi_decision_function_5
INFO: [VRFC 10-2263] Analyzing SystemVerilog file "/home/nghielme/PycharmProjects/conifer/examples/wrapper-3-20220623T092548Z-001/wrapper-3/myproject_prj/solution1/sim/verilog/myproject_axi_decision_function_1.v" into library xil_defaultlib
INFO: [VRFC 10-311] analyzing module myproject_axi_decision_function_1
INFO: [VRFC 10-2263] Analyzing SystemVerilog file "/home/nghielme/PycharmProjects/conifer/examples/wrapper-3-20220623T092548Z-001/wrapper-3/myproject_prj/solution1/sim/verilog/myproject_axi.autotb.v" into library xil_defaultlib
INFO: [VRFC 10-311] analyzing module apatb_myproject_axi_top
INFO: [VRFC 10-2263] Analyzing SystemVerilog file "/home/nghielme/PycharmProjects/conifer/examples/wrapper-3-20220623T092548Z-001/wrapper-3/myproject_prj/solution1/sim/verilog/AESL_axi_s_in_r.v" into library xil_defaultlib
INFO: [VRFC 10-311] analyzing module AESL_axi_s_in_r
INFO: [VRFC 10-2263] Analyzing SystemVerilog file "/home/nghielme/PycharmProjects/conifer/examples/wrapper-3-20220623T092548Z-001/wrapper-3/myproject_prj/solution1/sim/verilog/AESL_deadlock_kernel_monitor_top.v" into library xil_defaultlib
INFO: [VRFC 10-311] analyzing module AESL_deadlock_kernel_monitor_top
WARNING: [VRFC 10-3824] variable 'block_delay' must explicitly be declared as automatic or static [/home/nghielme/PycharmProjects/conifer/examples/wrapper-3-20220623T092548Z-001/wrapper-3/myproject_prj/solution1/sim/verilog/AESL_deadlock_kernel_monitor_top.v:29]
INFO: [VRFC 10-2263] Analyzing SystemVerilog file "/home/nghielme/PycharmProjects/conifer/examples/wrapper-3-20220623T092548Z-001/wrapper-3/myproject_prj/solution1/sim/verilog/myproject_axi_mux_42_32_1_1.v" into library xil_defaultlib
INFO: [VRFC 10-311] analyzing module myproject_axi_mux_42_32_1_1
INFO: [VRFC 10-2263] Analyzing SystemVerilog file "/home/nghielme/PycharmProjects/conifer/examples/wrapper-3-20220623T092548Z-001/wrapper-3/myproject_prj/solution1/sim/verilog/myproject_axi_myproject.v" into library xil_defaultlib
INFO: [VRFC 10-311] analyzing module myproject_axi_myproject
INFO: [VRFC 10-2263] Analyzing SystemVerilog file "/home/nghielme/PycharmProjects/conifer/examples/wrapper-3-20220623T092548Z-001/wrapper-3/myproject_prj/solution1/sim/verilog/dataflow_monitor.sv" into library xil_defaultlib
INFO: [VRFC 10-311] analyzing module dataflow_monitor
Starting static elaboration
Pass Through NonSizing Optimizer
WARNING: [VRFC 10-3645] port 'axis_block_info' remains unconnected for this instance [/home/nghielme/PycharmProjects/conifer/examples/wrapper-3-20220623T092548Z-001/wrapper-3/myproject_prj/solution1/sim/verilog/AESL_deadlock_kernel_monitor_top.v:19]
Completed static elaboration
Starting simulation data flow analysis
Completed simulation data flow analysis
Time Resolution for simulation is 1ps
Compiling package xil_defaultlib.$unit_dataflow_monitor_sv
Compiling module xil_defaultlib.myproject_axi_mux_42_32_1_1(ID=1...
Compiling module xil_defaultlib.myproject_axi_decision_function_...
Compiling module xil_defaultlib.myproject_axi_decision_function_...
Compiling module xil_defaultlib.myproject_axi_decision_function_...
Compiling module xil_defaultlib.myproject_axi_mux_42_32_1_1_x(ID...
Compiling module xil_defaultlib.myproject_axi_decision_function_...
Compiling module xil_defaultlib.myproject_axi_decision_function_...
Compiling module xil_defaultlib.myproject_axi_decision_function_...
Compiling module xil_defaultlib.myproject_axi_decision_function_...
Compiling module xil_defaultlib.myproject_axi_decision_function
Compiling module xil_defaultlib.myproject_axi_myproject
Compiling module xil_defaultlib.myproject_axi_regslice_both
Compiling module xil_defaultlib.myproject_axi_regslice_both(Data...
Compiling module xil_defaultlib.myproject_axi_regslice_both(Data...
Compiling module xil_defaultlib.myproject_axi
Compiling module xil_defaultlib.fifo(DEPTH=10,WIDTH=32)
Compiling module xil_defaultlib.fifo(DEPTH=10,WIDTH=4)
Compiling module xil_defaultlib.fifo(DEPTH=10,WIDTH=1)
Compiling module xil_defaultlib.AESL_axi_s_in_r
Compiling module xil_defaultlib.fifo(DEPTH=1,WIDTH=32)
Compiling module xil_defaultlib.fifo(DEPTH=1,WIDTH=4)
Compiling module xil_defaultlib.fifo(DEPTH=1,WIDTH=1)
Compiling module xil_defaultlib.AESL_axi_s_out_r
Compiling module xil_defaultlib.AESL_deadlock_idx0_monitor
Compiling module xil_defaultlib.AESL_deadlock_kernel_monitor_top...
Compiling module xil_defaultlib.nodf_module_intf
Compiling module xil_defaultlib.dataflow_monitor_1
Compiling module xil_defaultlib.apatb_myproject_axi_top
Compiling module work.glbl
Built simulation snapshot myproject_axi
