

================================================================
== Vitis HLS Report for 'decision_function_1'
================================================================
* Date:           Wed Jun 29 02:58:42 2022

* Version:        2021.2 (Build 3367213 on Tue Oct 19 02:47:39 MDT 2021)
* Project:        myproject_prj
* Solution:       solution1 (Vivado IP Flow Target)
* Product family: zynquplus
* Target device:  xczu3eg-sbva484-1-e


================================================================
== Performance Estimates
================================================================
+ Timing: 
    * Summary: 
    +--------+---------+----------+------------+
    |  Clock |  Target | Estimated| Uncertainty|
    +--------+---------+----------+------------+
    |ap_clk  |  7.00 ns|  3.489 ns|     1.89 ns|
    +--------+---------+----------+------------+

+ Latency: 
    * Summary: 
    +---------+---------+----------+----------+-----+-----+---------+
    |  Latency (cycles) |  Latency (absolute) |  Interval | Pipeline|
    |   min   |   max   |    min   |    max   | min | max |   Type  |
    +---------+---------+----------+----------+-----+-----+---------+
    |        0|        0|      0 ns|      0 ns|    1|    1|      yes|
    +---------+---------+----------+----------+-----+-----+---------+

    + Detail: 
        * Instance: 
        N/A

        * Loop: 
        N/A



================================================================
== Utilization Estimates
================================================================
* Summary: 
+-----------------+---------+-----+--------+-------+-----+
|       Name      | BRAM_18K| DSP |   FF   |  LUT  | URAM|
+-----------------+---------+-----+--------+-------+-----+
|DSP              |        -|    -|       -|      -|    -|
|Expression       |        -|    -|       0|    165|    -|
|FIFO             |        -|    -|       -|      -|    -|
|Instance         |        -|    -|       0|     37|    -|
|Memory           |        -|    -|       -|      -|    -|
|Multiplexer      |        -|    -|       -|      -|    -|
|Register         |        -|    -|       -|      -|    -|
+-----------------+---------+-----+--------+-------+-----+
|Total            |        0|    0|       0|    202|    0|
+-----------------+---------+-----+--------+-------+-----+
|Available        |      432|  360|  141120|  70560|    0|
+-----------------+---------+-----+--------+-------+-----+
|Utilization (%)  |        0|    0|       0|     ~0|    0|
+-----------------+---------+-----+--------+-------+-----+

+ Detail: 
    * Instance: 
    +-------------------+---------------+---------+----+---+----+-----+
    |      Instance     |     Module    | BRAM_18K| DSP| FF| LUT| URAM|
    +-------------------+---------------+---------+----+---+----+-----+
    |mux_73_32_1_1_U48  |mux_73_32_1_1  |        0|   0|  0|  37|    0|
    +-------------------+---------------+---------+----+---+----+-----+
    |Total              |               |        0|   0|  0|  37|    0|
    +-------------------+---------------+---------+----+---+----+-----+

    * DSP: 
    N/A

    * Memory: 
    N/A

    * FIFO: 
    N/A

    * Expression: 
    +--------------------------+----------+----+---+----+------------+------------+
    |       Variable Name      | Operation| DSP| FF| LUT| Bitwidth P0| Bitwidth P1|
    +--------------------------+----------+----+---+----+------------+------------+
    |activation_212_fu_118_p2  |       and|   0|  0|   2|           1|           1|
    |activation_213_fu_130_p2  |       and|   0|  0|   2|           1|           1|
    |activation_217_fu_136_p2  |       and|   0|  0|   2|           1|           1|
    |activation_218_fu_160_p2  |       and|   0|  0|   2|           1|           1|
    |activation_219_fu_172_p2  |       and|   0|  0|   2|           1|           1|
    |activation_fu_148_p2      |       and|   0|  0|   2|           1|           1|
    |and_ln133_fu_166_p2       |       and|   0|  0|   2|           1|           1|
    |comparison_77_fu_88_p2    |      icmp|   0|  0|  20|          32|          16|
    |comparison_78_fu_94_p2    |      icmp|   0|  0|  20|          32|          18|
    |comparison_79_fu_100_p2   |      icmp|   0|  0|  20|          32|          18|
    |comparison_80_fu_106_p2   |      icmp|   0|  0|  20|          32|          16|
    |comparison_81_fu_112_p2   |      icmp|   0|  0|  20|          32|          18|
    |comparison_fu_82_p2       |      icmp|   0|  0|  20|          32|          16|
    |or_ln148_1_fu_202_p2      |        or|   0|  0|   2|           1|           1|
    |or_ln148_2_fu_220_p2      |        or|   0|  0|   2|           1|           1|
    |or_ln148_3_fu_234_p2      |        or|   0|  0|   2|           1|           1|
    |or_ln148_fu_188_p2        |        or|   0|  0|   2|           1|           1|
    |agg_result_fu_256_p8      |    select|   0|  0|   3|           1|           3|
    |select_ln148_1_fu_208_p3  |    select|   0|  0|   2|           1|           2|
    |select_ln148_2_fu_226_p3  |    select|   0|  0|   4|           1|           3|
    |select_ln148_3_fu_240_p3  |    select|   0|  0|   3|           1|           3|
    |select_ln148_fu_194_p3    |    select|   0|  0|   3|           1|           3|
    |xor_ln135_1_fu_142_p2     |       xor|   0|  0|   2|           1|           2|
    |xor_ln135_2_fu_154_p2     |       xor|   0|  0|   2|           1|           2|
    |xor_ln135_fu_124_p2       |       xor|   0|  0|   2|           1|           2|
    |xor_ln148_fu_178_p2       |       xor|   0|  0|   2|           2|           1|
    +--------------------------+----------+----+---+----+------------+------------+
    |Total                     |          |   0|  0| 165|         213|         134|
    +--------------------------+----------+----+---+----+------------+------------+

    * Multiplexer: 
    N/A

    * Register: 
    N/A



================================================================
== Interface
================================================================
* Summary: 
+-----------+-----+-----+------------+---------------------+--------------+
| RTL Ports | Dir | Bits|  Protocol  |    Source Object    |    C Type    |
+-----------+-----+-----+------------+---------------------+--------------+
|ap_ready   |  out|    1|  ap_ctrl_hs|  decision_function.1|  return value|
|ap_return  |  out|   32|  ap_ctrl_hs|  decision_function.1|  return value|
|p_read1    |   in|   32|     ap_none|              p_read1|        scalar|
|p_read2    |   in|   32|     ap_none|              p_read2|        scalar|
|p_read3    |   in|   32|     ap_none|              p_read3|        scalar|
|p_read4    |   in|   32|     ap_none|              p_read4|        scalar|
+-----------+-----+-----+------------+---------------------+--------------+

