

================================================================
== Vitis HLS Report for 'decision_function_7'
================================================================
* Date:           Wed Jun 29 02:58:40 2022

* Version:        2021.2 (Build 3367213 on Tue Oct 19 02:47:39 MDT 2021)
* Project:        myproject_prj
* Solution:       solution1 (Vivado IP Flow Target)
* Product family: zynquplus
* Target device:  xczu3eg-sbva484-1-e


================================================================
== Performance Estimates
================================================================
+ Timing: 
    * Summary: 
    +--------+---------+----------+------------+
    |  Clock |  Target | Estimated| Uncertainty|
    +--------+---------+----------+------------+
    |ap_clk  |  7.00 ns|  5.083 ns|     1.89 ns|
    +--------+---------+----------+------------+

+ Latency: 
    * Summary: 
    +---------+---------+-----------+-----------+-----+-----+---------+
    |  Latency (cycles) |   Latency (absolute)  |  Interval | Pipeline|
    |   min   |   max   |    min    |    max    | min | max |   Type  |
    +---------+---------+-----------+-----------+-----+-----+---------+
    |        2|        2|  14.000 ns|  14.000 ns|    1|    1|      yes|
    +---------+---------+-----------+-----------+-----+-----+---------+

    + Detail: 
        * Instance: 
        N/A

        * Loop: 
        N/A



================================================================
== Utilization Estimates
================================================================
* Summary: 
+-----------------+---------+-----+--------+-------+-----+
|       Name      | BRAM_18K| DSP |   FF   |  LUT  | URAM|
+-----------------+---------+-----+--------+-------+-----+
|DSP              |        -|    -|       -|      -|    -|
|Expression       |        -|    -|       0|   1000|    -|
|FIFO             |        -|    -|       -|      -|    -|
|Instance         |        -|    -|       0|    148|    -|
|Memory           |        -|    -|       -|      -|    -|
|Multiplexer      |        -|    -|       -|     14|    -|
|Register         |        -|    -|     386|      -|    -|
+-----------------+---------+-----+--------+-------+-----+
|Total            |        0|    0|     386|   1162|    0|
+-----------------+---------+-----+--------+-------+-----+
|Available        |      432|  360|  141120|  70560|    0|
+-----------------+---------+-----+--------+-------+-----+
|Utilization (%)  |        0|    0|      ~0|      1|    0|
+-----------------+---------+-----+--------+-------+-----+

+ Detail: 
    * Instance: 
    +-------------------+----------------+---------+----+---+-----+-----+
    |      Instance     |     Module     | BRAM_18K| DSP| FF| LUT | URAM|
    +-------------------+----------------+---------+----+---+-----+-----+
    |mux_325_32_1_0_U1  |mux_325_32_1_0  |        0|   0|  0|  148|    0|
    +-------------------+----------------+---------+----+---+-----+-----+
    |Total              |                |        0|   0|  0|  148|    0|
    +-------------------+----------------+---------+----+---+-----+-----+

    * DSP: 
    N/A

    * Memory: 
    N/A

    * FIFO: 
    N/A

    * Expression: 
    +----------------------------+----------+----+---+----+------------+------------+
    |        Variable Name       | Operation| DSP| FF| LUT| Bitwidth P0| Bitwidth P1|
    +----------------------------+----------+----+---+----+------------+------------+
    |activation_10_fu_524_p2     |       and|   0|  0|   2|           1|           1|
    |activation_12_fu_542_p2     |       and|   0|  0|   2|           1|           1|
    |activation_14_fu_560_p2     |       and|   0|  0|   2|           1|           1|
    |activation_15_fu_572_p2     |       and|   0|  0|   2|           1|           1|
    |activation_20_fu_608_p2     |       and|   0|  0|   2|           1|           1|
    |activation_21_fu_614_p2     |       and|   0|  0|   2|           1|           1|
    |activation_24_fu_638_p2     |       and|   0|  0|   2|           1|           1|
    |activation_25_fu_650_p2     |       and|   0|  0|   2|           1|           1|
    |activation_26_fu_656_p2     |       and|   0|  0|   2|           1|           1|
    |activation_29_fu_686_p2     |       and|   0|  0|   2|           1|           1|
    |activation_31_fu_902_p2     |       and|   0|  0|   2|           1|           1|
    |activation_34_fu_926_p2     |       and|   0|  0|   2|           1|           1|
    |activation_35_fu_932_p2     |       and|   0|  0|   2|           1|           1|
    |activation_37_fu_948_p2     |       and|   0|  0|   2|           1|           1|
    |activation_40_fu_974_p2     |       and|   0|  0|   2|           1|           1|
    |activation_42_fu_990_p2     |       and|   0|  0|   2|           1|           1|
    |activation_43_fu_996_p2     |       and|   0|  0|   2|           1|           1|
    |activation_45_fu_1012_p2    |       and|   0|  0|   2|           1|           1|
    |activation_48_fu_1038_p2    |       and|   0|  0|   2|           1|           1|
    |activation_49_fu_1044_p2    |       and|   0|  0|   2|           1|           1|
    |activation_4_fu_470_p2      |       and|   0|  0|   2|           1|           1|
    |activation_52_fu_1070_p2    |       and|   0|  0|   2|           1|           1|
    |activation_55_fu_488_p2     |       and|   0|  0|   2|           1|           1|
    |activation_56_fu_536_p2     |       and|   0|  0|   2|           1|           1|
    |activation_57_fu_554_p2     |       and|   0|  0|   2|           1|           1|
    |activation_58_fu_578_p2     |       and|   0|  0|   2|           1|           1|
    |activation_59_fu_584_p2     |       and|   0|  0|   2|           1|           1|
    |activation_5_fu_476_p2      |       and|   0|  0|   2|           1|           1|
    |activation_60_fu_590_p2     |       and|   0|  0|   2|           1|           1|
    |activation_61_fu_596_p2     |       and|   0|  0|   2|           1|           1|
    |activation_62_fu_626_p2     |       and|   0|  0|   2|           1|           1|
    |activation_63_fu_632_p2     |       and|   0|  0|   2|           1|           1|
    |activation_64_fu_668_p2     |       and|   0|  0|   2|           1|           1|
    |activation_65_fu_674_p2     |       and|   0|  0|   2|           1|           1|
    |activation_66_fu_898_p2     |       and|   0|  0|   2|           1|           1|
    |activation_67_fu_911_p2     |       and|   0|  0|   2|           1|           1|
    |activation_68_fu_916_p2     |       and|   0|  0|   2|           1|           1|
    |activation_69_fu_942_p2     |       and|   0|  0|   2|           1|           1|
    |activation_70_fu_958_p2     |       and|   0|  0|   2|           1|           1|
    |activation_71_fu_964_p2     |       and|   0|  0|   2|           1|           1|
    |activation_72_fu_980_p2     |       and|   0|  0|   2|           1|           1|
    |activation_73_fu_1006_p2    |       and|   0|  0|   2|           1|           1|
    |activation_74_fu_1022_p2    |       and|   0|  0|   2|           1|           1|
    |activation_75_fu_1028_p2    |       and|   0|  0|   2|           1|           1|
    |activation_76_fu_1054_p2    |       and|   0|  0|   2|           1|           1|
    |activation_77_fu_1060_p2    |       and|   0|  0|   2|           1|           1|
    |activation_78_fu_1076_p2    |       and|   0|  0|   2|           1|           1|
    |activation_79_fu_1301_p2    |       and|   0|  0|   2|           1|           1|
    |activation_8_fu_506_p2      |       and|   0|  0|   2|           1|           1|
    |activation_9_fu_518_p2      |       and|   0|  0|   2|           1|           1|
    |activation_fu_500_p2        |       and|   0|  0|   2|           1|           1|
    |and_ln133_fu_1296_p2        |       and|   0|  0|   2|           1|           1|
    |comparison_10_fu_332_p2     |      icmp|   0|  0|  20|          32|          17|
    |comparison_11_fu_338_p2     |      icmp|   0|  0|  20|          32|          17|
    |comparison_12_fu_344_p2     |      icmp|   0|  0|  20|          32|          17|
    |comparison_13_fu_350_p2     |      icmp|   0|  0|  20|          32|          14|
    |comparison_14_fu_356_p2     |      icmp|   0|  0|  20|          32|          18|
    |comparison_15_fu_362_p2     |      icmp|   0|  0|  20|          32|          15|
    |comparison_16_fu_368_p2     |      icmp|   0|  0|  20|          32|          18|
    |comparison_17_fu_374_p2     |      icmp|   0|  0|  20|          32|          18|
    |comparison_18_fu_380_p2     |      icmp|   0|  0|  20|          32|          17|
    |comparison_19_fu_386_p2     |      icmp|   0|  0|  20|          32|          18|
    |comparison_20_fu_392_p2     |      icmp|   0|  0|  20|          32|          17|
    |comparison_21_fu_398_p2     |      icmp|   0|  0|  20|          32|          17|
    |comparison_22_fu_404_p2     |      icmp|   0|  0|  20|          32|          19|
    |comparison_23_fu_410_p2     |      icmp|   0|  0|  20|          32|          18|
    |comparison_24_fu_416_p2     |      icmp|   0|  0|  20|          32|          17|
    |comparison_25_fu_422_p2     |      icmp|   0|  0|  20|          32|          17|
    |comparison_26_fu_428_p2     |      icmp|   0|  0|  20|          32|          19|
    |comparison_27_fu_434_p2     |      icmp|   0|  0|  20|          32|          17|
    |comparison_28_fu_440_p2     |      icmp|   0|  0|  20|          32|          18|
    |comparison_29_fu_446_p2     |      icmp|   0|  0|  20|          32|          19|
    |comparison_2_fu_284_p2      |      icmp|   0|  0|  20|          32|          17|
    |comparison_30_fu_452_p2     |      icmp|   0|  0|  20|          32|          18|
    |comparison_31_fu_278_p2     |      icmp|   0|  0|  20|          32|          18|
    |comparison_32_fu_290_p2     |      icmp|   0|  0|  20|          32|          19|
    |comparison_4_fu_296_p2      |      icmp|   0|  0|  20|          32|          17|
    |comparison_5_fu_302_p2      |      icmp|   0|  0|  20|          32|          16|
    |comparison_6_fu_308_p2      |      icmp|   0|  0|  20|          32|          16|
    |comparison_7_fu_314_p2      |      icmp|   0|  0|  20|          32|          18|
    |comparison_8_fu_320_p2      |      icmp|   0|  0|  20|          32|          17|
    |comparison_9_fu_326_p2      |      icmp|   0|  0|  20|          32|          14|
    |comparison_fu_272_p2        |      icmp|   0|  0|  20|          32|          17|
    |or_ln148_10_fu_836_p2       |        or|   0|  0|   2|           1|           1|
    |or_ln148_11_fu_850_p2       |        or|   0|  0|   2|           1|           1|
    |or_ln148_12_fu_864_p2       |        or|   0|  0|   2|           1|           1|
    |or_ln148_13_fu_878_p2       |        or|   0|  0|   2|           1|           1|
    |or_ln148_14_fu_892_p2       |        or|   0|  0|   2|           1|           1|
    |or_ln148_15_fu_1091_p2      |        or|   0|  0|   2|           1|           1|
    |or_ln148_16_fu_1103_p2      |        or|   0|  0|   2|           1|           1|
    |or_ln148_17_fu_1115_p2      |        or|   0|  0|   2|           1|           1|
    |or_ln148_18_fu_1129_p2      |        or|   0|  0|   2|           1|           1|
    |or_ln148_19_fu_1143_p2      |        or|   0|  0|   2|           1|           1|
    |or_ln148_1_fu_702_p2        |        or|   0|  0|   2|           1|           1|
    |or_ln148_20_fu_1157_p2      |        or|   0|  0|   2|           1|           1|
    |or_ln148_21_fu_1171_p2      |        or|   0|  0|   2|           1|           1|
    |or_ln148_22_fu_1185_p2      |        or|   0|  0|   2|           1|           1|
    |or_ln148_23_fu_1199_p2      |        or|   0|  0|   2|           1|           1|
    |or_ln148_24_fu_1213_p2      |        or|   0|  0|   2|           1|           1|
    |or_ln148_25_fu_1227_p2      |        or|   0|  0|   2|           1|           1|
    |or_ln148_26_fu_1241_p2      |        or|   0|  0|   2|           1|           1|
    |or_ln148_27_fu_1255_p2      |        or|   0|  0|   2|           1|           1|
    |or_ln148_28_fu_1269_p2      |        or|   0|  0|   2|           1|           1|
    |or_ln148_29_fu_1306_p2      |        or|   0|  0|   2|           1|           1|
    |or_ln148_2_fu_716_p2        |        or|   0|  0|   2|           1|           1|
    |or_ln148_30_fu_1311_p2      |        or|   0|  0|   2|           1|           1|
    |or_ln148_3_fu_734_p2        |        or|   0|  0|   2|           1|           1|
    |or_ln148_4_fu_748_p2        |        or|   0|  0|   2|           1|           1|
    |or_ln148_5_fu_762_p2        |        or|   0|  0|   2|           1|           1|
    |or_ln148_6_fu_776_p2        |        or|   0|  0|   2|           1|           1|
    |or_ln148_7_fu_794_p2        |        or|   0|  0|   2|           1|           1|
    |or_ln148_8_fu_808_p2        |        or|   0|  0|   2|           1|           1|
    |or_ln148_9_fu_822_p2        |        or|   0|  0|   2|           1|           1|
    |or_ln148_fu_692_p2          |        or|   0|  0|   2|           1|           1|
    |select_ln148_10_fu_856_p3   |    select|   0|  0|   4|           1|           4|
    |select_ln148_11_fu_870_p3   |    select|   0|  0|   4|           1|           4|
    |select_ln148_12_fu_884_p3   |    select|   0|  0|   4|           1|           4|
    |select_ln148_13_fu_1081_p3  |    select|   0|  0|   4|           1|           4|
    |select_ln148_14_fu_1096_p3  |    select|   0|  0|   6|           1|           5|
    |select_ln148_15_fu_1107_p3  |    select|   0|  0|   5|           1|           5|
    |select_ln148_16_fu_1121_p3  |    select|   0|  0|   5|           1|           5|
    |select_ln148_17_fu_1135_p3  |    select|   0|  0|   5|           1|           5|
    |select_ln148_18_fu_1149_p3  |    select|   0|  0|   5|           1|           5|
    |select_ln148_19_fu_1163_p3  |    select|   0|  0|   5|           1|           5|
    |select_ln148_1_fu_722_p3    |    select|   0|  0|   2|           1|           2|
    |select_ln148_20_fu_1177_p3  |    select|   0|  0|   5|           1|           5|
    |select_ln148_21_fu_1191_p3  |    select|   0|  0|   5|           1|           5|
    |select_ln148_22_fu_1205_p3  |    select|   0|  0|   5|           1|           5|
    |select_ln148_23_fu_1219_p3  |    select|   0|  0|   5|           1|           5|
    |select_ln148_24_fu_1233_p3  |    select|   0|  0|   5|           1|           5|
    |select_ln148_25_fu_1247_p3  |    select|   0|  0|   5|           1|           5|
    |select_ln148_26_fu_1261_p3  |    select|   0|  0|   5|           1|           5|
    |select_ln148_27_fu_1275_p3  |    select|   0|  0|   5|           1|           5|
    |select_ln148_28_fu_1283_p3  |    select|   0|  0|   5|           1|           5|
    |select_ln148_2_fu_740_p3    |    select|   0|  0|   4|           1|           3|
    |select_ln148_30_fu_1392_p3  |    select|   0|  0|  32|           1|          32|
    |select_ln148_3_fu_754_p3    |    select|   0|  0|   3|           1|           3|
    |select_ln148_4_fu_768_p3    |    select|   0|  0|   3|           1|           3|
    |select_ln148_5_fu_782_p3    |    select|   0|  0|   3|           1|           3|
    |select_ln148_6_fu_800_p3    |    select|   0|  0|   5|           1|           4|
    |select_ln148_7_fu_814_p3    |    select|   0|  0|   4|           1|           4|
    |select_ln148_8_fu_828_p3    |    select|   0|  0|   4|           1|           4|
    |select_ln148_9_fu_842_p3    |    select|   0|  0|   4|           1|           4|
    |select_ln148_fu_708_p3      |    select|   0|  0|   3|           1|           2|
    |tmp_fu_1322_p33             |    select|   0|  0|   5|           1|           5|
    |activation_2_fu_458_p2      |       xor|   0|  0|   2|           1|           2|
    |xor_ln135_10_fu_644_p2      |       xor|   0|  0|   2|           1|           2|
    |xor_ln135_11_fu_662_p2      |       xor|   0|  0|   2|           1|           2|
    |xor_ln135_12_fu_680_p2      |       xor|   0|  0|   2|           1|           2|
    |xor_ln135_13_fu_906_p2      |       xor|   0|  0|   2|           1|           2|
    |xor_ln135_14_fu_921_p2      |       xor|   0|  0|   2|           1|           2|
    |xor_ln135_15_fu_937_p2      |       xor|   0|  0|   2|           1|           2|
    |xor_ln135_16_fu_953_p2      |       xor|   0|  0|   2|           1|           2|
    |xor_ln135_17_fu_969_p2      |       xor|   0|  0|   2|           1|           2|
    |xor_ln135_18_fu_985_p2      |       xor|   0|  0|   2|           1|           2|
    |xor_ln135_19_fu_1001_p2     |       xor|   0|  0|   2|           1|           2|
    |xor_ln135_20_fu_1017_p2     |       xor|   0|  0|   2|           1|           2|
    |xor_ln135_21_fu_1033_p2     |       xor|   0|  0|   2|           1|           2|
    |xor_ln135_22_fu_1049_p2     |       xor|   0|  0|   2|           1|           2|
    |xor_ln135_23_fu_1065_p2     |       xor|   0|  0|   2|           1|           2|
    |xor_ln135_24_fu_1291_p2     |       xor|   0|  0|   2|           1|           2|
    |xor_ln135_2_fu_482_p2       |       xor|   0|  0|   2|           1|           2|
    |xor_ln135_3_fu_494_p2       |       xor|   0|  0|   2|           1|           2|
    |xor_ln135_4_fu_512_p2       |       xor|   0|  0|   2|           1|           2|
    |xor_ln135_5_fu_530_p2       |       xor|   0|  0|   2|           1|           2|
    |xor_ln135_6_fu_548_p2       |       xor|   0|  0|   2|           1|           2|
    |xor_ln135_7_fu_566_p2       |       xor|   0|  0|   2|           1|           2|
    |xor_ln135_8_fu_602_p2       |       xor|   0|  0|   2|           1|           2|
    |xor_ln135_9_fu_620_p2       |       xor|   0|  0|   2|           1|           2|
    |xor_ln135_fu_464_p2         |       xor|   0|  0|   2|           1|           2|
    +----------------------------+----------+----+---+----+------------+------------+
    |Total                       |          |   0|  0|1000|        1131|         827|
    +----------------------------+----------+----+---+----+------------+------------+

    * Multiplexer: 
    +-----------+----+-----------+-----+-----------+
    |    Name   | LUT| Input Size| Bits| Total Bits|
    +-----------+----+-----------+-----+-----------+
    |ap_return  |  14|          3|   32|         96|
    +-----------+----+-----------+-----+-----------+
    |Total      |  14|          3|   32|         96|
    +-----------+----+-----------+-----+-----------+

    * Register: 
    +--------------------------------------+----+----+-----+-----------+
    |                 Name                 | FF | LUT| Bits| Const Bits|
    +--------------------------------------+----+----+-----+-----------+
    |activation_26_reg_1482                |   1|   0|    1|          0|
    |activation_29_reg_1488                |   1|   0|    1|          0|
    |activation_29_reg_1488_pp0_iter1_reg  |   1|   0|    1|          0|
    |activation_52_reg_1512                |   1|   0|    1|          0|
    |ap_ce_reg                             |   1|   0|    1|          0|
    |ap_return_int_reg                     |  32|   0|   32|          0|
    |comparison_17_reg_1400                |   1|   0|    1|          0|
    |comparison_18_reg_1405                |   1|   0|    1|          0|
    |comparison_19_reg_1411                |   1|   0|    1|          0|
    |comparison_20_reg_1417                |   1|   0|    1|          0|
    |comparison_21_reg_1423                |   1|   0|    1|          0|
    |comparison_22_reg_1429                |   1|   0|    1|          0|
    |comparison_23_reg_1435                |   1|   0|    1|          0|
    |comparison_24_reg_1441                |   1|   0|    1|          0|
    |comparison_25_reg_1447                |   1|   0|    1|          0|
    |comparison_26_reg_1453                |   1|   0|    1|          0|
    |comparison_27_reg_1459                |   1|   0|    1|          0|
    |comparison_28_reg_1465                |   1|   0|    1|          0|
    |comparison_29_reg_1471                |   1|   0|    1|          0|
    |comparison_29_reg_1471_pp0_iter1_reg  |   1|   0|    1|          0|
    |comparison_30_reg_1477                |   1|   0|    1|          0|
    |comparison_30_reg_1477_pp0_iter1_reg  |   1|   0|    1|          0|
    |or_ln148_13_reg_1495                  |   1|   0|    1|          0|
    |or_ln148_14_reg_1505                  |   1|   0|    1|          0|
    |or_ln148_16_reg_1517                  |   1|   0|    1|          0|
    |or_ln148_28_reg_1522                  |   1|   0|    1|          0|
    |p_read10_int_reg                      |  32|   0|   32|          0|
    |p_read1_int_reg                       |  32|   0|   32|          0|
    |p_read2_int_reg                       |  32|   0|   32|          0|
    |p_read3_int_reg                       |  32|   0|   32|          0|
    |p_read4_int_reg                       |  32|   0|   32|          0|
    |p_read5_int_reg                       |  32|   0|   32|          0|
    |p_read6_int_reg                       |  32|   0|   32|          0|
    |p_read7_int_reg                       |  32|   0|   32|          0|
    |p_read8_int_reg                       |  32|   0|   32|          0|
    |p_read9_int_reg                       |  32|   0|   32|          0|
    |select_ln148_12_reg_1500              |   4|   0|    4|          0|
    |select_ln148_28_reg_1527              |   5|   0|    5|          0|
    +--------------------------------------+----+----+-----+-----------+
    |Total                                 | 386|   0|  386|          0|
    +--------------------------------------+----+----+-----+-----------+



================================================================
== Interface
================================================================
* Summary: 
+-----------+-----+-----+------------+---------------------+--------------+
| RTL Ports | Dir | Bits|  Protocol  |    Source Object    |    C Type    |
+-----------+-----+-----+------------+---------------------+--------------+
|ap_clk     |   in|    1|  ap_ctrl_hs|  decision_function.7|  return value|
|ap_rst     |   in|    1|  ap_ctrl_hs|  decision_function.7|  return value|
|ap_return  |  out|   32|  ap_ctrl_hs|  decision_function.7|  return value|
|ap_ce      |   in|    1|  ap_ctrl_hs|  decision_function.7|  return value|
|p_read1    |   in|   32|     ap_none|              p_read1|        scalar|
|p_read2    |   in|   32|     ap_none|              p_read2|        scalar|
|p_read3    |   in|   32|     ap_none|              p_read3|        scalar|
|p_read4    |   in|   32|     ap_none|              p_read4|        scalar|
|p_read5    |   in|   32|     ap_none|              p_read5|        scalar|
|p_read6    |   in|   32|     ap_none|              p_read6|        scalar|
|p_read7    |   in|   32|     ap_none|              p_read7|        scalar|
|p_read8    |   in|   32|     ap_none|              p_read8|        scalar|
|p_read9    |   in|   32|     ap_none|              p_read9|        scalar|
|p_read10   |   in|   32|     ap_none|             p_read10|        scalar|
+-----------+-----+-----+------------+---------------------+--------------+

