

================================================================
== Vitis HLS Report for 'decision_function_4'
================================================================
* Date:           Wed Jun 29 02:58:41 2022

* Version:        2021.2 (Build 3367213 on Tue Oct 19 02:47:39 MDT 2021)
* Project:        myproject_prj
* Solution:       solution1 (Vivado IP Flow Target)
* Product family: zynquplus
* Target device:  xczu3eg-sbva484-1-e


================================================================
== Performance Estimates
================================================================
+ Timing: 
    * Summary: 
    +--------+---------+----------+------------+
    |  Clock |  Target | Estimated| Uncertainty|
    +--------+---------+----------+------------+
    |ap_clk  |  7.00 ns|  4.773 ns|     1.89 ns|
    +--------+---------+----------+------------+

+ Latency: 
    * Summary: 
    +---------+---------+----------+----------+-----+-----+---------+
    |  Latency (cycles) |  Latency (absolute) |  Interval | Pipeline|
    |   min   |   max   |    min   |    max   | min | max |   Type  |
    +---------+---------+----------+----------+-----+-----+---------+
    |        0|        0|      0 ns|      0 ns|    1|    1|      yes|
    +---------+---------+----------+----------+-----+-----+---------+

    + Detail: 
        * Instance: 
        N/A

        * Loop: 
        N/A



================================================================
== Utilization Estimates
================================================================
* Summary: 
+-----------------+---------+-----+--------+-------+-----+
|       Name      | BRAM_18K| DSP |   FF   |  LUT  | URAM|
+-----------------+---------+-----+--------+-------+-----+
|DSP              |        -|    -|       -|      -|    -|
|Expression       |        -|    -|       0|    299|    -|
|FIFO             |        -|    -|       -|      -|    -|
|Instance         |        -|    -|       0|     59|    -|
|Memory           |        -|    -|       -|      -|    -|
|Multiplexer      |        -|    -|       -|      -|    -|
|Register         |        -|    -|       -|      -|    -|
+-----------------+---------+-----+--------+-------+-----+
|Total            |        0|    0|       0|    358|    0|
+-----------------+---------+-----+--------+-------+-----+
|Available        |      432|  360|  141120|  70560|    0|
+-----------------+---------+-----+--------+-------+-----+
|Utilization (%)  |        0|    0|       0|     ~0|    0|
+-----------------+---------+-----+--------+-------+-----+

+ Detail: 
    * Instance: 
    +--------------------+----------------+---------+----+---+----+-----+
    |      Instance      |     Module     | BRAM_18K| DSP| FF| LUT| URAM|
    +--------------------+----------------+---------+----+---+----+-----+
    |mux_114_32_1_1_U30  |mux_114_32_1_1  |        0|   0|  0|  59|    0|
    +--------------------+----------------+---------+----+---+----+-----+
    |Total               |                |        0|   0|  0|  59|    0|
    +--------------------+----------------+---------+----+---+----+-----+

    * DSP: 
    N/A

    * Memory: 
    N/A

    * FIFO: 
    N/A

    * Expression: 
    +---------------------------+----------+----+---+----+------------+------------+
    |       Variable Name       | Operation| DSP| FF| LUT| Bitwidth P0| Bitwidth P1|
    +---------------------------+----------+----+---+----+------------+------------+
    |activation_155_fu_212_p2   |       and|   0|  0|   2|           1|           1|
    |activation_159_fu_242_p2   |       and|   0|  0|   2|           1|           1|
    |activation_160_fu_248_p2   |       and|   0|  0|   2|           1|           1|
    |activation_163_fu_278_p2   |       and|   0|  0|   2|           1|           1|
    |activation_166_fu_170_p2   |       and|   0|  0|   2|           1|           1|
    |activation_167_fu_182_p2   |       and|   0|  0|   2|           1|           1|
    |activation_168_fu_206_p2   |       and|   0|  0|   2|           1|           1|
    |activation_169_fu_224_p2   |       and|   0|  0|   2|           1|           1|
    |activation_170_fu_230_p2   |       and|   0|  0|   2|           1|           1|
    |activation_171_fu_260_p2   |       and|   0|  0|   2|           1|           1|
    |activation_172_fu_266_p2   |       and|   0|  0|   2|           1|           1|
    |activation_173_fu_284_p2   |       and|   0|  0|   2|           1|           1|
    |activation_174_fu_302_p2   |       and|   0|  0|   2|           1|           1|
    |activation_fu_194_p2       |       and|   0|  0|   2|           1|           1|
    |and_ln133_10_fu_296_p2     |       and|   0|  0|   2|           1|           1|
    |and_ln133_fu_200_p2        |       and|   0|  0|   2|           1|           1|
    |comparison_56_fu_110_p2    |      icmp|   0|  0|  20|          32|          16|
    |comparison_57_fu_116_p2    |      icmp|   0|  0|  20|          32|          18|
    |comparison_58_fu_122_p2    |      icmp|   0|  0|  20|          32|          16|
    |comparison_59_fu_128_p2    |      icmp|   0|  0|  20|          32|          17|
    |comparison_60_fu_134_p2    |      icmp|   0|  0|  20|          32|          17|
    |comparison_61_fu_140_p2    |      icmp|   0|  0|  20|          32|          17|
    |comparison_62_fu_146_p2    |      icmp|   0|  0|  20|          32|          17|
    |comparison_63_fu_152_p2    |      icmp|   0|  0|  20|          32|          18|
    |comparison_64_fu_158_p2    |      icmp|   0|  0|  20|          32|          16|
    |comparison_fu_104_p2       |      icmp|   0|  0|  20|          32|          17|
    |or_ln148_13_fu_324_p2      |        or|   0|  0|   2|           1|           1|
    |or_ln148_14_fu_338_p2      |        or|   0|  0|   2|           1|           1|
    |or_ln148_15_fu_356_p2      |        or|   0|  0|   2|           1|           1|
    |or_ln148_16_fu_370_p2      |        or|   0|  0|   2|           1|           1|
    |or_ln148_17_fu_384_p2      |        or|   0|  0|   2|           1|           1|
    |or_ln148_18_fu_398_p2      |        or|   0|  0|   2|           1|           1|
    |or_ln148_19_fu_416_p2      |        or|   0|  0|   2|           1|           1|
    |or_ln148_20_fu_430_p2      |        or|   0|  0|   2|           1|           1|
    |or_ln148_fu_308_p2         |        or|   0|  0|   2|           1|           1|
    |agg_result_fu_452_p12      |    select|   0|  0|   4|           1|           4|
    |select_ln148_14_fu_344_p3  |    select|   0|  0|   2|           1|           2|
    |select_ln148_15_fu_362_p3  |    select|   0|  0|   4|           1|           3|
    |select_ln148_16_fu_376_p3  |    select|   0|  0|   3|           1|           3|
    |select_ln148_17_fu_390_p3  |    select|   0|  0|   3|           1|           3|
    |select_ln148_18_fu_404_p3  |    select|   0|  0|   3|           1|           3|
    |select_ln148_19_fu_422_p3  |    select|   0|  0|   5|           1|           4|
    |select_ln148_20_fu_436_p3  |    select|   0|  0|   4|           1|           4|
    |select_ln148_fu_330_p3     |    select|   0|  0|   3|           1|           2|
    |activation_148_fu_164_p2   |       xor|   0|  0|   2|           1|           2|
    |xor_ln135_10_fu_188_p2     |       xor|   0|  0|   2|           1|           2|
    |xor_ln135_11_fu_218_p2     |       xor|   0|  0|   2|           1|           2|
    |xor_ln135_12_fu_236_p2     |       xor|   0|  0|   2|           1|           2|
    |xor_ln135_13_fu_254_p2     |       xor|   0|  0|   2|           1|           2|
    |xor_ln135_14_fu_272_p2     |       xor|   0|  0|   2|           1|           2|
    |xor_ln135_15_fu_290_p2     |       xor|   0|  0|   2|           1|           2|
    |xor_ln135_fu_176_p2        |       xor|   0|  0|   2|           1|           2|
    |xor_ln148_fu_314_p2        |       xor|   0|  0|   2|           2|           1|
    +---------------------------+----------+----+---+----+------------+------------+
    |Total                      |          |   0|  0| 299|         364|         239|
    +---------------------------+----------+----+---+----+------------+------------+

    * Multiplexer: 
    N/A

    * Register: 
    N/A



================================================================
== Interface
================================================================
* Summary: 
+-----------+-----+-----+------------+---------------------+--------------+
| RTL Ports | Dir | Bits|  Protocol  |    Source Object    |    C Type    |
+-----------+-----+-----+------------+---------------------+--------------+
|ap_ready   |  out|    1|  ap_ctrl_hs|  decision_function.4|  return value|
|ap_return  |  out|   32|  ap_ctrl_hs|  decision_function.4|  return value|
|p_read1    |   in|   32|     ap_none|              p_read1|        scalar|
|p_read2    |   in|   32|     ap_none|              p_read2|        scalar|
|p_read3    |   in|   32|     ap_none|              p_read3|        scalar|
|p_read4    |   in|   32|     ap_none|              p_read4|        scalar|
+-----------+-----+-----+------------+---------------------+--------------+

