

================================================================
== Vitis HLS Report for 'decision_function_3'
================================================================
* Date:           Wed Jun 29 02:58:42 2022

* Version:        2021.2 (Build 3367213 on Tue Oct 19 02:47:39 MDT 2021)
* Project:        myproject_prj
* Solution:       solution1 (Vivado IP Flow Target)
* Product family: zynquplus
* Target device:  xczu3eg-sbva484-1-e


================================================================
== Performance Estimates
================================================================
+ Timing: 
    * Summary: 
    +--------+---------+----------+------------+
    |  Clock |  Target | Estimated| Uncertainty|
    +--------+---------+----------+------------+
    |ap_clk  |  7.00 ns|  3.992 ns|     1.89 ns|
    +--------+---------+----------+------------+

+ Latency: 
    * Summary: 
    +---------+---------+----------+----------+-----+-----+---------+
    |  Latency (cycles) |  Latency (absolute) |  Interval | Pipeline|
    |   min   |   max   |    min   |    max   | min | max |   Type  |
    +---------+---------+----------+----------+-----+-----+---------+
    |        0|        0|      0 ns|      0 ns|    1|    1|      yes|
    +---------+---------+----------+----------+-----+-----+---------+

    + Detail: 
        * Instance: 
        N/A

        * Loop: 
        N/A



================================================================
== Utilization Estimates
================================================================
* Summary: 
+-----------------+---------+-----+--------+-------+-----+
|       Name      | BRAM_18K| DSP |   FF   |  LUT  | URAM|
+-----------------+---------+-----+--------+-------+-----+
|DSP              |        -|    -|       -|      -|    -|
|Expression       |        -|    -|       0|    235|    -|
|FIFO             |        -|    -|       -|      -|    -|
|Instance         |        -|    -|       0|     49|    -|
|Memory           |        -|    -|       -|      -|    -|
|Multiplexer      |        -|    -|       -|      -|    -|
|Register         |        -|    -|       -|      -|    -|
+-----------------+---------+-----+--------+-------+-----+
|Total            |        0|    0|       0|    284|    0|
+-----------------+---------+-----+--------+-------+-----+
|Available        |      432|  360|  141120|  70560|    0|
+-----------------+---------+-----+--------+-------+-----+
|Utilization (%)  |        0|    0|       0|     ~0|    0|
+-----------------+---------+-----+--------+-------+-----+

+ Detail: 
    * Instance: 
    +---------------------+-----------------+---------+----+---+----+-----+
    |       Instance      |      Module     | BRAM_18K| DSP| FF| LUT| URAM|
    +---------------------+-----------------+---------+----+---+----+-----+
    |mux_94_32_1_1_x_U36  |mux_94_32_1_1_x  |        0|   0|  0|  49|    0|
    +---------------------+-----------------+---------+----+---+----+-----+
    |Total                |                 |        0|   0|  0|  49|    0|
    +---------------------+-----------------+---------+----+---+----+-----+

    * DSP: 
    N/A

    * Memory: 
    N/A

    * FIFO: 
    N/A

    * Expression: 
    +---------------------------+----------+----+---+----+------------+------------+
    |       Variable Name       | Operation| DSP| FF| LUT| Bitwidth P0| Bitwidth P1|
    +---------------------------+----------+----+---+----+------------+------------+
    |activation_181_fu_180_p2   |       and|   0|  0|   2|           1|           1|
    |activation_182_fu_186_p2   |       and|   0|  0|   2|           1|           1|
    |activation_184_fu_204_p2   |       and|   0|  0|   2|           1|           1|
    |activation_189_fu_222_p2   |       and|   0|  0|   2|           1|           1|
    |activation_194_fu_168_p2   |       and|   0|  0|   2|           1|           1|
    |activation_195_fu_198_p2   |       and|   0|  0|   2|           1|           1|
    |activation_196_fu_216_p2   |       and|   0|  0|   2|           1|           1|
    |activation_197_fu_234_p2   |       and|   0|  0|   2|           1|           1|
    |activation_198_fu_246_p2   |       and|   0|  0|   2|           1|           1|
    |activation_199_fu_258_p2   |       and|   0|  0|   2|           1|           1|
    |activation_fu_162_p2       |       and|   0|  0|   2|           1|           1|
    |and_ln133_fu_252_p2        |       and|   0|  0|   2|           1|           1|
    |comparison_66_fu_114_p2    |      icmp|   0|  0|  20|          32|          17|
    |comparison_67_fu_120_p2    |      icmp|   0|  0|  20|          32|          17|
    |comparison_68_fu_126_p2    |      icmp|   0|  0|  20|          32|          16|
    |comparison_69_fu_132_p2    |      icmp|   0|  0|  20|          32|          17|
    |comparison_70_fu_138_p2    |      icmp|   0|  0|  20|          32|          17|
    |comparison_71_fu_144_p2    |      icmp|   0|  0|  20|          32|          19|
    |comparison_72_fu_108_p2    |      icmp|   0|  0|  20|          32|          17|
    |comparison_fu_102_p2       |      icmp|   0|  0|  20|          32|          16|
    |or_ln148_10_fu_320_p2      |        or|   0|  0|   2|           1|           1|
    |or_ln148_11_fu_334_p2      |        or|   0|  0|   2|           1|           1|
    |or_ln148_12_fu_348_p2      |        or|   0|  0|   2|           1|           1|
    |or_ln148_7_fu_274_p2       |        or|   0|  0|   2|           1|           1|
    |or_ln148_8_fu_288_p2       |        or|   0|  0|   2|           1|           1|
    |or_ln148_9_fu_306_p2       |        or|   0|  0|   2|           1|           1|
    |or_ln148_fu_264_p2         |        or|   0|  0|   2|           1|           1|
    |agg_result_fu_374_p10      |    select|   0|  0|   5|           1|           4|
    |select_ln148_10_fu_326_p3  |    select|   0|  0|   3|           1|           3|
    |select_ln148_11_fu_340_p3  |    select|   0|  0|   3|           1|           3|
    |select_ln148_12_fu_354_p3  |    select|   0|  0|   3|           1|           3|
    |select_ln148_8_fu_294_p3   |    select|   0|  0|   2|           1|           2|
    |select_ln148_9_fu_312_p3   |    select|   0|  0|   4|           1|           3|
    |select_ln148_fu_280_p3     |    select|   0|  0|   3|           1|           2|
    |activation_193_fu_150_p2   |       xor|   0|  0|   2|           1|           2|
    |xor_ln135_5_fu_174_p2      |       xor|   0|  0|   2|           1|           2|
    |xor_ln135_6_fu_192_p2      |       xor|   0|  0|   2|           1|           2|
    |xor_ln135_7_fu_210_p2      |       xor|   0|  0|   2|           1|           2|
    |xor_ln135_8_fu_228_p2      |       xor|   0|  0|   2|           1|           2|
    |xor_ln135_9_fu_240_p2      |       xor|   0|  0|   2|           1|           2|
    |xor_ln135_fu_156_p2        |       xor|   0|  0|   2|           1|           2|
    +---------------------------+----------+----+---+----+------------+------------+
    |Total                      |          |   0|  0| 235|         289|         189|
    +---------------------------+----------+----+---+----+------------+------------+

    * Multiplexer: 
    N/A

    * Register: 
    N/A



================================================================
== Interface
================================================================
* Summary: 
+-----------+-----+-----+------------+---------------------+--------------+
| RTL Ports | Dir | Bits|  Protocol  |    Source Object    |    C Type    |
+-----------+-----+-----+------------+---------------------+--------------+
|ap_ready   |  out|    1|  ap_ctrl_hs|  decision_function.3|  return value|
|ap_return  |  out|   32|  ap_ctrl_hs|  decision_function.3|  return value|
|p_read1    |   in|   32|     ap_none|              p_read1|        scalar|
|p_read2    |   in|   32|     ap_none|              p_read2|        scalar|
|p_read3    |   in|   32|     ap_none|              p_read3|        scalar|
|p_read4    |   in|   32|     ap_none|              p_read4|        scalar|
|p_read5    |   in|   32|     ap_none|              p_read5|        scalar|
+-----------+-----+-----+------------+---------------------+--------------+

