

================================================================
== Vitis HLS Report for 'myproject_axi'
================================================================
* Date:           Wed Jun 29 02:58:44 2022

* Version:        2021.2 (Build 3367213 on Tue Oct 19 02:47:39 MDT 2021)
* Project:        myproject_prj
* Solution:       solution1 (Vivado IP Flow Target)
* Product family: zynquplus
* Target device:  xczu3eg-sbva484-1-e


================================================================
== Performance Estimates
================================================================
+ Timing: 
    * Summary: 
    +--------+---------+----------+------------+
    |  Clock |  Target | Estimated| Uncertainty|
    +--------+---------+----------+------------+
    |ap_clk  |  7.00 ns|  5.083 ns|     1.89 ns|
    +--------+---------+----------+------------+

+ Latency: 
    * Summary: 
    +---------+---------+----------+----------+-----+-----+---------+
    |  Latency (cycles) |  Latency (absolute) |  Interval | Pipeline|
    |   min   |   max   |    min   |    max   | min | max |   Type  |
    +---------+---------+----------+----------+-----+-----+---------+
    |       19|       19|  0.133 us|  0.133 us|   20|   20|       no|
    +---------+---------+----------+----------+-----+-----+---------+

    + Detail: 
        * Instance: 
        +----------------------+-----------+---------+---------+-----------+-----------+-----+-----+---------+
        |                      |           |  Latency (cycles) |   Latency (absolute)  |  Interval | Pipeline|
        |       Instance       |   Module  |   min   |   max   |    min    |    max    | min | max |   Type  |
        +----------------------+-----------+---------+---------+-----------+-----------+-----+-----+---------+
        |grp_myproject_fu_178  |myproject  |        3|        3|  21.000 ns|  21.000 ns|    1|    1|      yes|
        +----------------------+-----------+---------+---------+-----------+-----------+-----+-----+---------+

        * Loop: 
        N/A



================================================================
== Utilization Estimates
================================================================
* Summary: 
+-----------------+---------+-----+--------+-------+-----+
|       Name      | BRAM_18K| DSP |   FF   |  LUT  | URAM|
+-----------------+---------+-----+--------+-------+-----+
|DSP              |        -|    -|       -|      -|    -|
|Expression       |        -|    -|       0|   8075|    -|
|FIFO             |        -|    -|       -|      -|    -|
|Instance         |        -|    -|    1106|   3393|    -|
|Memory           |        -|    -|       -|      -|    -|
|Multiplexer      |        -|    -|       -|    124|    -|
|Register         |        -|    -|    1931|      -|    -|
+-----------------+---------+-----+--------+-------+-----+
|Total            |        0|    0|    3037|  11592|    0|
+-----------------+---------+-----+--------+-------+-----+
|Available        |      432|  360|  141120|  70560|    0|
+-----------------+---------+-----+--------+-------+-----+
|Utilization (%)  |        0|    0|       2|     16|    0|
+-----------------+---------+-----+--------+-------+-----+

+ Detail: 
    * Instance: 
    +------------------------------+--------------------------+---------+----+------+------+-----+
    |           Instance           |          Module          | BRAM_18K| DSP|  FF  |  LUT | URAM|
    +------------------------------+--------------------------+---------+----+------+------+-----+
    |fpext_32ns_64_2_no_dsp_1_U67  |fpext_32ns_64_2_no_dsp_1  |        0|   0|     0|     0|    0|
    |fpext_32ns_64_2_no_dsp_1_U68  |fpext_32ns_64_2_no_dsp_1  |        0|   0|     0|     0|    0|
    |fpext_32ns_64_2_no_dsp_1_U69  |fpext_32ns_64_2_no_dsp_1  |        0|   0|     0|     0|    0|
    |fpext_32ns_64_2_no_dsp_1_U70  |fpext_32ns_64_2_no_dsp_1  |        0|   0|     0|     0|    0|
    |fpext_32ns_64_2_no_dsp_1_U71  |fpext_32ns_64_2_no_dsp_1  |        0|   0|     0|     0|    0|
    |fpext_32ns_64_2_no_dsp_1_U72  |fpext_32ns_64_2_no_dsp_1  |        0|   0|     0|     0|    0|
    |fpext_32ns_64_2_no_dsp_1_U73  |fpext_32ns_64_2_no_dsp_1  |        0|   0|     0|     0|    0|
    |fpext_32ns_64_2_no_dsp_1_U74  |fpext_32ns_64_2_no_dsp_1  |        0|   0|     0|     0|    0|
    |fpext_32ns_64_2_no_dsp_1_U75  |fpext_32ns_64_2_no_dsp_1  |        0|   0|     0|     0|    0|
    |fpext_32ns_64_2_no_dsp_1_U76  |fpext_32ns_64_2_no_dsp_1  |        0|   0|     0|     0|    0|
    |grp_myproject_fu_178          |myproject                 |        0|   0|  1106|  3393|    0|
    +------------------------------+--------------------------+---------+----+------+------+-----+
    |Total                         |                          |        0|   0|  1106|  3393|    0|
    +------------------------------+--------------------------+---------+----+------+------+-----+

    * DSP: 
    N/A

    * Memory: 
    N/A

    * FIFO: 
    N/A

    * Expression: 
    +----------------------------+----------+----+---+-----+------------+------------+
    |        Variable Name       | Operation| DSP| FF| LUT | Bitwidth P0| Bitwidth P1|
    +----------------------------+----------+----+---+-----+------------+------------+
    |add_ln1011_fu_2837_p2       |         +|   0|  0|   39|          32|           6|
    |add_ln1017_fu_2903_p2       |         +|   0|  0|   19|           8|           8|
    |add_ln590_1_fu_449_p2       |         +|   0|  0|   19|          12|           6|
    |add_ln590_2_fu_549_p2       |         +|   0|  0|   19|          12|           6|
    |add_ln590_3_fu_649_p2       |         +|   0|  0|   19|          12|           6|
    |add_ln590_4_fu_749_p2       |         +|   0|  0|   19|          12|           6|
    |add_ln590_5_fu_849_p2       |         +|   0|  0|   19|          12|           6|
    |add_ln590_6_fu_949_p2       |         +|   0|  0|   19|          12|           6|
    |add_ln590_7_fu_1049_p2      |         +|   0|  0|   19|          12|           6|
    |add_ln590_8_fu_1149_p2      |         +|   0|  0|   19|          12|           6|
    |add_ln590_9_fu_1249_p2      |         +|   0|  0|   19|          12|           6|
    |add_ln590_fu_349_p2         |         +|   0|  0|   19|          12|           6|
    |lsb_index_fu_2699_p2        |         +|   0|  0|   39|          32|           6|
    |m_2_fu_2862_p2              |         +|   0|  0|   71|          64|          64|
    |F2_1_fu_437_p2              |         -|   0|  0|   19|          11|          12|
    |F2_2_fu_537_p2              |         -|   0|  0|   19|          11|          12|
    |F2_3_fu_637_p2              |         -|   0|  0|   19|          11|          12|
    |F2_4_fu_737_p2              |         -|   0|  0|   19|          11|          12|
    |F2_5_fu_837_p2              |         -|   0|  0|   19|          11|          12|
    |F2_6_fu_937_p2              |         -|   0|  0|   19|          11|          12|
    |F2_7_fu_1037_p2             |         -|   0|  0|   19|          11|          12|
    |F2_8_fu_1137_p2             |         -|   0|  0|   19|          11|          12|
    |F2_9_fu_1237_p2             |         -|   0|  0|   19|          11|          12|
    |F2_fu_337_p2                |         -|   0|  0|   19|          11|          12|
    |man_V_10_fu_617_p2          |         -|   0|  0|   61|           1|          54|
    |man_V_13_fu_717_p2          |         -|   0|  0|   61|           1|          54|
    |man_V_16_fu_817_p2          |         -|   0|  0|   61|           1|          54|
    |man_V_19_fu_917_p2          |         -|   0|  0|   61|           1|          54|
    |man_V_1_fu_317_p2           |         -|   0|  0|   61|           1|          54|
    |man_V_22_fu_1017_p2         |         -|   0|  0|   61|           1|          54|
    |man_V_25_fu_1117_p2         |         -|   0|  0|   61|           1|          54|
    |man_V_28_fu_1217_p2         |         -|   0|  0|   61|           1|          54|
    |man_V_4_fu_417_p2           |         -|   0|  0|   61|           1|          54|
    |man_V_7_fu_517_p2           |         -|   0|  0|   61|           1|          54|
    |sub_ln1000_fu_2725_p2       |         -|   0|  0|   13|           4|           6|
    |sub_ln1012_fu_2822_p2       |         -|   0|  0|   39|           5|          32|
    |sub_ln1017_fu_2898_p2       |         -|   0|  0|   19|           5|           8|
    |sub_ln590_1_fu_455_p2       |         -|   0|  0|   19|           5|          12|
    |sub_ln590_2_fu_555_p2       |         -|   0|  0|   19|           5|          12|
    |sub_ln590_3_fu_655_p2       |         -|   0|  0|   19|           5|          12|
    |sub_ln590_4_fu_755_p2       |         -|   0|  0|   19|           5|          12|
    |sub_ln590_5_fu_855_p2       |         -|   0|  0|   19|           5|          12|
    |sub_ln590_6_fu_955_p2       |         -|   0|  0|   19|           5|          12|
    |sub_ln590_7_fu_1055_p2      |         -|   0|  0|   19|           5|          12|
    |sub_ln590_8_fu_1155_p2      |         -|   0|  0|   19|           5|          12|
    |sub_ln590_9_fu_1255_p2      |         -|   0|  0|   19|           5|          12|
    |sub_ln590_fu_355_p2         |         -|   0|  0|   19|           5|          12|
    |sub_ln997_fu_2693_p2        |         -|   0|  0|   39|           6|          32|
    |tmp_V_fu_2659_p2            |         -|   0|  0|   39|           1|          32|
    |and_ln1002_1_fu_2793_p2     |       and|   0|  0|    2|           1|           1|
    |and_ln1002_fu_2753_p2       |       and|   0|  0|   32|          32|          32|
    |and_ln591_1_fu_1486_p2      |       and|   0|  0|    2|           1|           1|
    |and_ln591_2_fu_1624_p2      |       and|   0|  0|    2|           1|           1|
    |and_ln591_3_fu_1762_p2      |       and|   0|  0|    2|           1|           1|
    |and_ln591_4_fu_1900_p2      |       and|   0|  0|    2|           1|           1|
    |and_ln591_5_fu_2038_p2      |       and|   0|  0|    2|           1|           1|
    |and_ln591_6_fu_2176_p2      |       and|   0|  0|    2|           1|           1|
    |and_ln591_7_fu_2314_p2      |       and|   0|  0|    2|           1|           1|
    |and_ln591_8_fu_2452_p2      |       and|   0|  0|    2|           1|           1|
    |and_ln591_9_fu_2590_p2      |       and|   0|  0|    2|           1|           1|
    |and_ln591_fu_1348_p2        |       and|   0|  0|    2|           1|           1|
    |and_ln594_10_fu_2073_p2     |       and|   0|  0|    2|           1|           1|
    |and_ln594_11_fu_2079_p2     |       and|   0|  0|    2|           1|           1|
    |and_ln594_12_fu_2211_p2     |       and|   0|  0|    2|           1|           1|
    |and_ln594_13_fu_2217_p2     |       and|   0|  0|    2|           1|           1|
    |and_ln594_14_fu_2349_p2     |       and|   0|  0|    2|           1|           1|
    |and_ln594_15_fu_2355_p2     |       and|   0|  0|    2|           1|           1|
    |and_ln594_16_fu_2487_p2     |       and|   0|  0|    2|           1|           1|
    |and_ln594_17_fu_2493_p2     |       and|   0|  0|    2|           1|           1|
    |and_ln594_18_fu_2625_p2     |       and|   0|  0|    2|           1|           1|
    |and_ln594_19_fu_2631_p2     |       and|   0|  0|    2|           1|           1|
    |and_ln594_1_fu_1389_p2      |       and|   0|  0|    2|           1|           1|
    |and_ln594_2_fu_1521_p2      |       and|   0|  0|    2|           1|           1|
    |and_ln594_3_fu_1527_p2      |       and|   0|  0|    2|           1|           1|
    |and_ln594_4_fu_1659_p2      |       and|   0|  0|    2|           1|           1|
    |and_ln594_5_fu_1665_p2      |       and|   0|  0|    2|           1|           1|
    |and_ln594_6_fu_1797_p2      |       and|   0|  0|    2|           1|           1|
    |and_ln594_7_fu_1803_p2      |       and|   0|  0|    2|           1|           1|
    |and_ln594_8_fu_1935_p2      |       and|   0|  0|    2|           1|           1|
    |and_ln594_9_fu_1941_p2      |       and|   0|  0|    2|           1|           1|
    |and_ln594_fu_1383_p2        |       and|   0|  0|    2|           1|           1|
    |ashr_ln595_1_fu_1457_p2     |      ashr|   0|  0|  159|          54|          54|
    |ashr_ln595_2_fu_1595_p2     |      ashr|   0|  0|  159|          54|          54|
    |ashr_ln595_3_fu_1733_p2     |      ashr|   0|  0|  159|          54|          54|
    |ashr_ln595_4_fu_1871_p2     |      ashr|   0|  0|  159|          54|          54|
    |ashr_ln595_5_fu_2009_p2     |      ashr|   0|  0|  159|          54|          54|
    |ashr_ln595_6_fu_2147_p2     |      ashr|   0|  0|  159|          54|          54|
    |ashr_ln595_7_fu_2285_p2     |      ashr|   0|  0|  159|          54|          54|
    |ashr_ln595_8_fu_2423_p2     |      ashr|   0|  0|  159|          54|          54|
    |ashr_ln595_9_fu_2561_p2     |      ashr|   0|  0|  159|          54|          54|
    |ashr_ln595_fu_1319_p2       |      ashr|   0|  0|  159|          54|          54|
    |icmp_ln1002_fu_2759_p2      |      icmp|   0|  0|   20|          32|           1|
    |icmp_ln1011_fu_2787_p2      |      icmp|   0|  0|   20|          32|           1|
    |icmp_ln580_1_fu_431_p2      |      icmp|   0|  0|   28|          63|           1|
    |icmp_ln580_2_fu_531_p2      |      icmp|   0|  0|   28|          63|           1|
    |icmp_ln580_3_fu_631_p2      |      icmp|   0|  0|   28|          63|           1|
    |icmp_ln580_4_fu_731_p2      |      icmp|   0|  0|   28|          63|           1|
    |icmp_ln580_5_fu_831_p2      |      icmp|   0|  0|   28|          63|           1|
    |icmp_ln580_6_fu_931_p2      |      icmp|   0|  0|   28|          63|           1|
    |icmp_ln580_7_fu_1031_p2     |      icmp|   0|  0|   28|          63|           1|
    |icmp_ln580_8_fu_1131_p2     |      icmp|   0|  0|   28|          63|           1|
    |icmp_ln580_9_fu_1231_p2     |      icmp|   0|  0|   28|          63|           1|
    |icmp_ln580_fu_331_p2        |      icmp|   0|  0|   28|          63|           1|
    |icmp_ln590_1_fu_443_p2      |      icmp|   0|  0|   12|          12|           5|
    |icmp_ln590_2_fu_543_p2      |      icmp|   0|  0|   12|          12|           5|
    |icmp_ln590_3_fu_643_p2      |      icmp|   0|  0|   12|          12|           5|
    |icmp_ln590_4_fu_743_p2      |      icmp|   0|  0|   12|          12|           5|
    |icmp_ln590_5_fu_843_p2      |      icmp|   0|  0|   12|          12|           5|
    |icmp_ln590_6_fu_943_p2      |      icmp|   0|  0|   12|          12|           5|
    |icmp_ln590_7_fu_1043_p2     |      icmp|   0|  0|   12|          12|           5|
    |icmp_ln590_8_fu_1143_p2     |      icmp|   0|  0|   12|          12|           5|
    |icmp_ln590_9_fu_1243_p2     |      icmp|   0|  0|   12|          12|           5|
    |icmp_ln590_fu_343_p2        |      icmp|   0|  0|   12|          12|           5|
    |icmp_ln591_1_fu_461_p2      |      icmp|   0|  0|   12|          12|           5|
    |icmp_ln591_2_fu_561_p2      |      icmp|   0|  0|   12|          12|           5|
    |icmp_ln591_3_fu_661_p2      |      icmp|   0|  0|   12|          12|           5|
    |icmp_ln591_4_fu_761_p2      |      icmp|   0|  0|   12|          12|           5|
    |icmp_ln591_5_fu_861_p2      |      icmp|   0|  0|   12|          12|           5|
    |icmp_ln591_6_fu_961_p2      |      icmp|   0|  0|   12|          12|           5|
    |icmp_ln591_7_fu_1061_p2     |      icmp|   0|  0|   12|          12|           5|
    |icmp_ln591_8_fu_1161_p2     |      icmp|   0|  0|   12|          12|           5|
    |icmp_ln591_9_fu_1261_p2     |      icmp|   0|  0|   12|          12|           5|
    |icmp_ln591_fu_361_p2        |      icmp|   0|  0|   12|          12|           5|
    |icmp_ln594_1_fu_1418_p2     |      icmp|   0|  0|   12|          12|           6|
    |icmp_ln594_2_fu_1556_p2     |      icmp|   0|  0|   12|          12|           6|
    |icmp_ln594_3_fu_1694_p2     |      icmp|   0|  0|   12|          12|           6|
    |icmp_ln594_4_fu_1832_p2     |      icmp|   0|  0|   12|          12|           6|
    |icmp_ln594_5_fu_1970_p2     |      icmp|   0|  0|   12|          12|           6|
    |icmp_ln594_6_fu_2108_p2     |      icmp|   0|  0|   12|          12|           6|
    |icmp_ln594_7_fu_2246_p2     |      icmp|   0|  0|   12|          12|           6|
    |icmp_ln594_8_fu_2384_p2     |      icmp|   0|  0|   12|          12|           6|
    |icmp_ln594_9_fu_2522_p2     |      icmp|   0|  0|   12|          12|           6|
    |icmp_ln594_fu_1280_p2       |      icmp|   0|  0|   12|          12|           6|
    |icmp_ln612_1_fu_1434_p2     |      icmp|   0|  0|   10|           7|           1|
    |icmp_ln612_2_fu_1572_p2     |      icmp|   0|  0|   10|           7|           1|
    |icmp_ln612_3_fu_1710_p2     |      icmp|   0|  0|   10|           7|           1|
    |icmp_ln612_4_fu_1848_p2     |      icmp|   0|  0|   10|           7|           1|
    |icmp_ln612_5_fu_1986_p2     |      icmp|   0|  0|   10|           7|           1|
    |icmp_ln612_6_fu_2124_p2     |      icmp|   0|  0|   10|           7|           1|
    |icmp_ln612_7_fu_2262_p2     |      icmp|   0|  0|   10|           7|           1|
    |icmp_ln612_8_fu_2400_p2     |      icmp|   0|  0|   10|           7|           1|
    |icmp_ln612_9_fu_2538_p2     |      icmp|   0|  0|   10|           7|           1|
    |icmp_ln612_fu_1296_p2       |      icmp|   0|  0|   10|           7|           1|
    |icmp_ln988_fu_2665_p2       |      icmp|   0|  0|   20|          32|           1|
    |icmp_ln999_fu_2715_p2       |      icmp|   0|  0|   19|          31|           1|
    |lshr_ln1000_fu_2735_p2      |      lshr|   0|  0|  100|           2|          32|
    |lshr_ln1011_fu_2846_p2      |      lshr|   0|  0|  179|          64|          64|
    |ap_block_state20            |        or|   0|  0|    2|           1|           1|
    |or_ln1002_1_fu_2747_p2      |        or|   0|  0|   32|          32|          32|
    |or_ln590_1_fu_1502_p2       |        or|   0|  0|    2|           1|           1|
    |or_ln590_2_fu_1640_p2       |        or|   0|  0|    2|           1|           1|
    |or_ln590_3_fu_1778_p2       |        or|   0|  0|    2|           1|           1|
    |or_ln590_4_fu_1916_p2       |        or|   0|  0|    2|           1|           1|
    |or_ln590_5_fu_2054_p2       |        or|   0|  0|    2|           1|           1|
    |or_ln590_6_fu_2192_p2       |        or|   0|  0|    2|           1|           1|
    |or_ln590_7_fu_2330_p2       |        or|   0|  0|    2|           1|           1|
    |or_ln590_8_fu_2468_p2       |        or|   0|  0|    2|           1|           1|
    |or_ln590_9_fu_2606_p2       |        or|   0|  0|    2|           1|           1|
    |or_ln590_fu_1364_p2         |        or|   0|  0|    2|           1|           1|
    |or_ln591_1_fu_1498_p2       |        or|   0|  0|    2|           1|           1|
    |or_ln591_2_fu_1636_p2       |        or|   0|  0|    2|           1|           1|
    |or_ln591_3_fu_1774_p2       |        or|   0|  0|    2|           1|           1|
    |or_ln591_4_fu_1912_p2       |        or|   0|  0|    2|           1|           1|
    |or_ln591_5_fu_2050_p2       |        or|   0|  0|    2|           1|           1|
    |or_ln591_6_fu_2188_p2       |        or|   0|  0|    2|           1|           1|
    |or_ln591_7_fu_2326_p2       |        or|   0|  0|    2|           1|           1|
    |or_ln591_8_fu_2464_p2       |        or|   0|  0|    2|           1|           1|
    |or_ln591_9_fu_2602_p2       |        or|   0|  0|    2|           1|           1|
    |or_ln591_fu_1360_p2         |        or|   0|  0|    2|           1|           1|
    |in_local_V_1_fu_1540_p3     |    select|   0|  0|   32|           1|           1|
    |in_local_V_2_fu_1678_p3     |    select|   0|  0|   32|           1|           1|
    |in_local_V_3_fu_1816_p3     |    select|   0|  0|   32|           1|           1|
    |in_local_V_4_fu_1954_p3     |    select|   0|  0|   32|           1|           1|
    |in_local_V_5_fu_2092_p3     |    select|   0|  0|   32|           1|           1|
    |in_local_V_6_fu_2230_p3     |    select|   0|  0|   32|           1|           1|
    |in_local_V_7_fu_2368_p3     |    select|   0|  0|   32|           1|           1|
    |in_local_V_8_fu_2506_p3     |    select|   0|  0|   32|           1|           1|
    |in_local_V_9_fu_2644_p3     |    select|   0|  0|   32|           1|           1|
    |in_local_V_fu_1402_p3       |    select|   0|  0|   32|           1|           1|
    |m_fu_2852_p3                |    select|   0|  0|   56|           1|          64|
    |man_V_11_fu_623_p3          |    select|   0|  0|   53|           1|          54|
    |man_V_14_fu_723_p3          |    select|   0|  0|   53|           1|          54|
    |man_V_17_fu_823_p3          |    select|   0|  0|   53|           1|          54|
    |man_V_20_fu_923_p3          |    select|   0|  0|   53|           1|          54|
    |man_V_23_fu_1023_p3         |    select|   0|  0|   53|           1|          54|
    |man_V_26_fu_1123_p3         |    select|   0|  0|   53|           1|          54|
    |man_V_29_fu_1223_p3         |    select|   0|  0|   53|           1|          54|
    |man_V_2_fu_323_p3           |    select|   0|  0|   53|           1|          54|
    |man_V_5_fu_423_p3           |    select|   0|  0|   53|           1|          54|
    |man_V_8_fu_523_p3           |    select|   0|  0|   53|           1|          54|
    |out_r_TDATA_int_regslice    |    select|   0|  0|   32|           1|           1|
    |select_ln1011_fu_2807_p3    |    select|   0|  0|    2|           1|           1|
    |select_ln590_10_fu_2059_p3  |    select|   0|  0|   32|           1|          32|
    |select_ln590_12_fu_2197_p3  |    select|   0|  0|   32|           1|          32|
    |select_ln590_14_fu_2335_p3  |    select|   0|  0|   32|           1|          32|
    |select_ln590_16_fu_2473_p3  |    select|   0|  0|   32|           1|          32|
    |select_ln590_18_fu_2611_p3  |    select|   0|  0|   32|           1|          32|
    |select_ln590_2_fu_1507_p3   |    select|   0|  0|   32|           1|          32|
    |select_ln590_4_fu_1645_p3   |    select|   0|  0|   32|           1|          32|
    |select_ln590_6_fu_1783_p3   |    select|   0|  0|   32|           1|          32|
    |select_ln590_8_fu_1921_p3   |    select|   0|  0|   32|           1|          32|
    |select_ln590_fu_1369_p3     |    select|   0|  0|   32|           1|          32|
    |select_ln591_1_fu_1491_p3   |    select|   0|  0|   32|           1|          32|
    |select_ln591_2_fu_1629_p3   |    select|   0|  0|   32|           1|          32|
    |select_ln591_3_fu_1767_p3   |    select|   0|  0|   32|           1|          32|
    |select_ln591_4_fu_1905_p3   |    select|   0|  0|   32|           1|          32|
    |select_ln591_5_fu_2043_p3   |    select|   0|  0|   32|           1|          32|
    |select_ln591_6_fu_2181_p3   |    select|   0|  0|   32|           1|          32|
    |select_ln591_7_fu_2319_p3   |    select|   0|  0|   32|           1|          32|
    |select_ln591_8_fu_2457_p3   |    select|   0|  0|   32|           1|          32|
    |select_ln591_9_fu_2595_p3   |    select|   0|  0|   32|           1|          32|
    |select_ln591_fu_1353_p3     |    select|   0|  0|   32|           1|          32|
    |select_ln594_1_fu_1532_p3   |    select|   0|  0|   32|           1|          32|
    |select_ln594_2_fu_1670_p3   |    select|   0|  0|   32|           1|          32|
    |select_ln594_3_fu_1808_p3   |    select|   0|  0|   32|           1|          32|
    |select_ln594_4_fu_1946_p3   |    select|   0|  0|   32|           1|          32|
    |select_ln594_5_fu_2084_p3   |    select|   0|  0|   32|           1|          32|
    |select_ln594_6_fu_2222_p3   |    select|   0|  0|   32|           1|          32|
    |select_ln594_7_fu_2360_p3   |    select|   0|  0|   32|           1|          32|
    |select_ln594_8_fu_2498_p3   |    select|   0|  0|   32|           1|          32|
    |select_ln594_9_fu_2636_p3   |    select|   0|  0|   32|           1|          32|
    |select_ln594_fu_1394_p3     |    select|   0|  0|   32|           1|          32|
    |select_ln597_1_fu_1473_p3   |    select|   0|  0|    2|           1|           2|
    |select_ln597_2_fu_1611_p3   |    select|   0|  0|    2|           1|           2|
    |select_ln597_3_fu_1749_p3   |    select|   0|  0|    2|           1|           2|
    |select_ln597_4_fu_1887_p3   |    select|   0|  0|    2|           1|           2|
    |select_ln597_5_fu_2025_p3   |    select|   0|  0|    2|           1|           2|
    |select_ln597_6_fu_2163_p3   |    select|   0|  0|    2|           1|           2|
    |select_ln597_7_fu_2301_p3   |    select|   0|  0|    2|           1|           2|
    |select_ln597_8_fu_2439_p3   |    select|   0|  0|    2|           1|           2|
    |select_ln597_9_fu_2577_p3   |    select|   0|  0|    2|           1|           2|
    |select_ln597_fu_1335_p3     |    select|   0|  0|    2|           1|           2|
    |select_ln612_1_fu_1445_p3   |    select|   0|  0|   32|           1|          32|
    |select_ln612_2_fu_1583_p3   |    select|   0|  0|   32|           1|          32|
    |select_ln612_3_fu_1721_p3   |    select|   0|  0|   32|           1|          32|
    |select_ln612_4_fu_1859_p3   |    select|   0|  0|   32|           1|          32|
    |select_ln612_5_fu_1997_p3   |    select|   0|  0|   32|           1|          32|
    |select_ln612_6_fu_2135_p3   |    select|   0|  0|   32|           1|          32|
    |select_ln612_7_fu_2273_p3   |    select|   0|  0|   32|           1|          32|
    |select_ln612_8_fu_2411_p3   |    select|   0|  0|   32|           1|          32|
    |select_ln612_9_fu_2549_p3   |    select|   0|  0|   32|           1|          32|
    |select_ln612_fu_1307_p3     |    select|   0|  0|   32|           1|          32|
    |select_ln996_fu_2890_p3     |    select|   0|  0|    7|           1|           7|
    |select_ln999_fu_2799_p3     |    select|   0|  0|    2|           1|           1|
    |sh_amt_1_fu_1409_p3         |    select|   0|  0|   12|           1|          12|
    |sh_amt_2_fu_1547_p3         |    select|   0|  0|   12|           1|          12|
    |sh_amt_3_fu_1685_p3         |    select|   0|  0|   12|           1|          12|
    |sh_amt_4_fu_1823_p3         |    select|   0|  0|   12|           1|          12|
    |sh_amt_5_fu_1961_p3         |    select|   0|  0|   12|           1|          12|
    |sh_amt_6_fu_2099_p3         |    select|   0|  0|   12|           1|          12|
    |sh_amt_7_fu_2237_p3         |    select|   0|  0|   12|           1|          12|
    |sh_amt_8_fu_2375_p3         |    select|   0|  0|   12|           1|          12|
    |sh_amt_9_fu_2513_p3         |    select|   0|  0|   12|           1|          12|
    |sh_amt_fu_1271_p3           |    select|   0|  0|   12|           1|          12|
    |tmp_V_3_fu_2670_p3          |    select|   0|  0|   32|           1|          32|
    |shl_ln1002_fu_2741_p2       |       shl|   0|  0|  100|           1|          32|
    |shl_ln1012_fu_2831_p2       |       shl|   0|  0|  179|          64|          64|
    |shl_ln613_1_fu_1440_p2      |       shl|   0|  0|  100|          32|          32|
    |shl_ln613_2_fu_1578_p2      |       shl|   0|  0|  100|          32|          32|
    |shl_ln613_3_fu_1716_p2      |       shl|   0|  0|  100|          32|          32|
    |shl_ln613_4_fu_1854_p2      |       shl|   0|  0|  100|          32|          32|
    |shl_ln613_5_fu_1992_p2      |       shl|   0|  0|  100|          32|          32|
    |shl_ln613_6_fu_2130_p2      |       shl|   0|  0|  100|          32|          32|
    |shl_ln613_7_fu_2268_p2      |       shl|   0|  0|  100|          32|          32|
    |shl_ln613_8_fu_2406_p2      |       shl|   0|  0|  100|          32|          32|
    |shl_ln613_9_fu_2544_p2      |       shl|   0|  0|  100|          32|          32|
    |shl_ln613_fu_1302_p2        |       shl|   0|  0|  100|          32|          32|
    |xor_ln1002_fu_2773_p2       |       xor|   0|  0|    2|           1|           2|
    |xor_ln580_1_fu_1481_p2      |       xor|   0|  0|    2|           1|           2|
    |xor_ln580_2_fu_1619_p2      |       xor|   0|  0|    2|           1|           2|
    |xor_ln580_3_fu_1757_p2      |       xor|   0|  0|    2|           1|           2|
    |xor_ln580_4_fu_1895_p2      |       xor|   0|  0|    2|           1|           2|
    |xor_ln580_5_fu_2033_p2      |       xor|   0|  0|    2|           1|           2|
    |xor_ln580_6_fu_2171_p2      |       xor|   0|  0|    2|           1|           2|
    |xor_ln580_7_fu_2309_p2      |       xor|   0|  0|    2|           1|           2|
    |xor_ln580_8_fu_2447_p2      |       xor|   0|  0|    2|           1|           2|
    |xor_ln580_9_fu_2585_p2      |       xor|   0|  0|    2|           1|           2|
    |xor_ln580_fu_1343_p2        |       xor|   0|  0|    2|           1|           2|
    |xor_ln591_1_fu_1515_p2      |       xor|   0|  0|    2|           1|           2|
    |xor_ln591_2_fu_1653_p2      |       xor|   0|  0|    2|           1|           2|
    |xor_ln591_3_fu_1791_p2      |       xor|   0|  0|    2|           1|           2|
    |xor_ln591_4_fu_1929_p2      |       xor|   0|  0|    2|           1|           2|
    |xor_ln591_5_fu_2067_p2      |       xor|   0|  0|    2|           1|           2|
    |xor_ln591_6_fu_2205_p2      |       xor|   0|  0|    2|           1|           2|
    |xor_ln591_7_fu_2343_p2      |       xor|   0|  0|    2|           1|           2|
    |xor_ln591_8_fu_2481_p2      |       xor|   0|  0|    2|           1|           2|
    |xor_ln591_9_fu_2619_p2      |       xor|   0|  0|    2|           1|           2|
    |xor_ln591_fu_1377_p2        |       xor|   0|  0|    2|           1|           2|
    +----------------------------+----------+----+---+-----+------------+------------+
    |Total                       |          |   0|  0| 8075|        2848|        4504|
    +----------------------------+----------+----+---+-----+------------+------------+

    * Multiplexer: 
    +-------------------+-----+-----------+-----+-----------+
    |        Name       | LUT | Input Size| Bits| Total Bits|
    +-------------------+-----+-----------+-----+-----------+
    |ap_NS_fsm          |  106|         21|    1|         21|
    |in_r_TDATA_blk_n   |    9|          2|    1|          2|
    |out_r_TDATA_blk_n  |    9|          2|    1|          2|
    +-------------------+-----+-----------+-----+-----------+
    |Total              |  124|         25|    3|         25|
    +-------------------+-----+-----------+-----+-----------+

    * Register: 
    +------------------------+----+----+-----+-----------+
    |          Name          | FF | LUT| Bits| Const Bits|
    +------------------------+----+----+-----+-----------+
    |add_ln590_1_reg_3114    |  12|   0|   12|          0|
    |add_ln590_2_reg_3155    |  12|   0|   12|          0|
    |add_ln590_3_reg_3196    |  12|   0|   12|          0|
    |add_ln590_4_reg_3237    |  12|   0|   12|          0|
    |add_ln590_5_reg_3278    |  12|   0|   12|          0|
    |add_ln590_6_reg_3319    |  12|   0|   12|          0|
    |add_ln590_7_reg_3360    |  12|   0|   12|          0|
    |add_ln590_8_reg_3401    |  12|   0|   12|          0|
    |add_ln590_9_reg_3442    |  12|   0|   12|          0|
    |add_ln590_reg_3073      |  12|   0|   12|          0|
    |ap_CS_fsm               |  20|   0|   20|          0|
    |icmp_ln1011_reg_3547    |   1|   0|    1|          0|
    |icmp_ln580_1_reg_3100   |   1|   0|    1|          0|
    |icmp_ln580_2_reg_3141   |   1|   0|    1|          0|
    |icmp_ln580_3_reg_3182   |   1|   0|    1|          0|
    |icmp_ln580_4_reg_3223   |   1|   0|    1|          0|
    |icmp_ln580_5_reg_3264   |   1|   0|    1|          0|
    |icmp_ln580_6_reg_3305   |   1|   0|    1|          0|
    |icmp_ln580_7_reg_3346   |   1|   0|    1|          0|
    |icmp_ln580_8_reg_3387   |   1|   0|    1|          0|
    |icmp_ln580_9_reg_3428   |   1|   0|    1|          0|
    |icmp_ln580_reg_3059     |   1|   0|    1|          0|
    |icmp_ln590_1_reg_3107   |   1|   0|    1|          0|
    |icmp_ln590_2_reg_3148   |   1|   0|    1|          0|
    |icmp_ln590_3_reg_3189   |   1|   0|    1|          0|
    |icmp_ln590_4_reg_3230   |   1|   0|    1|          0|
    |icmp_ln590_5_reg_3271   |   1|   0|    1|          0|
    |icmp_ln590_6_reg_3312   |   1|   0|    1|          0|
    |icmp_ln590_7_reg_3353   |   1|   0|    1|          0|
    |icmp_ln590_8_reg_3394   |   1|   0|    1|          0|
    |icmp_ln590_9_reg_3435   |   1|   0|    1|          0|
    |icmp_ln590_reg_3066     |   1|   0|    1|          0|
    |icmp_ln591_1_reg_3124   |   1|   0|    1|          0|
    |icmp_ln591_2_reg_3165   |   1|   0|    1|          0|
    |icmp_ln591_3_reg_3206   |   1|   0|    1|          0|
    |icmp_ln591_4_reg_3247   |   1|   0|    1|          0|
    |icmp_ln591_5_reg_3288   |   1|   0|    1|          0|
    |icmp_ln591_6_reg_3329   |   1|   0|    1|          0|
    |icmp_ln591_7_reg_3370   |   1|   0|    1|          0|
    |icmp_ln591_8_reg_3411   |   1|   0|    1|          0|
    |icmp_ln591_9_reg_3452   |   1|   0|    1|          0|
    |icmp_ln591_reg_3083     |   1|   0|    1|          0|
    |icmp_ln988_reg_3531     |   1|   0|    1|          0|
    |in_local_V_1_reg_3469   |  32|   0|   32|          0|
    |in_local_V_2_reg_3474   |  32|   0|   32|          0|
    |in_local_V_3_reg_3479   |  32|   0|   32|          0|
    |in_local_V_4_reg_3484   |  32|   0|   32|          0|
    |in_local_V_5_reg_3489   |  32|   0|   32|          0|
    |in_local_V_6_reg_3494   |  32|   0|   32|          0|
    |in_local_V_7_reg_3499   |  32|   0|   32|          0|
    |in_local_V_8_reg_3504   |  32|   0|   32|          0|
    |in_local_V_9_reg_3509   |  32|   0|   32|          0|
    |in_local_V_reg_3464     |  32|   0|   32|          0|
    |man_V_11_reg_3177       |  54|   0|   54|          0|
    |man_V_14_reg_3218       |  54|   0|   54|          0|
    |man_V_17_reg_3259       |  54|   0|   54|          0|
    |man_V_20_reg_3300       |  54|   0|   54|          0|
    |man_V_23_reg_3341       |  54|   0|   54|          0|
    |man_V_26_reg_3382       |  54|   0|   54|          0|
    |man_V_29_reg_3423       |  54|   0|   54|          0|
    |man_V_2_reg_3054        |  54|   0|   54|          0|
    |man_V_5_reg_3095        |  54|   0|   54|          0|
    |man_V_8_reg_3136        |  54|   0|   54|          0|
    |out_local_V_reg_3514    |  32|   0|   32|          0|
    |p_0_reg_2940            |  32|   0|   32|          0|
    |p_1_reg_2952            |  32|   0|   32|          0|
    |p_2_reg_2958            |  32|   0|   32|          0|
    |p_3_reg_2964            |  32|   0|   32|          0|
    |p_4_reg_2970            |  32|   0|   32|          0|
    |p_5_reg_2976            |  32|   0|   32|          0|
    |p_6_reg_2982            |  32|   0|   32|          0|
    |p_7_reg_2988            |  32|   0|   32|          0|
    |p_8_reg_3039            |  32|   0|   32|          0|
    |p_Result_22_reg_3520    |   1|   0|    1|          0|
    |p_s_reg_2946            |  32|   0|   32|          0|
    |select_ln1011_reg_3552  |   1|   0|    1|          0|
    |sub_ln590_1_reg_3119    |  12|   0|   12|          0|
    |sub_ln590_2_reg_3160    |  12|   0|   12|          0|
    |sub_ln590_3_reg_3201    |  12|   0|   12|          0|
    |sub_ln590_4_reg_3242    |  12|   0|   12|          0|
    |sub_ln590_5_reg_3283    |  12|   0|   12|          0|
    |sub_ln590_6_reg_3324    |  12|   0|   12|          0|
    |sub_ln590_7_reg_3365    |  12|   0|   12|          0|
    |sub_ln590_8_reg_3406    |  12|   0|   12|          0|
    |sub_ln590_9_reg_3447    |  12|   0|   12|          0|
    |sub_ln590_reg_3078      |  12|   0|   12|          0|
    |sub_ln997_reg_3541      |  32|   0|   32|          0|
    |tmp_V_3_reg_3536        |  32|   0|   32|          0|
    |tmp_V_reg_3526          |  32|   0|   32|          0|
    |tmp_last_V_reg_3044     |   1|   0|    1|          0|
    |trunc_ln592_1_reg_3130  |  32|   0|   32|          0|
    |trunc_ln592_2_reg_3171  |  32|   0|   32|          0|
    |trunc_ln592_3_reg_3212  |  32|   0|   32|          0|
    |trunc_ln592_4_reg_3253  |  32|   0|   32|          0|
    |trunc_ln592_5_reg_3294  |  32|   0|   32|          0|
    |trunc_ln592_6_reg_3335  |  32|   0|   32|          0|
    |trunc_ln592_7_reg_3376  |  32|   0|   32|          0|
    |trunc_ln592_8_reg_3417  |  32|   0|   32|          0|
    |trunc_ln592_9_reg_3458  |  32|   0|   32|          0|
    |trunc_ln592_reg_3089    |  32|   0|   32|          0|
    |trunc_ln996_reg_3557    |   8|   0|    8|          0|
    +------------------------+----+----+-----+-----------+
    |Total                   |1931|   0| 1931|          0|
    +------------------------+----+----+-----+-----------+



================================================================
== Interface
================================================================
* Summary: 
+-------------------+-----+-----+--------------+----------------+--------------+
|     RTL Ports     | Dir | Bits|   Protocol   |  Source Object |    C Type    |
+-------------------+-----+-----+--------------+----------------+--------------+
|ap_local_block     |  out|    1|  ap_ctrl_none|   myproject_axi|  return value|
|ap_local_deadlock  |  out|    1|  ap_ctrl_none|   myproject_axi|  return value|
|ap_clk             |   in|    1|  ap_ctrl_none|   myproject_axi|  return value|
|ap_rst_n           |   in|    1|  ap_ctrl_none|   myproject_axi|  return value|
|in_r_TDATA         |   in|   32|          axis|   in_r_V_data_V|       pointer|
|in_r_TVALID        |   in|    1|          axis|   in_r_V_dest_V|       pointer|
|in_r_TREADY        |  out|    1|          axis|   in_r_V_dest_V|       pointer|
|in_r_TDEST         |   in|    1|          axis|   in_r_V_dest_V|       pointer|
|in_r_TKEEP         |   in|    4|          axis|   in_r_V_keep_V|       pointer|
|in_r_TSTRB         |   in|    4|          axis|   in_r_V_strb_V|       pointer|
|in_r_TUSER         |   in|    1|          axis|   in_r_V_user_V|       pointer|
|in_r_TLAST         |   in|    1|          axis|   in_r_V_last_V|       pointer|
|in_r_TID           |   in|    1|          axis|     in_r_V_id_V|       pointer|
|out_r_TDATA        |  out|   32|          axis|  out_r_V_data_V|       pointer|
|out_r_TVALID       |  out|    1|          axis|  out_r_V_dest_V|       pointer|
|out_r_TREADY       |   in|    1|          axis|  out_r_V_dest_V|       pointer|
|out_r_TDEST        |  out|    1|          axis|  out_r_V_dest_V|       pointer|
|out_r_TKEEP        |  out|    4|          axis|  out_r_V_keep_V|       pointer|
|out_r_TSTRB        |  out|    4|          axis|  out_r_V_strb_V|       pointer|
|out_r_TUSER        |  out|    1|          axis|  out_r_V_user_V|       pointer|
|out_r_TLAST        |  out|    1|          axis|  out_r_V_last_V|       pointer|
|out_r_TID          |  out|    1|          axis|    out_r_V_id_V|       pointer|
+-------------------+-----+-----+--------------+----------------+--------------+

