

================================================================
== Vitis HLS Report for 'decision_function_5'
================================================================
* Date:           Sun Jun 26 16:40:39 2022

* Version:        2021.2 (Build 3367213 on Tue Oct 19 02:47:39 MDT 2021)
* Project:        myproject_prj
* Solution:       solution1 (Vivado IP Flow Target)
* Product family: zynquplus
* Target device:  xczu3eg-sbva484-1-e


================================================================
== Performance Estimates
================================================================
+ Timing: 
    * Summary: 
    +--------+---------+----------+------------+
    |  Clock |  Target | Estimated| Uncertainty|
    +--------+---------+----------+------------+
    |ap_clk  |  7.00 ns|  3.156 ns|     1.89 ns|
    +--------+---------+----------+------------+

+ Latency: 
    * Summary: 
    +---------+---------+----------+----------+-----+-----+---------+
    |  Latency (cycles) |  Latency (absolute) |  Interval | Pipeline|
    |   min   |   max   |    min   |    max   | min | max |   Type  |
    +---------+---------+----------+----------+-----+-----+---------+
    |        0|        0|      0 ns|      0 ns|    1|    1|      yes|
    +---------+---------+----------+----------+-----+-----+---------+

    + Detail: 
        * Instance: 
        N/A

        * Loop: 
        N/A



================================================================
== Utilization Estimates
================================================================
* Summary: 
+-----------------+---------+-----+--------+-------+-----+
|       Name      | BRAM_18K| DSP |   FF   |  LUT  | URAM|
+-----------------+---------+-----+--------+-------+-----+
|DSP              |        -|    -|       -|      -|    -|
|Expression       |        -|    -|       0|    170|    -|
|FIFO             |        -|    -|       -|      -|    -|
|Instance         |        -|    -|       0|     31|    -|
|Memory           |        -|    -|       -|      -|    -|
|Multiplexer      |        -|    -|       -|      -|    -|
|Register         |        -|    -|       -|      -|    -|
+-----------------+---------+-----+--------+-------+-----+
|Total            |        0|    0|       0|    201|    0|
+-----------------+---------+-----+--------+-------+-----+
|Available        |      432|  360|  141120|  70560|    0|
+-----------------+---------+-----+--------+-------+-----+
|Utilization (%)  |        0|    0|       0|     ~0|    0|
+-----------------+---------+-----+--------+-------+-----+

+ Detail: 
    * Instance: 
    +---------------------+-----------------+---------+----+---+----+-----+
    |       Instance      |      Module     | BRAM_18K| DSP| FF| LUT| URAM|
    +---------------------+-----------------+---------+----+---+----+-----+
    |mux_63_32_1_1_x_U40  |mux_63_32_1_1_x  |        0|   0|  0|  31|    0|
    +---------------------+-----------------+---------+----+---+----+-----+
    |Total                |                 |        0|   0|  0|  31|    0|
    +---------------------+-----------------+---------+----+---+----+-----+

    * DSP: 
    N/A

    * Memory: 
    N/A

    * FIFO: 
    N/A

    * Expression: 
    +--------------------------+----------+----+---+----+------------+------------+
    |       Variable Name      | Operation| DSP| FF| LUT| Bitwidth P0| Bitwidth P1|
    +--------------------------+----------+----+---+----+------------+------------+
    |activation_12_fu_110_p2   |       and|   0|  0|   2|           1|           1|
    |activation_13_fu_116_p2   |       and|   0|  0|   2|           1|           1|
    |activation_14_fu_134_p2   |       and|   0|  0|   2|           1|           1|
    |activation_15_fu_140_p2   |       and|   0|  0|   2|           1|           1|
    |activation_fu_128_p2      |       and|   0|  0|   2|           1|           1|
    |comparison_10_fu_86_p2    |      icmp|   0|  0|  20|          32|          18|
    |comparison_11_fu_92_p2    |      icmp|   0|  0|  20|          32|          18|
    |comparison_12_fu_74_p2    |      icmp|   0|  0|  20|          32|          18|
    |comparison_9_fu_80_p2     |      icmp|   0|  0|  20|          32|          17|
    |comparison_fu_68_p2       |      icmp|   0|  0|  20|          32|          18|
    |or_ln208_3_fu_156_p2      |        or|   0|  0|   2|           1|           1|
    |or_ln208_4_fu_170_p2      |        or|   0|  0|   2|           1|           1|
    |or_ln208_5_fu_188_p2      |        or|   0|  0|   2|           1|           1|
    |or_ln208_6_fu_202_p2      |        or|   0|  0|   2|           1|           1|
    |or_ln208_fu_146_p2        |        or|   0|  0|   2|           1|           1|
    |ap_return                 |    select|   0|  0|  32|           1|          32|
    |select_ln208_3_fu_176_p3  |    select|   0|  0|   2|           1|           2|
    |select_ln208_4_fu_194_p3  |    select|   0|  0|   4|           1|           3|
    |select_ln208_fu_162_p3    |    select|   0|  0|   3|           1|           2|
    |tmp_fu_216_p7             |    select|   0|  0|   3|           1|           3|
    |activation_10_fu_98_p2    |       xor|   0|  0|   2|           1|           2|
    |xor_ln195_2_fu_122_p2     |       xor|   0|  0|   2|           1|           2|
    |xor_ln195_fu_104_p2       |       xor|   0|  0|   2|           1|           2|
    +--------------------------+----------+----+---+----+------------+------------+
    |Total                     |          |   0|  0| 170|         178|         147|
    +--------------------------+----------+----+---+----+------------+------------+

    * Multiplexer: 
    N/A

    * Register: 
    N/A



================================================================
== Interface
================================================================
* Summary: 
+-----------+-----+-----+------------+---------------------+--------------+
| RTL Ports | Dir | Bits|  Protocol  |    Source Object    |    C Type    |
+-----------+-----+-----+------------+---------------------+--------------+
|ap_ready   |  out|    1|  ap_ctrl_hs|  decision_function.5|  return value|
|ap_return  |  out|   32|  ap_ctrl_hs|  decision_function.5|  return value|
|p_read1    |   in|   32|     ap_none|              p_read1|        scalar|
|p_read2    |   in|   32|     ap_none|              p_read2|        scalar|
|p_read3    |   in|   32|     ap_none|              p_read3|        scalar|
+-----------+-----+-----+------------+---------------------+--------------+

