

================================================================
== Vitis HLS Report for 'decision_function'
================================================================
* Date:           Sun Jun 26 15:59:50 2022

* Version:        2021.2 (Build 3367213 on Tue Oct 19 02:47:39 MDT 2021)
* Project:        myproject_prj
* Solution:       solution1 (Vivado IP Flow Target)
* Product family: zynquplus
* Target device:  xczu3eg-sbva484-1-e


================================================================
== Performance Estimates
================================================================
+ Timing: 
    * Summary: 
    +--------+---------+----------+------------+
    |  Clock |  Target | Estimated| Uncertainty|
    +--------+---------+----------+------------+
    |ap_clk  |  7.00 ns|  5.041 ns|     1.89 ns|
    +--------+---------+----------+------------+

+ Latency: 
    * Summary: 
    +---------+---------+-----------+-----------+-----+-----+---------+
    |  Latency (cycles) |   Latency (absolute)  |  Interval | Pipeline|
    |   min   |   max   |    min    |    max    | min | max |   Type  |
    +---------+---------+-----------+-----------+-----+-----+---------+
    |        3|        3|  21.000 ns|  21.000 ns|    1|    1|      yes|
    +---------+---------+-----------+-----------+-----+-----+---------+

    + Detail: 
        * Instance: 
        N/A

        * Loop: 
        N/A



================================================================
== Utilization Estimates
================================================================
* Summary: 
+-----------------+---------+-----+--------+-------+-----+
|       Name      | BRAM_18K| DSP |   FF   |  LUT  | URAM|
+-----------------+---------+-----+--------+-------+-----+
|DSP              |        -|    -|       -|      -|    -|
|Expression       |        -|    -|       0|   6107|    -|
|FIFO             |        -|    -|       -|      -|    -|
|Instance         |        -|    -|       0|   1699|    -|
|Memory           |        -|    -|       -|      -|    -|
|Multiplexer      |        -|    -|       -|     14|    -|
|Register         |        -|    -|    1642|     32|    -|
+-----------------+---------+-----+--------+-------+-----+
|Total            |        0|    0|    1642|   7852|    0|
+-----------------+---------+-----+--------+-------+-----+
|Available        |      432|  360|  141120|  70560|    0|
+-----------------+---------+-----+--------+-------+-----+
|Utilization (%)  |        0|    0|       1|     11|    0|
+-----------------+---------+-----+--------+-------+-----+

+ Detail: 
    * Instance: 
    +---------------------+-----------------+---------+----+---+----+-----+
    |       Instance      |      Module     | BRAM_18K| DSP| FF| LUT| URAM|
    +---------------------+-----------------+---------+----+---+----+-----+
    |mux_1032_32_1_0_U22  |mux_1032_32_1_0  |        0|   0|  0|  54|    0|
    |mux_1032_32_1_0_U23  |mux_1032_32_1_0  |        0|   0|  0|  54|    0|
    |mux_1032_32_1_0_U24  |mux_1032_32_1_0  |        0|   0|  0|  54|    0|
    |mux_1032_32_1_0_U25  |mux_1032_32_1_0  |        0|   0|  0|  54|    0|
    |mux_1032_32_1_0_U26  |mux_1032_32_1_0  |        0|   0|  0|  54|    0|
    |mux_1032_32_1_0_U27  |mux_1032_32_1_0  |        0|   0|  0|  54|    0|
    |mux_104_1_1_0_U50    |mux_104_1_1_0    |        0|   0|  0|  54|    0|
    |mux_104_1_1_0_U51    |mux_104_1_1_0    |        0|   0|  0|  54|    0|
    |mux_104_1_1_0_U52    |mux_104_1_1_0    |        0|   0|  0|  54|    0|
    |mux_104_1_1_0_U53    |mux_104_1_1_0    |        0|   0|  0|  54|    0|
    |mux_104_32_1_0_U21   |mux_104_32_1_0   |        0|   0|  0|  54|    0|
    |mux_104_32_1_0_U46   |mux_104_32_1_0   |        0|   0|  0|  54|    0|
    |mux_104_32_1_0_U47   |mux_104_32_1_0   |        0|   0|  0|  54|    0|
    |mux_114_1_1_0_U54    |mux_114_1_1_0    |        0|   0|  0|  59|    0|
    |mux_114_1_1_0_U55    |mux_114_1_1_0    |        0|   0|  0|  59|    0|
    |mux_114_1_1_0_U56    |mux_114_1_1_0    |        0|   0|  0|  59|    0|
    |mux_114_1_1_0_U57    |mux_114_1_1_0    |        0|   0|  0|  59|    0|
    |mux_114_32_1_0_U48   |mux_114_32_1_0   |        0|   0|  0|  59|    0|
    |mux_114_32_1_0_U49   |mux_114_32_1_0   |        0|   0|  0|  59|    0|
    |mux_53_1_1_0_U29     |mux_53_1_1_0     |        0|   0|  0|  26|    0|
    |mux_53_1_1_0_U30     |mux_53_1_1_0     |        0|   0|  0|  26|    0|
    |mux_53_1_1_0_U32     |mux_53_1_1_0     |        0|   0|  0|  26|    0|
    |mux_53_1_1_0_U33     |mux_53_1_1_0     |        0|   0|  0|  26|    0|
    |mux_53_32_1_0_U28    |mux_53_32_1_0    |        0|   0|  0|  26|    0|
    |mux_53_32_1_0_U31    |mux_53_32_1_0    |        0|   0|  0|  26|    0|
    |mux_73_1_1_0_U35     |mux_73_1_1_0     |        0|   0|  0|  37|    0|
    |mux_73_1_1_0_U36     |mux_73_1_1_0     |        0|   0|  0|  37|    0|
    |mux_73_1_1_0_U38     |mux_73_1_1_0     |        0|   0|  0|  37|    0|
    |mux_73_1_1_0_U39     |mux_73_1_1_0     |        0|   0|  0|  37|    0|
    |mux_73_1_1_0_U41     |mux_73_1_1_0     |        0|   0|  0|  37|    0|
    |mux_73_1_1_0_U42     |mux_73_1_1_0     |        0|   0|  0|  37|    0|
    |mux_73_1_1_0_U44     |mux_73_1_1_0     |        0|   0|  0|  37|    0|
    |mux_73_1_1_0_U45     |mux_73_1_1_0     |        0|   0|  0|  37|    0|
    |mux_73_32_1_0_U34    |mux_73_32_1_0    |        0|   0|  0|  37|    0|
    |mux_73_32_1_0_U37    |mux_73_32_1_0    |        0|   0|  0|  37|    0|
    |mux_73_32_1_0_U40    |mux_73_32_1_0    |        0|   0|  0|  37|    0|
    |mux_73_32_1_0_U43    |mux_73_32_1_0    |        0|   0|  0|  37|    0|
    |mux_83_32_1_0_U58    |mux_83_32_1_0    |        0|   0|  0|  43|    0|
    +---------------------+-----------------+---------+----+---+----+-----+
    |Total                |                 |        0|   0|  0|1699|    0|
    +---------------------+-----------------+---------+----+---+----+-----+

    * DSP: 
    N/A

    * Memory: 
    N/A

    * FIFO: 
    N/A

    * Expression: 
    +--------------------------------+----------+----+---+----+------------+------------+
    |          Variable Name         | Operation| DSP| FF| LUT| Bitwidth P0| Bitwidth P1|
    +--------------------------------+----------+----+---+----+------------+------------+
    |iLeaf_3_fu_1592_p2              |         +|   0|  0|   9|           2|           1|
    |iLeaf_5_fu_2400_p2              |         +|   0|  0|  10|           3|           1|
    |iLeaf_7_fu_2855_p2              |         +|   0|  0|  10|           3|           1|
    |iLeaf_9_fu_3558_p2              |         +|   0|  0|  10|           3|           1|
    |activation_leaf_113_fu_3749_p2  |       and|   0|  0|   2|           1|           1|
    |activation_leaf_149_fu_3837_p2  |       and|   0|  0|   2|           1|           1|
    |activation_leaf_185_fu_3917_p2  |       and|   0|  0|   2|           1|           1|
    |activation_leaf_221_fu_3997_p2  |       and|   0|  0|   2|           1|           1|
    |activation_leaf_22_fu_2160_p2   |       and|   0|  0|   2|           1|           1|
    |activation_leaf_2_fu_1386_p2    |       and|   0|  0|   2|           1|           1|
    |activation_leaf_42_fu_2507_p2   |       and|   0|  0|   2|           1|           1|
    |activation_leaf_69_fu_2985_p2   |       and|   0|  0|   2|           1|           1|
    |activation_leaf_8_fu_1994_p2    |       and|   0|  0|   2|           1|           1|
    |and_ln87_10_fu_2154_p2          |       and|   0|  0|   2|           1|           1|
    |and_ln87_12_fu_2501_p2          |       and|   0|  0|   2|           1|           1|
    |and_ln87_14_fu_2979_p2          |       and|   0|  0|   2|           1|           1|
    |and_ln87_16_fu_3743_p2          |       and|   0|  0|   2|           1|           1|
    |and_ln87_18_fu_3831_p2          |       and|   0|  0|   2|           1|           1|
    |and_ln87_1_fu_1100_p2           |       and|   0|  0|   2|           1|           1|
    |and_ln87_20_fu_3911_p2          |       and|   0|  0|   2|           1|           1|
    |and_ln87_22_fu_3991_p2          |       and|   0|  0|   2|           1|           1|
    |and_ln87_2_fu_1166_p2           |       and|   0|  0|   2|           1|           1|
    |and_ln87_3_fu_1172_p2           |       and|   0|  0|   2|           1|           1|
    |and_ln87_4_fu_1256_p2           |       and|   0|  0|   2|           1|           1|
    |and_ln87_5_fu_1262_p2           |       and|   0|  0|   2|           1|           1|
    |and_ln87_6_fu_1380_p2           |       and|   0|  0|   2|           1|           1|
    |and_ln87_8_fu_1988_p2           |       and|   0|  0|   2|           1|           1|
    |and_ln87_fu_1094_p2             |       and|   0|  0|   2|           1|           1|
    |iLeaf_fu_1268_p2                |      icmp|   0|  0|   9|           5|           2|
    |icmp_ln1550_1_fu_742_p2         |      icmp|   0|  0|  20|          32|          32|
    |icmp_ln1550_2_fu_794_p2         |      icmp|   0|  0|  20|          32|          32|
    |icmp_ln1550_3_fu_846_p2         |      icmp|   0|  0|  20|          32|          32|
    |icmp_ln1550_4_fu_898_p2         |      icmp|   0|  0|  20|          32|          32|
    |icmp_ln1550_5_fu_950_p2         |      icmp|   0|  0|  20|          32|          32|
    |icmp_ln1550_6_fu_1002_p2        |      icmp|   0|  0|  20|          32|          32|
    |icmp_ln1550_fu_704_p2           |      icmp|   0|  0|  20|          32|          32|
    |icmp_ln86_10_fu_1922_p2         |      icmp|   0|  0|  20|          32|           4|
    |icmp_ln86_11_fu_1956_p2         |      icmp|   0|  0|  20|          32|           4|
    |icmp_ln86_12_fu_1034_p2         |      icmp|   0|  0|   8|           2|           3|
    |icmp_ln86_13_fu_1106_p2         |      icmp|   0|  0|   8|           2|           3|
    |icmp_ln86_1_fu_1120_p2          |      icmp|   0|  0|   9|           4|           3|
    |icmp_ln86_2_fu_1194_p2          |      icmp|   0|  0|  20|          32|           3|
    |icmp_ln86_3_fu_1318_p2          |      icmp|   0|  0|  20|          32|           3|
    |icmp_ln86_4_fu_1498_p2          |      icmp|   0|  0|  20|          32|           3|
    |icmp_ln86_5_fu_1634_p2          |      icmp|   0|  0|  20|          32|           4|
    |icmp_ln86_6_fu_1706_p2          |      icmp|   0|  0|  20|          32|           4|
    |icmp_ln86_7_fu_1778_p2          |      icmp|   0|  0|  20|          32|           4|
    |icmp_ln86_8_fu_1856_p2          |      icmp|   0|  0|  20|          32|           4|
    |icmp_ln86_9_fu_1888_p2          |      icmp|   0|  0|  20|          32|           4|
    |icmp_ln86_fu_1048_p2            |      icmp|   0|  0|   9|           4|           2|
    |icmp_ln93_1_fu_1544_p2          |      icmp|   0|  0|   9|           5|           2|
    |icmp_ln93_2_fu_1680_p2          |      icmp|   0|  0|   9|           5|           2|
    |icmp_ln93_3_fu_1752_p2          |      icmp|   0|  0|   9|           5|           2|
    |icmp_ln93_4_fu_1824_p2          |      icmp|   0|  0|   9|           5|           2|
    |icmp_ln93_fu_1392_p2            |      icmp|   0|  0|   9|           5|           2|
    |icmp_ln94_10_fu_2578_p2         |      icmp|   0|  0|   8|           3|           2|
    |icmp_ln94_11_fu_2616_p2         |      icmp|   0|  0|   9|           3|           4|
    |icmp_ln94_12_fu_2990_p2         |      icmp|   0|  0|   8|           3|           1|
    |icmp_ln94_13_fu_3004_p2         |      icmp|   0|  0|   8|           3|           1|
    |icmp_ln94_14_fu_3026_p2         |      icmp|   0|  0|   8|           3|           2|
    |icmp_ln94_15_fu_3056_p2         |      icmp|   0|  0|   8|           3|           2|
    |icmp_ln94_16_fu_3094_p2         |      icmp|   0|  0|   9|           3|           4|
    |icmp_ln94_17_fu_3140_p2         |      icmp|   0|  0|   8|           3|           3|
    |icmp_ln94_18_fu_3188_p2         |      icmp|   0|  0|   8|           3|           3|
    |icmp_ln94_19_fu_4009_p2         |      icmp|   0|  0|   8|           3|           1|
    |icmp_ln94_1_fu_1556_p2          |      icmp|   0|  0|   8|           2|           1|
    |icmp_ln94_20_fu_4020_p2         |      icmp|   0|  0|   8|           3|           1|
    |icmp_ln94_21_fu_4038_p2         |      icmp|   0|  0|   8|           3|           2|
    |icmp_ln94_22_fu_4063_p2         |      icmp|   0|  0|   8|           3|           2|
    |icmp_ln94_23_fu_4095_p2         |      icmp|   0|  0|   9|           3|           4|
    |icmp_ln94_24_fu_3755_p2         |      icmp|   0|  0|   8|           3|           3|
    |icmp_ln94_25_fu_3761_p2         |      icmp|   0|  0|   8|           3|           3|
    |icmp_ln94_26_fu_4506_p2         |      icmp|   0|  0|   8|           3|           2|
    |icmp_ln94_2_fu_1562_p2          |      icmp|   0|  0|   8|           2|           3|
    |icmp_ln94_3_fu_2165_p2          |      icmp|   0|  0|   8|           2|           1|
    |icmp_ln94_4_fu_2178_p2          |      icmp|   0|  0|   8|           2|           1|
    |icmp_ln94_5_fu_2199_p2          |      icmp|   0|  0|   8|           2|           3|
    |icmp_ln94_6_fu_2228_p2          |      icmp|   0|  0|   8|           2|           2|
    |icmp_ln94_7_fu_2512_p2          |      icmp|   0|  0|   8|           3|           1|
    |icmp_ln94_8_fu_2526_p2          |      icmp|   0|  0|   8|           3|           1|
    |icmp_ln94_9_fu_2548_p2          |      icmp|   0|  0|   8|           3|           2|
    |icmp_ln94_fu_1550_p2            |      icmp|   0|  0|   8|           2|           1|
    |activation_leaf_3_fu_1292_p2    |        or|   0|  0|   2|           1|           1|
    |or_ln102_1_fu_5896_p2           |        or|   0|  0|   2|           1|           1|
    |or_ln102_2_fu_5910_p2           |        or|   0|  0|   2|           1|           1|
    |or_ln102_3_fu_5928_p2           |        or|   0|  0|   2|           1|           1|
    |or_ln102_4_fu_5942_p2           |        or|   0|  0|   2|           1|           1|
    |or_ln102_5_fu_5956_p2           |        or|   0|  0|   2|           1|           1|
    |or_ln102_6_fu_6171_p2           |        or|   0|  0|   2|           1|           1|
    |or_ln102_fu_5880_p2             |        or|   0|  0|   2|           1|           1|
    |or_ln70_1_fu_814_p2             |        or|   0|  0|   2|           1|           1|
    |or_ln70_2_fu_866_p2             |        or|   0|  0|   2|           1|           1|
    |or_ln70_3_fu_918_p2             |        or|   0|  0|   2|           1|           1|
    |or_ln70_4_fu_970_p2             |        or|   0|  0|   2|           1|           1|
    |or_ln70_5_fu_1022_p2            |        or|   0|  0|   2|           1|           1|
    |or_ln70_fu_762_p2               |        or|   0|  0|   2|           1|           1|
    |or_ln87_10_fu_2139_p2           |        or|   0|  0|   2|           1|           1|
    |or_ln87_11_fu_2149_p2           |        or|   0|  0|   2|           1|           1|
    |or_ln87_12_fu_2486_p2           |        or|   0|  0|   2|           1|           1|
    |or_ln87_13_fu_2496_p2           |        or|   0|  0|   2|           1|           1|
    |or_ln87_14_fu_2964_p2           |        or|   0|  0|   2|           1|           1|
    |or_ln87_15_fu_2974_p2           |        or|   0|  0|   2|           1|           1|
    |or_ln87_16_fu_3727_p2           |        or|   0|  0|   2|           1|           1|
    |or_ln87_17_fu_3737_p2           |        or|   0|  0|   2|           1|           1|
    |or_ln87_18_fu_3815_p2           |        or|   0|  0|   2|           1|           1|
    |or_ln87_19_fu_3825_p2           |        or|   0|  0|   2|           1|           1|
    |or_ln87_1_fu_1088_p2            |        or|   0|  0|   2|           1|           1|
    |or_ln87_20_fu_3895_p2           |        or|   0|  0|   2|           1|           1|
    |or_ln87_21_fu_3905_p2           |        or|   0|  0|   2|           1|           1|
    |or_ln87_22_fu_3975_p2           |        or|   0|  0|   2|           1|           1|
    |or_ln87_23_fu_3985_p2           |        or|   0|  0|   2|           1|           1|
    |or_ln87_2_fu_1148_p2            |        or|   0|  0|   2|           1|           1|
    |or_ln87_3_fu_1160_p2            |        or|   0|  0|   2|           1|           1|
    |or_ln87_4_fu_1238_p2            |        or|   0|  0|   2|           1|           1|
    |or_ln87_5_fu_1250_p2            |        or|   0|  0|   2|           1|           1|
    |or_ln87_6_fu_1362_p2            |        or|   0|  0|   2|           1|           1|
    |or_ln87_7_fu_1374_p2            |        or|   0|  0|   2|           1|           1|
    |or_ln87_8_fu_1973_p2            |        or|   0|  0|   2|           1|           1|
    |or_ln87_9_fu_1983_p2            |        or|   0|  0|   2|           1|           1|
    |or_ln87_fu_1076_p2              |        or|   0|  0|   2|           1|           1|
    |activation_leaf_100_fu_3259_p3  |    select|   0|  0|   2|           1|           1|
    |activation_leaf_101_fu_3267_p3  |    select|   0|  0|   2|           1|           1|
    |activation_leaf_102_fu_3275_p3  |    select|   0|  0|   2|           1|           1|
    |activation_leaf_103_fu_3283_p3  |    select|   0|  0|   2|           1|           1|
    |activation_leaf_104_fu_3291_p3  |    select|   0|  0|   2|           1|           1|
    |activation_leaf_105_fu_3618_p3  |    select|   0|  0|   2|           1|           1|
    |activation_leaf_106_fu_3625_p3  |    select|   0|  0|   2|           1|           1|
    |activation_leaf_107_fu_3631_p3  |    select|   0|  0|   2|           1|           1|
    |activation_leaf_108_fu_3637_p3  |    select|   0|  0|   2|           1|           1|
    |activation_leaf_109_fu_3644_p3  |    select|   0|  0|   2|           1|           1|
    |activation_leaf_10_fu_2005_p3   |    select|   0|  0|   2|           1|           1|
    |activation_leaf_110_fu_3651_p3  |    select|   0|  0|   2|           1|           1|
    |activation_leaf_111_fu_3658_p3  |    select|   0|  0|   2|           1|           1|
    |activation_leaf_112_fu_3665_p3  |    select|   0|  0|   2|           1|           1|
    |activation_leaf_114_fu_4014_p3  |    select|   0|  0|   2|           1|           1|
    |activation_leaf_115_fu_4025_p3  |    select|   0|  0|   2|           1|           1|
    |activation_leaf_116_fu_4031_p3  |    select|   0|  0|   2|           1|           1|
    |activation_leaf_117_fu_4043_p3  |    select|   0|  0|   2|           1|           1|
    |activation_leaf_118_fu_4049_p3  |    select|   0|  0|   2|           1|           1|
    |activation_leaf_119_fu_4056_p3  |    select|   0|  0|   2|           1|           1|
    |activation_leaf_11_fu_2011_p3   |    select|   0|  0|   2|           1|           1|
    |activation_leaf_120_fu_4068_p3  |    select|   0|  0|   2|           1|           1|
    |activation_leaf_121_fu_4074_p3  |    select|   0|  0|   2|           1|           1|
    |activation_leaf_122_fu_4081_p3  |    select|   0|  0|   2|           1|           1|
    |activation_leaf_123_fu_4088_p3  |    select|   0|  0|   2|           1|           1|
    |activation_leaf_124_fu_4100_p3  |    select|   0|  0|   2|           1|           1|
    |activation_leaf_125_fu_4106_p3  |    select|   0|  0|   2|           1|           1|
    |activation_leaf_126_fu_4113_p3  |    select|   0|  0|   2|           1|           1|
    |activation_leaf_127_fu_4120_p3  |    select|   0|  0|   2|           1|           1|
    |activation_leaf_128_fu_4127_p3  |    select|   0|  0|   2|           1|           1|
    |activation_leaf_129_fu_4134_p3  |    select|   0|  0|   2|           1|           1|
    |activation_leaf_12_fu_2017_p3   |    select|   0|  0|   2|           1|           1|
    |activation_leaf_130_fu_4139_p3  |    select|   0|  0|   2|           1|           1|
    |activation_leaf_131_fu_4146_p3  |    select|   0|  0|   2|           1|           1|
    |activation_leaf_132_fu_4153_p3  |    select|   0|  0|   2|           1|           1|
    |activation_leaf_133_fu_4160_p3  |    select|   0|  0|   2|           1|           1|
    |activation_leaf_134_fu_4167_p3  |    select|   0|  0|   2|           1|           1|
    |activation_leaf_135_fu_4174_p3  |    select|   0|  0|   2|           1|           1|
    |activation_leaf_136_fu_4179_p3  |    select|   0|  0|   2|           1|           1|
    |activation_leaf_137_fu_4185_p3  |    select|   0|  0|   2|           1|           1|
    |activation_leaf_138_fu_4192_p3  |    select|   0|  0|   2|           1|           1|
    |activation_leaf_139_fu_4199_p3  |    select|   0|  0|   2|           1|           1|
    |activation_leaf_13_fu_2023_p3   |    select|   0|  0|   2|           1|           1|
    |activation_leaf_140_fu_4206_p3  |    select|   0|  0|   2|           1|           1|
    |activation_leaf_141_fu_4213_p3  |    select|   0|  0|   2|           1|           1|
    |activation_leaf_142_fu_4220_p3  |    select|   0|  0|   2|           1|           1|
    |activation_leaf_143_fu_4225_p3  |    select|   0|  0|   2|           1|           1|
    |activation_leaf_144_fu_4231_p3  |    select|   0|  0|   2|           1|           1|
    |activation_leaf_145_fu_4238_p3  |    select|   0|  0|   2|           1|           1|
    |activation_leaf_146_fu_4245_p3  |    select|   0|  0|   2|           1|           1|
    |activation_leaf_147_fu_4252_p3  |    select|   0|  0|   2|           1|           1|
    |activation_leaf_148_fu_4259_p3  |    select|   0|  0|   2|           1|           1|
    |activation_leaf_14_fu_2029_p3   |    select|   0|  0|   2|           1|           1|
    |activation_leaf_150_fu_4511_p3  |    select|   0|  0|   2|           1|           1|
    |activation_leaf_151_fu_4518_p3  |    select|   0|  0|   2|           1|           1|
    |activation_leaf_152_fu_4525_p3  |    select|   0|  0|   2|           1|           1|
    |activation_leaf_153_fu_4533_p3  |    select|   0|  0|   2|           1|           1|
    |activation_leaf_154_fu_4540_p3  |    select|   0|  0|   2|           1|           1|
    |activation_leaf_155_fu_4547_p3  |    select|   0|  0|   2|           1|           1|
    |activation_leaf_156_fu_4555_p3  |    select|   0|  0|   2|           1|           1|
    |activation_leaf_157_fu_4562_p3  |    select|   0|  0|   2|           1|           1|
    |activation_leaf_158_fu_4570_p3  |    select|   0|  0|   2|           1|           1|
    |activation_leaf_159_fu_4577_p3  |    select|   0|  0|   2|           1|           1|
    |activation_leaf_15_fu_2035_p3   |    select|   0|  0|   2|           1|           1|
    |activation_leaf_160_fu_4585_p3  |    select|   0|  0|   2|           1|           1|
    |activation_leaf_161_fu_4592_p3  |    select|   0|  0|   2|           1|           1|
    |activation_leaf_162_fu_4600_p3  |    select|   0|  0|   2|           1|           1|
    |activation_leaf_163_fu_4608_p3  |    select|   0|  0|   2|           1|           1|
    |activation_leaf_164_fu_4615_p3  |    select|   0|  0|   2|           1|           1|
    |activation_leaf_165_fu_4623_p3  |    select|   0|  0|   2|           1|           1|
    |activation_leaf_166_fu_4630_p3  |    select|   0|  0|   2|           1|           1|
    |activation_leaf_167_fu_4638_p3  |    select|   0|  0|   2|           1|           1|
    |activation_leaf_168_fu_4646_p3  |    select|   0|  0|   2|           1|           1|
    |activation_leaf_169_fu_4654_p3  |    select|   0|  0|   2|           1|           1|
    |activation_leaf_16_fu_2041_p3   |    select|   0|  0|   2|           1|           1|
    |activation_leaf_170_fu_4661_p3  |    select|   0|  0|   2|           1|           1|
    |activation_leaf_171_fu_4669_p3  |    select|   0|  0|   2|           1|           1|
    |activation_leaf_172_fu_4675_p3  |    select|   0|  0|   2|           1|           1|
    |activation_leaf_173_fu_4683_p3  |    select|   0|  0|   2|           1|           1|
    |activation_leaf_174_fu_4691_p3  |    select|   0|  0|   2|           1|           1|
    |activation_leaf_175_fu_4699_p3  |    select|   0|  0|   2|           1|           1|
    |activation_leaf_176_fu_4707_p3  |    select|   0|  0|   2|           1|           1|
    |activation_leaf_177_fu_4714_p3  |    select|   0|  0|   2|           1|           1|
    |activation_leaf_178_fu_4722_p3  |    select|   0|  0|   2|           1|           1|
    |activation_leaf_179_fu_4728_p3  |    select|   0|  0|   2|           1|           1|
    |activation_leaf_17_fu_2047_p3   |    select|   0|  0|   2|           1|           1|
    |activation_leaf_180_fu_4736_p3  |    select|   0|  0|   2|           1|           1|
    |activation_leaf_181_fu_4744_p3  |    select|   0|  0|   2|           1|           1|
    |activation_leaf_182_fu_4752_p3  |    select|   0|  0|   2|           1|           1|
    |activation_leaf_183_fu_4760_p3  |    select|   0|  0|   2|           1|           1|
    |activation_leaf_184_fu_4767_p3  |    select|   0|  0|   2|           1|           1|
    |activation_leaf_186_fu_5047_p3  |    select|   0|  0|   2|           1|           1|
    |activation_leaf_187_fu_5053_p3  |    select|   0|  0|   2|           1|           1|
    |activation_leaf_188_fu_5060_p3  |    select|   0|  0|   2|           1|           1|
    |activation_leaf_189_fu_5067_p3  |    select|   0|  0|   2|           1|           1|
    |activation_leaf_18_fu_2107_p3   |    select|   0|  0|   2|           1|           1|
    |activation_leaf_190_fu_5074_p3  |    select|   0|  0|   2|           1|           1|
    |activation_leaf_191_fu_5082_p3  |    select|   0|  0|   2|           1|           1|
    |activation_leaf_192_fu_5089_p3  |    select|   0|  0|   2|           1|           1|
    |activation_leaf_193_fu_5096_p3  |    select|   0|  0|   2|           1|           1|
    |activation_leaf_194_fu_5104_p3  |    select|   0|  0|   2|           1|           1|
    |activation_leaf_195_fu_5112_p3  |    select|   0|  0|   2|           1|           1|
    |activation_leaf_196_fu_5119_p3  |    select|   0|  0|   2|           1|           1|
    |activation_leaf_197_fu_5126_p3  |    select|   0|  0|   2|           1|           1|
    |activation_leaf_198_fu_5134_p3  |    select|   0|  0|   2|           1|           1|
    |activation_leaf_199_fu_5142_p3  |    select|   0|  0|   2|           1|           1|
    |activation_leaf_19_fu_2113_p3   |    select|   0|  0|   2|           1|           1|
    |activation_leaf_200_fu_5150_p3  |    select|   0|  0|   2|           1|           1|
    |activation_leaf_201_fu_5157_p3  |    select|   0|  0|   2|           1|           1|
    |activation_leaf_202_fu_5164_p3  |    select|   0|  0|   2|           1|           1|
    |activation_leaf_203_fu_5172_p3  |    select|   0|  0|   2|           1|           1|
    |activation_leaf_204_fu_5180_p3  |    select|   0|  0|   2|           1|           1|
    |activation_leaf_205_fu_5188_p3  |    select|   0|  0|   2|           1|           1|
    |activation_leaf_206_fu_5196_p3  |    select|   0|  0|   2|           1|           1|
    |activation_leaf_207_fu_5203_p3  |    select|   0|  0|   2|           1|           1|
    |activation_leaf_208_fu_5210_p3  |    select|   0|  0|   2|           1|           1|
    |activation_leaf_209_fu_5218_p3  |    select|   0|  0|   2|           1|           1|
    |activation_leaf_20_fu_2119_p3   |    select|   0|  0|   2|           1|           1|
    |activation_leaf_210_fu_5226_p3  |    select|   0|  0|   2|           1|           1|
    |activation_leaf_211_fu_5234_p3  |    select|   0|  0|   2|           1|           1|
    |activation_leaf_212_fu_5242_p3  |    select|   0|  0|   2|           1|           1|
    |activation_leaf_213_fu_5250_p3  |    select|   0|  0|   2|           1|           1|
    |activation_leaf_214_fu_5257_p3  |    select|   0|  0|   2|           1|           1|
    |activation_leaf_215_fu_5264_p3  |    select|   0|  0|   2|           1|           1|
    |activation_leaf_216_fu_5272_p3  |    select|   0|  0|   2|           1|           1|
    |activation_leaf_217_fu_5280_p3  |    select|   0|  0|   2|           1|           1|
    |activation_leaf_218_fu_5288_p3  |    select|   0|  0|   2|           1|           1|
    |activation_leaf_219_fu_5296_p3  |    select|   0|  0|   2|           1|           1|
    |activation_leaf_21_fu_2125_p3   |    select|   0|  0|   2|           1|           1|
    |activation_leaf_220_fu_5304_p3  |    select|   0|  0|   2|           1|           1|
    |activation_leaf_222_fu_5630_p3  |    select|   0|  0|   2|           1|           1|
    |activation_leaf_223_fu_5637_p3  |    select|   0|  0|   2|           1|           1|
    |activation_leaf_224_fu_5645_p3  |    select|   0|  0|   2|           1|           1|
    |activation_leaf_225_fu_5653_p3  |    select|   0|  0|   2|           1|           1|
    |activation_leaf_226_fu_5661_p3  |    select|   0|  0|   2|           1|           1|
    |activation_leaf_227_fu_5669_p3  |    select|   0|  0|   2|           1|           1|
    |activation_leaf_228_fu_6166_p3  |    select|   0|  0|   2|           1|           1|
    |activation_leaf_229_fu_5676_p3  |    select|   0|  0|   2|           1|           1|
    |activation_leaf_230_fu_5683_p3  |    select|   0|  0|   2|           1|           1|
    |activation_leaf_231_fu_5691_p3  |    select|   0|  0|   2|           1|           1|
    |activation_leaf_232_fu_5699_p3  |    select|   0|  0|   2|           1|           1|
    |activation_leaf_233_fu_5707_p3  |    select|   0|  0|   2|           1|           1|
    |activation_leaf_234_fu_5715_p3  |    select|   0|  0|   2|           1|           1|
    |activation_leaf_235_fu_5722_p3  |    select|   0|  0|   2|           1|           1|
    |activation_leaf_236_fu_5729_p3  |    select|   0|  0|   2|           1|           1|
    |activation_leaf_237_fu_5736_p3  |    select|   0|  0|   2|           1|           1|
    |activation_leaf_238_fu_5744_p3  |    select|   0|  0|   2|           1|           1|
    |activation_leaf_239_fu_5752_p3  |    select|   0|  0|   2|           1|           1|
    |activation_leaf_23_fu_2170_p3   |    select|   0|  0|   2|           1|           1|
    |activation_leaf_240_fu_5760_p3  |    select|   0|  0|   2|           1|           1|
    |activation_leaf_241_fu_5767_p3  |    select|   0|  0|   2|           1|           1|
    |activation_leaf_242_fu_5774_p3  |    select|   0|  0|   2|           1|           1|
    |activation_leaf_243_fu_5781_p3  |    select|   0|  0|   2|           1|           1|
    |activation_leaf_244_fu_5789_p3  |    select|   0|  0|   2|           1|           1|
    |activation_leaf_245_fu_5797_p3  |    select|   0|  0|   2|           1|           1|
    |activation_leaf_246_fu_5804_p3  |    select|   0|  0|   2|           1|           1|
    |activation_leaf_247_fu_5811_p3  |    select|   0|  0|   2|           1|           1|
    |activation_leaf_248_fu_5818_p3  |    select|   0|  0|   2|           1|           1|
    |activation_leaf_249_fu_5826_p3  |    select|   0|  0|   2|           1|           1|
    |activation_leaf_24_fu_2183_p3   |    select|   0|  0|   2|           1|           1|
    |activation_leaf_250_fu_5833_p3  |    select|   0|  0|   2|           1|           1|
    |activation_leaf_251_fu_5840_p3  |    select|   0|  0|   2|           1|           1|
    |activation_leaf_252_fu_5847_p3  |    select|   0|  0|   2|           1|           1|
    |activation_leaf_253_fu_5854_p3  |    select|   0|  0|   2|           1|           1|
    |activation_leaf_254_fu_5861_p3  |    select|   0|  0|   2|           1|           1|
    |activation_leaf_255_fu_5867_p3  |    select|   0|  0|   2|           1|           1|
    |activation_leaf_256_fu_5874_p3  |    select|   0|  0|   2|           1|           1|
    |activation_leaf_25_fu_2191_p3   |    select|   0|  0|   2|           1|           1|
    |activation_leaf_26_fu_2204_p3   |    select|   0|  0|   2|           1|           1|
    |activation_leaf_27_fu_2212_p3   |    select|   0|  0|   2|           1|           1|
    |activation_leaf_28_fu_2220_p3   |    select|   0|  0|   2|           1|           1|
    |activation_leaf_29_fu_2233_p3   |    select|   0|  0|   2|           1|           1|
    |activation_leaf_30_fu_2240_p3   |    select|   0|  0|   2|           1|           1|
    |activation_leaf_31_fu_2247_p3   |    select|   0|  0|   2|           1|           1|
    |activation_leaf_32_fu_2254_p3   |    select|   0|  0|   2|           1|           1|
    |activation_leaf_33_fu_2261_p3   |    select|   0|  0|   2|           1|           1|
    |activation_leaf_34_fu_2269_p3   |    select|   0|  0|   2|           1|           1|
    |activation_leaf_35_fu_2277_p3   |    select|   0|  0|   2|           1|           1|
    |activation_leaf_36_fu_2285_p3   |    select|   0|  0|   2|           1|           1|
    |activation_leaf_37_fu_2440_p3   |    select|   0|  0|   2|           1|           1|
    |activation_leaf_38_fu_2447_p3   |    select|   0|  0|   2|           1|           1|
    |activation_leaf_39_fu_2453_p3   |    select|   0|  0|   2|           1|           1|
    |activation_leaf_40_fu_2460_p3   |    select|   0|  0|   2|           1|           1|
    |activation_leaf_41_fu_2467_p3   |    select|   0|  0|   2|           1|           1|
    |activation_leaf_43_fu_2518_p3   |    select|   0|  0|   2|           1|           1|
    |activation_leaf_44_fu_2532_p3   |    select|   0|  0|   2|           1|           1|
    |activation_leaf_45_fu_2540_p3   |    select|   0|  0|   2|           1|           1|
    |activation_leaf_46_fu_2554_p3   |    select|   0|  0|   2|           1|           1|
    |activation_leaf_47_fu_2562_p3   |    select|   0|  0|   2|           1|           1|
    |activation_leaf_48_fu_2570_p3   |    select|   0|  0|   2|           1|           1|
    |activation_leaf_49_fu_2584_p3   |    select|   0|  0|   2|           1|           1|
    |activation_leaf_4_fu_1398_p3    |    select|   0|  0|   2|           1|           1|
    |activation_leaf_50_fu_2592_p3   |    select|   0|  0|   2|           1|           1|
    |activation_leaf_51_fu_2600_p3   |    select|   0|  0|   2|           1|           1|
    |activation_leaf_52_fu_2608_p3   |    select|   0|  0|   2|           1|           1|
    |activation_leaf_53_fu_2622_p3   |    select|   0|  0|   2|           1|           1|
    |activation_leaf_54_fu_2629_p3   |    select|   0|  0|   2|           1|           1|
    |activation_leaf_55_fu_2636_p3   |    select|   0|  0|   2|           1|           1|
    |activation_leaf_56_fu_2643_p3   |    select|   0|  0|   2|           1|           1|
    |activation_leaf_57_fu_2650_p3   |    select|   0|  0|   2|           1|           1|
    |activation_leaf_58_fu_2657_p3   |    select|   0|  0|   2|           1|           1|
    |activation_leaf_59_fu_2665_p3   |    select|   0|  0|   2|           1|           1|
    |activation_leaf_5_fu_1406_p3    |    select|   0|  0|   2|           1|           1|
    |activation_leaf_60_fu_2673_p3   |    select|   0|  0|   2|           1|           1|
    |activation_leaf_61_fu_2681_p3   |    select|   0|  0|   2|           1|           1|
    |activation_leaf_62_fu_2689_p3   |    select|   0|  0|   2|           1|           1|
    |activation_leaf_63_fu_2911_p3   |    select|   0|  0|   2|           1|           1|
    |activation_leaf_64_fu_2918_p3   |    select|   0|  0|   2|           1|           1|
    |activation_leaf_65_fu_2924_p3   |    select|   0|  0|   2|           1|           1|
    |activation_leaf_66_fu_2931_p3   |    select|   0|  0|   2|           1|           1|
    |activation_leaf_67_fu_2938_p3   |    select|   0|  0|   2|           1|           1|
    |activation_leaf_68_fu_2945_p3   |    select|   0|  0|   2|           1|           1|
    |activation_leaf_6_fu_1454_p3    |    select|   0|  0|   2|           1|           1|
    |activation_leaf_70_fu_2996_p3   |    select|   0|  0|   2|           1|           1|
    |activation_leaf_71_fu_3010_p3   |    select|   0|  0|   2|           1|           1|
    |activation_leaf_72_fu_3018_p3   |    select|   0|  0|   2|           1|           1|
    |activation_leaf_73_fu_3032_p3   |    select|   0|  0|   2|           1|           1|
    |activation_leaf_74_fu_3040_p3   |    select|   0|  0|   2|           1|           1|
    |activation_leaf_75_fu_3048_p3   |    select|   0|  0|   2|           1|           1|
    |activation_leaf_76_fu_3062_p3   |    select|   0|  0|   2|           1|           1|
    |activation_leaf_77_fu_3070_p3   |    select|   0|  0|   2|           1|           1|
    |activation_leaf_78_fu_3078_p3   |    select|   0|  0|   2|           1|           1|
    |activation_leaf_79_fu_3086_p3   |    select|   0|  0|   2|           1|           1|
    |activation_leaf_7_fu_1462_p3    |    select|   0|  0|   2|           1|           1|
    |activation_leaf_80_fu_3100_p3   |    select|   0|  0|   2|           1|           1|
    |activation_leaf_81_fu_3108_p3   |    select|   0|  0|   2|           1|           1|
    |activation_leaf_82_fu_3116_p3   |    select|   0|  0|   2|           1|           1|
    |activation_leaf_83_fu_3124_p3   |    select|   0|  0|   2|           1|           1|
    |activation_leaf_84_fu_3132_p3   |    select|   0|  0|   2|           1|           1|
    |activation_leaf_85_fu_3146_p3   |    select|   0|  0|   2|           1|           1|
    |activation_leaf_86_fu_3153_p3   |    select|   0|  0|   2|           1|           1|
    |activation_leaf_87_fu_3160_p3   |    select|   0|  0|   2|           1|           1|
    |activation_leaf_88_fu_3167_p3   |    select|   0|  0|   2|           1|           1|
    |activation_leaf_89_fu_3174_p3   |    select|   0|  0|   2|           1|           1|
    |activation_leaf_90_fu_3181_p3   |    select|   0|  0|   2|           1|           1|
    |activation_leaf_91_fu_3194_p3   |    select|   0|  0|   2|           1|           1|
    |activation_leaf_92_fu_3201_p3   |    select|   0|  0|   2|           1|           1|
    |activation_leaf_93_fu_3208_p3   |    select|   0|  0|   2|           1|           1|
    |activation_leaf_94_fu_3215_p3   |    select|   0|  0|   2|           1|           1|
    |activation_leaf_95_fu_3222_p3   |    select|   0|  0|   2|           1|           1|
    |activation_leaf_96_fu_3229_p3   |    select|   0|  0|   2|           1|           1|
    |activation_leaf_97_fu_3236_p3   |    select|   0|  0|   2|           1|           1|
    |activation_leaf_98_fu_3243_p3   |    select|   0|  0|   2|           1|           1|
    |activation_leaf_99_fu_3251_p3   |    select|   0|  0|   2|           1|           1|
    |activation_leaf_9_fu_1999_p3    |    select|   0|  0|   2|           1|           1|
    |iLeaf_10_fu_3672_p3             |    select|   0|  0|   3|           1|           3|
    |iLeaf_1_fu_1430_p3              |    select|   0|  0|   3|           1|           3|
    |iLeaf_2_fu_1470_p3              |    select|   0|  0|   2|           1|           2|
    |iLeaf_4_fu_1606_p3              |    select|   0|  0|   2|           1|           2|
    |iLeaf_6_fu_2474_p3              |    select|   0|  0|   3|           1|           3|
    |iLeaf_8_fu_2952_p3              |    select|   0|  0|   3|           1|           3|
    |select_ln102_1_fu_5916_p3       |    select|   0|  0|   2|           1|           2|
    |select_ln102_2_fu_5934_p3       |    select|   0|  0|   4|           1|           3|
    |select_ln102_3_fu_5948_p3       |    select|   0|  0|   3|           1|           3|
    |select_ln102_4_fu_5962_p3       |    select|   0|  0|   3|           1|           3|
    |select_ln102_6_fu_6204_p3       |    select|   0|  0|  32|           1|          32|
    |select_ln102_fu_5902_p3         |    select|   0|  0|   3|           1|           2|
    |select_ln86_1_fu_1112_p3        |    select|   0|  0|   4|           1|           4|
    |select_ln86_fu_1040_p3          |    select|   0|  0|   4|           1|           4|
    |select_ln87_1_fu_1062_p3        |    select|   0|  0|   2|           1|           1|
    |select_ln87_2_fu_1126_p3        |    select|   0|  0|   2|           1|           1|
    |select_ln87_3_fu_1134_p3        |    select|   0|  0|   2|           1|           1|
    |select_ln87_fu_1054_p3          |    select|   0|  0|   2|           1|           1|
    |tmp_36_fu_6182_p9               |    select|   0|  0|   3|           1|           3|
    |value_leaf_V_100_fu_3577_p3     |    select|   0|  0|  19|           1|          19|
    |value_leaf_V_101_fu_3583_p3     |    select|   0|  0|  19|           1|          19|
    |value_leaf_V_102_fu_3590_p3     |    select|   0|  0|  19|           1|          19|
    |value_leaf_V_103_fu_3597_p3     |    select|   0|  0|  19|           1|          19|
    |value_leaf_V_104_fu_3604_p3     |    select|   0|  0|  19|           1|          19|
    |value_leaf_V_105_fu_3611_p3     |    select|   0|  0|  19|           1|          19|
    |value_leaf_V_106_fu_4266_p3     |    select|   0|  0|  19|           1|          19|
    |value_leaf_V_107_fu_4272_p3     |    select|   0|  0|  19|           1|          19|
    |value_leaf_V_108_fu_4278_p3     |    select|   0|  0|  19|           1|          19|
    |value_leaf_V_109_fu_4285_p3     |    select|   0|  0|  19|           1|          19|
    |value_leaf_V_10_fu_2064_p3      |    select|   0|  0|  19|           1|          19|
    |value_leaf_V_110_fu_4292_p3     |    select|   0|  0|  19|           1|          19|
    |value_leaf_V_111_fu_4299_p3     |    select|   0|  0|  19|           1|          19|
    |value_leaf_V_112_fu_4306_p3     |    select|   0|  0|  19|           1|          19|
    |value_leaf_V_113_fu_4313_p3     |    select|   0|  0|  19|           1|          19|
    |value_leaf_V_114_fu_4319_p3     |    select|   0|  0|  19|           1|          19|
    |value_leaf_V_115_fu_4325_p3     |    select|   0|  0|  19|           1|          19|
    |value_leaf_V_116_fu_4332_p3     |    select|   0|  0|  19|           1|          19|
    |value_leaf_V_117_fu_4339_p3     |    select|   0|  0|  19|           1|          19|
    |value_leaf_V_118_fu_4346_p3     |    select|   0|  0|  19|           1|          19|
    |value_leaf_V_119_fu_4353_p3     |    select|   0|  0|  19|           1|          19|
    |value_leaf_V_11_fu_2070_p3      |    select|   0|  0|  19|           1|          19|
    |value_leaf_V_120_fu_4360_p3     |    select|   0|  0|  19|           1|          19|
    |value_leaf_V_121_fu_4366_p3     |    select|   0|  0|  19|           1|          19|
    |value_leaf_V_122_fu_4373_p3     |    select|   0|  0|  19|           1|          19|
    |value_leaf_V_123_fu_4380_p3     |    select|   0|  0|  19|           1|          19|
    |value_leaf_V_124_fu_4387_p3     |    select|   0|  0|  19|           1|          19|
    |value_leaf_V_125_fu_4394_p3     |    select|   0|  0|  19|           1|          19|
    |value_leaf_V_126_fu_4401_p3     |    select|   0|  0|  19|           1|          19|
    |value_leaf_V_127_fu_4408_p3     |    select|   0|  0|  19|           1|          19|
    |value_leaf_V_128_fu_4415_p3     |    select|   0|  0|  19|           1|          19|
    |value_leaf_V_129_fu_4422_p3     |    select|   0|  0|  19|           1|          19|
    |value_leaf_V_12_fu_2075_p3      |    select|   0|  0|  19|           1|          19|
    |value_leaf_V_130_fu_4429_p3     |    select|   0|  0|  19|           1|          19|
    |value_leaf_V_131_fu_4436_p3     |    select|   0|  0|  19|           1|          19|
    |value_leaf_V_132_fu_4443_p3     |    select|   0|  0|  19|           1|          19|
    |value_leaf_V_133_fu_4450_p3     |    select|   0|  0|  19|           1|          19|
    |value_leaf_V_134_fu_4457_p3     |    select|   0|  0|  19|           1|          19|
    |value_leaf_V_135_fu_4464_p3     |    select|   0|  0|  19|           1|          19|
    |value_leaf_V_136_fu_4471_p3     |    select|   0|  0|  19|           1|          19|
    |value_leaf_V_137_fu_4478_p3     |    select|   0|  0|  19|           1|          19|
    |value_leaf_V_138_fu_4485_p3     |    select|   0|  0|  19|           1|          19|
    |value_leaf_V_139_fu_4492_p3     |    select|   0|  0|  19|           1|          19|
    |value_leaf_V_13_fu_2081_p3      |    select|   0|  0|  19|           1|          19|
    |value_leaf_V_140_fu_4499_p3     |    select|   0|  0|  19|           1|          19|
    |value_leaf_V_141_fu_4775_p3     |    select|   0|  0|  19|           1|          19|
    |value_leaf_V_142_fu_4782_p3     |    select|   0|  0|  19|           1|          19|
    |value_leaf_V_143_fu_4790_p3     |    select|   0|  0|  19|           1|          19|
    |value_leaf_V_144_fu_4798_p3     |    select|   0|  0|  19|           1|          19|
    |value_leaf_V_145_fu_4806_p3     |    select|   0|  0|  19|           1|          19|
    |value_leaf_V_146_fu_4814_p3     |    select|   0|  0|  19|           1|          19|
    |value_leaf_V_147_fu_4821_p3     |    select|   0|  0|  19|           1|          19|
    |value_leaf_V_148_fu_4829_p3     |    select|   0|  0|  19|           1|          19|
    |value_leaf_V_149_fu_4836_p3     |    select|   0|  0|  19|           1|          19|
    |value_leaf_V_14_fu_1598_p3      |    select|   0|  0|  19|           1|          19|
    |value_leaf_V_150_fu_4844_p3     |    select|   0|  0|  19|           1|          19|
    |value_leaf_V_151_fu_4852_p3     |    select|   0|  0|  19|           1|          19|
    |value_leaf_V_152_fu_4860_p3     |    select|   0|  0|  19|           1|          19|
    |value_leaf_V_153_fu_4868_p3     |    select|   0|  0|  19|           1|          19|
    |value_leaf_V_154_fu_4875_p3     |    select|   0|  0|  19|           1|          19|
    |value_leaf_V_155_fu_4883_p3     |    select|   0|  0|  19|           1|          19|
    |value_leaf_V_156_fu_4891_p3     |    select|   0|  0|  19|           1|          19|
    |value_leaf_V_157_fu_4899_p3     |    select|   0|  0|  19|           1|          19|
    |value_leaf_V_158_fu_4907_p3     |    select|   0|  0|  19|           1|          19|
    |value_leaf_V_159_fu_4915_p3     |    select|   0|  0|  19|           1|          19|
    |value_leaf_V_15_fu_2089_p3      |    select|   0|  0|  19|           1|          19|
    |value_leaf_V_160_fu_4922_p3     |    select|   0|  0|  19|           1|          19|
    |value_leaf_V_161_fu_4930_p3     |    select|   0|  0|  19|           1|          19|
    |value_leaf_V_162_fu_4938_p3     |    select|   0|  0|  19|           1|          19|
    |value_leaf_V_163_fu_4946_p3     |    select|   0|  0|  19|           1|          19|
    |value_leaf_V_164_fu_4954_p3     |    select|   0|  0|  19|           1|          19|
    |value_leaf_V_165_fu_4961_p3     |    select|   0|  0|  19|           1|          19|
    |value_leaf_V_166_fu_4969_p3     |    select|   0|  0|  19|           1|          19|
    |value_leaf_V_167_fu_4977_p3     |    select|   0|  0|  19|           1|          19|
    |value_leaf_V_168_fu_4985_p3     |    select|   0|  0|  19|           1|          19|
    |value_leaf_V_169_fu_4992_p3     |    select|   0|  0|  19|           1|          19|
    |value_leaf_V_16_fu_2095_p3      |    select|   0|  0|  19|           1|          19|
    |value_leaf_V_170_fu_5000_p3     |    select|   0|  0|  19|           1|          19|
    |value_leaf_V_171_fu_5008_p3     |    select|   0|  0|  19|           1|          19|
    |value_leaf_V_172_fu_5015_p3     |    select|   0|  0|  19|           1|          19|
    |value_leaf_V_173_fu_5023_p3     |    select|   0|  0|  19|           1|          19|
    |value_leaf_V_174_fu_5031_p3     |    select|   0|  0|  19|           1|          19|
    |value_leaf_V_175_fu_5039_p3     |    select|   0|  0|  19|           1|          19|
    |value_leaf_V_176_fu_5311_p3     |    select|   0|  0|  19|           1|          19|
    |value_leaf_V_177_fu_5318_p3     |    select|   0|  0|  19|           1|          19|
    |value_leaf_V_178_fu_5326_p3     |    select|   0|  0|  19|           1|          19|
    |value_leaf_V_179_fu_5334_p3     |    select|   0|  0|  19|           1|          19|
    |value_leaf_V_17_fu_2101_p3      |    select|   0|  0|  19|           1|          19|
    |value_leaf_V_180_fu_5342_p3     |    select|   0|  0|  19|           1|          19|
    |value_leaf_V_181_fu_5350_p3     |    select|   0|  0|  19|           1|          19|
    |value_leaf_V_182_fu_5970_p3     |    select|   0|  0|  19|           1|          19|
    |value_leaf_V_183_fu_5358_p3     |    select|   0|  0|  19|           1|          19|
    |value_leaf_V_184_fu_5365_p3     |    select|   0|  0|  19|           1|          19|
    |value_leaf_V_185_fu_5373_p3     |    select|   0|  0|  19|           1|          19|
    |value_leaf_V_186_fu_5381_p3     |    select|   0|  0|  19|           1|          19|
    |value_leaf_V_187_fu_5389_p3     |    select|   0|  0|  19|           1|          19|
    |value_leaf_V_188_fu_5397_p3     |    select|   0|  0|  19|           1|          19|
    |value_leaf_V_189_fu_5975_p3     |    select|   0|  0|  19|           1|          19|
    |value_leaf_V_18_fu_2293_p3      |    select|   0|  0|  19|           1|          19|
    |value_leaf_V_190_fu_5405_p3     |    select|   0|  0|  19|           1|          19|
    |value_leaf_V_191_fu_5412_p3     |    select|   0|  0|  19|           1|          19|
    |value_leaf_V_192_fu_5420_p3     |    select|   0|  0|  19|           1|          19|
    |value_leaf_V_193_fu_5428_p3     |    select|   0|  0|  19|           1|          19|
    |value_leaf_V_194_fu_5436_p3     |    select|   0|  0|  19|           1|          19|
    |value_leaf_V_195_fu_5444_p3     |    select|   0|  0|  19|           1|          19|
    |value_leaf_V_196_fu_5451_p3     |    select|   0|  0|  19|           1|          19|
    |value_leaf_V_197_fu_5458_p3     |    select|   0|  0|  19|           1|          19|
    |value_leaf_V_198_fu_5466_p3     |    select|   0|  0|  19|           1|          19|
    |value_leaf_V_199_fu_5474_p3     |    select|   0|  0|  19|           1|          19|
    |value_leaf_V_19_fu_2300_p3      |    select|   0|  0|  19|           1|          19|
    |value_leaf_V_1_fu_1274_p3       |    select|   0|  0|  18|           1|          18|
    |value_leaf_V_200_fu_5482_p3     |    select|   0|  0|  19|           1|          19|
    |value_leaf_V_201_fu_5489_p3     |    select|   0|  0|  19|           1|          19|
    |value_leaf_V_202_fu_5496_p3     |    select|   0|  0|  19|           1|          19|
    |value_leaf_V_203_fu_5504_p3     |    select|   0|  0|  19|           1|          19|
    |value_leaf_V_204_fu_5512_p3     |    select|   0|  0|  19|           1|          19|
    |value_leaf_V_205_fu_5519_p3     |    select|   0|  0|  19|           1|          19|
    |value_leaf_V_206_fu_5526_p3     |    select|   0|  0|  19|           1|          19|
    |value_leaf_V_207_fu_5534_p3     |    select|   0|  0|  19|           1|          19|
    |value_leaf_V_208_fu_5541_p3     |    select|   0|  0|  19|           1|          19|
    |value_leaf_V_209_fu_5548_p3     |    select|   0|  0|  19|           1|          19|
    |value_leaf_V_20_fu_2307_p3      |    select|   0|  0|  19|           1|          19|
    |value_leaf_V_210_fu_5555_p3     |    select|   0|  0|  19|           1|          19|
    |value_leaf_V_211_fu_5980_p3     |    select|   0|  0|  19|           1|          19|
    |value_leaf_V_212_fu_5986_p3     |    select|   0|  0|  19|           1|          19|
    |value_leaf_V_213_fu_5993_p3     |    select|   0|  0|  19|           1|          19|
    |value_leaf_V_214_fu_6000_p3     |    select|   0|  0|  19|           1|          19|
    |value_leaf_V_215_fu_6007_p3     |    select|   0|  0|  19|           1|          19|
    |value_leaf_V_216_fu_6014_p3     |    select|   0|  0|  19|           1|          19|
    |value_leaf_V_217_fu_6020_p3     |    select|   0|  0|  19|           1|          19|
    |value_leaf_V_218_fu_6031_p3     |    select|   0|  0|  19|           1|          19|
    |value_leaf_V_219_fu_6037_p3     |    select|   0|  0|  19|           1|          19|
    |value_leaf_V_21_fu_2314_p3      |    select|   0|  0|  19|           1|          19|
    |value_leaf_V_220_fu_6044_p3     |    select|   0|  0|  19|           1|          19|
    |value_leaf_V_221_fu_6051_p3     |    select|   0|  0|  19|           1|          19|
    |value_leaf_V_222_fu_6058_p3     |    select|   0|  0|  19|           1|          19|
    |value_leaf_V_223_fu_6065_p3     |    select|   0|  0|  19|           1|          19|
    |value_leaf_V_224_fu_6071_p3     |    select|   0|  0|  19|           1|          19|
    |value_leaf_V_225_fu_6082_p3     |    select|   0|  0|  19|           1|          19|
    |value_leaf_V_226_fu_6087_p3     |    select|   0|  0|  19|           1|          19|
    |value_leaf_V_227_fu_6093_p3     |    select|   0|  0|  19|           1|          19|
    |value_leaf_V_228_fu_6099_p3     |    select|   0|  0|  19|           1|          19|
    |value_leaf_V_229_fu_6105_p3     |    select|   0|  0|  19|           1|          19|
    |value_leaf_V_22_fu_2321_p3      |    select|   0|  0|  18|           1|          18|
    |value_leaf_V_230_fu_6111_p3     |    select|   0|  0|  19|           1|          19|
    |value_leaf_V_231_fu_6121_p3     |    select|   0|  0|  19|           1|          19|
    |value_leaf_V_232_fu_6126_p3     |    select|   0|  0|  19|           1|          19|
    |value_leaf_V_233_fu_6132_p3     |    select|   0|  0|  19|           1|          19|
    |value_leaf_V_234_fu_6138_p3     |    select|   0|  0|  19|           1|          19|
    |value_leaf_V_235_fu_6144_p3     |    select|   0|  0|  19|           1|          19|
    |value_leaf_V_236_fu_5561_p3     |    select|   0|  0|  19|           1|          19|
    |value_leaf_V_237_fu_5568_p3     |    select|   0|  0|  19|           1|          19|
    |value_leaf_V_238_fu_5576_p3     |    select|   0|  0|  19|           1|          19|
    |value_leaf_V_239_fu_5583_p3     |    select|   0|  0|  19|           1|          19|
    |value_leaf_V_23_fu_2328_p3      |    select|   0|  0|  18|           1|          18|
    |value_leaf_V_240_fu_5590_p3     |    select|   0|  0|  19|           1|          19|
    |value_leaf_V_241_fu_5597_p3     |    select|   0|  0|  19|           1|          19|
    |value_leaf_V_242_fu_5604_p3     |    select|   0|  0|  19|           1|          19|
    |value_leaf_V_243_fu_5611_p3     |    select|   0|  0|  19|           1|          19|
    |value_leaf_V_244_fu_5617_p3     |    select|   0|  0|  19|           1|          19|
    |value_leaf_V_245_fu_5624_p3     |    select|   0|  0|  19|           1|          19|
    |value_leaf_V_24_fu_2336_p3      |    select|   0|  0|  18|           1|          18|
    |value_leaf_V_25_fu_2344_p3      |    select|   0|  0|  18|           1|          18|
    |value_leaf_V_26_fu_2352_p3      |    select|   0|  0|  19|           1|          19|
    |value_leaf_V_27_fu_2360_p3      |    select|   0|  0|  19|           1|          19|
    |value_leaf_V_28_fu_2368_p3      |    select|   0|  0|  19|           1|          19|
    |value_leaf_V_29_fu_2376_p3      |    select|   0|  0|  19|           1|          19|
    |value_leaf_V_2_fu_1422_p3       |    select|   0|  0|  19|           1|          19|
    |value_leaf_V_30_fu_2384_p3      |    select|   0|  0|  19|           1|          19|
    |value_leaf_V_31_fu_2392_p3      |    select|   0|  0|  19|           1|          19|
    |value_leaf_V_32_fu_2406_p3      |    select|   0|  0|  19|           1|          19|
    |value_leaf_V_33_fu_2412_p3      |    select|   0|  0|  18|           1|          18|
    |value_leaf_V_34_fu_2419_p3      |    select|   0|  0|  19|           1|          19|
    |value_leaf_V_35_fu_2426_p3      |    select|   0|  0|  19|           1|          19|
    |value_leaf_V_36_fu_2433_p3      |    select|   0|  0|  19|           1|          19|
    |value_leaf_V_37_fu_2697_p3      |    select|   0|  0|  19|           1|          19|
    |value_leaf_V_38_fu_2705_p3      |    select|   0|  0|  19|           1|          19|
    |value_leaf_V_39_fu_2713_p3      |    select|   0|  0|  19|           1|          19|
    |value_leaf_V_3_fu_1438_p3       |    select|   0|  0|  19|           1|          19|
    |value_leaf_V_40_fu_2721_p3      |    select|   0|  0|  19|           1|          19|
    |value_leaf_V_41_fu_2729_p3      |    select|   0|  0|  19|           1|          19|
    |value_leaf_V_42_fu_2737_p3      |    select|   0|  0|  18|           1|          18|
    |value_leaf_V_43_fu_2744_p3      |    select|   0|  0|  18|           1|          18|
    |value_leaf_V_44_fu_2752_p3      |    select|   0|  0|  18|           1|          18|
    |value_leaf_V_45_fu_2760_p3      |    select|   0|  0|  18|           1|          18|
    |value_leaf_V_46_fu_2768_p3      |    select|   0|  0|  18|           1|          18|
    |value_leaf_V_47_fu_2776_p3      |    select|   0|  0|  18|           1|          18|
    |value_leaf_V_48_fu_2783_p3      |    select|   0|  0|  18|           1|          18|
    |value_leaf_V_49_fu_2791_p3      |    select|   0|  0|  18|           1|          18|
    |value_leaf_V_4_fu_1446_p3       |    select|   0|  0|  19|           1|          19|
    |value_leaf_V_50_fu_2799_p3      |    select|   0|  0|  18|           1|          18|
    |value_leaf_V_51_fu_2807_p3      |    select|   0|  0|  19|           1|          19|
    |value_leaf_V_52_fu_2815_p3      |    select|   0|  0|  19|           1|          19|
    |value_leaf_V_53_fu_2823_p3      |    select|   0|  0|  19|           1|          19|
    |value_leaf_V_54_fu_2831_p3      |    select|   0|  0|  19|           1|          19|
    |value_leaf_V_55_fu_2839_p3      |    select|   0|  0|  19|           1|          19|
    |value_leaf_V_56_fu_2847_p3      |    select|   0|  0|  19|           1|          19|
    |value_leaf_V_57_fu_2861_p3      |    select|   0|  0|  19|           1|          19|
    |value_leaf_V_58_fu_2868_p3      |    select|   0|  0|  18|           1|          18|
    |value_leaf_V_59_fu_2879_p3      |    select|   0|  0|  18|           1|          18|
    |value_leaf_V_5_fu_1568_p3       |    select|   0|  0|  19|           1|          19|
    |value_leaf_V_60_fu_2890_p3      |    select|   0|  0|  19|           1|          19|
    |value_leaf_V_61_fu_2897_p3      |    select|   0|  0|  19|           1|          19|
    |value_leaf_V_62_fu_2904_p3      |    select|   0|  0|  19|           1|          19|
    |value_leaf_V_63_fu_3299_p3      |    select|   0|  0|  19|           1|          19|
    |value_leaf_V_64_fu_3306_p3      |    select|   0|  0|  19|           1|          19|
    |value_leaf_V_65_fu_3314_p3      |    select|   0|  0|  19|           1|          19|
    |value_leaf_V_66_fu_3322_p3      |    select|   0|  0|  19|           1|          19|
    |value_leaf_V_67_fu_3330_p3      |    select|   0|  0|  19|           1|          19|
    |value_leaf_V_68_fu_3338_p3      |    select|   0|  0|  19|           1|          19|
    |value_leaf_V_69_fu_3346_p3      |    select|   0|  0|  19|           1|          19|
    |value_leaf_V_6_fu_1576_p3       |    select|   0|  0|  19|           1|          19|
    |value_leaf_V_70_fu_3354_p3      |    select|   0|  0|  19|           1|          19|
    |value_leaf_V_71_fu_3360_p3      |    select|   0|  0|  19|           1|          19|
    |value_leaf_V_72_fu_3367_p3      |    select|   0|  0|  19|           1|          19|
    |value_leaf_V_73_fu_3374_p3      |    select|   0|  0|  19|           1|          19|
    |value_leaf_V_74_fu_3381_p3      |    select|   0|  0|  19|           1|          19|
    |value_leaf_V_75_fu_3388_p3      |    select|   0|  0|  19|           1|          19|
    |value_leaf_V_76_fu_3395_p3      |    select|   0|  0|  19|           1|          19|
    |value_leaf_V_77_fu_3402_p3      |    select|   0|  0|  19|           1|          19|
    |value_leaf_V_78_fu_3408_p3      |    select|   0|  0|  19|           1|          19|
    |value_leaf_V_79_fu_3415_p3      |    select|   0|  0|  19|           1|          19|
    |value_leaf_V_7_fu_1584_p3       |    select|   0|  0|  19|           1|          19|
    |value_leaf_V_80_fu_3422_p3      |    select|   0|  0|  19|           1|          19|
    |value_leaf_V_81_fu_3429_p3      |    select|   0|  0|  19|           1|          19|
    |value_leaf_V_82_fu_3436_p3      |    select|   0|  0|  19|           1|          19|
    |value_leaf_V_83_fu_3443_p3      |    select|   0|  0|  19|           1|          19|
    |value_leaf_V_84_fu_3450_p3      |    select|   0|  0|  19|           1|          19|
    |value_leaf_V_85_fu_3458_p3      |    select|   0|  0|  19|           1|          19|
    |value_leaf_V_86_fu_3466_p3      |    select|   0|  0|  19|           1|          19|
    |value_leaf_V_87_fu_3474_p3      |    select|   0|  0|  19|           1|          19|
    |value_leaf_V_88_fu_3482_p3      |    select|   0|  0|  19|           1|          19|
    |value_leaf_V_89_fu_3489_p3      |    select|   0|  0|  19|           1|          19|
    |value_leaf_V_8_fu_2053_p3       |    select|   0|  0|  19|           1|          19|
    |value_leaf_V_90_fu_3497_p3      |    select|   0|  0|  19|           1|          19|
    |value_leaf_V_91_fu_3505_p3      |    select|   0|  0|  19|           1|          19|
    |value_leaf_V_92_fu_3513_p3      |    select|   0|  0|  19|           1|          19|
    |value_leaf_V_93_fu_3520_p3      |    select|   0|  0|  19|           1|          19|
    |value_leaf_V_94_fu_3528_p3      |    select|   0|  0|  19|           1|          19|
    |value_leaf_V_95_fu_3536_p3      |    select|   0|  0|  19|           1|          19|
    |value_leaf_V_96_fu_3543_p3      |    select|   0|  0|  19|           1|          19|
    |value_leaf_V_97_fu_3551_p3      |    select|   0|  0|  19|           1|          19|
    |value_leaf_V_98_fu_3564_p3      |    select|   0|  0|  19|           1|          19|
    |value_leaf_V_99_fu_3571_p3      |    select|   0|  0|  19|           1|          19|
    |value_leaf_V_9_fu_2058_p3       |    select|   0|  0|  19|           1|          19|
    |value_leaf_V_fu_1414_p3         |    select|   0|  0|  19|           1|          19|
    |activation_leaf_1_fu_1028_p2    |       xor|   0|  0|   2|           1|           2|
    |comparison_1_fu_748_p2          |       xor|   0|  0|   2|           1|           2|
    |comparison_2_fu_800_p2          |       xor|   0|  0|   2|           1|           2|
    |comparison_3_fu_852_p2          |       xor|   0|  0|   2|           1|           2|
    |comparison_4_fu_904_p2          |       xor|   0|  0|   2|           1|           2|
    |comparison_5_fu_956_p2          |       xor|   0|  0|   2|           1|           2|
    |comparison_6_fu_1008_p2         |       xor|   0|  0|   2|           1|           2|
    |comparison_fu_710_p2            |       xor|   0|  0|   2|           1|           2|
    |xor_ln102_fu_5886_p2            |       xor|   0|  0|   2|           2|           1|
    |xor_ln87_10_fu_2134_p2          |       xor|   0|  0|   2|           1|           2|
    |xor_ln87_11_fu_2144_p2          |       xor|   0|  0|   2|           1|           2|
    |xor_ln87_12_fu_2481_p2          |       xor|   0|  0|   2|           1|           2|
    |xor_ln87_13_fu_2491_p2          |       xor|   0|  0|   2|           1|           2|
    |xor_ln87_14_fu_2959_p2          |       xor|   0|  0|   2|           1|           2|
    |xor_ln87_15_fu_2969_p2          |       xor|   0|  0|   2|           1|           2|
    |xor_ln87_16_fu_3721_p2          |       xor|   0|  0|   2|           1|           2|
    |xor_ln87_17_fu_3732_p2          |       xor|   0|  0|   2|           1|           2|
    |xor_ln87_18_fu_3809_p2          |       xor|   0|  0|   2|           1|           2|
    |xor_ln87_19_fu_3820_p2          |       xor|   0|  0|   2|           1|           2|
    |xor_ln87_1_fu_1082_p2           |       xor|   0|  0|   2|           1|           2|
    |xor_ln87_20_fu_3889_p2          |       xor|   0|  0|   2|           1|           2|
    |xor_ln87_21_fu_3900_p2          |       xor|   0|  0|   2|           1|           2|
    |xor_ln87_22_fu_3969_p2          |       xor|   0|  0|   2|           1|           2|
    |xor_ln87_23_fu_3980_p2          |       xor|   0|  0|   2|           1|           2|
    |xor_ln87_2_fu_1142_p2           |       xor|   0|  0|   2|           1|           2|
    |xor_ln87_3_fu_1154_p2           |       xor|   0|  0|   2|           1|           2|
    |xor_ln87_4_fu_1232_p2           |       xor|   0|  0|   2|           1|           2|
    |xor_ln87_5_fu_1244_p2           |       xor|   0|  0|   2|           1|           2|
    |xor_ln87_6_fu_1356_p2           |       xor|   0|  0|   2|           1|           2|
    |xor_ln87_7_fu_1368_p2           |       xor|   0|  0|   2|           1|           2|
    |xor_ln87_8_fu_1968_p2           |       xor|   0|  0|   2|           1|           2|
    |xor_ln87_9_fu_1978_p2           |       xor|   0|  0|   2|           1|           2|
    |xor_ln87_fu_1070_p2             |       xor|   0|  0|   2|           1|           2|
    |xor_ln93_fu_1286_p2             |       xor|   0|  0|   2|           1|           2|
    +--------------------------------+----------+----+---+----+------------+------------+
    |Total                           |          |   0|  0|6107|        1278|        5451|
    +--------------------------------+----------+----+---+----+------------+------------+

    * Multiplexer: 
    +-----------+----+-----------+-----+-----------+
    |    Name   | LUT| Input Size| Bits| Total Bits|
    +-----------+----+-----------+-----+-----------+
    |ap_return  |  14|          3|   32|         96|
    +-----------+----+-----------+-----+-----------+
    |Total      |  14|          3|   32|         96|
    +-----------+----+-----------+-----+-----------+

    * Register: 
    +-------------------------------------+----+----+-----+-----------+
    |                 Name                | FF | LUT| Bits| Const Bits|
    +-------------------------------------+----+----+-----+-----------+
    |activation_leaf_105_reg_6732         |   1|   0|    1|          0|
    |activation_leaf_106_reg_6744         |   1|   0|    1|          0|
    |activation_leaf_107_reg_6756         |   1|   0|    1|          0|
    |activation_leaf_108_reg_6767         |   1|   0|    1|          0|
    |activation_leaf_109_reg_6777         |   1|   0|    1|          0|
    |activation_leaf_110_reg_6786         |   1|   0|    1|          0|
    |activation_leaf_111_reg_6794         |   1|   0|    1|          0|
    |activation_leaf_112_reg_6800         |   1|   0|    1|          0|
    |activation_leaf_113_reg_6815         |   1|   0|    1|          0|
    |activation_leaf_149_reg_6895         |   1|   0|    1|          0|
    |activation_leaf_185_reg_6907         |   1|   0|    1|          0|
    |activation_leaf_1_reg_6362           |   1|   0|    1|          0|
    |activation_leaf_220_reg_6990         |   1|   0|    1|          0|
    |activation_leaf_221_reg_6919         |   1|   0|    1|          0|
    |activation_leaf_227_reg_7042         |   1|   0|    1|          0|
    |activation_leaf_2_reg_6424           |   1|   0|    1|          0|
    |activation_leaf_6_reg_6445           |   1|   0|    1|          0|
    |activation_leaf_7_reg_6452           |   1|   0|    1|          0|
    |and_ln87_1_reg_6400                  |   1|   0|    1|          0|
    |and_ln87_3_reg_6408                  |   1|   0|    1|          0|
    |and_ln87_5_reg_6416                  |   1|   0|    1|          0|
    |ap_ce_reg                            |   1|   0|    1|          0|
    |ap_return_int_reg                    |  32|   0|   32|          0|
    |iLeaf_10_reg_6805                    |   3|   0|    3|          0|
    |iLeaf_4_reg_6522                     |   2|   0|    2|          0|
    |icmp_ln86_10_reg_6647                |   1|   0|    1|          0|
    |icmp_ln86_11_reg_6653                |   1|   0|    1|          0|
    |icmp_ln86_4_reg_6458                 |   1|   0|    1|          0|
    |icmp_ln86_5_reg_6531                 |   1|   0|    1|          0|
    |icmp_ln86_6_reg_6563                 |   1|   0|    1|          0|
    |icmp_ln86_7_reg_6597                 |   1|   0|    1|          0|
    |icmp_ln86_8_reg_6635                 |   1|   0|    1|          0|
    |icmp_ln86_9_reg_6641                 |   1|   0|    1|          0|
    |icmp_ln93_1_reg_6475                 |   1|   0|    1|          0|
    |icmp_ln93_2_reg_6548                 |   1|   0|    1|          0|
    |icmp_ln93_3_reg_6580                 |   1|   0|    1|          0|
    |icmp_ln93_4_reg_6614                 |   1|   0|    1|          0|
    |icmp_ln94_19_reg_6931                |   1|   0|    1|          0|
    |icmp_ln94_1_reg_6497                 |   1|   0|    1|          0|
    |icmp_ln94_20_reg_6939                |   1|   0|    1|          0|
    |icmp_ln94_21_reg_6947                |   1|   0|    1|          0|
    |icmp_ln94_22_reg_6954                |   1|   0|    1|          0|
    |icmp_ln94_24_reg_6827                |   1|   0|    1|          0|
    |icmp_ln94_24_reg_6827_pp0_iter2_reg  |   1|   0|    1|          0|
    |icmp_ln94_25_reg_6857                |   1|   0|    1|          0|
    |icmp_ln94_25_reg_6857_pp0_iter2_reg  |   1|   0|    1|          0|
    |icmp_ln94_26_reg_6960                |   1|   0|    1|          0|
    |icmp_ln94_2_reg_6506                 |   1|   0|    1|          0|
    |icmp_ln94_reg_6486                   |   1|   0|    1|          0|
    |or_ln102_5_reg_7047                  |   1|   0|    1|          0|
    |or_ln70_2_reg_6330                   |   1|   0|    1|          0|
    |or_ln70_3_reg_6338                   |   1|   0|    1|          0|
    |or_ln70_4_reg_6346                   |   1|   0|    1|          0|
    |or_ln70_5_reg_6354                   |   1|   0|    1|          0|
    |p_read16_int_reg                     |  19|   0|   19|          0|
    |p_read17_int_reg                     |  19|   0|   19|          0|
    |p_read18_int_reg                     |  19|   0|   19|          0|
    |p_read19_int_reg                     |  19|   0|   19|          0|
    |p_read1_int_reg                      |   4|   0|    4|          0|
    |p_read20_int_reg                     |  19|   0|   19|          0|
    |p_read21_int_reg                     |  19|   0|   19|          0|
    |p_read22_int_reg                     |  19|   0|   19|          0|
    |p_read2_int_reg                      |   5|   0|    5|          0|
    |p_read32_int_reg                     |  17|   0|   17|          0|
    |p_read33_cast_reg_6307               |  17|   0|   19|          2|
    |p_read33_int_reg                     |  17|   0|   17|          0|
    |p_read36_int_reg                     |  18|   0|   18|          0|
    |p_read37_int_reg                     |  19|   0|   19|          0|
    |p_read38_int_reg                     |  19|   0|   19|          0|
    |p_read39_int_reg                     |  18|   0|   18|          0|
    |p_read3_int_reg                      |   5|   0|    5|          0|
    |p_read40_int_reg                     |  18|   0|   18|          0|
    |p_read41_int_reg                     |  19|   0|   19|          0|
    |p_read42_int_reg                     |  18|   0|   18|          0|
    |p_read43_int_reg                     |  18|   0|   18|          0|
    |p_read44_int_reg                     |  19|   0|   19|          0|
    |p_read45_int_reg                     |  19|   0|   19|          0|
    |p_read47_int_reg                     |   3|   0|    3|          0|
    |p_read48_int_reg                     |   4|   0|    4|          0|
    |p_read49_int_reg                     |   4|   0|    4|          0|
    |p_read4_int_reg                      |   5|   0|    5|          0|
    |p_read50_int_reg                     |   4|   0|    4|          0|
    |p_read51_int_reg                     |   5|   0|    5|          0|
    |p_read52_int_reg                     |   5|   0|    5|          0|
    |p_read53_int_reg                     |   5|   0|    5|          0|
    |p_read54_int_reg                     |   5|   0|    5|          0|
    |p_read55_int_reg                     |   5|   0|    5|          0|
    |p_read56_int_reg                     |   5|   0|    5|          0|
    |p_read5_int_reg                      |   5|   0|    5|          0|
    |p_read63_int_reg                     |   2|   0|    2|          0|
    |p_read64_int_reg                     |   2|   0|    2|          0|
    |p_read65_int_reg                     |   3|   0|    3|          0|
    |p_read66_int_reg                     |   3|   0|    3|          0|
    |p_read67_int_reg                     |   3|   0|    3|          0|
    |p_read68_int_reg                     |   3|   0|    3|          0|
    |p_read69_int_reg                     |   3|   0|    3|          0|
    |p_read6_int_reg                      |   5|   0|    5|          0|
    |p_read70_int_reg                     |   3|   0|    3|          0|
    |p_read71_int_reg                     |   4|   0|    4|          0|
    |p_read72_int_reg                     |   4|   0|    4|          0|
    |p_read73_int_reg                     |   4|   0|    4|          0|
    |p_read74_int_reg                     |   4|   0|    4|          0|
    |p_read75_int_reg                     |  32|   0|   32|          0|
    |p_read76_int_reg                     |  32|   0|   32|          0|
    |p_read77_int_reg                     |  32|   0|   32|          0|
    |p_read78_int_reg                     |  32|   0|   32|          0|
    |p_read79_int_reg                     |  32|   0|   32|          0|
    |p_read7_int_reg                      |   5|   0|    5|          0|
    |p_read80_int_reg                     |  32|   0|   32|          0|
    |p_read81_int_reg                     |  32|   0|   32|          0|
    |p_read82_int_reg                     |  32|   0|   32|          0|
    |p_read83_int_reg                     |  32|   0|   32|          0|
    |p_read84_int_reg                     |  32|   0|   32|          0|
    |p_read_20_reg_6212                   |   4|   0|    4|          0|
    |p_read_21_reg_6218                   |   4|   0|    4|          0|
    |p_read_22_reg_6224                   |   4|   0|    4|          0|
    |p_read_23_reg_6230                   |   4|   0|    4|          0|
    |p_read_42_reg_6236                   |  19|   0|   19|          0|
    |p_read_43_reg_6248                   |  19|   0|   19|          0|
    |p_read_43_reg_6248_pp0_iter1_reg     |  19|   0|   19|          0|
    |p_read_44_reg_6260                   |  18|   0|   18|          0|
    |p_read_44_reg_6260_pp0_iter1_reg     |  18|   0|   18|          0|
    |p_read_45_reg_6265                   |  18|   0|   18|          0|
    |p_read_45_reg_6265_pp0_iter1_reg     |  18|   0|   18|          0|
    |p_read_46_reg_6270                   |  19|   0|   19|          0|
    |p_read_47_reg_6282                   |  18|   0|   18|          0|
    |p_read_48_reg_6289                   |  18|   0|   18|          0|
    |p_read_49_reg_6295                   |  19|   0|   19|          0|
    |p_read_52_reg_6302                   |  17|   0|   17|          0|
    |select_ln102_4_reg_7053              |   3|   0|    3|          0|
    |tmp_13_reg_6464                      |   1|   0|    1|          0|
    |tmp_14_reg_6470                      |   1|   0|    1|          0|
    |tmp_16_reg_6537                      |   1|   0|    1|          0|
    |tmp_17_reg_6543                      |   1|   0|    1|          0|
    |tmp_19_reg_6569                      |   1|   0|    1|          0|
    |tmp_20_reg_6575                      |   1|   0|    1|          0|
    |tmp_22_reg_6603                      |   1|   0|    1|          0|
    |tmp_23_reg_6609                      |   1|   0|    1|          0|
    |value_leaf_V_100_reg_6683            |  19|   0|   19|          0|
    |value_leaf_V_101_reg_6694            |  19|   0|   19|          0|
    |value_leaf_V_102_reg_6704            |  19|   0|   19|          0|
    |value_leaf_V_103_reg_6713            |  19|   0|   19|          0|
    |value_leaf_V_104_reg_6721            |  19|   0|   19|          0|
    |value_leaf_V_105_reg_6727            |  19|   0|   19|          0|
    |value_leaf_V_147_reg_6968            |  19|   0|   19|          0|
    |value_leaf_V_14_reg_6513             |  19|   0|   19|          0|
    |value_leaf_V_154_reg_6974            |  19|   0|   19|          0|
    |value_leaf_V_160_reg_6980            |  19|   0|   19|          0|
    |value_leaf_V_165_reg_6985            |  19|   0|   19|          0|
    |value_leaf_V_181_reg_6995            |  19|   0|   19|          0|
    |value_leaf_V_188_reg_7000            |  19|   0|   19|          0|
    |value_leaf_V_195_reg_7005            |  19|   0|   19|          0|
    |value_leaf_V_200_reg_7014            |  19|   0|   19|          0|
    |value_leaf_V_239_reg_7022            |  19|   0|   19|          0|
    |value_leaf_V_242_reg_7027            |  19|   0|   19|          0|
    |value_leaf_V_244_reg_7032            |  19|   0|   19|          0|
    |value_leaf_V_245_reg_7037            |  19|   0|   19|          0|
    |value_leaf_V_3_reg_6432              |  19|   0|   19|          0|
    |value_leaf_V_4_reg_6439              |  19|   0|   19|          0|
    |value_leaf_V_98_reg_6659             |  19|   0|   19|          0|
    |value_leaf_V_99_reg_6671             |  19|   0|   19|          0|
    |p_read_42_reg_6236                   |  64|  32|   19|          0|
    +-------------------------------------+----+----+-----+-----------+
    |Total                                |1642|  32| 1599|          2|
    +-------------------------------------+----+----+-----+-----------+



================================================================
== Interface
================================================================
* Summary: 
+-----------+-----+-----+------------+-------------------+--------------+
| RTL Ports | Dir | Bits|  Protocol  |   Source Object   |    C Type    |
+-----------+-----+-----+------------+-------------------+--------------+
|ap_clk     |   in|    1|  ap_ctrl_hs|  decision_function|  return value|
|ap_rst     |   in|    1|  ap_ctrl_hs|  decision_function|  return value|
|ap_return  |  out|   32|  ap_ctrl_hs|  decision_function|  return value|
|ap_ce      |   in|    1|  ap_ctrl_hs|  decision_function|  return value|
|p_read1    |   in|    4|     ap_none|            p_read1|        scalar|
|p_read2    |   in|    5|     ap_none|            p_read2|        scalar|
|p_read3    |   in|    5|     ap_none|            p_read3|        scalar|
|p_read4    |   in|    5|     ap_none|            p_read4|        scalar|
|p_read5    |   in|    5|     ap_none|            p_read5|        scalar|
|p_read6    |   in|    5|     ap_none|            p_read6|        scalar|
|p_read7    |   in|    5|     ap_none|            p_read7|        scalar|
|p_read16   |   in|   19|     ap_none|           p_read16|        scalar|
|p_read17   |   in|   19|     ap_none|           p_read17|        scalar|
|p_read18   |   in|   19|     ap_none|           p_read18|        scalar|
|p_read19   |   in|   19|     ap_none|           p_read19|        scalar|
|p_read20   |   in|   19|     ap_none|           p_read20|        scalar|
|p_read21   |   in|   19|     ap_none|           p_read21|        scalar|
|p_read22   |   in|   19|     ap_none|           p_read22|        scalar|
|p_read32   |   in|   17|     ap_none|           p_read32|        scalar|
|p_read33   |   in|   17|     ap_none|           p_read33|        scalar|
|p_read36   |   in|   18|     ap_none|           p_read36|        scalar|
|p_read37   |   in|   19|     ap_none|           p_read37|        scalar|
|p_read38   |   in|   19|     ap_none|           p_read38|        scalar|
|p_read39   |   in|   18|     ap_none|           p_read39|        scalar|
|p_read40   |   in|   18|     ap_none|           p_read40|        scalar|
|p_read41   |   in|   19|     ap_none|           p_read41|        scalar|
|p_read42   |   in|   18|     ap_none|           p_read42|        scalar|
|p_read43   |   in|   18|     ap_none|           p_read43|        scalar|
|p_read44   |   in|   19|     ap_none|           p_read44|        scalar|
|p_read45   |   in|   19|     ap_none|           p_read45|        scalar|
|p_read47   |   in|    3|     ap_none|           p_read47|        scalar|
|p_read48   |   in|    4|     ap_none|           p_read48|        scalar|
|p_read49   |   in|    4|     ap_none|           p_read49|        scalar|
|p_read50   |   in|    4|     ap_none|           p_read50|        scalar|
|p_read51   |   in|    5|     ap_none|           p_read51|        scalar|
|p_read52   |   in|    5|     ap_none|           p_read52|        scalar|
|p_read53   |   in|    5|     ap_none|           p_read53|        scalar|
|p_read54   |   in|    5|     ap_none|           p_read54|        scalar|
|p_read55   |   in|    5|     ap_none|           p_read55|        scalar|
|p_read56   |   in|    5|     ap_none|           p_read56|        scalar|
|p_read63   |   in|    2|     ap_none|           p_read63|        scalar|
|p_read64   |   in|    2|     ap_none|           p_read64|        scalar|
|p_read65   |   in|    3|     ap_none|           p_read65|        scalar|
|p_read66   |   in|    3|     ap_none|           p_read66|        scalar|
|p_read67   |   in|    3|     ap_none|           p_read67|        scalar|
|p_read68   |   in|    3|     ap_none|           p_read68|        scalar|
|p_read69   |   in|    3|     ap_none|           p_read69|        scalar|
|p_read70   |   in|    3|     ap_none|           p_read70|        scalar|
|p_read71   |   in|    4|     ap_none|           p_read71|        scalar|
|p_read72   |   in|    4|     ap_none|           p_read72|        scalar|
|p_read73   |   in|    4|     ap_none|           p_read73|        scalar|
|p_read74   |   in|    4|     ap_none|           p_read74|        scalar|
|p_read75   |   in|   32|     ap_none|           p_read75|        scalar|
|p_read76   |   in|   32|     ap_none|           p_read76|        scalar|
|p_read77   |   in|   32|     ap_none|           p_read77|        scalar|
|p_read78   |   in|   32|     ap_none|           p_read78|        scalar|
|p_read79   |   in|   32|     ap_none|           p_read79|        scalar|
|p_read80   |   in|   32|     ap_none|           p_read80|        scalar|
|p_read81   |   in|   32|     ap_none|           p_read81|        scalar|
|p_read82   |   in|   32|     ap_none|           p_read82|        scalar|
|p_read83   |   in|   32|     ap_none|           p_read83|        scalar|
|p_read84   |   in|   32|     ap_none|           p_read84|        scalar|
+-----------+-----+-----+------------+-------------------+--------------+

