

================================================================
== Vitis HLS Report for 'myproject'
================================================================
* Date:           Sun Jun 26 15:59:54 2022

* Version:        2021.2 (Build 3367213 on Tue Oct 19 02:47:39 MDT 2021)
* Project:        myproject_prj
* Solution:       solution1 (Vivado IP Flow Target)
* Product family: zynquplus
* Target device:  xczu3eg-sbva484-1-e


================================================================
== Performance Estimates
================================================================
+ Timing: 
    * Summary: 
    +--------+---------+----------+------------+
    |  Clock |  Target | Estimated| Uncertainty|
    +--------+---------+----------+------------+
    |ap_clk  |  7.00 ns|  5.041 ns|     1.89 ns|
    +--------+---------+----------+------------+

+ Latency: 
    * Summary: 
    +---------+---------+-----------+-----------+-----+-----+---------+
    |  Latency (cycles) |   Latency (absolute)  |  Interval | Pipeline|
    |   min   |   max   |    min    |    max    | min | max |   Type  |
    +---------+---------+-----------+-----------+-----+-----+---------+
    |        5|        5|  35.000 ns|  35.000 ns|    1|    1|      yes|
    +---------+---------+-----------+-----------+-----+-----+---------+

    + Detail: 
        * Instance: 
        +-------------------------------+-------------------+---------+---------+-----------+-----------+-----+-----+---------+
        |                               |                   |  Latency (cycles) |   Latency (absolute)  |  Interval | Pipeline|
        |            Instance           |       Module      |   min   |   max   |    min    |    max    | min | max |   Type  |
        +-------------------------------+-------------------+---------+---------+-----------+-----------+-----+-----+---------+
        |grp_decision_function_fu_1514  |decision_function  |        3|        3|  21.000 ns|  21.000 ns|    1|    1|      yes|
        |grp_decision_function_fu_1634  |decision_function  |        3|        3|  21.000 ns|  21.000 ns|    1|    1|      yes|
        |grp_decision_function_fu_1754  |decision_function  |        3|        3|  21.000 ns|  21.000 ns|    1|    1|      yes|
        |grp_decision_function_fu_1874  |decision_function  |        3|        3|  21.000 ns|  21.000 ns|    1|    1|      yes|
        |grp_decision_function_fu_1994  |decision_function  |        3|        3|  21.000 ns|  21.000 ns|    1|    1|      yes|
        |grp_decision_function_fu_2114  |decision_function  |        3|        3|  21.000 ns|  21.000 ns|    1|    1|      yes|
        |grp_decision_function_fu_2234  |decision_function  |        3|        3|  21.000 ns|  21.000 ns|    1|    1|      yes|
        |grp_decision_function_fu_2354  |decision_function  |        3|        3|  21.000 ns|  21.000 ns|    1|    1|      yes|
        |grp_decision_function_fu_2474  |decision_function  |        3|        3|  21.000 ns|  21.000 ns|    1|    1|      yes|
        |grp_decision_function_fu_2594  |decision_function  |        3|        3|  21.000 ns|  21.000 ns|    1|    1|      yes|
        |grp_decision_function_fu_2714  |decision_function  |        3|        3|  21.000 ns|  21.000 ns|    1|    1|      yes|
        |grp_decision_function_fu_2834  |decision_function  |        3|        3|  21.000 ns|  21.000 ns|    1|    1|      yes|
        |grp_decision_function_fu_2954  |decision_function  |        3|        3|  21.000 ns|  21.000 ns|    1|    1|      yes|
        |grp_decision_function_fu_3074  |decision_function  |        3|        3|  21.000 ns|  21.000 ns|    1|    1|      yes|
        |grp_decision_function_fu_3194  |decision_function  |        3|        3|  21.000 ns|  21.000 ns|    1|    1|      yes|
        |grp_decision_function_fu_3314  |decision_function  |        3|        3|  21.000 ns|  21.000 ns|    1|    1|      yes|
        |grp_decision_function_fu_3434  |decision_function  |        3|        3|  21.000 ns|  21.000 ns|    1|    1|      yes|
        |grp_decision_function_fu_3554  |decision_function  |        3|        3|  21.000 ns|  21.000 ns|    1|    1|      yes|
        |grp_decision_function_fu_3674  |decision_function  |        3|        3|  21.000 ns|  21.000 ns|    1|    1|      yes|
        |grp_decision_function_fu_3794  |decision_function  |        3|        3|  21.000 ns|  21.000 ns|    1|    1|      yes|
        |grp_decision_function_fu_3914  |decision_function  |        3|        3|  21.000 ns|  21.000 ns|    1|    1|      yes|
        |grp_decision_function_fu_4034  |decision_function  |        3|        3|  21.000 ns|  21.000 ns|    1|    1|      yes|
        |grp_decision_function_fu_4154  |decision_function  |        3|        3|  21.000 ns|  21.000 ns|    1|    1|      yes|
        |grp_decision_function_fu_4274  |decision_function  |        3|        3|  21.000 ns|  21.000 ns|    1|    1|      yes|
        |grp_decision_function_fu_4394  |decision_function  |        3|        3|  21.000 ns|  21.000 ns|    1|    1|      yes|
        |grp_decision_function_fu_4514  |decision_function  |        3|        3|  21.000 ns|  21.000 ns|    1|    1|      yes|
        |grp_decision_function_fu_4634  |decision_function  |        3|        3|  21.000 ns|  21.000 ns|    1|    1|      yes|
        |grp_decision_function_fu_4754  |decision_function  |        3|        3|  21.000 ns|  21.000 ns|    1|    1|      yes|
        |grp_decision_function_fu_4874  |decision_function  |        3|        3|  21.000 ns|  21.000 ns|    1|    1|      yes|
        |grp_decision_function_fu_4994  |decision_function  |        3|        3|  21.000 ns|  21.000 ns|    1|    1|      yes|
        |grp_decision_function_fu_5114  |decision_function  |        3|        3|  21.000 ns|  21.000 ns|    1|    1|      yes|
        |grp_decision_function_fu_5234  |decision_function  |        3|        3|  21.000 ns|  21.000 ns|    1|    1|      yes|
        |grp_decision_function_fu_5354  |decision_function  |        3|        3|  21.000 ns|  21.000 ns|    1|    1|      yes|
        |grp_decision_function_fu_5474  |decision_function  |        3|        3|  21.000 ns|  21.000 ns|    1|    1|      yes|
        |grp_decision_function_fu_5594  |decision_function  |        3|        3|  21.000 ns|  21.000 ns|    1|    1|      yes|
        |grp_decision_function_fu_5714  |decision_function  |        3|        3|  21.000 ns|  21.000 ns|    1|    1|      yes|
        |grp_decision_function_fu_5834  |decision_function  |        3|        3|  21.000 ns|  21.000 ns|    1|    1|      yes|
        |grp_decision_function_fu_5954  |decision_function  |        3|        3|  21.000 ns|  21.000 ns|    1|    1|      yes|
        |grp_decision_function_fu_6074  |decision_function  |        3|        3|  21.000 ns|  21.000 ns|    1|    1|      yes|
        |grp_decision_function_fu_6194  |decision_function  |        3|        3|  21.000 ns|  21.000 ns|    1|    1|      yes|
        |grp_decision_function_fu_6314  |decision_function  |        3|        3|  21.000 ns|  21.000 ns|    1|    1|      yes|
        |grp_decision_function_fu_6434  |decision_function  |        3|        3|  21.000 ns|  21.000 ns|    1|    1|      yes|
        |grp_decision_function_fu_6554  |decision_function  |        3|        3|  21.000 ns|  21.000 ns|    1|    1|      yes|
        |grp_decision_function_fu_6674  |decision_function  |        3|        3|  21.000 ns|  21.000 ns|    1|    1|      yes|
        |grp_decision_function_fu_6794  |decision_function  |        3|        3|  21.000 ns|  21.000 ns|    1|    1|      yes|
        |grp_decision_function_fu_6914  |decision_function  |        3|        3|  21.000 ns|  21.000 ns|    1|    1|      yes|
        |grp_decision_function_fu_7034  |decision_function  |        3|        3|  21.000 ns|  21.000 ns|    1|    1|      yes|
        |grp_decision_function_fu_7154  |decision_function  |        3|        3|  21.000 ns|  21.000 ns|    1|    1|      yes|
        |grp_decision_function_fu_7274  |decision_function  |        3|        3|  21.000 ns|  21.000 ns|    1|    1|      yes|
        |grp_decision_function_fu_7394  |decision_function  |        3|        3|  21.000 ns|  21.000 ns|    1|    1|      yes|
        +-------------------------------+-------------------+---------+---------+-----------+-----------+-----+-----+---------+

        * Loop: 
        N/A



================================================================
== Utilization Estimates
================================================================
* Summary: 
+-----------------+---------+-----+--------+--------+-----+
|       Name      | BRAM_18K| DSP |   FF   |   LUT  | URAM|
+-----------------+---------+-----+--------+--------+-----+
|DSP              |        -|    -|       -|       -|    -|
|Expression       |        -|    -|       0|    1617|    -|
|FIFO             |        -|    -|       -|       -|    -|
|Instance         |        -|    -|   82100|  392600|    -|
|Memory           |        -|    -|       -|       -|    -|
|Multiplexer      |        -|    -|       -|       -|    -|
|Register         |        -|    -|    1120|       -|    -|
+-----------------+---------+-----+--------+--------+-----+
|Total            |        0|    0|   83220|  394217|    0|
+-----------------+---------+-----+--------+--------+-----+
|Available        |      432|  360|  141120|   70560|    0|
+-----------------+---------+-----+--------+--------+-----+
|Utilization (%)  |        0|    0|      58|     558|    0|
+-----------------+---------+-----+--------+--------+-----+

+ Detail: 
    * Instance: 
    +-------------------------------+-------------------+---------+----+------+------+-----+
    |            Instance           |       Module      | BRAM_18K| DSP|  FF  |  LUT | URAM|
    +-------------------------------+-------------------+---------+----+------+------+-----+
    |grp_decision_function_fu_1514  |decision_function  |        0|   0|  1642|  7852|    0|
    |grp_decision_function_fu_1634  |decision_function  |        0|   0|  1642|  7852|    0|
    |grp_decision_function_fu_1754  |decision_function  |        0|   0|  1642|  7852|    0|
    |grp_decision_function_fu_1874  |decision_function  |        0|   0|  1642|  7852|    0|
    |grp_decision_function_fu_1994  |decision_function  |        0|   0|  1642|  7852|    0|
    |grp_decision_function_fu_2114  |decision_function  |        0|   0|  1642|  7852|    0|
    |grp_decision_function_fu_2234  |decision_function  |        0|   0|  1642|  7852|    0|
    |grp_decision_function_fu_2354  |decision_function  |        0|   0|  1642|  7852|    0|
    |grp_decision_function_fu_2474  |decision_function  |        0|   0|  1642|  7852|    0|
    |grp_decision_function_fu_2594  |decision_function  |        0|   0|  1642|  7852|    0|
    |grp_decision_function_fu_2714  |decision_function  |        0|   0|  1642|  7852|    0|
    |grp_decision_function_fu_2834  |decision_function  |        0|   0|  1642|  7852|    0|
    |grp_decision_function_fu_2954  |decision_function  |        0|   0|  1642|  7852|    0|
    |grp_decision_function_fu_3074  |decision_function  |        0|   0|  1642|  7852|    0|
    |grp_decision_function_fu_3194  |decision_function  |        0|   0|  1642|  7852|    0|
    |grp_decision_function_fu_3314  |decision_function  |        0|   0|  1642|  7852|    0|
    |grp_decision_function_fu_3434  |decision_function  |        0|   0|  1642|  7852|    0|
    |grp_decision_function_fu_3554  |decision_function  |        0|   0|  1642|  7852|    0|
    |grp_decision_function_fu_3674  |decision_function  |        0|   0|  1642|  7852|    0|
    |grp_decision_function_fu_3794  |decision_function  |        0|   0|  1642|  7852|    0|
    |grp_decision_function_fu_3914  |decision_function  |        0|   0|  1642|  7852|    0|
    |grp_decision_function_fu_4034  |decision_function  |        0|   0|  1642|  7852|    0|
    |grp_decision_function_fu_4154  |decision_function  |        0|   0|  1642|  7852|    0|
    |grp_decision_function_fu_4274  |decision_function  |        0|   0|  1642|  7852|    0|
    |grp_decision_function_fu_4394  |decision_function  |        0|   0|  1642|  7852|    0|
    |grp_decision_function_fu_4514  |decision_function  |        0|   0|  1642|  7852|    0|
    |grp_decision_function_fu_4634  |decision_function  |        0|   0|  1642|  7852|    0|
    |grp_decision_function_fu_4754  |decision_function  |        0|   0|  1642|  7852|    0|
    |grp_decision_function_fu_4874  |decision_function  |        0|   0|  1642|  7852|    0|
    |grp_decision_function_fu_4994  |decision_function  |        0|   0|  1642|  7852|    0|
    |grp_decision_function_fu_5114  |decision_function  |        0|   0|  1642|  7852|    0|
    |grp_decision_function_fu_5234  |decision_function  |        0|   0|  1642|  7852|    0|
    |grp_decision_function_fu_5354  |decision_function  |        0|   0|  1642|  7852|    0|
    |grp_decision_function_fu_5474  |decision_function  |        0|   0|  1642|  7852|    0|
    |grp_decision_function_fu_5594  |decision_function  |        0|   0|  1642|  7852|    0|
    |grp_decision_function_fu_5714  |decision_function  |        0|   0|  1642|  7852|    0|
    |grp_decision_function_fu_5834  |decision_function  |        0|   0|  1642|  7852|    0|
    |grp_decision_function_fu_5954  |decision_function  |        0|   0|  1642|  7852|    0|
    |grp_decision_function_fu_6074  |decision_function  |        0|   0|  1642|  7852|    0|
    |grp_decision_function_fu_6194  |decision_function  |        0|   0|  1642|  7852|    0|
    |grp_decision_function_fu_6314  |decision_function  |        0|   0|  1642|  7852|    0|
    |grp_decision_function_fu_6434  |decision_function  |        0|   0|  1642|  7852|    0|
    |grp_decision_function_fu_6554  |decision_function  |        0|   0|  1642|  7852|    0|
    |grp_decision_function_fu_6674  |decision_function  |        0|   0|  1642|  7852|    0|
    |grp_decision_function_fu_6794  |decision_function  |        0|   0|  1642|  7852|    0|
    |grp_decision_function_fu_6914  |decision_function  |        0|   0|  1642|  7852|    0|
    |grp_decision_function_fu_7034  |decision_function  |        0|   0|  1642|  7852|    0|
    |grp_decision_function_fu_7154  |decision_function  |        0|   0|  1642|  7852|    0|
    |grp_decision_function_fu_7274  |decision_function  |        0|   0|  1642|  7852|    0|
    |grp_decision_function_fu_7394  |decision_function  |        0|   0|  1642|  7852|    0|
    +-------------------------------+-------------------+---------+----+------+------+-----+
    |Total                          |                   |        0|   0| 82100|392600|    0|
    +-------------------------------+-------------------+---------+----+------+------+-----+

    * DSP: 
    N/A

    * Memory: 
    N/A

    * FIFO: 
    N/A

    * Expression: 
    +-------------------------+----------+----+---+----+------------+------------+
    |      Variable Name      | Operation| DSP| FF| LUT| Bitwidth P0| Bitwidth P1|
    +-------------------------+----------+----+---+----+------------+------------+
    |add_ln712_10_fu_7677_p2  |         +|   0|  0|  32|          32|          32|
    |add_ln712_11_fu_7556_p2  |         +|   0|  0|  32|          32|          32|
    |add_ln712_12_fu_7562_p2  |         +|   0|  0|  32|          32|          32|
    |add_ln712_13_fu_7568_p2  |         +|   0|  0|  32|          32|          32|
    |add_ln712_14_fu_7574_p2  |         +|   0|  0|  32|          32|          32|
    |add_ln712_15_fu_7683_p2  |         +|   0|  0|  32|          32|          32|
    |add_ln712_16_fu_7580_p2  |         +|   0|  0|  39|          32|          32|
    |add_ln712_17_fu_7687_p2  |         +|   0|  0|  32|          32|          32|
    |add_ln712_18_fu_7691_p2  |         +|   0|  0|  32|          32|          32|
    |add_ln712_19_fu_7586_p2  |         +|   0|  0|  39|          32|          32|
    |add_ln712_1_fu_7520_p2   |         +|   0|  0|  32|          32|          32|
    |add_ln712_20_fu_7695_p2  |         +|   0|  0|  32|          32|          32|
    |add_ln712_21_fu_7700_p2  |         +|   0|  0|  32|          32|          32|
    |add_ln712_22_fu_7706_p2  |         +|   0|  0|  32|          32|          32|
    |add_ln712_23_fu_7712_p2  |         +|   0|  0|  32|          32|          32|
    |add_ln712_24_fu_7592_p2  |         +|   0|  0|  39|          32|          32|
    |add_ln712_25_fu_7718_p2  |         +|   0|  0|  32|          32|          32|
    |add_ln712_26_fu_7598_p2  |         +|   0|  0|  32|          32|          32|
    |add_ln712_27_fu_7604_p2  |         +|   0|  0|  32|          32|          32|
    |add_ln712_28_fu_7722_p2  |         +|   0|  0|  32|          32|          32|
    |add_ln712_29_fu_7610_p2  |         +|   0|  0|  39|          32|          32|
    |add_ln712_2_fu_7526_p2   |         +|   0|  0|  32|          32|          32|
    |add_ln712_30_fu_7727_p2  |         +|   0|  0|  32|          32|          32|
    |add_ln712_31_fu_7616_p2  |         +|   0|  0|  32|          32|          32|
    |add_ln712_32_fu_7622_p2  |         +|   0|  0|  32|          32|          32|
    |add_ln712_33_fu_7731_p2  |         +|   0|  0|  32|          32|          32|
    |add_ln712_34_fu_7736_p2  |         +|   0|  0|  32|          32|          32|
    |add_ln712_35_fu_7628_p2  |         +|   0|  0|  32|          32|          32|
    |add_ln712_36_fu_7634_p2  |         +|   0|  0|  32|          32|          32|
    |add_ln712_37_fu_7640_p2  |         +|   0|  0|  32|          32|          32|
    |add_ln712_38_fu_7646_p2  |         +|   0|  0|  32|          32|          32|
    |add_ln712_39_fu_7742_p2  |         +|   0|  0|  32|          32|          32|
    |add_ln712_3_fu_7532_p2   |         +|   0|  0|  32|          32|          32|
    |add_ln712_40_fu_7652_p2  |         +|   0|  0|  39|          32|          32|
    |add_ln712_41_fu_7746_p2  |         +|   0|  0|  32|          32|          32|
    |add_ln712_42_fu_7750_p2  |         +|   0|  0|  32|          32|          32|
    |add_ln712_43_fu_7658_p2  |         +|   0|  0|  39|          32|          32|
    |add_ln712_44_fu_7754_p2  |         +|   0|  0|  32|          32|          32|
    |add_ln712_45_fu_7759_p2  |         +|   0|  0|  32|          32|          32|
    |add_ln712_46_fu_7765_p2  |         +|   0|  0|  32|          32|          32|
    |add_ln712_47_fu_7771_p2  |         +|   0|  0|  32|          32|          32|
    |add_ln712_4_fu_7664_p2   |         +|   0|  0|  32|          32|          32|
    |add_ln712_5_fu_7538_p2   |         +|   0|  0|  39|          32|          32|
    |add_ln712_6_fu_7668_p2   |         +|   0|  0|  32|          32|          32|
    |add_ln712_7_fu_7544_p2   |         +|   0|  0|  32|          32|          32|
    |add_ln712_8_fu_7550_p2   |         +|   0|  0|  32|          32|          32|
    |add_ln712_9_fu_7672_p2   |         +|   0|  0|  32|          32|          32|
    |add_ln712_fu_7514_p2     |         +|   0|  0|  32|          32|          32|
    |ap_return                |         +|   0|  0|  32|          32|          32|
    +-------------------------+----------+----+---+----+------------+------------+
    |Total                    |          |   0|  0|1617|        1568|        1568|
    +-------------------------+----------+----+---+----+------------+------------+

    * Multiplexer: 
    N/A

    * Register: 
    +-----------------------+----+----+-----+-----------+
    |          Name         | FF | LUT| Bits| Const Bits|
    +-----------------------+----+----+-----+-----------+
    |add_ln712_12_reg_8388  |  32|   0|   32|          0|
    |add_ln712_14_reg_8393  |  32|   0|   32|          0|
    |add_ln712_16_reg_8398  |  32|   0|   32|          0|
    |add_ln712_19_reg_8403  |  32|   0|   32|          0|
    |add_ln712_1_reg_8368   |  32|   0|   32|          0|
    |add_ln712_24_reg_8408  |  32|   0|   32|          0|
    |add_ln712_27_reg_8413  |  32|   0|   32|          0|
    |add_ln712_29_reg_8418  |  32|   0|   32|          0|
    |add_ln712_32_reg_8423  |  32|   0|   32|          0|
    |add_ln712_36_reg_8428  |  32|   0|   32|          0|
    |add_ln712_38_reg_8433  |  32|   0|   32|          0|
    |add_ln712_3_reg_8373   |  32|   0|   32|          0|
    |add_ln712_40_reg_8438  |  32|   0|   32|          0|
    |add_ln712_43_reg_8443  |  32|   0|   32|          0|
    |add_ln712_5_reg_8378   |  32|   0|   32|          0|
    |add_ln712_8_reg_8383   |  32|   0|   32|          0|
    |p_read1_int_reg        |  32|   0|   32|          0|
    |p_read2_int_reg        |  32|   0|   32|          0|
    |p_read3_int_reg        |  32|   0|   32|          0|
    |p_read4_int_reg        |  32|   0|   32|          0|
    |p_read5_int_reg        |  32|   0|   32|          0|
    |p_read6_int_reg        |  32|   0|   32|          0|
    |p_read7_int_reg        |  32|   0|   32|          0|
    |p_read8_int_reg        |  32|   0|   32|          0|
    |p_read9_int_reg        |  32|   0|   32|          0|
    |p_read_int_reg         |  32|   0|   32|          0|
    |s_V_18_reg_8328        |  32|   0|   32|          0|
    |s_V_21_reg_8333        |  32|   0|   32|          0|
    |s_V_22_reg_8338        |  32|   0|   32|          0|
    |s_V_25_reg_8343        |  32|   0|   32|          0|
    |s_V_31_reg_8348        |  32|   0|   32|          0|
    |s_V_43_reg_8353        |  32|   0|   32|          0|
    |s_V_46_reg_8358        |  32|   0|   32|          0|
    |s_V_47_reg_8363        |  32|   0|   32|          0|
    |s_V_6_reg_8323         |  32|   0|   32|          0|
    +-----------------------+----+----+-----+-----------+
    |Total                  |1120|   0| 1120|          0|
    +-----------------------+----+----+-----+-----------+



================================================================
== Interface
================================================================
* Summary: 
+-----------+-----+-----+------------+--------------+--------------+
| RTL Ports | Dir | Bits|  Protocol  | Source Object|    C Type    |
+-----------+-----+-----+------------+--------------+--------------+
|ap_clk     |   in|    1|  ap_ctrl_hs|     myproject|  return value|
|ap_rst     |   in|    1|  ap_ctrl_hs|     myproject|  return value|
|ap_return  |  out|   32|  ap_ctrl_hs|     myproject|  return value|
|p_read     |   in|   32|     ap_none|        p_read|        scalar|
|p_read1    |   in|   32|     ap_none|       p_read1|        scalar|
|p_read2    |   in|   32|     ap_none|       p_read2|        scalar|
|p_read3    |   in|   32|     ap_none|       p_read3|        scalar|
|p_read4    |   in|   32|     ap_none|       p_read4|        scalar|
|p_read5    |   in|   32|     ap_none|       p_read5|        scalar|
|p_read6    |   in|   32|     ap_none|       p_read6|        scalar|
|p_read7    |   in|   32|     ap_none|       p_read7|        scalar|
|p_read8    |   in|   32|     ap_none|       p_read8|        scalar|
|p_read9    |   in|   32|     ap_none|       p_read9|        scalar|
+-----------+-----+-----+------------+--------------+--------------+

