#-----------------------------------------------------------
# Vivado v2021.2 (64-bit)
# SW Build 3367213 on Tue Oct 19 02:47:39 MDT 2021
# IP Build 3369179 on Thu Oct 21 08:25:16 MDT 2021
# Start of session at: Sun Jun 26 16:41:52 2022
# Process ID: 2165276
# Current directory: /home/nghielme/PycharmProjects/aca-project/conifer-opt/wrapper_heavily_unbalanced/myproject_prj/solution1/impl/ip
# Command line: vivado -notrace -mode batch -source run_ippack.tcl
# Log file: /home/nghielme/PycharmProjects/aca-project/conifer-opt/wrapper_heavily_unbalanced/myproject_prj/solution1/impl/ip/vivado.log
# Journal file: /home/nghielme/PycharmProjects/aca-project/conifer-opt/wrapper_heavily_unbalanced/myproject_prj/solution1/impl/ip/vivado.jou
# Running On: yavin, OS: Linux, CPU Frequency: 4600.019 MHz, CPU Physical cores: 8, Host memory: 67274 MB
#-----------------------------------------------------------
source run_ippack.tcl -notrace
INFO: [IP_Flow 19-234] Refreshing IP repositories
INFO: [IP_Flow 19-1704] No user IP repositories specified
INFO: [IP_Flow 19-2313] Loaded Vivado IP repository '/opt/Xilinx/Vivado/2021.2/data/ip'.
WARNING: [IP_Flow 19-4832] The IP name 'myproject_axi_fpext_32ns_64_2_no_dsp_1_ip' you have specified is long. The Windows operating system has path length limitations. It is recommended you use shorter names to reduce the likelihood of issues.
INFO: [IP_Flow 19-1686] Generating 'Synthesis' target for IP 'myproject_axi_fpext_32ns_64_2_no_dsp_1_ip'...
INFO: [IP_Flow 19-1686] Generating 'Simulation' target for IP 'myproject_axi_fpext_32ns_64_2_no_dsp_1_ip'...
INFO: [IP_Flow 19-234] Refreshing IP repositories
INFO: [IP_Flow 19-1704] No user IP repositories specified
INFO: [IP_Flow 19-2313] Loaded Vivado IP repository '/opt/Xilinx/Vivado/2021.2/data/ip'.
INFO: [Common 17-206] Exiting Vivado at Sun Jun 26 16:42:02 2022...
