

================================================================
== Vitis HLS Report for 'decision_function_45'
================================================================
* Date:           Sun Jun 26 16:46:46 2022

* Version:        2021.2 (Build 3367213 on Tue Oct 19 02:47:39 MDT 2021)
* Project:        myproject_prj
* Solution:       solution1 (Vivado IP Flow Target)
* Product family: zynquplus
* Target device:  xczu3eg-sbva484-1-e


================================================================
== Performance Estimates
================================================================
+ Timing: 
    * Summary: 
    +--------+---------+----------+------------+
    |  Clock |  Target | Estimated| Uncertainty|
    +--------+---------+----------+------------+
    |ap_clk  |  7.00 ns|  4.070 ns|     1.89 ns|
    +--------+---------+----------+------------+

+ Latency: 
    * Summary: 
    +---------+---------+----------+----------+-----+-----+---------+
    |  Latency (cycles) |  Latency (absolute) |  Interval | Pipeline|
    |   min   |   max   |    min   |    max   | min | max |   Type  |
    +---------+---------+----------+----------+-----+-----+---------+
    |        0|        0|      0 ns|      0 ns|    1|    1|      yes|
    +---------+---------+----------+----------+-----+-----+---------+

    + Detail: 
        * Instance: 
        N/A

        * Loop: 
        N/A

============================================================
+ Verbose Summary: Synthesis Manager
============================================================
InlineROM: 1
ExposeGlobal: 0
============================================================
+ Verbose Summary: CDFG Model
============================================================
IsTopModel: 0
ResetActiveHigh: 1
IsCombinational: 0
IsDatapathOnly: 0
HasWiredReturn: 1
HasMFsm: 2
HasVarLatency: 0
IsPipeline: 1
IsRtlPipelined: 0
IsInstanceOverlapped: 0
IsDontTouch: 0
HasImplIP: 0
IsGatedGlobalClock: 0

+ Individual pipeline summary: 
  * Pipeline-0: initiation interval (II) = 1, depth = 1


============================================================
+ Verbose Summary: Schedule
============================================================
* Number of FSM states : 1
* Pipeline : 1
  Pipeline-0 : II = 1, D = 1, States = { 1 }
* Dataflow Pipeline: 0

* FSM state transitions: 
1 --> 

* FSM state operations: 

State 1 <SV = 0> <Delay = 4.07>
ST_1 : Operation 2 [1/1] (0.00ns)   --->   "%specpipeline_ln0 = specpipeline void @_ssdm_op_SpecPipeline, i32 1, i32 0, i32 0, i32 0, void @empty_1" [firmware/BDT.h:0]   --->   Operation 2 'specpipeline' 'specpipeline_ln0' <Predicate = true> <Delay = 0.00>
ST_1 : Operation 3 [1/1] (0.00ns)   --->   "%p_read44 = read i32 @_ssdm_op_Read.ap_auto.i32, i32 %p_read4"   --->   Operation 3 'read' 'p_read44' <Predicate = true> <Delay = 0.00>
ST_1 : Operation 4 [1/1] (0.00ns)   --->   "%p_read33 = read i32 @_ssdm_op_Read.ap_auto.i32, i32 %p_read3"   --->   Operation 4 'read' 'p_read33' <Predicate = true> <Delay = 0.00>
ST_1 : Operation 5 [1/1] (0.00ns)   --->   "%p_read22 = read i32 @_ssdm_op_Read.ap_auto.i32, i32 %p_read2"   --->   Operation 5 'read' 'p_read22' <Predicate = true> <Delay = 0.00>
ST_1 : Operation 6 [1/1] (0.00ns)   --->   "%p_read11 = read i32 @_ssdm_op_Read.ap_auto.i32, i32 %p_read1"   --->   Operation 6 'read' 'p_read11' <Predicate = true> <Delay = 0.00>
ST_1 : Operation 7 [1/1] (1.11ns)   --->   "%comparison = icmp_slt  i32 %p_read44, i32 4294903645"   --->   Operation 7 'icmp' 'comparison' <Predicate = true> <Delay = 1.11> <CoreInst = "Cmp">   --->   Core 9 'Cmp' <Latency = 0> <II = 1> <Delay = 1.11> <FuncUnit> <Opcode : 'icmp'> <InPorts = 2> <OutPorts = 1>
ST_1 : Operation 8 [1/1] (1.11ns)   --->   "%comparison_54 = icmp_slt  i32 %p_read44, i32 4294822728"   --->   Operation 8 'icmp' 'comparison_54' <Predicate = true> <Delay = 1.11> <CoreInst = "Cmp">   --->   Core 9 'Cmp' <Latency = 0> <II = 1> <Delay = 1.11> <FuncUnit> <Opcode : 'icmp'> <InPorts = 2> <OutPorts = 1>
ST_1 : Operation 9 [1/1] (1.11ns)   --->   "%comparison_50 = icmp_slt  i32 %p_read22, i32 4294864107"   --->   Operation 9 'icmp' 'comparison_50' <Predicate = (or_ln208_36)> <Delay = 1.11> <CoreInst = "Cmp">   --->   Core 9 'Cmp' <Latency = 0> <II = 1> <Delay = 1.11> <FuncUnit> <Opcode : 'icmp'> <InPorts = 2> <OutPorts = 1>
ST_1 : Operation 10 [1/1] (1.11ns)   --->   "%comparison_51 = icmp_slt  i32 %p_read33, i32 16876"   --->   Operation 10 'icmp' 'comparison_51' <Predicate = (or_ln208_32 & or_ln208_33 & or_ln208_34 & or_ln208_35 & or_ln208_36)> <Delay = 1.11> <CoreInst = "Cmp">   --->   Core 9 'Cmp' <Latency = 0> <II = 1> <Delay = 1.11> <FuncUnit> <Opcode : 'icmp'> <InPorts = 2> <OutPorts = 1>
ST_1 : Operation 11 [1/1] (1.11ns)   --->   "%comparison_52 = icmp_slt  i32 %p_read11, i32 4294915077"   --->   Operation 11 'icmp' 'comparison_52' <Predicate = (or_ln208_34 & or_ln208_35 & or_ln208_36)> <Delay = 1.11> <CoreInst = "Cmp">   --->   Core 9 'Cmp' <Latency = 0> <II = 1> <Delay = 1.11> <FuncUnit> <Opcode : 'icmp'> <InPorts = 2> <OutPorts = 1>
ST_1 : Operation 12 [1/1] (1.11ns)   --->   "%comparison_53 = icmp_slt  i32 %p_read44, i32 62878"   --->   Operation 12 'icmp' 'comparison_53' <Predicate = (or_ln208_36)> <Delay = 1.11> <CoreInst = "Cmp">   --->   Core 9 'Cmp' <Latency = 0> <II = 1> <Delay = 1.11> <FuncUnit> <Opcode : 'icmp'> <InPorts = 2> <OutPorts = 1>
ST_1 : Operation 13 [1/1] (0.33ns)   --->   "%activation_63 = xor i1 %comparison, i1 1" [firmware/BDT.h:195]   --->   Operation 13 'xor' 'activation_63' <Predicate = true> <Delay = 0.33> <CoreInst = "LogicGate">   --->   Core 74 'LogicGate' <Latency = 0> <II = 1> <Delay = 0.33> <FuncUnit> <Opcode : 'and' 'or' 'xor'> <InPorts = 2> <OutPorts = 1>
ST_1 : Operation 14 [1/1] (0.33ns)   --->   "%xor_ln195 = xor i1 %comparison_54, i1 1" [firmware/BDT.h:195]   --->   Operation 14 'xor' 'xor_ln195' <Predicate = true> <Delay = 0.33> <CoreInst = "LogicGate">   --->   Core 74 'LogicGate' <Latency = 0> <II = 1> <Delay = 0.33> <FuncUnit> <Opcode : 'and' 'or' 'xor'> <InPorts = 2> <OutPorts = 1>
ST_1 : Operation 15 [1/1] (0.33ns)   --->   "%activation_65 = and i1 %comparison, i1 %xor_ln195" [firmware/BDT.h:195]   --->   Operation 15 'and' 'activation_65' <Predicate = true> <Delay = 0.33> <CoreInst = "LogicGate">   --->   Core 74 'LogicGate' <Latency = 0> <II = 1> <Delay = 0.33> <FuncUnit> <Opcode : 'and' 'or' 'xor'> <InPorts = 2> <OutPorts = 1>
ST_1 : Operation 16 [1/1] (0.33ns)   --->   "%activation_66 = and i1 %comparison_50, i1 %activation_63" [firmware/BDT.h:193]   --->   Operation 16 'and' 'activation_66' <Predicate = (or_ln208_36)> <Delay = 0.33> <CoreInst = "LogicGate">   --->   Core 74 'LogicGate' <Latency = 0> <II = 1> <Delay = 0.33> <FuncUnit> <Opcode : 'and' 'or' 'xor'> <InPorts = 2> <OutPorts = 1>
ST_1 : Operation 17 [1/1] (0.00ns) (grouped into LUT with out node tmp)   --->   "%xor_ln195_19 = xor i1 %comparison_50, i1 1" [firmware/BDT.h:195]   --->   Operation 17 'xor' 'xor_ln195_19' <Predicate = (or_ln208_36)> <Delay = 0.00> <CoreInst = "LogicGate">   --->   Core 74 'LogicGate' <Latency = 0> <II = 1> <Delay = 0.33> <FuncUnit> <Opcode : 'and' 'or' 'xor'> <InPorts = 2> <OutPorts = 1>
ST_1 : Operation 18 [1/1] (0.00ns) (grouped into LUT with out node select_ln208_39)   --->   "%activation = and i1 %comparison_51, i1 %activation_65" [firmware/BDT.h:193]   --->   Operation 18 'and' 'activation' <Predicate = (or_ln208_32 & or_ln208_33 & or_ln208_34 & or_ln208_35 & or_ln208_36)> <Delay = 0.00> <CoreInst = "LogicGate">   --->   Core 74 'LogicGate' <Latency = 0> <II = 1> <Delay = 0.33> <FuncUnit> <Opcode : 'and' 'or' 'xor'> <InPorts = 2> <OutPorts = 1>
ST_1 : Operation 19 [1/1] (0.00ns) (grouped into LUT with out node select_ln208_41)   --->   "%activation_67 = and i1 %comparison_52, i1 %activation_66" [firmware/BDT.h:193]   --->   Operation 19 'and' 'activation_67' <Predicate = (or_ln208_34 & or_ln208_35 & or_ln208_36)> <Delay = 0.00> <CoreInst = "LogicGate">   --->   Core 74 'LogicGate' <Latency = 0> <II = 1> <Delay = 0.33> <FuncUnit> <Opcode : 'and' 'or' 'xor'> <InPorts = 2> <OutPorts = 1>
ST_1 : Operation 20 [1/1] (0.00ns) (grouped into LUT with out node tmp)   --->   "%and_ln193 = and i1 %comparison_53, i1 %activation_63" [firmware/BDT.h:193]   --->   Operation 20 'and' 'and_ln193' <Predicate = (or_ln208_36)> <Delay = 0.00> <CoreInst = "LogicGate">   --->   Core 74 'LogicGate' <Latency = 0> <II = 1> <Delay = 0.33> <FuncUnit> <Opcode : 'and' 'or' 'xor'> <InPorts = 2> <OutPorts = 1>
ST_1 : Operation 21 [1/1] (0.00ns) (grouped into LUT with out node tmp)   --->   "%activation_68 = and i1 %and_ln193, i1 %xor_ln195_19" [firmware/BDT.h:193]   --->   Operation 21 'and' 'activation_68' <Predicate = (or_ln208_36)> <Delay = 0.00> <CoreInst = "LogicGate">   --->   Core 74 'LogicGate' <Latency = 0> <II = 1> <Delay = 0.33> <FuncUnit> <Opcode : 'and' 'or' 'xor'> <InPorts = 2> <OutPorts = 1>
ST_1 : Operation 22 [1/1] (0.00ns) (grouped into LUT with out node select_ln208_39)   --->   "%or_ln208 = or i1 %comparison_54, i1 %activation" [firmware/BDT.h:208]   --->   Operation 22 'or' 'or_ln208' <Predicate = (or_ln208_32 & or_ln208_33 & or_ln208_34 & or_ln208_35 & or_ln208_36)> <Delay = 0.00> <CoreInst = "LogicGate">   --->   Core 74 'LogicGate' <Latency = 0> <II = 1> <Delay = 0.33> <FuncUnit> <Opcode : 'and' 'or' 'xor'> <InPorts = 2> <OutPorts = 1>
ST_1 : Operation 23 [1/1] (0.00ns) (grouped into LUT with out node select_ln208_39)   --->   "%zext_ln208 = zext i1 %xor_ln195" [firmware/BDT.h:208]   --->   Operation 23 'zext' 'zext_ln208' <Predicate = (or_ln208 & or_ln208_32 & or_ln208_33 & or_ln208_34 & or_ln208_35 & or_ln208_36)> <Delay = 0.00>
ST_1 : Operation 24 [1/1] (0.33ns)   --->   "%or_ln208_32 = or i1 %comparison_54, i1 %activation_65" [firmware/BDT.h:208]   --->   Operation 24 'or' 'or_ln208_32' <Predicate = true> <Delay = 0.33> <CoreInst = "LogicGate">   --->   Core 74 'LogicGate' <Latency = 0> <II = 1> <Delay = 0.33> <FuncUnit> <Opcode : 'and' 'or' 'xor'> <InPorts = 2> <OutPorts = 1>
ST_1 : Operation 25 [1/1] (0.00ns) (grouped into LUT with out node select_ln208_39)   --->   "%select_ln208 = select i1 %or_ln208, i2 %zext_ln208, i2 2" [firmware/BDT.h:208]   --->   Operation 25 'select' 'select_ln208' <Predicate = (or_ln208_32 & or_ln208_33 & or_ln208_34 & or_ln208_35 & or_ln208_36)> <Delay = 0.00> <CoreInst = "Sel">   --->   Core 73 'Sel' <Latency = 0> <II = 1> <Delay = 0.52> <FuncUnit> <Opcode : 'select'> <InPorts = 3> <OutPorts = 1>
ST_1 : Operation 26 [1/1] (0.00ns) (grouped into LUT with out node select_ln208_41)   --->   "%or_ln208_33 = or i1 %or_ln208_32, i1 %activation_67" [firmware/BDT.h:208]   --->   Operation 26 'or' 'or_ln208_33' <Predicate = (or_ln208_34 & or_ln208_35 & or_ln208_36)> <Delay = 0.00> <CoreInst = "LogicGate">   --->   Core 74 'LogicGate' <Latency = 0> <II = 1> <Delay = 0.33> <FuncUnit> <Opcode : 'and' 'or' 'xor'> <InPorts = 2> <OutPorts = 1>
ST_1 : Operation 27 [1/1] (0.33ns) (out node of the LUT)   --->   "%select_ln208_39 = select i1 %or_ln208_32, i2 %select_ln208, i2 3" [firmware/BDT.h:208]   --->   Operation 27 'select' 'select_ln208_39' <Predicate = (or_ln208_33 & or_ln208_34 & or_ln208_35 & or_ln208_36)> <Delay = 0.33> <CoreInst = "Sel">   --->   Core 73 'Sel' <Latency = 0> <II = 1> <Delay = 0.52> <FuncUnit> <Opcode : 'select'> <InPorts = 3> <OutPorts = 1>
ST_1 : Operation 28 [1/1] (0.00ns) (grouped into LUT with out node select_ln208_41)   --->   "%zext_ln208_10 = zext i2 %select_ln208_39" [firmware/BDT.h:208]   --->   Operation 28 'zext' 'zext_ln208_10' <Predicate = (or_ln208_33 & or_ln208_34 & or_ln208_35 & or_ln208_36)> <Delay = 0.00>
ST_1 : Operation 29 [1/1] (0.33ns)   --->   "%or_ln208_34 = or i1 %or_ln208_32, i1 %activation_66" [firmware/BDT.h:208]   --->   Operation 29 'or' 'or_ln208_34' <Predicate = (or_ln208_36)> <Delay = 0.33> <CoreInst = "LogicGate">   --->   Core 74 'LogicGate' <Latency = 0> <II = 1> <Delay = 0.33> <FuncUnit> <Opcode : 'and' 'or' 'xor'> <InPorts = 2> <OutPorts = 1>
ST_1 : Operation 30 [1/1] (0.00ns) (grouped into LUT with out node select_ln208_41)   --->   "%select_ln208_40 = select i1 %or_ln208_33, i3 %zext_ln208_10, i3 4" [firmware/BDT.h:208]   --->   Operation 30 'select' 'select_ln208_40' <Predicate = (or_ln208_34 & or_ln208_35 & or_ln208_36)> <Delay = 0.00> <CoreInst = "Sel">   --->   Core 73 'Sel' <Latency = 0> <II = 1> <Delay = 0.52> <FuncUnit> <Opcode : 'select'> <InPorts = 3> <OutPorts = 1>
ST_1 : Operation 31 [1/1] (0.00ns) (grouped into LUT with out node tmp)   --->   "%or_ln208_35 = or i1 %or_ln208_34, i1 %activation_68" [firmware/BDT.h:208]   --->   Operation 31 'or' 'or_ln208_35' <Predicate = (or_ln208_36)> <Delay = 0.00> <CoreInst = "LogicGate">   --->   Core 74 'LogicGate' <Latency = 0> <II = 1> <Delay = 0.33> <FuncUnit> <Opcode : 'and' 'or' 'xor'> <InPorts = 2> <OutPorts = 1>
ST_1 : Operation 32 [1/1] (0.33ns) (out node of the LUT)   --->   "%select_ln208_41 = select i1 %or_ln208_34, i3 %select_ln208_40, i3 5" [firmware/BDT.h:208]   --->   Operation 32 'select' 'select_ln208_41' <Predicate = (or_ln208_35 & or_ln208_36)> <Delay = 0.33> <CoreInst = "Sel">   --->   Core 73 'Sel' <Latency = 0> <II = 1> <Delay = 0.52> <FuncUnit> <Opcode : 'select'> <InPorts = 3> <OutPorts = 1>
ST_1 : Operation 33 [1/1] (0.00ns) (grouped into LUT with out node select_ln208_43)   --->   "%or_ln208_36 = or i1 %or_ln208_32, i1 %activation_63" [firmware/BDT.h:208]   --->   Operation 33 'or' 'or_ln208_36' <Predicate = true> <Delay = 0.00> <CoreInst = "LogicGate">   --->   Core 74 'LogicGate' <Latency = 0> <II = 1> <Delay = 0.33> <FuncUnit> <Opcode : 'and' 'or' 'xor'> <InPorts = 2> <OutPorts = 1>
ST_1 : Operation 34 [1/1] (0.00ns) (grouped into LUT with out node tmp)   --->   "%select_ln208_42 = select i1 %or_ln208_35, i3 %select_ln208_41, i3 6" [firmware/BDT.h:208]   --->   Operation 34 'select' 'select_ln208_42' <Predicate = (or_ln208_36)> <Delay = 0.00> <CoreInst = "Sel">   --->   Core 73 'Sel' <Latency = 0> <II = 1> <Delay = 0.52> <FuncUnit> <Opcode : 'select'> <InPorts = 3> <OutPorts = 1>
ST_1 : Operation 35 [1/1] (0.77ns) (out node of the LUT)   --->   "%tmp = mux i32 @_ssdm_op_Mux.ap_auto.7i32.i3, i32 101781, i32 8719, i32 50520, i32 18928, i32 74228, i32 4294948278, i32 24301, i3 %select_ln208_42" [firmware/BDT.h:209]   --->   Operation 35 'mux' 'tmp' <Predicate = (or_ln208_36)> <Delay = 0.77> <CoreInst = "Multiplexer">   --->   Core 76 'Multiplexer' <Latency = 0> <II = 1> <Delay = 0.77> <FuncUnit> <Opcode : 'mux'> <InPorts = 2> <OutPorts = 1>
ST_1 : Operation 36 [1/1] (0.52ns) (out node of the LUT)   --->   "%select_ln208_43 = select i1 %or_ln208_36, i32 %tmp, i32 0" [firmware/BDT.h:208]   --->   Operation 36 'select' 'select_ln208_43' <Predicate = true> <Delay = 0.52> <CoreInst = "Sel">   --->   Core 73 'Sel' <Latency = 0> <II = 1> <Delay = 0.52> <FuncUnit> <Opcode : 'select'> <InPorts = 3> <OutPorts = 1>
ST_1 : Operation 37 [1/1] (0.00ns)   --->   "%ret_ln213 = ret i32 %select_ln208_43" [firmware/BDT.h:213]   --->   Operation 37 'ret' 'ret_ln213' <Predicate = true> <Delay = 0.00>


============================================================
+ Verbose Summary: Binding
============================================================
STG Binding: 
---------------- STG Properties BEGIN ----------------
- Is combinational: 1
- Is one-state seq: 0
- Is datapath-only: 0
- Is pipelined: 1
- Is top level: 0
Port [ Return ] is wired: 1; IO mode=ap_ctrl_hs:ce=0
Port [ p_read1]:  wired=1; compound=0; hidden=0; nouse=0; global=0; static=0; extern=0; dir=0; type=0; pingpong=0; private_global=0; IO mode=ap_none:ce=0
Port [ p_read2]:  wired=1; compound=0; hidden=0; nouse=0; global=0; static=0; extern=0; dir=0; type=0; pingpong=0; private_global=0; IO mode=ap_none:ce=0
Port [ p_read3]:  wired=1; compound=0; hidden=0; nouse=0; global=0; static=0; extern=0; dir=0; type=0; pingpong=0; private_global=0; IO mode=ap_none:ce=0
Port [ p_read4]:  wired=1; compound=0; hidden=0; nouse=0; global=0; static=0; extern=0; dir=0; type=0; pingpong=0; private_global=0; IO mode=ap_none:ce=0
---------------- STG Properties END ------------------

---------------- Datapath Model BEGIN ----------------

<LifeTime>
<method=bitvector/>
specpipeline_ln0 (specpipeline) [ 00]
p_read44         (read        ) [ 00]
p_read33         (read        ) [ 00]
p_read22         (read        ) [ 00]
p_read11         (read        ) [ 00]
comparison       (icmp        ) [ 00]
comparison_54    (icmp        ) [ 00]
comparison_50    (icmp        ) [ 00]
comparison_51    (icmp        ) [ 00]
comparison_52    (icmp        ) [ 00]
comparison_53    (icmp        ) [ 00]
activation_63    (xor         ) [ 00]
xor_ln195        (xor         ) [ 00]
activation_65    (and         ) [ 00]
activation_66    (and         ) [ 00]
xor_ln195_19     (xor         ) [ 00]
activation       (and         ) [ 00]
activation_67    (and         ) [ 00]
and_ln193        (and         ) [ 00]
activation_68    (and         ) [ 00]
or_ln208         (or          ) [ 01]
zext_ln208       (zext        ) [ 00]
or_ln208_32      (or          ) [ 01]
select_ln208     (select      ) [ 00]
or_ln208_33      (or          ) [ 01]
select_ln208_39  (select      ) [ 00]
zext_ln208_10    (zext        ) [ 00]
or_ln208_34      (or          ) [ 01]
select_ln208_40  (select      ) [ 00]
or_ln208_35      (or          ) [ 01]
select_ln208_41  (select      ) [ 00]
or_ln208_36      (or          ) [ 01]
select_ln208_42  (select      ) [ 00]
tmp              (mux         ) [ 00]
select_ln208_43  (select      ) [ 00]
ret_ln213        (ret         ) [ 00]
</LifeTime>

<model>

<comp_list>
<comp id="0" class="1000" name="p_read1">
<pin_list>
<pin id="1" dir="1" index="0" bw="1" slack="0"/>
</pin_list>
<bind>
<StgValue><ssdm name="p_read1"/></StgValue>
</bind>
</comp>

<comp id="2" class="1000" name="p_read2">
<pin_list>
<pin id="3" dir="1" index="0" bw="1" slack="0"/>
</pin_list>
<bind>
<StgValue><ssdm name="p_read2"/></StgValue>
</bind>
</comp>

<comp id="4" class="1000" name="p_read3">
<pin_list>
<pin id="5" dir="1" index="0" bw="1" slack="0"/>
</pin_list>
<bind>
<StgValue><ssdm name="p_read3"/></StgValue>
</bind>
</comp>

<comp id="6" class="1000" name="p_read4">
<pin_list>
<pin id="7" dir="1" index="0" bw="1" slack="0"/>
</pin_list>
<bind>
<StgValue><ssdm name="p_read4"/></StgValue>
</bind>
</comp>

<comp id="8" class="1001" name="const_8">
<pin_list>
<pin id="9" dir="1" index="0" bw="1" slack="2147483647"/>
</pin_list>
<bind>
<StgValue><ssdm name="_ssdm_op_SpecPipeline"/></StgValue>
</bind>
</comp>

<comp id="10" class="1001" name="const_10">
<pin_list>
<pin id="11" dir="1" index="0" bw="1" slack="2147483647"/>
</pin_list>
<bind>
<StgValue><ssdm name=""/></StgValue>
</bind>
</comp>

<comp id="12" class="1001" name="const_12">
<pin_list>
<pin id="13" dir="1" index="0" bw="1" slack="0"/>
</pin_list>
<bind>
<StgValue><ssdm name=""/></StgValue>
</bind>
</comp>

<comp id="14" class="1001" name="const_14">
<pin_list>
<pin id="15" dir="1" index="0" bw="1" slack="2147483647"/>
</pin_list>
<bind>
<StgValue><ssdm name="empty_1"/></StgValue>
</bind>
</comp>

<comp id="16" class="1001" name="const_16">
<pin_list>
<pin id="17" dir="1" index="0" bw="1" slack="0"/>
</pin_list>
<bind>
<StgValue><ssdm name="_ssdm_op_Read.ap_auto.i32"/></StgValue>
</bind>
</comp>

<comp id="18" class="1001" name="const_18">
<pin_list>
<pin id="19" dir="1" index="0" bw="1" slack="0"/>
</pin_list>
<bind>
<StgValue><ssdm name=""/></StgValue>
</bind>
</comp>

<comp id="20" class="1001" name="const_20">
<pin_list>
<pin id="21" dir="1" index="0" bw="1" slack="0"/>
</pin_list>
<bind>
<StgValue><ssdm name=""/></StgValue>
</bind>
</comp>

<comp id="22" class="1001" name="const_22">
<pin_list>
<pin id="23" dir="1" index="0" bw="1" slack="0"/>
</pin_list>
<bind>
<StgValue><ssdm name=""/></StgValue>
</bind>
</comp>

<comp id="24" class="1001" name="const_24">
<pin_list>
<pin id="25" dir="1" index="0" bw="1" slack="0"/>
</pin_list>
<bind>
<StgValue><ssdm name=""/></StgValue>
</bind>
</comp>

<comp id="26" class="1001" name="const_26">
<pin_list>
<pin id="27" dir="1" index="0" bw="1" slack="0"/>
</pin_list>
<bind>
<StgValue><ssdm name=""/></StgValue>
</bind>
</comp>

<comp id="28" class="1001" name="const_28">
<pin_list>
<pin id="29" dir="1" index="0" bw="1" slack="0"/>
</pin_list>
<bind>
<StgValue><ssdm name=""/></StgValue>
</bind>
</comp>

<comp id="30" class="1001" name="const_30">
<pin_list>
<pin id="31" dir="1" index="0" bw="1" slack="0"/>
</pin_list>
<bind>
<StgValue><ssdm name=""/></StgValue>
</bind>
</comp>

<comp id="32" class="1001" name="const_32">
<pin_list>
<pin id="33" dir="1" index="0" bw="1" slack="0"/>
</pin_list>
<bind>
<StgValue><ssdm name=""/></StgValue>
</bind>
</comp>

<comp id="34" class="1001" name="const_34">
<pin_list>
<pin id="35" dir="1" index="0" bw="1" slack="0"/>
</pin_list>
<bind>
<StgValue><ssdm name=""/></StgValue>
</bind>
</comp>

<comp id="36" class="1001" name="const_36">
<pin_list>
<pin id="37" dir="1" index="0" bw="1" slack="0"/>
</pin_list>
<bind>
<StgValue><ssdm name=""/></StgValue>
</bind>
</comp>

<comp id="38" class="1001" name="const_38">
<pin_list>
<pin id="39" dir="1" index="0" bw="1" slack="0"/>
</pin_list>
<bind>
<StgValue><ssdm name=""/></StgValue>
</bind>
</comp>

<comp id="40" class="1001" name="const_40">
<pin_list>
<pin id="41" dir="1" index="0" bw="1" slack="0"/>
</pin_list>
<bind>
<StgValue><ssdm name=""/></StgValue>
</bind>
</comp>

<comp id="42" class="1001" name="const_42">
<pin_list>
<pin id="43" dir="1" index="0" bw="1" slack="0"/>
</pin_list>
<bind>
<StgValue><ssdm name="_ssdm_op_Mux.ap_auto.7i32.i3"/></StgValue>
</bind>
</comp>

<comp id="44" class="1001" name="const_44">
<pin_list>
<pin id="45" dir="1" index="0" bw="1" slack="0"/>
</pin_list>
<bind>
<StgValue><ssdm name=""/></StgValue>
</bind>
</comp>

<comp id="46" class="1001" name="const_46">
<pin_list>
<pin id="47" dir="1" index="0" bw="1" slack="0"/>
</pin_list>
<bind>
<StgValue><ssdm name=""/></StgValue>
</bind>
</comp>

<comp id="48" class="1001" name="const_48">
<pin_list>
<pin id="49" dir="1" index="0" bw="1" slack="0"/>
</pin_list>
<bind>
<StgValue><ssdm name=""/></StgValue>
</bind>
</comp>

<comp id="50" class="1001" name="const_50">
<pin_list>
<pin id="51" dir="1" index="0" bw="1" slack="0"/>
</pin_list>
<bind>
<StgValue><ssdm name=""/></StgValue>
</bind>
</comp>

<comp id="52" class="1001" name="const_52">
<pin_list>
<pin id="53" dir="1" index="0" bw="1" slack="0"/>
</pin_list>
<bind>
<StgValue><ssdm name=""/></StgValue>
</bind>
</comp>

<comp id="54" class="1001" name="const_54">
<pin_list>
<pin id="55" dir="1" index="0" bw="1" slack="0"/>
</pin_list>
<bind>
<StgValue><ssdm name=""/></StgValue>
</bind>
</comp>

<comp id="56" class="1001" name="const_56">
<pin_list>
<pin id="57" dir="1" index="0" bw="1" slack="0"/>
</pin_list>
<bind>
<StgValue><ssdm name=""/></StgValue>
</bind>
</comp>

<comp id="58" class="1004" name="p_read44_read_fu_58">
<pin_list>
<pin id="59" dir="0" index="0" bw="32" slack="0"/>
<pin id="60" dir="0" index="1" bw="32" slack="0"/>
<pin id="61" dir="1" index="2" bw="32" slack="0"/>
</pin_list>
<bind>
<opcode="read(1150) " fcode="read"/>
<opset="p_read44/1 "/>
</bind>
</comp>

<comp id="64" class="1004" name="p_read33_read_fu_64">
<pin_list>
<pin id="65" dir="0" index="0" bw="32" slack="0"/>
<pin id="66" dir="0" index="1" bw="32" slack="0"/>
<pin id="67" dir="1" index="2" bw="32" slack="0"/>
</pin_list>
<bind>
<opcode="read(1150) " fcode="read"/>
<opset="p_read33/1 "/>
</bind>
</comp>

<comp id="70" class="1004" name="p_read22_read_fu_70">
<pin_list>
<pin id="71" dir="0" index="0" bw="32" slack="0"/>
<pin id="72" dir="0" index="1" bw="32" slack="0"/>
<pin id="73" dir="1" index="2" bw="32" slack="0"/>
</pin_list>
<bind>
<opcode="read(1150) " fcode="read"/>
<opset="p_read22/1 "/>
</bind>
</comp>

<comp id="76" class="1004" name="p_read11_read_fu_76">
<pin_list>
<pin id="77" dir="0" index="0" bw="32" slack="0"/>
<pin id="78" dir="0" index="1" bw="32" slack="0"/>
<pin id="79" dir="1" index="2" bw="32" slack="0"/>
</pin_list>
<bind>
<opcode="read(1150) " fcode="read"/>
<opset="p_read11/1 "/>
</bind>
</comp>

<comp id="82" class="1004" name="comparison_fu_82">
<pin_list>
<pin id="83" dir="0" index="0" bw="32" slack="0"/>
<pin id="84" dir="0" index="1" bw="17" slack="0"/>
<pin id="85" dir="1" index="2" bw="1" slack="0"/>
</pin_list>
<bind>
<opcode="icmp(45) " fcode="icmp"/>
<opset="comparison/1 "/>
</bind>
</comp>

<comp id="88" class="1004" name="comparison_54_fu_88">
<pin_list>
<pin id="89" dir="0" index="0" bw="32" slack="0"/>
<pin id="90" dir="0" index="1" bw="19" slack="0"/>
<pin id="91" dir="1" index="2" bw="1" slack="0"/>
</pin_list>
<bind>
<opcode="icmp(45) " fcode="icmp"/>
<opset="comparison_54/1 "/>
</bind>
</comp>

<comp id="94" class="1004" name="comparison_50_fu_94">
<pin_list>
<pin id="95" dir="0" index="0" bw="32" slack="0"/>
<pin id="96" dir="0" index="1" bw="18" slack="0"/>
<pin id="97" dir="1" index="2" bw="1" slack="0"/>
</pin_list>
<bind>
<opcode="icmp(45) " fcode="icmp"/>
<opset="comparison_50/1 "/>
</bind>
</comp>

<comp id="100" class="1004" name="comparison_51_fu_100">
<pin_list>
<pin id="101" dir="0" index="0" bw="32" slack="0"/>
<pin id="102" dir="0" index="1" bw="16" slack="0"/>
<pin id="103" dir="1" index="2" bw="1" slack="0"/>
</pin_list>
<bind>
<opcode="icmp(45) " fcode="icmp"/>
<opset="comparison_51/1 "/>
</bind>
</comp>

<comp id="106" class="1004" name="comparison_52_fu_106">
<pin_list>
<pin id="107" dir="0" index="0" bw="32" slack="0"/>
<pin id="108" dir="0" index="1" bw="17" slack="0"/>
<pin id="109" dir="1" index="2" bw="1" slack="0"/>
</pin_list>
<bind>
<opcode="icmp(45) " fcode="icmp"/>
<opset="comparison_52/1 "/>
</bind>
</comp>

<comp id="112" class="1004" name="comparison_53_fu_112">
<pin_list>
<pin id="113" dir="0" index="0" bw="32" slack="0"/>
<pin id="114" dir="0" index="1" bw="17" slack="0"/>
<pin id="115" dir="1" index="2" bw="1" slack="0"/>
</pin_list>
<bind>
<opcode="icmp(45) " fcode="icmp"/>
<opset="comparison_53/1 "/>
</bind>
</comp>

<comp id="118" class="1004" name="activation_63_fu_118">
<pin_list>
<pin id="119" dir="0" index="0" bw="1" slack="0"/>
<pin id="120" dir="0" index="1" bw="1" slack="0"/>
<pin id="121" dir="1" index="2" bw="1" slack="0"/>
</pin_list>
<bind>
<opcode="xor(25) " fcode="xor"/>
<opset="activation_63/1 "/>
</bind>
</comp>

<comp id="124" class="1004" name="xor_ln195_fu_124">
<pin_list>
<pin id="125" dir="0" index="0" bw="1" slack="0"/>
<pin id="126" dir="0" index="1" bw="1" slack="0"/>
<pin id="127" dir="1" index="2" bw="1" slack="0"/>
</pin_list>
<bind>
<opcode="xor(25) " fcode="xor"/>
<opset="xor_ln195/1 "/>
</bind>
</comp>

<comp id="130" class="1004" name="activation_65_fu_130">
<pin_list>
<pin id="131" dir="0" index="0" bw="1" slack="0"/>
<pin id="132" dir="0" index="1" bw="1" slack="0"/>
<pin id="133" dir="1" index="2" bw="1" slack="0"/>
</pin_list>
<bind>
<opcode="and(23) " fcode="and"/>
<opset="activation_65/1 "/>
</bind>
</comp>

<comp id="136" class="1004" name="activation_66_fu_136">
<pin_list>
<pin id="137" dir="0" index="0" bw="1" slack="0"/>
<pin id="138" dir="0" index="1" bw="1" slack="0"/>
<pin id="139" dir="1" index="2" bw="1" slack="0"/>
</pin_list>
<bind>
<opcode="and(23) " fcode="and"/>
<opset="activation_66/1 "/>
</bind>
</comp>

<comp id="142" class="1004" name="xor_ln195_19_fu_142">
<pin_list>
<pin id="143" dir="0" index="0" bw="1" slack="0"/>
<pin id="144" dir="0" index="1" bw="1" slack="0"/>
<pin id="145" dir="1" index="2" bw="1" slack="0"/>
</pin_list>
<bind>
<opcode="xor(25) " fcode="xor"/>
<opset="xor_ln195_19/1 "/>
</bind>
</comp>

<comp id="148" class="1004" name="activation_fu_148">
<pin_list>
<pin id="149" dir="0" index="0" bw="1" slack="0"/>
<pin id="150" dir="0" index="1" bw="1" slack="0"/>
<pin id="151" dir="1" index="2" bw="1" slack="0"/>
</pin_list>
<bind>
<opcode="and(23) " fcode="and"/>
<opset="activation/1 "/>
</bind>
</comp>

<comp id="154" class="1004" name="activation_67_fu_154">
<pin_list>
<pin id="155" dir="0" index="0" bw="1" slack="0"/>
<pin id="156" dir="0" index="1" bw="1" slack="0"/>
<pin id="157" dir="1" index="2" bw="1" slack="0"/>
</pin_list>
<bind>
<opcode="and(23) " fcode="and"/>
<opset="activation_67/1 "/>
</bind>
</comp>

<comp id="160" class="1004" name="and_ln193_fu_160">
<pin_list>
<pin id="161" dir="0" index="0" bw="1" slack="0"/>
<pin id="162" dir="0" index="1" bw="1" slack="0"/>
<pin id="163" dir="1" index="2" bw="1" slack="0"/>
</pin_list>
<bind>
<opcode="and(23) " fcode="and"/>
<opset="and_ln193/1 "/>
</bind>
</comp>

<comp id="166" class="1004" name="activation_68_fu_166">
<pin_list>
<pin id="167" dir="0" index="0" bw="1" slack="0"/>
<pin id="168" dir="0" index="1" bw="1" slack="0"/>
<pin id="169" dir="1" index="2" bw="1" slack="0"/>
</pin_list>
<bind>
<opcode="and(23) " fcode="and"/>
<opset="activation_68/1 "/>
</bind>
</comp>

<comp id="172" class="1004" name="or_ln208_fu_172">
<pin_list>
<pin id="173" dir="0" index="0" bw="1" slack="0"/>
<pin id="174" dir="0" index="1" bw="1" slack="0"/>
<pin id="175" dir="1" index="2" bw="1" slack="0"/>
</pin_list>
<bind>
<opcode="or(24) " fcode="or"/>
<opset="or_ln208/1 "/>
</bind>
</comp>

<comp id="178" class="1004" name="zext_ln208_fu_178">
<pin_list>
<pin id="179" dir="0" index="0" bw="1" slack="0"/>
<pin id="180" dir="1" index="1" bw="2" slack="0"/>
</pin_list>
<bind>
<opcode="zext(34) " fcode="zext"/>
<opset="zext_ln208/1 "/>
</bind>
</comp>

<comp id="182" class="1004" name="or_ln208_32_fu_182">
<pin_list>
<pin id="183" dir="0" index="0" bw="1" slack="0"/>
<pin id="184" dir="0" index="1" bw="1" slack="0"/>
<pin id="185" dir="1" index="2" bw="1" slack="0"/>
</pin_list>
<bind>
<opcode="or(24) " fcode="or"/>
<opset="or_ln208_32/1 "/>
</bind>
</comp>

<comp id="188" class="1004" name="select_ln208_fu_188">
<pin_list>
<pin id="189" dir="0" index="0" bw="1" slack="0"/>
<pin id="190" dir="0" index="1" bw="1" slack="0"/>
<pin id="191" dir="0" index="2" bw="2" slack="0"/>
<pin id="192" dir="1" index="3" bw="2" slack="0"/>
</pin_list>
<bind>
<opcode="select(49) " fcode="select"/>
<opset="select_ln208/1 "/>
</bind>
</comp>

<comp id="196" class="1004" name="or_ln208_33_fu_196">
<pin_list>
<pin id="197" dir="0" index="0" bw="1" slack="0"/>
<pin id="198" dir="0" index="1" bw="1" slack="0"/>
<pin id="199" dir="1" index="2" bw="1" slack="0"/>
</pin_list>
<bind>
<opcode="or(24) " fcode="or"/>
<opset="or_ln208_33/1 "/>
</bind>
</comp>

<comp id="202" class="1004" name="select_ln208_39_fu_202">
<pin_list>
<pin id="203" dir="0" index="0" bw="1" slack="0"/>
<pin id="204" dir="0" index="1" bw="2" slack="0"/>
<pin id="205" dir="0" index="2" bw="1" slack="0"/>
<pin id="206" dir="1" index="3" bw="2" slack="0"/>
</pin_list>
<bind>
<opcode="select(49) " fcode="select"/>
<opset="select_ln208_39/1 "/>
</bind>
</comp>

<comp id="210" class="1004" name="zext_ln208_10_fu_210">
<pin_list>
<pin id="211" dir="0" index="0" bw="2" slack="0"/>
<pin id="212" dir="1" index="1" bw="3" slack="0"/>
</pin_list>
<bind>
<opcode="zext(34) " fcode="zext"/>
<opset="zext_ln208_10/1 "/>
</bind>
</comp>

<comp id="214" class="1004" name="or_ln208_34_fu_214">
<pin_list>
<pin id="215" dir="0" index="0" bw="1" slack="0"/>
<pin id="216" dir="0" index="1" bw="1" slack="0"/>
<pin id="217" dir="1" index="2" bw="1" slack="0"/>
</pin_list>
<bind>
<opcode="or(24) " fcode="or"/>
<opset="or_ln208_34/1 "/>
</bind>
</comp>

<comp id="220" class="1004" name="select_ln208_40_fu_220">
<pin_list>
<pin id="221" dir="0" index="0" bw="1" slack="0"/>
<pin id="222" dir="0" index="1" bw="2" slack="0"/>
<pin id="223" dir="0" index="2" bw="3" slack="0"/>
<pin id="224" dir="1" index="3" bw="3" slack="0"/>
</pin_list>
<bind>
<opcode="select(49) " fcode="select"/>
<opset="select_ln208_40/1 "/>
</bind>
</comp>

<comp id="228" class="1004" name="or_ln208_35_fu_228">
<pin_list>
<pin id="229" dir="0" index="0" bw="1" slack="0"/>
<pin id="230" dir="0" index="1" bw="1" slack="0"/>
<pin id="231" dir="1" index="2" bw="1" slack="0"/>
</pin_list>
<bind>
<opcode="or(24) " fcode="or"/>
<opset="or_ln208_35/1 "/>
</bind>
</comp>

<comp id="234" class="1004" name="select_ln208_41_fu_234">
<pin_list>
<pin id="235" dir="0" index="0" bw="1" slack="0"/>
<pin id="236" dir="0" index="1" bw="3" slack="0"/>
<pin id="237" dir="0" index="2" bw="3" slack="0"/>
<pin id="238" dir="1" index="3" bw="3" slack="0"/>
</pin_list>
<bind>
<opcode="select(49) " fcode="select"/>
<opset="select_ln208_41/1 "/>
</bind>
</comp>

<comp id="242" class="1004" name="or_ln208_36_fu_242">
<pin_list>
<pin id="243" dir="0" index="0" bw="1" slack="0"/>
<pin id="244" dir="0" index="1" bw="1" slack="0"/>
<pin id="245" dir="1" index="2" bw="1" slack="0"/>
</pin_list>
<bind>
<opcode="or(24) " fcode="or"/>
<opset="or_ln208_36/1 "/>
</bind>
</comp>

<comp id="248" class="1004" name="select_ln208_42_fu_248">
<pin_list>
<pin id="249" dir="0" index="0" bw="1" slack="0"/>
<pin id="250" dir="0" index="1" bw="3" slack="0"/>
<pin id="251" dir="0" index="2" bw="2" slack="0"/>
<pin id="252" dir="1" index="3" bw="3" slack="0"/>
</pin_list>
<bind>
<opcode="select(49) " fcode="select"/>
<opset="select_ln208_42/1 "/>
</bind>
</comp>

<comp id="256" class="1004" name="tmp_fu_256">
<pin_list>
<pin id="257" dir="0" index="0" bw="32" slack="0"/>
<pin id="258" dir="0" index="1" bw="18" slack="0"/>
<pin id="259" dir="0" index="2" bw="15" slack="0"/>
<pin id="260" dir="0" index="3" bw="17" slack="0"/>
<pin id="261" dir="0" index="4" bw="16" slack="0"/>
<pin id="262" dir="0" index="5" bw="18" slack="0"/>
<pin id="263" dir="0" index="6" bw="16" slack="0"/>
<pin id="264" dir="0" index="7" bw="16" slack="0"/>
<pin id="265" dir="0" index="8" bw="3" slack="0"/>
<pin id="266" dir="1" index="9" bw="32" slack="0"/>
</pin_list>
<bind>
<opcode="mux(1196) " fcode="mux"/>
<opset="tmp/1 "/>
</bind>
</comp>

<comp id="276" class="1004" name="select_ln208_43_fu_276">
<pin_list>
<pin id="277" dir="0" index="0" bw="1" slack="0"/>
<pin id="278" dir="0" index="1" bw="32" slack="0"/>
<pin id="279" dir="0" index="2" bw="1" slack="0"/>
<pin id="280" dir="1" index="3" bw="32" slack="2147483647"/>
</pin_list>
<bind>
<opcode="select(49) " fcode="select"/>
<opset="select_ln208_43/1 "/>
</bind>
</comp>

</comp_list>

<net_list>
<net id="62"><net_src comp="16" pin="0"/><net_sink comp="58" pin=0"/></net>

<net id="63"><net_src comp="6" pin="0"/><net_sink comp="58" pin=1"/></net>

<net id="68"><net_src comp="16" pin="0"/><net_sink comp="64" pin=0"/></net>

<net id="69"><net_src comp="4" pin="0"/><net_sink comp="64" pin=1"/></net>

<net id="74"><net_src comp="16" pin="0"/><net_sink comp="70" pin=0"/></net>

<net id="75"><net_src comp="2" pin="0"/><net_sink comp="70" pin=1"/></net>

<net id="80"><net_src comp="16" pin="0"/><net_sink comp="76" pin=0"/></net>

<net id="81"><net_src comp="0" pin="0"/><net_sink comp="76" pin=1"/></net>

<net id="86"><net_src comp="58" pin="2"/><net_sink comp="82" pin=0"/></net>

<net id="87"><net_src comp="18" pin="0"/><net_sink comp="82" pin=1"/></net>

<net id="92"><net_src comp="58" pin="2"/><net_sink comp="88" pin=0"/></net>

<net id="93"><net_src comp="20" pin="0"/><net_sink comp="88" pin=1"/></net>

<net id="98"><net_src comp="70" pin="2"/><net_sink comp="94" pin=0"/></net>

<net id="99"><net_src comp="22" pin="0"/><net_sink comp="94" pin=1"/></net>

<net id="104"><net_src comp="64" pin="2"/><net_sink comp="100" pin=0"/></net>

<net id="105"><net_src comp="24" pin="0"/><net_sink comp="100" pin=1"/></net>

<net id="110"><net_src comp="76" pin="2"/><net_sink comp="106" pin=0"/></net>

<net id="111"><net_src comp="26" pin="0"/><net_sink comp="106" pin=1"/></net>

<net id="116"><net_src comp="58" pin="2"/><net_sink comp="112" pin=0"/></net>

<net id="117"><net_src comp="28" pin="0"/><net_sink comp="112" pin=1"/></net>

<net id="122"><net_src comp="82" pin="2"/><net_sink comp="118" pin=0"/></net>

<net id="123"><net_src comp="30" pin="0"/><net_sink comp="118" pin=1"/></net>

<net id="128"><net_src comp="88" pin="2"/><net_sink comp="124" pin=0"/></net>

<net id="129"><net_src comp="30" pin="0"/><net_sink comp="124" pin=1"/></net>

<net id="134"><net_src comp="82" pin="2"/><net_sink comp="130" pin=0"/></net>

<net id="135"><net_src comp="124" pin="2"/><net_sink comp="130" pin=1"/></net>

<net id="140"><net_src comp="94" pin="2"/><net_sink comp="136" pin=0"/></net>

<net id="141"><net_src comp="118" pin="2"/><net_sink comp="136" pin=1"/></net>

<net id="146"><net_src comp="94" pin="2"/><net_sink comp="142" pin=0"/></net>

<net id="147"><net_src comp="30" pin="0"/><net_sink comp="142" pin=1"/></net>

<net id="152"><net_src comp="100" pin="2"/><net_sink comp="148" pin=0"/></net>

<net id="153"><net_src comp="130" pin="2"/><net_sink comp="148" pin=1"/></net>

<net id="158"><net_src comp="106" pin="2"/><net_sink comp="154" pin=0"/></net>

<net id="159"><net_src comp="136" pin="2"/><net_sink comp="154" pin=1"/></net>

<net id="164"><net_src comp="112" pin="2"/><net_sink comp="160" pin=0"/></net>

<net id="165"><net_src comp="118" pin="2"/><net_sink comp="160" pin=1"/></net>

<net id="170"><net_src comp="160" pin="2"/><net_sink comp="166" pin=0"/></net>

<net id="171"><net_src comp="142" pin="2"/><net_sink comp="166" pin=1"/></net>

<net id="176"><net_src comp="88" pin="2"/><net_sink comp="172" pin=0"/></net>

<net id="177"><net_src comp="148" pin="2"/><net_sink comp="172" pin=1"/></net>

<net id="181"><net_src comp="124" pin="2"/><net_sink comp="178" pin=0"/></net>

<net id="186"><net_src comp="88" pin="2"/><net_sink comp="182" pin=0"/></net>

<net id="187"><net_src comp="130" pin="2"/><net_sink comp="182" pin=1"/></net>

<net id="193"><net_src comp="172" pin="2"/><net_sink comp="188" pin=0"/></net>

<net id="194"><net_src comp="178" pin="1"/><net_sink comp="188" pin=1"/></net>

<net id="195"><net_src comp="32" pin="0"/><net_sink comp="188" pin=2"/></net>

<net id="200"><net_src comp="182" pin="2"/><net_sink comp="196" pin=0"/></net>

<net id="201"><net_src comp="154" pin="2"/><net_sink comp="196" pin=1"/></net>

<net id="207"><net_src comp="182" pin="2"/><net_sink comp="202" pin=0"/></net>

<net id="208"><net_src comp="188" pin="3"/><net_sink comp="202" pin=1"/></net>

<net id="209"><net_src comp="34" pin="0"/><net_sink comp="202" pin=2"/></net>

<net id="213"><net_src comp="202" pin="3"/><net_sink comp="210" pin=0"/></net>

<net id="218"><net_src comp="182" pin="2"/><net_sink comp="214" pin=0"/></net>

<net id="219"><net_src comp="136" pin="2"/><net_sink comp="214" pin=1"/></net>

<net id="225"><net_src comp="196" pin="2"/><net_sink comp="220" pin=0"/></net>

<net id="226"><net_src comp="210" pin="1"/><net_sink comp="220" pin=1"/></net>

<net id="227"><net_src comp="36" pin="0"/><net_sink comp="220" pin=2"/></net>

<net id="232"><net_src comp="214" pin="2"/><net_sink comp="228" pin=0"/></net>

<net id="233"><net_src comp="166" pin="2"/><net_sink comp="228" pin=1"/></net>

<net id="239"><net_src comp="214" pin="2"/><net_sink comp="234" pin=0"/></net>

<net id="240"><net_src comp="220" pin="3"/><net_sink comp="234" pin=1"/></net>

<net id="241"><net_src comp="38" pin="0"/><net_sink comp="234" pin=2"/></net>

<net id="246"><net_src comp="182" pin="2"/><net_sink comp="242" pin=0"/></net>

<net id="247"><net_src comp="118" pin="2"/><net_sink comp="242" pin=1"/></net>

<net id="253"><net_src comp="228" pin="2"/><net_sink comp="248" pin=0"/></net>

<net id="254"><net_src comp="234" pin="3"/><net_sink comp="248" pin=1"/></net>

<net id="255"><net_src comp="40" pin="0"/><net_sink comp="248" pin=2"/></net>

<net id="267"><net_src comp="42" pin="0"/><net_sink comp="256" pin=0"/></net>

<net id="268"><net_src comp="44" pin="0"/><net_sink comp="256" pin=1"/></net>

<net id="269"><net_src comp="46" pin="0"/><net_sink comp="256" pin=2"/></net>

<net id="270"><net_src comp="48" pin="0"/><net_sink comp="256" pin=3"/></net>

<net id="271"><net_src comp="50" pin="0"/><net_sink comp="256" pin=4"/></net>

<net id="272"><net_src comp="52" pin="0"/><net_sink comp="256" pin=5"/></net>

<net id="273"><net_src comp="54" pin="0"/><net_sink comp="256" pin=6"/></net>

<net id="274"><net_src comp="56" pin="0"/><net_sink comp="256" pin=7"/></net>

<net id="275"><net_src comp="248" pin="3"/><net_sink comp="256" pin=8"/></net>

<net id="281"><net_src comp="242" pin="2"/><net_sink comp="276" pin=0"/></net>

<net id="282"><net_src comp="256" pin="9"/><net_sink comp="276" pin=1"/></net>

<net id="283"><net_src comp="12" pin="0"/><net_sink comp="276" pin=2"/></net>

</net_list>

</model> 
---------------- Datapath Model END ------------------

* FSMD analyzer results:
  - Output states:
 - Input state : 
	Port: decision_function.45 : p_read1 | {1 }
	Port: decision_function.45 : p_read2 | {1 }
	Port: decision_function.45 : p_read3 | {1 }
	Port: decision_function.45 : p_read4 | {1 }
  - Chain level:
	State 1
		activation_63 : 1
		xor_ln195 : 1
		activation_65 : 1
		activation_66 : 1
		xor_ln195_19 : 1
		activation : 1
		activation_67 : 1
		and_ln193 : 1
		activation_68 : 1
		or_ln208 : 1
		zext_ln208 : 1
		or_ln208_32 : 1
		select_ln208 : 1
		or_ln208_33 : 1
		select_ln208_39 : 2
		zext_ln208_10 : 3
		or_ln208_34 : 1
		select_ln208_40 : 4
		or_ln208_35 : 1
		select_ln208_41 : 5
		or_ln208_36 : 1
		select_ln208_42 : 6
		tmp : 7
		select_ln208_43 : 8
		ret_ln213 : 9


============================================================
+ Verbose Summary: Datapath Resource usage 
============================================================

* Functional unit list:
|----------|------------------------|---------|---------|
| Operation|     Functional Unit    |    FF   |   LUT   |
|----------|------------------------|---------|---------|
|          |    comparison_fu_82    |    0    |    20   |
|          |   comparison_54_fu_88  |    0    |    20   |
|   icmp   |   comparison_50_fu_94  |    0    |    20   |
|          |  comparison_51_fu_100  |    0    |    20   |
|          |  comparison_52_fu_106  |    0    |    20   |
|          |  comparison_53_fu_112  |    0    |    20   |
|----------|------------------------|---------|---------|
|          |   select_ln208_fu_188  |    0    |    2    |
|          | select_ln208_39_fu_202 |    0    |    2    |
|  select  | select_ln208_40_fu_220 |    0    |    3    |
|          | select_ln208_41_fu_234 |    0    |    3    |
|          | select_ln208_42_fu_248 |    0    |    3    |
|          | select_ln208_43_fu_276 |    0    |    32   |
|----------|------------------------|---------|---------|
|    mux   |       tmp_fu_256       |    0    |    37   |
|----------|------------------------|---------|---------|
|          |  activation_65_fu_130  |    0    |    2    |
|          |  activation_66_fu_136  |    0    |    2    |
|    and   |    activation_fu_148   |    0    |    2    |
|          |  activation_67_fu_154  |    0    |    2    |
|          |    and_ln193_fu_160    |    0    |    2    |
|          |  activation_68_fu_166  |    0    |    2    |
|----------|------------------------|---------|---------|
|          |     or_ln208_fu_172    |    0    |    2    |
|          |   or_ln208_32_fu_182   |    0    |    2    |
|    or    |   or_ln208_33_fu_196   |    0    |    2    |
|          |   or_ln208_34_fu_214   |    0    |    2    |
|          |   or_ln208_35_fu_228   |    0    |    2    |
|          |   or_ln208_36_fu_242   |    0    |    2    |
|----------|------------------------|---------|---------|
|          |  activation_63_fu_118  |    0    |    2    |
|    xor   |    xor_ln195_fu_124    |    0    |    2    |
|          |   xor_ln195_19_fu_142  |    0    |    2    |
|----------|------------------------|---------|---------|
|          |   p_read44_read_fu_58  |    0    |    0    |
|   read   |   p_read33_read_fu_64  |    0    |    0    |
|          |   p_read22_read_fu_70  |    0    |    0    |
|          |   p_read11_read_fu_76  |    0    |    0    |
|----------|------------------------|---------|---------|
|   zext   |    zext_ln208_fu_178   |    0    |    0    |
|          |  zext_ln208_10_fu_210  |    0    |    0    |
|----------|------------------------|---------|---------|
|   Total  |                        |    0    |   232   |
|----------|------------------------|---------|---------|

Memories:
N/A

* Register list:
N/A

* Multiplexer (MUX) list: 
|--------|------|------|------|--------|
|  Comp  |  Pin | Size |  BW  | S x BW |
|--------|------|------|------|--------|
|  Total |      |      |      |    0   |
|--------|------|------|------|--------|



* Summary:
+-----------+--------+--------+
|           |   FF   |   LUT  |
+-----------+--------+--------+
|  Function |    0   |   232  |
|   Memory  |    -   |    -   |
|Multiplexer|    -   |    -   |
|  Register |    -   |    -   |
+-----------+--------+--------+
|   Total   |    0   |   232  |
+-----------+--------+--------+
