

================================================================
== Vitis HLS Report for 'decision_function_16'
================================================================
* Date:           Sun Jun 26 16:46:52 2022

* Version:        2021.2 (Build 3367213 on Tue Oct 19 02:47:39 MDT 2021)
* Project:        myproject_prj
* Solution:       solution1 (Vivado IP Flow Target)
* Product family: zynquplus
* Target device:  xczu3eg-sbva484-1-e


================================================================
== Performance Estimates
================================================================
+ Timing: 
    * Summary: 
    +--------+---------+----------+------------+
    |  Clock |  Target | Estimated| Uncertainty|
    +--------+---------+----------+------------+
    |ap_clk  |  7.00 ns|  2.825 ns|     1.89 ns|
    +--------+---------+----------+------------+

+ Latency: 
    * Summary: 
    +---------+---------+----------+----------+-----+-----+---------+
    |  Latency (cycles) |  Latency (absolute) |  Interval | Pipeline|
    |   min   |   max   |    min   |    max   | min | max |   Type  |
    +---------+---------+----------+----------+-----+-----+---------+
    |        0|        0|      0 ns|      0 ns|    1|    1|      yes|
    +---------+---------+----------+----------+-----+-----+---------+

    + Detail: 
        * Instance: 
        N/A

        * Loop: 
        N/A

============================================================
+ Verbose Summary: Synthesis Manager
============================================================
InlineROM: 1
ExposeGlobal: 0
============================================================
+ Verbose Summary: CDFG Model
============================================================
IsTopModel: 0
ResetActiveHigh: 1
IsCombinational: 0
IsDatapathOnly: 0
HasWiredReturn: 1
HasMFsm: 2
HasVarLatency: 0
IsPipeline: 1
IsRtlPipelined: 0
IsInstanceOverlapped: 0
IsDontTouch: 0
HasImplIP: 0
IsGatedGlobalClock: 0

+ Individual pipeline summary: 
  * Pipeline-0: initiation interval (II) = 1, depth = 1


============================================================
+ Verbose Summary: Schedule
============================================================
* Number of FSM states : 1
* Pipeline : 1
  Pipeline-0 : II = 1, D = 1, States = { 1 }
* Dataflow Pipeline: 0

* FSM state transitions: 
1 --> 

* FSM state operations: 

State 1 <SV = 0> <Delay = 2.82>
ST_1 : Operation 2 [1/1] (0.00ns)   --->   "%specpipeline_ln0 = specpipeline void @_ssdm_op_SpecPipeline, i32 1, i32 0, i32 0, i32 0, void @empty_1" [firmware/BDT.h:0]   --->   Operation 2 'specpipeline' 'specpipeline_ln0' <Predicate = true> <Delay = 0.00>
ST_1 : Operation 3 [1/1] (0.00ns)   --->   "%p_read44 = read i32 @_ssdm_op_Read.ap_auto.i32, i32 %p_read4"   --->   Operation 3 'read' 'p_read44' <Predicate = true> <Delay = 0.00>
ST_1 : Operation 4 [1/1] (0.00ns)   --->   "%p_read33 = read i32 @_ssdm_op_Read.ap_auto.i32, i32 %p_read3"   --->   Operation 4 'read' 'p_read33' <Predicate = true> <Delay = 0.00>
ST_1 : Operation 5 [1/1] (0.00ns)   --->   "%p_read22 = read i32 @_ssdm_op_Read.ap_auto.i32, i32 %p_read2"   --->   Operation 5 'read' 'p_read22' <Predicate = true> <Delay = 0.00>
ST_1 : Operation 6 [1/1] (0.00ns)   --->   "%p_read11 = read i32 @_ssdm_op_Read.ap_auto.i32, i32 %p_read1"   --->   Operation 6 'read' 'p_read11' <Predicate = true> <Delay = 0.00>
ST_1 : Operation 7 [1/1] (1.11ns)   --->   "%comparison = icmp_slt  i32 %p_read22, i32 118429"   --->   Operation 7 'icmp' 'comparison' <Predicate = true> <Delay = 1.11> <CoreInst = "Cmp">   --->   Core 9 'Cmp' <Latency = 0> <II = 1> <Delay = 1.11> <FuncUnit> <Opcode : 'icmp'> <InPorts = 2> <OutPorts = 1>
ST_1 : Operation 8 [1/1] (1.11ns)   --->   "%comparison_216 = icmp_slt  i32 %p_read11, i32 4294874183"   --->   Operation 8 'icmp' 'comparison_216' <Predicate = true> <Delay = 1.11> <CoreInst = "Cmp">   --->   Core 9 'Cmp' <Latency = 0> <II = 1> <Delay = 1.11> <FuncUnit> <Opcode : 'icmp'> <InPorts = 2> <OutPorts = 1>
ST_1 : Operation 9 [1/1] (1.11ns)   --->   "%comparison_217 = icmp_slt  i32 %p_read44, i32 17057"   --->   Operation 9 'icmp' 'comparison_217' <Predicate = (or_ln208 & or_ln208_53 & or_ln208_54)> <Delay = 1.11> <CoreInst = "Cmp">   --->   Core 9 'Cmp' <Latency = 0> <II = 1> <Delay = 1.11> <FuncUnit> <Opcode : 'icmp'> <InPorts = 2> <OutPorts = 1>
ST_1 : Operation 10 [1/1] (1.11ns)   --->   "%comparison_218 = icmp_slt  i32 %p_read33, i32 52230"   --->   Operation 10 'icmp' 'comparison_218' <Predicate = (or_ln208_53 & or_ln208_54)> <Delay = 1.11> <CoreInst = "Cmp">   --->   Core 9 'Cmp' <Latency = 0> <II = 1> <Delay = 1.11> <FuncUnit> <Opcode : 'icmp'> <InPorts = 2> <OutPorts = 1>
ST_1 : Operation 11 [1/1] (1.11ns)   --->   "%comparison_219 = icmp_slt  i32 %p_read22, i32 4294885911"   --->   Operation 11 'icmp' 'comparison_219' <Predicate = true> <Delay = 1.11> <CoreInst = "Cmp">   --->   Core 9 'Cmp' <Latency = 0> <II = 1> <Delay = 1.11> <FuncUnit> <Opcode : 'icmp'> <InPorts = 2> <OutPorts = 1>
ST_1 : Operation 12 [1/1] (0.33ns)   --->   "%activation_268 = xor i1 %comparison, i1 1" [firmware/BDT.h:195]   --->   Operation 12 'xor' 'activation_268' <Predicate = true> <Delay = 0.33> <CoreInst = "LogicGate">   --->   Core 74 'LogicGate' <Latency = 0> <II = 1> <Delay = 0.33> <FuncUnit> <Opcode : 'and' 'or' 'xor'> <InPorts = 2> <OutPorts = 1>
ST_1 : Operation 13 [1/1] (0.00ns) (grouped into LUT with out node agg_result)   --->   "%xor_ln195 = xor i1 %comparison_216, i1 1" [firmware/BDT.h:195]   --->   Operation 13 'xor' 'xor_ln195' <Predicate = true> <Delay = 0.00> <CoreInst = "LogicGate">   --->   Core 74 'LogicGate' <Latency = 0> <II = 1> <Delay = 0.33> <FuncUnit> <Opcode : 'and' 'or' 'xor'> <InPorts = 2> <OutPorts = 1>
ST_1 : Operation 14 [1/1] (0.00ns) (grouped into LUT with out node select_ln208_71)   --->   "%activation = and i1 %comparison_217, i1 %activation_268" [firmware/BDT.h:193]   --->   Operation 14 'and' 'activation' <Predicate = (or_ln208 & or_ln208_53 & or_ln208_54)> <Delay = 0.00> <CoreInst = "LogicGate">   --->   Core 74 'LogicGate' <Latency = 0> <II = 1> <Delay = 0.33> <FuncUnit> <Opcode : 'and' 'or' 'xor'> <InPorts = 2> <OutPorts = 1>
ST_1 : Operation 15 [1/1] (0.00ns) (grouped into LUT with out node select_ln208_73)   --->   "%and_ln193 = and i1 %comparison, i1 %comparison_218" [firmware/BDT.h:193]   --->   Operation 15 'and' 'and_ln193' <Predicate = (or_ln208_53 & or_ln208_54)> <Delay = 0.00> <CoreInst = "LogicGate">   --->   Core 74 'LogicGate' <Latency = 0> <II = 1> <Delay = 0.33> <FuncUnit> <Opcode : 'and' 'or' 'xor'> <InPorts = 2> <OutPorts = 1>
ST_1 : Operation 16 [1/1] (0.00ns) (grouped into LUT with out node select_ln208_73)   --->   "%activation_269 = and i1 %and_ln193, i1 %comparison_216" [firmware/BDT.h:193]   --->   Operation 16 'and' 'activation_269' <Predicate = (or_ln208_53 & or_ln208_54)> <Delay = 0.00> <CoreInst = "LogicGate">   --->   Core 74 'LogicGate' <Latency = 0> <II = 1> <Delay = 0.33> <FuncUnit> <Opcode : 'and' 'or' 'xor'> <InPorts = 2> <OutPorts = 1>
ST_1 : Operation 17 [1/1] (0.00ns) (grouped into LUT with out node agg_result)   --->   "%and_ln193_49 = and i1 %comparison_219, i1 %xor_ln195" [firmware/BDT.h:193]   --->   Operation 17 'and' 'and_ln193_49' <Predicate = true> <Delay = 0.00> <CoreInst = "LogicGate">   --->   Core 74 'LogicGate' <Latency = 0> <II = 1> <Delay = 0.33> <FuncUnit> <Opcode : 'and' 'or' 'xor'> <InPorts = 2> <OutPorts = 1>
ST_1 : Operation 18 [1/1] (0.00ns) (grouped into LUT with out node agg_result)   --->   "%activation_270 = and i1 %and_ln193_49, i1 %comparison" [firmware/BDT.h:193]   --->   Operation 18 'and' 'activation_270' <Predicate = true> <Delay = 0.00> <CoreInst = "LogicGate">   --->   Core 74 'LogicGate' <Latency = 0> <II = 1> <Delay = 0.33> <FuncUnit> <Opcode : 'and' 'or' 'xor'> <InPorts = 2> <OutPorts = 1>
ST_1 : Operation 19 [1/1] (0.00ns) (grouped into LUT with out node select_ln208_73)   --->   "%or_ln208 = or i1 %activation_269, i1 %activation_268" [firmware/BDT.h:208]   --->   Operation 19 'or' 'or_ln208' <Predicate = (or_ln208_53 & or_ln208_54)> <Delay = 0.00> <CoreInst = "LogicGate">   --->   Core 74 'LogicGate' <Latency = 0> <II = 1> <Delay = 0.33> <FuncUnit> <Opcode : 'and' 'or' 'xor'> <InPorts = 2> <OutPorts = 1>
ST_1 : Operation 20 [1/1] (0.00ns) (grouped into LUT with out node select_ln208_71)   --->   "%select_ln208 = select i1 %comparison, i2 2, i2 0" [firmware/BDT.h:208]   --->   Operation 20 'select' 'select_ln208' <Predicate = (or_ln208_55 & or_ln208 & or_ln208_53 & or_ln208_54)> <Delay = 0.00> <CoreInst = "Sel">   --->   Core 73 'Sel' <Latency = 0> <II = 1> <Delay = 0.27> <FuncUnit> <Opcode : 'select'> <InPorts = 3> <OutPorts = 1>
ST_1 : Operation 21 [1/1] (0.00ns) (grouped into LUT with out node select_ln208_71)   --->   "%or_ln208_55 = or i1 %comparison, i1 %activation" [firmware/BDT.h:208]   --->   Operation 21 'or' 'or_ln208_55' <Predicate = (or_ln208 & or_ln208_53 & or_ln208_54)> <Delay = 0.00> <CoreInst = "LogicGate">   --->   Core 74 'LogicGate' <Latency = 0> <II = 1> <Delay = 0.33> <FuncUnit> <Opcode : 'and' 'or' 'xor'> <InPorts = 2> <OutPorts = 1>
ST_1 : Operation 22 [1/1] (0.33ns) (out node of the LUT)   --->   "%select_ln208_71 = select i1 %or_ln208_55, i2 %select_ln208, i2 1" [firmware/BDT.h:208]   --->   Operation 22 'select' 'select_ln208_71' <Predicate = (or_ln208 & or_ln208_53 & or_ln208_54)> <Delay = 0.33> <CoreInst = "Sel">   --->   Core 73 'Sel' <Latency = 0> <II = 1> <Delay = 0.27> <FuncUnit> <Opcode : 'select'> <InPorts = 3> <OutPorts = 1>
ST_1 : Operation 23 [1/1] (0.33ns)   --->   "%or_ln208_53 = or i1 %comparison_216, i1 %activation_268" [firmware/BDT.h:208]   --->   Operation 23 'or' 'or_ln208_53' <Predicate = true> <Delay = 0.33> <CoreInst = "LogicGate">   --->   Core 74 'LogicGate' <Latency = 0> <II = 1> <Delay = 0.33> <FuncUnit> <Opcode : 'and' 'or' 'xor'> <InPorts = 2> <OutPorts = 1>
ST_1 : Operation 24 [1/1] (0.00ns) (grouped into LUT with out node select_ln208_73)   --->   "%select_ln208_72 = select i1 %or_ln208, i2 %select_ln208_71, i2 3" [firmware/BDT.h:208]   --->   Operation 24 'select' 'select_ln208_72' <Predicate = (or_ln208_53 & or_ln208_54)> <Delay = 0.00> <CoreInst = "Sel">   --->   Core 73 'Sel' <Latency = 0> <II = 1> <Delay = 0.27> <FuncUnit> <Opcode : 'select'> <InPorts = 3> <OutPorts = 1>
ST_1 : Operation 25 [1/1] (0.00ns) (grouped into LUT with out node select_ln208_73)   --->   "%zext_ln208 = zext i2 %select_ln208_72" [firmware/BDT.h:208]   --->   Operation 25 'zext' 'zext_ln208' <Predicate = (or_ln208_53 & or_ln208_54)> <Delay = 0.00>
ST_1 : Operation 26 [1/1] (0.00ns) (grouped into LUT with out node agg_result)   --->   "%or_ln208_54 = or i1 %or_ln208_53, i1 %activation_270" [firmware/BDT.h:208]   --->   Operation 26 'or' 'or_ln208_54' <Predicate = true> <Delay = 0.00> <CoreInst = "LogicGate">   --->   Core 74 'LogicGate' <Latency = 0> <II = 1> <Delay = 0.33> <FuncUnit> <Opcode : 'and' 'or' 'xor'> <InPorts = 2> <OutPorts = 1>
ST_1 : Operation 27 [1/1] (0.33ns) (out node of the LUT)   --->   "%select_ln208_73 = select i1 %or_ln208_53, i3 %zext_ln208, i3 4" [firmware/BDT.h:208]   --->   Operation 27 'select' 'select_ln208_73' <Predicate = (or_ln208_54)> <Delay = 0.33> <CoreInst = "Sel">   --->   Core 73 'Sel' <Latency = 0> <II = 1> <Delay = 0.27> <FuncUnit> <Opcode : 'select'> <InPorts = 3> <OutPorts = 1>
ST_1 : Operation 28 [1/1] (0.00ns) (grouped into LUT with out node agg_result)   --->   "%select_ln208_74 = select i1 %or_ln208_54, i3 %select_ln208_73, i3 5" [firmware/BDT.h:208]   --->   Operation 28 'select' 'select_ln208_74' <Predicate = true> <Delay = 0.00> <CoreInst = "Sel">   --->   Core 73 'Sel' <Latency = 0> <II = 1> <Delay = 0.27> <FuncUnit> <Opcode : 'select'> <InPorts = 3> <OutPorts = 1>
ST_1 : Operation 29 [1/1] (0.72ns) (out node of the LUT)   --->   "%agg_result = mux i32 @_ssdm_op_Mux.ap_auto.6i32.i3, i32 17445, i32 52599, i32 36157, i32 4294966560, i32 21542, i32 4294960784, i3 %select_ln208_74" [firmware/BDT.h:209]   --->   Operation 29 'mux' 'agg_result' <Predicate = true> <Delay = 0.72> <CoreInst = "Multiplexer">   --->   Core 76 'Multiplexer' <Latency = 0> <II = 1> <Delay = 0.72> <FuncUnit> <Opcode : 'mux'> <InPorts = 2> <OutPorts = 1>
ST_1 : Operation 30 [1/1] (0.00ns)   --->   "%ret_ln213 = ret i32 %agg_result" [firmware/BDT.h:213]   --->   Operation 30 'ret' 'ret_ln213' <Predicate = true> <Delay = 0.00>


============================================================
+ Verbose Summary: Binding
============================================================
STG Binding: 
---------------- STG Properties BEGIN ----------------
- Is combinational: 1
- Is one-state seq: 0
- Is datapath-only: 0
- Is pipelined: 1
- Is top level: 0
Port [ Return ] is wired: 1; IO mode=ap_ctrl_hs:ce=0
Port [ p_read1]:  wired=1; compound=0; hidden=0; nouse=0; global=0; static=0; extern=0; dir=0; type=0; pingpong=0; private_global=0; IO mode=ap_none:ce=0
Port [ p_read2]:  wired=1; compound=0; hidden=0; nouse=0; global=0; static=0; extern=0; dir=0; type=0; pingpong=0; private_global=0; IO mode=ap_none:ce=0
Port [ p_read3]:  wired=1; compound=0; hidden=0; nouse=0; global=0; static=0; extern=0; dir=0; type=0; pingpong=0; private_global=0; IO mode=ap_none:ce=0
Port [ p_read4]:  wired=1; compound=0; hidden=0; nouse=0; global=0; static=0; extern=0; dir=0; type=0; pingpong=0; private_global=0; IO mode=ap_none:ce=0
---------------- STG Properties END ------------------

---------------- Datapath Model BEGIN ----------------

<LifeTime>
<method=bitvector/>
specpipeline_ln0 (specpipeline) [ 00]
p_read44         (read        ) [ 00]
p_read33         (read        ) [ 00]
p_read22         (read        ) [ 00]
p_read11         (read        ) [ 00]
comparison       (icmp        ) [ 00]
comparison_216   (icmp        ) [ 00]
comparison_217   (icmp        ) [ 00]
comparison_218   (icmp        ) [ 00]
comparison_219   (icmp        ) [ 00]
activation_268   (xor         ) [ 00]
xor_ln195        (xor         ) [ 00]
activation       (and         ) [ 00]
and_ln193        (and         ) [ 00]
activation_269   (and         ) [ 00]
and_ln193_49     (and         ) [ 00]
activation_270   (and         ) [ 00]
or_ln208         (or          ) [ 01]
select_ln208     (select      ) [ 00]
or_ln208_55      (or          ) [ 01]
select_ln208_71  (select      ) [ 00]
or_ln208_53      (or          ) [ 01]
select_ln208_72  (select      ) [ 00]
zext_ln208       (zext        ) [ 00]
or_ln208_54      (or          ) [ 01]
select_ln208_73  (select      ) [ 00]
select_ln208_74  (select      ) [ 00]
agg_result       (mux         ) [ 00]
ret_ln213        (ret         ) [ 00]
</LifeTime>

<model>

<comp_list>
<comp id="0" class="1000" name="p_read1">
<pin_list>
<pin id="1" dir="1" index="0" bw="1" slack="0"/>
</pin_list>
<bind>
<StgValue><ssdm name="p_read1"/></StgValue>
</bind>
</comp>

<comp id="2" class="1000" name="p_read2">
<pin_list>
<pin id="3" dir="1" index="0" bw="1" slack="0"/>
</pin_list>
<bind>
<StgValue><ssdm name="p_read2"/></StgValue>
</bind>
</comp>

<comp id="4" class="1000" name="p_read3">
<pin_list>
<pin id="5" dir="1" index="0" bw="1" slack="0"/>
</pin_list>
<bind>
<StgValue><ssdm name="p_read3"/></StgValue>
</bind>
</comp>

<comp id="6" class="1000" name="p_read4">
<pin_list>
<pin id="7" dir="1" index="0" bw="1" slack="0"/>
</pin_list>
<bind>
<StgValue><ssdm name="p_read4"/></StgValue>
</bind>
</comp>

<comp id="8" class="1001" name="const_8">
<pin_list>
<pin id="9" dir="1" index="0" bw="1" slack="2147483647"/>
</pin_list>
<bind>
<StgValue><ssdm name="_ssdm_op_SpecPipeline"/></StgValue>
</bind>
</comp>

<comp id="10" class="1001" name="const_10">
<pin_list>
<pin id="11" dir="1" index="0" bw="1" slack="2147483647"/>
</pin_list>
<bind>
<StgValue><ssdm name=""/></StgValue>
</bind>
</comp>

<comp id="12" class="1001" name="const_12">
<pin_list>
<pin id="13" dir="1" index="0" bw="1" slack="2147483647"/>
</pin_list>
<bind>
<StgValue><ssdm name=""/></StgValue>
</bind>
</comp>

<comp id="14" class="1001" name="const_14">
<pin_list>
<pin id="15" dir="1" index="0" bw="1" slack="2147483647"/>
</pin_list>
<bind>
<StgValue><ssdm name="empty_1"/></StgValue>
</bind>
</comp>

<comp id="16" class="1001" name="const_16">
<pin_list>
<pin id="17" dir="1" index="0" bw="1" slack="0"/>
</pin_list>
<bind>
<StgValue><ssdm name="_ssdm_op_Read.ap_auto.i32"/></StgValue>
</bind>
</comp>

<comp id="18" class="1001" name="const_18">
<pin_list>
<pin id="19" dir="1" index="0" bw="1" slack="0"/>
</pin_list>
<bind>
<StgValue><ssdm name=""/></StgValue>
</bind>
</comp>

<comp id="20" class="1001" name="const_20">
<pin_list>
<pin id="21" dir="1" index="0" bw="1" slack="0"/>
</pin_list>
<bind>
<StgValue><ssdm name=""/></StgValue>
</bind>
</comp>

<comp id="22" class="1001" name="const_22">
<pin_list>
<pin id="23" dir="1" index="0" bw="1" slack="0"/>
</pin_list>
<bind>
<StgValue><ssdm name=""/></StgValue>
</bind>
</comp>

<comp id="24" class="1001" name="const_24">
<pin_list>
<pin id="25" dir="1" index="0" bw="1" slack="0"/>
</pin_list>
<bind>
<StgValue><ssdm name=""/></StgValue>
</bind>
</comp>

<comp id="26" class="1001" name="const_26">
<pin_list>
<pin id="27" dir="1" index="0" bw="1" slack="0"/>
</pin_list>
<bind>
<StgValue><ssdm name=""/></StgValue>
</bind>
</comp>

<comp id="28" class="1001" name="const_28">
<pin_list>
<pin id="29" dir="1" index="0" bw="1" slack="0"/>
</pin_list>
<bind>
<StgValue><ssdm name=""/></StgValue>
</bind>
</comp>

<comp id="30" class="1001" name="const_30">
<pin_list>
<pin id="31" dir="1" index="0" bw="1" slack="0"/>
</pin_list>
<bind>
<StgValue><ssdm name=""/></StgValue>
</bind>
</comp>

<comp id="32" class="1001" name="const_32">
<pin_list>
<pin id="33" dir="1" index="0" bw="1" slack="0"/>
</pin_list>
<bind>
<StgValue><ssdm name=""/></StgValue>
</bind>
</comp>

<comp id="34" class="1001" name="const_34">
<pin_list>
<pin id="35" dir="1" index="0" bw="1" slack="0"/>
</pin_list>
<bind>
<StgValue><ssdm name=""/></StgValue>
</bind>
</comp>

<comp id="36" class="1001" name="const_36">
<pin_list>
<pin id="37" dir="1" index="0" bw="1" slack="0"/>
</pin_list>
<bind>
<StgValue><ssdm name=""/></StgValue>
</bind>
</comp>

<comp id="38" class="1001" name="const_38">
<pin_list>
<pin id="39" dir="1" index="0" bw="1" slack="0"/>
</pin_list>
<bind>
<StgValue><ssdm name=""/></StgValue>
</bind>
</comp>

<comp id="40" class="1001" name="const_40">
<pin_list>
<pin id="41" dir="1" index="0" bw="1" slack="0"/>
</pin_list>
<bind>
<StgValue><ssdm name=""/></StgValue>
</bind>
</comp>

<comp id="42" class="1001" name="const_42">
<pin_list>
<pin id="43" dir="1" index="0" bw="1" slack="0"/>
</pin_list>
<bind>
<StgValue><ssdm name="_ssdm_op_Mux.ap_auto.6i32.i3"/></StgValue>
</bind>
</comp>

<comp id="44" class="1001" name="const_44">
<pin_list>
<pin id="45" dir="1" index="0" bw="1" slack="0"/>
</pin_list>
<bind>
<StgValue><ssdm name=""/></StgValue>
</bind>
</comp>

<comp id="46" class="1001" name="const_46">
<pin_list>
<pin id="47" dir="1" index="0" bw="1" slack="0"/>
</pin_list>
<bind>
<StgValue><ssdm name=""/></StgValue>
</bind>
</comp>

<comp id="48" class="1001" name="const_48">
<pin_list>
<pin id="49" dir="1" index="0" bw="1" slack="0"/>
</pin_list>
<bind>
<StgValue><ssdm name=""/></StgValue>
</bind>
</comp>

<comp id="50" class="1001" name="const_50">
<pin_list>
<pin id="51" dir="1" index="0" bw="1" slack="0"/>
</pin_list>
<bind>
<StgValue><ssdm name=""/></StgValue>
</bind>
</comp>

<comp id="52" class="1001" name="const_52">
<pin_list>
<pin id="53" dir="1" index="0" bw="1" slack="0"/>
</pin_list>
<bind>
<StgValue><ssdm name=""/></StgValue>
</bind>
</comp>

<comp id="54" class="1001" name="const_54">
<pin_list>
<pin id="55" dir="1" index="0" bw="1" slack="0"/>
</pin_list>
<bind>
<StgValue><ssdm name=""/></StgValue>
</bind>
</comp>

<comp id="56" class="1004" name="p_read44_read_fu_56">
<pin_list>
<pin id="57" dir="0" index="0" bw="32" slack="0"/>
<pin id="58" dir="0" index="1" bw="32" slack="0"/>
<pin id="59" dir="1" index="2" bw="32" slack="0"/>
</pin_list>
<bind>
<opcode="read(1150) " fcode="read"/>
<opset="p_read44/1 "/>
</bind>
</comp>

<comp id="62" class="1004" name="p_read33_read_fu_62">
<pin_list>
<pin id="63" dir="0" index="0" bw="32" slack="0"/>
<pin id="64" dir="0" index="1" bw="32" slack="0"/>
<pin id="65" dir="1" index="2" bw="32" slack="0"/>
</pin_list>
<bind>
<opcode="read(1150) " fcode="read"/>
<opset="p_read33/1 "/>
</bind>
</comp>

<comp id="68" class="1004" name="p_read22_read_fu_68">
<pin_list>
<pin id="69" dir="0" index="0" bw="32" slack="0"/>
<pin id="70" dir="0" index="1" bw="32" slack="0"/>
<pin id="71" dir="1" index="2" bw="32" slack="0"/>
</pin_list>
<bind>
<opcode="read(1150) " fcode="read"/>
<opset="p_read22/1 "/>
</bind>
</comp>

<comp id="74" class="1004" name="p_read11_read_fu_74">
<pin_list>
<pin id="75" dir="0" index="0" bw="32" slack="0"/>
<pin id="76" dir="0" index="1" bw="32" slack="0"/>
<pin id="77" dir="1" index="2" bw="32" slack="0"/>
</pin_list>
<bind>
<opcode="read(1150) " fcode="read"/>
<opset="p_read11/1 "/>
</bind>
</comp>

<comp id="80" class="1004" name="comparison_fu_80">
<pin_list>
<pin id="81" dir="0" index="0" bw="32" slack="0"/>
<pin id="82" dir="0" index="1" bw="18" slack="0"/>
<pin id="83" dir="1" index="2" bw="1" slack="0"/>
</pin_list>
<bind>
<opcode="icmp(45) " fcode="icmp"/>
<opset="comparison/1 "/>
</bind>
</comp>

<comp id="86" class="1004" name="comparison_216_fu_86">
<pin_list>
<pin id="87" dir="0" index="0" bw="32" slack="0"/>
<pin id="88" dir="0" index="1" bw="18" slack="0"/>
<pin id="89" dir="1" index="2" bw="1" slack="0"/>
</pin_list>
<bind>
<opcode="icmp(45) " fcode="icmp"/>
<opset="comparison_216/1 "/>
</bind>
</comp>

<comp id="92" class="1004" name="comparison_217_fu_92">
<pin_list>
<pin id="93" dir="0" index="0" bw="32" slack="0"/>
<pin id="94" dir="0" index="1" bw="16" slack="0"/>
<pin id="95" dir="1" index="2" bw="1" slack="0"/>
</pin_list>
<bind>
<opcode="icmp(45) " fcode="icmp"/>
<opset="comparison_217/1 "/>
</bind>
</comp>

<comp id="98" class="1004" name="comparison_218_fu_98">
<pin_list>
<pin id="99" dir="0" index="0" bw="32" slack="0"/>
<pin id="100" dir="0" index="1" bw="17" slack="0"/>
<pin id="101" dir="1" index="2" bw="1" slack="0"/>
</pin_list>
<bind>
<opcode="icmp(45) " fcode="icmp"/>
<opset="comparison_218/1 "/>
</bind>
</comp>

<comp id="104" class="1004" name="comparison_219_fu_104">
<pin_list>
<pin id="105" dir="0" index="0" bw="32" slack="0"/>
<pin id="106" dir="0" index="1" bw="18" slack="0"/>
<pin id="107" dir="1" index="2" bw="1" slack="0"/>
</pin_list>
<bind>
<opcode="icmp(45) " fcode="icmp"/>
<opset="comparison_219/1 "/>
</bind>
</comp>

<comp id="110" class="1004" name="activation_268_fu_110">
<pin_list>
<pin id="111" dir="0" index="0" bw="1" slack="0"/>
<pin id="112" dir="0" index="1" bw="1" slack="0"/>
<pin id="113" dir="1" index="2" bw="1" slack="0"/>
</pin_list>
<bind>
<opcode="xor(25) " fcode="xor"/>
<opset="activation_268/1 "/>
</bind>
</comp>

<comp id="116" class="1004" name="xor_ln195_fu_116">
<pin_list>
<pin id="117" dir="0" index="0" bw="1" slack="0"/>
<pin id="118" dir="0" index="1" bw="1" slack="0"/>
<pin id="119" dir="1" index="2" bw="1" slack="0"/>
</pin_list>
<bind>
<opcode="xor(25) " fcode="xor"/>
<opset="xor_ln195/1 "/>
</bind>
</comp>

<comp id="122" class="1004" name="activation_fu_122">
<pin_list>
<pin id="123" dir="0" index="0" bw="1" slack="0"/>
<pin id="124" dir="0" index="1" bw="1" slack="0"/>
<pin id="125" dir="1" index="2" bw="1" slack="0"/>
</pin_list>
<bind>
<opcode="and(23) " fcode="and"/>
<opset="activation/1 "/>
</bind>
</comp>

<comp id="128" class="1004" name="and_ln193_fu_128">
<pin_list>
<pin id="129" dir="0" index="0" bw="1" slack="0"/>
<pin id="130" dir="0" index="1" bw="1" slack="0"/>
<pin id="131" dir="1" index="2" bw="1" slack="0"/>
</pin_list>
<bind>
<opcode="and(23) " fcode="and"/>
<opset="and_ln193/1 "/>
</bind>
</comp>

<comp id="134" class="1004" name="activation_269_fu_134">
<pin_list>
<pin id="135" dir="0" index="0" bw="1" slack="0"/>
<pin id="136" dir="0" index="1" bw="1" slack="0"/>
<pin id="137" dir="1" index="2" bw="1" slack="0"/>
</pin_list>
<bind>
<opcode="and(23) " fcode="and"/>
<opset="activation_269/1 "/>
</bind>
</comp>

<comp id="140" class="1004" name="and_ln193_49_fu_140">
<pin_list>
<pin id="141" dir="0" index="0" bw="1" slack="0"/>
<pin id="142" dir="0" index="1" bw="1" slack="0"/>
<pin id="143" dir="1" index="2" bw="1" slack="0"/>
</pin_list>
<bind>
<opcode="and(23) " fcode="and"/>
<opset="and_ln193_49/1 "/>
</bind>
</comp>

<comp id="146" class="1004" name="activation_270_fu_146">
<pin_list>
<pin id="147" dir="0" index="0" bw="1" slack="0"/>
<pin id="148" dir="0" index="1" bw="1" slack="0"/>
<pin id="149" dir="1" index="2" bw="1" slack="0"/>
</pin_list>
<bind>
<opcode="and(23) " fcode="and"/>
<opset="activation_270/1 "/>
</bind>
</comp>

<comp id="152" class="1004" name="or_ln208_fu_152">
<pin_list>
<pin id="153" dir="0" index="0" bw="1" slack="0"/>
<pin id="154" dir="0" index="1" bw="1" slack="0"/>
<pin id="155" dir="1" index="2" bw="1" slack="0"/>
</pin_list>
<bind>
<opcode="or(24) " fcode="or"/>
<opset="or_ln208/1 "/>
</bind>
</comp>

<comp id="158" class="1004" name="select_ln208_fu_158">
<pin_list>
<pin id="159" dir="0" index="0" bw="1" slack="0"/>
<pin id="160" dir="0" index="1" bw="2" slack="0"/>
<pin id="161" dir="0" index="2" bw="1" slack="0"/>
<pin id="162" dir="1" index="3" bw="2" slack="0"/>
</pin_list>
<bind>
<opcode="select(49) " fcode="select"/>
<opset="select_ln208/1 "/>
</bind>
</comp>

<comp id="166" class="1004" name="or_ln208_55_fu_166">
<pin_list>
<pin id="167" dir="0" index="0" bw="1" slack="0"/>
<pin id="168" dir="0" index="1" bw="1" slack="0"/>
<pin id="169" dir="1" index="2" bw="1" slack="0"/>
</pin_list>
<bind>
<opcode="or(24) " fcode="or"/>
<opset="or_ln208_55/1 "/>
</bind>
</comp>

<comp id="172" class="1004" name="select_ln208_71_fu_172">
<pin_list>
<pin id="173" dir="0" index="0" bw="1" slack="0"/>
<pin id="174" dir="0" index="1" bw="2" slack="0"/>
<pin id="175" dir="0" index="2" bw="1" slack="0"/>
<pin id="176" dir="1" index="3" bw="2" slack="0"/>
</pin_list>
<bind>
<opcode="select(49) " fcode="select"/>
<opset="select_ln208_71/1 "/>
</bind>
</comp>

<comp id="180" class="1004" name="or_ln208_53_fu_180">
<pin_list>
<pin id="181" dir="0" index="0" bw="1" slack="0"/>
<pin id="182" dir="0" index="1" bw="1" slack="0"/>
<pin id="183" dir="1" index="2" bw="1" slack="0"/>
</pin_list>
<bind>
<opcode="or(24) " fcode="or"/>
<opset="or_ln208_53/1 "/>
</bind>
</comp>

<comp id="186" class="1004" name="select_ln208_72_fu_186">
<pin_list>
<pin id="187" dir="0" index="0" bw="1" slack="0"/>
<pin id="188" dir="0" index="1" bw="2" slack="0"/>
<pin id="189" dir="0" index="2" bw="1" slack="0"/>
<pin id="190" dir="1" index="3" bw="2" slack="0"/>
</pin_list>
<bind>
<opcode="select(49) " fcode="select"/>
<opset="select_ln208_72/1 "/>
</bind>
</comp>

<comp id="194" class="1004" name="zext_ln208_fu_194">
<pin_list>
<pin id="195" dir="0" index="0" bw="2" slack="0"/>
<pin id="196" dir="1" index="1" bw="3" slack="0"/>
</pin_list>
<bind>
<opcode="zext(34) " fcode="zext"/>
<opset="zext_ln208/1 "/>
</bind>
</comp>

<comp id="198" class="1004" name="or_ln208_54_fu_198">
<pin_list>
<pin id="199" dir="0" index="0" bw="1" slack="0"/>
<pin id="200" dir="0" index="1" bw="1" slack="0"/>
<pin id="201" dir="1" index="2" bw="1" slack="0"/>
</pin_list>
<bind>
<opcode="or(24) " fcode="or"/>
<opset="or_ln208_54/1 "/>
</bind>
</comp>

<comp id="204" class="1004" name="select_ln208_73_fu_204">
<pin_list>
<pin id="205" dir="0" index="0" bw="1" slack="0"/>
<pin id="206" dir="0" index="1" bw="2" slack="0"/>
<pin id="207" dir="0" index="2" bw="3" slack="0"/>
<pin id="208" dir="1" index="3" bw="3" slack="0"/>
</pin_list>
<bind>
<opcode="select(49) " fcode="select"/>
<opset="select_ln208_73/1 "/>
</bind>
</comp>

<comp id="212" class="1004" name="select_ln208_74_fu_212">
<pin_list>
<pin id="213" dir="0" index="0" bw="1" slack="0"/>
<pin id="214" dir="0" index="1" bw="3" slack="0"/>
<pin id="215" dir="0" index="2" bw="3" slack="0"/>
<pin id="216" dir="1" index="3" bw="3" slack="0"/>
</pin_list>
<bind>
<opcode="select(49) " fcode="select"/>
<opset="select_ln208_74/1 "/>
</bind>
</comp>

<comp id="220" class="1004" name="agg_result_fu_220">
<pin_list>
<pin id="221" dir="0" index="0" bw="32" slack="0"/>
<pin id="222" dir="0" index="1" bw="16" slack="0"/>
<pin id="223" dir="0" index="2" bw="17" slack="0"/>
<pin id="224" dir="0" index="3" bw="17" slack="0"/>
<pin id="225" dir="0" index="4" bw="11" slack="0"/>
<pin id="226" dir="0" index="5" bw="16" slack="0"/>
<pin id="227" dir="0" index="6" bw="14" slack="0"/>
<pin id="228" dir="0" index="7" bw="3" slack="0"/>
<pin id="229" dir="1" index="8" bw="32" slack="2147483647"/>
</pin_list>
<bind>
<opcode="mux(1196) " fcode="mux"/>
<opset="agg_result/1 "/>
</bind>
</comp>

</comp_list>

<net_list>
<net id="60"><net_src comp="16" pin="0"/><net_sink comp="56" pin=0"/></net>

<net id="61"><net_src comp="6" pin="0"/><net_sink comp="56" pin=1"/></net>

<net id="66"><net_src comp="16" pin="0"/><net_sink comp="62" pin=0"/></net>

<net id="67"><net_src comp="4" pin="0"/><net_sink comp="62" pin=1"/></net>

<net id="72"><net_src comp="16" pin="0"/><net_sink comp="68" pin=0"/></net>

<net id="73"><net_src comp="2" pin="0"/><net_sink comp="68" pin=1"/></net>

<net id="78"><net_src comp="16" pin="0"/><net_sink comp="74" pin=0"/></net>

<net id="79"><net_src comp="0" pin="0"/><net_sink comp="74" pin=1"/></net>

<net id="84"><net_src comp="68" pin="2"/><net_sink comp="80" pin=0"/></net>

<net id="85"><net_src comp="18" pin="0"/><net_sink comp="80" pin=1"/></net>

<net id="90"><net_src comp="74" pin="2"/><net_sink comp="86" pin=0"/></net>

<net id="91"><net_src comp="20" pin="0"/><net_sink comp="86" pin=1"/></net>

<net id="96"><net_src comp="56" pin="2"/><net_sink comp="92" pin=0"/></net>

<net id="97"><net_src comp="22" pin="0"/><net_sink comp="92" pin=1"/></net>

<net id="102"><net_src comp="62" pin="2"/><net_sink comp="98" pin=0"/></net>

<net id="103"><net_src comp="24" pin="0"/><net_sink comp="98" pin=1"/></net>

<net id="108"><net_src comp="68" pin="2"/><net_sink comp="104" pin=0"/></net>

<net id="109"><net_src comp="26" pin="0"/><net_sink comp="104" pin=1"/></net>

<net id="114"><net_src comp="80" pin="2"/><net_sink comp="110" pin=0"/></net>

<net id="115"><net_src comp="28" pin="0"/><net_sink comp="110" pin=1"/></net>

<net id="120"><net_src comp="86" pin="2"/><net_sink comp="116" pin=0"/></net>

<net id="121"><net_src comp="28" pin="0"/><net_sink comp="116" pin=1"/></net>

<net id="126"><net_src comp="92" pin="2"/><net_sink comp="122" pin=0"/></net>

<net id="127"><net_src comp="110" pin="2"/><net_sink comp="122" pin=1"/></net>

<net id="132"><net_src comp="80" pin="2"/><net_sink comp="128" pin=0"/></net>

<net id="133"><net_src comp="98" pin="2"/><net_sink comp="128" pin=1"/></net>

<net id="138"><net_src comp="128" pin="2"/><net_sink comp="134" pin=0"/></net>

<net id="139"><net_src comp="86" pin="2"/><net_sink comp="134" pin=1"/></net>

<net id="144"><net_src comp="104" pin="2"/><net_sink comp="140" pin=0"/></net>

<net id="145"><net_src comp="116" pin="2"/><net_sink comp="140" pin=1"/></net>

<net id="150"><net_src comp="140" pin="2"/><net_sink comp="146" pin=0"/></net>

<net id="151"><net_src comp="80" pin="2"/><net_sink comp="146" pin=1"/></net>

<net id="156"><net_src comp="134" pin="2"/><net_sink comp="152" pin=0"/></net>

<net id="157"><net_src comp="110" pin="2"/><net_sink comp="152" pin=1"/></net>

<net id="163"><net_src comp="80" pin="2"/><net_sink comp="158" pin=0"/></net>

<net id="164"><net_src comp="30" pin="0"/><net_sink comp="158" pin=1"/></net>

<net id="165"><net_src comp="32" pin="0"/><net_sink comp="158" pin=2"/></net>

<net id="170"><net_src comp="80" pin="2"/><net_sink comp="166" pin=0"/></net>

<net id="171"><net_src comp="122" pin="2"/><net_sink comp="166" pin=1"/></net>

<net id="177"><net_src comp="166" pin="2"/><net_sink comp="172" pin=0"/></net>

<net id="178"><net_src comp="158" pin="3"/><net_sink comp="172" pin=1"/></net>

<net id="179"><net_src comp="34" pin="0"/><net_sink comp="172" pin=2"/></net>

<net id="184"><net_src comp="86" pin="2"/><net_sink comp="180" pin=0"/></net>

<net id="185"><net_src comp="110" pin="2"/><net_sink comp="180" pin=1"/></net>

<net id="191"><net_src comp="152" pin="2"/><net_sink comp="186" pin=0"/></net>

<net id="192"><net_src comp="172" pin="3"/><net_sink comp="186" pin=1"/></net>

<net id="193"><net_src comp="36" pin="0"/><net_sink comp="186" pin=2"/></net>

<net id="197"><net_src comp="186" pin="3"/><net_sink comp="194" pin=0"/></net>

<net id="202"><net_src comp="180" pin="2"/><net_sink comp="198" pin=0"/></net>

<net id="203"><net_src comp="146" pin="2"/><net_sink comp="198" pin=1"/></net>

<net id="209"><net_src comp="180" pin="2"/><net_sink comp="204" pin=0"/></net>

<net id="210"><net_src comp="194" pin="1"/><net_sink comp="204" pin=1"/></net>

<net id="211"><net_src comp="38" pin="0"/><net_sink comp="204" pin=2"/></net>

<net id="217"><net_src comp="198" pin="2"/><net_sink comp="212" pin=0"/></net>

<net id="218"><net_src comp="204" pin="3"/><net_sink comp="212" pin=1"/></net>

<net id="219"><net_src comp="40" pin="0"/><net_sink comp="212" pin=2"/></net>

<net id="230"><net_src comp="42" pin="0"/><net_sink comp="220" pin=0"/></net>

<net id="231"><net_src comp="44" pin="0"/><net_sink comp="220" pin=1"/></net>

<net id="232"><net_src comp="46" pin="0"/><net_sink comp="220" pin=2"/></net>

<net id="233"><net_src comp="48" pin="0"/><net_sink comp="220" pin=3"/></net>

<net id="234"><net_src comp="50" pin="0"/><net_sink comp="220" pin=4"/></net>

<net id="235"><net_src comp="52" pin="0"/><net_sink comp="220" pin=5"/></net>

<net id="236"><net_src comp="54" pin="0"/><net_sink comp="220" pin=6"/></net>

<net id="237"><net_src comp="212" pin="3"/><net_sink comp="220" pin=7"/></net>

</net_list>

</model> 
---------------- Datapath Model END ------------------

* FSMD analyzer results:
  - Output states:
 - Input state : 
	Port: decision_function.16 : p_read1 | {1 }
	Port: decision_function.16 : p_read2 | {1 }
	Port: decision_function.16 : p_read3 | {1 }
	Port: decision_function.16 : p_read4 | {1 }
  - Chain level:
	State 1
		activation_268 : 1
		xor_ln195 : 1
		activation : 1
		and_ln193 : 1
		activation_269 : 1
		and_ln193_49 : 1
		activation_270 : 1
		or_ln208 : 1
		select_ln208 : 1
		or_ln208_55 : 1
		select_ln208_71 : 1
		or_ln208_53 : 1
		select_ln208_72 : 2
		zext_ln208 : 3
		or_ln208_54 : 1
		select_ln208_73 : 4
		select_ln208_74 : 5
		agg_result : 6
		ret_ln213 : 7


============================================================
+ Verbose Summary: Datapath Resource usage 
============================================================

* Functional unit list:
|----------|------------------------|---------|---------|
| Operation|     Functional Unit    |    FF   |   LUT   |
|----------|------------------------|---------|---------|
|          |    comparison_fu_80    |    0    |    20   |
|          |  comparison_216_fu_86  |    0    |    20   |
|   icmp   |  comparison_217_fu_92  |    0    |    20   |
|          |  comparison_218_fu_98  |    0    |    20   |
|          |  comparison_219_fu_104 |    0    |    20   |
|----------|------------------------|---------|---------|
|    mux   |    agg_result_fu_220   |    0    |    31   |
|----------|------------------------|---------|---------|
|          |   select_ln208_fu_158  |    0    |    2    |
|          | select_ln208_71_fu_172 |    0    |    2    |
|  select  | select_ln208_72_fu_186 |    0    |    2    |
|          | select_ln208_73_fu_204 |    0    |    3    |
|          | select_ln208_74_fu_212 |    0    |    3    |
|----------|------------------------|---------|---------|
|          |    activation_fu_122   |    0    |    2    |
|          |    and_ln193_fu_128    |    0    |    2    |
|    and   |  activation_269_fu_134 |    0    |    2    |
|          |   and_ln193_49_fu_140  |    0    |    2    |
|          |  activation_270_fu_146 |    0    |    2    |
|----------|------------------------|---------|---------|
|          |     or_ln208_fu_152    |    0    |    2    |
|    or    |   or_ln208_55_fu_166   |    0    |    2    |
|          |   or_ln208_53_fu_180   |    0    |    2    |
|          |   or_ln208_54_fu_198   |    0    |    2    |
|----------|------------------------|---------|---------|
|    xor   |  activation_268_fu_110 |    0    |    2    |
|          |    xor_ln195_fu_116    |    0    |    2    |
|----------|------------------------|---------|---------|
|          |   p_read44_read_fu_56  |    0    |    0    |
|   read   |   p_read33_read_fu_62  |    0    |    0    |
|          |   p_read22_read_fu_68  |    0    |    0    |
|          |   p_read11_read_fu_74  |    0    |    0    |
|----------|------------------------|---------|---------|
|   zext   |    zext_ln208_fu_194   |    0    |    0    |
|----------|------------------------|---------|---------|
|   Total  |                        |    0    |   165   |
|----------|------------------------|---------|---------|

Memories:
N/A

* Register list:
N/A

* Multiplexer (MUX) list: 
|--------|------|------|------|--------|
|  Comp  |  Pin | Size |  BW  | S x BW |
|--------|------|------|------|--------|
|  Total |      |      |      |    0   |
|--------|------|------|------|--------|



* Summary:
+-----------+--------+--------+
|           |   FF   |   LUT  |
+-----------+--------+--------+
|  Function |    0   |   165  |
|   Memory  |    -   |    -   |
|Multiplexer|    -   |    -   |
|  Register |    -   |    -   |
+-----------+--------+--------+
|   Total   |    0   |   165  |
+-----------+--------+--------+
