

================================================================
== Vitis HLS Report for 'decision_function_41'
================================================================
* Date:           Sun Jun 26 16:46:47 2022

* Version:        2021.2 (Build 3367213 on Tue Oct 19 02:47:39 MDT 2021)
* Project:        myproject_prj
* Solution:       solution1 (Vivado IP Flow Target)
* Product family: zynquplus
* Target device:  xczu3eg-sbva484-1-e


================================================================
== Performance Estimates
================================================================
+ Timing: 
    * Summary: 
    +--------+---------+----------+------------+
    |  Clock |  Target | Estimated| Uncertainty|
    +--------+---------+----------+------------+
    |ap_clk  |  7.00 ns|  3.272 ns|     1.89 ns|
    +--------+---------+----------+------------+

+ Latency: 
    * Summary: 
    +---------+---------+----------+----------+-----+-----+---------+
    |  Latency (cycles) |  Latency (absolute) |  Interval | Pipeline|
    |   min   |   max   |    min   |    max   | min | max |   Type  |
    +---------+---------+----------+----------+-----+-----+---------+
    |        0|        0|      0 ns|      0 ns|    1|    1|      yes|
    +---------+---------+----------+----------+-----+-----+---------+

    + Detail: 
        * Instance: 
        N/A

        * Loop: 
        N/A

============================================================
+ Verbose Summary: Synthesis Manager
============================================================
InlineROM: 1
ExposeGlobal: 0
============================================================
+ Verbose Summary: CDFG Model
============================================================
IsTopModel: 0
ResetActiveHigh: 1
IsCombinational: 0
IsDatapathOnly: 0
HasWiredReturn: 1
HasMFsm: 2
HasVarLatency: 0
IsPipeline: 1
IsRtlPipelined: 0
IsInstanceOverlapped: 0
IsDontTouch: 0
HasImplIP: 0
IsGatedGlobalClock: 0

+ Individual pipeline summary: 
  * Pipeline-0: initiation interval (II) = 1, depth = 1


============================================================
+ Verbose Summary: Schedule
============================================================
* Number of FSM states : 1
* Pipeline : 1
  Pipeline-0 : II = 1, D = 1, States = { 1 }
* Dataflow Pipeline: 0

* FSM state transitions: 
1 --> 

* FSM state operations: 

State 1 <SV = 0> <Delay = 3.27>
ST_1 : Operation 2 [1/1] (0.00ns)   --->   "%specpipeline_ln0 = specpipeline void @_ssdm_op_SpecPipeline, i32 1, i32 0, i32 0, i32 0, void @empty_1" [firmware/BDT.h:0]   --->   Operation 2 'specpipeline' 'specpipeline_ln0' <Predicate = true> <Delay = 0.00>
ST_1 : Operation 3 [1/1] (0.00ns)   --->   "%p_read55 = read i32 @_ssdm_op_Read.ap_auto.i32, i32 %p_read5"   --->   Operation 3 'read' 'p_read55' <Predicate = true> <Delay = 0.00>
ST_1 : Operation 4 [1/1] (0.00ns)   --->   "%p_read44 = read i32 @_ssdm_op_Read.ap_auto.i32, i32 %p_read4"   --->   Operation 4 'read' 'p_read44' <Predicate = true> <Delay = 0.00>
ST_1 : Operation 5 [1/1] (0.00ns)   --->   "%p_read33 = read i32 @_ssdm_op_Read.ap_auto.i32, i32 %p_read3"   --->   Operation 5 'read' 'p_read33' <Predicate = true> <Delay = 0.00>
ST_1 : Operation 6 [1/1] (0.00ns)   --->   "%p_read22 = read i32 @_ssdm_op_Read.ap_auto.i32, i32 %p_read2"   --->   Operation 6 'read' 'p_read22' <Predicate = true> <Delay = 0.00>
ST_1 : Operation 7 [1/1] (0.00ns)   --->   "%p_read11 = read i32 @_ssdm_op_Read.ap_auto.i32, i32 %p_read1"   --->   Operation 7 'read' 'p_read11' <Predicate = true> <Delay = 0.00>
ST_1 : Operation 8 [1/1] (1.11ns)   --->   "%comparison = icmp_slt  i32 %p_read44, i32 4294895763"   --->   Operation 8 'icmp' 'comparison' <Predicate = true> <Delay = 1.11> <CoreInst = "Cmp">   --->   Core 9 'Cmp' <Latency = 0> <II = 1> <Delay = 1.11> <FuncUnit> <Opcode : 'icmp'> <InPorts = 2> <OutPorts = 1>
ST_1 : Operation 9 [1/1] (1.11ns)   --->   "%comparison_73 = icmp_slt  i32 %p_read11, i32 15731"   --->   Operation 9 'icmp' 'comparison_73' <Predicate = (comparison & or_ln208_48 & or_ln208_49 & or_ln208_50)> <Delay = 1.11> <CoreInst = "Cmp">   --->   Core 9 'Cmp' <Latency = 0> <II = 1> <Delay = 1.11> <FuncUnit> <Opcode : 'icmp'> <InPorts = 2> <OutPorts = 1>
ST_1 : Operation 10 [1/1] (1.11ns)   --->   "%comparison_74 = icmp_slt  i32 %p_read44, i32 61217"   --->   Operation 10 'icmp' 'comparison_74' <Predicate = true> <Delay = 1.11> <CoreInst = "Cmp">   --->   Core 9 'Cmp' <Latency = 0> <II = 1> <Delay = 1.11> <FuncUnit> <Opcode : 'icmp'> <InPorts = 2> <OutPorts = 1>
ST_1 : Operation 11 [1/1] (1.11ns)   --->   "%comparison_75 = icmp_slt  i32 %p_read55, i32 4294924056"   --->   Operation 11 'icmp' 'comparison_75' <Predicate = (activation_92 & or_ln208 & comparison & or_ln208_48 & or_ln208_49 & or_ln208_50)> <Delay = 1.11> <CoreInst = "Cmp">   --->   Core 9 'Cmp' <Latency = 0> <II = 1> <Delay = 1.11> <FuncUnit> <Opcode : 'icmp'> <InPorts = 2> <OutPorts = 1>
ST_1 : Operation 12 [1/1] (1.11ns)   --->   "%comparison_76 = icmp_slt  i32 %p_read11, i32 77754"   --->   Operation 12 'icmp' 'comparison_76' <Predicate = (comparison & or_ln208_48 & or_ln208_49 & or_ln208_50)> <Delay = 1.11> <CoreInst = "Cmp">   --->   Core 9 'Cmp' <Latency = 0> <II = 1> <Delay = 1.11> <FuncUnit> <Opcode : 'icmp'> <InPorts = 2> <OutPorts = 1>
ST_1 : Operation 13 [1/1] (1.11ns)   --->   "%comparison_77 = icmp_slt  i32 %p_read22, i32 4294924606"   --->   Operation 13 'icmp' 'comparison_77' <Predicate = (or_ln208_49 & or_ln208_50)> <Delay = 1.11> <CoreInst = "Cmp">   --->   Core 9 'Cmp' <Latency = 0> <II = 1> <Delay = 1.11> <FuncUnit> <Opcode : 'icmp'> <InPorts = 2> <OutPorts = 1>
ST_1 : Operation 14 [1/1] (1.11ns)   --->   "%comparison_78 = icmp_slt  i32 %p_read33, i32 4294930903"   --->   Operation 14 'icmp' 'comparison_78' <Predicate = true> <Delay = 1.11> <CoreInst = "Cmp">   --->   Core 9 'Cmp' <Latency = 0> <II = 1> <Delay = 1.11> <FuncUnit> <Opcode : 'icmp'> <InPorts = 2> <OutPorts = 1>
ST_1 : Operation 15 [1/1] (0.33ns)   --->   "%activation_91 = xor i1 %comparison, i1 1" [firmware/BDT.h:195]   --->   Operation 15 'xor' 'activation_91' <Predicate = true> <Delay = 0.33> <CoreInst = "LogicGate">   --->   Core 74 'LogicGate' <Latency = 0> <II = 1> <Delay = 0.33> <FuncUnit> <Opcode : 'and' 'or' 'xor'> <InPorts = 2> <OutPorts = 1>
ST_1 : Operation 16 [1/1] (0.33ns)   --->   "%activation_92 = and i1 %comparison_73, i1 %comparison" [firmware/BDT.h:193]   --->   Operation 16 'and' 'activation_92' <Predicate = (comparison & or_ln208_48 & or_ln208_49 & or_ln208_50)> <Delay = 0.33> <CoreInst = "LogicGate">   --->   Core 74 'LogicGate' <Latency = 0> <II = 1> <Delay = 0.33> <FuncUnit> <Opcode : 'and' 'or' 'xor'> <InPorts = 2> <OutPorts = 1>
ST_1 : Operation 17 [1/1] (0.00ns) (grouped into LUT with out node or_ln208)   --->   "%xor_ln195 = xor i1 %comparison_73, i1 1" [firmware/BDT.h:195]   --->   Operation 17 'xor' 'xor_ln195' <Predicate = (comparison & or_ln208_48 & or_ln208_49 & or_ln208_50)> <Delay = 0.00> <CoreInst = "LogicGate">   --->   Core 74 'LogicGate' <Latency = 0> <II = 1> <Delay = 0.33> <FuncUnit> <Opcode : 'and' 'or' 'xor'> <InPorts = 2> <OutPorts = 1>
ST_1 : Operation 18 [1/1] (0.33ns)   --->   "%activation_93 = and i1 %comparison_74, i1 %activation_91" [firmware/BDT.h:193]   --->   Operation 18 'and' 'activation_93' <Predicate = true> <Delay = 0.33> <CoreInst = "LogicGate">   --->   Core 74 'LogicGate' <Latency = 0> <II = 1> <Delay = 0.33> <FuncUnit> <Opcode : 'and' 'or' 'xor'> <InPorts = 2> <OutPorts = 1>
ST_1 : Operation 19 [1/1] (0.00ns) (grouped into LUT with out node agg_result)   --->   "%xor_ln195_27 = xor i1 %comparison_74, i1 1" [firmware/BDT.h:195]   --->   Operation 19 'xor' 'xor_ln195_27' <Predicate = true> <Delay = 0.00> <CoreInst = "LogicGate">   --->   Core 74 'LogicGate' <Latency = 0> <II = 1> <Delay = 0.33> <FuncUnit> <Opcode : 'and' 'or' 'xor'> <InPorts = 2> <OutPorts = 1>
ST_1 : Operation 20 [1/1] (0.00ns) (grouped into LUT with out node select_ln208_61)   --->   "%activation = and i1 %comparison_75, i1 %activation_92" [firmware/BDT.h:193]   --->   Operation 20 'and' 'activation' <Predicate = (activation_92 & or_ln208 & comparison & or_ln208_48 & or_ln208_49 & or_ln208_50)> <Delay = 0.00> <CoreInst = "LogicGate">   --->   Core 74 'LogicGate' <Latency = 0> <II = 1> <Delay = 0.33> <FuncUnit> <Opcode : 'and' 'or' 'xor'> <InPorts = 2> <OutPorts = 1>
ST_1 : Operation 21 [1/1] (0.00ns) (grouped into LUT with out node or_ln208)   --->   "%and_ln193 = and i1 %comparison_76, i1 %xor_ln195" [firmware/BDT.h:193]   --->   Operation 21 'and' 'and_ln193' <Predicate = (comparison & or_ln208_48 & or_ln208_49 & or_ln208_50)> <Delay = 0.00> <CoreInst = "LogicGate">   --->   Core 74 'LogicGate' <Latency = 0> <II = 1> <Delay = 0.33> <FuncUnit> <Opcode : 'and' 'or' 'xor'> <InPorts = 2> <OutPorts = 1>
ST_1 : Operation 22 [1/1] (0.00ns) (grouped into LUT with out node or_ln208)   --->   "%activation_94 = and i1 %and_ln193, i1 %comparison" [firmware/BDT.h:193]   --->   Operation 22 'and' 'activation_94' <Predicate = (comparison & or_ln208_48 & or_ln208_49 & or_ln208_50)> <Delay = 0.00> <CoreInst = "LogicGate">   --->   Core 74 'LogicGate' <Latency = 0> <II = 1> <Delay = 0.33> <FuncUnit> <Opcode : 'and' 'or' 'xor'> <InPorts = 2> <OutPorts = 1>
ST_1 : Operation 23 [1/1] (0.00ns) (grouped into LUT with out node select_ln208_63)   --->   "%activation_95 = and i1 %comparison_77, i1 %activation_93" [firmware/BDT.h:193]   --->   Operation 23 'and' 'activation_95' <Predicate = (or_ln208_49 & or_ln208_50)> <Delay = 0.00> <CoreInst = "LogicGate">   --->   Core 74 'LogicGate' <Latency = 0> <II = 1> <Delay = 0.33> <FuncUnit> <Opcode : 'and' 'or' 'xor'> <InPorts = 2> <OutPorts = 1>
ST_1 : Operation 24 [1/1] (0.00ns) (grouped into LUT with out node agg_result)   --->   "%and_ln193_73 = and i1 %comparison_78, i1 %activation_91" [firmware/BDT.h:193]   --->   Operation 24 'and' 'and_ln193_73' <Predicate = true> <Delay = 0.00> <CoreInst = "LogicGate">   --->   Core 74 'LogicGate' <Latency = 0> <II = 1> <Delay = 0.33> <FuncUnit> <Opcode : 'and' 'or' 'xor'> <InPorts = 2> <OutPorts = 1>
ST_1 : Operation 25 [1/1] (0.00ns) (grouped into LUT with out node agg_result)   --->   "%activation_96 = and i1 %and_ln193_73, i1 %xor_ln195_27" [firmware/BDT.h:193]   --->   Operation 25 'and' 'activation_96' <Predicate = true> <Delay = 0.00> <CoreInst = "LogicGate">   --->   Core 74 'LogicGate' <Latency = 0> <II = 1> <Delay = 0.33> <FuncUnit> <Opcode : 'and' 'or' 'xor'> <InPorts = 2> <OutPorts = 1>
ST_1 : Operation 26 [1/1] (0.00ns) (grouped into LUT with out node select_ln208_61)   --->   "%xor_ln208 = xor i1 %activation, i1 1" [firmware/BDT.h:208]   --->   Operation 26 'xor' 'xor_ln208' <Predicate = (activation_92 & or_ln208 & comparison & or_ln208_48 & or_ln208_49 & or_ln208_50)> <Delay = 0.00> <CoreInst = "LogicGate">   --->   Core 74 'LogicGate' <Latency = 0> <II = 1> <Delay = 0.33> <FuncUnit> <Opcode : 'and' 'or' 'xor'> <InPorts = 2> <OutPorts = 1>
ST_1 : Operation 27 [1/1] (0.00ns) (grouped into LUT with out node select_ln208_61)   --->   "%zext_ln208 = zext i1 %xor_ln208" [firmware/BDT.h:208]   --->   Operation 27 'zext' 'zext_ln208' <Predicate = (activation_92 & or_ln208 & comparison & or_ln208_48 & or_ln208_49 & or_ln208_50)> <Delay = 0.00>
ST_1 : Operation 28 [1/1] (0.33ns) (out node of the LUT)   --->   "%or_ln208 = or i1 %activation_92, i1 %activation_94" [firmware/BDT.h:208]   --->   Operation 28 'or' 'or_ln208' <Predicate = (comparison & or_ln208_48 & or_ln208_49 & or_ln208_50)> <Delay = 0.33> <CoreInst = "LogicGate">   --->   Core 74 'LogicGate' <Latency = 0> <II = 1> <Delay = 0.33> <FuncUnit> <Opcode : 'and' 'or' 'xor'> <InPorts = 2> <OutPorts = 1>
ST_1 : Operation 29 [1/1] (0.00ns) (grouped into LUT with out node select_ln208_61)   --->   "%select_ln208 = select i1 %activation_92, i2 %zext_ln208, i2 2" [firmware/BDT.h:208]   --->   Operation 29 'select' 'select_ln208' <Predicate = (or_ln208 & comparison & or_ln208_48 & or_ln208_49 & or_ln208_50)> <Delay = 0.00> <CoreInst = "Sel">   --->   Core 73 'Sel' <Latency = 0> <II = 1> <Delay = 0.27> <FuncUnit> <Opcode : 'select'> <InPorts = 3> <OutPorts = 1>
ST_1 : Operation 30 [1/1] (0.00ns) (grouped into LUT with out node select_ln208_61)   --->   "%select_ln208_60 = select i1 %or_ln208, i2 %select_ln208, i2 3" [firmware/BDT.h:208]   --->   Operation 30 'select' 'select_ln208_60' <Predicate = (comparison & or_ln208_48 & or_ln208_49 & or_ln208_50)> <Delay = 0.00> <CoreInst = "Sel">   --->   Core 73 'Sel' <Latency = 0> <II = 1> <Delay = 0.27> <FuncUnit> <Opcode : 'select'> <InPorts = 3> <OutPorts = 1>
ST_1 : Operation 31 [1/1] (0.00ns) (grouped into LUT with out node select_ln208_61)   --->   "%zext_ln208_14 = zext i2 %select_ln208_60" [firmware/BDT.h:208]   --->   Operation 31 'zext' 'zext_ln208_14' <Predicate = (comparison & or_ln208_48 & or_ln208_49 & or_ln208_50)> <Delay = 0.00>
ST_1 : Operation 32 [1/1] (0.00ns) (grouped into LUT with out node select_ln208_63)   --->   "%or_ln208_48 = or i1 %comparison, i1 %activation_95" [firmware/BDT.h:208]   --->   Operation 32 'or' 'or_ln208_48' <Predicate = (or_ln208_49 & or_ln208_50)> <Delay = 0.00> <CoreInst = "LogicGate">   --->   Core 74 'LogicGate' <Latency = 0> <II = 1> <Delay = 0.33> <FuncUnit> <Opcode : 'and' 'or' 'xor'> <InPorts = 2> <OutPorts = 1>
ST_1 : Operation 33 [1/1] (0.33ns) (out node of the LUT)   --->   "%select_ln208_61 = select i1 %comparison, i3 %zext_ln208_14, i3 4" [firmware/BDT.h:208]   --->   Operation 33 'select' 'select_ln208_61' <Predicate = (or_ln208_48 & or_ln208_49 & or_ln208_50)> <Delay = 0.33> <CoreInst = "Sel">   --->   Core 73 'Sel' <Latency = 0> <II = 1> <Delay = 0.27> <FuncUnit> <Opcode : 'select'> <InPorts = 3> <OutPorts = 1>
ST_1 : Operation 34 [1/1] (0.33ns)   --->   "%or_ln208_49 = or i1 %comparison, i1 %activation_93" [firmware/BDT.h:208]   --->   Operation 34 'or' 'or_ln208_49' <Predicate = true> <Delay = 0.33> <CoreInst = "LogicGate">   --->   Core 74 'LogicGate' <Latency = 0> <II = 1> <Delay = 0.33> <FuncUnit> <Opcode : 'and' 'or' 'xor'> <InPorts = 2> <OutPorts = 1>
ST_1 : Operation 35 [1/1] (0.00ns) (grouped into LUT with out node select_ln208_63)   --->   "%select_ln208_62 = select i1 %or_ln208_48, i3 %select_ln208_61, i3 5" [firmware/BDT.h:208]   --->   Operation 35 'select' 'select_ln208_62' <Predicate = (or_ln208_49 & or_ln208_50)> <Delay = 0.00> <CoreInst = "Sel">   --->   Core 73 'Sel' <Latency = 0> <II = 1> <Delay = 0.27> <FuncUnit> <Opcode : 'select'> <InPorts = 3> <OutPorts = 1>
ST_1 : Operation 36 [1/1] (0.00ns) (grouped into LUT with out node agg_result)   --->   "%or_ln208_50 = or i1 %or_ln208_49, i1 %activation_96" [firmware/BDT.h:208]   --->   Operation 36 'or' 'or_ln208_50' <Predicate = true> <Delay = 0.00> <CoreInst = "LogicGate">   --->   Core 74 'LogicGate' <Latency = 0> <II = 1> <Delay = 0.33> <FuncUnit> <Opcode : 'and' 'or' 'xor'> <InPorts = 2> <OutPorts = 1>
ST_1 : Operation 37 [1/1] (0.33ns) (out node of the LUT)   --->   "%select_ln208_63 = select i1 %or_ln208_49, i3 %select_ln208_62, i3 6" [firmware/BDT.h:208]   --->   Operation 37 'select' 'select_ln208_63' <Predicate = (or_ln208_50)> <Delay = 0.33> <CoreInst = "Sel">   --->   Core 73 'Sel' <Latency = 0> <II = 1> <Delay = 0.27> <FuncUnit> <Opcode : 'select'> <InPorts = 3> <OutPorts = 1>
ST_1 : Operation 38 [1/1] (0.00ns) (grouped into LUT with out node agg_result)   --->   "%select_ln208_64 = select i1 %or_ln208_50, i3 %select_ln208_63, i3 7" [firmware/BDT.h:208]   --->   Operation 38 'select' 'select_ln208_64' <Predicate = true> <Delay = 0.00> <CoreInst = "Sel">   --->   Core 73 'Sel' <Latency = 0> <II = 1> <Delay = 0.27> <FuncUnit> <Opcode : 'select'> <InPorts = 3> <OutPorts = 1>
ST_1 : Operation 39 [1/1] (0.83ns) (out node of the LUT)   --->   "%agg_result = mux i32 @_ssdm_op_Mux.ap_auto.8i32.i3, i32 60821, i32 1372, i32 72217, i32 17901, i32 16782, i32 4294945314, i32 65654, i32 15947, i3 %select_ln208_64" [firmware/BDT.h:209]   --->   Operation 39 'mux' 'agg_result' <Predicate = true> <Delay = 0.83> <CoreInst = "Multiplexer">   --->   Core 76 'Multiplexer' <Latency = 0> <II = 1> <Delay = 0.83> <FuncUnit> <Opcode : 'mux'> <InPorts = 2> <OutPorts = 1>
ST_1 : Operation 40 [1/1] (0.00ns)   --->   "%ret_ln213 = ret i32 %agg_result" [firmware/BDT.h:213]   --->   Operation 40 'ret' 'ret_ln213' <Predicate = true> <Delay = 0.00>


============================================================
+ Verbose Summary: Timing violations
============================================================
Target clock period: 7ns, clock uncertainty: 1.89ns.

 <State 1>: 3.27ns
The critical path consists of the following:
	wire read operation ('p_read44') on port 'p_read4' [8]  (0 ns)
	'icmp' operation ('comparison') [12]  (1.11 ns)
	'and' operation ('activation', firmware/BDT.h:193) [20]  (0.331 ns)
	'or' operation ('or_ln208', firmware/BDT.h:208) [32]  (0.331 ns)
	'select' operation ('select_ln208_60', firmware/BDT.h:208) [34]  (0 ns)
	'select' operation ('select_ln208_61', firmware/BDT.h:208) [37]  (0.331 ns)
	'select' operation ('select_ln208_62', firmware/BDT.h:208) [39]  (0 ns)
	'select' operation ('select_ln208_63', firmware/BDT.h:208) [41]  (0.331 ns)
	'select' operation ('select_ln208_64', firmware/BDT.h:208) [42]  (0 ns)
	'mux' operation ('agg_result', firmware/BDT.h:209) [43]  (0.837 ns)


============================================================
+ Verbose Summary: Binding
============================================================
N/A
* FSMD analyzer results:
  - Output states:
 - Input state : 
  - Chain level:
	State 1


============================================================
+ Verbose Summary: Datapath Resource usage 
============================================================
N/A
