

================================================================
== Vitis HLS Report for 'decision_function_30'
================================================================
* Date:           Sun Jun 26 16:46:49 2022

* Version:        2021.2 (Build 3367213 on Tue Oct 19 02:47:39 MDT 2021)
* Project:        myproject_prj
* Solution:       solution1 (Vivado IP Flow Target)
* Product family: zynquplus
* Target device:  xczu3eg-sbva484-1-e


================================================================
== Performance Estimates
================================================================
+ Timing: 
    * Summary: 
    +--------+---------+----------+------------+
    |  Clock |  Target | Estimated| Uncertainty|
    +--------+---------+----------+------------+
    |ap_clk  |  7.00 ns|  3.545 ns|     1.89 ns|
    +--------+---------+----------+------------+

+ Latency: 
    * Summary: 
    +---------+---------+----------+----------+-----+-----+---------+
    |  Latency (cycles) |  Latency (absolute) |  Interval | Pipeline|
    |   min   |   max   |    min   |    max   | min | max |   Type  |
    +---------+---------+----------+----------+-----+-----+---------+
    |        0|        0|      0 ns|      0 ns|    1|    1|      yes|
    +---------+---------+----------+----------+-----+-----+---------+

    + Detail: 
        * Instance: 
        N/A

        * Loop: 
        N/A

============================================================
+ Verbose Summary: Synthesis Manager
============================================================
InlineROM: 1
ExposeGlobal: 0
============================================================
+ Verbose Summary: CDFG Model
============================================================
IsTopModel: 0
ResetActiveHigh: 1
IsCombinational: 0
IsDatapathOnly: 0
HasWiredReturn: 1
HasMFsm: 2
HasVarLatency: 0
IsPipeline: 1
IsRtlPipelined: 0
IsInstanceOverlapped: 0
IsDontTouch: 0
HasImplIP: 0
IsGatedGlobalClock: 0

+ Individual pipeline summary: 
  * Pipeline-0: initiation interval (II) = 1, depth = 1


============================================================
+ Verbose Summary: Schedule
============================================================
* Number of FSM states : 1
* Pipeline : 1
  Pipeline-0 : II = 1, D = 1, States = { 1 }
* Dataflow Pipeline: 0

* FSM state transitions: 
1 --> 

* FSM state operations: 

State 1 <SV = 0> <Delay = 3.54>
ST_1 : Operation 2 [1/1] (0.00ns)   --->   "%specpipeline_ln0 = specpipeline void @_ssdm_op_SpecPipeline, i32 1, i32 0, i32 0, i32 0, void @empty_1" [firmware/BDT.h:0]   --->   Operation 2 'specpipeline' 'specpipeline_ln0' <Predicate = true> <Delay = 0.00>
ST_1 : Operation 3 [1/1] (0.00ns)   --->   "%p_read44 = read i32 @_ssdm_op_Read.ap_auto.i32, i32 %p_read4"   --->   Operation 3 'read' 'p_read44' <Predicate = true> <Delay = 0.00>
ST_1 : Operation 4 [1/1] (0.00ns)   --->   "%p_read33 = read i32 @_ssdm_op_Read.ap_auto.i32, i32 %p_read3"   --->   Operation 4 'read' 'p_read33' <Predicate = true> <Delay = 0.00>
ST_1 : Operation 5 [1/1] (0.00ns)   --->   "%p_read22 = read i32 @_ssdm_op_Read.ap_auto.i32, i32 %p_read2"   --->   Operation 5 'read' 'p_read22' <Predicate = true> <Delay = 0.00>
ST_1 : Operation 6 [1/1] (0.00ns)   --->   "%p_read11 = read i32 @_ssdm_op_Read.ap_auto.i32, i32 %p_read1"   --->   Operation 6 'read' 'p_read11' <Predicate = true> <Delay = 0.00>
ST_1 : Operation 7 [1/1] (1.11ns)   --->   "%comparison = icmp_slt  i32 %p_read33, i32 115746"   --->   Operation 7 'icmp' 'comparison' <Predicate = true> <Delay = 1.11> <CoreInst = "Cmp">   --->   Core 9 'Cmp' <Latency = 0> <II = 1> <Delay = 1.11> <FuncUnit> <Opcode : 'icmp'> <InPorts = 2> <OutPorts = 1>
ST_1 : Operation 8 [1/1] (1.11ns)   --->   "%comparison_130 = icmp_slt  i32 %p_read11, i32 61283"   --->   Operation 8 'icmp' 'comparison_130' <Predicate = (or_ln208_83 & or_ln208_84)> <Delay = 1.11> <CoreInst = "Cmp">   --->   Core 9 'Cmp' <Latency = 0> <II = 1> <Delay = 1.11> <FuncUnit> <Opcode : 'icmp'> <InPorts = 2> <OutPorts = 1>
ST_1 : Operation 9 [1/1] (1.11ns)   --->   "%comparison_131 = icmp_slt  i32 %p_read22, i32 21593"   --->   Operation 9 'icmp' 'comparison_131' <Predicate = true> <Delay = 1.11> <CoreInst = "Cmp">   --->   Core 9 'Cmp' <Latency = 0> <II = 1> <Delay = 1.11> <FuncUnit> <Opcode : 'icmp'> <InPorts = 2> <OutPorts = 1>
ST_1 : Operation 10 [1/1] (1.11ns)   --->   "%comparison_132 = icmp_slt  i32 %p_read22, i32 4294879037"   --->   Operation 10 'icmp' 'comparison_132' <Predicate = (or_ln208_81 & or_ln208_82 & or_ln208_83 & or_ln208_84)> <Delay = 1.11> <CoreInst = "Cmp">   --->   Core 9 'Cmp' <Latency = 0> <II = 1> <Delay = 1.11> <FuncUnit> <Opcode : 'icmp'> <InPorts = 2> <OutPorts = 1>
ST_1 : Operation 11 [1/1] (1.11ns)   --->   "%comparison_133 = icmp_slt  i32 %p_read44, i32 4294883184"   --->   Operation 11 'icmp' 'comparison_133' <Predicate = (or_ln208_83 & or_ln208_84)> <Delay = 1.11> <CoreInst = "Cmp">   --->   Core 9 'Cmp' <Latency = 0> <II = 1> <Delay = 1.11> <FuncUnit> <Opcode : 'icmp'> <InPorts = 2> <OutPorts = 1>
ST_1 : Operation 12 [1/1] (1.11ns)   --->   "%comparison_134 = icmp_slt  i32 %p_read22, i32 5953"   --->   Operation 12 'icmp' 'comparison_134' <Predicate = true> <Delay = 1.11> <CoreInst = "Cmp">   --->   Core 9 'Cmp' <Latency = 0> <II = 1> <Delay = 1.11> <FuncUnit> <Opcode : 'icmp'> <InPorts = 2> <OutPorts = 1>
ST_1 : Operation 13 [1/1] (0.33ns)   --->   "%activation_166 = xor i1 %comparison, i1 1" [firmware/BDT.h:195]   --->   Operation 13 'xor' 'activation_166' <Predicate = true> <Delay = 0.33> <CoreInst = "LogicGate">   --->   Core 74 'LogicGate' <Latency = 0> <II = 1> <Delay = 0.33> <FuncUnit> <Opcode : 'and' 'or' 'xor'> <InPorts = 2> <OutPorts = 1>
ST_1 : Operation 14 [1/1] (0.33ns)   --->   "%activation_167 = and i1 %comparison_130, i1 %comparison" [firmware/BDT.h:193]   --->   Operation 14 'and' 'activation_167' <Predicate = (or_ln208_83 & or_ln208_84)> <Delay = 0.33> <CoreInst = "LogicGate">   --->   Core 74 'LogicGate' <Latency = 0> <II = 1> <Delay = 0.33> <FuncUnit> <Opcode : 'and' 'or' 'xor'> <InPorts = 2> <OutPorts = 1>
ST_1 : Operation 15 [1/1] (0.00ns) (grouped into LUT with out node select_ln208_102)   --->   "%xor_ln195 = xor i1 %comparison_130, i1 1" [firmware/BDT.h:195]   --->   Operation 15 'xor' 'xor_ln195' <Predicate = (or_ln208_83 & or_ln208_84)> <Delay = 0.00> <CoreInst = "LogicGate">   --->   Core 74 'LogicGate' <Latency = 0> <II = 1> <Delay = 0.33> <FuncUnit> <Opcode : 'and' 'or' 'xor'> <InPorts = 2> <OutPorts = 1>
ST_1 : Operation 16 [1/1] (0.00ns) (grouped into LUT with out node activation)   --->   "%xor_ln195_26 = xor i1 %comparison_131, i1 1" [firmware/BDT.h:195]   --->   Operation 16 'xor' 'xor_ln195_26' <Predicate = true> <Delay = 0.00> <CoreInst = "LogicGate">   --->   Core 74 'LogicGate' <Latency = 0> <II = 1> <Delay = 0.33> <FuncUnit> <Opcode : 'and' 'or' 'xor'> <InPorts = 2> <OutPorts = 1>
ST_1 : Operation 17 [1/1] (0.33ns) (out node of the LUT)   --->   "%activation = and i1 %activation_166, i1 %xor_ln195_26" [firmware/BDT.h:195]   --->   Operation 17 'and' 'activation' <Predicate = true> <Delay = 0.33> <CoreInst = "LogicGate">   --->   Core 74 'LogicGate' <Latency = 0> <II = 1> <Delay = 0.33> <FuncUnit> <Opcode : 'and' 'or' 'xor'> <InPorts = 2> <OutPorts = 1>
ST_1 : Operation 18 [1/1] (0.00ns) (grouped into LUT with out node select_ln208_100)   --->   "%activation_168 = and i1 %comparison_132, i1 %activation_167" [firmware/BDT.h:193]   --->   Operation 18 'and' 'activation_168' <Predicate = (or_ln208_81 & or_ln208_82 & or_ln208_83 & or_ln208_84)> <Delay = 0.00> <CoreInst = "LogicGate">   --->   Core 74 'LogicGate' <Latency = 0> <II = 1> <Delay = 0.33> <FuncUnit> <Opcode : 'and' 'or' 'xor'> <InPorts = 2> <OutPorts = 1>
ST_1 : Operation 19 [1/1] (0.00ns) (grouped into LUT with out node select_ln208_102)   --->   "%and_ln193 = and i1 %comparison_133, i1 %xor_ln195" [firmware/BDT.h:193]   --->   Operation 19 'and' 'and_ln193' <Predicate = (or_ln208_83 & or_ln208_84)> <Delay = 0.00> <CoreInst = "LogicGate">   --->   Core 74 'LogicGate' <Latency = 0> <II = 1> <Delay = 0.33> <FuncUnit> <Opcode : 'and' 'or' 'xor'> <InPorts = 2> <OutPorts = 1>
ST_1 : Operation 20 [1/1] (0.00ns) (grouped into LUT with out node select_ln208_102)   --->   "%activation_169 = and i1 %and_ln193, i1 %comparison" [firmware/BDT.h:193]   --->   Operation 20 'and' 'activation_169' <Predicate = (or_ln208_83 & or_ln208_84)> <Delay = 0.00> <CoreInst = "LogicGate">   --->   Core 74 'LogicGate' <Latency = 0> <II = 1> <Delay = 0.33> <FuncUnit> <Opcode : 'and' 'or' 'xor'> <InPorts = 2> <OutPorts = 1>
ST_1 : Operation 21 [1/1] (0.00ns) (grouped into LUT with out node agg_result)   --->   "%and_ln193_94 = and i1 %comparison_134, i1 %activation_166" [firmware/BDT.h:193]   --->   Operation 21 'and' 'and_ln193_94' <Predicate = true> <Delay = 0.00> <CoreInst = "LogicGate">   --->   Core 74 'LogicGate' <Latency = 0> <II = 1> <Delay = 0.33> <FuncUnit> <Opcode : 'and' 'or' 'xor'> <InPorts = 2> <OutPorts = 1>
ST_1 : Operation 22 [1/1] (0.00ns) (grouped into LUT with out node agg_result)   --->   "%activation_170 = and i1 %and_ln193_94, i1 %comparison_131" [firmware/BDT.h:193]   --->   Operation 22 'and' 'activation_170' <Predicate = true> <Delay = 0.00> <CoreInst = "LogicGate">   --->   Core 74 'LogicGate' <Latency = 0> <II = 1> <Delay = 0.33> <FuncUnit> <Opcode : 'and' 'or' 'xor'> <InPorts = 2> <OutPorts = 1>
ST_1 : Operation 23 [1/1] (0.00ns) (grouped into LUT with out node select_ln208_100)   --->   "%or_ln208 = or i1 %activation, i1 %activation_168" [firmware/BDT.h:208]   --->   Operation 23 'or' 'or_ln208' <Predicate = (or_ln208_81 & or_ln208_82 & or_ln208_83 & or_ln208_84)> <Delay = 0.00> <CoreInst = "LogicGate">   --->   Core 74 'LogicGate' <Latency = 0> <II = 1> <Delay = 0.33> <FuncUnit> <Opcode : 'and' 'or' 'xor'> <InPorts = 2> <OutPorts = 1>
ST_1 : Operation 24 [1/1] (0.00ns) (grouped into LUT with out node select_ln208_100)   --->   "%or_ln208_80 = or i1 %comparison, i1 %comparison_131" [firmware/BDT.h:208]   --->   Operation 24 'or' 'or_ln208_80' <Predicate = (or_ln208 & or_ln208_81 & or_ln208_82 & or_ln208_83 & or_ln208_84)> <Delay = 0.00> <CoreInst = "LogicGate">   --->   Core 74 'LogicGate' <Latency = 0> <II = 1> <Delay = 0.33> <FuncUnit> <Opcode : 'and' 'or' 'xor'> <InPorts = 2> <OutPorts = 1>
ST_1 : Operation 25 [1/1] (0.00ns) (grouped into LUT with out node select_ln208_100)   --->   "%zext_ln208 = zext i1 %or_ln208_80" [firmware/BDT.h:208]   --->   Operation 25 'zext' 'zext_ln208' <Predicate = (or_ln208 & or_ln208_81 & or_ln208_82 & or_ln208_83 & or_ln208_84)> <Delay = 0.00>
ST_1 : Operation 26 [1/1] (0.33ns)   --->   "%or_ln208_81 = or i1 %activation, i1 %activation_167" [firmware/BDT.h:208]   --->   Operation 26 'or' 'or_ln208_81' <Predicate = (or_ln208_83 & or_ln208_84)> <Delay = 0.33> <CoreInst = "LogicGate">   --->   Core 74 'LogicGate' <Latency = 0> <II = 1> <Delay = 0.33> <FuncUnit> <Opcode : 'and' 'or' 'xor'> <InPorts = 2> <OutPorts = 1>
ST_1 : Operation 27 [1/1] (0.00ns) (grouped into LUT with out node select_ln208_100)   --->   "%select_ln208 = select i1 %or_ln208, i2 %zext_ln208, i2 2" [firmware/BDT.h:208]   --->   Operation 27 'select' 'select_ln208' <Predicate = (or_ln208_81 & or_ln208_82 & or_ln208_83 & or_ln208_84)> <Delay = 0.00> <CoreInst = "Sel">   --->   Core 73 'Sel' <Latency = 0> <II = 1> <Delay = 0.27> <FuncUnit> <Opcode : 'select'> <InPorts = 3> <OutPorts = 1>
ST_1 : Operation 28 [1/1] (0.00ns) (grouped into LUT with out node select_ln208_102)   --->   "%or_ln208_82 = or i1 %or_ln208_81, i1 %activation_169" [firmware/BDT.h:208]   --->   Operation 28 'or' 'or_ln208_82' <Predicate = (or_ln208_83 & or_ln208_84)> <Delay = 0.00> <CoreInst = "LogicGate">   --->   Core 74 'LogicGate' <Latency = 0> <II = 1> <Delay = 0.33> <FuncUnit> <Opcode : 'and' 'or' 'xor'> <InPorts = 2> <OutPorts = 1>
ST_1 : Operation 29 [1/1] (0.33ns) (out node of the LUT)   --->   "%select_ln208_100 = select i1 %or_ln208_81, i2 %select_ln208, i2 3" [firmware/BDT.h:208]   --->   Operation 29 'select' 'select_ln208_100' <Predicate = (or_ln208_82 & or_ln208_83 & or_ln208_84)> <Delay = 0.33> <CoreInst = "Sel">   --->   Core 73 'Sel' <Latency = 0> <II = 1> <Delay = 0.27> <FuncUnit> <Opcode : 'select'> <InPorts = 3> <OutPorts = 1>
ST_1 : Operation 30 [1/1] (0.00ns) (grouped into LUT with out node select_ln208_102)   --->   "%zext_ln208_23 = zext i2 %select_ln208_100" [firmware/BDT.h:208]   --->   Operation 30 'zext' 'zext_ln208_23' <Predicate = (or_ln208_82 & or_ln208_83 & or_ln208_84)> <Delay = 0.00>
ST_1 : Operation 31 [1/1] (0.33ns)   --->   "%or_ln208_83 = or i1 %activation, i1 %comparison" [firmware/BDT.h:208]   --->   Operation 31 'or' 'or_ln208_83' <Predicate = true> <Delay = 0.33> <CoreInst = "LogicGate">   --->   Core 74 'LogicGate' <Latency = 0> <II = 1> <Delay = 0.33> <FuncUnit> <Opcode : 'and' 'or' 'xor'> <InPorts = 2> <OutPorts = 1>
ST_1 : Operation 32 [1/1] (0.00ns) (grouped into LUT with out node select_ln208_102)   --->   "%select_ln208_101 = select i1 %or_ln208_82, i3 %zext_ln208_23, i3 4" [firmware/BDT.h:208]   --->   Operation 32 'select' 'select_ln208_101' <Predicate = (or_ln208_83 & or_ln208_84)> <Delay = 0.00> <CoreInst = "Sel">   --->   Core 73 'Sel' <Latency = 0> <II = 1> <Delay = 0.27> <FuncUnit> <Opcode : 'select'> <InPorts = 3> <OutPorts = 1>
ST_1 : Operation 33 [1/1] (0.00ns) (grouped into LUT with out node agg_result)   --->   "%or_ln208_84 = or i1 %or_ln208_83, i1 %activation_170" [firmware/BDT.h:208]   --->   Operation 33 'or' 'or_ln208_84' <Predicate = true> <Delay = 0.00> <CoreInst = "LogicGate">   --->   Core 74 'LogicGate' <Latency = 0> <II = 1> <Delay = 0.33> <FuncUnit> <Opcode : 'and' 'or' 'xor'> <InPorts = 2> <OutPorts = 1>
ST_1 : Operation 34 [1/1] (0.33ns) (out node of the LUT)   --->   "%select_ln208_102 = select i1 %or_ln208_83, i3 %select_ln208_101, i3 5" [firmware/BDT.h:208]   --->   Operation 34 'select' 'select_ln208_102' <Predicate = (or_ln208_84)> <Delay = 0.33> <CoreInst = "Sel">   --->   Core 73 'Sel' <Latency = 0> <II = 1> <Delay = 0.27> <FuncUnit> <Opcode : 'select'> <InPorts = 3> <OutPorts = 1>
ST_1 : Operation 35 [1/1] (0.00ns) (grouped into LUT with out node agg_result)   --->   "%select_ln208_103 = select i1 %or_ln208_84, i3 %select_ln208_102, i3 6" [firmware/BDT.h:208]   --->   Operation 35 'select' 'select_ln208_103' <Predicate = true> <Delay = 0.00> <CoreInst = "Sel">   --->   Core 73 'Sel' <Latency = 0> <II = 1> <Delay = 0.27> <FuncUnit> <Opcode : 'select'> <InPorts = 3> <OutPorts = 1>
ST_1 : Operation 36 [1/1] (0.77ns) (out node of the LUT)   --->   "%agg_result = mux i32 @_ssdm_op_Mux.ap_auto.7i32.i3, i32 73080, i32 29945, i32 4294958191, i32 63475, i32 15738, i32 45083, i32 4294941129, i3 %select_ln208_103" [firmware/BDT.h:209]   --->   Operation 36 'mux' 'agg_result' <Predicate = true> <Delay = 0.77> <CoreInst = "Multiplexer">   --->   Core 76 'Multiplexer' <Latency = 0> <II = 1> <Delay = 0.77> <FuncUnit> <Opcode : 'mux'> <InPorts = 2> <OutPorts = 1>
ST_1 : Operation 37 [1/1] (0.00ns)   --->   "%ret_ln213 = ret i32 %agg_result" [firmware/BDT.h:213]   --->   Operation 37 'ret' 'ret_ln213' <Predicate = true> <Delay = 0.00>


============================================================
+ Verbose Summary: Binding
============================================================
STG Binding: 
---------------- STG Properties BEGIN ----------------
- Is combinational: 1
- Is one-state seq: 0
- Is datapath-only: 0
- Is pipelined: 1
- Is top level: 0
Port [ Return ] is wired: 1; IO mode=ap_ctrl_hs:ce=0
Port [ p_read1]:  wired=1; compound=0; hidden=0; nouse=0; global=0; static=0; extern=0; dir=0; type=0; pingpong=0; private_global=0; IO mode=ap_none:ce=0
Port [ p_read2]:  wired=1; compound=0; hidden=0; nouse=0; global=0; static=0; extern=0; dir=0; type=0; pingpong=0; private_global=0; IO mode=ap_none:ce=0
Port [ p_read3]:  wired=1; compound=0; hidden=0; nouse=0; global=0; static=0; extern=0; dir=0; type=0; pingpong=0; private_global=0; IO mode=ap_none:ce=0
Port [ p_read4]:  wired=1; compound=0; hidden=0; nouse=0; global=0; static=0; extern=0; dir=0; type=0; pingpong=0; private_global=0; IO mode=ap_none:ce=0
---------------- STG Properties END ------------------

---------------- Datapath Model BEGIN ----------------

<LifeTime>
<method=bitvector/>
specpipeline_ln0 (specpipeline) [ 00]
p_read44         (read        ) [ 00]
p_read33         (read        ) [ 00]
p_read22         (read        ) [ 00]
p_read11         (read        ) [ 00]
comparison       (icmp        ) [ 00]
comparison_130   (icmp        ) [ 00]
comparison_131   (icmp        ) [ 00]
comparison_132   (icmp        ) [ 00]
comparison_133   (icmp        ) [ 00]
comparison_134   (icmp        ) [ 00]
activation_166   (xor         ) [ 00]
activation_167   (and         ) [ 00]
xor_ln195        (xor         ) [ 00]
xor_ln195_26     (xor         ) [ 00]
activation       (and         ) [ 00]
activation_168   (and         ) [ 00]
and_ln193        (and         ) [ 00]
activation_169   (and         ) [ 00]
and_ln193_94     (and         ) [ 00]
activation_170   (and         ) [ 00]
or_ln208         (or          ) [ 01]
or_ln208_80      (or          ) [ 00]
zext_ln208       (zext        ) [ 00]
or_ln208_81      (or          ) [ 01]
select_ln208     (select      ) [ 00]
or_ln208_82      (or          ) [ 01]
select_ln208_100 (select      ) [ 00]
zext_ln208_23    (zext        ) [ 00]
or_ln208_83      (or          ) [ 01]
select_ln208_101 (select      ) [ 00]
or_ln208_84      (or          ) [ 01]
select_ln208_102 (select      ) [ 00]
select_ln208_103 (select      ) [ 00]
agg_result       (mux         ) [ 00]
ret_ln213        (ret         ) [ 00]
</LifeTime>

<model>

<comp_list>
<comp id="0" class="1000" name="p_read1">
<pin_list>
<pin id="1" dir="1" index="0" bw="1" slack="0"/>
</pin_list>
<bind>
<StgValue><ssdm name="p_read1"/></StgValue>
</bind>
</comp>

<comp id="2" class="1000" name="p_read2">
<pin_list>
<pin id="3" dir="1" index="0" bw="1" slack="0"/>
</pin_list>
<bind>
<StgValue><ssdm name="p_read2"/></StgValue>
</bind>
</comp>

<comp id="4" class="1000" name="p_read3">
<pin_list>
<pin id="5" dir="1" index="0" bw="1" slack="0"/>
</pin_list>
<bind>
<StgValue><ssdm name="p_read3"/></StgValue>
</bind>
</comp>

<comp id="6" class="1000" name="p_read4">
<pin_list>
<pin id="7" dir="1" index="0" bw="1" slack="0"/>
</pin_list>
<bind>
<StgValue><ssdm name="p_read4"/></StgValue>
</bind>
</comp>

<comp id="8" class="1001" name="const_8">
<pin_list>
<pin id="9" dir="1" index="0" bw="1" slack="2147483647"/>
</pin_list>
<bind>
<StgValue><ssdm name="_ssdm_op_SpecPipeline"/></StgValue>
</bind>
</comp>

<comp id="10" class="1001" name="const_10">
<pin_list>
<pin id="11" dir="1" index="0" bw="1" slack="2147483647"/>
</pin_list>
<bind>
<StgValue><ssdm name=""/></StgValue>
</bind>
</comp>

<comp id="12" class="1001" name="const_12">
<pin_list>
<pin id="13" dir="1" index="0" bw="1" slack="2147483647"/>
</pin_list>
<bind>
<StgValue><ssdm name=""/></StgValue>
</bind>
</comp>

<comp id="14" class="1001" name="const_14">
<pin_list>
<pin id="15" dir="1" index="0" bw="1" slack="2147483647"/>
</pin_list>
<bind>
<StgValue><ssdm name="empty_1"/></StgValue>
</bind>
</comp>

<comp id="16" class="1001" name="const_16">
<pin_list>
<pin id="17" dir="1" index="0" bw="1" slack="0"/>
</pin_list>
<bind>
<StgValue><ssdm name="_ssdm_op_Read.ap_auto.i32"/></StgValue>
</bind>
</comp>

<comp id="18" class="1001" name="const_18">
<pin_list>
<pin id="19" dir="1" index="0" bw="1" slack="0"/>
</pin_list>
<bind>
<StgValue><ssdm name=""/></StgValue>
</bind>
</comp>

<comp id="20" class="1001" name="const_20">
<pin_list>
<pin id="21" dir="1" index="0" bw="1" slack="0"/>
</pin_list>
<bind>
<StgValue><ssdm name=""/></StgValue>
</bind>
</comp>

<comp id="22" class="1001" name="const_22">
<pin_list>
<pin id="23" dir="1" index="0" bw="1" slack="0"/>
</pin_list>
<bind>
<StgValue><ssdm name=""/></StgValue>
</bind>
</comp>

<comp id="24" class="1001" name="const_24">
<pin_list>
<pin id="25" dir="1" index="0" bw="1" slack="0"/>
</pin_list>
<bind>
<StgValue><ssdm name=""/></StgValue>
</bind>
</comp>

<comp id="26" class="1001" name="const_26">
<pin_list>
<pin id="27" dir="1" index="0" bw="1" slack="0"/>
</pin_list>
<bind>
<StgValue><ssdm name=""/></StgValue>
</bind>
</comp>

<comp id="28" class="1001" name="const_28">
<pin_list>
<pin id="29" dir="1" index="0" bw="1" slack="0"/>
</pin_list>
<bind>
<StgValue><ssdm name=""/></StgValue>
</bind>
</comp>

<comp id="30" class="1001" name="const_30">
<pin_list>
<pin id="31" dir="1" index="0" bw="1" slack="0"/>
</pin_list>
<bind>
<StgValue><ssdm name=""/></StgValue>
</bind>
</comp>

<comp id="32" class="1001" name="const_32">
<pin_list>
<pin id="33" dir="1" index="0" bw="1" slack="0"/>
</pin_list>
<bind>
<StgValue><ssdm name=""/></StgValue>
</bind>
</comp>

<comp id="34" class="1001" name="const_34">
<pin_list>
<pin id="35" dir="1" index="0" bw="1" slack="0"/>
</pin_list>
<bind>
<StgValue><ssdm name=""/></StgValue>
</bind>
</comp>

<comp id="36" class="1001" name="const_36">
<pin_list>
<pin id="37" dir="1" index="0" bw="1" slack="0"/>
</pin_list>
<bind>
<StgValue><ssdm name=""/></StgValue>
</bind>
</comp>

<comp id="38" class="1001" name="const_38">
<pin_list>
<pin id="39" dir="1" index="0" bw="1" slack="0"/>
</pin_list>
<bind>
<StgValue><ssdm name=""/></StgValue>
</bind>
</comp>

<comp id="40" class="1001" name="const_40">
<pin_list>
<pin id="41" dir="1" index="0" bw="1" slack="0"/>
</pin_list>
<bind>
<StgValue><ssdm name=""/></StgValue>
</bind>
</comp>

<comp id="42" class="1001" name="const_42">
<pin_list>
<pin id="43" dir="1" index="0" bw="1" slack="0"/>
</pin_list>
<bind>
<StgValue><ssdm name="_ssdm_op_Mux.ap_auto.7i32.i3"/></StgValue>
</bind>
</comp>

<comp id="44" class="1001" name="const_44">
<pin_list>
<pin id="45" dir="1" index="0" bw="1" slack="0"/>
</pin_list>
<bind>
<StgValue><ssdm name=""/></StgValue>
</bind>
</comp>

<comp id="46" class="1001" name="const_46">
<pin_list>
<pin id="47" dir="1" index="0" bw="1" slack="0"/>
</pin_list>
<bind>
<StgValue><ssdm name=""/></StgValue>
</bind>
</comp>

<comp id="48" class="1001" name="const_48">
<pin_list>
<pin id="49" dir="1" index="0" bw="1" slack="0"/>
</pin_list>
<bind>
<StgValue><ssdm name=""/></StgValue>
</bind>
</comp>

<comp id="50" class="1001" name="const_50">
<pin_list>
<pin id="51" dir="1" index="0" bw="1" slack="0"/>
</pin_list>
<bind>
<StgValue><ssdm name=""/></StgValue>
</bind>
</comp>

<comp id="52" class="1001" name="const_52">
<pin_list>
<pin id="53" dir="1" index="0" bw="1" slack="0"/>
</pin_list>
<bind>
<StgValue><ssdm name=""/></StgValue>
</bind>
</comp>

<comp id="54" class="1001" name="const_54">
<pin_list>
<pin id="55" dir="1" index="0" bw="1" slack="0"/>
</pin_list>
<bind>
<StgValue><ssdm name=""/></StgValue>
</bind>
</comp>

<comp id="56" class="1001" name="const_56">
<pin_list>
<pin id="57" dir="1" index="0" bw="1" slack="0"/>
</pin_list>
<bind>
<StgValue><ssdm name=""/></StgValue>
</bind>
</comp>

<comp id="58" class="1004" name="p_read44_read_fu_58">
<pin_list>
<pin id="59" dir="0" index="0" bw="32" slack="0"/>
<pin id="60" dir="0" index="1" bw="32" slack="0"/>
<pin id="61" dir="1" index="2" bw="32" slack="0"/>
</pin_list>
<bind>
<opcode="read(1150) " fcode="read"/>
<opset="p_read44/1 "/>
</bind>
</comp>

<comp id="64" class="1004" name="p_read33_read_fu_64">
<pin_list>
<pin id="65" dir="0" index="0" bw="32" slack="0"/>
<pin id="66" dir="0" index="1" bw="32" slack="0"/>
<pin id="67" dir="1" index="2" bw="32" slack="0"/>
</pin_list>
<bind>
<opcode="read(1150) " fcode="read"/>
<opset="p_read33/1 "/>
</bind>
</comp>

<comp id="70" class="1004" name="p_read22_read_fu_70">
<pin_list>
<pin id="71" dir="0" index="0" bw="32" slack="0"/>
<pin id="72" dir="0" index="1" bw="32" slack="0"/>
<pin id="73" dir="1" index="2" bw="32" slack="0"/>
</pin_list>
<bind>
<opcode="read(1150) " fcode="read"/>
<opset="p_read22/1 "/>
</bind>
</comp>

<comp id="76" class="1004" name="p_read11_read_fu_76">
<pin_list>
<pin id="77" dir="0" index="0" bw="32" slack="0"/>
<pin id="78" dir="0" index="1" bw="32" slack="0"/>
<pin id="79" dir="1" index="2" bw="32" slack="0"/>
</pin_list>
<bind>
<opcode="read(1150) " fcode="read"/>
<opset="p_read11/1 "/>
</bind>
</comp>

<comp id="82" class="1004" name="comparison_fu_82">
<pin_list>
<pin id="83" dir="0" index="0" bw="32" slack="0"/>
<pin id="84" dir="0" index="1" bw="18" slack="0"/>
<pin id="85" dir="1" index="2" bw="1" slack="0"/>
</pin_list>
<bind>
<opcode="icmp(45) " fcode="icmp"/>
<opset="comparison/1 "/>
</bind>
</comp>

<comp id="88" class="1004" name="comparison_130_fu_88">
<pin_list>
<pin id="89" dir="0" index="0" bw="32" slack="0"/>
<pin id="90" dir="0" index="1" bw="17" slack="0"/>
<pin id="91" dir="1" index="2" bw="1" slack="0"/>
</pin_list>
<bind>
<opcode="icmp(45) " fcode="icmp"/>
<opset="comparison_130/1 "/>
</bind>
</comp>

<comp id="94" class="1004" name="comparison_131_fu_94">
<pin_list>
<pin id="95" dir="0" index="0" bw="32" slack="0"/>
<pin id="96" dir="0" index="1" bw="16" slack="0"/>
<pin id="97" dir="1" index="2" bw="1" slack="0"/>
</pin_list>
<bind>
<opcode="icmp(45) " fcode="icmp"/>
<opset="comparison_131/1 "/>
</bind>
</comp>

<comp id="100" class="1004" name="comparison_132_fu_100">
<pin_list>
<pin id="101" dir="0" index="0" bw="32" slack="0"/>
<pin id="102" dir="0" index="1" bw="18" slack="0"/>
<pin id="103" dir="1" index="2" bw="1" slack="0"/>
</pin_list>
<bind>
<opcode="icmp(45) " fcode="icmp"/>
<opset="comparison_132/1 "/>
</bind>
</comp>

<comp id="106" class="1004" name="comparison_133_fu_106">
<pin_list>
<pin id="107" dir="0" index="0" bw="32" slack="0"/>
<pin id="108" dir="0" index="1" bw="18" slack="0"/>
<pin id="109" dir="1" index="2" bw="1" slack="0"/>
</pin_list>
<bind>
<opcode="icmp(45) " fcode="icmp"/>
<opset="comparison_133/1 "/>
</bind>
</comp>

<comp id="112" class="1004" name="comparison_134_fu_112">
<pin_list>
<pin id="113" dir="0" index="0" bw="32" slack="0"/>
<pin id="114" dir="0" index="1" bw="14" slack="0"/>
<pin id="115" dir="1" index="2" bw="1" slack="0"/>
</pin_list>
<bind>
<opcode="icmp(45) " fcode="icmp"/>
<opset="comparison_134/1 "/>
</bind>
</comp>

<comp id="118" class="1004" name="activation_166_fu_118">
<pin_list>
<pin id="119" dir="0" index="0" bw="1" slack="0"/>
<pin id="120" dir="0" index="1" bw="1" slack="0"/>
<pin id="121" dir="1" index="2" bw="1" slack="0"/>
</pin_list>
<bind>
<opcode="xor(25) " fcode="xor"/>
<opset="activation_166/1 "/>
</bind>
</comp>

<comp id="124" class="1004" name="activation_167_fu_124">
<pin_list>
<pin id="125" dir="0" index="0" bw="1" slack="0"/>
<pin id="126" dir="0" index="1" bw="1" slack="0"/>
<pin id="127" dir="1" index="2" bw="1" slack="0"/>
</pin_list>
<bind>
<opcode="and(23) " fcode="and"/>
<opset="activation_167/1 "/>
</bind>
</comp>

<comp id="130" class="1004" name="xor_ln195_fu_130">
<pin_list>
<pin id="131" dir="0" index="0" bw="1" slack="0"/>
<pin id="132" dir="0" index="1" bw="1" slack="0"/>
<pin id="133" dir="1" index="2" bw="1" slack="0"/>
</pin_list>
<bind>
<opcode="xor(25) " fcode="xor"/>
<opset="xor_ln195/1 "/>
</bind>
</comp>

<comp id="136" class="1004" name="xor_ln195_26_fu_136">
<pin_list>
<pin id="137" dir="0" index="0" bw="1" slack="0"/>
<pin id="138" dir="0" index="1" bw="1" slack="0"/>
<pin id="139" dir="1" index="2" bw="1" slack="0"/>
</pin_list>
<bind>
<opcode="xor(25) " fcode="xor"/>
<opset="xor_ln195_26/1 "/>
</bind>
</comp>

<comp id="142" class="1004" name="activation_fu_142">
<pin_list>
<pin id="143" dir="0" index="0" bw="1" slack="0"/>
<pin id="144" dir="0" index="1" bw="1" slack="0"/>
<pin id="145" dir="1" index="2" bw="1" slack="0"/>
</pin_list>
<bind>
<opcode="and(23) " fcode="and"/>
<opset="activation/1 "/>
</bind>
</comp>

<comp id="148" class="1004" name="activation_168_fu_148">
<pin_list>
<pin id="149" dir="0" index="0" bw="1" slack="0"/>
<pin id="150" dir="0" index="1" bw="1" slack="0"/>
<pin id="151" dir="1" index="2" bw="1" slack="0"/>
</pin_list>
<bind>
<opcode="and(23) " fcode="and"/>
<opset="activation_168/1 "/>
</bind>
</comp>

<comp id="154" class="1004" name="and_ln193_fu_154">
<pin_list>
<pin id="155" dir="0" index="0" bw="1" slack="0"/>
<pin id="156" dir="0" index="1" bw="1" slack="0"/>
<pin id="157" dir="1" index="2" bw="1" slack="0"/>
</pin_list>
<bind>
<opcode="and(23) " fcode="and"/>
<opset="and_ln193/1 "/>
</bind>
</comp>

<comp id="160" class="1004" name="activation_169_fu_160">
<pin_list>
<pin id="161" dir="0" index="0" bw="1" slack="0"/>
<pin id="162" dir="0" index="1" bw="1" slack="0"/>
<pin id="163" dir="1" index="2" bw="1" slack="0"/>
</pin_list>
<bind>
<opcode="and(23) " fcode="and"/>
<opset="activation_169/1 "/>
</bind>
</comp>

<comp id="166" class="1004" name="and_ln193_94_fu_166">
<pin_list>
<pin id="167" dir="0" index="0" bw="1" slack="0"/>
<pin id="168" dir="0" index="1" bw="1" slack="0"/>
<pin id="169" dir="1" index="2" bw="1" slack="0"/>
</pin_list>
<bind>
<opcode="and(23) " fcode="and"/>
<opset="and_ln193_94/1 "/>
</bind>
</comp>

<comp id="172" class="1004" name="activation_170_fu_172">
<pin_list>
<pin id="173" dir="0" index="0" bw="1" slack="0"/>
<pin id="174" dir="0" index="1" bw="1" slack="0"/>
<pin id="175" dir="1" index="2" bw="1" slack="0"/>
</pin_list>
<bind>
<opcode="and(23) " fcode="and"/>
<opset="activation_170/1 "/>
</bind>
</comp>

<comp id="178" class="1004" name="or_ln208_fu_178">
<pin_list>
<pin id="179" dir="0" index="0" bw="1" slack="0"/>
<pin id="180" dir="0" index="1" bw="1" slack="0"/>
<pin id="181" dir="1" index="2" bw="1" slack="0"/>
</pin_list>
<bind>
<opcode="or(24) " fcode="or"/>
<opset="or_ln208/1 "/>
</bind>
</comp>

<comp id="184" class="1004" name="or_ln208_80_fu_184">
<pin_list>
<pin id="185" dir="0" index="0" bw="1" slack="0"/>
<pin id="186" dir="0" index="1" bw="1" slack="0"/>
<pin id="187" dir="1" index="2" bw="1" slack="0"/>
</pin_list>
<bind>
<opcode="or(24) " fcode="or"/>
<opset="or_ln208_80/1 "/>
</bind>
</comp>

<comp id="190" class="1004" name="zext_ln208_fu_190">
<pin_list>
<pin id="191" dir="0" index="0" bw="1" slack="0"/>
<pin id="192" dir="1" index="1" bw="2" slack="0"/>
</pin_list>
<bind>
<opcode="zext(34) " fcode="zext"/>
<opset="zext_ln208/1 "/>
</bind>
</comp>

<comp id="194" class="1004" name="or_ln208_81_fu_194">
<pin_list>
<pin id="195" dir="0" index="0" bw="1" slack="0"/>
<pin id="196" dir="0" index="1" bw="1" slack="0"/>
<pin id="197" dir="1" index="2" bw="1" slack="0"/>
</pin_list>
<bind>
<opcode="or(24) " fcode="or"/>
<opset="or_ln208_81/1 "/>
</bind>
</comp>

<comp id="200" class="1004" name="select_ln208_fu_200">
<pin_list>
<pin id="201" dir="0" index="0" bw="1" slack="0"/>
<pin id="202" dir="0" index="1" bw="1" slack="0"/>
<pin id="203" dir="0" index="2" bw="2" slack="0"/>
<pin id="204" dir="1" index="3" bw="2" slack="0"/>
</pin_list>
<bind>
<opcode="select(49) " fcode="select"/>
<opset="select_ln208/1 "/>
</bind>
</comp>

<comp id="208" class="1004" name="or_ln208_82_fu_208">
<pin_list>
<pin id="209" dir="0" index="0" bw="1" slack="0"/>
<pin id="210" dir="0" index="1" bw="1" slack="0"/>
<pin id="211" dir="1" index="2" bw="1" slack="0"/>
</pin_list>
<bind>
<opcode="or(24) " fcode="or"/>
<opset="or_ln208_82/1 "/>
</bind>
</comp>

<comp id="214" class="1004" name="select_ln208_100_fu_214">
<pin_list>
<pin id="215" dir="0" index="0" bw="1" slack="0"/>
<pin id="216" dir="0" index="1" bw="2" slack="0"/>
<pin id="217" dir="0" index="2" bw="1" slack="0"/>
<pin id="218" dir="1" index="3" bw="2" slack="0"/>
</pin_list>
<bind>
<opcode="select(49) " fcode="select"/>
<opset="select_ln208_100/1 "/>
</bind>
</comp>

<comp id="222" class="1004" name="zext_ln208_23_fu_222">
<pin_list>
<pin id="223" dir="0" index="0" bw="2" slack="0"/>
<pin id="224" dir="1" index="1" bw="3" slack="0"/>
</pin_list>
<bind>
<opcode="zext(34) " fcode="zext"/>
<opset="zext_ln208_23/1 "/>
</bind>
</comp>

<comp id="226" class="1004" name="or_ln208_83_fu_226">
<pin_list>
<pin id="227" dir="0" index="0" bw="1" slack="0"/>
<pin id="228" dir="0" index="1" bw="1" slack="0"/>
<pin id="229" dir="1" index="2" bw="1" slack="0"/>
</pin_list>
<bind>
<opcode="or(24) " fcode="or"/>
<opset="or_ln208_83/1 "/>
</bind>
</comp>

<comp id="232" class="1004" name="select_ln208_101_fu_232">
<pin_list>
<pin id="233" dir="0" index="0" bw="1" slack="0"/>
<pin id="234" dir="0" index="1" bw="2" slack="0"/>
<pin id="235" dir="0" index="2" bw="3" slack="0"/>
<pin id="236" dir="1" index="3" bw="3" slack="0"/>
</pin_list>
<bind>
<opcode="select(49) " fcode="select"/>
<opset="select_ln208_101/1 "/>
</bind>
</comp>

<comp id="240" class="1004" name="or_ln208_84_fu_240">
<pin_list>
<pin id="241" dir="0" index="0" bw="1" slack="0"/>
<pin id="242" dir="0" index="1" bw="1" slack="0"/>
<pin id="243" dir="1" index="2" bw="1" slack="0"/>
</pin_list>
<bind>
<opcode="or(24) " fcode="or"/>
<opset="or_ln208_84/1 "/>
</bind>
</comp>

<comp id="246" class="1004" name="select_ln208_102_fu_246">
<pin_list>
<pin id="247" dir="0" index="0" bw="1" slack="0"/>
<pin id="248" dir="0" index="1" bw="3" slack="0"/>
<pin id="249" dir="0" index="2" bw="3" slack="0"/>
<pin id="250" dir="1" index="3" bw="3" slack="0"/>
</pin_list>
<bind>
<opcode="select(49) " fcode="select"/>
<opset="select_ln208_102/1 "/>
</bind>
</comp>

<comp id="254" class="1004" name="select_ln208_103_fu_254">
<pin_list>
<pin id="255" dir="0" index="0" bw="1" slack="0"/>
<pin id="256" dir="0" index="1" bw="3" slack="0"/>
<pin id="257" dir="0" index="2" bw="2" slack="0"/>
<pin id="258" dir="1" index="3" bw="3" slack="0"/>
</pin_list>
<bind>
<opcode="select(49) " fcode="select"/>
<opset="select_ln208_103/1 "/>
</bind>
</comp>

<comp id="262" class="1004" name="agg_result_fu_262">
<pin_list>
<pin id="263" dir="0" index="0" bw="32" slack="0"/>
<pin id="264" dir="0" index="1" bw="18" slack="0"/>
<pin id="265" dir="0" index="2" bw="16" slack="0"/>
<pin id="266" dir="0" index="3" bw="15" slack="0"/>
<pin id="267" dir="0" index="4" bw="17" slack="0"/>
<pin id="268" dir="0" index="5" bw="15" slack="0"/>
<pin id="269" dir="0" index="6" bw="17" slack="0"/>
<pin id="270" dir="0" index="7" bw="16" slack="0"/>
<pin id="271" dir="0" index="8" bw="3" slack="0"/>
<pin id="272" dir="1" index="9" bw="32" slack="2147483647"/>
</pin_list>
<bind>
<opcode="mux(1196) " fcode="mux"/>
<opset="agg_result/1 "/>
</bind>
</comp>

</comp_list>

<net_list>
<net id="62"><net_src comp="16" pin="0"/><net_sink comp="58" pin=0"/></net>

<net id="63"><net_src comp="6" pin="0"/><net_sink comp="58" pin=1"/></net>

<net id="68"><net_src comp="16" pin="0"/><net_sink comp="64" pin=0"/></net>

<net id="69"><net_src comp="4" pin="0"/><net_sink comp="64" pin=1"/></net>

<net id="74"><net_src comp="16" pin="0"/><net_sink comp="70" pin=0"/></net>

<net id="75"><net_src comp="2" pin="0"/><net_sink comp="70" pin=1"/></net>

<net id="80"><net_src comp="16" pin="0"/><net_sink comp="76" pin=0"/></net>

<net id="81"><net_src comp="0" pin="0"/><net_sink comp="76" pin=1"/></net>

<net id="86"><net_src comp="64" pin="2"/><net_sink comp="82" pin=0"/></net>

<net id="87"><net_src comp="18" pin="0"/><net_sink comp="82" pin=1"/></net>

<net id="92"><net_src comp="76" pin="2"/><net_sink comp="88" pin=0"/></net>

<net id="93"><net_src comp="20" pin="0"/><net_sink comp="88" pin=1"/></net>

<net id="98"><net_src comp="70" pin="2"/><net_sink comp="94" pin=0"/></net>

<net id="99"><net_src comp="22" pin="0"/><net_sink comp="94" pin=1"/></net>

<net id="104"><net_src comp="70" pin="2"/><net_sink comp="100" pin=0"/></net>

<net id="105"><net_src comp="24" pin="0"/><net_sink comp="100" pin=1"/></net>

<net id="110"><net_src comp="58" pin="2"/><net_sink comp="106" pin=0"/></net>

<net id="111"><net_src comp="26" pin="0"/><net_sink comp="106" pin=1"/></net>

<net id="116"><net_src comp="70" pin="2"/><net_sink comp="112" pin=0"/></net>

<net id="117"><net_src comp="28" pin="0"/><net_sink comp="112" pin=1"/></net>

<net id="122"><net_src comp="82" pin="2"/><net_sink comp="118" pin=0"/></net>

<net id="123"><net_src comp="30" pin="0"/><net_sink comp="118" pin=1"/></net>

<net id="128"><net_src comp="88" pin="2"/><net_sink comp="124" pin=0"/></net>

<net id="129"><net_src comp="82" pin="2"/><net_sink comp="124" pin=1"/></net>

<net id="134"><net_src comp="88" pin="2"/><net_sink comp="130" pin=0"/></net>

<net id="135"><net_src comp="30" pin="0"/><net_sink comp="130" pin=1"/></net>

<net id="140"><net_src comp="94" pin="2"/><net_sink comp="136" pin=0"/></net>

<net id="141"><net_src comp="30" pin="0"/><net_sink comp="136" pin=1"/></net>

<net id="146"><net_src comp="118" pin="2"/><net_sink comp="142" pin=0"/></net>

<net id="147"><net_src comp="136" pin="2"/><net_sink comp="142" pin=1"/></net>

<net id="152"><net_src comp="100" pin="2"/><net_sink comp="148" pin=0"/></net>

<net id="153"><net_src comp="124" pin="2"/><net_sink comp="148" pin=1"/></net>

<net id="158"><net_src comp="106" pin="2"/><net_sink comp="154" pin=0"/></net>

<net id="159"><net_src comp="130" pin="2"/><net_sink comp="154" pin=1"/></net>

<net id="164"><net_src comp="154" pin="2"/><net_sink comp="160" pin=0"/></net>

<net id="165"><net_src comp="82" pin="2"/><net_sink comp="160" pin=1"/></net>

<net id="170"><net_src comp="112" pin="2"/><net_sink comp="166" pin=0"/></net>

<net id="171"><net_src comp="118" pin="2"/><net_sink comp="166" pin=1"/></net>

<net id="176"><net_src comp="166" pin="2"/><net_sink comp="172" pin=0"/></net>

<net id="177"><net_src comp="94" pin="2"/><net_sink comp="172" pin=1"/></net>

<net id="182"><net_src comp="142" pin="2"/><net_sink comp="178" pin=0"/></net>

<net id="183"><net_src comp="148" pin="2"/><net_sink comp="178" pin=1"/></net>

<net id="188"><net_src comp="82" pin="2"/><net_sink comp="184" pin=0"/></net>

<net id="189"><net_src comp="94" pin="2"/><net_sink comp="184" pin=1"/></net>

<net id="193"><net_src comp="184" pin="2"/><net_sink comp="190" pin=0"/></net>

<net id="198"><net_src comp="142" pin="2"/><net_sink comp="194" pin=0"/></net>

<net id="199"><net_src comp="124" pin="2"/><net_sink comp="194" pin=1"/></net>

<net id="205"><net_src comp="178" pin="2"/><net_sink comp="200" pin=0"/></net>

<net id="206"><net_src comp="190" pin="1"/><net_sink comp="200" pin=1"/></net>

<net id="207"><net_src comp="32" pin="0"/><net_sink comp="200" pin=2"/></net>

<net id="212"><net_src comp="194" pin="2"/><net_sink comp="208" pin=0"/></net>

<net id="213"><net_src comp="160" pin="2"/><net_sink comp="208" pin=1"/></net>

<net id="219"><net_src comp="194" pin="2"/><net_sink comp="214" pin=0"/></net>

<net id="220"><net_src comp="200" pin="3"/><net_sink comp="214" pin=1"/></net>

<net id="221"><net_src comp="34" pin="0"/><net_sink comp="214" pin=2"/></net>

<net id="225"><net_src comp="214" pin="3"/><net_sink comp="222" pin=0"/></net>

<net id="230"><net_src comp="142" pin="2"/><net_sink comp="226" pin=0"/></net>

<net id="231"><net_src comp="82" pin="2"/><net_sink comp="226" pin=1"/></net>

<net id="237"><net_src comp="208" pin="2"/><net_sink comp="232" pin=0"/></net>

<net id="238"><net_src comp="222" pin="1"/><net_sink comp="232" pin=1"/></net>

<net id="239"><net_src comp="36" pin="0"/><net_sink comp="232" pin=2"/></net>

<net id="244"><net_src comp="226" pin="2"/><net_sink comp="240" pin=0"/></net>

<net id="245"><net_src comp="172" pin="2"/><net_sink comp="240" pin=1"/></net>

<net id="251"><net_src comp="226" pin="2"/><net_sink comp="246" pin=0"/></net>

<net id="252"><net_src comp="232" pin="3"/><net_sink comp="246" pin=1"/></net>

<net id="253"><net_src comp="38" pin="0"/><net_sink comp="246" pin=2"/></net>

<net id="259"><net_src comp="240" pin="2"/><net_sink comp="254" pin=0"/></net>

<net id="260"><net_src comp="246" pin="3"/><net_sink comp="254" pin=1"/></net>

<net id="261"><net_src comp="40" pin="0"/><net_sink comp="254" pin=2"/></net>

<net id="273"><net_src comp="42" pin="0"/><net_sink comp="262" pin=0"/></net>

<net id="274"><net_src comp="44" pin="0"/><net_sink comp="262" pin=1"/></net>

<net id="275"><net_src comp="46" pin="0"/><net_sink comp="262" pin=2"/></net>

<net id="276"><net_src comp="48" pin="0"/><net_sink comp="262" pin=3"/></net>

<net id="277"><net_src comp="50" pin="0"/><net_sink comp="262" pin=4"/></net>

<net id="278"><net_src comp="52" pin="0"/><net_sink comp="262" pin=5"/></net>

<net id="279"><net_src comp="54" pin="0"/><net_sink comp="262" pin=6"/></net>

<net id="280"><net_src comp="56" pin="0"/><net_sink comp="262" pin=7"/></net>

<net id="281"><net_src comp="254" pin="3"/><net_sink comp="262" pin=8"/></net>

</net_list>

</model> 
---------------- Datapath Model END ------------------

* FSMD analyzer results:
  - Output states:
 - Input state : 
	Port: decision_function.30 : p_read1 | {1 }
	Port: decision_function.30 : p_read2 | {1 }
	Port: decision_function.30 : p_read3 | {1 }
	Port: decision_function.30 : p_read4 | {1 }
  - Chain level:
	State 1
		activation_166 : 1
		activation_167 : 1
		xor_ln195 : 1
		xor_ln195_26 : 1
		activation : 1
		activation_168 : 1
		and_ln193 : 1
		activation_169 : 1
		and_ln193_94 : 1
		activation_170 : 1
		or_ln208 : 1
		or_ln208_80 : 1
		zext_ln208 : 1
		or_ln208_81 : 1
		select_ln208 : 1
		or_ln208_82 : 1
		select_ln208_100 : 2
		zext_ln208_23 : 3
		or_ln208_83 : 1
		select_ln208_101 : 4
		or_ln208_84 : 1
		select_ln208_102 : 5
		select_ln208_103 : 6
		agg_result : 7
		ret_ln213 : 8


============================================================
+ Verbose Summary: Datapath Resource usage 
============================================================

* Functional unit list:
|----------|-------------------------|---------|---------|
| Operation|     Functional Unit     |    FF   |   LUT   |
|----------|-------------------------|---------|---------|
|          |     comparison_fu_82    |    0    |    20   |
|          |   comparison_130_fu_88  |    0    |    20   |
|   icmp   |   comparison_131_fu_94  |    0    |    20   |
|          |  comparison_132_fu_100  |    0    |    20   |
|          |  comparison_133_fu_106  |    0    |    20   |
|          |  comparison_134_fu_112  |    0    |    20   |
|----------|-------------------------|---------|---------|
|    mux   |    agg_result_fu_262    |    0    |    37   |
|----------|-------------------------|---------|---------|
|          |  activation_167_fu_124  |    0    |    2    |
|          |    activation_fu_142    |    0    |    2    |
|          |  activation_168_fu_148  |    0    |    2    |
|    and   |     and_ln193_fu_154    |    0    |    2    |
|          |  activation_169_fu_160  |    0    |    2    |
|          |   and_ln193_94_fu_166   |    0    |    2    |
|          |  activation_170_fu_172  |    0    |    2    |
|----------|-------------------------|---------|---------|
|          |   select_ln208_fu_200   |    0    |    2    |
|          | select_ln208_100_fu_214 |    0    |    2    |
|  select  | select_ln208_101_fu_232 |    0    |    3    |
|          | select_ln208_102_fu_246 |    0    |    3    |
|          | select_ln208_103_fu_254 |    0    |    3    |
|----------|-------------------------|---------|---------|
|          |     or_ln208_fu_178     |    0    |    2    |
|          |    or_ln208_80_fu_184   |    0    |    2    |
|    or    |    or_ln208_81_fu_194   |    0    |    2    |
|          |    or_ln208_82_fu_208   |    0    |    2    |
|          |    or_ln208_83_fu_226   |    0    |    2    |
|          |    or_ln208_84_fu_240   |    0    |    2    |
|----------|-------------------------|---------|---------|
|          |  activation_166_fu_118  |    0    |    2    |
|    xor   |     xor_ln195_fu_130    |    0    |    2    |
|          |   xor_ln195_26_fu_136   |    0    |    2    |
|----------|-------------------------|---------|---------|
|          |   p_read44_read_fu_58   |    0    |    0    |
|   read   |   p_read33_read_fu_64   |    0    |    0    |
|          |   p_read22_read_fu_70   |    0    |    0    |
|          |   p_read11_read_fu_76   |    0    |    0    |
|----------|-------------------------|---------|---------|
|   zext   |    zext_ln208_fu_190    |    0    |    0    |
|          |   zext_ln208_23_fu_222  |    0    |    0    |
|----------|-------------------------|---------|---------|
|   Total  |                         |    0    |   202   |
|----------|-------------------------|---------|---------|

Memories:
N/A

* Register list:
N/A

* Multiplexer (MUX) list: 
|--------|------|------|------|--------|
|  Comp  |  Pin | Size |  BW  | S x BW |
|--------|------|------|------|--------|
|  Total |      |      |      |    0   |
|--------|------|------|------|--------|



* Summary:
+-----------+--------+--------+
|           |   FF   |   LUT  |
+-----------+--------+--------+
|  Function |    0   |   202  |
|   Memory  |    -   |    -   |
|Multiplexer|    -   |    -   |
|  Register |    -   |    -   |
+-----------+--------+--------+
|   Total   |    0   |   202  |
+-----------+--------+--------+
