

================================================================
== Vitis HLS Report for 'decision_function_15'
================================================================
* Date:           Sun Jun 26 16:46:45 2022

* Version:        2021.2 (Build 3367213 on Tue Oct 19 02:47:39 MDT 2021)
* Project:        myproject_prj
* Solution:       solution1 (Vivado IP Flow Target)
* Product family: zynquplus
* Target device:  xczu3eg-sbva484-1-e


================================================================
== Performance Estimates
================================================================
+ Timing: 
    * Summary: 
    +--------+---------+----------+------------+
    |  Clock |  Target | Estimated| Uncertainty|
    +--------+---------+----------+------------+
    |ap_clk  |  7.00 ns|  3.272 ns|     1.89 ns|
    +--------+---------+----------+------------+

+ Latency: 
    * Summary: 
    +---------+---------+----------+----------+-----+-----+---------+
    |  Latency (cycles) |  Latency (absolute) |  Interval | Pipeline|
    |   min   |   max   |    min   |    max   | min | max |   Type  |
    +---------+---------+----------+----------+-----+-----+---------+
    |        0|        0|      0 ns|      0 ns|    1|    1|      yes|
    +---------+---------+----------+----------+-----+-----+---------+

    + Detail: 
        * Instance: 
        N/A

        * Loop: 
        N/A

============================================================
+ Verbose Summary: Synthesis Manager
============================================================
InlineROM: 1
ExposeGlobal: 0
============================================================
+ Verbose Summary: CDFG Model
============================================================
IsTopModel: 0
ResetActiveHigh: 1
IsCombinational: 0
IsDatapathOnly: 0
HasWiredReturn: 1
HasMFsm: 2
HasVarLatency: 0
IsPipeline: 1
IsRtlPipelined: 0
IsInstanceOverlapped: 0
IsDontTouch: 0
HasImplIP: 0
IsGatedGlobalClock: 0

+ Individual pipeline summary: 
  * Pipeline-0: initiation interval (II) = 1, depth = 1


============================================================
+ Verbose Summary: Schedule
============================================================
* Number of FSM states : 1
* Pipeline : 1
  Pipeline-0 : II = 1, D = 1, States = { 1 }
* Dataflow Pipeline: 0

* FSM state transitions: 
1 --> 

* FSM state operations: 

State 1 <SV = 0> <Delay = 3.27>
ST_1 : Operation 2 [1/1] (0.00ns)   --->   "%specpipeline_ln0 = specpipeline void @_ssdm_op_SpecPipeline, i32 1, i32 0, i32 0, i32 0, void @empty_1" [firmware/BDT.h:0]   --->   Operation 2 'specpipeline' 'specpipeline_ln0' <Predicate = true> <Delay = 0.00>
ST_1 : Operation 3 [1/1] (0.00ns)   --->   "%p_read44 = read i32 @_ssdm_op_Read.ap_auto.i32, i32 %p_read4"   --->   Operation 3 'read' 'p_read44' <Predicate = true> <Delay = 0.00>
ST_1 : Operation 4 [1/1] (0.00ns)   --->   "%p_read33 = read i32 @_ssdm_op_Read.ap_auto.i32, i32 %p_read3"   --->   Operation 4 'read' 'p_read33' <Predicate = true> <Delay = 0.00>
ST_1 : Operation 5 [1/1] (0.00ns)   --->   "%p_read22 = read i32 @_ssdm_op_Read.ap_auto.i32, i32 %p_read2"   --->   Operation 5 'read' 'p_read22' <Predicate = true> <Delay = 0.00>
ST_1 : Operation 6 [1/1] (0.00ns)   --->   "%p_read11 = read i32 @_ssdm_op_Read.ap_auto.i32, i32 %p_read1"   --->   Operation 6 'read' 'p_read11' <Predicate = true> <Delay = 0.00>
ST_1 : Operation 7 [1/1] (1.11ns)   --->   "%comparison = icmp_slt  i32 %p_read22, i32 4294896007"   --->   Operation 7 'icmp' 'comparison' <Predicate = true> <Delay = 1.11> <CoreInst = "Cmp">   --->   Core 9 'Cmp' <Latency = 0> <II = 1> <Delay = 1.11> <FuncUnit> <Opcode : 'icmp'> <InPorts = 2> <OutPorts = 1>
ST_1 : Operation 8 [1/1] (1.11ns)   --->   "%comparison_220 = icmp_slt  i32 %p_read11, i32 4294870533"   --->   Operation 8 'icmp' 'comparison_220' <Predicate = (comparison & or_ln208_50 & or_ln208_51 & or_ln208_52)> <Delay = 1.11> <CoreInst = "Cmp">   --->   Core 9 'Cmp' <Latency = 0> <II = 1> <Delay = 1.11> <FuncUnit> <Opcode : 'icmp'> <InPorts = 2> <OutPorts = 1>
ST_1 : Operation 9 [1/1] (1.11ns)   --->   "%comparison_221 = icmp_slt  i32 %p_read44, i32 116425"   --->   Operation 9 'icmp' 'comparison_221' <Predicate = true> <Delay = 1.11> <CoreInst = "Cmp">   --->   Core 9 'Cmp' <Latency = 0> <II = 1> <Delay = 1.11> <FuncUnit> <Opcode : 'icmp'> <InPorts = 2> <OutPorts = 1>
ST_1 : Operation 10 [1/1] (1.11ns)   --->   "%comparison_222 = icmp_slt  i32 %p_read33, i32 54857"   --->   Operation 10 'icmp' 'comparison_222' <Predicate = (activation_273 & or_ln208 & comparison & or_ln208_50 & or_ln208_51 & or_ln208_52)> <Delay = 1.11> <CoreInst = "Cmp">   --->   Core 9 'Cmp' <Latency = 0> <II = 1> <Delay = 1.11> <FuncUnit> <Opcode : 'icmp'> <InPorts = 2> <OutPorts = 1>
ST_1 : Operation 11 [1/1] (1.11ns)   --->   "%comparison_223 = icmp_slt  i32 %p_read22, i32 4294835111"   --->   Operation 11 'icmp' 'comparison_223' <Predicate = (comparison & or_ln208_50 & or_ln208_51 & or_ln208_52)> <Delay = 1.11> <CoreInst = "Cmp">   --->   Core 9 'Cmp' <Latency = 0> <II = 1> <Delay = 1.11> <FuncUnit> <Opcode : 'icmp'> <InPorts = 2> <OutPorts = 1>
ST_1 : Operation 12 [1/1] (1.11ns)   --->   "%comparison_224 = icmp_slt  i32 %p_read44, i32 4294913814"   --->   Operation 12 'icmp' 'comparison_224' <Predicate = (or_ln208_51 & or_ln208_52)> <Delay = 1.11> <CoreInst = "Cmp">   --->   Core 9 'Cmp' <Latency = 0> <II = 1> <Delay = 1.11> <FuncUnit> <Opcode : 'icmp'> <InPorts = 2> <OutPorts = 1>
ST_1 : Operation 13 [1/1] (1.11ns)   --->   "%comparison_225 = icmp_slt  i32 %p_read33, i32 19509"   --->   Operation 13 'icmp' 'comparison_225' <Predicate = true> <Delay = 1.11> <CoreInst = "Cmp">   --->   Core 9 'Cmp' <Latency = 0> <II = 1> <Delay = 1.11> <FuncUnit> <Opcode : 'icmp'> <InPorts = 2> <OutPorts = 1>
ST_1 : Operation 14 [1/1] (0.33ns)   --->   "%activation_272 = xor i1 %comparison, i1 1" [firmware/BDT.h:195]   --->   Operation 14 'xor' 'activation_272' <Predicate = true> <Delay = 0.33> <CoreInst = "LogicGate">   --->   Core 74 'LogicGate' <Latency = 0> <II = 1> <Delay = 0.33> <FuncUnit> <Opcode : 'and' 'or' 'xor'> <InPorts = 2> <OutPorts = 1>
ST_1 : Operation 15 [1/1] (0.33ns)   --->   "%activation_273 = and i1 %comparison_220, i1 %comparison" [firmware/BDT.h:193]   --->   Operation 15 'and' 'activation_273' <Predicate = (comparison & or_ln208_50 & or_ln208_51 & or_ln208_52)> <Delay = 0.33> <CoreInst = "LogicGate">   --->   Core 74 'LogicGate' <Latency = 0> <II = 1> <Delay = 0.33> <FuncUnit> <Opcode : 'and' 'or' 'xor'> <InPorts = 2> <OutPorts = 1>
ST_1 : Operation 16 [1/1] (0.00ns) (grouped into LUT with out node or_ln208)   --->   "%xor_ln195 = xor i1 %comparison_220, i1 1" [firmware/BDT.h:195]   --->   Operation 16 'xor' 'xor_ln195' <Predicate = (comparison & or_ln208_50 & or_ln208_51 & or_ln208_52)> <Delay = 0.00> <CoreInst = "LogicGate">   --->   Core 74 'LogicGate' <Latency = 0> <II = 1> <Delay = 0.33> <FuncUnit> <Opcode : 'and' 'or' 'xor'> <InPorts = 2> <OutPorts = 1>
ST_1 : Operation 17 [1/1] (0.33ns)   --->   "%activation_274 = and i1 %comparison_221, i1 %activation_272" [firmware/BDT.h:193]   --->   Operation 17 'and' 'activation_274' <Predicate = true> <Delay = 0.33> <CoreInst = "LogicGate">   --->   Core 74 'LogicGate' <Latency = 0> <II = 1> <Delay = 0.33> <FuncUnit> <Opcode : 'and' 'or' 'xor'> <InPorts = 2> <OutPorts = 1>
ST_1 : Operation 18 [1/1] (0.00ns) (grouped into LUT with out node agg_result)   --->   "%xor_ln195_14 = xor i1 %comparison_221, i1 1" [firmware/BDT.h:195]   --->   Operation 18 'xor' 'xor_ln195_14' <Predicate = true> <Delay = 0.00> <CoreInst = "LogicGate">   --->   Core 74 'LogicGate' <Latency = 0> <II = 1> <Delay = 0.33> <FuncUnit> <Opcode : 'and' 'or' 'xor'> <InPorts = 2> <OutPorts = 1>
ST_1 : Operation 19 [1/1] (0.00ns) (grouped into LUT with out node select_ln208_67)   --->   "%activation = and i1 %comparison_222, i1 %activation_273" [firmware/BDT.h:193]   --->   Operation 19 'and' 'activation' <Predicate = (activation_273 & or_ln208 & comparison & or_ln208_50 & or_ln208_51 & or_ln208_52)> <Delay = 0.00> <CoreInst = "LogicGate">   --->   Core 74 'LogicGate' <Latency = 0> <II = 1> <Delay = 0.33> <FuncUnit> <Opcode : 'and' 'or' 'xor'> <InPorts = 2> <OutPorts = 1>
ST_1 : Operation 20 [1/1] (0.00ns) (grouped into LUT with out node or_ln208)   --->   "%and_ln193 = and i1 %comparison_223, i1 %xor_ln195" [firmware/BDT.h:193]   --->   Operation 20 'and' 'and_ln193' <Predicate = (comparison & or_ln208_50 & or_ln208_51 & or_ln208_52)> <Delay = 0.00> <CoreInst = "LogicGate">   --->   Core 74 'LogicGate' <Latency = 0> <II = 1> <Delay = 0.33> <FuncUnit> <Opcode : 'and' 'or' 'xor'> <InPorts = 2> <OutPorts = 1>
ST_1 : Operation 21 [1/1] (0.00ns) (grouped into LUT with out node or_ln208)   --->   "%activation_275 = and i1 %and_ln193, i1 %comparison" [firmware/BDT.h:193]   --->   Operation 21 'and' 'activation_275' <Predicate = (comparison & or_ln208_50 & or_ln208_51 & or_ln208_52)> <Delay = 0.00> <CoreInst = "LogicGate">   --->   Core 74 'LogicGate' <Latency = 0> <II = 1> <Delay = 0.33> <FuncUnit> <Opcode : 'and' 'or' 'xor'> <InPorts = 2> <OutPorts = 1>
ST_1 : Operation 22 [1/1] (0.00ns) (grouped into LUT with out node select_ln208_69)   --->   "%activation_276 = and i1 %comparison_224, i1 %activation_274" [firmware/BDT.h:193]   --->   Operation 22 'and' 'activation_276' <Predicate = (or_ln208_51 & or_ln208_52)> <Delay = 0.00> <CoreInst = "LogicGate">   --->   Core 74 'LogicGate' <Latency = 0> <II = 1> <Delay = 0.33> <FuncUnit> <Opcode : 'and' 'or' 'xor'> <InPorts = 2> <OutPorts = 1>
ST_1 : Operation 23 [1/1] (0.00ns) (grouped into LUT with out node agg_result)   --->   "%and_ln193_46 = and i1 %comparison_225, i1 %activation_272" [firmware/BDT.h:193]   --->   Operation 23 'and' 'and_ln193_46' <Predicate = true> <Delay = 0.00> <CoreInst = "LogicGate">   --->   Core 74 'LogicGate' <Latency = 0> <II = 1> <Delay = 0.33> <FuncUnit> <Opcode : 'and' 'or' 'xor'> <InPorts = 2> <OutPorts = 1>
ST_1 : Operation 24 [1/1] (0.00ns) (grouped into LUT with out node agg_result)   --->   "%activation_277 = and i1 %and_ln193_46, i1 %xor_ln195_14" [firmware/BDT.h:193]   --->   Operation 24 'and' 'activation_277' <Predicate = true> <Delay = 0.00> <CoreInst = "LogicGate">   --->   Core 74 'LogicGate' <Latency = 0> <II = 1> <Delay = 0.33> <FuncUnit> <Opcode : 'and' 'or' 'xor'> <InPorts = 2> <OutPorts = 1>
ST_1 : Operation 25 [1/1] (0.00ns) (grouped into LUT with out node select_ln208_67)   --->   "%xor_ln208 = xor i1 %activation, i1 1" [firmware/BDT.h:208]   --->   Operation 25 'xor' 'xor_ln208' <Predicate = (activation_273 & or_ln208 & comparison & or_ln208_50 & or_ln208_51 & or_ln208_52)> <Delay = 0.00> <CoreInst = "LogicGate">   --->   Core 74 'LogicGate' <Latency = 0> <II = 1> <Delay = 0.33> <FuncUnit> <Opcode : 'and' 'or' 'xor'> <InPorts = 2> <OutPorts = 1>
ST_1 : Operation 26 [1/1] (0.00ns) (grouped into LUT with out node select_ln208_67)   --->   "%zext_ln208 = zext i1 %xor_ln208" [firmware/BDT.h:208]   --->   Operation 26 'zext' 'zext_ln208' <Predicate = (activation_273 & or_ln208 & comparison & or_ln208_50 & or_ln208_51 & or_ln208_52)> <Delay = 0.00>
ST_1 : Operation 27 [1/1] (0.33ns) (out node of the LUT)   --->   "%or_ln208 = or i1 %activation_273, i1 %activation_275" [firmware/BDT.h:208]   --->   Operation 27 'or' 'or_ln208' <Predicate = (comparison & or_ln208_50 & or_ln208_51 & or_ln208_52)> <Delay = 0.33> <CoreInst = "LogicGate">   --->   Core 74 'LogicGate' <Latency = 0> <II = 1> <Delay = 0.33> <FuncUnit> <Opcode : 'and' 'or' 'xor'> <InPorts = 2> <OutPorts = 1>
ST_1 : Operation 28 [1/1] (0.00ns) (grouped into LUT with out node select_ln208_67)   --->   "%select_ln208 = select i1 %activation_273, i2 %zext_ln208, i2 2" [firmware/BDT.h:208]   --->   Operation 28 'select' 'select_ln208' <Predicate = (or_ln208 & comparison & or_ln208_50 & or_ln208_51 & or_ln208_52)> <Delay = 0.00> <CoreInst = "Sel">   --->   Core 73 'Sel' <Latency = 0> <II = 1> <Delay = 0.27> <FuncUnit> <Opcode : 'select'> <InPorts = 3> <OutPorts = 1>
ST_1 : Operation 29 [1/1] (0.00ns) (grouped into LUT with out node select_ln208_67)   --->   "%select_ln208_66 = select i1 %or_ln208, i2 %select_ln208, i2 3" [firmware/BDT.h:208]   --->   Operation 29 'select' 'select_ln208_66' <Predicate = (comparison & or_ln208_50 & or_ln208_51 & or_ln208_52)> <Delay = 0.00> <CoreInst = "Sel">   --->   Core 73 'Sel' <Latency = 0> <II = 1> <Delay = 0.27> <FuncUnit> <Opcode : 'select'> <InPorts = 3> <OutPorts = 1>
ST_1 : Operation 30 [1/1] (0.00ns) (grouped into LUT with out node select_ln208_67)   --->   "%zext_ln208_16 = zext i2 %select_ln208_66" [firmware/BDT.h:208]   --->   Operation 30 'zext' 'zext_ln208_16' <Predicate = (comparison & or_ln208_50 & or_ln208_51 & or_ln208_52)> <Delay = 0.00>
ST_1 : Operation 31 [1/1] (0.00ns) (grouped into LUT with out node select_ln208_69)   --->   "%or_ln208_50 = or i1 %comparison, i1 %activation_276" [firmware/BDT.h:208]   --->   Operation 31 'or' 'or_ln208_50' <Predicate = (or_ln208_51 & or_ln208_52)> <Delay = 0.00> <CoreInst = "LogicGate">   --->   Core 74 'LogicGate' <Latency = 0> <II = 1> <Delay = 0.33> <FuncUnit> <Opcode : 'and' 'or' 'xor'> <InPorts = 2> <OutPorts = 1>
ST_1 : Operation 32 [1/1] (0.33ns) (out node of the LUT)   --->   "%select_ln208_67 = select i1 %comparison, i3 %zext_ln208_16, i3 4" [firmware/BDT.h:208]   --->   Operation 32 'select' 'select_ln208_67' <Predicate = (or_ln208_50 & or_ln208_51 & or_ln208_52)> <Delay = 0.33> <CoreInst = "Sel">   --->   Core 73 'Sel' <Latency = 0> <II = 1> <Delay = 0.27> <FuncUnit> <Opcode : 'select'> <InPorts = 3> <OutPorts = 1>
ST_1 : Operation 33 [1/1] (0.33ns)   --->   "%or_ln208_51 = or i1 %comparison, i1 %activation_274" [firmware/BDT.h:208]   --->   Operation 33 'or' 'or_ln208_51' <Predicate = true> <Delay = 0.33> <CoreInst = "LogicGate">   --->   Core 74 'LogicGate' <Latency = 0> <II = 1> <Delay = 0.33> <FuncUnit> <Opcode : 'and' 'or' 'xor'> <InPorts = 2> <OutPorts = 1>
ST_1 : Operation 34 [1/1] (0.00ns) (grouped into LUT with out node select_ln208_69)   --->   "%select_ln208_68 = select i1 %or_ln208_50, i3 %select_ln208_67, i3 5" [firmware/BDT.h:208]   --->   Operation 34 'select' 'select_ln208_68' <Predicate = (or_ln208_51 & or_ln208_52)> <Delay = 0.00> <CoreInst = "Sel">   --->   Core 73 'Sel' <Latency = 0> <II = 1> <Delay = 0.27> <FuncUnit> <Opcode : 'select'> <InPorts = 3> <OutPorts = 1>
ST_1 : Operation 35 [1/1] (0.00ns) (grouped into LUT with out node agg_result)   --->   "%or_ln208_52 = or i1 %or_ln208_51, i1 %activation_277" [firmware/BDT.h:208]   --->   Operation 35 'or' 'or_ln208_52' <Predicate = true> <Delay = 0.00> <CoreInst = "LogicGate">   --->   Core 74 'LogicGate' <Latency = 0> <II = 1> <Delay = 0.33> <FuncUnit> <Opcode : 'and' 'or' 'xor'> <InPorts = 2> <OutPorts = 1>
ST_1 : Operation 36 [1/1] (0.33ns) (out node of the LUT)   --->   "%select_ln208_69 = select i1 %or_ln208_51, i3 %select_ln208_68, i3 6" [firmware/BDT.h:208]   --->   Operation 36 'select' 'select_ln208_69' <Predicate = (or_ln208_52)> <Delay = 0.33> <CoreInst = "Sel">   --->   Core 73 'Sel' <Latency = 0> <II = 1> <Delay = 0.27> <FuncUnit> <Opcode : 'select'> <InPorts = 3> <OutPorts = 1>
ST_1 : Operation 37 [1/1] (0.00ns) (grouped into LUT with out node agg_result)   --->   "%select_ln208_70 = select i1 %or_ln208_52, i3 %select_ln208_69, i3 7" [firmware/BDT.h:208]   --->   Operation 37 'select' 'select_ln208_70' <Predicate = true> <Delay = 0.00> <CoreInst = "Sel">   --->   Core 73 'Sel' <Latency = 0> <II = 1> <Delay = 0.27> <FuncUnit> <Opcode : 'select'> <InPorts = 3> <OutPorts = 1>
ST_1 : Operation 38 [1/1] (0.83ns) (out node of the LUT)   --->   "%agg_result = mux i32 @_ssdm_op_Mux.ap_auto.8i32.i3, i32 173714, i32 43942, i32 122258, i32 41442, i32 35483, i32 4294941552, i32 124668, i32 54100, i3 %select_ln208_70" [firmware/BDT.h:209]   --->   Operation 38 'mux' 'agg_result' <Predicate = true> <Delay = 0.83> <CoreInst = "Multiplexer">   --->   Core 76 'Multiplexer' <Latency = 0> <II = 1> <Delay = 0.83> <FuncUnit> <Opcode : 'mux'> <InPorts = 2> <OutPorts = 1>
ST_1 : Operation 39 [1/1] (0.00ns)   --->   "%ret_ln213 = ret i32 %agg_result" [firmware/BDT.h:213]   --->   Operation 39 'ret' 'ret_ln213' <Predicate = true> <Delay = 0.00>


============================================================
+ Verbose Summary: Timing violations
============================================================
Target clock period: 7ns, clock uncertainty: 1.89ns.

 <State 1>: 3.27ns
The critical path consists of the following:
	wire read operation ('p_read22') on port 'p_read2' [8]  (0 ns)
	'icmp' operation ('comparison') [10]  (1.11 ns)
	'xor' operation ('activation', firmware/BDT.h:195) [17]  (0.331 ns)
	'and' operation ('activation', firmware/BDT.h:193) [20]  (0.331 ns)
	'or' operation ('or_ln208_51', firmware/BDT.h:208) [36]  (0.331 ns)
	'select' operation ('select_ln208_69', firmware/BDT.h:208) [39]  (0.331 ns)
	'select' operation ('select_ln208_70', firmware/BDT.h:208) [40]  (0 ns)
	'mux' operation ('agg_result', firmware/BDT.h:209) [41]  (0.837 ns)


============================================================
+ Verbose Summary: Binding
============================================================
N/A
* FSMD analyzer results:
  - Output states:
 - Input state : 
  - Chain level:
	State 1


============================================================
+ Verbose Summary: Datapath Resource usage 
============================================================
N/A
