

================================================================
== Vitis HLS Report for 'decision_function_49'
================================================================
* Date:           Sun Jun 26 16:47:02 2022

* Version:        2021.2 (Build 3367213 on Tue Oct 19 02:47:39 MDT 2021)
* Project:        myproject_prj
* Solution:       solution1 (Vivado IP Flow Target)
* Product family: zynquplus
* Target device:  xczu3eg-sbva484-1-e


================================================================
== Performance Estimates
================================================================
+ Timing: 
    * Summary: 
    +--------+---------+----------+------------+
    |  Clock |  Target | Estimated| Uncertainty|
    +--------+---------+----------+------------+
    |ap_clk  |  7.00 ns|  3.739 ns|     1.89 ns|
    +--------+---------+----------+------------+

+ Latency: 
    * Summary: 
    +---------+---------+----------+----------+-----+-----+---------+
    |  Latency (cycles) |  Latency (absolute) |  Interval | Pipeline|
    |   min   |   max   |    min   |    max   | min | max |   Type  |
    +---------+---------+----------+----------+-----+-----+---------+
    |        0|        0|      0 ns|      0 ns|    1|    1|      yes|
    +---------+---------+----------+----------+-----+-----+---------+

    + Detail: 
        * Instance: 
        N/A

        * Loop: 
        N/A



================================================================
== Utilization Estimates
================================================================
* Summary: 
+-----------------+---------+-----+--------+-------+-----+
|       Name      | BRAM_18K| DSP |   FF   |  LUT  | URAM|
+-----------------+---------+-----+--------+-------+-----+
|DSP              |        -|    -|       -|      -|    -|
|Expression       |        -|    -|       0|    199|    -|
|FIFO             |        -|    -|       -|      -|    -|
|Instance         |        -|    -|       0|     37|    -|
|Memory           |        -|    -|       -|      -|    -|
|Multiplexer      |        -|    -|       -|      -|    -|
|Register         |        -|    -|       -|      -|    -|
+-----------------+---------+-----+--------+-------+-----+
|Total            |        0|    0|       0|    236|    0|
+-----------------+---------+-----+--------+-------+-----+
|Available        |      432|  360|  141120|  70560|    0|
+-----------------+---------+-----+--------+-------+-----+
|Utilization (%)  |        0|    0|       0|     ~0|    0|
+-----------------+---------+-----+--------+-------+-----+

+ Detail: 
    * Instance: 
    +-------------------+---------------+---------+----+---+----+-----+
    |      Instance     |     Module    | BRAM_18K| DSP| FF| LUT| URAM|
    +-------------------+---------------+---------+----+---+----+-----+
    |mux_73_32_1_1_U21  |mux_73_32_1_1  |        0|   0|  0|  37|    0|
    +-------------------+---------------+---------+----+---+----+-----+
    |Total              |               |        0|   0|  0|  37|    0|
    +-------------------+---------------+---------+----+---+----+-----+

    * DSP: 
    N/A

    * Memory: 
    N/A

    * FIFO: 
    N/A

    * Expression: 
    +---------------------------+----------+----+---+----+------------+------------+
    |       Variable Name       | Operation| DSP| FF| LUT| Bitwidth P0| Bitwidth P1|
    +---------------------------+----------+----+---+----+------------+------------+
    |activation_33_fu_122_p2    |       and|   0|  0|   2|           1|           1|
    |activation_34_fu_128_p2    |       and|   0|  0|   2|           1|           1|
    |activation_35_fu_152_p2    |       and|   0|  0|   2|           1|           1|
    |activation_36_fu_158_p2    |       and|   0|  0|   2|           1|           1|
    |activation_37_fu_164_p2    |       and|   0|  0|   2|           1|           1|
    |activation_fu_140_p2       |       and|   0|  0|   2|           1|           1|
    |comparison_26_fu_86_p2     |      icmp|   0|  0|  20|          32|          17|
    |comparison_28_fu_98_p2     |      icmp|   0|  0|  20|          32|          17|
    |comparison_29_fu_104_p2    |      icmp|   0|  0|  20|          32|          16|
    |comparison_30_fu_80_p2     |      icmp|   0|  0|  20|          32|          18|
    |comparison_31_fu_92_p2     |      icmp|   0|  0|  20|          32|          19|
    |comparison_fu_74_p2        |      icmp|   0|  0|  20|          32|          17|
    |or_ln208_17_fu_180_p2      |        or|   0|  0|   2|           1|           1|
    |or_ln208_18_fu_194_p2      |        or|   0|  0|   2|           1|           1|
    |or_ln208_19_fu_212_p2      |        or|   0|  0|   2|           1|           1|
    |or_ln208_20_fu_226_p2      |        or|   0|  0|   2|           1|           1|
    |or_ln208_21_fu_240_p2      |        or|   0|  0|   2|           1|           1|
    |or_ln208_fu_170_p2         |        or|   0|  0|   2|           1|           1|
    |ap_return                  |    select|   0|  0|  32|           1|          32|
    |select_ln208_20_fu_200_p3  |    select|   0|  0|   2|           1|           2|
    |select_ln208_21_fu_218_p3  |    select|   0|  0|   4|           1|           3|
    |select_ln208_22_fu_232_p3  |    select|   0|  0|   3|           1|           3|
    |select_ln208_fu_186_p3     |    select|   0|  0|   3|           1|           2|
    |tmp_fu_254_p8              |    select|   0|  0|   3|           1|           3|
    |activation_31_fu_110_p2    |       xor|   0|  0|   2|           1|           2|
    |xor_ln195_10_fu_134_p2     |       xor|   0|  0|   2|           1|           2|
    |xor_ln195_11_fu_146_p2     |       xor|   0|  0|   2|           1|           2|
    |xor_ln195_fu_116_p2        |       xor|   0|  0|   2|           1|           2|
    +---------------------------+----------+----+---+----+------------+------------+
    |Total                      |          |   0|  0| 199|         214|         169|
    +---------------------------+----------+----+---+----+------------+------------+

    * Multiplexer: 
    N/A

    * Register: 
    N/A



================================================================
== Interface
================================================================
* Summary: 
+-----------+-----+-----+------------+----------------------+--------------+
| RTL Ports | Dir | Bits|  Protocol  |     Source Object    |    C Type    |
+-----------+-----+-----+------------+----------------------+--------------+
|ap_ready   |  out|    1|  ap_ctrl_hs|  decision_function.49|  return value|
|ap_return  |  out|   32|  ap_ctrl_hs|  decision_function.49|  return value|
|p_read1    |   in|   32|     ap_none|               p_read1|        scalar|
|p_read2    |   in|   32|     ap_none|               p_read2|        scalar|
|p_read3    |   in|   32|     ap_none|               p_read3|        scalar|
+-----------+-----+-----+------------+----------------------+--------------+

============================================================
+ Verbose Summary: Synthesis Manager
============================================================
InlineROM: 1
ExposeGlobal: 0
============================================================
+ Verbose Summary: CDFG Model
============================================================
IsTopModel: 0
ResetActiveHigh: 1
IsCombinational: 1
IsDatapathOnly: 2
HasWiredReturn: 1
HasMFsm: 2
HasVarLatency: 0
IsPipeline: 1
IsRtlPipelined: 0
IsInstanceOverlapped: 0
IsDontTouch: 0
HasImplIP: 0
IsGatedGlobalClock: 0

+ Individual pipeline summary: 
  * Pipeline-0: initiation interval (II) = 1, depth = 1


============================================================
+ Verbose Summary: Schedule
============================================================
* Number of FSM states : 1
* Pipeline : 1
  Pipeline-0 : II = 1, D = 1, States = { 1 }
* Dataflow Pipeline: 0

* FSM state transitions: 
1 --> 

* FSM state operations: 

State 1 <SV = 0> <Delay = 3.73>
ST_1 : Operation 2 [1/1] (0.00ns)   --->   "%specpipeline_ln0 = specpipeline void @_ssdm_op_SpecPipeline, i32 1, i32 0, i32 0, i32 0, void @empty_1" [firmware/BDT.h:0]   --->   Operation 2 'specpipeline' 'specpipeline_ln0' <Predicate = true> <Delay = 0.00>
ST_1 : Operation 3 [1/1] (0.00ns)   --->   "%p_read33 = read i32 @_ssdm_op_Read.ap_auto.i32, i32 %p_read3"   --->   Operation 3 'read' 'p_read33' <Predicate = true> <Delay = 0.00>
ST_1 : Operation 4 [1/1] (0.00ns)   --->   "%p_read22 = read i32 @_ssdm_op_Read.ap_auto.i32, i32 %p_read2"   --->   Operation 4 'read' 'p_read22' <Predicate = true> <Delay = 0.00>
ST_1 : Operation 5 [1/1] (0.00ns)   --->   "%p_read11 = read i32 @_ssdm_op_Read.ap_auto.i32, i32 %p_read1"   --->   Operation 5 'read' 'p_read11' <Predicate = true> <Delay = 0.00>
ST_1 : Operation 6 [1/1] (1.11ns)   --->   "%comparison = icmp_slt  i32 %p_read11, i32 73288"   --->   Operation 6 'icmp' 'comparison' <Predicate = true> <Delay = 1.11> <CoreInst = "Cmp">   --->   Core 9 'Cmp' <Latency = 0> <II = 1> <Delay = 1.11> <FuncUnit> <Opcode : 'icmp'> <InPorts = 2> <OutPorts = 1>
ST_1 : Operation 7 [1/1] (1.11ns)   --->   "%comparison_30 = icmp_slt  i32 %p_read11, i32 4294877387"   --->   Operation 7 'icmp' 'comparison_30' <Predicate = true> <Delay = 1.11> <CoreInst = "Cmp">   --->   Core 9 'Cmp' <Latency = 0> <II = 1> <Delay = 1.11> <FuncUnit> <Opcode : 'icmp'> <InPorts = 2> <OutPorts = 1>
ST_1 : Operation 8 [1/1] (1.11ns)   --->   "%comparison_26 = icmp_slt  i32 %p_read11, i32 124794"   --->   Operation 8 'icmp' 'comparison_26' <Predicate = true> <Delay = 1.11> <CoreInst = "Cmp">   --->   Core 9 'Cmp' <Latency = 0> <II = 1> <Delay = 1.11> <FuncUnit> <Opcode : 'icmp'> <InPorts = 2> <OutPorts = 1>
ST_1 : Operation 9 [1/1] (1.11ns)   --->   "%comparison_31 = icmp_slt  i32 %p_read11, i32 4294829075"   --->   Operation 9 'icmp' 'comparison_31' <Predicate = true> <Delay = 1.11> <CoreInst = "Cmp">   --->   Core 9 'Cmp' <Latency = 0> <II = 1> <Delay = 1.11> <FuncUnit> <Opcode : 'icmp'> <InPorts = 2> <OutPorts = 1>
ST_1 : Operation 10 [1/1] (1.11ns)   --->   "%comparison_28 = icmp_slt  i32 %p_read33, i32 81380"   --->   Operation 10 'icmp' 'comparison_28' <Predicate = (or_ln208_19 & or_ln208_20 & or_ln208_21)> <Delay = 1.11> <CoreInst = "Cmp">   --->   Core 9 'Cmp' <Latency = 0> <II = 1> <Delay = 1.11> <FuncUnit> <Opcode : 'icmp'> <InPorts = 2> <OutPorts = 1>
ST_1 : Operation 11 [1/1] (1.11ns)   --->   "%comparison_29 = icmp_slt  i32 %p_read22, i32 61805"   --->   Operation 11 'icmp' 'comparison_29' <Predicate = (or_ln208_21)> <Delay = 1.11> <CoreInst = "Cmp">   --->   Core 9 'Cmp' <Latency = 0> <II = 1> <Delay = 1.11> <FuncUnit> <Opcode : 'icmp'> <InPorts = 2> <OutPorts = 1>
ST_1 : Operation 12 [1/1] (0.33ns)   --->   "%activation_31 = xor i1 %comparison, i1 1" [firmware/BDT.h:195]   --->   Operation 12 'xor' 'activation_31' <Predicate = true> <Delay = 0.33> <CoreInst = "LogicGate">   --->   Core 74 'LogicGate' <Latency = 0> <II = 1> <Delay = 0.33> <FuncUnit> <Opcode : 'and' 'or' 'xor'> <InPorts = 2> <OutPorts = 1>
ST_1 : Operation 13 [1/1] (0.00ns) (grouped into LUT with out node activation_33)   --->   "%xor_ln195 = xor i1 %comparison_30, i1 1" [firmware/BDT.h:195]   --->   Operation 13 'xor' 'xor_ln195' <Predicate = true> <Delay = 0.00> <CoreInst = "LogicGate">   --->   Core 74 'LogicGate' <Latency = 0> <II = 1> <Delay = 0.33> <FuncUnit> <Opcode : 'and' 'or' 'xor'> <InPorts = 2> <OutPorts = 1>
ST_1 : Operation 14 [1/1] (0.33ns) (out node of the LUT)   --->   "%activation_33 = and i1 %comparison, i1 %xor_ln195" [firmware/BDT.h:195]   --->   Operation 14 'and' 'activation_33' <Predicate = true> <Delay = 0.33> <CoreInst = "LogicGate">   --->   Core 74 'LogicGate' <Latency = 0> <II = 1> <Delay = 0.33> <FuncUnit> <Opcode : 'and' 'or' 'xor'> <InPorts = 2> <OutPorts = 1>
ST_1 : Operation 15 [1/1] (0.33ns)   --->   "%activation_34 = and i1 %comparison_26, i1 %activation_31" [firmware/BDT.h:193]   --->   Operation 15 'and' 'activation_34' <Predicate = true> <Delay = 0.33> <CoreInst = "LogicGate">   --->   Core 74 'LogicGate' <Latency = 0> <II = 1> <Delay = 0.33> <FuncUnit> <Opcode : 'and' 'or' 'xor'> <InPorts = 2> <OutPorts = 1>
ST_1 : Operation 16 [1/1] (0.00ns) (grouped into LUT with out node or_ln208)   --->   "%xor_ln195_10 = xor i1 %comparison_26, i1 1" [firmware/BDT.h:195]   --->   Operation 16 'xor' 'xor_ln195_10' <Predicate = true> <Delay = 0.00> <CoreInst = "LogicGate">   --->   Core 74 'LogicGate' <Latency = 0> <II = 1> <Delay = 0.33> <FuncUnit> <Opcode : 'and' 'or' 'xor'> <InPorts = 2> <OutPorts = 1>
ST_1 : Operation 17 [1/1] (0.00ns) (grouped into LUT with out node or_ln208)   --->   "%activation = and i1 %activation_31, i1 %xor_ln195_10" [firmware/BDT.h:195]   --->   Operation 17 'and' 'activation' <Predicate = true> <Delay = 0.00> <CoreInst = "LogicGate">   --->   Core 74 'LogicGate' <Latency = 0> <II = 1> <Delay = 0.33> <FuncUnit> <Opcode : 'and' 'or' 'xor'> <InPorts = 2> <OutPorts = 1>
ST_1 : Operation 18 [1/1] (0.00ns) (grouped into LUT with out node or_ln208_17)   --->   "%xor_ln195_11 = xor i1 %comparison_31, i1 1" [firmware/BDT.h:195]   --->   Operation 18 'xor' 'xor_ln195_11' <Predicate = true> <Delay = 0.00> <CoreInst = "LogicGate">   --->   Core 74 'LogicGate' <Latency = 0> <II = 1> <Delay = 0.33> <FuncUnit> <Opcode : 'and' 'or' 'xor'> <InPorts = 2> <OutPorts = 1>
ST_1 : Operation 19 [1/1] (0.00ns) (grouped into LUT with out node or_ln208_17)   --->   "%activation_35 = and i1 %comparison_30, i1 %xor_ln195_11" [firmware/BDT.h:195]   --->   Operation 19 'and' 'activation_35' <Predicate = true> <Delay = 0.00> <CoreInst = "LogicGate">   --->   Core 74 'LogicGate' <Latency = 0> <II = 1> <Delay = 0.33> <FuncUnit> <Opcode : 'and' 'or' 'xor'> <InPorts = 2> <OutPorts = 1>
ST_1 : Operation 20 [1/1] (0.00ns) (grouped into LUT with out node select_ln208_21)   --->   "%activation_36 = and i1 %comparison_28, i1 %activation_33" [firmware/BDT.h:193]   --->   Operation 20 'and' 'activation_36' <Predicate = (or_ln208_19 & or_ln208_20 & or_ln208_21)> <Delay = 0.00> <CoreInst = "LogicGate">   --->   Core 74 'LogicGate' <Latency = 0> <II = 1> <Delay = 0.33> <FuncUnit> <Opcode : 'and' 'or' 'xor'> <InPorts = 2> <OutPorts = 1>
ST_1 : Operation 21 [1/1] (0.00ns) (grouped into LUT with out node tmp)   --->   "%activation_37 = and i1 %comparison_29, i1 %activation_34" [firmware/BDT.h:193]   --->   Operation 21 'and' 'activation_37' <Predicate = (or_ln208_21)> <Delay = 0.00> <CoreInst = "LogicGate">   --->   Core 74 'LogicGate' <Latency = 0> <II = 1> <Delay = 0.33> <FuncUnit> <Opcode : 'and' 'or' 'xor'> <InPorts = 2> <OutPorts = 1>
ST_1 : Operation 22 [1/1] (0.33ns) (out node of the LUT)   --->   "%or_ln208 = or i1 %activation, i1 %comparison_31" [firmware/BDT.h:208]   --->   Operation 22 'or' 'or_ln208' <Predicate = true> <Delay = 0.33> <CoreInst = "LogicGate">   --->   Core 74 'LogicGate' <Latency = 0> <II = 1> <Delay = 0.33> <FuncUnit> <Opcode : 'and' 'or' 'xor'> <InPorts = 2> <OutPorts = 1>
ST_1 : Operation 23 [1/1] (0.00ns) (grouped into LUT with out node select_ln208_21)   --->   "%zext_ln208 = zext i1 %comparison_26" [firmware/BDT.h:208]   --->   Operation 23 'zext' 'zext_ln208' <Predicate = (or_ln208 & or_ln208_17 & or_ln208_18 & or_ln208_19 & or_ln208_20 & or_ln208_21)> <Delay = 0.00>
ST_1 : Operation 24 [1/1] (0.33ns) (out node of the LUT)   --->   "%or_ln208_17 = or i1 %or_ln208, i1 %activation_35" [firmware/BDT.h:208]   --->   Operation 24 'or' 'or_ln208_17' <Predicate = true> <Delay = 0.33> <CoreInst = "LogicGate">   --->   Core 74 'LogicGate' <Latency = 0> <II = 1> <Delay = 0.33> <FuncUnit> <Opcode : 'and' 'or' 'xor'> <InPorts = 2> <OutPorts = 1>
ST_1 : Operation 25 [1/1] (0.00ns) (grouped into LUT with out node select_ln208_21)   --->   "%select_ln208 = select i1 %or_ln208, i2 %zext_ln208, i2 2" [firmware/BDT.h:208]   --->   Operation 25 'select' 'select_ln208' <Predicate = (or_ln208_17 & or_ln208_18 & or_ln208_19 & or_ln208_20 & or_ln208_21)> <Delay = 0.00> <CoreInst = "Sel">   --->   Core 73 'Sel' <Latency = 0> <II = 1> <Delay = 0.27> <FuncUnit> <Opcode : 'select'> <InPorts = 3> <OutPorts = 1>
ST_1 : Operation 26 [1/1] (0.00ns) (grouped into LUT with out node select_ln208_21)   --->   "%or_ln208_18 = or i1 %or_ln208_17, i1 %activation_36" [firmware/BDT.h:208]   --->   Operation 26 'or' 'or_ln208_18' <Predicate = (or_ln208_19 & or_ln208_20 & or_ln208_21)> <Delay = 0.00> <CoreInst = "LogicGate">   --->   Core 74 'LogicGate' <Latency = 0> <II = 1> <Delay = 0.33> <FuncUnit> <Opcode : 'and' 'or' 'xor'> <InPorts = 2> <OutPorts = 1>
ST_1 : Operation 27 [1/1] (0.00ns) (grouped into LUT with out node select_ln208_21)   --->   "%select_ln208_20 = select i1 %or_ln208_17, i2 %select_ln208, i2 3" [firmware/BDT.h:208]   --->   Operation 27 'select' 'select_ln208_20' <Predicate = (or_ln208_18 & or_ln208_19 & or_ln208_20 & or_ln208_21)> <Delay = 0.00> <CoreInst = "Sel">   --->   Core 73 'Sel' <Latency = 0> <II = 1> <Delay = 0.27> <FuncUnit> <Opcode : 'select'> <InPorts = 3> <OutPorts = 1>
ST_1 : Operation 28 [1/1] (0.00ns) (grouped into LUT with out node select_ln208_21)   --->   "%zext_ln208_6 = zext i2 %select_ln208_20" [firmware/BDT.h:208]   --->   Operation 28 'zext' 'zext_ln208_6' <Predicate = (or_ln208_18 & or_ln208_19 & or_ln208_20 & or_ln208_21)> <Delay = 0.00>
ST_1 : Operation 29 [1/1] (0.33ns)   --->   "%or_ln208_19 = or i1 %or_ln208_17, i1 %activation_33" [firmware/BDT.h:208]   --->   Operation 29 'or' 'or_ln208_19' <Predicate = true> <Delay = 0.33> <CoreInst = "LogicGate">   --->   Core 74 'LogicGate' <Latency = 0> <II = 1> <Delay = 0.33> <FuncUnit> <Opcode : 'and' 'or' 'xor'> <InPorts = 2> <OutPorts = 1>
ST_1 : Operation 30 [1/1] (0.33ns) (out node of the LUT)   --->   "%select_ln208_21 = select i1 %or_ln208_18, i3 %zext_ln208_6, i3 4" [firmware/BDT.h:208]   --->   Operation 30 'select' 'select_ln208_21' <Predicate = (or_ln208_19 & or_ln208_20 & or_ln208_21)> <Delay = 0.33> <CoreInst = "Sel">   --->   Core 73 'Sel' <Latency = 0> <II = 1> <Delay = 0.27> <FuncUnit> <Opcode : 'select'> <InPorts = 3> <OutPorts = 1>
ST_1 : Operation 31 [1/1] (0.00ns) (grouped into LUT with out node tmp)   --->   "%or_ln208_20 = or i1 %or_ln208_19, i1 %activation_37" [firmware/BDT.h:208]   --->   Operation 31 'or' 'or_ln208_20' <Predicate = (or_ln208_21)> <Delay = 0.00> <CoreInst = "LogicGate">   --->   Core 74 'LogicGate' <Latency = 0> <II = 1> <Delay = 0.33> <FuncUnit> <Opcode : 'and' 'or' 'xor'> <InPorts = 2> <OutPorts = 1>
ST_1 : Operation 32 [1/1] (0.00ns) (grouped into LUT with out node tmp)   --->   "%select_ln208_22 = select i1 %or_ln208_19, i3 %select_ln208_21, i3 5" [firmware/BDT.h:208]   --->   Operation 32 'select' 'select_ln208_22' <Predicate = (or_ln208_20 & or_ln208_21)> <Delay = 0.00> <CoreInst = "Sel">   --->   Core 73 'Sel' <Latency = 0> <II = 1> <Delay = 0.27> <FuncUnit> <Opcode : 'select'> <InPorts = 3> <OutPorts = 1>
ST_1 : Operation 33 [1/1] (0.00ns) (grouped into LUT with out node select_ln208_24)   --->   "%or_ln208_21 = or i1 %or_ln208_19, i1 %activation_34" [firmware/BDT.h:208]   --->   Operation 33 'or' 'or_ln208_21' <Predicate = true> <Delay = 0.00> <CoreInst = "LogicGate">   --->   Core 74 'LogicGate' <Latency = 0> <II = 1> <Delay = 0.33> <FuncUnit> <Opcode : 'and' 'or' 'xor'> <InPorts = 2> <OutPorts = 1>
ST_1 : Operation 34 [1/1] (0.00ns) (grouped into LUT with out node tmp)   --->   "%select_ln208_23 = select i1 %or_ln208_20, i3 %select_ln208_22, i3 6" [firmware/BDT.h:208]   --->   Operation 34 'select' 'select_ln208_23' <Predicate = (or_ln208_21)> <Delay = 0.00> <CoreInst = "Sel">   --->   Core 73 'Sel' <Latency = 0> <II = 1> <Delay = 0.27> <FuncUnit> <Opcode : 'select'> <InPorts = 3> <OutPorts = 1>
ST_1 : Operation 35 [1/1] (0.77ns) (out node of the LUT)   --->   "%tmp = mux i32 @_ssdm_op_Mux.ap_auto.7i32.i3, i32 106799, i32 113975, i32 50571, i32 4294937206, i32 58348, i32 35288, i32 114159, i3 %select_ln208_23" [firmware/BDT.h:209]   --->   Operation 35 'mux' 'tmp' <Predicate = (or_ln208_21)> <Delay = 0.77> <CoreInst = "Multiplexer">   --->   Core 76 'Multiplexer' <Latency = 0> <II = 1> <Delay = 0.77> <FuncUnit> <Opcode : 'mux'> <InPorts = 2> <OutPorts = 1>
ST_1 : Operation 36 [1/1] (0.52ns) (out node of the LUT)   --->   "%select_ln208_24 = select i1 %or_ln208_21, i32 %tmp, i32 0" [firmware/BDT.h:208]   --->   Operation 36 'select' 'select_ln208_24' <Predicate = true> <Delay = 0.52> <CoreInst = "Sel">   --->   Core 73 'Sel' <Latency = 0> <II = 1> <Delay = 0.27> <FuncUnit> <Opcode : 'select'> <InPorts = 3> <OutPorts = 1>
ST_1 : Operation 37 [1/1] (0.00ns)   --->   "%ret_ln213 = ret i32 %select_ln208_24" [firmware/BDT.h:213]   --->   Operation 37 'ret' 'ret_ln213' <Predicate = true> <Delay = 0.00>


============================================================
+ Verbose Summary: Binding
============================================================
STG Binding: 
---------------- STG Properties BEGIN ----------------
- Is combinational: 1
- Is one-state seq: 0
- Is datapath-only: 0
- Is pipelined: 1
- Is top level: 0
Port [ Return ] is wired: 1; IO mode=ap_ctrl_hs:ce=0
Port [ p_read1]:  wired=1; compound=0; hidden=0; nouse=0; global=0; static=0; extern=0; dir=0; type=0; pingpong=0; private_global=0; IO mode=ap_none:ce=0
Port [ p_read2]:  wired=1; compound=0; hidden=0; nouse=0; global=0; static=0; extern=0; dir=0; type=0; pingpong=0; private_global=0; IO mode=ap_none:ce=0
Port [ p_read3]:  wired=1; compound=0; hidden=0; nouse=0; global=0; static=0; extern=0; dir=0; type=0; pingpong=0; private_global=0; IO mode=ap_none:ce=0
---------------- STG Properties END ------------------

---------------- Datapath Model BEGIN ----------------

<LifeTime>
<method=bitvector/>
specpipeline_ln0 (specpipeline) [ 00]
p_read33         (read        ) [ 00]
p_read22         (read        ) [ 00]
p_read11         (read        ) [ 00]
comparison       (icmp        ) [ 00]
comparison_30    (icmp        ) [ 00]
comparison_26    (icmp        ) [ 00]
comparison_31    (icmp        ) [ 00]
comparison_28    (icmp        ) [ 00]
comparison_29    (icmp        ) [ 00]
activation_31    (xor         ) [ 00]
xor_ln195        (xor         ) [ 00]
activation_33    (and         ) [ 00]
activation_34    (and         ) [ 00]
xor_ln195_10     (xor         ) [ 00]
activation       (and         ) [ 00]
xor_ln195_11     (xor         ) [ 00]
activation_35    (and         ) [ 00]
activation_36    (and         ) [ 00]
activation_37    (and         ) [ 00]
or_ln208         (or          ) [ 01]
zext_ln208       (zext        ) [ 00]
or_ln208_17      (or          ) [ 01]
select_ln208     (select      ) [ 00]
or_ln208_18      (or          ) [ 01]
select_ln208_20  (select      ) [ 00]
zext_ln208_6     (zext        ) [ 00]
or_ln208_19      (or          ) [ 01]
select_ln208_21  (select      ) [ 00]
or_ln208_20      (or          ) [ 01]
select_ln208_22  (select      ) [ 00]
or_ln208_21      (or          ) [ 01]
select_ln208_23  (select      ) [ 00]
tmp              (mux         ) [ 00]
select_ln208_24  (select      ) [ 00]
ret_ln213        (ret         ) [ 00]
</LifeTime>

<model>

<comp_list>
<comp id="0" class="1000" name="p_read1">
<pin_list>
<pin id="1" dir="1" index="0" bw="1" slack="0"/>
</pin_list>
<bind>
<StgValue><ssdm name="p_read1"/></StgValue>
</bind>
</comp>

<comp id="2" class="1000" name="p_read2">
<pin_list>
<pin id="3" dir="1" index="0" bw="1" slack="0"/>
</pin_list>
<bind>
<StgValue><ssdm name="p_read2"/></StgValue>
</bind>
</comp>

<comp id="4" class="1000" name="p_read3">
<pin_list>
<pin id="5" dir="1" index="0" bw="1" slack="0"/>
</pin_list>
<bind>
<StgValue><ssdm name="p_read3"/></StgValue>
</bind>
</comp>

<comp id="6" class="1001" name="const_6">
<pin_list>
<pin id="7" dir="1" index="0" bw="1" slack="2147483647"/>
</pin_list>
<bind>
<StgValue><ssdm name="_ssdm_op_SpecPipeline"/></StgValue>
</bind>
</comp>

<comp id="8" class="1001" name="const_8">
<pin_list>
<pin id="9" dir="1" index="0" bw="1" slack="2147483647"/>
</pin_list>
<bind>
<StgValue><ssdm name=""/></StgValue>
</bind>
</comp>

<comp id="10" class="1001" name="const_10">
<pin_list>
<pin id="11" dir="1" index="0" bw="1" slack="0"/>
</pin_list>
<bind>
<StgValue><ssdm name=""/></StgValue>
</bind>
</comp>

<comp id="12" class="1001" name="const_12">
<pin_list>
<pin id="13" dir="1" index="0" bw="1" slack="2147483647"/>
</pin_list>
<bind>
<StgValue><ssdm name="empty_1"/></StgValue>
</bind>
</comp>

<comp id="14" class="1001" name="const_14">
<pin_list>
<pin id="15" dir="1" index="0" bw="1" slack="0"/>
</pin_list>
<bind>
<StgValue><ssdm name="_ssdm_op_Read.ap_auto.i32"/></StgValue>
</bind>
</comp>

<comp id="16" class="1001" name="const_16">
<pin_list>
<pin id="17" dir="1" index="0" bw="1" slack="0"/>
</pin_list>
<bind>
<StgValue><ssdm name=""/></StgValue>
</bind>
</comp>

<comp id="18" class="1001" name="const_18">
<pin_list>
<pin id="19" dir="1" index="0" bw="1" slack="0"/>
</pin_list>
<bind>
<StgValue><ssdm name=""/></StgValue>
</bind>
</comp>

<comp id="20" class="1001" name="const_20">
<pin_list>
<pin id="21" dir="1" index="0" bw="1" slack="0"/>
</pin_list>
<bind>
<StgValue><ssdm name=""/></StgValue>
</bind>
</comp>

<comp id="22" class="1001" name="const_22">
<pin_list>
<pin id="23" dir="1" index="0" bw="1" slack="0"/>
</pin_list>
<bind>
<StgValue><ssdm name=""/></StgValue>
</bind>
</comp>

<comp id="24" class="1001" name="const_24">
<pin_list>
<pin id="25" dir="1" index="0" bw="1" slack="0"/>
</pin_list>
<bind>
<StgValue><ssdm name=""/></StgValue>
</bind>
</comp>

<comp id="26" class="1001" name="const_26">
<pin_list>
<pin id="27" dir="1" index="0" bw="1" slack="0"/>
</pin_list>
<bind>
<StgValue><ssdm name=""/></StgValue>
</bind>
</comp>

<comp id="28" class="1001" name="const_28">
<pin_list>
<pin id="29" dir="1" index="0" bw="1" slack="0"/>
</pin_list>
<bind>
<StgValue><ssdm name=""/></StgValue>
</bind>
</comp>

<comp id="30" class="1001" name="const_30">
<pin_list>
<pin id="31" dir="1" index="0" bw="1" slack="0"/>
</pin_list>
<bind>
<StgValue><ssdm name=""/></StgValue>
</bind>
</comp>

<comp id="32" class="1001" name="const_32">
<pin_list>
<pin id="33" dir="1" index="0" bw="1" slack="0"/>
</pin_list>
<bind>
<StgValue><ssdm name=""/></StgValue>
</bind>
</comp>

<comp id="34" class="1001" name="const_34">
<pin_list>
<pin id="35" dir="1" index="0" bw="1" slack="0"/>
</pin_list>
<bind>
<StgValue><ssdm name=""/></StgValue>
</bind>
</comp>

<comp id="36" class="1001" name="const_36">
<pin_list>
<pin id="37" dir="1" index="0" bw="1" slack="0"/>
</pin_list>
<bind>
<StgValue><ssdm name=""/></StgValue>
</bind>
</comp>

<comp id="38" class="1001" name="const_38">
<pin_list>
<pin id="39" dir="1" index="0" bw="1" slack="0"/>
</pin_list>
<bind>
<StgValue><ssdm name=""/></StgValue>
</bind>
</comp>

<comp id="40" class="1001" name="const_40">
<pin_list>
<pin id="41" dir="1" index="0" bw="1" slack="0"/>
</pin_list>
<bind>
<StgValue><ssdm name="_ssdm_op_Mux.ap_auto.7i32.i3"/></StgValue>
</bind>
</comp>

<comp id="42" class="1001" name="const_42">
<pin_list>
<pin id="43" dir="1" index="0" bw="1" slack="0"/>
</pin_list>
<bind>
<StgValue><ssdm name=""/></StgValue>
</bind>
</comp>

<comp id="44" class="1001" name="const_44">
<pin_list>
<pin id="45" dir="1" index="0" bw="1" slack="0"/>
</pin_list>
<bind>
<StgValue><ssdm name=""/></StgValue>
</bind>
</comp>

<comp id="46" class="1001" name="const_46">
<pin_list>
<pin id="47" dir="1" index="0" bw="1" slack="0"/>
</pin_list>
<bind>
<StgValue><ssdm name=""/></StgValue>
</bind>
</comp>

<comp id="48" class="1001" name="const_48">
<pin_list>
<pin id="49" dir="1" index="0" bw="1" slack="0"/>
</pin_list>
<bind>
<StgValue><ssdm name=""/></StgValue>
</bind>
</comp>

<comp id="50" class="1001" name="const_50">
<pin_list>
<pin id="51" dir="1" index="0" bw="1" slack="0"/>
</pin_list>
<bind>
<StgValue><ssdm name=""/></StgValue>
</bind>
</comp>

<comp id="52" class="1001" name="const_52">
<pin_list>
<pin id="53" dir="1" index="0" bw="1" slack="0"/>
</pin_list>
<bind>
<StgValue><ssdm name=""/></StgValue>
</bind>
</comp>

<comp id="54" class="1001" name="const_54">
<pin_list>
<pin id="55" dir="1" index="0" bw="1" slack="0"/>
</pin_list>
<bind>
<StgValue><ssdm name=""/></StgValue>
</bind>
</comp>

<comp id="56" class="1004" name="p_read33_read_fu_56">
<pin_list>
<pin id="57" dir="0" index="0" bw="32" slack="0"/>
<pin id="58" dir="0" index="1" bw="32" slack="0"/>
<pin id="59" dir="1" index="2" bw="32" slack="0"/>
</pin_list>
<bind>
<opcode="read(1150) " fcode="read"/>
<opset="p_read33/1 "/>
</bind>
</comp>

<comp id="62" class="1004" name="p_read22_read_fu_62">
<pin_list>
<pin id="63" dir="0" index="0" bw="32" slack="0"/>
<pin id="64" dir="0" index="1" bw="32" slack="0"/>
<pin id="65" dir="1" index="2" bw="32" slack="0"/>
</pin_list>
<bind>
<opcode="read(1150) " fcode="read"/>
<opset="p_read22/1 "/>
</bind>
</comp>

<comp id="68" class="1004" name="p_read11_read_fu_68">
<pin_list>
<pin id="69" dir="0" index="0" bw="32" slack="0"/>
<pin id="70" dir="0" index="1" bw="32" slack="0"/>
<pin id="71" dir="1" index="2" bw="32" slack="0"/>
</pin_list>
<bind>
<opcode="read(1150) " fcode="read"/>
<opset="p_read11/1 "/>
</bind>
</comp>

<comp id="74" class="1004" name="comparison_fu_74">
<pin_list>
<pin id="75" dir="0" index="0" bw="32" slack="0"/>
<pin id="76" dir="0" index="1" bw="32" slack="0"/>
<pin id="77" dir="1" index="2" bw="1" slack="0"/>
</pin_list>
<bind>
<opcode="icmp(45) " fcode="icmp"/>
<opset="comparison/1 "/>
</bind>
</comp>

<comp id="80" class="1004" name="comparison_30_fu_80">
<pin_list>
<pin id="81" dir="0" index="0" bw="32" slack="0"/>
<pin id="82" dir="0" index="1" bw="32" slack="0"/>
<pin id="83" dir="1" index="2" bw="1" slack="0"/>
</pin_list>
<bind>
<opcode="icmp(45) " fcode="icmp"/>
<opset="comparison_30/1 "/>
</bind>
</comp>

<comp id="86" class="1004" name="comparison_26_fu_86">
<pin_list>
<pin id="87" dir="0" index="0" bw="32" slack="0"/>
<pin id="88" dir="0" index="1" bw="32" slack="0"/>
<pin id="89" dir="1" index="2" bw="1" slack="0"/>
</pin_list>
<bind>
<opcode="icmp(45) " fcode="icmp"/>
<opset="comparison_26/1 "/>
</bind>
</comp>

<comp id="92" class="1004" name="comparison_31_fu_92">
<pin_list>
<pin id="93" dir="0" index="0" bw="32" slack="0"/>
<pin id="94" dir="0" index="1" bw="32" slack="0"/>
<pin id="95" dir="1" index="2" bw="1" slack="0"/>
</pin_list>
<bind>
<opcode="icmp(45) " fcode="icmp"/>
<opset="comparison_31/1 "/>
</bind>
</comp>

<comp id="98" class="1004" name="comparison_28_fu_98">
<pin_list>
<pin id="99" dir="0" index="0" bw="32" slack="0"/>
<pin id="100" dir="0" index="1" bw="32" slack="0"/>
<pin id="101" dir="1" index="2" bw="1" slack="0"/>
</pin_list>
<bind>
<opcode="icmp(45) " fcode="icmp"/>
<opset="comparison_28/1 "/>
</bind>
</comp>

<comp id="104" class="1004" name="comparison_29_fu_104">
<pin_list>
<pin id="105" dir="0" index="0" bw="32" slack="0"/>
<pin id="106" dir="0" index="1" bw="32" slack="0"/>
<pin id="107" dir="1" index="2" bw="1" slack="0"/>
</pin_list>
<bind>
<opcode="icmp(45) " fcode="icmp"/>
<opset="comparison_29/1 "/>
</bind>
</comp>

<comp id="110" class="1004" name="activation_31_fu_110">
<pin_list>
<pin id="111" dir="0" index="0" bw="1" slack="0"/>
<pin id="112" dir="0" index="1" bw="1" slack="0"/>
<pin id="113" dir="1" index="2" bw="1" slack="0"/>
</pin_list>
<bind>
<opcode="xor(25) " fcode="xor"/>
<opset="activation_31/1 "/>
</bind>
</comp>

<comp id="116" class="1004" name="xor_ln195_fu_116">
<pin_list>
<pin id="117" dir="0" index="0" bw="1" slack="0"/>
<pin id="118" dir="0" index="1" bw="1" slack="0"/>
<pin id="119" dir="1" index="2" bw="1" slack="0"/>
</pin_list>
<bind>
<opcode="xor(25) " fcode="xor"/>
<opset="xor_ln195/1 "/>
</bind>
</comp>

<comp id="122" class="1004" name="activation_33_fu_122">
<pin_list>
<pin id="123" dir="0" index="0" bw="1" slack="0"/>
<pin id="124" dir="0" index="1" bw="1" slack="0"/>
<pin id="125" dir="1" index="2" bw="1" slack="0"/>
</pin_list>
<bind>
<opcode="and(23) " fcode="and"/>
<opset="activation_33/1 "/>
</bind>
</comp>

<comp id="128" class="1004" name="activation_34_fu_128">
<pin_list>
<pin id="129" dir="0" index="0" bw="1" slack="0"/>
<pin id="130" dir="0" index="1" bw="1" slack="0"/>
<pin id="131" dir="1" index="2" bw="1" slack="0"/>
</pin_list>
<bind>
<opcode="and(23) " fcode="and"/>
<opset="activation_34/1 "/>
</bind>
</comp>

<comp id="134" class="1004" name="xor_ln195_10_fu_134">
<pin_list>
<pin id="135" dir="0" index="0" bw="1" slack="0"/>
<pin id="136" dir="0" index="1" bw="1" slack="0"/>
<pin id="137" dir="1" index="2" bw="1" slack="0"/>
</pin_list>
<bind>
<opcode="xor(25) " fcode="xor"/>
<opset="xor_ln195_10/1 "/>
</bind>
</comp>

<comp id="140" class="1004" name="activation_fu_140">
<pin_list>
<pin id="141" dir="0" index="0" bw="1" slack="0"/>
<pin id="142" dir="0" index="1" bw="1" slack="0"/>
<pin id="143" dir="1" index="2" bw="1" slack="0"/>
</pin_list>
<bind>
<opcode="and(23) " fcode="and"/>
<opset="activation/1 "/>
</bind>
</comp>

<comp id="146" class="1004" name="xor_ln195_11_fu_146">
<pin_list>
<pin id="147" dir="0" index="0" bw="1" slack="0"/>
<pin id="148" dir="0" index="1" bw="1" slack="0"/>
<pin id="149" dir="1" index="2" bw="1" slack="0"/>
</pin_list>
<bind>
<opcode="xor(25) " fcode="xor"/>
<opset="xor_ln195_11/1 "/>
</bind>
</comp>

<comp id="152" class="1004" name="activation_35_fu_152">
<pin_list>
<pin id="153" dir="0" index="0" bw="1" slack="0"/>
<pin id="154" dir="0" index="1" bw="1" slack="0"/>
<pin id="155" dir="1" index="2" bw="1" slack="0"/>
</pin_list>
<bind>
<opcode="and(23) " fcode="and"/>
<opset="activation_35/1 "/>
</bind>
</comp>

<comp id="158" class="1004" name="activation_36_fu_158">
<pin_list>
<pin id="159" dir="0" index="0" bw="1" slack="0"/>
<pin id="160" dir="0" index="1" bw="1" slack="0"/>
<pin id="161" dir="1" index="2" bw="1" slack="0"/>
</pin_list>
<bind>
<opcode="and(23) " fcode="and"/>
<opset="activation_36/1 "/>
</bind>
</comp>

<comp id="164" class="1004" name="activation_37_fu_164">
<pin_list>
<pin id="165" dir="0" index="0" bw="1" slack="0"/>
<pin id="166" dir="0" index="1" bw="1" slack="0"/>
<pin id="167" dir="1" index="2" bw="1" slack="0"/>
</pin_list>
<bind>
<opcode="and(23) " fcode="and"/>
<opset="activation_37/1 "/>
</bind>
</comp>

<comp id="170" class="1004" name="or_ln208_fu_170">
<pin_list>
<pin id="171" dir="0" index="0" bw="1" slack="0"/>
<pin id="172" dir="0" index="1" bw="1" slack="0"/>
<pin id="173" dir="1" index="2" bw="1" slack="0"/>
</pin_list>
<bind>
<opcode="or(24) " fcode="or"/>
<opset="or_ln208/1 "/>
</bind>
</comp>

<comp id="176" class="1004" name="zext_ln208_fu_176">
<pin_list>
<pin id="177" dir="0" index="0" bw="1" slack="0"/>
<pin id="178" dir="1" index="1" bw="2" slack="0"/>
</pin_list>
<bind>
<opcode="zext(34) " fcode="zext"/>
<opset="zext_ln208/1 "/>
</bind>
</comp>

<comp id="180" class="1004" name="or_ln208_17_fu_180">
<pin_list>
<pin id="181" dir="0" index="0" bw="1" slack="0"/>
<pin id="182" dir="0" index="1" bw="1" slack="0"/>
<pin id="183" dir="1" index="2" bw="1" slack="0"/>
</pin_list>
<bind>
<opcode="or(24) " fcode="or"/>
<opset="or_ln208_17/1 "/>
</bind>
</comp>

<comp id="186" class="1004" name="select_ln208_fu_186">
<pin_list>
<pin id="187" dir="0" index="0" bw="1" slack="0"/>
<pin id="188" dir="0" index="1" bw="2" slack="0"/>
<pin id="189" dir="0" index="2" bw="2" slack="0"/>
<pin id="190" dir="1" index="3" bw="2" slack="0"/>
</pin_list>
<bind>
<opcode="select(49) " fcode="select"/>
<opset="select_ln208/1 "/>
</bind>
</comp>

<comp id="194" class="1004" name="or_ln208_18_fu_194">
<pin_list>
<pin id="195" dir="0" index="0" bw="1" slack="0"/>
<pin id="196" dir="0" index="1" bw="1" slack="0"/>
<pin id="197" dir="1" index="2" bw="1" slack="0"/>
</pin_list>
<bind>
<opcode="or(24) " fcode="or"/>
<opset="or_ln208_18/1 "/>
</bind>
</comp>

<comp id="200" class="1004" name="select_ln208_20_fu_200">
<pin_list>
<pin id="201" dir="0" index="0" bw="1" slack="0"/>
<pin id="202" dir="0" index="1" bw="2" slack="0"/>
<pin id="203" dir="0" index="2" bw="2" slack="0"/>
<pin id="204" dir="1" index="3" bw="2" slack="0"/>
</pin_list>
<bind>
<opcode="select(49) " fcode="select"/>
<opset="select_ln208_20/1 "/>
</bind>
</comp>

<comp id="208" class="1004" name="zext_ln208_6_fu_208">
<pin_list>
<pin id="209" dir="0" index="0" bw="2" slack="0"/>
<pin id="210" dir="1" index="1" bw="3" slack="0"/>
</pin_list>
<bind>
<opcode="zext(34) " fcode="zext"/>
<opset="zext_ln208_6/1 "/>
</bind>
</comp>

<comp id="212" class="1004" name="or_ln208_19_fu_212">
<pin_list>
<pin id="213" dir="0" index="0" bw="1" slack="0"/>
<pin id="214" dir="0" index="1" bw="1" slack="0"/>
<pin id="215" dir="1" index="2" bw="1" slack="0"/>
</pin_list>
<bind>
<opcode="or(24) " fcode="or"/>
<opset="or_ln208_19/1 "/>
</bind>
</comp>

<comp id="218" class="1004" name="select_ln208_21_fu_218">
<pin_list>
<pin id="219" dir="0" index="0" bw="1" slack="0"/>
<pin id="220" dir="0" index="1" bw="3" slack="0"/>
<pin id="221" dir="0" index="2" bw="3" slack="0"/>
<pin id="222" dir="1" index="3" bw="3" slack="0"/>
</pin_list>
<bind>
<opcode="select(49) " fcode="select"/>
<opset="select_ln208_21/1 "/>
</bind>
</comp>

<comp id="226" class="1004" name="or_ln208_20_fu_226">
<pin_list>
<pin id="227" dir="0" index="0" bw="1" slack="0"/>
<pin id="228" dir="0" index="1" bw="1" slack="0"/>
<pin id="229" dir="1" index="2" bw="1" slack="0"/>
</pin_list>
<bind>
<opcode="or(24) " fcode="or"/>
<opset="or_ln208_20/1 "/>
</bind>
</comp>

<comp id="232" class="1004" name="select_ln208_22_fu_232">
<pin_list>
<pin id="233" dir="0" index="0" bw="1" slack="0"/>
<pin id="234" dir="0" index="1" bw="3" slack="0"/>
<pin id="235" dir="0" index="2" bw="3" slack="0"/>
<pin id="236" dir="1" index="3" bw="3" slack="0"/>
</pin_list>
<bind>
<opcode="select(49) " fcode="select"/>
<opset="select_ln208_22/1 "/>
</bind>
</comp>

<comp id="240" class="1004" name="or_ln208_21_fu_240">
<pin_list>
<pin id="241" dir="0" index="0" bw="1" slack="0"/>
<pin id="242" dir="0" index="1" bw="1" slack="0"/>
<pin id="243" dir="1" index="2" bw="1" slack="0"/>
</pin_list>
<bind>
<opcode="or(24) " fcode="or"/>
<opset="or_ln208_21/1 "/>
</bind>
</comp>

<comp id="246" class="1004" name="select_ln208_23_fu_246">
<pin_list>
<pin id="247" dir="0" index="0" bw="1" slack="0"/>
<pin id="248" dir="0" index="1" bw="3" slack="0"/>
<pin id="249" dir="0" index="2" bw="3" slack="0"/>
<pin id="250" dir="1" index="3" bw="3" slack="0"/>
</pin_list>
<bind>
<opcode="select(49) " fcode="select"/>
<opset="select_ln208_23/1 "/>
</bind>
</comp>

<comp id="254" class="1004" name="tmp_fu_254">
<pin_list>
<pin id="255" dir="0" index="0" bw="32" slack="0"/>
<pin id="256" dir="0" index="1" bw="18" slack="0"/>
<pin id="257" dir="0" index="2" bw="18" slack="0"/>
<pin id="258" dir="0" index="3" bw="17" slack="0"/>
<pin id="259" dir="0" index="4" bw="16" slack="0"/>
<pin id="260" dir="0" index="5" bw="17" slack="0"/>
<pin id="261" dir="0" index="6" bw="17" slack="0"/>
<pin id="262" dir="0" index="7" bw="18" slack="0"/>
<pin id="263" dir="0" index="8" bw="3" slack="0"/>
<pin id="264" dir="1" index="9" bw="32" slack="0"/>
</pin_list>
<bind>
<opcode="mux(1196) " fcode="mux"/>
<opset="tmp/1 "/>
</bind>
</comp>

<comp id="274" class="1004" name="select_ln208_24_fu_274">
<pin_list>
<pin id="275" dir="0" index="0" bw="1" slack="0"/>
<pin id="276" dir="0" index="1" bw="32" slack="0"/>
<pin id="277" dir="0" index="2" bw="32" slack="0"/>
<pin id="278" dir="1" index="3" bw="32" slack="2147483647"/>
</pin_list>
<bind>
<opcode="select(49) " fcode="select"/>
<opset="select_ln208_24/1 "/>
</bind>
</comp>

</comp_list>

<net_list>
<net id="60"><net_src comp="14" pin="0"/><net_sink comp="56" pin=0"/></net>

<net id="61"><net_src comp="4" pin="0"/><net_sink comp="56" pin=1"/></net>

<net id="66"><net_src comp="14" pin="0"/><net_sink comp="62" pin=0"/></net>

<net id="67"><net_src comp="2" pin="0"/><net_sink comp="62" pin=1"/></net>

<net id="72"><net_src comp="14" pin="0"/><net_sink comp="68" pin=0"/></net>

<net id="73"><net_src comp="0" pin="0"/><net_sink comp="68" pin=1"/></net>

<net id="78"><net_src comp="68" pin="2"/><net_sink comp="74" pin=0"/></net>

<net id="79"><net_src comp="16" pin="0"/><net_sink comp="74" pin=1"/></net>

<net id="84"><net_src comp="68" pin="2"/><net_sink comp="80" pin=0"/></net>

<net id="85"><net_src comp="18" pin="0"/><net_sink comp="80" pin=1"/></net>

<net id="90"><net_src comp="68" pin="2"/><net_sink comp="86" pin=0"/></net>

<net id="91"><net_src comp="20" pin="0"/><net_sink comp="86" pin=1"/></net>

<net id="96"><net_src comp="68" pin="2"/><net_sink comp="92" pin=0"/></net>

<net id="97"><net_src comp="22" pin="0"/><net_sink comp="92" pin=1"/></net>

<net id="102"><net_src comp="56" pin="2"/><net_sink comp="98" pin=0"/></net>

<net id="103"><net_src comp="24" pin="0"/><net_sink comp="98" pin=1"/></net>

<net id="108"><net_src comp="62" pin="2"/><net_sink comp="104" pin=0"/></net>

<net id="109"><net_src comp="26" pin="0"/><net_sink comp="104" pin=1"/></net>

<net id="114"><net_src comp="74" pin="2"/><net_sink comp="110" pin=0"/></net>

<net id="115"><net_src comp="28" pin="0"/><net_sink comp="110" pin=1"/></net>

<net id="120"><net_src comp="80" pin="2"/><net_sink comp="116" pin=0"/></net>

<net id="121"><net_src comp="28" pin="0"/><net_sink comp="116" pin=1"/></net>

<net id="126"><net_src comp="74" pin="2"/><net_sink comp="122" pin=0"/></net>

<net id="127"><net_src comp="116" pin="2"/><net_sink comp="122" pin=1"/></net>

<net id="132"><net_src comp="86" pin="2"/><net_sink comp="128" pin=0"/></net>

<net id="133"><net_src comp="110" pin="2"/><net_sink comp="128" pin=1"/></net>

<net id="138"><net_src comp="86" pin="2"/><net_sink comp="134" pin=0"/></net>

<net id="139"><net_src comp="28" pin="0"/><net_sink comp="134" pin=1"/></net>

<net id="144"><net_src comp="110" pin="2"/><net_sink comp="140" pin=0"/></net>

<net id="145"><net_src comp="134" pin="2"/><net_sink comp="140" pin=1"/></net>

<net id="150"><net_src comp="92" pin="2"/><net_sink comp="146" pin=0"/></net>

<net id="151"><net_src comp="28" pin="0"/><net_sink comp="146" pin=1"/></net>

<net id="156"><net_src comp="80" pin="2"/><net_sink comp="152" pin=0"/></net>

<net id="157"><net_src comp="146" pin="2"/><net_sink comp="152" pin=1"/></net>

<net id="162"><net_src comp="98" pin="2"/><net_sink comp="158" pin=0"/></net>

<net id="163"><net_src comp="122" pin="2"/><net_sink comp="158" pin=1"/></net>

<net id="168"><net_src comp="104" pin="2"/><net_sink comp="164" pin=0"/></net>

<net id="169"><net_src comp="128" pin="2"/><net_sink comp="164" pin=1"/></net>

<net id="174"><net_src comp="140" pin="2"/><net_sink comp="170" pin=0"/></net>

<net id="175"><net_src comp="92" pin="2"/><net_sink comp="170" pin=1"/></net>

<net id="179"><net_src comp="86" pin="2"/><net_sink comp="176" pin=0"/></net>

<net id="184"><net_src comp="170" pin="2"/><net_sink comp="180" pin=0"/></net>

<net id="185"><net_src comp="152" pin="2"/><net_sink comp="180" pin=1"/></net>

<net id="191"><net_src comp="170" pin="2"/><net_sink comp="186" pin=0"/></net>

<net id="192"><net_src comp="176" pin="1"/><net_sink comp="186" pin=1"/></net>

<net id="193"><net_src comp="30" pin="0"/><net_sink comp="186" pin=2"/></net>

<net id="198"><net_src comp="180" pin="2"/><net_sink comp="194" pin=0"/></net>

<net id="199"><net_src comp="158" pin="2"/><net_sink comp="194" pin=1"/></net>

<net id="205"><net_src comp="180" pin="2"/><net_sink comp="200" pin=0"/></net>

<net id="206"><net_src comp="186" pin="3"/><net_sink comp="200" pin=1"/></net>

<net id="207"><net_src comp="32" pin="0"/><net_sink comp="200" pin=2"/></net>

<net id="211"><net_src comp="200" pin="3"/><net_sink comp="208" pin=0"/></net>

<net id="216"><net_src comp="180" pin="2"/><net_sink comp="212" pin=0"/></net>

<net id="217"><net_src comp="122" pin="2"/><net_sink comp="212" pin=1"/></net>

<net id="223"><net_src comp="194" pin="2"/><net_sink comp="218" pin=0"/></net>

<net id="224"><net_src comp="208" pin="1"/><net_sink comp="218" pin=1"/></net>

<net id="225"><net_src comp="34" pin="0"/><net_sink comp="218" pin=2"/></net>

<net id="230"><net_src comp="212" pin="2"/><net_sink comp="226" pin=0"/></net>

<net id="231"><net_src comp="164" pin="2"/><net_sink comp="226" pin=1"/></net>

<net id="237"><net_src comp="212" pin="2"/><net_sink comp="232" pin=0"/></net>

<net id="238"><net_src comp="218" pin="3"/><net_sink comp="232" pin=1"/></net>

<net id="239"><net_src comp="36" pin="0"/><net_sink comp="232" pin=2"/></net>

<net id="244"><net_src comp="212" pin="2"/><net_sink comp="240" pin=0"/></net>

<net id="245"><net_src comp="128" pin="2"/><net_sink comp="240" pin=1"/></net>

<net id="251"><net_src comp="226" pin="2"/><net_sink comp="246" pin=0"/></net>

<net id="252"><net_src comp="232" pin="3"/><net_sink comp="246" pin=1"/></net>

<net id="253"><net_src comp="38" pin="0"/><net_sink comp="246" pin=2"/></net>

<net id="265"><net_src comp="40" pin="0"/><net_sink comp="254" pin=0"/></net>

<net id="266"><net_src comp="42" pin="0"/><net_sink comp="254" pin=1"/></net>

<net id="267"><net_src comp="44" pin="0"/><net_sink comp="254" pin=2"/></net>

<net id="268"><net_src comp="46" pin="0"/><net_sink comp="254" pin=3"/></net>

<net id="269"><net_src comp="48" pin="0"/><net_sink comp="254" pin=4"/></net>

<net id="270"><net_src comp="50" pin="0"/><net_sink comp="254" pin=5"/></net>

<net id="271"><net_src comp="52" pin="0"/><net_sink comp="254" pin=6"/></net>

<net id="272"><net_src comp="54" pin="0"/><net_sink comp="254" pin=7"/></net>

<net id="273"><net_src comp="246" pin="3"/><net_sink comp="254" pin=8"/></net>

<net id="279"><net_src comp="240" pin="2"/><net_sink comp="274" pin=0"/></net>

<net id="280"><net_src comp="254" pin="9"/><net_sink comp="274" pin=1"/></net>

<net id="281"><net_src comp="10" pin="0"/><net_sink comp="274" pin=2"/></net>

</net_list>

</model> 
---------------- Datapath Model END ------------------

* FSMD analyzer results:
  - Output states:
 - Input state : 
	Port: decision_function.49 : p_read1 | {1 }
	Port: decision_function.49 : p_read2 | {1 }
	Port: decision_function.49 : p_read3 | {1 }
  - Chain level:
	State 1
		activation_31 : 1
		xor_ln195 : 1
		activation_33 : 1
		activation_34 : 1
		xor_ln195_10 : 1
		activation : 1
		xor_ln195_11 : 1
		activation_35 : 1
		activation_36 : 1
		activation_37 : 1
		or_ln208 : 1
		zext_ln208 : 1
		or_ln208_17 : 1
		select_ln208 : 1
		or_ln208_18 : 1
		select_ln208_20 : 2
		zext_ln208_6 : 3
		or_ln208_19 : 1
		select_ln208_21 : 4
		or_ln208_20 : 1
		select_ln208_22 : 5
		or_ln208_21 : 1
		select_ln208_23 : 6
		tmp : 7
		select_ln208_24 : 8
		ret_ln213 : 9


============================================================
+ Verbose Summary: Datapath Resource usage 
============================================================

* Functional unit list:
|----------|------------------------|---------|---------|
| Operation|     Functional Unit    |    FF   |   LUT   |
|----------|------------------------|---------|---------|
|          |    comparison_fu_74    |    0    |    20   |
|          |   comparison_30_fu_80  |    0    |    20   |
|   icmp   |   comparison_26_fu_86  |    0    |    20   |
|          |   comparison_31_fu_92  |    0    |    20   |
|          |   comparison_28_fu_98  |    0    |    20   |
|          |  comparison_29_fu_104  |    0    |    20   |
|----------|------------------------|---------|---------|
|          |   select_ln208_fu_186  |    0    |    2    |
|          | select_ln208_20_fu_200 |    0    |    2    |
|  select  | select_ln208_21_fu_218 |    0    |    3    |
|          | select_ln208_22_fu_232 |    0    |    3    |
|          | select_ln208_23_fu_246 |    0    |    3    |
|          | select_ln208_24_fu_274 |    0    |    32   |
|----------|------------------------|---------|---------|
|    mux   |       tmp_fu_254       |    0    |    37   |
|----------|------------------------|---------|---------|
|          |  activation_33_fu_122  |    0    |    2    |
|          |  activation_34_fu_128  |    0    |    2    |
|    and   |    activation_fu_140   |    0    |    2    |
|          |  activation_35_fu_152  |    0    |    2    |
|          |  activation_36_fu_158  |    0    |    2    |
|          |  activation_37_fu_164  |    0    |    2    |
|----------|------------------------|---------|---------|
|          |     or_ln208_fu_170    |    0    |    2    |
|          |   or_ln208_17_fu_180   |    0    |    2    |
|    or    |   or_ln208_18_fu_194   |    0    |    2    |
|          |   or_ln208_19_fu_212   |    0    |    2    |
|          |   or_ln208_20_fu_226   |    0    |    2    |
|          |   or_ln208_21_fu_240   |    0    |    2    |
|----------|------------------------|---------|---------|
|          |  activation_31_fu_110  |    0    |    2    |
|    xor   |    xor_ln195_fu_116    |    0    |    2    |
|          |   xor_ln195_10_fu_134  |    0    |    2    |
|          |   xor_ln195_11_fu_146  |    0    |    2    |
|----------|------------------------|---------|---------|
|          |   p_read33_read_fu_56  |    0    |    0    |
|   read   |   p_read22_read_fu_62  |    0    |    0    |
|          |   p_read11_read_fu_68  |    0    |    0    |
|----------|------------------------|---------|---------|
|   zext   |    zext_ln208_fu_176   |    0    |    0    |
|          |   zext_ln208_6_fu_208  |    0    |    0    |
|----------|------------------------|---------|---------|
|   Total  |                        |    0    |   234   |
|----------|------------------------|---------|---------|

Memories:
N/A

* Register list:
N/A

* Multiplexer (MUX) list: 
|--------|------|------|------|--------|
|  Comp  |  Pin | Size |  BW  | S x BW |
|--------|------|------|------|--------|
|  Total |      |      |      |    0   |
|--------|------|------|------|--------|



* Summary:
+-----------+--------+--------+
|           |   FF   |   LUT  |
+-----------+--------+--------+
|  Function |    0   |   234  |
|   Memory  |    -   |    -   |
|Multiplexer|    -   |    -   |
|  Register |    -   |    -   |
+-----------+--------+--------+
|   Total   |    0   |   234  |
+-----------+--------+--------+
