

================================================================
== Vitis HLS Report for 'decision_function_9'
================================================================
* Date:           Sun Jun 26 16:46:53 2022

* Version:        2021.2 (Build 3367213 on Tue Oct 19 02:47:39 MDT 2021)
* Project:        myproject_prj
* Solution:       solution1 (Vivado IP Flow Target)
* Product family: zynquplus
* Target device:  xczu3eg-sbva484-1-e


================================================================
== Performance Estimates
================================================================
+ Timing: 
    * Summary: 
    +--------+---------+----------+------------+
    |  Clock |  Target | Estimated| Uncertainty|
    +--------+---------+----------+------------+
    |ap_clk  |  7.00 ns|  3.272 ns|     1.89 ns|
    +--------+---------+----------+------------+

+ Latency: 
    * Summary: 
    +---------+---------+----------+----------+-----+-----+---------+
    |  Latency (cycles) |  Latency (absolute) |  Interval | Pipeline|
    |   min   |   max   |    min   |    max   | min | max |   Type  |
    +---------+---------+----------+----------+-----+-----+---------+
    |        0|        0|      0 ns|      0 ns|    1|    1|      yes|
    +---------+---------+----------+----------+-----+-----+---------+

    + Detail: 
        * Instance: 
        N/A

        * Loop: 
        N/A

============================================================
+ Verbose Summary: Synthesis Manager
============================================================
InlineROM: 1
ExposeGlobal: 0
============================================================
+ Verbose Summary: CDFG Model
============================================================
IsTopModel: 0
ResetActiveHigh: 1
IsCombinational: 0
IsDatapathOnly: 0
HasWiredReturn: 1
HasMFsm: 2
HasVarLatency: 0
IsPipeline: 1
IsRtlPipelined: 0
IsInstanceOverlapped: 0
IsDontTouch: 0
HasImplIP: 0
IsGatedGlobalClock: 0

+ Individual pipeline summary: 
  * Pipeline-0: initiation interval (II) = 1, depth = 1


============================================================
+ Verbose Summary: Schedule
============================================================
* Number of FSM states : 1
* Pipeline : 1
  Pipeline-0 : II = 1, D = 1, States = { 1 }
* Dataflow Pipeline: 0

* FSM state transitions: 
1 --> 

* FSM state operations: 

State 1 <SV = 0> <Delay = 3.27>
ST_1 : Operation 2 [1/1] (0.00ns)   --->   "%specpipeline_ln0 = specpipeline void @_ssdm_op_SpecPipeline, i32 1, i32 0, i32 0, i32 0, void @empty_1" [firmware/BDT.h:0]   --->   Operation 2 'specpipeline' 'specpipeline_ln0' <Predicate = true> <Delay = 0.00>
ST_1 : Operation 3 [1/1] (0.00ns)   --->   "%p_read55 = read i32 @_ssdm_op_Read.ap_auto.i32, i32 %p_read5"   --->   Operation 3 'read' 'p_read55' <Predicate = true> <Delay = 0.00>
ST_1 : Operation 4 [1/1] (0.00ns)   --->   "%p_read44 = read i32 @_ssdm_op_Read.ap_auto.i32, i32 %p_read4"   --->   Operation 4 'read' 'p_read44' <Predicate = true> <Delay = 0.00>
ST_1 : Operation 5 [1/1] (0.00ns)   --->   "%p_read33 = read i32 @_ssdm_op_Read.ap_auto.i32, i32 %p_read3"   --->   Operation 5 'read' 'p_read33' <Predicate = true> <Delay = 0.00>
ST_1 : Operation 6 [1/1] (0.00ns)   --->   "%p_read22 = read i32 @_ssdm_op_Read.ap_auto.i32, i32 %p_read2"   --->   Operation 6 'read' 'p_read22' <Predicate = true> <Delay = 0.00>
ST_1 : Operation 7 [1/1] (0.00ns)   --->   "%p_read11 = read i32 @_ssdm_op_Read.ap_auto.i32, i32 %p_read1"   --->   Operation 7 'read' 'p_read11' <Predicate = true> <Delay = 0.00>
ST_1 : Operation 8 [1/1] (1.11ns)   --->   "%comparison = icmp_slt  i32 %p_read55, i32 4294924357"   --->   Operation 8 'icmp' 'comparison' <Predicate = true> <Delay = 1.11> <CoreInst = "Cmp">   --->   Core 9 'Cmp' <Latency = 0> <II = 1> <Delay = 1.11> <FuncUnit> <Opcode : 'icmp'> <InPorts = 2> <OutPorts = 1>
ST_1 : Operation 9 [1/1] (1.11ns)   --->   "%comparison_1 = icmp_slt  i32 %p_read11, i32 4294954675"   --->   Operation 9 'icmp' 'comparison_1' <Predicate = (comparison & or_ln208_1 & or_ln208_2 & or_ln208_3)> <Delay = 1.11> <CoreInst = "Cmp">   --->   Core 9 'Cmp' <Latency = 0> <II = 1> <Delay = 1.11> <FuncUnit> <Opcode : 'icmp'> <InPorts = 2> <OutPorts = 1>
ST_1 : Operation 10 [1/1] (1.11ns)   --->   "%comparison_2 = icmp_slt  i32 %p_read44, i32 4294871776"   --->   Operation 10 'icmp' 'comparison_2' <Predicate = true> <Delay = 1.11> <CoreInst = "Cmp">   --->   Core 9 'Cmp' <Latency = 0> <II = 1> <Delay = 1.11> <FuncUnit> <Opcode : 'icmp'> <InPorts = 2> <OutPorts = 1>
ST_1 : Operation 11 [1/1] (1.11ns)   --->   "%comparison_3 = icmp_slt  i32 %p_read33, i32 4294962868"   --->   Operation 11 'icmp' 'comparison_3' <Predicate = (activation_3 & or_ln208 & comparison & or_ln208_1 & or_ln208_2 & or_ln208_3)> <Delay = 1.11> <CoreInst = "Cmp">   --->   Core 9 'Cmp' <Latency = 0> <II = 1> <Delay = 1.11> <FuncUnit> <Opcode : 'icmp'> <InPorts = 2> <OutPorts = 1>
ST_1 : Operation 12 [1/1] (1.11ns)   --->   "%comparison_4 = icmp_slt  i32 %p_read55, i32 4294860796"   --->   Operation 12 'icmp' 'comparison_4' <Predicate = (comparison & or_ln208_1 & or_ln208_2 & or_ln208_3)> <Delay = 1.11> <CoreInst = "Cmp">   --->   Core 9 'Cmp' <Latency = 0> <II = 1> <Delay = 1.11> <FuncUnit> <Opcode : 'icmp'> <InPorts = 2> <OutPorts = 1>
ST_1 : Operation 13 [1/1] (1.11ns)   --->   "%comparison_5 = icmp_slt  i32 %p_read22, i32 4294931900"   --->   Operation 13 'icmp' 'comparison_5' <Predicate = (or_ln208_2 & or_ln208_3)> <Delay = 1.11> <CoreInst = "Cmp">   --->   Core 9 'Cmp' <Latency = 0> <II = 1> <Delay = 1.11> <FuncUnit> <Opcode : 'icmp'> <InPorts = 2> <OutPorts = 1>
ST_1 : Operation 14 [1/1] (1.11ns)   --->   "%comparison_6 = icmp_slt  i32 %p_read22, i32 4294854953"   --->   Operation 14 'icmp' 'comparison_6' <Predicate = true> <Delay = 1.11> <CoreInst = "Cmp">   --->   Core 9 'Cmp' <Latency = 0> <II = 1> <Delay = 1.11> <FuncUnit> <Opcode : 'icmp'> <InPorts = 2> <OutPorts = 1>
ST_1 : Operation 15 [1/1] (0.33ns)   --->   "%activation_2 = xor i1 %comparison, i1 1" [firmware/BDT.h:195]   --->   Operation 15 'xor' 'activation_2' <Predicate = true> <Delay = 0.33> <CoreInst = "LogicGate">   --->   Core 74 'LogicGate' <Latency = 0> <II = 1> <Delay = 0.33> <FuncUnit> <Opcode : 'and' 'or' 'xor'> <InPorts = 2> <OutPorts = 1>
ST_1 : Operation 16 [1/1] (0.33ns)   --->   "%activation_3 = and i1 %comparison_1, i1 %comparison" [firmware/BDT.h:193]   --->   Operation 16 'and' 'activation_3' <Predicate = (comparison & or_ln208_1 & or_ln208_2 & or_ln208_3)> <Delay = 0.33> <CoreInst = "LogicGate">   --->   Core 74 'LogicGate' <Latency = 0> <II = 1> <Delay = 0.33> <FuncUnit> <Opcode : 'and' 'or' 'xor'> <InPorts = 2> <OutPorts = 1>
ST_1 : Operation 17 [1/1] (0.00ns) (grouped into LUT with out node or_ln208)   --->   "%xor_ln195 = xor i1 %comparison_1, i1 1" [firmware/BDT.h:195]   --->   Operation 17 'xor' 'xor_ln195' <Predicate = (comparison & or_ln208_1 & or_ln208_2 & or_ln208_3)> <Delay = 0.00> <CoreInst = "LogicGate">   --->   Core 74 'LogicGate' <Latency = 0> <II = 1> <Delay = 0.33> <FuncUnit> <Opcode : 'and' 'or' 'xor'> <InPorts = 2> <OutPorts = 1>
ST_1 : Operation 18 [1/1] (0.33ns)   --->   "%activation_4 = and i1 %comparison_2, i1 %activation_2" [firmware/BDT.h:193]   --->   Operation 18 'and' 'activation_4' <Predicate = true> <Delay = 0.33> <CoreInst = "LogicGate">   --->   Core 74 'LogicGate' <Latency = 0> <II = 1> <Delay = 0.33> <FuncUnit> <Opcode : 'and' 'or' 'xor'> <InPorts = 2> <OutPorts = 1>
ST_1 : Operation 19 [1/1] (0.00ns) (grouped into LUT with out node agg_result)   --->   "%xor_ln195_2 = xor i1 %comparison_2, i1 1" [firmware/BDT.h:195]   --->   Operation 19 'xor' 'xor_ln195_2' <Predicate = true> <Delay = 0.00> <CoreInst = "LogicGate">   --->   Core 74 'LogicGate' <Latency = 0> <II = 1> <Delay = 0.33> <FuncUnit> <Opcode : 'and' 'or' 'xor'> <InPorts = 2> <OutPorts = 1>
ST_1 : Operation 20 [1/1] (0.00ns) (grouped into LUT with out node select_ln208_2)   --->   "%activation = and i1 %comparison_3, i1 %activation_3" [firmware/BDT.h:193]   --->   Operation 20 'and' 'activation' <Predicate = (activation_3 & or_ln208 & comparison & or_ln208_1 & or_ln208_2 & or_ln208_3)> <Delay = 0.00> <CoreInst = "LogicGate">   --->   Core 74 'LogicGate' <Latency = 0> <II = 1> <Delay = 0.33> <FuncUnit> <Opcode : 'and' 'or' 'xor'> <InPorts = 2> <OutPorts = 1>
ST_1 : Operation 21 [1/1] (0.00ns) (grouped into LUT with out node or_ln208)   --->   "%and_ln193 = and i1 %comparison_4, i1 %xor_ln195" [firmware/BDT.h:193]   --->   Operation 21 'and' 'and_ln193' <Predicate = (comparison & or_ln208_1 & or_ln208_2 & or_ln208_3)> <Delay = 0.00> <CoreInst = "LogicGate">   --->   Core 74 'LogicGate' <Latency = 0> <II = 1> <Delay = 0.33> <FuncUnit> <Opcode : 'and' 'or' 'xor'> <InPorts = 2> <OutPorts = 1>
ST_1 : Operation 22 [1/1] (0.00ns) (grouped into LUT with out node or_ln208)   --->   "%activation_5 = and i1 %and_ln193, i1 %comparison" [firmware/BDT.h:193]   --->   Operation 22 'and' 'activation_5' <Predicate = (comparison & or_ln208_1 & or_ln208_2 & or_ln208_3)> <Delay = 0.00> <CoreInst = "LogicGate">   --->   Core 74 'LogicGate' <Latency = 0> <II = 1> <Delay = 0.33> <FuncUnit> <Opcode : 'and' 'or' 'xor'> <InPorts = 2> <OutPorts = 1>
ST_1 : Operation 23 [1/1] (0.00ns) (grouped into LUT with out node select_ln208_4)   --->   "%activation_6 = and i1 %comparison_5, i1 %activation_4" [firmware/BDT.h:193]   --->   Operation 23 'and' 'activation_6' <Predicate = (or_ln208_2 & or_ln208_3)> <Delay = 0.00> <CoreInst = "LogicGate">   --->   Core 74 'LogicGate' <Latency = 0> <II = 1> <Delay = 0.33> <FuncUnit> <Opcode : 'and' 'or' 'xor'> <InPorts = 2> <OutPorts = 1>
ST_1 : Operation 24 [1/1] (0.00ns) (grouped into LUT with out node agg_result)   --->   "%and_ln193_6 = and i1 %comparison_6, i1 %activation_2" [firmware/BDT.h:193]   --->   Operation 24 'and' 'and_ln193_6' <Predicate = true> <Delay = 0.00> <CoreInst = "LogicGate">   --->   Core 74 'LogicGate' <Latency = 0> <II = 1> <Delay = 0.33> <FuncUnit> <Opcode : 'and' 'or' 'xor'> <InPorts = 2> <OutPorts = 1>
ST_1 : Operation 25 [1/1] (0.00ns) (grouped into LUT with out node agg_result)   --->   "%activation_7 = and i1 %and_ln193_6, i1 %xor_ln195_2" [firmware/BDT.h:193]   --->   Operation 25 'and' 'activation_7' <Predicate = true> <Delay = 0.00> <CoreInst = "LogicGate">   --->   Core 74 'LogicGate' <Latency = 0> <II = 1> <Delay = 0.33> <FuncUnit> <Opcode : 'and' 'or' 'xor'> <InPorts = 2> <OutPorts = 1>
ST_1 : Operation 26 [1/1] (0.00ns) (grouped into LUT with out node select_ln208_2)   --->   "%xor_ln208 = xor i1 %activation, i1 1" [firmware/BDT.h:208]   --->   Operation 26 'xor' 'xor_ln208' <Predicate = (activation_3 & or_ln208 & comparison & or_ln208_1 & or_ln208_2 & or_ln208_3)> <Delay = 0.00> <CoreInst = "LogicGate">   --->   Core 74 'LogicGate' <Latency = 0> <II = 1> <Delay = 0.33> <FuncUnit> <Opcode : 'and' 'or' 'xor'> <InPorts = 2> <OutPorts = 1>
ST_1 : Operation 27 [1/1] (0.00ns) (grouped into LUT with out node select_ln208_2)   --->   "%zext_ln208 = zext i1 %xor_ln208" [firmware/BDT.h:208]   --->   Operation 27 'zext' 'zext_ln208' <Predicate = (activation_3 & or_ln208 & comparison & or_ln208_1 & or_ln208_2 & or_ln208_3)> <Delay = 0.00>
ST_1 : Operation 28 [1/1] (0.33ns) (out node of the LUT)   --->   "%or_ln208 = or i1 %activation_3, i1 %activation_5" [firmware/BDT.h:208]   --->   Operation 28 'or' 'or_ln208' <Predicate = (comparison & or_ln208_1 & or_ln208_2 & or_ln208_3)> <Delay = 0.33> <CoreInst = "LogicGate">   --->   Core 74 'LogicGate' <Latency = 0> <II = 1> <Delay = 0.33> <FuncUnit> <Opcode : 'and' 'or' 'xor'> <InPorts = 2> <OutPorts = 1>
ST_1 : Operation 29 [1/1] (0.00ns) (grouped into LUT with out node select_ln208_2)   --->   "%select_ln208 = select i1 %activation_3, i2 %zext_ln208, i2 2" [firmware/BDT.h:208]   --->   Operation 29 'select' 'select_ln208' <Predicate = (or_ln208 & comparison & or_ln208_1 & or_ln208_2 & or_ln208_3)> <Delay = 0.00> <CoreInst = "Sel">   --->   Core 73 'Sel' <Latency = 0> <II = 1> <Delay = 0.27> <FuncUnit> <Opcode : 'select'> <InPorts = 3> <OutPorts = 1>
ST_1 : Operation 30 [1/1] (0.00ns) (grouped into LUT with out node select_ln208_2)   --->   "%select_ln208_1 = select i1 %or_ln208, i2 %select_ln208, i2 3" [firmware/BDT.h:208]   --->   Operation 30 'select' 'select_ln208_1' <Predicate = (comparison & or_ln208_1 & or_ln208_2 & or_ln208_3)> <Delay = 0.00> <CoreInst = "Sel">   --->   Core 73 'Sel' <Latency = 0> <II = 1> <Delay = 0.27> <FuncUnit> <Opcode : 'select'> <InPorts = 3> <OutPorts = 1>
ST_1 : Operation 31 [1/1] (0.00ns) (grouped into LUT with out node select_ln208_2)   --->   "%zext_ln208_1 = zext i2 %select_ln208_1" [firmware/BDT.h:208]   --->   Operation 31 'zext' 'zext_ln208_1' <Predicate = (comparison & or_ln208_1 & or_ln208_2 & or_ln208_3)> <Delay = 0.00>
ST_1 : Operation 32 [1/1] (0.00ns) (grouped into LUT with out node select_ln208_4)   --->   "%or_ln208_1 = or i1 %comparison, i1 %activation_6" [firmware/BDT.h:208]   --->   Operation 32 'or' 'or_ln208_1' <Predicate = (or_ln208_2 & or_ln208_3)> <Delay = 0.00> <CoreInst = "LogicGate">   --->   Core 74 'LogicGate' <Latency = 0> <II = 1> <Delay = 0.33> <FuncUnit> <Opcode : 'and' 'or' 'xor'> <InPorts = 2> <OutPorts = 1>
ST_1 : Operation 33 [1/1] (0.33ns) (out node of the LUT)   --->   "%select_ln208_2 = select i1 %comparison, i3 %zext_ln208_1, i3 4" [firmware/BDT.h:208]   --->   Operation 33 'select' 'select_ln208_2' <Predicate = (or_ln208_1 & or_ln208_2 & or_ln208_3)> <Delay = 0.33> <CoreInst = "Sel">   --->   Core 73 'Sel' <Latency = 0> <II = 1> <Delay = 0.27> <FuncUnit> <Opcode : 'select'> <InPorts = 3> <OutPorts = 1>
ST_1 : Operation 34 [1/1] (0.33ns)   --->   "%or_ln208_2 = or i1 %comparison, i1 %activation_4" [firmware/BDT.h:208]   --->   Operation 34 'or' 'or_ln208_2' <Predicate = true> <Delay = 0.33> <CoreInst = "LogicGate">   --->   Core 74 'LogicGate' <Latency = 0> <II = 1> <Delay = 0.33> <FuncUnit> <Opcode : 'and' 'or' 'xor'> <InPorts = 2> <OutPorts = 1>
ST_1 : Operation 35 [1/1] (0.00ns) (grouped into LUT with out node select_ln208_4)   --->   "%select_ln208_3 = select i1 %or_ln208_1, i3 %select_ln208_2, i3 5" [firmware/BDT.h:208]   --->   Operation 35 'select' 'select_ln208_3' <Predicate = (or_ln208_2 & or_ln208_3)> <Delay = 0.00> <CoreInst = "Sel">   --->   Core 73 'Sel' <Latency = 0> <II = 1> <Delay = 0.27> <FuncUnit> <Opcode : 'select'> <InPorts = 3> <OutPorts = 1>
ST_1 : Operation 36 [1/1] (0.00ns) (grouped into LUT with out node agg_result)   --->   "%or_ln208_3 = or i1 %or_ln208_2, i1 %activation_7" [firmware/BDT.h:208]   --->   Operation 36 'or' 'or_ln208_3' <Predicate = true> <Delay = 0.00> <CoreInst = "LogicGate">   --->   Core 74 'LogicGate' <Latency = 0> <II = 1> <Delay = 0.33> <FuncUnit> <Opcode : 'and' 'or' 'xor'> <InPorts = 2> <OutPorts = 1>
ST_1 : Operation 37 [1/1] (0.33ns) (out node of the LUT)   --->   "%select_ln208_4 = select i1 %or_ln208_2, i3 %select_ln208_3, i3 6" [firmware/BDT.h:208]   --->   Operation 37 'select' 'select_ln208_4' <Predicate = (or_ln208_3)> <Delay = 0.33> <CoreInst = "Sel">   --->   Core 73 'Sel' <Latency = 0> <II = 1> <Delay = 0.27> <FuncUnit> <Opcode : 'select'> <InPorts = 3> <OutPorts = 1>
ST_1 : Operation 38 [1/1] (0.00ns) (grouped into LUT with out node agg_result)   --->   "%select_ln208_5 = select i1 %or_ln208_3, i3 %select_ln208_4, i3 7" [firmware/BDT.h:208]   --->   Operation 38 'select' 'select_ln208_5' <Predicate = true> <Delay = 0.00> <CoreInst = "Sel">   --->   Core 73 'Sel' <Latency = 0> <II = 1> <Delay = 0.27> <FuncUnit> <Opcode : 'select'> <InPorts = 3> <OutPorts = 1>
ST_1 : Operation 39 [1/1] (0.83ns) (out node of the LUT)   --->   "%agg_result = mux i32 @_ssdm_op_Mux.ap_auto.8i32.i3, i32 11562, i32 47096, i32 32069, i32 4294960293, i32 41161, i32 8068, i32 30592, i32 4294959370, i3 %select_ln208_5" [firmware/BDT.h:209]   --->   Operation 39 'mux' 'agg_result' <Predicate = true> <Delay = 0.83> <CoreInst = "Multiplexer">   --->   Core 76 'Multiplexer' <Latency = 0> <II = 1> <Delay = 0.83> <FuncUnit> <Opcode : 'mux'> <InPorts = 2> <OutPorts = 1>
ST_1 : Operation 40 [1/1] (0.00ns)   --->   "%ret_ln213 = ret i32 %agg_result" [firmware/BDT.h:213]   --->   Operation 40 'ret' 'ret_ln213' <Predicate = true> <Delay = 0.00>


============================================================
+ Verbose Summary: Timing violations
============================================================
Target clock period: 7ns, clock uncertainty: 1.89ns.

 <State 1>: 3.27ns
The critical path consists of the following:
	wire read operation ('p_read55') on port 'p_read5' [7]  (0 ns)
	'icmp' operation ('comparison') [12]  (1.11 ns)
	'xor' operation ('activation', firmware/BDT.h:195) [19]  (0.331 ns)
	'and' operation ('activation', firmware/BDT.h:193) [22]  (0.331 ns)
	'or' operation ('or_ln208_2', firmware/BDT.h:208) [38]  (0.331 ns)
	'select' operation ('select_ln208_4', firmware/BDT.h:208) [41]  (0.331 ns)
	'select' operation ('select_ln208_5', firmware/BDT.h:208) [42]  (0 ns)
	'mux' operation ('agg_result', firmware/BDT.h:209) [43]  (0.837 ns)


============================================================
+ Verbose Summary: Binding
============================================================
N/A
* FSMD analyzer results:
  - Output states:
 - Input state : 
  - Chain level:
	State 1


============================================================
+ Verbose Summary: Datapath Resource usage 
============================================================
N/A
