

================================================================
== Vitis HLS Report for 'decision_function_44'
================================================================
* Date:           Sun Jun 26 16:46:46 2022

* Version:        2021.2 (Build 3367213 on Tue Oct 19 02:47:39 MDT 2021)
* Project:        myproject_prj
* Solution:       solution1 (Vivado IP Flow Target)
* Product family: zynquplus
* Target device:  xczu3eg-sbva484-1-e


================================================================
== Performance Estimates
================================================================
+ Timing: 
    * Summary: 
    +--------+---------+----------+------------+
    |  Clock |  Target | Estimated| Uncertainty|
    +--------+---------+----------+------------+
    |ap_clk  |  7.00 ns|  3.797 ns|     1.89 ns|
    +--------+---------+----------+------------+

+ Latency: 
    * Summary: 
    +---------+---------+----------+----------+-----+-----+---------+
    |  Latency (cycles) |  Latency (absolute) |  Interval | Pipeline|
    |   min   |   max   |    min   |    max   | min | max |   Type  |
    +---------+---------+----------+----------+-----+-----+---------+
    |        0|        0|      0 ns|      0 ns|    1|    1|      yes|
    +---------+---------+----------+----------+-----+-----+---------+

    + Detail: 
        * Instance: 
        N/A

        * Loop: 
        N/A

============================================================
+ Verbose Summary: Synthesis Manager
============================================================
InlineROM: 1
ExposeGlobal: 0
============================================================
+ Verbose Summary: CDFG Model
============================================================
IsTopModel: 0
ResetActiveHigh: 1
IsCombinational: 0
IsDatapathOnly: 0
HasWiredReturn: 1
HasMFsm: 2
HasVarLatency: 0
IsPipeline: 1
IsRtlPipelined: 0
IsInstanceOverlapped: 0
IsDontTouch: 0
HasImplIP: 0
IsGatedGlobalClock: 0

+ Individual pipeline summary: 
  * Pipeline-0: initiation interval (II) = 1, depth = 1


============================================================
+ Verbose Summary: Schedule
============================================================
* Number of FSM states : 1
* Pipeline : 1
  Pipeline-0 : II = 1, D = 1, States = { 1 }
* Dataflow Pipeline: 0

* FSM state transitions: 
1 --> 

* FSM state operations: 

State 1 <SV = 0> <Delay = 3.79>
ST_1 : Operation 2 [1/1] (0.00ns)   --->   "%specpipeline_ln0 = specpipeline void @_ssdm_op_SpecPipeline, i32 1, i32 0, i32 0, i32 0, void @empty_1" [firmware/BDT.h:0]   --->   Operation 2 'specpipeline' 'specpipeline_ln0' <Predicate = true> <Delay = 0.00>
ST_1 : Operation 3 [1/1] (0.00ns)   --->   "%p_read44 = read i32 @_ssdm_op_Read.ap_auto.i32, i32 %p_read4"   --->   Operation 3 'read' 'p_read44' <Predicate = true> <Delay = 0.00>
ST_1 : Operation 4 [1/1] (0.00ns)   --->   "%p_read33 = read i32 @_ssdm_op_Read.ap_auto.i32, i32 %p_read3"   --->   Operation 4 'read' 'p_read33' <Predicate = true> <Delay = 0.00>
ST_1 : Operation 5 [1/1] (0.00ns)   --->   "%p_read22 = read i32 @_ssdm_op_Read.ap_auto.i32, i32 %p_read2"   --->   Operation 5 'read' 'p_read22' <Predicate = true> <Delay = 0.00>
ST_1 : Operation 6 [1/1] (0.00ns)   --->   "%p_read11 = read i32 @_ssdm_op_Read.ap_auto.i32, i32 %p_read1"   --->   Operation 6 'read' 'p_read11' <Predicate = true> <Delay = 0.00>
ST_1 : Operation 7 [1/1] (1.11ns)   --->   "%comparison = icmp_slt  i32 %p_read22, i32 64469"   --->   Operation 7 'icmp' 'comparison' <Predicate = true> <Delay = 1.11> <CoreInst = "Cmp">   --->   Core 9 'Cmp' <Latency = 0> <II = 1> <Delay = 1.11> <FuncUnit> <Opcode : 'icmp'> <InPorts = 2> <OutPorts = 1>
ST_1 : Operation 8 [1/1] (1.11ns)   --->   "%comparison_60 = icmp_slt  i32 %p_read22, i32 4294859908"   --->   Operation 8 'icmp' 'comparison_60' <Predicate = true> <Delay = 1.11> <CoreInst = "Cmp">   --->   Core 9 'Cmp' <Latency = 0> <II = 1> <Delay = 1.11> <FuncUnit> <Opcode : 'icmp'> <InPorts = 2> <OutPorts = 1>
ST_1 : Operation 9 [1/1] (1.11ns)   --->   "%comparison_56 = icmp_slt  i32 %p_read11, i32 4294955097"   --->   Operation 9 'icmp' 'comparison_56' <Predicate = (or_ln208_41)> <Delay = 1.11> <CoreInst = "Cmp">   --->   Core 9 'Cmp' <Latency = 0> <II = 1> <Delay = 1.11> <FuncUnit> <Opcode : 'icmp'> <InPorts = 2> <OutPorts = 1>
ST_1 : Operation 10 [1/1] (1.11ns)   --->   "%comparison_57 = icmp_slt  i32 %p_read44, i32 117079"   --->   Operation 10 'icmp' 'comparison_57' <Predicate = (or_ln208_37 & or_ln208_38 & or_ln208_39 & or_ln208_40 & or_ln208_41)> <Delay = 1.11> <CoreInst = "Cmp">   --->   Core 9 'Cmp' <Latency = 0> <II = 1> <Delay = 1.11> <FuncUnit> <Opcode : 'icmp'> <InPorts = 2> <OutPorts = 1>
ST_1 : Operation 11 [1/1] (1.11ns)   --->   "%comparison_58 = icmp_slt  i32 %p_read44, i32 4294950414"   --->   Operation 11 'icmp' 'comparison_58' <Predicate = (or_ln208_39 & or_ln208_40 & or_ln208_41)> <Delay = 1.11> <CoreInst = "Cmp">   --->   Core 9 'Cmp' <Latency = 0> <II = 1> <Delay = 1.11> <FuncUnit> <Opcode : 'icmp'> <InPorts = 2> <OutPorts = 1>
ST_1 : Operation 12 [1/1] (1.11ns)   --->   "%comparison_59 = icmp_slt  i32 %p_read33, i32 4294930482"   --->   Operation 12 'icmp' 'comparison_59' <Predicate = (or_ln208_41)> <Delay = 1.11> <CoreInst = "Cmp">   --->   Core 9 'Cmp' <Latency = 0> <II = 1> <Delay = 1.11> <FuncUnit> <Opcode : 'icmp'> <InPorts = 2> <OutPorts = 1>
ST_1 : Operation 13 [1/1] (0.33ns)   --->   "%activation_70 = xor i1 %comparison, i1 1" [firmware/BDT.h:195]   --->   Operation 13 'xor' 'activation_70' <Predicate = true> <Delay = 0.33> <CoreInst = "LogicGate">   --->   Core 74 'LogicGate' <Latency = 0> <II = 1> <Delay = 0.33> <FuncUnit> <Opcode : 'and' 'or' 'xor'> <InPorts = 2> <OutPorts = 1>
ST_1 : Operation 14 [1/1] (0.00ns) (grouped into LUT with out node activation_72)   --->   "%xor_ln195 = xor i1 %comparison_60, i1 1" [firmware/BDT.h:195]   --->   Operation 14 'xor' 'xor_ln195' <Predicate = true> <Delay = 0.00> <CoreInst = "LogicGate">   --->   Core 74 'LogicGate' <Latency = 0> <II = 1> <Delay = 0.33> <FuncUnit> <Opcode : 'and' 'or' 'xor'> <InPorts = 2> <OutPorts = 1>
ST_1 : Operation 15 [1/1] (0.33ns) (out node of the LUT)   --->   "%activation_72 = and i1 %comparison, i1 %xor_ln195" [firmware/BDT.h:195]   --->   Operation 15 'and' 'activation_72' <Predicate = true> <Delay = 0.33> <CoreInst = "LogicGate">   --->   Core 74 'LogicGate' <Latency = 0> <II = 1> <Delay = 0.33> <FuncUnit> <Opcode : 'and' 'or' 'xor'> <InPorts = 2> <OutPorts = 1>
ST_1 : Operation 16 [1/1] (0.33ns)   --->   "%activation_73 = and i1 %comparison_56, i1 %activation_70" [firmware/BDT.h:193]   --->   Operation 16 'and' 'activation_73' <Predicate = (or_ln208_41)> <Delay = 0.33> <CoreInst = "LogicGate">   --->   Core 74 'LogicGate' <Latency = 0> <II = 1> <Delay = 0.33> <FuncUnit> <Opcode : 'and' 'or' 'xor'> <InPorts = 2> <OutPorts = 1>
ST_1 : Operation 17 [1/1] (0.00ns) (grouped into LUT with out node tmp)   --->   "%xor_ln195_21 = xor i1 %comparison_56, i1 1" [firmware/BDT.h:195]   --->   Operation 17 'xor' 'xor_ln195_21' <Predicate = (or_ln208_41)> <Delay = 0.00> <CoreInst = "LogicGate">   --->   Core 74 'LogicGate' <Latency = 0> <II = 1> <Delay = 0.33> <FuncUnit> <Opcode : 'and' 'or' 'xor'> <InPorts = 2> <OutPorts = 1>
ST_1 : Operation 18 [1/1] (0.00ns) (grouped into LUT with out node select_ln208_45)   --->   "%activation = and i1 %comparison_57, i1 %activation_72" [firmware/BDT.h:193]   --->   Operation 18 'and' 'activation' <Predicate = (or_ln208_37 & or_ln208_38 & or_ln208_39 & or_ln208_40 & or_ln208_41)> <Delay = 0.00> <CoreInst = "LogicGate">   --->   Core 74 'LogicGate' <Latency = 0> <II = 1> <Delay = 0.33> <FuncUnit> <Opcode : 'and' 'or' 'xor'> <InPorts = 2> <OutPorts = 1>
ST_1 : Operation 19 [1/1] (0.00ns) (grouped into LUT with out node select_ln208_47)   --->   "%activation_74 = and i1 %comparison_58, i1 %activation_73" [firmware/BDT.h:193]   --->   Operation 19 'and' 'activation_74' <Predicate = (or_ln208_39 & or_ln208_40 & or_ln208_41)> <Delay = 0.00> <CoreInst = "LogicGate">   --->   Core 74 'LogicGate' <Latency = 0> <II = 1> <Delay = 0.33> <FuncUnit> <Opcode : 'and' 'or' 'xor'> <InPorts = 2> <OutPorts = 1>
ST_1 : Operation 20 [1/1] (0.00ns) (grouped into LUT with out node tmp)   --->   "%and_ln193 = and i1 %comparison_59, i1 %activation_70" [firmware/BDT.h:193]   --->   Operation 20 'and' 'and_ln193' <Predicate = (or_ln208_41)> <Delay = 0.00> <CoreInst = "LogicGate">   --->   Core 74 'LogicGate' <Latency = 0> <II = 1> <Delay = 0.33> <FuncUnit> <Opcode : 'and' 'or' 'xor'> <InPorts = 2> <OutPorts = 1>
ST_1 : Operation 21 [1/1] (0.00ns) (grouped into LUT with out node tmp)   --->   "%activation_75 = and i1 %and_ln193, i1 %xor_ln195_21" [firmware/BDT.h:193]   --->   Operation 21 'and' 'activation_75' <Predicate = (or_ln208_41)> <Delay = 0.00> <CoreInst = "LogicGate">   --->   Core 74 'LogicGate' <Latency = 0> <II = 1> <Delay = 0.33> <FuncUnit> <Opcode : 'and' 'or' 'xor'> <InPorts = 2> <OutPorts = 1>
ST_1 : Operation 22 [1/1] (1.11ns)   --->   "%icmp_ln208 = icmp_sgt  i32 %p_read22, i32 4294833680" [firmware/BDT.h:208]   --->   Operation 22 'icmp' 'icmp_ln208' <Predicate = (comparison_60 & or_ln208 & or_ln208_37 & or_ln208_38 & or_ln208_39 & or_ln208_40 & or_ln208_41)> <Delay = 1.11> <CoreInst = "Cmp">   --->   Core 9 'Cmp' <Latency = 0> <II = 1> <Delay = 1.11> <FuncUnit> <Opcode : 'icmp'> <InPorts = 2> <OutPorts = 1>
ST_1 : Operation 23 [1/1] (0.00ns) (grouped into LUT with out node select_ln208_45)   --->   "%zext_ln208 = zext i1 %icmp_ln208" [firmware/BDT.h:208]   --->   Operation 23 'zext' 'zext_ln208' <Predicate = (comparison_60 & or_ln208 & or_ln208_37 & or_ln208_38 & or_ln208_39 & or_ln208_40 & or_ln208_41)> <Delay = 0.00>
ST_1 : Operation 24 [1/1] (0.00ns) (grouped into LUT with out node select_ln208_45)   --->   "%or_ln208 = or i1 %comparison_60, i1 %activation" [firmware/BDT.h:208]   --->   Operation 24 'or' 'or_ln208' <Predicate = (or_ln208_37 & or_ln208_38 & or_ln208_39 & or_ln208_40 & or_ln208_41)> <Delay = 0.00> <CoreInst = "LogicGate">   --->   Core 74 'LogicGate' <Latency = 0> <II = 1> <Delay = 0.33> <FuncUnit> <Opcode : 'and' 'or' 'xor'> <InPorts = 2> <OutPorts = 1>
ST_1 : Operation 25 [1/1] (0.00ns) (grouped into LUT with out node select_ln208_45)   --->   "%select_ln208 = select i1 %comparison_60, i2 %zext_ln208, i2 2" [firmware/BDT.h:208]   --->   Operation 25 'select' 'select_ln208' <Predicate = (or_ln208 & or_ln208_37 & or_ln208_38 & or_ln208_39 & or_ln208_40 & or_ln208_41)> <Delay = 0.00> <CoreInst = "Sel">   --->   Core 73 'Sel' <Latency = 0> <II = 1> <Delay = 0.52> <FuncUnit> <Opcode : 'select'> <InPorts = 3> <OutPorts = 1>
ST_1 : Operation 26 [1/1] (0.33ns)   --->   "%or_ln208_37 = or i1 %comparison_60, i1 %activation_72" [firmware/BDT.h:208]   --->   Operation 26 'or' 'or_ln208_37' <Predicate = true> <Delay = 0.33> <CoreInst = "LogicGate">   --->   Core 74 'LogicGate' <Latency = 0> <II = 1> <Delay = 0.33> <FuncUnit> <Opcode : 'and' 'or' 'xor'> <InPorts = 2> <OutPorts = 1>
ST_1 : Operation 27 [1/1] (0.00ns) (grouped into LUT with out node select_ln208_45)   --->   "%select_ln208_44 = select i1 %or_ln208, i2 %select_ln208, i2 3" [firmware/BDT.h:208]   --->   Operation 27 'select' 'select_ln208_44' <Predicate = (or_ln208_37 & or_ln208_38 & or_ln208_39 & or_ln208_40 & or_ln208_41)> <Delay = 0.00> <CoreInst = "Sel">   --->   Core 73 'Sel' <Latency = 0> <II = 1> <Delay = 0.52> <FuncUnit> <Opcode : 'select'> <InPorts = 3> <OutPorts = 1>
ST_1 : Operation 28 [1/1] (0.00ns) (grouped into LUT with out node select_ln208_45)   --->   "%zext_ln208_11 = zext i2 %select_ln208_44" [firmware/BDT.h:208]   --->   Operation 28 'zext' 'zext_ln208_11' <Predicate = (or_ln208_37 & or_ln208_38 & or_ln208_39 & or_ln208_40 & or_ln208_41)> <Delay = 0.00>
ST_1 : Operation 29 [1/1] (0.00ns) (grouped into LUT with out node select_ln208_47)   --->   "%or_ln208_38 = or i1 %or_ln208_37, i1 %activation_74" [firmware/BDT.h:208]   --->   Operation 29 'or' 'or_ln208_38' <Predicate = (or_ln208_39 & or_ln208_40 & or_ln208_41)> <Delay = 0.00> <CoreInst = "LogicGate">   --->   Core 74 'LogicGate' <Latency = 0> <II = 1> <Delay = 0.33> <FuncUnit> <Opcode : 'and' 'or' 'xor'> <InPorts = 2> <OutPorts = 1>
ST_1 : Operation 30 [1/1] (0.33ns) (out node of the LUT)   --->   "%select_ln208_45 = select i1 %or_ln208_37, i3 %zext_ln208_11, i3 4" [firmware/BDT.h:208]   --->   Operation 30 'select' 'select_ln208_45' <Predicate = (or_ln208_38 & or_ln208_39 & or_ln208_40 & or_ln208_41)> <Delay = 0.33> <CoreInst = "Sel">   --->   Core 73 'Sel' <Latency = 0> <II = 1> <Delay = 0.52> <FuncUnit> <Opcode : 'select'> <InPorts = 3> <OutPorts = 1>
ST_1 : Operation 31 [1/1] (0.33ns)   --->   "%or_ln208_39 = or i1 %or_ln208_37, i1 %activation_73" [firmware/BDT.h:208]   --->   Operation 31 'or' 'or_ln208_39' <Predicate = (or_ln208_41)> <Delay = 0.33> <CoreInst = "LogicGate">   --->   Core 74 'LogicGate' <Latency = 0> <II = 1> <Delay = 0.33> <FuncUnit> <Opcode : 'and' 'or' 'xor'> <InPorts = 2> <OutPorts = 1>
ST_1 : Operation 32 [1/1] (0.00ns) (grouped into LUT with out node select_ln208_47)   --->   "%select_ln208_46 = select i1 %or_ln208_38, i3 %select_ln208_45, i3 5" [firmware/BDT.h:208]   --->   Operation 32 'select' 'select_ln208_46' <Predicate = (or_ln208_39 & or_ln208_40 & or_ln208_41)> <Delay = 0.00> <CoreInst = "Sel">   --->   Core 73 'Sel' <Latency = 0> <II = 1> <Delay = 0.52> <FuncUnit> <Opcode : 'select'> <InPorts = 3> <OutPorts = 1>
ST_1 : Operation 33 [1/1] (0.00ns) (grouped into LUT with out node tmp)   --->   "%or_ln208_40 = or i1 %or_ln208_39, i1 %activation_75" [firmware/BDT.h:208]   --->   Operation 33 'or' 'or_ln208_40' <Predicate = (or_ln208_41)> <Delay = 0.00> <CoreInst = "LogicGate">   --->   Core 74 'LogicGate' <Latency = 0> <II = 1> <Delay = 0.33> <FuncUnit> <Opcode : 'and' 'or' 'xor'> <InPorts = 2> <OutPorts = 1>
ST_1 : Operation 34 [1/1] (0.33ns) (out node of the LUT)   --->   "%select_ln208_47 = select i1 %or_ln208_39, i3 %select_ln208_46, i3 6" [firmware/BDT.h:208]   --->   Operation 34 'select' 'select_ln208_47' <Predicate = (or_ln208_40 & or_ln208_41)> <Delay = 0.33> <CoreInst = "Sel">   --->   Core 73 'Sel' <Latency = 0> <II = 1> <Delay = 0.52> <FuncUnit> <Opcode : 'select'> <InPorts = 3> <OutPorts = 1>
ST_1 : Operation 35 [1/1] (0.00ns) (grouped into LUT with out node select_ln208_49)   --->   "%or_ln208_41 = or i1 %or_ln208_37, i1 %activation_70" [firmware/BDT.h:208]   --->   Operation 35 'or' 'or_ln208_41' <Predicate = true> <Delay = 0.00> <CoreInst = "LogicGate">   --->   Core 74 'LogicGate' <Latency = 0> <II = 1> <Delay = 0.33> <FuncUnit> <Opcode : 'and' 'or' 'xor'> <InPorts = 2> <OutPorts = 1>
ST_1 : Operation 36 [1/1] (0.00ns) (grouped into LUT with out node tmp)   --->   "%select_ln208_48 = select i1 %or_ln208_40, i3 %select_ln208_47, i3 7" [firmware/BDT.h:208]   --->   Operation 36 'select' 'select_ln208_48' <Predicate = (or_ln208_41)> <Delay = 0.00> <CoreInst = "Sel">   --->   Core 73 'Sel' <Latency = 0> <II = 1> <Delay = 0.52> <FuncUnit> <Opcode : 'select'> <InPorts = 3> <OutPorts = 1>
ST_1 : Operation 37 [1/1] (0.83ns) (out node of the LUT)   --->   "%tmp = mux i32 @_ssdm_op_Mux.ap_auto.8i32.i3, i32 81937, i32 27509, i32 4294954640, i32 72193, i32 56452, i32 4294961849, i32 21770, i32 65624, i3 %select_ln208_48" [firmware/BDT.h:209]   --->   Operation 37 'mux' 'tmp' <Predicate = (or_ln208_41)> <Delay = 0.83> <CoreInst = "Multiplexer">   --->   Core 76 'Multiplexer' <Latency = 0> <II = 1> <Delay = 0.83> <FuncUnit> <Opcode : 'mux'> <InPorts = 2> <OutPorts = 1>
ST_1 : Operation 38 [1/1] (0.52ns) (out node of the LUT)   --->   "%select_ln208_49 = select i1 %or_ln208_41, i32 %tmp, i32 0" [firmware/BDT.h:208]   --->   Operation 38 'select' 'select_ln208_49' <Predicate = true> <Delay = 0.52> <CoreInst = "Sel">   --->   Core 73 'Sel' <Latency = 0> <II = 1> <Delay = 0.52> <FuncUnit> <Opcode : 'select'> <InPorts = 3> <OutPorts = 1>
ST_1 : Operation 39 [1/1] (0.00ns)   --->   "%ret_ln213 = ret i32 %select_ln208_49" [firmware/BDT.h:213]   --->   Operation 39 'ret' 'ret_ln213' <Predicate = true> <Delay = 0.00>


============================================================
+ Verbose Summary: Timing violations
============================================================
Target clock period: 7ns, clock uncertainty: 1.89ns.

 <State 1>: 3.8ns
The critical path consists of the following:
	wire read operation ('p_read22') on port 'p_read2' [8]  (0 ns)
	'icmp' operation ('comparison') [11]  (1.11 ns)
	'xor' operation ('xor_ln195', firmware/BDT.h:195) [17]  (0 ns)
	'and' operation ('activation', firmware/BDT.h:195) [18]  (0.331 ns)
	'or' operation ('or_ln208_37', firmware/BDT.h:208) [29]  (0.331 ns)
	'or' operation ('or_ln208_39', firmware/BDT.h:208) [34]  (0.331 ns)
	'select' operation ('select_ln208_47', firmware/BDT.h:208) [37]  (0.331 ns)
	'select' operation ('select_ln208_48', firmware/BDT.h:208) [39]  (0 ns)
	'mux' operation ('tmp', firmware/BDT.h:209) [40]  (0.837 ns)
	'select' operation ('select_ln208_49', firmware/BDT.h:208) [41]  (0.525 ns)


============================================================
+ Verbose Summary: Binding
============================================================
N/A
* FSMD analyzer results:
  - Output states:
 - Input state : 
  - Chain level:
	State 1


============================================================
+ Verbose Summary: Datapath Resource usage 
============================================================
N/A
