

================================================================
== Vitis HLS Report for 'decision_function_37'
================================================================
* Date:           Sun Jun 26 16:46:44 2022

* Version:        2021.2 (Build 3367213 on Tue Oct 19 02:47:39 MDT 2021)
* Project:        myproject_prj
* Solution:       solution1 (Vivado IP Flow Target)
* Product family: zynquplus
* Target device:  xczu3eg-sbva484-1-e


================================================================
== Performance Estimates
================================================================
+ Timing: 
    * Summary: 
    +--------+---------+----------+------------+
    |  Clock |  Target | Estimated| Uncertainty|
    +--------+---------+----------+------------+
    |ap_clk  |  7.00 ns|  3.797 ns|     1.89 ns|
    +--------+---------+----------+------------+

+ Latency: 
    * Summary: 
    +---------+---------+----------+----------+-----+-----+---------+
    |  Latency (cycles) |  Latency (absolute) |  Interval | Pipeline|
    |   min   |   max   |    min   |    max   | min | max |   Type  |
    +---------+---------+----------+----------+-----+-----+---------+
    |        0|        0|      0 ns|      0 ns|    1|    1|      yes|
    +---------+---------+----------+----------+-----+-----+---------+

    + Detail: 
        * Instance: 
        N/A

        * Loop: 
        N/A

============================================================
+ Verbose Summary: Synthesis Manager
============================================================
InlineROM: 1
ExposeGlobal: 0
============================================================
+ Verbose Summary: CDFG Model
============================================================
IsTopModel: 0
ResetActiveHigh: 1
IsCombinational: 0
IsDatapathOnly: 0
HasWiredReturn: 1
HasMFsm: 2
HasVarLatency: 0
IsPipeline: 1
IsRtlPipelined: 0
IsInstanceOverlapped: 0
IsDontTouch: 0
HasImplIP: 0
IsGatedGlobalClock: 0

+ Individual pipeline summary: 
  * Pipeline-0: initiation interval (II) = 1, depth = 1


============================================================
+ Verbose Summary: Schedule
============================================================
* Number of FSM states : 1
* Pipeline : 1
  Pipeline-0 : II = 1, D = 1, States = { 1 }
* Dataflow Pipeline: 0

* FSM state transitions: 
1 --> 

* FSM state operations: 

State 1 <SV = 0> <Delay = 3.79>
ST_1 : Operation 2 [1/1] (0.00ns)   --->   "%specpipeline_ln0 = specpipeline void @_ssdm_op_SpecPipeline, i32 1, i32 0, i32 0, i32 0, void @empty_1" [firmware/BDT.h:0]   --->   Operation 2 'specpipeline' 'specpipeline_ln0' <Predicate = true> <Delay = 0.00>
ST_1 : Operation 3 [1/1] (0.00ns)   --->   "%p_read55 = read i32 @_ssdm_op_Read.ap_auto.i32, i32 %p_read5"   --->   Operation 3 'read' 'p_read55' <Predicate = true> <Delay = 0.00>
ST_1 : Operation 4 [1/1] (0.00ns)   --->   "%p_read44 = read i32 @_ssdm_op_Read.ap_auto.i32, i32 %p_read4"   --->   Operation 4 'read' 'p_read44' <Predicate = true> <Delay = 0.00>
ST_1 : Operation 5 [1/1] (0.00ns)   --->   "%p_read33 = read i32 @_ssdm_op_Read.ap_auto.i32, i32 %p_read3"   --->   Operation 5 'read' 'p_read33' <Predicate = true> <Delay = 0.00>
ST_1 : Operation 6 [1/1] (0.00ns)   --->   "%p_read22 = read i32 @_ssdm_op_Read.ap_auto.i32, i32 %p_read2"   --->   Operation 6 'read' 'p_read22' <Predicate = true> <Delay = 0.00>
ST_1 : Operation 7 [1/1] (0.00ns)   --->   "%p_read11 = read i32 @_ssdm_op_Read.ap_auto.i32, i32 %p_read1"   --->   Operation 7 'read' 'p_read11' <Predicate = true> <Delay = 0.00>
ST_1 : Operation 8 [1/1] (1.11ns)   --->   "%comparison = icmp_slt  i32 %p_read11, i32 4294888414"   --->   Operation 8 'icmp' 'comparison' <Predicate = true> <Delay = 1.11> <CoreInst = "Cmp">   --->   Core 9 'Cmp' <Latency = 0> <II = 1> <Delay = 1.11> <FuncUnit> <Opcode : 'icmp'> <InPorts = 2> <OutPorts = 1>
ST_1 : Operation 9 [1/1] (1.11ns)   --->   "%comparison_102 = icmp_slt  i32 %p_read11, i32 4294849377"   --->   Operation 9 'icmp' 'comparison_102' <Predicate = true> <Delay = 1.11> <CoreInst = "Cmp">   --->   Core 9 'Cmp' <Latency = 0> <II = 1> <Delay = 1.11> <FuncUnit> <Opcode : 'icmp'> <InPorts = 2> <OutPorts = 1>
ST_1 : Operation 10 [1/1] (1.11ns)   --->   "%comparison_97 = icmp_slt  i32 %p_read22, i32 4294865393"   --->   Operation 10 'icmp' 'comparison_97' <Predicate = (or_ln208_61)> <Delay = 1.11> <CoreInst = "Cmp">   --->   Core 9 'Cmp' <Latency = 0> <II = 1> <Delay = 1.11> <FuncUnit> <Opcode : 'icmp'> <InPorts = 2> <OutPorts = 1>
ST_1 : Operation 11 [1/1] (1.11ns)   --->   "%comparison_98 = icmp_slt  i32 %p_read33, i32 4294907915"   --->   Operation 11 'icmp' 'comparison_98' <Predicate = (comparison_102 & or_ln208 & or_ln208_57 & or_ln208_58 & or_ln208_59 & or_ln208_60 & or_ln208_61)> <Delay = 1.11> <CoreInst = "Cmp">   --->   Core 9 'Cmp' <Latency = 0> <II = 1> <Delay = 1.11> <FuncUnit> <Opcode : 'icmp'> <InPorts = 2> <OutPorts = 1>
ST_1 : Operation 12 [1/1] (1.11ns)   --->   "%comparison_99 = icmp_slt  i32 %p_read55, i32 86705"   --->   Operation 12 'icmp' 'comparison_99' <Predicate = (or_ln208_57 & or_ln208_58 & or_ln208_59 & or_ln208_60 & or_ln208_61)> <Delay = 1.11> <CoreInst = "Cmp">   --->   Core 9 'Cmp' <Latency = 0> <II = 1> <Delay = 1.11> <FuncUnit> <Opcode : 'icmp'> <InPorts = 2> <OutPorts = 1>
ST_1 : Operation 13 [1/1] (1.11ns)   --->   "%comparison_100 = icmp_slt  i32 %p_read22, i32 4294849270"   --->   Operation 13 'icmp' 'comparison_100' <Predicate = (or_ln208_59 & or_ln208_60 & or_ln208_61)> <Delay = 1.11> <CoreInst = "Cmp">   --->   Core 9 'Cmp' <Latency = 0> <II = 1> <Delay = 1.11> <FuncUnit> <Opcode : 'icmp'> <InPorts = 2> <OutPorts = 1>
ST_1 : Operation 14 [1/1] (1.11ns)   --->   "%comparison_101 = icmp_slt  i32 %p_read44, i32 4294867237"   --->   Operation 14 'icmp' 'comparison_101' <Predicate = (or_ln208_61)> <Delay = 1.11> <CoreInst = "Cmp">   --->   Core 9 'Cmp' <Latency = 0> <II = 1> <Delay = 1.11> <FuncUnit> <Opcode : 'icmp'> <InPorts = 2> <OutPorts = 1>
ST_1 : Operation 15 [1/1] (0.33ns)   --->   "%activation_120 = xor i1 %comparison, i1 1" [firmware/BDT.h:195]   --->   Operation 15 'xor' 'activation_120' <Predicate = true> <Delay = 0.33> <CoreInst = "LogicGate">   --->   Core 74 'LogicGate' <Latency = 0> <II = 1> <Delay = 0.33> <FuncUnit> <Opcode : 'and' 'or' 'xor'> <InPorts = 2> <OutPorts = 1>
ST_1 : Operation 16 [1/1] (0.00ns) (grouped into LUT with out node activation_122)   --->   "%xor_ln195 = xor i1 %comparison_102, i1 1" [firmware/BDT.h:195]   --->   Operation 16 'xor' 'xor_ln195' <Predicate = true> <Delay = 0.00> <CoreInst = "LogicGate">   --->   Core 74 'LogicGate' <Latency = 0> <II = 1> <Delay = 0.33> <FuncUnit> <Opcode : 'and' 'or' 'xor'> <InPorts = 2> <OutPorts = 1>
ST_1 : Operation 17 [1/1] (0.33ns) (out node of the LUT)   --->   "%activation_122 = and i1 %comparison, i1 %xor_ln195" [firmware/BDT.h:195]   --->   Operation 17 'and' 'activation_122' <Predicate = true> <Delay = 0.33> <CoreInst = "LogicGate">   --->   Core 74 'LogicGate' <Latency = 0> <II = 1> <Delay = 0.33> <FuncUnit> <Opcode : 'and' 'or' 'xor'> <InPorts = 2> <OutPorts = 1>
ST_1 : Operation 18 [1/1] (0.33ns)   --->   "%activation_123 = and i1 %comparison_97, i1 %activation_120" [firmware/BDT.h:193]   --->   Operation 18 'and' 'activation_123' <Predicate = (or_ln208_61)> <Delay = 0.33> <CoreInst = "LogicGate">   --->   Core 74 'LogicGate' <Latency = 0> <II = 1> <Delay = 0.33> <FuncUnit> <Opcode : 'and' 'or' 'xor'> <InPorts = 2> <OutPorts = 1>
ST_1 : Operation 19 [1/1] (0.00ns) (grouped into LUT with out node tmp)   --->   "%xor_ln195_31 = xor i1 %comparison_97, i1 1" [firmware/BDT.h:195]   --->   Operation 19 'xor' 'xor_ln195_31' <Predicate = (or_ln208_61)> <Delay = 0.00> <CoreInst = "LogicGate">   --->   Core 74 'LogicGate' <Latency = 0> <II = 1> <Delay = 0.33> <FuncUnit> <Opcode : 'and' 'or' 'xor'> <InPorts = 2> <OutPorts = 1>
ST_1 : Operation 20 [1/1] (0.00ns) (grouped into LUT with out node select_ln208_73)   --->   "%activation = and i1 %comparison_98, i1 %comparison_102" [firmware/BDT.h:193]   --->   Operation 20 'and' 'activation' <Predicate = (comparison_102 & or_ln208 & or_ln208_57 & or_ln208_58 & or_ln208_59 & or_ln208_60 & or_ln208_61)> <Delay = 0.00> <CoreInst = "LogicGate">   --->   Core 74 'LogicGate' <Latency = 0> <II = 1> <Delay = 0.33> <FuncUnit> <Opcode : 'and' 'or' 'xor'> <InPorts = 2> <OutPorts = 1>
ST_1 : Operation 21 [1/1] (0.00ns) (grouped into LUT with out node select_ln208_73)   --->   "%activation_124 = and i1 %comparison_99, i1 %activation_122" [firmware/BDT.h:193]   --->   Operation 21 'and' 'activation_124' <Predicate = (or_ln208_57 & or_ln208_58 & or_ln208_59 & or_ln208_60 & or_ln208_61)> <Delay = 0.00> <CoreInst = "LogicGate">   --->   Core 74 'LogicGate' <Latency = 0> <II = 1> <Delay = 0.33> <FuncUnit> <Opcode : 'and' 'or' 'xor'> <InPorts = 2> <OutPorts = 1>
ST_1 : Operation 22 [1/1] (0.00ns) (grouped into LUT with out node select_ln208_76)   --->   "%activation_125 = and i1 %comparison_100, i1 %activation_123" [firmware/BDT.h:193]   --->   Operation 22 'and' 'activation_125' <Predicate = (or_ln208_59 & or_ln208_60 & or_ln208_61)> <Delay = 0.00> <CoreInst = "LogicGate">   --->   Core 74 'LogicGate' <Latency = 0> <II = 1> <Delay = 0.33> <FuncUnit> <Opcode : 'and' 'or' 'xor'> <InPorts = 2> <OutPorts = 1>
ST_1 : Operation 23 [1/1] (0.00ns) (grouped into LUT with out node tmp)   --->   "%and_ln193 = and i1 %comparison_101, i1 %activation_120" [firmware/BDT.h:193]   --->   Operation 23 'and' 'and_ln193' <Predicate = (or_ln208_61)> <Delay = 0.00> <CoreInst = "LogicGate">   --->   Core 74 'LogicGate' <Latency = 0> <II = 1> <Delay = 0.33> <FuncUnit> <Opcode : 'and' 'or' 'xor'> <InPorts = 2> <OutPorts = 1>
ST_1 : Operation 24 [1/1] (0.00ns) (grouped into LUT with out node tmp)   --->   "%activation_126 = and i1 %and_ln193, i1 %xor_ln195_31" [firmware/BDT.h:193]   --->   Operation 24 'and' 'activation_126' <Predicate = (or_ln208_61)> <Delay = 0.00> <CoreInst = "LogicGate">   --->   Core 74 'LogicGate' <Latency = 0> <II = 1> <Delay = 0.33> <FuncUnit> <Opcode : 'and' 'or' 'xor'> <InPorts = 2> <OutPorts = 1>
ST_1 : Operation 25 [1/1] (0.00ns) (grouped into LUT with out node select_ln208_73)   --->   "%xor_ln208 = xor i1 %activation, i1 1" [firmware/BDT.h:208]   --->   Operation 25 'xor' 'xor_ln208' <Predicate = (comparison_102 & or_ln208 & or_ln208_57 & or_ln208_58 & or_ln208_59 & or_ln208_60 & or_ln208_61)> <Delay = 0.00> <CoreInst = "LogicGate">   --->   Core 74 'LogicGate' <Latency = 0> <II = 1> <Delay = 0.33> <FuncUnit> <Opcode : 'and' 'or' 'xor'> <InPorts = 2> <OutPorts = 1>
ST_1 : Operation 26 [1/1] (0.00ns) (grouped into LUT with out node select_ln208_73)   --->   "%zext_ln208 = zext i1 %xor_ln208" [firmware/BDT.h:208]   --->   Operation 26 'zext' 'zext_ln208' <Predicate = (comparison_102 & or_ln208 & or_ln208_57 & or_ln208_58 & or_ln208_59 & or_ln208_60 & or_ln208_61)> <Delay = 0.00>
ST_1 : Operation 27 [1/1] (0.00ns) (grouped into LUT with out node select_ln208_73)   --->   "%or_ln208 = or i1 %comparison_102, i1 %activation_124" [firmware/BDT.h:208]   --->   Operation 27 'or' 'or_ln208' <Predicate = (or_ln208_57 & or_ln208_58 & or_ln208_59 & or_ln208_60 & or_ln208_61)> <Delay = 0.00> <CoreInst = "LogicGate">   --->   Core 74 'LogicGate' <Latency = 0> <II = 1> <Delay = 0.33> <FuncUnit> <Opcode : 'and' 'or' 'xor'> <InPorts = 2> <OutPorts = 1>
ST_1 : Operation 28 [1/1] (0.00ns) (grouped into LUT with out node select_ln208_73)   --->   "%select_ln208 = select i1 %comparison_102, i2 %zext_ln208, i2 2" [firmware/BDT.h:208]   --->   Operation 28 'select' 'select_ln208' <Predicate = (or_ln208 & or_ln208_57 & or_ln208_58 & or_ln208_59 & or_ln208_60 & or_ln208_61)> <Delay = 0.00> <CoreInst = "Sel">   --->   Core 73 'Sel' <Latency = 0> <II = 1> <Delay = 0.52> <FuncUnit> <Opcode : 'select'> <InPorts = 3> <OutPorts = 1>
ST_1 : Operation 29 [1/1] (0.33ns)   --->   "%or_ln208_57 = or i1 %comparison_102, i1 %activation_122" [firmware/BDT.h:208]   --->   Operation 29 'or' 'or_ln208_57' <Predicate = true> <Delay = 0.33> <CoreInst = "LogicGate">   --->   Core 74 'LogicGate' <Latency = 0> <II = 1> <Delay = 0.33> <FuncUnit> <Opcode : 'and' 'or' 'xor'> <InPorts = 2> <OutPorts = 1>
ST_1 : Operation 30 [1/1] (0.33ns) (out node of the LUT)   --->   "%select_ln208_73 = select i1 %or_ln208, i2 %select_ln208, i2 3" [firmware/BDT.h:208]   --->   Operation 30 'select' 'select_ln208_73' <Predicate = (or_ln208_57 & or_ln208_58 & or_ln208_59 & or_ln208_60 & or_ln208_61)> <Delay = 0.33> <CoreInst = "Sel">   --->   Core 73 'Sel' <Latency = 0> <II = 1> <Delay = 0.52> <FuncUnit> <Opcode : 'select'> <InPorts = 3> <OutPorts = 1>
ST_1 : Operation 31 [1/1] (0.00ns) (grouped into LUT with out node select_ln208_76)   --->   "%zext_ln208_17 = zext i2 %select_ln208_73" [firmware/BDT.h:208]   --->   Operation 31 'zext' 'zext_ln208_17' <Predicate = (or_ln208_57 & or_ln208_58 & or_ln208_59 & or_ln208_60 & or_ln208_61)> <Delay = 0.00>
ST_1 : Operation 32 [1/1] (0.00ns) (grouped into LUT with out node select_ln208_76)   --->   "%or_ln208_58 = or i1 %or_ln208_57, i1 %activation_125" [firmware/BDT.h:208]   --->   Operation 32 'or' 'or_ln208_58' <Predicate = (or_ln208_59 & or_ln208_60 & or_ln208_61)> <Delay = 0.00> <CoreInst = "LogicGate">   --->   Core 74 'LogicGate' <Latency = 0> <II = 1> <Delay = 0.33> <FuncUnit> <Opcode : 'and' 'or' 'xor'> <InPorts = 2> <OutPorts = 1>
ST_1 : Operation 33 [1/1] (0.00ns) (grouped into LUT with out node select_ln208_76)   --->   "%select_ln208_74 = select i1 %or_ln208_57, i3 %zext_ln208_17, i3 4" [firmware/BDT.h:208]   --->   Operation 33 'select' 'select_ln208_74' <Predicate = (or_ln208_58 & or_ln208_59 & or_ln208_60 & or_ln208_61)> <Delay = 0.00> <CoreInst = "Sel">   --->   Core 73 'Sel' <Latency = 0> <II = 1> <Delay = 0.52> <FuncUnit> <Opcode : 'select'> <InPorts = 3> <OutPorts = 1>
ST_1 : Operation 34 [1/1] (0.33ns)   --->   "%or_ln208_59 = or i1 %or_ln208_57, i1 %activation_123" [firmware/BDT.h:208]   --->   Operation 34 'or' 'or_ln208_59' <Predicate = (or_ln208_61)> <Delay = 0.33> <CoreInst = "LogicGate">   --->   Core 74 'LogicGate' <Latency = 0> <II = 1> <Delay = 0.33> <FuncUnit> <Opcode : 'and' 'or' 'xor'> <InPorts = 2> <OutPorts = 1>
ST_1 : Operation 35 [1/1] (0.00ns) (grouped into LUT with out node select_ln208_76)   --->   "%select_ln208_75 = select i1 %or_ln208_58, i3 %select_ln208_74, i3 5" [firmware/BDT.h:208]   --->   Operation 35 'select' 'select_ln208_75' <Predicate = (or_ln208_59 & or_ln208_60 & or_ln208_61)> <Delay = 0.00> <CoreInst = "Sel">   --->   Core 73 'Sel' <Latency = 0> <II = 1> <Delay = 0.52> <FuncUnit> <Opcode : 'select'> <InPorts = 3> <OutPorts = 1>
ST_1 : Operation 36 [1/1] (0.00ns) (grouped into LUT with out node tmp)   --->   "%or_ln208_60 = or i1 %or_ln208_59, i1 %activation_126" [firmware/BDT.h:208]   --->   Operation 36 'or' 'or_ln208_60' <Predicate = (or_ln208_61)> <Delay = 0.00> <CoreInst = "LogicGate">   --->   Core 74 'LogicGate' <Latency = 0> <II = 1> <Delay = 0.33> <FuncUnit> <Opcode : 'and' 'or' 'xor'> <InPorts = 2> <OutPorts = 1>
ST_1 : Operation 37 [1/1] (0.33ns) (out node of the LUT)   --->   "%select_ln208_76 = select i1 %or_ln208_59, i3 %select_ln208_75, i3 6" [firmware/BDT.h:208]   --->   Operation 37 'select' 'select_ln208_76' <Predicate = (or_ln208_60 & or_ln208_61)> <Delay = 0.33> <CoreInst = "Sel">   --->   Core 73 'Sel' <Latency = 0> <II = 1> <Delay = 0.52> <FuncUnit> <Opcode : 'select'> <InPorts = 3> <OutPorts = 1>
ST_1 : Operation 38 [1/1] (0.00ns) (grouped into LUT with out node select_ln208_78)   --->   "%or_ln208_61 = or i1 %or_ln208_57, i1 %activation_120" [firmware/BDT.h:208]   --->   Operation 38 'or' 'or_ln208_61' <Predicate = true> <Delay = 0.00> <CoreInst = "LogicGate">   --->   Core 74 'LogicGate' <Latency = 0> <II = 1> <Delay = 0.33> <FuncUnit> <Opcode : 'and' 'or' 'xor'> <InPorts = 2> <OutPorts = 1>
ST_1 : Operation 39 [1/1] (0.00ns) (grouped into LUT with out node tmp)   --->   "%select_ln208_77 = select i1 %or_ln208_60, i3 %select_ln208_76, i3 7" [firmware/BDT.h:208]   --->   Operation 39 'select' 'select_ln208_77' <Predicate = (or_ln208_61)> <Delay = 0.00> <CoreInst = "Sel">   --->   Core 73 'Sel' <Latency = 0> <II = 1> <Delay = 0.52> <FuncUnit> <Opcode : 'select'> <InPorts = 3> <OutPorts = 1>
ST_1 : Operation 40 [1/1] (0.83ns) (out node of the LUT)   --->   "%tmp = mux i32 @_ssdm_op_Mux.ap_auto.8i32.i3, i32 30588, i32 121223, i32 34344, i32 119483, i32 105969, i32 52068, i32 83634, i32 4294946936, i3 %select_ln208_77" [firmware/BDT.h:209]   --->   Operation 40 'mux' 'tmp' <Predicate = (or_ln208_61)> <Delay = 0.83> <CoreInst = "Multiplexer">   --->   Core 76 'Multiplexer' <Latency = 0> <II = 1> <Delay = 0.83> <FuncUnit> <Opcode : 'mux'> <InPorts = 2> <OutPorts = 1>
ST_1 : Operation 41 [1/1] (0.52ns) (out node of the LUT)   --->   "%select_ln208_78 = select i1 %or_ln208_61, i32 %tmp, i32 0" [firmware/BDT.h:208]   --->   Operation 41 'select' 'select_ln208_78' <Predicate = true> <Delay = 0.52> <CoreInst = "Sel">   --->   Core 73 'Sel' <Latency = 0> <II = 1> <Delay = 0.52> <FuncUnit> <Opcode : 'select'> <InPorts = 3> <OutPorts = 1>
ST_1 : Operation 42 [1/1] (0.00ns)   --->   "%ret_ln213 = ret i32 %select_ln208_78" [firmware/BDT.h:213]   --->   Operation 42 'ret' 'ret_ln213' <Predicate = true> <Delay = 0.00>


============================================================
+ Verbose Summary: Timing violations
============================================================
Target clock period: 7ns, clock uncertainty: 1.89ns.

 <State 1>: 3.8ns
The critical path consists of the following:
	wire read operation ('p_read11') on port 'p_read1' [11]  (0 ns)
	'icmp' operation ('comparison') [12]  (1.11 ns)
	'xor' operation ('activation', firmware/BDT.h:195) [19]  (0.331 ns)
	'and' operation ('activation', firmware/BDT.h:193) [22]  (0.331 ns)
	'or' operation ('or_ln208_59', firmware/BDT.h:208) [38]  (0.331 ns)
	'select' operation ('select_ln208_76', firmware/BDT.h:208) [41]  (0.331 ns)
	'select' operation ('select_ln208_77', firmware/BDT.h:208) [43]  (0 ns)
	'mux' operation ('tmp', firmware/BDT.h:209) [44]  (0.837 ns)
	'select' operation ('select_ln208_78', firmware/BDT.h:208) [45]  (0.525 ns)


============================================================
+ Verbose Summary: Binding
============================================================
N/A
* FSMD analyzer results:
  - Output states:
 - Input state : 
  - Chain level:
	State 1


============================================================
+ Verbose Summary: Datapath Resource usage 
============================================================
N/A
