

================================================================
== Vitis HLS Report for 'decision_function_36'
================================================================
* Date:           Sun Jun 26 16:46:48 2022

* Version:        2021.2 (Build 3367213 on Tue Oct 19 02:47:39 MDT 2021)
* Project:        myproject_prj
* Solution:       solution1 (Vivado IP Flow Target)
* Product family: zynquplus
* Target device:  xczu3eg-sbva484-1-e


================================================================
== Performance Estimates
================================================================
+ Timing: 
    * Summary: 
    +--------+---------+----------+------------+
    |  Clock |  Target | Estimated| Uncertainty|
    +--------+---------+----------+------------+
    |ap_clk  |  7.00 ns|  3.272 ns|     1.89 ns|
    +--------+---------+----------+------------+

+ Latency: 
    * Summary: 
    +---------+---------+----------+----------+-----+-----+---------+
    |  Latency (cycles) |  Latency (absolute) |  Interval | Pipeline|
    |   min   |   max   |    min   |    max   | min | max |   Type  |
    +---------+---------+----------+----------+-----+-----+---------+
    |        0|        0|      0 ns|      0 ns|    1|    1|      yes|
    +---------+---------+----------+----------+-----+-----+---------+

    + Detail: 
        * Instance: 
        N/A

        * Loop: 
        N/A

============================================================
+ Verbose Summary: Synthesis Manager
============================================================
InlineROM: 1
ExposeGlobal: 0
============================================================
+ Verbose Summary: CDFG Model
============================================================
IsTopModel: 0
ResetActiveHigh: 1
IsCombinational: 0
IsDatapathOnly: 0
HasWiredReturn: 1
HasMFsm: 2
HasVarLatency: 0
IsPipeline: 1
IsRtlPipelined: 0
IsInstanceOverlapped: 0
IsDontTouch: 0
HasImplIP: 0
IsGatedGlobalClock: 0

+ Individual pipeline summary: 
  * Pipeline-0: initiation interval (II) = 1, depth = 1


============================================================
+ Verbose Summary: Schedule
============================================================
* Number of FSM states : 1
* Pipeline : 1
  Pipeline-0 : II = 1, D = 1, States = { 1 }
* Dataflow Pipeline: 0

* FSM state transitions: 
1 --> 

* FSM state operations: 

State 1 <SV = 0> <Delay = 3.27>
ST_1 : Operation 2 [1/1] (0.00ns)   --->   "%specpipeline_ln0 = specpipeline void @_ssdm_op_SpecPipeline, i32 1, i32 0, i32 0, i32 0, void @empty_1" [firmware/BDT.h:0]   --->   Operation 2 'specpipeline' 'specpipeline_ln0' <Predicate = true> <Delay = 0.00>
ST_1 : Operation 3 [1/1] (0.00ns)   --->   "%p_read66 = read i32 @_ssdm_op_Read.ap_auto.i32, i32 %p_read6"   --->   Operation 3 'read' 'p_read66' <Predicate = true> <Delay = 0.00>
ST_1 : Operation 4 [1/1] (0.00ns)   --->   "%p_read55 = read i32 @_ssdm_op_Read.ap_auto.i32, i32 %p_read5"   --->   Operation 4 'read' 'p_read55' <Predicate = true> <Delay = 0.00>
ST_1 : Operation 5 [1/1] (0.00ns)   --->   "%p_read44 = read i32 @_ssdm_op_Read.ap_auto.i32, i32 %p_read4"   --->   Operation 5 'read' 'p_read44' <Predicate = true> <Delay = 0.00>
ST_1 : Operation 6 [1/1] (0.00ns)   --->   "%p_read33 = read i32 @_ssdm_op_Read.ap_auto.i32, i32 %p_read3"   --->   Operation 6 'read' 'p_read33' <Predicate = true> <Delay = 0.00>
ST_1 : Operation 7 [1/1] (0.00ns)   --->   "%p_read22 = read i32 @_ssdm_op_Read.ap_auto.i32, i32 %p_read2"   --->   Operation 7 'read' 'p_read22' <Predicate = true> <Delay = 0.00>
ST_1 : Operation 8 [1/1] (0.00ns)   --->   "%p_read11 = read i32 @_ssdm_op_Read.ap_auto.i32, i32 %p_read1"   --->   Operation 8 'read' 'p_read11' <Predicate = true> <Delay = 0.00>
ST_1 : Operation 9 [1/1] (1.11ns)   --->   "%comparison = icmp_slt  i32 %p_read22, i32 4294904393"   --->   Operation 9 'icmp' 'comparison' <Predicate = true> <Delay = 1.11> <CoreInst = "Cmp">   --->   Core 9 'Cmp' <Latency = 0> <II = 1> <Delay = 1.11> <FuncUnit> <Opcode : 'icmp'> <InPorts = 2> <OutPorts = 1>
ST_1 : Operation 10 [1/1] (1.11ns)   --->   "%comparison_103 = icmp_slt  i32 %p_read33, i32 4294966681"   --->   Operation 10 'icmp' 'comparison_103' <Predicate = (comparison & or_ln208_62 & or_ln208_63 & or_ln208_64)> <Delay = 1.11> <CoreInst = "Cmp">   --->   Core 9 'Cmp' <Latency = 0> <II = 1> <Delay = 1.11> <FuncUnit> <Opcode : 'icmp'> <InPorts = 2> <OutPorts = 1>
ST_1 : Operation 11 [1/1] (1.11ns)   --->   "%comparison_104 = icmp_slt  i32 %p_read66, i32 4294841405"   --->   Operation 11 'icmp' 'comparison_104' <Predicate = true> <Delay = 1.11> <CoreInst = "Cmp">   --->   Core 9 'Cmp' <Latency = 0> <II = 1> <Delay = 1.11> <FuncUnit> <Opcode : 'icmp'> <InPorts = 2> <OutPorts = 1>
ST_1 : Operation 12 [1/1] (1.11ns)   --->   "%comparison_105 = icmp_slt  i32 %p_read11, i32 7128"   --->   Operation 12 'icmp' 'comparison_105' <Predicate = (activation_129 & or_ln208 & comparison & or_ln208_62 & or_ln208_63 & or_ln208_64)> <Delay = 1.11> <CoreInst = "Cmp">   --->   Core 9 'Cmp' <Latency = 0> <II = 1> <Delay = 1.11> <FuncUnit> <Opcode : 'icmp'> <InPorts = 2> <OutPorts = 1>
ST_1 : Operation 13 [1/1] (1.11ns)   --->   "%comparison_106 = icmp_slt  i32 %p_read33, i32 57681"   --->   Operation 13 'icmp' 'comparison_106' <Predicate = (comparison & or_ln208_62 & or_ln208_63 & or_ln208_64)> <Delay = 1.11> <CoreInst = "Cmp">   --->   Core 9 'Cmp' <Latency = 0> <II = 1> <Delay = 1.11> <FuncUnit> <Opcode : 'icmp'> <InPorts = 2> <OutPorts = 1>
ST_1 : Operation 14 [1/1] (1.11ns)   --->   "%comparison_107 = icmp_slt  i32 %p_read55, i32 33337"   --->   Operation 14 'icmp' 'comparison_107' <Predicate = (or_ln208_63 & or_ln208_64)> <Delay = 1.11> <CoreInst = "Cmp">   --->   Core 9 'Cmp' <Latency = 0> <II = 1> <Delay = 1.11> <FuncUnit> <Opcode : 'icmp'> <InPorts = 2> <OutPorts = 1>
ST_1 : Operation 15 [1/1] (1.11ns)   --->   "%comparison_108 = icmp_slt  i32 %p_read44, i32 122946"   --->   Operation 15 'icmp' 'comparison_108' <Predicate = true> <Delay = 1.11> <CoreInst = "Cmp">   --->   Core 9 'Cmp' <Latency = 0> <II = 1> <Delay = 1.11> <FuncUnit> <Opcode : 'icmp'> <InPorts = 2> <OutPorts = 1>
ST_1 : Operation 16 [1/1] (0.33ns)   --->   "%activation_128 = xor i1 %comparison, i1 1" [firmware/BDT.h:195]   --->   Operation 16 'xor' 'activation_128' <Predicate = true> <Delay = 0.33> <CoreInst = "LogicGate">   --->   Core 74 'LogicGate' <Latency = 0> <II = 1> <Delay = 0.33> <FuncUnit> <Opcode : 'and' 'or' 'xor'> <InPorts = 2> <OutPorts = 1>
ST_1 : Operation 17 [1/1] (0.33ns)   --->   "%activation_129 = and i1 %comparison_103, i1 %comparison" [firmware/BDT.h:193]   --->   Operation 17 'and' 'activation_129' <Predicate = (comparison & or_ln208_62 & or_ln208_63 & or_ln208_64)> <Delay = 0.33> <CoreInst = "LogicGate">   --->   Core 74 'LogicGate' <Latency = 0> <II = 1> <Delay = 0.33> <FuncUnit> <Opcode : 'and' 'or' 'xor'> <InPorts = 2> <OutPorts = 1>
ST_1 : Operation 18 [1/1] (0.00ns) (grouped into LUT with out node or_ln208)   --->   "%xor_ln195 = xor i1 %comparison_103, i1 1" [firmware/BDT.h:195]   --->   Operation 18 'xor' 'xor_ln195' <Predicate = (comparison & or_ln208_62 & or_ln208_63 & or_ln208_64)> <Delay = 0.00> <CoreInst = "LogicGate">   --->   Core 74 'LogicGate' <Latency = 0> <II = 1> <Delay = 0.33> <FuncUnit> <Opcode : 'and' 'or' 'xor'> <InPorts = 2> <OutPorts = 1>
ST_1 : Operation 19 [1/1] (0.33ns)   --->   "%activation_130 = and i1 %comparison_104, i1 %activation_128" [firmware/BDT.h:193]   --->   Operation 19 'and' 'activation_130' <Predicate = true> <Delay = 0.33> <CoreInst = "LogicGate">   --->   Core 74 'LogicGate' <Latency = 0> <II = 1> <Delay = 0.33> <FuncUnit> <Opcode : 'and' 'or' 'xor'> <InPorts = 2> <OutPorts = 1>
ST_1 : Operation 20 [1/1] (0.00ns) (grouped into LUT with out node agg_result)   --->   "%xor_ln195_30 = xor i1 %comparison_104, i1 1" [firmware/BDT.h:195]   --->   Operation 20 'xor' 'xor_ln195_30' <Predicate = true> <Delay = 0.00> <CoreInst = "LogicGate">   --->   Core 74 'LogicGate' <Latency = 0> <II = 1> <Delay = 0.33> <FuncUnit> <Opcode : 'and' 'or' 'xor'> <InPorts = 2> <OutPorts = 1>
ST_1 : Operation 21 [1/1] (0.00ns) (grouped into LUT with out node select_ln208_80)   --->   "%activation = and i1 %comparison_105, i1 %activation_129" [firmware/BDT.h:193]   --->   Operation 21 'and' 'activation' <Predicate = (activation_129 & or_ln208 & comparison & or_ln208_62 & or_ln208_63 & or_ln208_64)> <Delay = 0.00> <CoreInst = "LogicGate">   --->   Core 74 'LogicGate' <Latency = 0> <II = 1> <Delay = 0.33> <FuncUnit> <Opcode : 'and' 'or' 'xor'> <InPorts = 2> <OutPorts = 1>
ST_1 : Operation 22 [1/1] (0.00ns) (grouped into LUT with out node or_ln208)   --->   "%and_ln193 = and i1 %comparison_106, i1 %xor_ln195" [firmware/BDT.h:193]   --->   Operation 22 'and' 'and_ln193' <Predicate = (comparison & or_ln208_62 & or_ln208_63 & or_ln208_64)> <Delay = 0.00> <CoreInst = "LogicGate">   --->   Core 74 'LogicGate' <Latency = 0> <II = 1> <Delay = 0.33> <FuncUnit> <Opcode : 'and' 'or' 'xor'> <InPorts = 2> <OutPorts = 1>
ST_1 : Operation 23 [1/1] (0.00ns) (grouped into LUT with out node or_ln208)   --->   "%activation_131 = and i1 %and_ln193, i1 %comparison" [firmware/BDT.h:193]   --->   Operation 23 'and' 'activation_131' <Predicate = (comparison & or_ln208_62 & or_ln208_63 & or_ln208_64)> <Delay = 0.00> <CoreInst = "LogicGate">   --->   Core 74 'LogicGate' <Latency = 0> <II = 1> <Delay = 0.33> <FuncUnit> <Opcode : 'and' 'or' 'xor'> <InPorts = 2> <OutPorts = 1>
ST_1 : Operation 24 [1/1] (0.00ns) (grouped into LUT with out node select_ln208_82)   --->   "%activation_132 = and i1 %comparison_107, i1 %activation_130" [firmware/BDT.h:193]   --->   Operation 24 'and' 'activation_132' <Predicate = (or_ln208_63 & or_ln208_64)> <Delay = 0.00> <CoreInst = "LogicGate">   --->   Core 74 'LogicGate' <Latency = 0> <II = 1> <Delay = 0.33> <FuncUnit> <Opcode : 'and' 'or' 'xor'> <InPorts = 2> <OutPorts = 1>
ST_1 : Operation 25 [1/1] (0.00ns) (grouped into LUT with out node agg_result)   --->   "%and_ln193_103 = and i1 %comparison_108, i1 %activation_128" [firmware/BDT.h:193]   --->   Operation 25 'and' 'and_ln193_103' <Predicate = true> <Delay = 0.00> <CoreInst = "LogicGate">   --->   Core 74 'LogicGate' <Latency = 0> <II = 1> <Delay = 0.33> <FuncUnit> <Opcode : 'and' 'or' 'xor'> <InPorts = 2> <OutPorts = 1>
ST_1 : Operation 26 [1/1] (0.00ns) (grouped into LUT with out node agg_result)   --->   "%activation_133 = and i1 %and_ln193_103, i1 %xor_ln195_30" [firmware/BDT.h:193]   --->   Operation 26 'and' 'activation_133' <Predicate = true> <Delay = 0.00> <CoreInst = "LogicGate">   --->   Core 74 'LogicGate' <Latency = 0> <II = 1> <Delay = 0.33> <FuncUnit> <Opcode : 'and' 'or' 'xor'> <InPorts = 2> <OutPorts = 1>
ST_1 : Operation 27 [1/1] (0.00ns) (grouped into LUT with out node select_ln208_80)   --->   "%xor_ln208 = xor i1 %activation, i1 1" [firmware/BDT.h:208]   --->   Operation 27 'xor' 'xor_ln208' <Predicate = (activation_129 & or_ln208 & comparison & or_ln208_62 & or_ln208_63 & or_ln208_64)> <Delay = 0.00> <CoreInst = "LogicGate">   --->   Core 74 'LogicGate' <Latency = 0> <II = 1> <Delay = 0.33> <FuncUnit> <Opcode : 'and' 'or' 'xor'> <InPorts = 2> <OutPorts = 1>
ST_1 : Operation 28 [1/1] (0.00ns) (grouped into LUT with out node select_ln208_80)   --->   "%zext_ln208 = zext i1 %xor_ln208" [firmware/BDT.h:208]   --->   Operation 28 'zext' 'zext_ln208' <Predicate = (activation_129 & or_ln208 & comparison & or_ln208_62 & or_ln208_63 & or_ln208_64)> <Delay = 0.00>
ST_1 : Operation 29 [1/1] (0.33ns) (out node of the LUT)   --->   "%or_ln208 = or i1 %activation_129, i1 %activation_131" [firmware/BDT.h:208]   --->   Operation 29 'or' 'or_ln208' <Predicate = (comparison & or_ln208_62 & or_ln208_63 & or_ln208_64)> <Delay = 0.33> <CoreInst = "LogicGate">   --->   Core 74 'LogicGate' <Latency = 0> <II = 1> <Delay = 0.33> <FuncUnit> <Opcode : 'and' 'or' 'xor'> <InPorts = 2> <OutPorts = 1>
ST_1 : Operation 30 [1/1] (0.00ns) (grouped into LUT with out node select_ln208_80)   --->   "%select_ln208 = select i1 %activation_129, i2 %zext_ln208, i2 2" [firmware/BDT.h:208]   --->   Operation 30 'select' 'select_ln208' <Predicate = (or_ln208 & comparison & or_ln208_62 & or_ln208_63 & or_ln208_64)> <Delay = 0.00> <CoreInst = "Sel">   --->   Core 73 'Sel' <Latency = 0> <II = 1> <Delay = 0.27> <FuncUnit> <Opcode : 'select'> <InPorts = 3> <OutPorts = 1>
ST_1 : Operation 31 [1/1] (0.00ns) (grouped into LUT with out node select_ln208_80)   --->   "%select_ln208_79 = select i1 %or_ln208, i2 %select_ln208, i2 3" [firmware/BDT.h:208]   --->   Operation 31 'select' 'select_ln208_79' <Predicate = (comparison & or_ln208_62 & or_ln208_63 & or_ln208_64)> <Delay = 0.00> <CoreInst = "Sel">   --->   Core 73 'Sel' <Latency = 0> <II = 1> <Delay = 0.27> <FuncUnit> <Opcode : 'select'> <InPorts = 3> <OutPorts = 1>
ST_1 : Operation 32 [1/1] (0.00ns) (grouped into LUT with out node select_ln208_80)   --->   "%zext_ln208_18 = zext i2 %select_ln208_79" [firmware/BDT.h:208]   --->   Operation 32 'zext' 'zext_ln208_18' <Predicate = (comparison & or_ln208_62 & or_ln208_63 & or_ln208_64)> <Delay = 0.00>
ST_1 : Operation 33 [1/1] (0.00ns) (grouped into LUT with out node select_ln208_82)   --->   "%or_ln208_62 = or i1 %comparison, i1 %activation_132" [firmware/BDT.h:208]   --->   Operation 33 'or' 'or_ln208_62' <Predicate = (or_ln208_63 & or_ln208_64)> <Delay = 0.00> <CoreInst = "LogicGate">   --->   Core 74 'LogicGate' <Latency = 0> <II = 1> <Delay = 0.33> <FuncUnit> <Opcode : 'and' 'or' 'xor'> <InPorts = 2> <OutPorts = 1>
ST_1 : Operation 34 [1/1] (0.33ns) (out node of the LUT)   --->   "%select_ln208_80 = select i1 %comparison, i3 %zext_ln208_18, i3 4" [firmware/BDT.h:208]   --->   Operation 34 'select' 'select_ln208_80' <Predicate = (or_ln208_62 & or_ln208_63 & or_ln208_64)> <Delay = 0.33> <CoreInst = "Sel">   --->   Core 73 'Sel' <Latency = 0> <II = 1> <Delay = 0.27> <FuncUnit> <Opcode : 'select'> <InPorts = 3> <OutPorts = 1>
ST_1 : Operation 35 [1/1] (0.33ns)   --->   "%or_ln208_63 = or i1 %comparison, i1 %activation_130" [firmware/BDT.h:208]   --->   Operation 35 'or' 'or_ln208_63' <Predicate = true> <Delay = 0.33> <CoreInst = "LogicGate">   --->   Core 74 'LogicGate' <Latency = 0> <II = 1> <Delay = 0.33> <FuncUnit> <Opcode : 'and' 'or' 'xor'> <InPorts = 2> <OutPorts = 1>
ST_1 : Operation 36 [1/1] (0.00ns) (grouped into LUT with out node select_ln208_82)   --->   "%select_ln208_81 = select i1 %or_ln208_62, i3 %select_ln208_80, i3 5" [firmware/BDT.h:208]   --->   Operation 36 'select' 'select_ln208_81' <Predicate = (or_ln208_63 & or_ln208_64)> <Delay = 0.00> <CoreInst = "Sel">   --->   Core 73 'Sel' <Latency = 0> <II = 1> <Delay = 0.27> <FuncUnit> <Opcode : 'select'> <InPorts = 3> <OutPorts = 1>
ST_1 : Operation 37 [1/1] (0.00ns) (grouped into LUT with out node agg_result)   --->   "%or_ln208_64 = or i1 %or_ln208_63, i1 %activation_133" [firmware/BDT.h:208]   --->   Operation 37 'or' 'or_ln208_64' <Predicate = true> <Delay = 0.00> <CoreInst = "LogicGate">   --->   Core 74 'LogicGate' <Latency = 0> <II = 1> <Delay = 0.33> <FuncUnit> <Opcode : 'and' 'or' 'xor'> <InPorts = 2> <OutPorts = 1>
ST_1 : Operation 38 [1/1] (0.33ns) (out node of the LUT)   --->   "%select_ln208_82 = select i1 %or_ln208_63, i3 %select_ln208_81, i3 6" [firmware/BDT.h:208]   --->   Operation 38 'select' 'select_ln208_82' <Predicate = (or_ln208_64)> <Delay = 0.33> <CoreInst = "Sel">   --->   Core 73 'Sel' <Latency = 0> <II = 1> <Delay = 0.27> <FuncUnit> <Opcode : 'select'> <InPorts = 3> <OutPorts = 1>
ST_1 : Operation 39 [1/1] (0.00ns) (grouped into LUT with out node agg_result)   --->   "%select_ln208_83 = select i1 %or_ln208_64, i3 %select_ln208_82, i3 7" [firmware/BDT.h:208]   --->   Operation 39 'select' 'select_ln208_83' <Predicate = true> <Delay = 0.00> <CoreInst = "Sel">   --->   Core 73 'Sel' <Latency = 0> <II = 1> <Delay = 0.27> <FuncUnit> <Opcode : 'select'> <InPorts = 3> <OutPorts = 1>
ST_1 : Operation 40 [1/1] (0.83ns) (out node of the LUT)   --->   "%agg_result = mux i32 @_ssdm_op_Mux.ap_auto.8i32.i3, i32 67813, i32 10351, i32 4294962832, i32 40654, i32 73927, i32 17604, i32 4294959174, i32 69259, i3 %select_ln208_83" [firmware/BDT.h:209]   --->   Operation 40 'mux' 'agg_result' <Predicate = true> <Delay = 0.83> <CoreInst = "Multiplexer">   --->   Core 76 'Multiplexer' <Latency = 0> <II = 1> <Delay = 0.83> <FuncUnit> <Opcode : 'mux'> <InPorts = 2> <OutPorts = 1>
ST_1 : Operation 41 [1/1] (0.00ns)   --->   "%ret_ln213 = ret i32 %agg_result" [firmware/BDT.h:213]   --->   Operation 41 'ret' 'ret_ln213' <Predicate = true> <Delay = 0.00>


============================================================
+ Verbose Summary: Binding
============================================================
STG Binding: 
---------------- STG Properties BEGIN ----------------
- Is combinational: 1
- Is one-state seq: 0
- Is datapath-only: 0
- Is pipelined: 1
- Is top level: 0
Port [ Return ] is wired: 1; IO mode=ap_ctrl_hs:ce=0
Port [ p_read1]:  wired=1; compound=0; hidden=0; nouse=0; global=0; static=0; extern=0; dir=0; type=0; pingpong=0; private_global=0; IO mode=ap_none:ce=0
Port [ p_read2]:  wired=1; compound=0; hidden=0; nouse=0; global=0; static=0; extern=0; dir=0; type=0; pingpong=0; private_global=0; IO mode=ap_none:ce=0
Port [ p_read3]:  wired=1; compound=0; hidden=0; nouse=0; global=0; static=0; extern=0; dir=0; type=0; pingpong=0; private_global=0; IO mode=ap_none:ce=0
Port [ p_read4]:  wired=1; compound=0; hidden=0; nouse=0; global=0; static=0; extern=0; dir=0; type=0; pingpong=0; private_global=0; IO mode=ap_none:ce=0
Port [ p_read5]:  wired=1; compound=0; hidden=0; nouse=0; global=0; static=0; extern=0; dir=0; type=0; pingpong=0; private_global=0; IO mode=ap_none:ce=0
Port [ p_read6]:  wired=1; compound=0; hidden=0; nouse=0; global=0; static=0; extern=0; dir=0; type=0; pingpong=0; private_global=0; IO mode=ap_none:ce=0
---------------- STG Properties END ------------------

---------------- Datapath Model BEGIN ----------------

<LifeTime>
<method=bitvector/>
specpipeline_ln0 (specpipeline) [ 00]
p_read66         (read        ) [ 00]
p_read55         (read        ) [ 00]
p_read44         (read        ) [ 00]
p_read33         (read        ) [ 00]
p_read22         (read        ) [ 00]
p_read11         (read        ) [ 00]
comparison       (icmp        ) [ 01]
comparison_103   (icmp        ) [ 00]
comparison_104   (icmp        ) [ 00]
comparison_105   (icmp        ) [ 00]
comparison_106   (icmp        ) [ 00]
comparison_107   (icmp        ) [ 00]
comparison_108   (icmp        ) [ 00]
activation_128   (xor         ) [ 00]
activation_129   (and         ) [ 01]
xor_ln195        (xor         ) [ 00]
activation_130   (and         ) [ 00]
xor_ln195_30     (xor         ) [ 00]
activation       (and         ) [ 00]
and_ln193        (and         ) [ 00]
activation_131   (and         ) [ 00]
activation_132   (and         ) [ 00]
and_ln193_103    (and         ) [ 00]
activation_133   (and         ) [ 00]
xor_ln208        (xor         ) [ 00]
zext_ln208       (zext        ) [ 00]
or_ln208         (or          ) [ 01]
select_ln208     (select      ) [ 00]
select_ln208_79  (select      ) [ 00]
zext_ln208_18    (zext        ) [ 00]
or_ln208_62      (or          ) [ 01]
select_ln208_80  (select      ) [ 00]
or_ln208_63      (or          ) [ 01]
select_ln208_81  (select      ) [ 00]
or_ln208_64      (or          ) [ 01]
select_ln208_82  (select      ) [ 00]
select_ln208_83  (select      ) [ 00]
agg_result       (mux         ) [ 00]
ret_ln213        (ret         ) [ 00]
</LifeTime>

<model>

<comp_list>
<comp id="0" class="1000" name="p_read1">
<pin_list>
<pin id="1" dir="1" index="0" bw="1" slack="0"/>
</pin_list>
<bind>
<StgValue><ssdm name="p_read1"/></StgValue>
</bind>
</comp>

<comp id="2" class="1000" name="p_read2">
<pin_list>
<pin id="3" dir="1" index="0" bw="1" slack="0"/>
</pin_list>
<bind>
<StgValue><ssdm name="p_read2"/></StgValue>
</bind>
</comp>

<comp id="4" class="1000" name="p_read3">
<pin_list>
<pin id="5" dir="1" index="0" bw="1" slack="0"/>
</pin_list>
<bind>
<StgValue><ssdm name="p_read3"/></StgValue>
</bind>
</comp>

<comp id="6" class="1000" name="p_read4">
<pin_list>
<pin id="7" dir="1" index="0" bw="1" slack="0"/>
</pin_list>
<bind>
<StgValue><ssdm name="p_read4"/></StgValue>
</bind>
</comp>

<comp id="8" class="1000" name="p_read5">
<pin_list>
<pin id="9" dir="1" index="0" bw="1" slack="0"/>
</pin_list>
<bind>
<StgValue><ssdm name="p_read5"/></StgValue>
</bind>
</comp>

<comp id="10" class="1000" name="p_read6">
<pin_list>
<pin id="11" dir="1" index="0" bw="1" slack="0"/>
</pin_list>
<bind>
<StgValue><ssdm name="p_read6"/></StgValue>
</bind>
</comp>

<comp id="12" class="1001" name="const_12">
<pin_list>
<pin id="13" dir="1" index="0" bw="1" slack="2147483647"/>
</pin_list>
<bind>
<StgValue><ssdm name="_ssdm_op_SpecPipeline"/></StgValue>
</bind>
</comp>

<comp id="14" class="1001" name="const_14">
<pin_list>
<pin id="15" dir="1" index="0" bw="1" slack="2147483647"/>
</pin_list>
<bind>
<StgValue><ssdm name=""/></StgValue>
</bind>
</comp>

<comp id="16" class="1001" name="const_16">
<pin_list>
<pin id="17" dir="1" index="0" bw="1" slack="2147483647"/>
</pin_list>
<bind>
<StgValue><ssdm name=""/></StgValue>
</bind>
</comp>

<comp id="18" class="1001" name="const_18">
<pin_list>
<pin id="19" dir="1" index="0" bw="1" slack="2147483647"/>
</pin_list>
<bind>
<StgValue><ssdm name="empty_1"/></StgValue>
</bind>
</comp>

<comp id="20" class="1001" name="const_20">
<pin_list>
<pin id="21" dir="1" index="0" bw="1" slack="0"/>
</pin_list>
<bind>
<StgValue><ssdm name="_ssdm_op_Read.ap_auto.i32"/></StgValue>
</bind>
</comp>

<comp id="22" class="1001" name="const_22">
<pin_list>
<pin id="23" dir="1" index="0" bw="1" slack="0"/>
</pin_list>
<bind>
<StgValue><ssdm name=""/></StgValue>
</bind>
</comp>

<comp id="24" class="1001" name="const_24">
<pin_list>
<pin id="25" dir="1" index="0" bw="1" slack="0"/>
</pin_list>
<bind>
<StgValue><ssdm name=""/></StgValue>
</bind>
</comp>

<comp id="26" class="1001" name="const_26">
<pin_list>
<pin id="27" dir="1" index="0" bw="1" slack="0"/>
</pin_list>
<bind>
<StgValue><ssdm name=""/></StgValue>
</bind>
</comp>

<comp id="28" class="1001" name="const_28">
<pin_list>
<pin id="29" dir="1" index="0" bw="1" slack="0"/>
</pin_list>
<bind>
<StgValue><ssdm name=""/></StgValue>
</bind>
</comp>

<comp id="30" class="1001" name="const_30">
<pin_list>
<pin id="31" dir="1" index="0" bw="1" slack="0"/>
</pin_list>
<bind>
<StgValue><ssdm name=""/></StgValue>
</bind>
</comp>

<comp id="32" class="1001" name="const_32">
<pin_list>
<pin id="33" dir="1" index="0" bw="1" slack="0"/>
</pin_list>
<bind>
<StgValue><ssdm name=""/></StgValue>
</bind>
</comp>

<comp id="34" class="1001" name="const_34">
<pin_list>
<pin id="35" dir="1" index="0" bw="1" slack="0"/>
</pin_list>
<bind>
<StgValue><ssdm name=""/></StgValue>
</bind>
</comp>

<comp id="36" class="1001" name="const_36">
<pin_list>
<pin id="37" dir="1" index="0" bw="1" slack="0"/>
</pin_list>
<bind>
<StgValue><ssdm name=""/></StgValue>
</bind>
</comp>

<comp id="38" class="1001" name="const_38">
<pin_list>
<pin id="39" dir="1" index="0" bw="1" slack="0"/>
</pin_list>
<bind>
<StgValue><ssdm name=""/></StgValue>
</bind>
</comp>

<comp id="40" class="1001" name="const_40">
<pin_list>
<pin id="41" dir="1" index="0" bw="1" slack="0"/>
</pin_list>
<bind>
<StgValue><ssdm name=""/></StgValue>
</bind>
</comp>

<comp id="42" class="1001" name="const_42">
<pin_list>
<pin id="43" dir="1" index="0" bw="1" slack="0"/>
</pin_list>
<bind>
<StgValue><ssdm name=""/></StgValue>
</bind>
</comp>

<comp id="44" class="1001" name="const_44">
<pin_list>
<pin id="45" dir="1" index="0" bw="1" slack="0"/>
</pin_list>
<bind>
<StgValue><ssdm name=""/></StgValue>
</bind>
</comp>

<comp id="46" class="1001" name="const_46">
<pin_list>
<pin id="47" dir="1" index="0" bw="1" slack="0"/>
</pin_list>
<bind>
<StgValue><ssdm name=""/></StgValue>
</bind>
</comp>

<comp id="48" class="1001" name="const_48">
<pin_list>
<pin id="49" dir="1" index="0" bw="1" slack="0"/>
</pin_list>
<bind>
<StgValue><ssdm name=""/></StgValue>
</bind>
</comp>

<comp id="50" class="1001" name="const_50">
<pin_list>
<pin id="51" dir="1" index="0" bw="1" slack="0"/>
</pin_list>
<bind>
<StgValue><ssdm name="_ssdm_op_Mux.ap_auto.8i32.i3"/></StgValue>
</bind>
</comp>

<comp id="52" class="1001" name="const_52">
<pin_list>
<pin id="53" dir="1" index="0" bw="1" slack="0"/>
</pin_list>
<bind>
<StgValue><ssdm name=""/></StgValue>
</bind>
</comp>

<comp id="54" class="1001" name="const_54">
<pin_list>
<pin id="55" dir="1" index="0" bw="1" slack="0"/>
</pin_list>
<bind>
<StgValue><ssdm name=""/></StgValue>
</bind>
</comp>

<comp id="56" class="1001" name="const_56">
<pin_list>
<pin id="57" dir="1" index="0" bw="1" slack="0"/>
</pin_list>
<bind>
<StgValue><ssdm name=""/></StgValue>
</bind>
</comp>

<comp id="58" class="1001" name="const_58">
<pin_list>
<pin id="59" dir="1" index="0" bw="1" slack="0"/>
</pin_list>
<bind>
<StgValue><ssdm name=""/></StgValue>
</bind>
</comp>

<comp id="60" class="1001" name="const_60">
<pin_list>
<pin id="61" dir="1" index="0" bw="1" slack="0"/>
</pin_list>
<bind>
<StgValue><ssdm name=""/></StgValue>
</bind>
</comp>

<comp id="62" class="1001" name="const_62">
<pin_list>
<pin id="63" dir="1" index="0" bw="1" slack="0"/>
</pin_list>
<bind>
<StgValue><ssdm name=""/></StgValue>
</bind>
</comp>

<comp id="64" class="1001" name="const_64">
<pin_list>
<pin id="65" dir="1" index="0" bw="1" slack="0"/>
</pin_list>
<bind>
<StgValue><ssdm name=""/></StgValue>
</bind>
</comp>

<comp id="66" class="1001" name="const_66">
<pin_list>
<pin id="67" dir="1" index="0" bw="1" slack="0"/>
</pin_list>
<bind>
<StgValue><ssdm name=""/></StgValue>
</bind>
</comp>

<comp id="68" class="1004" name="p_read66_read_fu_68">
<pin_list>
<pin id="69" dir="0" index="0" bw="32" slack="0"/>
<pin id="70" dir="0" index="1" bw="32" slack="0"/>
<pin id="71" dir="1" index="2" bw="32" slack="0"/>
</pin_list>
<bind>
<opcode="read(1150) " fcode="read"/>
<opset="p_read66/1 "/>
</bind>
</comp>

<comp id="74" class="1004" name="p_read55_read_fu_74">
<pin_list>
<pin id="75" dir="0" index="0" bw="32" slack="0"/>
<pin id="76" dir="0" index="1" bw="32" slack="0"/>
<pin id="77" dir="1" index="2" bw="32" slack="0"/>
</pin_list>
<bind>
<opcode="read(1150) " fcode="read"/>
<opset="p_read55/1 "/>
</bind>
</comp>

<comp id="80" class="1004" name="p_read44_read_fu_80">
<pin_list>
<pin id="81" dir="0" index="0" bw="32" slack="0"/>
<pin id="82" dir="0" index="1" bw="32" slack="0"/>
<pin id="83" dir="1" index="2" bw="32" slack="0"/>
</pin_list>
<bind>
<opcode="read(1150) " fcode="read"/>
<opset="p_read44/1 "/>
</bind>
</comp>

<comp id="86" class="1004" name="p_read33_read_fu_86">
<pin_list>
<pin id="87" dir="0" index="0" bw="32" slack="0"/>
<pin id="88" dir="0" index="1" bw="32" slack="0"/>
<pin id="89" dir="1" index="2" bw="32" slack="0"/>
</pin_list>
<bind>
<opcode="read(1150) " fcode="read"/>
<opset="p_read33/1 "/>
</bind>
</comp>

<comp id="92" class="1004" name="p_read22_read_fu_92">
<pin_list>
<pin id="93" dir="0" index="0" bw="32" slack="0"/>
<pin id="94" dir="0" index="1" bw="32" slack="0"/>
<pin id="95" dir="1" index="2" bw="32" slack="0"/>
</pin_list>
<bind>
<opcode="read(1150) " fcode="read"/>
<opset="p_read22/1 "/>
</bind>
</comp>

<comp id="98" class="1004" name="p_read11_read_fu_98">
<pin_list>
<pin id="99" dir="0" index="0" bw="32" slack="0"/>
<pin id="100" dir="0" index="1" bw="32" slack="0"/>
<pin id="101" dir="1" index="2" bw="32" slack="0"/>
</pin_list>
<bind>
<opcode="read(1150) " fcode="read"/>
<opset="p_read11/1 "/>
</bind>
</comp>

<comp id="104" class="1004" name="comparison_fu_104">
<pin_list>
<pin id="105" dir="0" index="0" bw="32" slack="0"/>
<pin id="106" dir="0" index="1" bw="17" slack="0"/>
<pin id="107" dir="1" index="2" bw="1" slack="0"/>
</pin_list>
<bind>
<opcode="icmp(45) " fcode="icmp"/>
<opset="comparison/1 "/>
</bind>
</comp>

<comp id="110" class="1004" name="comparison_103_fu_110">
<pin_list>
<pin id="111" dir="0" index="0" bw="32" slack="0"/>
<pin id="112" dir="0" index="1" bw="11" slack="0"/>
<pin id="113" dir="1" index="2" bw="1" slack="0"/>
</pin_list>
<bind>
<opcode="icmp(45) " fcode="icmp"/>
<opset="comparison_103/1 "/>
</bind>
</comp>

<comp id="116" class="1004" name="comparison_104_fu_116">
<pin_list>
<pin id="117" dir="0" index="0" bw="32" slack="0"/>
<pin id="118" dir="0" index="1" bw="18" slack="0"/>
<pin id="119" dir="1" index="2" bw="1" slack="0"/>
</pin_list>
<bind>
<opcode="icmp(45) " fcode="icmp"/>
<opset="comparison_104/1 "/>
</bind>
</comp>

<comp id="122" class="1004" name="comparison_105_fu_122">
<pin_list>
<pin id="123" dir="0" index="0" bw="32" slack="0"/>
<pin id="124" dir="0" index="1" bw="14" slack="0"/>
<pin id="125" dir="1" index="2" bw="1" slack="0"/>
</pin_list>
<bind>
<opcode="icmp(45) " fcode="icmp"/>
<opset="comparison_105/1 "/>
</bind>
</comp>

<comp id="128" class="1004" name="comparison_106_fu_128">
<pin_list>
<pin id="129" dir="0" index="0" bw="32" slack="0"/>
<pin id="130" dir="0" index="1" bw="17" slack="0"/>
<pin id="131" dir="1" index="2" bw="1" slack="0"/>
</pin_list>
<bind>
<opcode="icmp(45) " fcode="icmp"/>
<opset="comparison_106/1 "/>
</bind>
</comp>

<comp id="134" class="1004" name="comparison_107_fu_134">
<pin_list>
<pin id="135" dir="0" index="0" bw="32" slack="0"/>
<pin id="136" dir="0" index="1" bw="17" slack="0"/>
<pin id="137" dir="1" index="2" bw="1" slack="0"/>
</pin_list>
<bind>
<opcode="icmp(45) " fcode="icmp"/>
<opset="comparison_107/1 "/>
</bind>
</comp>

<comp id="140" class="1004" name="comparison_108_fu_140">
<pin_list>
<pin id="141" dir="0" index="0" bw="32" slack="0"/>
<pin id="142" dir="0" index="1" bw="18" slack="0"/>
<pin id="143" dir="1" index="2" bw="1" slack="0"/>
</pin_list>
<bind>
<opcode="icmp(45) " fcode="icmp"/>
<opset="comparison_108/1 "/>
</bind>
</comp>

<comp id="146" class="1004" name="activation_128_fu_146">
<pin_list>
<pin id="147" dir="0" index="0" bw="1" slack="0"/>
<pin id="148" dir="0" index="1" bw="1" slack="0"/>
<pin id="149" dir="1" index="2" bw="1" slack="0"/>
</pin_list>
<bind>
<opcode="xor(25) " fcode="xor"/>
<opset="activation_128/1 "/>
</bind>
</comp>

<comp id="152" class="1004" name="activation_129_fu_152">
<pin_list>
<pin id="153" dir="0" index="0" bw="1" slack="0"/>
<pin id="154" dir="0" index="1" bw="1" slack="0"/>
<pin id="155" dir="1" index="2" bw="1" slack="0"/>
</pin_list>
<bind>
<opcode="and(23) " fcode="and"/>
<opset="activation_129/1 "/>
</bind>
</comp>

<comp id="158" class="1004" name="xor_ln195_fu_158">
<pin_list>
<pin id="159" dir="0" index="0" bw="1" slack="0"/>
<pin id="160" dir="0" index="1" bw="1" slack="0"/>
<pin id="161" dir="1" index="2" bw="1" slack="0"/>
</pin_list>
<bind>
<opcode="xor(25) " fcode="xor"/>
<opset="xor_ln195/1 "/>
</bind>
</comp>

<comp id="164" class="1004" name="activation_130_fu_164">
<pin_list>
<pin id="165" dir="0" index="0" bw="1" slack="0"/>
<pin id="166" dir="0" index="1" bw="1" slack="0"/>
<pin id="167" dir="1" index="2" bw="1" slack="0"/>
</pin_list>
<bind>
<opcode="and(23) " fcode="and"/>
<opset="activation_130/1 "/>
</bind>
</comp>

<comp id="170" class="1004" name="xor_ln195_30_fu_170">
<pin_list>
<pin id="171" dir="0" index="0" bw="1" slack="0"/>
<pin id="172" dir="0" index="1" bw="1" slack="0"/>
<pin id="173" dir="1" index="2" bw="1" slack="0"/>
</pin_list>
<bind>
<opcode="xor(25) " fcode="xor"/>
<opset="xor_ln195_30/1 "/>
</bind>
</comp>

<comp id="176" class="1004" name="activation_fu_176">
<pin_list>
<pin id="177" dir="0" index="0" bw="1" slack="0"/>
<pin id="178" dir="0" index="1" bw="1" slack="0"/>
<pin id="179" dir="1" index="2" bw="1" slack="0"/>
</pin_list>
<bind>
<opcode="and(23) " fcode="and"/>
<opset="activation/1 "/>
</bind>
</comp>

<comp id="182" class="1004" name="and_ln193_fu_182">
<pin_list>
<pin id="183" dir="0" index="0" bw="1" slack="0"/>
<pin id="184" dir="0" index="1" bw="1" slack="0"/>
<pin id="185" dir="1" index="2" bw="1" slack="0"/>
</pin_list>
<bind>
<opcode="and(23) " fcode="and"/>
<opset="and_ln193/1 "/>
</bind>
</comp>

<comp id="188" class="1004" name="activation_131_fu_188">
<pin_list>
<pin id="189" dir="0" index="0" bw="1" slack="0"/>
<pin id="190" dir="0" index="1" bw="1" slack="0"/>
<pin id="191" dir="1" index="2" bw="1" slack="0"/>
</pin_list>
<bind>
<opcode="and(23) " fcode="and"/>
<opset="activation_131/1 "/>
</bind>
</comp>

<comp id="194" class="1004" name="activation_132_fu_194">
<pin_list>
<pin id="195" dir="0" index="0" bw="1" slack="0"/>
<pin id="196" dir="0" index="1" bw="1" slack="0"/>
<pin id="197" dir="1" index="2" bw="1" slack="0"/>
</pin_list>
<bind>
<opcode="and(23) " fcode="and"/>
<opset="activation_132/1 "/>
</bind>
</comp>

<comp id="200" class="1004" name="and_ln193_103_fu_200">
<pin_list>
<pin id="201" dir="0" index="0" bw="1" slack="0"/>
<pin id="202" dir="0" index="1" bw="1" slack="0"/>
<pin id="203" dir="1" index="2" bw="1" slack="0"/>
</pin_list>
<bind>
<opcode="and(23) " fcode="and"/>
<opset="and_ln193_103/1 "/>
</bind>
</comp>

<comp id="206" class="1004" name="activation_133_fu_206">
<pin_list>
<pin id="207" dir="0" index="0" bw="1" slack="0"/>
<pin id="208" dir="0" index="1" bw="1" slack="0"/>
<pin id="209" dir="1" index="2" bw="1" slack="0"/>
</pin_list>
<bind>
<opcode="and(23) " fcode="and"/>
<opset="activation_133/1 "/>
</bind>
</comp>

<comp id="212" class="1004" name="xor_ln208_fu_212">
<pin_list>
<pin id="213" dir="0" index="0" bw="1" slack="0"/>
<pin id="214" dir="0" index="1" bw="1" slack="0"/>
<pin id="215" dir="1" index="2" bw="1" slack="0"/>
</pin_list>
<bind>
<opcode="xor(25) " fcode="xor"/>
<opset="xor_ln208/1 "/>
</bind>
</comp>

<comp id="218" class="1004" name="zext_ln208_fu_218">
<pin_list>
<pin id="219" dir="0" index="0" bw="1" slack="0"/>
<pin id="220" dir="1" index="1" bw="2" slack="0"/>
</pin_list>
<bind>
<opcode="zext(34) " fcode="zext"/>
<opset="zext_ln208/1 "/>
</bind>
</comp>

<comp id="222" class="1004" name="or_ln208_fu_222">
<pin_list>
<pin id="223" dir="0" index="0" bw="1" slack="0"/>
<pin id="224" dir="0" index="1" bw="1" slack="0"/>
<pin id="225" dir="1" index="2" bw="1" slack="0"/>
</pin_list>
<bind>
<opcode="or(24) " fcode="or"/>
<opset="or_ln208/1 "/>
</bind>
</comp>

<comp id="228" class="1004" name="select_ln208_fu_228">
<pin_list>
<pin id="229" dir="0" index="0" bw="1" slack="0"/>
<pin id="230" dir="0" index="1" bw="1" slack="0"/>
<pin id="231" dir="0" index="2" bw="2" slack="0"/>
<pin id="232" dir="1" index="3" bw="2" slack="0"/>
</pin_list>
<bind>
<opcode="select(49) " fcode="select"/>
<opset="select_ln208/1 "/>
</bind>
</comp>

<comp id="236" class="1004" name="select_ln208_79_fu_236">
<pin_list>
<pin id="237" dir="0" index="0" bw="1" slack="0"/>
<pin id="238" dir="0" index="1" bw="2" slack="0"/>
<pin id="239" dir="0" index="2" bw="1" slack="0"/>
<pin id="240" dir="1" index="3" bw="2" slack="0"/>
</pin_list>
<bind>
<opcode="select(49) " fcode="select"/>
<opset="select_ln208_79/1 "/>
</bind>
</comp>

<comp id="244" class="1004" name="zext_ln208_18_fu_244">
<pin_list>
<pin id="245" dir="0" index="0" bw="2" slack="0"/>
<pin id="246" dir="1" index="1" bw="3" slack="0"/>
</pin_list>
<bind>
<opcode="zext(34) " fcode="zext"/>
<opset="zext_ln208_18/1 "/>
</bind>
</comp>

<comp id="248" class="1004" name="or_ln208_62_fu_248">
<pin_list>
<pin id="249" dir="0" index="0" bw="1" slack="0"/>
<pin id="250" dir="0" index="1" bw="1" slack="0"/>
<pin id="251" dir="1" index="2" bw="1" slack="0"/>
</pin_list>
<bind>
<opcode="or(24) " fcode="or"/>
<opset="or_ln208_62/1 "/>
</bind>
</comp>

<comp id="254" class="1004" name="select_ln208_80_fu_254">
<pin_list>
<pin id="255" dir="0" index="0" bw="1" slack="0"/>
<pin id="256" dir="0" index="1" bw="2" slack="0"/>
<pin id="257" dir="0" index="2" bw="3" slack="0"/>
<pin id="258" dir="1" index="3" bw="3" slack="0"/>
</pin_list>
<bind>
<opcode="select(49) " fcode="select"/>
<opset="select_ln208_80/1 "/>
</bind>
</comp>

<comp id="262" class="1004" name="or_ln208_63_fu_262">
<pin_list>
<pin id="263" dir="0" index="0" bw="1" slack="0"/>
<pin id="264" dir="0" index="1" bw="1" slack="0"/>
<pin id="265" dir="1" index="2" bw="1" slack="0"/>
</pin_list>
<bind>
<opcode="or(24) " fcode="or"/>
<opset="or_ln208_63/1 "/>
</bind>
</comp>

<comp id="268" class="1004" name="select_ln208_81_fu_268">
<pin_list>
<pin id="269" dir="0" index="0" bw="1" slack="0"/>
<pin id="270" dir="0" index="1" bw="3" slack="0"/>
<pin id="271" dir="0" index="2" bw="3" slack="0"/>
<pin id="272" dir="1" index="3" bw="3" slack="0"/>
</pin_list>
<bind>
<opcode="select(49) " fcode="select"/>
<opset="select_ln208_81/1 "/>
</bind>
</comp>

<comp id="276" class="1004" name="or_ln208_64_fu_276">
<pin_list>
<pin id="277" dir="0" index="0" bw="1" slack="0"/>
<pin id="278" dir="0" index="1" bw="1" slack="0"/>
<pin id="279" dir="1" index="2" bw="1" slack="0"/>
</pin_list>
<bind>
<opcode="or(24) " fcode="or"/>
<opset="or_ln208_64/1 "/>
</bind>
</comp>

<comp id="282" class="1004" name="select_ln208_82_fu_282">
<pin_list>
<pin id="283" dir="0" index="0" bw="1" slack="0"/>
<pin id="284" dir="0" index="1" bw="3" slack="0"/>
<pin id="285" dir="0" index="2" bw="2" slack="0"/>
<pin id="286" dir="1" index="3" bw="3" slack="0"/>
</pin_list>
<bind>
<opcode="select(49) " fcode="select"/>
<opset="select_ln208_82/1 "/>
</bind>
</comp>

<comp id="290" class="1004" name="select_ln208_83_fu_290">
<pin_list>
<pin id="291" dir="0" index="0" bw="1" slack="0"/>
<pin id="292" dir="0" index="1" bw="3" slack="0"/>
<pin id="293" dir="0" index="2" bw="1" slack="0"/>
<pin id="294" dir="1" index="3" bw="3" slack="0"/>
</pin_list>
<bind>
<opcode="select(49) " fcode="select"/>
<opset="select_ln208_83/1 "/>
</bind>
</comp>

<comp id="298" class="1004" name="agg_result_fu_298">
<pin_list>
<pin id="299" dir="0" index="0" bw="32" slack="0"/>
<pin id="300" dir="0" index="1" bw="18" slack="0"/>
<pin id="301" dir="0" index="2" bw="15" slack="0"/>
<pin id="302" dir="0" index="3" bw="14" slack="0"/>
<pin id="303" dir="0" index="4" bw="17" slack="0"/>
<pin id="304" dir="0" index="5" bw="18" slack="0"/>
<pin id="305" dir="0" index="6" bw="16" slack="0"/>
<pin id="306" dir="0" index="7" bw="14" slack="0"/>
<pin id="307" dir="0" index="8" bw="18" slack="0"/>
<pin id="308" dir="0" index="9" bw="3" slack="0"/>
<pin id="309" dir="1" index="10" bw="32" slack="2147483647"/>
</pin_list>
<bind>
<opcode="mux(1196) " fcode="mux"/>
<opset="agg_result/1 "/>
</bind>
</comp>

</comp_list>

<net_list>
<net id="72"><net_src comp="20" pin="0"/><net_sink comp="68" pin=0"/></net>

<net id="73"><net_src comp="10" pin="0"/><net_sink comp="68" pin=1"/></net>

<net id="78"><net_src comp="20" pin="0"/><net_sink comp="74" pin=0"/></net>

<net id="79"><net_src comp="8" pin="0"/><net_sink comp="74" pin=1"/></net>

<net id="84"><net_src comp="20" pin="0"/><net_sink comp="80" pin=0"/></net>

<net id="85"><net_src comp="6" pin="0"/><net_sink comp="80" pin=1"/></net>

<net id="90"><net_src comp="20" pin="0"/><net_sink comp="86" pin=0"/></net>

<net id="91"><net_src comp="4" pin="0"/><net_sink comp="86" pin=1"/></net>

<net id="96"><net_src comp="20" pin="0"/><net_sink comp="92" pin=0"/></net>

<net id="97"><net_src comp="2" pin="0"/><net_sink comp="92" pin=1"/></net>

<net id="102"><net_src comp="20" pin="0"/><net_sink comp="98" pin=0"/></net>

<net id="103"><net_src comp="0" pin="0"/><net_sink comp="98" pin=1"/></net>

<net id="108"><net_src comp="92" pin="2"/><net_sink comp="104" pin=0"/></net>

<net id="109"><net_src comp="22" pin="0"/><net_sink comp="104" pin=1"/></net>

<net id="114"><net_src comp="86" pin="2"/><net_sink comp="110" pin=0"/></net>

<net id="115"><net_src comp="24" pin="0"/><net_sink comp="110" pin=1"/></net>

<net id="120"><net_src comp="68" pin="2"/><net_sink comp="116" pin=0"/></net>

<net id="121"><net_src comp="26" pin="0"/><net_sink comp="116" pin=1"/></net>

<net id="126"><net_src comp="98" pin="2"/><net_sink comp="122" pin=0"/></net>

<net id="127"><net_src comp="28" pin="0"/><net_sink comp="122" pin=1"/></net>

<net id="132"><net_src comp="86" pin="2"/><net_sink comp="128" pin=0"/></net>

<net id="133"><net_src comp="30" pin="0"/><net_sink comp="128" pin=1"/></net>

<net id="138"><net_src comp="74" pin="2"/><net_sink comp="134" pin=0"/></net>

<net id="139"><net_src comp="32" pin="0"/><net_sink comp="134" pin=1"/></net>

<net id="144"><net_src comp="80" pin="2"/><net_sink comp="140" pin=0"/></net>

<net id="145"><net_src comp="34" pin="0"/><net_sink comp="140" pin=1"/></net>

<net id="150"><net_src comp="104" pin="2"/><net_sink comp="146" pin=0"/></net>

<net id="151"><net_src comp="36" pin="0"/><net_sink comp="146" pin=1"/></net>

<net id="156"><net_src comp="110" pin="2"/><net_sink comp="152" pin=0"/></net>

<net id="157"><net_src comp="104" pin="2"/><net_sink comp="152" pin=1"/></net>

<net id="162"><net_src comp="110" pin="2"/><net_sink comp="158" pin=0"/></net>

<net id="163"><net_src comp="36" pin="0"/><net_sink comp="158" pin=1"/></net>

<net id="168"><net_src comp="116" pin="2"/><net_sink comp="164" pin=0"/></net>

<net id="169"><net_src comp="146" pin="2"/><net_sink comp="164" pin=1"/></net>

<net id="174"><net_src comp="116" pin="2"/><net_sink comp="170" pin=0"/></net>

<net id="175"><net_src comp="36" pin="0"/><net_sink comp="170" pin=1"/></net>

<net id="180"><net_src comp="122" pin="2"/><net_sink comp="176" pin=0"/></net>

<net id="181"><net_src comp="152" pin="2"/><net_sink comp="176" pin=1"/></net>

<net id="186"><net_src comp="128" pin="2"/><net_sink comp="182" pin=0"/></net>

<net id="187"><net_src comp="158" pin="2"/><net_sink comp="182" pin=1"/></net>

<net id="192"><net_src comp="182" pin="2"/><net_sink comp="188" pin=0"/></net>

<net id="193"><net_src comp="104" pin="2"/><net_sink comp="188" pin=1"/></net>

<net id="198"><net_src comp="134" pin="2"/><net_sink comp="194" pin=0"/></net>

<net id="199"><net_src comp="164" pin="2"/><net_sink comp="194" pin=1"/></net>

<net id="204"><net_src comp="140" pin="2"/><net_sink comp="200" pin=0"/></net>

<net id="205"><net_src comp="146" pin="2"/><net_sink comp="200" pin=1"/></net>

<net id="210"><net_src comp="200" pin="2"/><net_sink comp="206" pin=0"/></net>

<net id="211"><net_src comp="170" pin="2"/><net_sink comp="206" pin=1"/></net>

<net id="216"><net_src comp="176" pin="2"/><net_sink comp="212" pin=0"/></net>

<net id="217"><net_src comp="36" pin="0"/><net_sink comp="212" pin=1"/></net>

<net id="221"><net_src comp="212" pin="2"/><net_sink comp="218" pin=0"/></net>

<net id="226"><net_src comp="152" pin="2"/><net_sink comp="222" pin=0"/></net>

<net id="227"><net_src comp="188" pin="2"/><net_sink comp="222" pin=1"/></net>

<net id="233"><net_src comp="152" pin="2"/><net_sink comp="228" pin=0"/></net>

<net id="234"><net_src comp="218" pin="1"/><net_sink comp="228" pin=1"/></net>

<net id="235"><net_src comp="38" pin="0"/><net_sink comp="228" pin=2"/></net>

<net id="241"><net_src comp="222" pin="2"/><net_sink comp="236" pin=0"/></net>

<net id="242"><net_src comp="228" pin="3"/><net_sink comp="236" pin=1"/></net>

<net id="243"><net_src comp="40" pin="0"/><net_sink comp="236" pin=2"/></net>

<net id="247"><net_src comp="236" pin="3"/><net_sink comp="244" pin=0"/></net>

<net id="252"><net_src comp="104" pin="2"/><net_sink comp="248" pin=0"/></net>

<net id="253"><net_src comp="194" pin="2"/><net_sink comp="248" pin=1"/></net>

<net id="259"><net_src comp="104" pin="2"/><net_sink comp="254" pin=0"/></net>

<net id="260"><net_src comp="244" pin="1"/><net_sink comp="254" pin=1"/></net>

<net id="261"><net_src comp="42" pin="0"/><net_sink comp="254" pin=2"/></net>

<net id="266"><net_src comp="104" pin="2"/><net_sink comp="262" pin=0"/></net>

<net id="267"><net_src comp="164" pin="2"/><net_sink comp="262" pin=1"/></net>

<net id="273"><net_src comp="248" pin="2"/><net_sink comp="268" pin=0"/></net>

<net id="274"><net_src comp="254" pin="3"/><net_sink comp="268" pin=1"/></net>

<net id="275"><net_src comp="44" pin="0"/><net_sink comp="268" pin=2"/></net>

<net id="280"><net_src comp="262" pin="2"/><net_sink comp="276" pin=0"/></net>

<net id="281"><net_src comp="206" pin="2"/><net_sink comp="276" pin=1"/></net>

<net id="287"><net_src comp="262" pin="2"/><net_sink comp="282" pin=0"/></net>

<net id="288"><net_src comp="268" pin="3"/><net_sink comp="282" pin=1"/></net>

<net id="289"><net_src comp="46" pin="0"/><net_sink comp="282" pin=2"/></net>

<net id="295"><net_src comp="276" pin="2"/><net_sink comp="290" pin=0"/></net>

<net id="296"><net_src comp="282" pin="3"/><net_sink comp="290" pin=1"/></net>

<net id="297"><net_src comp="48" pin="0"/><net_sink comp="290" pin=2"/></net>

<net id="310"><net_src comp="50" pin="0"/><net_sink comp="298" pin=0"/></net>

<net id="311"><net_src comp="52" pin="0"/><net_sink comp="298" pin=1"/></net>

<net id="312"><net_src comp="54" pin="0"/><net_sink comp="298" pin=2"/></net>

<net id="313"><net_src comp="56" pin="0"/><net_sink comp="298" pin=3"/></net>

<net id="314"><net_src comp="58" pin="0"/><net_sink comp="298" pin=4"/></net>

<net id="315"><net_src comp="60" pin="0"/><net_sink comp="298" pin=5"/></net>

<net id="316"><net_src comp="62" pin="0"/><net_sink comp="298" pin=6"/></net>

<net id="317"><net_src comp="64" pin="0"/><net_sink comp="298" pin=7"/></net>

<net id="318"><net_src comp="66" pin="0"/><net_sink comp="298" pin=8"/></net>

<net id="319"><net_src comp="290" pin="3"/><net_sink comp="298" pin=9"/></net>

</net_list>

</model> 
---------------- Datapath Model END ------------------

* FSMD analyzer results:
  - Output states:
 - Input state : 
	Port: decision_function.36 : p_read1 | {1 }
	Port: decision_function.36 : p_read2 | {1 }
	Port: decision_function.36 : p_read3 | {1 }
	Port: decision_function.36 : p_read4 | {1 }
	Port: decision_function.36 : p_read5 | {1 }
	Port: decision_function.36 : p_read6 | {1 }
  - Chain level:
	State 1
		activation_128 : 1
		activation_129 : 1
		xor_ln195 : 1
		activation_130 : 1
		xor_ln195_30 : 1
		activation : 1
		and_ln193 : 1
		activation_131 : 1
		activation_132 : 1
		and_ln193_103 : 1
		activation_133 : 1
		xor_ln208 : 1
		zext_ln208 : 1
		or_ln208 : 1
		select_ln208 : 2
		select_ln208_79 : 3
		zext_ln208_18 : 4
		or_ln208_62 : 1
		select_ln208_80 : 5
		or_ln208_63 : 1
		select_ln208_81 : 6
		or_ln208_64 : 1
		select_ln208_82 : 7
		select_ln208_83 : 8
		agg_result : 9
		ret_ln213 : 10


============================================================
+ Verbose Summary: Datapath Resource usage 
============================================================

* Functional unit list:
|----------|------------------------|---------|---------|
| Operation|     Functional Unit    |    FF   |   LUT   |
|----------|------------------------|---------|---------|
|          |    comparison_fu_104   |    0    |    20   |
|          |  comparison_103_fu_110 |    0    |    20   |
|          |  comparison_104_fu_116 |    0    |    20   |
|   icmp   |  comparison_105_fu_122 |    0    |    20   |
|          |  comparison_106_fu_128 |    0    |    20   |
|          |  comparison_107_fu_134 |    0    |    20   |
|          |  comparison_108_fu_140 |    0    |    20   |
|----------|------------------------|---------|---------|
|    mux   |    agg_result_fu_298   |    0    |    43   |
|----------|------------------------|---------|---------|
|          |  activation_129_fu_152 |    0    |    2    |
|          |  activation_130_fu_164 |    0    |    2    |
|          |    activation_fu_176   |    0    |    2    |
|    and   |    and_ln193_fu_182    |    0    |    2    |
|          |  activation_131_fu_188 |    0    |    2    |
|          |  activation_132_fu_194 |    0    |    2    |
|          |  and_ln193_103_fu_200  |    0    |    2    |
|          |  activation_133_fu_206 |    0    |    2    |
|----------|------------------------|---------|---------|
|          |   select_ln208_fu_228  |    0    |    2    |
|          | select_ln208_79_fu_236 |    0    |    2    |
|  select  | select_ln208_80_fu_254 |    0    |    3    |
|          | select_ln208_81_fu_268 |    0    |    3    |
|          | select_ln208_82_fu_282 |    0    |    3    |
|          | select_ln208_83_fu_290 |    0    |    3    |
|----------|------------------------|---------|---------|
|          |  activation_128_fu_146 |    0    |    2    |
|    xor   |    xor_ln195_fu_158    |    0    |    2    |
|          |   xor_ln195_30_fu_170  |    0    |    2    |
|          |    xor_ln208_fu_212    |    0    |    2    |
|----------|------------------------|---------|---------|
|          |     or_ln208_fu_222    |    0    |    2    |
|    or    |   or_ln208_62_fu_248   |    0    |    2    |
|          |   or_ln208_63_fu_262   |    0    |    2    |
|          |   or_ln208_64_fu_276   |    0    |    2    |
|----------|------------------------|---------|---------|
|          |   p_read66_read_fu_68  |    0    |    0    |
|          |   p_read55_read_fu_74  |    0    |    0    |
|   read   |   p_read44_read_fu_80  |    0    |    0    |
|          |   p_read33_read_fu_86  |    0    |    0    |
|          |   p_read22_read_fu_92  |    0    |    0    |
|          |   p_read11_read_fu_98  |    0    |    0    |
|----------|------------------------|---------|---------|
|   zext   |    zext_ln208_fu_218   |    0    |    0    |
|          |  zext_ln208_18_fu_244  |    0    |    0    |
|----------|------------------------|---------|---------|
|   Total  |                        |    0    |   231   |
|----------|------------------------|---------|---------|

Memories:
N/A

* Register list:
N/A

* Multiplexer (MUX) list: 
|--------|------|------|------|--------|
|  Comp  |  Pin | Size |  BW  | S x BW |
|--------|------|------|------|--------|
|  Total |      |      |      |    0   |
|--------|------|------|------|--------|



* Summary:
+-----------+--------+--------+
|           |   FF   |   LUT  |
+-----------+--------+--------+
|  Function |    0   |   231  |
|   Memory  |    -   |    -   |
|Multiplexer|    -   |    -   |
|  Register |    -   |    -   |
+-----------+--------+--------+
|   Total   |    0   |   231  |
+-----------+--------+--------+
