

================================================================
== Vitis HLS Report for 'decision_function_19'
================================================================
* Date:           Sun Jun 26 16:46:51 2022

* Version:        2021.2 (Build 3367213 on Tue Oct 19 02:47:39 MDT 2021)
* Project:        myproject_prj
* Solution:       solution1 (Vivado IP Flow Target)
* Product family: zynquplus
* Target device:  xczu3eg-sbva484-1-e


================================================================
== Performance Estimates
================================================================
+ Timing: 
    * Summary: 
    +--------+---------+----------+------------+
    |  Clock |  Target | Estimated| Uncertainty|
    +--------+---------+----------+------------+
    |ap_clk  |  7.00 ns|  2.767 ns|     1.89 ns|
    +--------+---------+----------+------------+

+ Latency: 
    * Summary: 
    +---------+---------+----------+----------+-----+-----+---------+
    |  Latency (cycles) |  Latency (absolute) |  Interval | Pipeline|
    |   min   |   max   |    min   |    max   | min | max |   Type  |
    +---------+---------+----------+----------+-----+-----+---------+
    |        0|        0|      0 ns|      0 ns|    1|    1|      yes|
    +---------+---------+----------+----------+-----+-----+---------+

    + Detail: 
        * Instance: 
        N/A

        * Loop: 
        N/A

============================================================
+ Verbose Summary: Synthesis Manager
============================================================
InlineROM: 1
ExposeGlobal: 0
============================================================
+ Verbose Summary: CDFG Model
============================================================
IsTopModel: 0
ResetActiveHigh: 1
IsCombinational: 0
IsDatapathOnly: 0
HasWiredReturn: 1
HasMFsm: 2
HasVarLatency: 0
IsPipeline: 1
IsRtlPipelined: 0
IsInstanceOverlapped: 0
IsDontTouch: 0
HasImplIP: 0
IsGatedGlobalClock: 0

+ Individual pipeline summary: 
  * Pipeline-0: initiation interval (II) = 1, depth = 1


============================================================
+ Verbose Summary: Schedule
============================================================
* Number of FSM states : 1
* Pipeline : 1
  Pipeline-0 : II = 1, D = 1, States = { 1 }
* Dataflow Pipeline: 0

* FSM state transitions: 
1 --> 

* FSM state operations: 

State 1 <SV = 0> <Delay = 2.76>
ST_1 : Operation 2 [1/1] (0.00ns)   --->   "%specpipeline_ln0 = specpipeline void @_ssdm_op_SpecPipeline, i32 1, i32 0, i32 0, i32 0, void @empty_1" [firmware/BDT.h:0]   --->   Operation 2 'specpipeline' 'specpipeline_ln0' <Predicate = true> <Delay = 0.00>
ST_1 : Operation 3 [1/1] (0.00ns)   --->   "%p_read44 = read i32 @_ssdm_op_Read.ap_auto.i32, i32 %p_read4"   --->   Operation 3 'read' 'p_read44' <Predicate = true> <Delay = 0.00>
ST_1 : Operation 4 [1/1] (0.00ns)   --->   "%p_read33 = read i32 @_ssdm_op_Read.ap_auto.i32, i32 %p_read3"   --->   Operation 4 'read' 'p_read33' <Predicate = true> <Delay = 0.00>
ST_1 : Operation 5 [1/1] (0.00ns)   --->   "%p_read22 = read i32 @_ssdm_op_Read.ap_auto.i32, i32 %p_read2"   --->   Operation 5 'read' 'p_read22' <Predicate = true> <Delay = 0.00>
ST_1 : Operation 6 [1/1] (0.00ns)   --->   "%p_read11 = read i32 @_ssdm_op_Read.ap_auto.i32, i32 %p_read1"   --->   Operation 6 'read' 'p_read11' <Predicate = true> <Delay = 0.00>
ST_1 : Operation 7 [1/1] (1.11ns)   --->   "%comparison = icmp_slt  i32 %p_read22, i32 135470"   --->   Operation 7 'icmp' 'comparison' <Predicate = true> <Delay = 1.11> <CoreInst = "Cmp">   --->   Core 9 'Cmp' <Latency = 0> <II = 1> <Delay = 1.11> <FuncUnit> <Opcode : 'icmp'> <InPorts = 2> <OutPorts = 1>
ST_1 : Operation 8 [1/1] (1.11ns)   --->   "%comparison_201 = icmp_slt  i32 %p_read44, i32 61589"   --->   Operation 8 'icmp' 'comparison_201' <Predicate = true> <Delay = 1.11> <CoreInst = "Cmp">   --->   Core 9 'Cmp' <Latency = 0> <II = 1> <Delay = 1.11> <FuncUnit> <Opcode : 'icmp'> <InPorts = 2> <OutPorts = 1>
ST_1 : Operation 9 [1/1] (1.11ns)   --->   "%comparison_202 = icmp_slt  i32 %p_read11, i32 132835"   --->   Operation 9 'icmp' 'comparison_202' <Predicate = (or_ln208_61 & or_ln208_62)> <Delay = 1.11> <CoreInst = "Cmp">   --->   Core 9 'Cmp' <Latency = 0> <II = 1> <Delay = 1.11> <FuncUnit> <Opcode : 'icmp'> <InPorts = 2> <OutPorts = 1>
ST_1 : Operation 10 [1/1] (1.11ns)   --->   "%comparison_203 = icmp_slt  i32 %p_read33, i32 65386"   --->   Operation 10 'icmp' 'comparison_203' <Predicate = true> <Delay = 1.11> <CoreInst = "Cmp">   --->   Core 9 'Cmp' <Latency = 0> <II = 1> <Delay = 1.11> <FuncUnit> <Opcode : 'icmp'> <InPorts = 2> <OutPorts = 1>
ST_1 : Operation 11 [1/1] (0.33ns)   --->   "%activation = xor i1 %comparison, i1 1" [firmware/BDT.h:195]   --->   Operation 11 'xor' 'activation' <Predicate = true> <Delay = 0.33> <CoreInst = "LogicGate">   --->   Core 74 'LogicGate' <Latency = 0> <II = 1> <Delay = 0.33> <FuncUnit> <Opcode : 'and' 'or' 'xor'> <InPorts = 2> <OutPorts = 1>
ST_1 : Operation 12 [1/1] (0.00ns) (grouped into LUT with out node agg_result)   --->   "%xor_ln195 = xor i1 %comparison_201, i1 1" [firmware/BDT.h:195]   --->   Operation 12 'xor' 'xor_ln195' <Predicate = true> <Delay = 0.00> <CoreInst = "LogicGate">   --->   Core 74 'LogicGate' <Latency = 0> <II = 1> <Delay = 0.33> <FuncUnit> <Opcode : 'and' 'or' 'xor'> <InPorts = 2> <OutPorts = 1>
ST_1 : Operation 13 [1/1] (0.00ns) (grouped into LUT with out node select_ln208_85)   --->   "%and_ln193 = and i1 %comparison, i1 %comparison_202" [firmware/BDT.h:193]   --->   Operation 13 'and' 'and_ln193' <Predicate = (or_ln208_61 & or_ln208_62)> <Delay = 0.00> <CoreInst = "LogicGate">   --->   Core 74 'LogicGate' <Latency = 0> <II = 1> <Delay = 0.33> <FuncUnit> <Opcode : 'and' 'or' 'xor'> <InPorts = 2> <OutPorts = 1>
ST_1 : Operation 14 [1/1] (0.00ns) (grouped into LUT with out node select_ln208_85)   --->   "%activation_251 = and i1 %and_ln193, i1 %comparison_201" [firmware/BDT.h:193]   --->   Operation 14 'and' 'activation_251' <Predicate = (or_ln208_61 & or_ln208_62)> <Delay = 0.00> <CoreInst = "LogicGate">   --->   Core 74 'LogicGate' <Latency = 0> <II = 1> <Delay = 0.33> <FuncUnit> <Opcode : 'and' 'or' 'xor'> <InPorts = 2> <OutPorts = 1>
ST_1 : Operation 15 [1/1] (0.00ns) (grouped into LUT with out node agg_result)   --->   "%and_ln193_60 = and i1 %comparison_203, i1 %xor_ln195" [firmware/BDT.h:193]   --->   Operation 15 'and' 'and_ln193_60' <Predicate = true> <Delay = 0.00> <CoreInst = "LogicGate">   --->   Core 74 'LogicGate' <Latency = 0> <II = 1> <Delay = 0.33> <FuncUnit> <Opcode : 'and' 'or' 'xor'> <InPorts = 2> <OutPorts = 1>
ST_1 : Operation 16 [1/1] (0.00ns) (grouped into LUT with out node agg_result)   --->   "%activation_252 = and i1 %and_ln193_60, i1 %comparison" [firmware/BDT.h:193]   --->   Operation 16 'and' 'activation_252' <Predicate = true> <Delay = 0.00> <CoreInst = "LogicGate">   --->   Core 74 'LogicGate' <Latency = 0> <II = 1> <Delay = 0.33> <FuncUnit> <Opcode : 'and' 'or' 'xor'> <InPorts = 2> <OutPorts = 1>
ST_1 : Operation 17 [1/1] (0.00ns) (grouped into LUT with out node select_ln208_85)   --->   "%or_ln208 = or i1 %activation_251, i1 %activation" [firmware/BDT.h:208]   --->   Operation 17 'or' 'or_ln208' <Predicate = (or_ln208_61 & or_ln208_62)> <Delay = 0.00> <CoreInst = "LogicGate">   --->   Core 74 'LogicGate' <Latency = 0> <II = 1> <Delay = 0.33> <FuncUnit> <Opcode : 'and' 'or' 'xor'> <InPorts = 2> <OutPorts = 1>
ST_1 : Operation 18 [1/1] (0.00ns) (grouped into LUT with out node select_ln208_85)   --->   "%zext_ln208 = zext i1 %comparison" [firmware/BDT.h:208]   --->   Operation 18 'zext' 'zext_ln208' <Predicate = (or_ln208 & or_ln208_61 & or_ln208_62)> <Delay = 0.00>
ST_1 : Operation 19 [1/1] (0.33ns)   --->   "%or_ln208_61 = or i1 %comparison_201, i1 %activation" [firmware/BDT.h:208]   --->   Operation 19 'or' 'or_ln208_61' <Predicate = true> <Delay = 0.33> <CoreInst = "LogicGate">   --->   Core 74 'LogicGate' <Latency = 0> <II = 1> <Delay = 0.33> <FuncUnit> <Opcode : 'and' 'or' 'xor'> <InPorts = 2> <OutPorts = 1>
ST_1 : Operation 20 [1/1] (0.00ns) (grouped into LUT with out node select_ln208_85)   --->   "%select_ln208 = select i1 %or_ln208, i2 %zext_ln208, i2 2" [firmware/BDT.h:208]   --->   Operation 20 'select' 'select_ln208' <Predicate = (or_ln208_61 & or_ln208_62)> <Delay = 0.00> <CoreInst = "Sel">   --->   Core 73 'Sel' <Latency = 0> <II = 1> <Delay = 0.27> <FuncUnit> <Opcode : 'select'> <InPorts = 3> <OutPorts = 1>
ST_1 : Operation 21 [1/1] (0.00ns) (grouped into LUT with out node agg_result)   --->   "%or_ln208_62 = or i1 %or_ln208_61, i1 %activation_252" [firmware/BDT.h:208]   --->   Operation 21 'or' 'or_ln208_62' <Predicate = true> <Delay = 0.00> <CoreInst = "LogicGate">   --->   Core 74 'LogicGate' <Latency = 0> <II = 1> <Delay = 0.33> <FuncUnit> <Opcode : 'and' 'or' 'xor'> <InPorts = 2> <OutPorts = 1>
ST_1 : Operation 22 [1/1] (0.33ns) (out node of the LUT)   --->   "%select_ln208_85 = select i1 %or_ln208_61, i2 %select_ln208, i2 3" [firmware/BDT.h:208]   --->   Operation 22 'select' 'select_ln208_85' <Predicate = (or_ln208_62)> <Delay = 0.33> <CoreInst = "Sel">   --->   Core 73 'Sel' <Latency = 0> <II = 1> <Delay = 0.27> <FuncUnit> <Opcode : 'select'> <InPorts = 3> <OutPorts = 1>
ST_1 : Operation 23 [1/1] (0.00ns) (grouped into LUT with out node agg_result)   --->   "%zext_ln208_19 = zext i2 %select_ln208_85" [firmware/BDT.h:208]   --->   Operation 23 'zext' 'zext_ln208_19' <Predicate = (or_ln208_62)> <Delay = 0.00>
ST_1 : Operation 24 [1/1] (0.00ns) (grouped into LUT with out node agg_result)   --->   "%select_ln208_86 = select i1 %or_ln208_62, i3 %zext_ln208_19, i3 4" [firmware/BDT.h:208]   --->   Operation 24 'select' 'select_ln208_86' <Predicate = true> <Delay = 0.00> <CoreInst = "Sel">   --->   Core 73 'Sel' <Latency = 0> <II = 1> <Delay = 0.27> <FuncUnit> <Opcode : 'select'> <InPorts = 3> <OutPorts = 1>
ST_1 : Operation 25 [1/1] (0.66ns) (out node of the LUT)   --->   "%agg_result = mux i32 @_ssdm_op_Mux.ap_auto.5i32.i3, i32 55948, i32 4294961994, i32 51401, i32 10498, i32 51356, i3 %select_ln208_86" [firmware/BDT.h:209]   --->   Operation 25 'mux' 'agg_result' <Predicate = true> <Delay = 0.66> <CoreInst = "Multiplexer">   --->   Core 76 'Multiplexer' <Latency = 0> <II = 1> <Delay = 0.66> <FuncUnit> <Opcode : 'mux'> <InPorts = 2> <OutPorts = 1>
ST_1 : Operation 26 [1/1] (0.00ns)   --->   "%ret_ln213 = ret i32 %agg_result" [firmware/BDT.h:213]   --->   Operation 26 'ret' 'ret_ln213' <Predicate = true> <Delay = 0.00>


============================================================
+ Verbose Summary: Binding
============================================================
STG Binding: 
---------------- STG Properties BEGIN ----------------
- Is combinational: 1
- Is one-state seq: 0
- Is datapath-only: 0
- Is pipelined: 1
- Is top level: 0
Port [ Return ] is wired: 1; IO mode=ap_ctrl_hs:ce=0
Port [ p_read1]:  wired=1; compound=0; hidden=0; nouse=0; global=0; static=0; extern=0; dir=0; type=0; pingpong=0; private_global=0; IO mode=ap_none:ce=0
Port [ p_read2]:  wired=1; compound=0; hidden=0; nouse=0; global=0; static=0; extern=0; dir=0; type=0; pingpong=0; private_global=0; IO mode=ap_none:ce=0
Port [ p_read3]:  wired=1; compound=0; hidden=0; nouse=0; global=0; static=0; extern=0; dir=0; type=0; pingpong=0; private_global=0; IO mode=ap_none:ce=0
Port [ p_read4]:  wired=1; compound=0; hidden=0; nouse=0; global=0; static=0; extern=0; dir=0; type=0; pingpong=0; private_global=0; IO mode=ap_none:ce=0
---------------- STG Properties END ------------------

---------------- Datapath Model BEGIN ----------------

<LifeTime>
<method=bitvector/>
specpipeline_ln0 (specpipeline) [ 00]
p_read44         (read        ) [ 00]
p_read33         (read        ) [ 00]
p_read22         (read        ) [ 00]
p_read11         (read        ) [ 00]
comparison       (icmp        ) [ 00]
comparison_201   (icmp        ) [ 00]
comparison_202   (icmp        ) [ 00]
comparison_203   (icmp        ) [ 00]
activation       (xor         ) [ 00]
xor_ln195        (xor         ) [ 00]
and_ln193        (and         ) [ 00]
activation_251   (and         ) [ 00]
and_ln193_60     (and         ) [ 00]
activation_252   (and         ) [ 00]
or_ln208         (or          ) [ 01]
zext_ln208       (zext        ) [ 00]
or_ln208_61      (or          ) [ 01]
select_ln208     (select      ) [ 00]
or_ln208_62      (or          ) [ 01]
select_ln208_85  (select      ) [ 00]
zext_ln208_19    (zext        ) [ 00]
select_ln208_86  (select      ) [ 00]
agg_result       (mux         ) [ 00]
ret_ln213        (ret         ) [ 00]
</LifeTime>

<model>

<comp_list>
<comp id="0" class="1000" name="p_read1">
<pin_list>
<pin id="1" dir="1" index="0" bw="1" slack="0"/>
</pin_list>
<bind>
<StgValue><ssdm name="p_read1"/></StgValue>
</bind>
</comp>

<comp id="2" class="1000" name="p_read2">
<pin_list>
<pin id="3" dir="1" index="0" bw="1" slack="0"/>
</pin_list>
<bind>
<StgValue><ssdm name="p_read2"/></StgValue>
</bind>
</comp>

<comp id="4" class="1000" name="p_read3">
<pin_list>
<pin id="5" dir="1" index="0" bw="1" slack="0"/>
</pin_list>
<bind>
<StgValue><ssdm name="p_read3"/></StgValue>
</bind>
</comp>

<comp id="6" class="1000" name="p_read4">
<pin_list>
<pin id="7" dir="1" index="0" bw="1" slack="0"/>
</pin_list>
<bind>
<StgValue><ssdm name="p_read4"/></StgValue>
</bind>
</comp>

<comp id="8" class="1001" name="const_8">
<pin_list>
<pin id="9" dir="1" index="0" bw="1" slack="2147483647"/>
</pin_list>
<bind>
<StgValue><ssdm name="_ssdm_op_SpecPipeline"/></StgValue>
</bind>
</comp>

<comp id="10" class="1001" name="const_10">
<pin_list>
<pin id="11" dir="1" index="0" bw="1" slack="2147483647"/>
</pin_list>
<bind>
<StgValue><ssdm name=""/></StgValue>
</bind>
</comp>

<comp id="12" class="1001" name="const_12">
<pin_list>
<pin id="13" dir="1" index="0" bw="1" slack="2147483647"/>
</pin_list>
<bind>
<StgValue><ssdm name=""/></StgValue>
</bind>
</comp>

<comp id="14" class="1001" name="const_14">
<pin_list>
<pin id="15" dir="1" index="0" bw="1" slack="2147483647"/>
</pin_list>
<bind>
<StgValue><ssdm name="empty_1"/></StgValue>
</bind>
</comp>

<comp id="16" class="1001" name="const_16">
<pin_list>
<pin id="17" dir="1" index="0" bw="1" slack="0"/>
</pin_list>
<bind>
<StgValue><ssdm name="_ssdm_op_Read.ap_auto.i32"/></StgValue>
</bind>
</comp>

<comp id="18" class="1001" name="const_18">
<pin_list>
<pin id="19" dir="1" index="0" bw="1" slack="0"/>
</pin_list>
<bind>
<StgValue><ssdm name=""/></StgValue>
</bind>
</comp>

<comp id="20" class="1001" name="const_20">
<pin_list>
<pin id="21" dir="1" index="0" bw="1" slack="0"/>
</pin_list>
<bind>
<StgValue><ssdm name=""/></StgValue>
</bind>
</comp>

<comp id="22" class="1001" name="const_22">
<pin_list>
<pin id="23" dir="1" index="0" bw="1" slack="0"/>
</pin_list>
<bind>
<StgValue><ssdm name=""/></StgValue>
</bind>
</comp>

<comp id="24" class="1001" name="const_24">
<pin_list>
<pin id="25" dir="1" index="0" bw="1" slack="0"/>
</pin_list>
<bind>
<StgValue><ssdm name=""/></StgValue>
</bind>
</comp>

<comp id="26" class="1001" name="const_26">
<pin_list>
<pin id="27" dir="1" index="0" bw="1" slack="0"/>
</pin_list>
<bind>
<StgValue><ssdm name=""/></StgValue>
</bind>
</comp>

<comp id="28" class="1001" name="const_28">
<pin_list>
<pin id="29" dir="1" index="0" bw="1" slack="0"/>
</pin_list>
<bind>
<StgValue><ssdm name=""/></StgValue>
</bind>
</comp>

<comp id="30" class="1001" name="const_30">
<pin_list>
<pin id="31" dir="1" index="0" bw="1" slack="0"/>
</pin_list>
<bind>
<StgValue><ssdm name=""/></StgValue>
</bind>
</comp>

<comp id="32" class="1001" name="const_32">
<pin_list>
<pin id="33" dir="1" index="0" bw="1" slack="0"/>
</pin_list>
<bind>
<StgValue><ssdm name=""/></StgValue>
</bind>
</comp>

<comp id="34" class="1001" name="const_34">
<pin_list>
<pin id="35" dir="1" index="0" bw="1" slack="0"/>
</pin_list>
<bind>
<StgValue><ssdm name="_ssdm_op_Mux.ap_auto.5i32.i3"/></StgValue>
</bind>
</comp>

<comp id="36" class="1001" name="const_36">
<pin_list>
<pin id="37" dir="1" index="0" bw="1" slack="0"/>
</pin_list>
<bind>
<StgValue><ssdm name=""/></StgValue>
</bind>
</comp>

<comp id="38" class="1001" name="const_38">
<pin_list>
<pin id="39" dir="1" index="0" bw="1" slack="0"/>
</pin_list>
<bind>
<StgValue><ssdm name=""/></StgValue>
</bind>
</comp>

<comp id="40" class="1001" name="const_40">
<pin_list>
<pin id="41" dir="1" index="0" bw="1" slack="0"/>
</pin_list>
<bind>
<StgValue><ssdm name=""/></StgValue>
</bind>
</comp>

<comp id="42" class="1001" name="const_42">
<pin_list>
<pin id="43" dir="1" index="0" bw="1" slack="0"/>
</pin_list>
<bind>
<StgValue><ssdm name=""/></StgValue>
</bind>
</comp>

<comp id="44" class="1001" name="const_44">
<pin_list>
<pin id="45" dir="1" index="0" bw="1" slack="0"/>
</pin_list>
<bind>
<StgValue><ssdm name=""/></StgValue>
</bind>
</comp>

<comp id="46" class="1004" name="p_read44_read_fu_46">
<pin_list>
<pin id="47" dir="0" index="0" bw="32" slack="0"/>
<pin id="48" dir="0" index="1" bw="32" slack="0"/>
<pin id="49" dir="1" index="2" bw="32" slack="0"/>
</pin_list>
<bind>
<opcode="read(1150) " fcode="read"/>
<opset="p_read44/1 "/>
</bind>
</comp>

<comp id="52" class="1004" name="p_read33_read_fu_52">
<pin_list>
<pin id="53" dir="0" index="0" bw="32" slack="0"/>
<pin id="54" dir="0" index="1" bw="32" slack="0"/>
<pin id="55" dir="1" index="2" bw="32" slack="0"/>
</pin_list>
<bind>
<opcode="read(1150) " fcode="read"/>
<opset="p_read33/1 "/>
</bind>
</comp>

<comp id="58" class="1004" name="p_read22_read_fu_58">
<pin_list>
<pin id="59" dir="0" index="0" bw="32" slack="0"/>
<pin id="60" dir="0" index="1" bw="32" slack="0"/>
<pin id="61" dir="1" index="2" bw="32" slack="0"/>
</pin_list>
<bind>
<opcode="read(1150) " fcode="read"/>
<opset="p_read22/1 "/>
</bind>
</comp>

<comp id="64" class="1004" name="p_read11_read_fu_64">
<pin_list>
<pin id="65" dir="0" index="0" bw="32" slack="0"/>
<pin id="66" dir="0" index="1" bw="32" slack="0"/>
<pin id="67" dir="1" index="2" bw="32" slack="0"/>
</pin_list>
<bind>
<opcode="read(1150) " fcode="read"/>
<opset="p_read11/1 "/>
</bind>
</comp>

<comp id="70" class="1004" name="comparison_fu_70">
<pin_list>
<pin id="71" dir="0" index="0" bw="32" slack="0"/>
<pin id="72" dir="0" index="1" bw="19" slack="0"/>
<pin id="73" dir="1" index="2" bw="1" slack="0"/>
</pin_list>
<bind>
<opcode="icmp(45) " fcode="icmp"/>
<opset="comparison/1 "/>
</bind>
</comp>

<comp id="76" class="1004" name="comparison_201_fu_76">
<pin_list>
<pin id="77" dir="0" index="0" bw="32" slack="0"/>
<pin id="78" dir="0" index="1" bw="17" slack="0"/>
<pin id="79" dir="1" index="2" bw="1" slack="0"/>
</pin_list>
<bind>
<opcode="icmp(45) " fcode="icmp"/>
<opset="comparison_201/1 "/>
</bind>
</comp>

<comp id="82" class="1004" name="comparison_202_fu_82">
<pin_list>
<pin id="83" dir="0" index="0" bw="32" slack="0"/>
<pin id="84" dir="0" index="1" bw="19" slack="0"/>
<pin id="85" dir="1" index="2" bw="1" slack="0"/>
</pin_list>
<bind>
<opcode="icmp(45) " fcode="icmp"/>
<opset="comparison_202/1 "/>
</bind>
</comp>

<comp id="88" class="1004" name="comparison_203_fu_88">
<pin_list>
<pin id="89" dir="0" index="0" bw="32" slack="0"/>
<pin id="90" dir="0" index="1" bw="17" slack="0"/>
<pin id="91" dir="1" index="2" bw="1" slack="0"/>
</pin_list>
<bind>
<opcode="icmp(45) " fcode="icmp"/>
<opset="comparison_203/1 "/>
</bind>
</comp>

<comp id="94" class="1004" name="activation_fu_94">
<pin_list>
<pin id="95" dir="0" index="0" bw="1" slack="0"/>
<pin id="96" dir="0" index="1" bw="1" slack="0"/>
<pin id="97" dir="1" index="2" bw="1" slack="0"/>
</pin_list>
<bind>
<opcode="xor(25) " fcode="xor"/>
<opset="activation/1 "/>
</bind>
</comp>

<comp id="100" class="1004" name="xor_ln195_fu_100">
<pin_list>
<pin id="101" dir="0" index="0" bw="1" slack="0"/>
<pin id="102" dir="0" index="1" bw="1" slack="0"/>
<pin id="103" dir="1" index="2" bw="1" slack="0"/>
</pin_list>
<bind>
<opcode="xor(25) " fcode="xor"/>
<opset="xor_ln195/1 "/>
</bind>
</comp>

<comp id="106" class="1004" name="and_ln193_fu_106">
<pin_list>
<pin id="107" dir="0" index="0" bw="1" slack="0"/>
<pin id="108" dir="0" index="1" bw="1" slack="0"/>
<pin id="109" dir="1" index="2" bw="1" slack="0"/>
</pin_list>
<bind>
<opcode="and(23) " fcode="and"/>
<opset="and_ln193/1 "/>
</bind>
</comp>

<comp id="112" class="1004" name="activation_251_fu_112">
<pin_list>
<pin id="113" dir="0" index="0" bw="1" slack="0"/>
<pin id="114" dir="0" index="1" bw="1" slack="0"/>
<pin id="115" dir="1" index="2" bw="1" slack="0"/>
</pin_list>
<bind>
<opcode="and(23) " fcode="and"/>
<opset="activation_251/1 "/>
</bind>
</comp>

<comp id="118" class="1004" name="and_ln193_60_fu_118">
<pin_list>
<pin id="119" dir="0" index="0" bw="1" slack="0"/>
<pin id="120" dir="0" index="1" bw="1" slack="0"/>
<pin id="121" dir="1" index="2" bw="1" slack="0"/>
</pin_list>
<bind>
<opcode="and(23) " fcode="and"/>
<opset="and_ln193_60/1 "/>
</bind>
</comp>

<comp id="124" class="1004" name="activation_252_fu_124">
<pin_list>
<pin id="125" dir="0" index="0" bw="1" slack="0"/>
<pin id="126" dir="0" index="1" bw="1" slack="0"/>
<pin id="127" dir="1" index="2" bw="1" slack="0"/>
</pin_list>
<bind>
<opcode="and(23) " fcode="and"/>
<opset="activation_252/1 "/>
</bind>
</comp>

<comp id="130" class="1004" name="or_ln208_fu_130">
<pin_list>
<pin id="131" dir="0" index="0" bw="1" slack="0"/>
<pin id="132" dir="0" index="1" bw="1" slack="0"/>
<pin id="133" dir="1" index="2" bw="1" slack="0"/>
</pin_list>
<bind>
<opcode="or(24) " fcode="or"/>
<opset="or_ln208/1 "/>
</bind>
</comp>

<comp id="136" class="1004" name="zext_ln208_fu_136">
<pin_list>
<pin id="137" dir="0" index="0" bw="1" slack="0"/>
<pin id="138" dir="1" index="1" bw="2" slack="0"/>
</pin_list>
<bind>
<opcode="zext(34) " fcode="zext"/>
<opset="zext_ln208/1 "/>
</bind>
</comp>

<comp id="140" class="1004" name="or_ln208_61_fu_140">
<pin_list>
<pin id="141" dir="0" index="0" bw="1" slack="0"/>
<pin id="142" dir="0" index="1" bw="1" slack="0"/>
<pin id="143" dir="1" index="2" bw="1" slack="0"/>
</pin_list>
<bind>
<opcode="or(24) " fcode="or"/>
<opset="or_ln208_61/1 "/>
</bind>
</comp>

<comp id="146" class="1004" name="select_ln208_fu_146">
<pin_list>
<pin id="147" dir="0" index="0" bw="1" slack="0"/>
<pin id="148" dir="0" index="1" bw="1" slack="0"/>
<pin id="149" dir="0" index="2" bw="2" slack="0"/>
<pin id="150" dir="1" index="3" bw="2" slack="0"/>
</pin_list>
<bind>
<opcode="select(49) " fcode="select"/>
<opset="select_ln208/1 "/>
</bind>
</comp>

<comp id="154" class="1004" name="or_ln208_62_fu_154">
<pin_list>
<pin id="155" dir="0" index="0" bw="1" slack="0"/>
<pin id="156" dir="0" index="1" bw="1" slack="0"/>
<pin id="157" dir="1" index="2" bw="1" slack="0"/>
</pin_list>
<bind>
<opcode="or(24) " fcode="or"/>
<opset="or_ln208_62/1 "/>
</bind>
</comp>

<comp id="160" class="1004" name="select_ln208_85_fu_160">
<pin_list>
<pin id="161" dir="0" index="0" bw="1" slack="0"/>
<pin id="162" dir="0" index="1" bw="2" slack="0"/>
<pin id="163" dir="0" index="2" bw="1" slack="0"/>
<pin id="164" dir="1" index="3" bw="2" slack="0"/>
</pin_list>
<bind>
<opcode="select(49) " fcode="select"/>
<opset="select_ln208_85/1 "/>
</bind>
</comp>

<comp id="168" class="1004" name="zext_ln208_19_fu_168">
<pin_list>
<pin id="169" dir="0" index="0" bw="2" slack="0"/>
<pin id="170" dir="1" index="1" bw="3" slack="0"/>
</pin_list>
<bind>
<opcode="zext(34) " fcode="zext"/>
<opset="zext_ln208_19/1 "/>
</bind>
</comp>

<comp id="172" class="1004" name="select_ln208_86_fu_172">
<pin_list>
<pin id="173" dir="0" index="0" bw="1" slack="0"/>
<pin id="174" dir="0" index="1" bw="2" slack="0"/>
<pin id="175" dir="0" index="2" bw="3" slack="0"/>
<pin id="176" dir="1" index="3" bw="3" slack="0"/>
</pin_list>
<bind>
<opcode="select(49) " fcode="select"/>
<opset="select_ln208_86/1 "/>
</bind>
</comp>

<comp id="180" class="1004" name="agg_result_fu_180">
<pin_list>
<pin id="181" dir="0" index="0" bw="32" slack="0"/>
<pin id="182" dir="0" index="1" bw="17" slack="0"/>
<pin id="183" dir="0" index="2" bw="14" slack="0"/>
<pin id="184" dir="0" index="3" bw="17" slack="0"/>
<pin id="185" dir="0" index="4" bw="15" slack="0"/>
<pin id="186" dir="0" index="5" bw="17" slack="0"/>
<pin id="187" dir="0" index="6" bw="3" slack="0"/>
<pin id="188" dir="1" index="7" bw="32" slack="2147483647"/>
</pin_list>
<bind>
<opcode="mux(1196) " fcode="mux"/>
<opset="agg_result/1 "/>
</bind>
</comp>

</comp_list>

<net_list>
<net id="50"><net_src comp="16" pin="0"/><net_sink comp="46" pin=0"/></net>

<net id="51"><net_src comp="6" pin="0"/><net_sink comp="46" pin=1"/></net>

<net id="56"><net_src comp="16" pin="0"/><net_sink comp="52" pin=0"/></net>

<net id="57"><net_src comp="4" pin="0"/><net_sink comp="52" pin=1"/></net>

<net id="62"><net_src comp="16" pin="0"/><net_sink comp="58" pin=0"/></net>

<net id="63"><net_src comp="2" pin="0"/><net_sink comp="58" pin=1"/></net>

<net id="68"><net_src comp="16" pin="0"/><net_sink comp="64" pin=0"/></net>

<net id="69"><net_src comp="0" pin="0"/><net_sink comp="64" pin=1"/></net>

<net id="74"><net_src comp="58" pin="2"/><net_sink comp="70" pin=0"/></net>

<net id="75"><net_src comp="18" pin="0"/><net_sink comp="70" pin=1"/></net>

<net id="80"><net_src comp="46" pin="2"/><net_sink comp="76" pin=0"/></net>

<net id="81"><net_src comp="20" pin="0"/><net_sink comp="76" pin=1"/></net>

<net id="86"><net_src comp="64" pin="2"/><net_sink comp="82" pin=0"/></net>

<net id="87"><net_src comp="22" pin="0"/><net_sink comp="82" pin=1"/></net>

<net id="92"><net_src comp="52" pin="2"/><net_sink comp="88" pin=0"/></net>

<net id="93"><net_src comp="24" pin="0"/><net_sink comp="88" pin=1"/></net>

<net id="98"><net_src comp="70" pin="2"/><net_sink comp="94" pin=0"/></net>

<net id="99"><net_src comp="26" pin="0"/><net_sink comp="94" pin=1"/></net>

<net id="104"><net_src comp="76" pin="2"/><net_sink comp="100" pin=0"/></net>

<net id="105"><net_src comp="26" pin="0"/><net_sink comp="100" pin=1"/></net>

<net id="110"><net_src comp="70" pin="2"/><net_sink comp="106" pin=0"/></net>

<net id="111"><net_src comp="82" pin="2"/><net_sink comp="106" pin=1"/></net>

<net id="116"><net_src comp="106" pin="2"/><net_sink comp="112" pin=0"/></net>

<net id="117"><net_src comp="76" pin="2"/><net_sink comp="112" pin=1"/></net>

<net id="122"><net_src comp="88" pin="2"/><net_sink comp="118" pin=0"/></net>

<net id="123"><net_src comp="100" pin="2"/><net_sink comp="118" pin=1"/></net>

<net id="128"><net_src comp="118" pin="2"/><net_sink comp="124" pin=0"/></net>

<net id="129"><net_src comp="70" pin="2"/><net_sink comp="124" pin=1"/></net>

<net id="134"><net_src comp="112" pin="2"/><net_sink comp="130" pin=0"/></net>

<net id="135"><net_src comp="94" pin="2"/><net_sink comp="130" pin=1"/></net>

<net id="139"><net_src comp="70" pin="2"/><net_sink comp="136" pin=0"/></net>

<net id="144"><net_src comp="76" pin="2"/><net_sink comp="140" pin=0"/></net>

<net id="145"><net_src comp="94" pin="2"/><net_sink comp="140" pin=1"/></net>

<net id="151"><net_src comp="130" pin="2"/><net_sink comp="146" pin=0"/></net>

<net id="152"><net_src comp="136" pin="1"/><net_sink comp="146" pin=1"/></net>

<net id="153"><net_src comp="28" pin="0"/><net_sink comp="146" pin=2"/></net>

<net id="158"><net_src comp="140" pin="2"/><net_sink comp="154" pin=0"/></net>

<net id="159"><net_src comp="124" pin="2"/><net_sink comp="154" pin=1"/></net>

<net id="165"><net_src comp="140" pin="2"/><net_sink comp="160" pin=0"/></net>

<net id="166"><net_src comp="146" pin="3"/><net_sink comp="160" pin=1"/></net>

<net id="167"><net_src comp="30" pin="0"/><net_sink comp="160" pin=2"/></net>

<net id="171"><net_src comp="160" pin="3"/><net_sink comp="168" pin=0"/></net>

<net id="177"><net_src comp="154" pin="2"/><net_sink comp="172" pin=0"/></net>

<net id="178"><net_src comp="168" pin="1"/><net_sink comp="172" pin=1"/></net>

<net id="179"><net_src comp="32" pin="0"/><net_sink comp="172" pin=2"/></net>

<net id="189"><net_src comp="34" pin="0"/><net_sink comp="180" pin=0"/></net>

<net id="190"><net_src comp="36" pin="0"/><net_sink comp="180" pin=1"/></net>

<net id="191"><net_src comp="38" pin="0"/><net_sink comp="180" pin=2"/></net>

<net id="192"><net_src comp="40" pin="0"/><net_sink comp="180" pin=3"/></net>

<net id="193"><net_src comp="42" pin="0"/><net_sink comp="180" pin=4"/></net>

<net id="194"><net_src comp="44" pin="0"/><net_sink comp="180" pin=5"/></net>

<net id="195"><net_src comp="172" pin="3"/><net_sink comp="180" pin=6"/></net>

</net_list>

</model> 
---------------- Datapath Model END ------------------

* FSMD analyzer results:
  - Output states:
 - Input state : 
	Port: decision_function.19 : p_read1 | {1 }
	Port: decision_function.19 : p_read2 | {1 }
	Port: decision_function.19 : p_read3 | {1 }
	Port: decision_function.19 : p_read4 | {1 }
  - Chain level:
	State 1
		activation : 1
		xor_ln195 : 1
		and_ln193 : 1
		activation_251 : 1
		and_ln193_60 : 1
		activation_252 : 1
		or_ln208 : 1
		zext_ln208 : 1
		or_ln208_61 : 1
		select_ln208 : 1
		or_ln208_62 : 1
		select_ln208_85 : 2
		zext_ln208_19 : 3
		select_ln208_86 : 4
		agg_result : 5
		ret_ln213 : 6


============================================================
+ Verbose Summary: Datapath Resource usage 
============================================================

* Functional unit list:
|----------|------------------------|---------|---------|
| Operation|     Functional Unit    |    FF   |   LUT   |
|----------|------------------------|---------|---------|
|          |    comparison_fu_70    |    0    |    20   |
|   icmp   |  comparison_201_fu_76  |    0    |    20   |
|          |  comparison_202_fu_82  |    0    |    20   |
|          |  comparison_203_fu_88  |    0    |    20   |
|----------|------------------------|---------|---------|
|    mux   |    agg_result_fu_180   |    0    |    26   |
|----------|------------------------|---------|---------|
|          |    and_ln193_fu_106    |    0    |    2    |
|    and   |  activation_251_fu_112 |    0    |    2    |
|          |   and_ln193_60_fu_118  |    0    |    2    |
|          |  activation_252_fu_124 |    0    |    2    |
|----------|------------------------|---------|---------|
|          |   select_ln208_fu_146  |    0    |    2    |
|  select  | select_ln208_85_fu_160 |    0    |    2    |
|          | select_ln208_86_fu_172 |    0    |    3    |
|----------|------------------------|---------|---------|
|          |     or_ln208_fu_130    |    0    |    2    |
|    or    |   or_ln208_61_fu_140   |    0    |    2    |
|          |   or_ln208_62_fu_154   |    0    |    2    |
|----------|------------------------|---------|---------|
|    xor   |    activation_fu_94    |    0    |    2    |
|          |    xor_ln195_fu_100    |    0    |    2    |
|----------|------------------------|---------|---------|
|          |   p_read44_read_fu_46  |    0    |    0    |
|   read   |   p_read33_read_fu_52  |    0    |    0    |
|          |   p_read22_read_fu_58  |    0    |    0    |
|          |   p_read11_read_fu_64  |    0    |    0    |
|----------|------------------------|---------|---------|
|   zext   |    zext_ln208_fu_136   |    0    |    0    |
|          |  zext_ln208_19_fu_168  |    0    |    0    |
|----------|------------------------|---------|---------|
|   Total  |                        |    0    |   131   |
|----------|------------------------|---------|---------|

Memories:
N/A

* Register list:
N/A

* Multiplexer (MUX) list: 
|--------|------|------|------|--------|
|  Comp  |  Pin | Size |  BW  | S x BW |
|--------|------|------|------|--------|
|  Total |      |      |      |    0   |
|--------|------|------|------|--------|



* Summary:
+-----------+--------+--------+
|           |   FF   |   LUT  |
+-----------+--------+--------+
|  Function |    0   |   131  |
|   Memory  |    -   |    -   |
|Multiplexer|    -   |    -   |
|  Register |    -   |    -   |
+-----------+--------+--------+
|   Total   |    0   |   131  |
+-----------+--------+--------+
