

================================================================
== Vitis HLS Report for 'decision_function_10'
================================================================
* Date:           Sun Jun 26 16:46:53 2022

* Version:        2021.2 (Build 3367213 on Tue Oct 19 02:47:39 MDT 2021)
* Project:        myproject_prj
* Solution:       solution1 (Vivado IP Flow Target)
* Product family: zynquplus
* Target device:  xczu3eg-sbva484-1-e


================================================================
== Performance Estimates
================================================================
+ Timing: 
    * Summary: 
    +--------+---------+----------+------------+
    |  Clock |  Target | Estimated| Uncertainty|
    +--------+---------+----------+------------+
    |ap_clk  |  7.00 ns|  3.545 ns|     1.89 ns|
    +--------+---------+----------+------------+

+ Latency: 
    * Summary: 
    +---------+---------+----------+----------+-----+-----+---------+
    |  Latency (cycles) |  Latency (absolute) |  Interval | Pipeline|
    |   min   |   max   |    min   |    max   | min | max |   Type  |
    +---------+---------+----------+----------+-----+-----+---------+
    |        0|        0|      0 ns|      0 ns|    1|    1|      yes|
    +---------+---------+----------+----------+-----+-----+---------+

    + Detail: 
        * Instance: 
        N/A

        * Loop: 
        N/A

============================================================
+ Verbose Summary: Synthesis Manager
============================================================
InlineROM: 1
ExposeGlobal: 0
============================================================
+ Verbose Summary: CDFG Model
============================================================
IsTopModel: 0
ResetActiveHigh: 1
IsCombinational: 0
IsDatapathOnly: 0
HasWiredReturn: 1
HasMFsm: 2
HasVarLatency: 0
IsPipeline: 1
IsRtlPipelined: 0
IsInstanceOverlapped: 0
IsDontTouch: 0
HasImplIP: 0
IsGatedGlobalClock: 0

+ Individual pipeline summary: 
  * Pipeline-0: initiation interval (II) = 1, depth = 1


============================================================
+ Verbose Summary: Schedule
============================================================
* Number of FSM states : 1
* Pipeline : 1
  Pipeline-0 : II = 1, D = 1, States = { 1 }
* Dataflow Pipeline: 0

* FSM state transitions: 
1 --> 

* FSM state operations: 

State 1 <SV = 0> <Delay = 3.54>
ST_1 : Operation 2 [1/1] (0.00ns)   --->   "%specpipeline_ln0 = specpipeline void @_ssdm_op_SpecPipeline, i32 1, i32 0, i32 0, i32 0, void @empty_1" [firmware/BDT.h:0]   --->   Operation 2 'specpipeline' 'specpipeline_ln0' <Predicate = true> <Delay = 0.00>
ST_1 : Operation 3 [1/1] (0.00ns)   --->   "%p_read55 = read i32 @_ssdm_op_Read.ap_auto.i32, i32 %p_read5"   --->   Operation 3 'read' 'p_read55' <Predicate = true> <Delay = 0.00>
ST_1 : Operation 4 [1/1] (0.00ns)   --->   "%p_read44 = read i32 @_ssdm_op_Read.ap_auto.i32, i32 %p_read4"   --->   Operation 4 'read' 'p_read44' <Predicate = true> <Delay = 0.00>
ST_1 : Operation 5 [1/1] (0.00ns)   --->   "%p_read33 = read i32 @_ssdm_op_Read.ap_auto.i32, i32 %p_read3"   --->   Operation 5 'read' 'p_read33' <Predicate = true> <Delay = 0.00>
ST_1 : Operation 6 [1/1] (0.00ns)   --->   "%p_read22 = read i32 @_ssdm_op_Read.ap_auto.i32, i32 %p_read2"   --->   Operation 6 'read' 'p_read22' <Predicate = true> <Delay = 0.00>
ST_1 : Operation 7 [1/1] (0.00ns)   --->   "%p_read11 = read i32 @_ssdm_op_Read.ap_auto.i32, i32 %p_read1"   --->   Operation 7 'read' 'p_read11' <Predicate = true> <Delay = 0.00>
ST_1 : Operation 8 [1/1] (1.11ns)   --->   "%comparison = icmp_slt  i32 %p_read22, i32 88509"   --->   Operation 8 'icmp' 'comparison' <Predicate = true> <Delay = 1.11> <CoreInst = "Cmp">   --->   Core 9 'Cmp' <Latency = 0> <II = 1> <Delay = 1.11> <FuncUnit> <Opcode : 'icmp'> <InPorts = 2> <OutPorts = 1>
ST_1 : Operation 9 [1/1] (1.11ns)   --->   "%comparison_251 = icmp_slt  i32 %p_read22, i32 4294912147"   --->   Operation 9 'icmp' 'comparison_251' <Predicate = true> <Delay = 1.11> <CoreInst = "Cmp">   --->   Core 9 'Cmp' <Latency = 0> <II = 1> <Delay = 1.11> <FuncUnit> <Opcode : 'icmp'> <InPorts = 2> <OutPorts = 1>
ST_1 : Operation 10 [1/1] (1.11ns)   --->   "%comparison_247 = icmp_slt  i32 %p_read44, i32 4294931812"   --->   Operation 10 'icmp' 'comparison_247' <Predicate = true> <Delay = 1.11> <CoreInst = "Cmp">   --->   Core 9 'Cmp' <Latency = 0> <II = 1> <Delay = 1.11> <FuncUnit> <Opcode : 'icmp'> <InPorts = 2> <OutPorts = 1>
ST_1 : Operation 11 [1/1] (1.11ns)   --->   "%comparison_248 = icmp_slt  i32 %p_read33, i32 15831"   --->   Operation 11 'icmp' 'comparison_248' <Predicate = (or_ln208_33 & or_ln208_34 & or_ln208_35 & or_ln208_36 & or_ln208_37)> <Delay = 1.11> <CoreInst = "Cmp">   --->   Core 9 'Cmp' <Latency = 0> <II = 1> <Delay = 1.11> <FuncUnit> <Opcode : 'icmp'> <InPorts = 2> <OutPorts = 1>
ST_1 : Operation 12 [1/1] (1.11ns)   --->   "%comparison_249 = icmp_slt  i32 %p_read55, i32 72310"   --->   Operation 12 'icmp' 'comparison_249' <Predicate = (or_ln208_35 & or_ln208_36 & or_ln208_37)> <Delay = 1.11> <CoreInst = "Cmp">   --->   Core 9 'Cmp' <Latency = 0> <II = 1> <Delay = 1.11> <FuncUnit> <Opcode : 'icmp'> <InPorts = 2> <OutPorts = 1>
ST_1 : Operation 13 [1/1] (1.11ns)   --->   "%comparison_250 = icmp_slt  i32 %p_read11, i32 4294953668"   --->   Operation 13 'icmp' 'comparison_250' <Predicate = (or_ln208_37)> <Delay = 1.11> <CoreInst = "Cmp">   --->   Core 9 'Cmp' <Latency = 0> <II = 1> <Delay = 1.11> <FuncUnit> <Opcode : 'icmp'> <InPorts = 2> <OutPorts = 1>
ST_1 : Operation 14 [1/1] (0.33ns)   --->   "%activation_303 = xor i1 %comparison, i1 1" [firmware/BDT.h:195]   --->   Operation 14 'xor' 'activation_303' <Predicate = true> <Delay = 0.33> <CoreInst = "LogicGate">   --->   Core 74 'LogicGate' <Latency = 0> <II = 1> <Delay = 0.33> <FuncUnit> <Opcode : 'and' 'or' 'xor'> <InPorts = 2> <OutPorts = 1>
ST_1 : Operation 15 [1/1] (0.00ns) (grouped into LUT with out node activation_305)   --->   "%xor_ln195 = xor i1 %comparison_251, i1 1" [firmware/BDT.h:195]   --->   Operation 15 'xor' 'xor_ln195' <Predicate = true> <Delay = 0.00> <CoreInst = "LogicGate">   --->   Core 74 'LogicGate' <Latency = 0> <II = 1> <Delay = 0.33> <FuncUnit> <Opcode : 'and' 'or' 'xor'> <InPorts = 2> <OutPorts = 1>
ST_1 : Operation 16 [1/1] (0.33ns) (out node of the LUT)   --->   "%activation_305 = and i1 %comparison, i1 %xor_ln195" [firmware/BDT.h:195]   --->   Operation 16 'and' 'activation_305' <Predicate = true> <Delay = 0.33> <CoreInst = "LogicGate">   --->   Core 74 'LogicGate' <Latency = 0> <II = 1> <Delay = 0.33> <FuncUnit> <Opcode : 'and' 'or' 'xor'> <InPorts = 2> <OutPorts = 1>
ST_1 : Operation 17 [1/1] (0.33ns)   --->   "%activation_310 = and i1 %comparison_247, i1 %activation_303" [firmware/BDT.h:193]   --->   Operation 17 'and' 'activation_310' <Predicate = true> <Delay = 0.33> <CoreInst = "LogicGate">   --->   Core 74 'LogicGate' <Latency = 0> <II = 1> <Delay = 0.33> <FuncUnit> <Opcode : 'and' 'or' 'xor'> <InPorts = 2> <OutPorts = 1>
ST_1 : Operation 18 [1/1] (0.33ns)   --->   "%xor_ln195_10 = xor i1 %comparison_247, i1 1" [firmware/BDT.h:195]   --->   Operation 18 'xor' 'xor_ln195_10' <Predicate = true> <Delay = 0.33> <CoreInst = "LogicGate">   --->   Core 74 'LogicGate' <Latency = 0> <II = 1> <Delay = 0.33> <FuncUnit> <Opcode : 'and' 'or' 'xor'> <InPorts = 2> <OutPorts = 1>
ST_1 : Operation 19 [1/1] (0.33ns)   --->   "%activation = and i1 %xor_ln195_10, i1 %activation_303" [firmware/BDT.h:195]   --->   Operation 19 'and' 'activation' <Predicate = true> <Delay = 0.33> <CoreInst = "LogicGate">   --->   Core 74 'LogicGate' <Latency = 0> <II = 1> <Delay = 0.33> <FuncUnit> <Opcode : 'and' 'or' 'xor'> <InPorts = 2> <OutPorts = 1>
ST_1 : Operation 20 [1/1] (0.00ns) (grouped into LUT with out node select_ln208_45)   --->   "%activation_311 = and i1 %comparison_248, i1 %comparison_251" [firmware/BDT.h:193]   --->   Operation 20 'and' 'activation_311' <Predicate = (or_ln208_33 & or_ln208_34 & or_ln208_35 & or_ln208_36 & or_ln208_37)> <Delay = 0.00> <CoreInst = "LogicGate">   --->   Core 74 'LogicGate' <Latency = 0> <II = 1> <Delay = 0.33> <FuncUnit> <Opcode : 'and' 'or' 'xor'> <InPorts = 2> <OutPorts = 1>
ST_1 : Operation 21 [1/1] (0.00ns) (grouped into LUT with out node select_ln208_47)   --->   "%activation_312 = and i1 %comparison_249, i1 %activation_305" [firmware/BDT.h:193]   --->   Operation 21 'and' 'activation_312' <Predicate = (or_ln208_35 & or_ln208_36 & or_ln208_37)> <Delay = 0.00> <CoreInst = "LogicGate">   --->   Core 74 'LogicGate' <Latency = 0> <II = 1> <Delay = 0.33> <FuncUnit> <Opcode : 'and' 'or' 'xor'> <InPorts = 2> <OutPorts = 1>
ST_1 : Operation 22 [1/1] (0.00ns) (grouped into LUT with out node select_ln208_49)   --->   "%activation_313 = and i1 %comparison_250, i1 %activation" [firmware/BDT.h:193]   --->   Operation 22 'and' 'activation_313' <Predicate = (or_ln208_37)> <Delay = 0.00> <CoreInst = "LogicGate">   --->   Core 74 'LogicGate' <Latency = 0> <II = 1> <Delay = 0.33> <FuncUnit> <Opcode : 'and' 'or' 'xor'> <InPorts = 2> <OutPorts = 1>
ST_1 : Operation 23 [1/1] (0.00ns) (grouped into LUT with out node select_ln208_45)   --->   "%or_ln208 = or i1 %activation_310, i1 %activation_311" [firmware/BDT.h:208]   --->   Operation 23 'or' 'or_ln208' <Predicate = (or_ln208_33 & or_ln208_34 & or_ln208_35 & or_ln208_36 & or_ln208_37)> <Delay = 0.00> <CoreInst = "LogicGate">   --->   Core 74 'LogicGate' <Latency = 0> <II = 1> <Delay = 0.33> <FuncUnit> <Opcode : 'and' 'or' 'xor'> <InPorts = 2> <OutPorts = 1>
ST_1 : Operation 24 [1/1] (0.00ns) (grouped into LUT with out node select_ln208_45)   --->   "%or_ln208_38 = or i1 %comparison, i1 %xor_ln195_10" [firmware/BDT.h:208]   --->   Operation 24 'or' 'or_ln208_38' <Predicate = (or_ln208 & or_ln208_33 & or_ln208_34 & or_ln208_35 & or_ln208_36 & or_ln208_37)> <Delay = 0.00> <CoreInst = "LogicGate">   --->   Core 74 'LogicGate' <Latency = 0> <II = 1> <Delay = 0.33> <FuncUnit> <Opcode : 'and' 'or' 'xor'> <InPorts = 2> <OutPorts = 1>
ST_1 : Operation 25 [1/1] (0.00ns) (grouped into LUT with out node select_ln208_45)   --->   "%zext_ln208 = zext i1 %or_ln208_38" [firmware/BDT.h:208]   --->   Operation 25 'zext' 'zext_ln208' <Predicate = (or_ln208 & or_ln208_33 & or_ln208_34 & or_ln208_35 & or_ln208_36 & or_ln208_37)> <Delay = 0.00>
ST_1 : Operation 26 [1/1] (0.33ns)   --->   "%or_ln208_33 = or i1 %activation_310, i1 %comparison_251" [firmware/BDT.h:208]   --->   Operation 26 'or' 'or_ln208_33' <Predicate = true> <Delay = 0.33> <CoreInst = "LogicGate">   --->   Core 74 'LogicGate' <Latency = 0> <II = 1> <Delay = 0.33> <FuncUnit> <Opcode : 'and' 'or' 'xor'> <InPorts = 2> <OutPorts = 1>
ST_1 : Operation 27 [1/1] (0.00ns) (grouped into LUT with out node select_ln208_45)   --->   "%select_ln208 = select i1 %or_ln208, i2 %zext_ln208, i2 2" [firmware/BDT.h:208]   --->   Operation 27 'select' 'select_ln208' <Predicate = (or_ln208_33 & or_ln208_34 & or_ln208_35 & or_ln208_36 & or_ln208_37)> <Delay = 0.00> <CoreInst = "Sel">   --->   Core 73 'Sel' <Latency = 0> <II = 1> <Delay = 0.52> <FuncUnit> <Opcode : 'select'> <InPorts = 3> <OutPorts = 1>
ST_1 : Operation 28 [1/1] (0.00ns) (grouped into LUT with out node select_ln208_47)   --->   "%or_ln208_34 = or i1 %or_ln208_33, i1 %activation_312" [firmware/BDT.h:208]   --->   Operation 28 'or' 'or_ln208_34' <Predicate = (or_ln208_35 & or_ln208_36 & or_ln208_37)> <Delay = 0.00> <CoreInst = "LogicGate">   --->   Core 74 'LogicGate' <Latency = 0> <II = 1> <Delay = 0.33> <FuncUnit> <Opcode : 'and' 'or' 'xor'> <InPorts = 2> <OutPorts = 1>
ST_1 : Operation 29 [1/1] (0.33ns) (out node of the LUT)   --->   "%select_ln208_45 = select i1 %or_ln208_33, i2 %select_ln208, i2 3" [firmware/BDT.h:208]   --->   Operation 29 'select' 'select_ln208_45' <Predicate = (or_ln208_34 & or_ln208_35 & or_ln208_36 & or_ln208_37)> <Delay = 0.33> <CoreInst = "Sel">   --->   Core 73 'Sel' <Latency = 0> <II = 1> <Delay = 0.52> <FuncUnit> <Opcode : 'select'> <InPorts = 3> <OutPorts = 1>
ST_1 : Operation 30 [1/1] (0.00ns) (grouped into LUT with out node select_ln208_47)   --->   "%zext_ln208_11 = zext i2 %select_ln208_45" [firmware/BDT.h:208]   --->   Operation 30 'zext' 'zext_ln208_11' <Predicate = (or_ln208_34 & or_ln208_35 & or_ln208_36 & or_ln208_37)> <Delay = 0.00>
ST_1 : Operation 31 [1/1] (0.33ns)   --->   "%or_ln208_35 = or i1 %or_ln208_33, i1 %activation_305" [firmware/BDT.h:208]   --->   Operation 31 'or' 'or_ln208_35' <Predicate = true> <Delay = 0.33> <CoreInst = "LogicGate">   --->   Core 74 'LogicGate' <Latency = 0> <II = 1> <Delay = 0.33> <FuncUnit> <Opcode : 'and' 'or' 'xor'> <InPorts = 2> <OutPorts = 1>
ST_1 : Operation 32 [1/1] (0.00ns) (grouped into LUT with out node select_ln208_47)   --->   "%select_ln208_46 = select i1 %or_ln208_34, i3 %zext_ln208_11, i3 4" [firmware/BDT.h:208]   --->   Operation 32 'select' 'select_ln208_46' <Predicate = (or_ln208_35 & or_ln208_36 & or_ln208_37)> <Delay = 0.00> <CoreInst = "Sel">   --->   Core 73 'Sel' <Latency = 0> <II = 1> <Delay = 0.52> <FuncUnit> <Opcode : 'select'> <InPorts = 3> <OutPorts = 1>
ST_1 : Operation 33 [1/1] (0.00ns) (grouped into LUT with out node select_ln208_49)   --->   "%or_ln208_36 = or i1 %or_ln208_35, i1 %activation_313" [firmware/BDT.h:208]   --->   Operation 33 'or' 'or_ln208_36' <Predicate = (or_ln208_37)> <Delay = 0.00> <CoreInst = "LogicGate">   --->   Core 74 'LogicGate' <Latency = 0> <II = 1> <Delay = 0.33> <FuncUnit> <Opcode : 'and' 'or' 'xor'> <InPorts = 2> <OutPorts = 1>
ST_1 : Operation 34 [1/1] (0.33ns) (out node of the LUT)   --->   "%select_ln208_47 = select i1 %or_ln208_35, i3 %select_ln208_46, i3 5" [firmware/BDT.h:208]   --->   Operation 34 'select' 'select_ln208_47' <Predicate = (or_ln208_36 & or_ln208_37)> <Delay = 0.33> <CoreInst = "Sel">   --->   Core 73 'Sel' <Latency = 0> <II = 1> <Delay = 0.52> <FuncUnit> <Opcode : 'select'> <InPorts = 3> <OutPorts = 1>
ST_1 : Operation 35 [1/1] (0.00ns) (grouped into LUT with out node select_ln208_49)   --->   "%or_ln208_37 = or i1 %or_ln208_35, i1 %activation" [firmware/BDT.h:208]   --->   Operation 35 'or' 'or_ln208_37' <Predicate = true> <Delay = 0.00> <CoreInst = "LogicGate">   --->   Core 74 'LogicGate' <Latency = 0> <II = 1> <Delay = 0.33> <FuncUnit> <Opcode : 'and' 'or' 'xor'> <InPorts = 2> <OutPorts = 1>
ST_1 : Operation 36 [1/1] (0.00ns) (grouped into LUT with out node select_ln208_49)   --->   "%select_ln208_48 = select i1 %or_ln208_36, i3 %select_ln208_47, i3 6" [firmware/BDT.h:208]   --->   Operation 36 'select' 'select_ln208_48' <Predicate = (or_ln208_37)> <Delay = 0.00> <CoreInst = "Sel">   --->   Core 73 'Sel' <Latency = 0> <II = 1> <Delay = 0.52> <FuncUnit> <Opcode : 'select'> <InPorts = 3> <OutPorts = 1>
ST_1 : Operation 37 [1/1] (0.00ns) (grouped into LUT with out node select_ln208_49)   --->   "%tmp = mux i32 @_ssdm_op_Mux.ap_auto.7i32.i3, i32 4294962113, i32 5070, i32 28864, i32 4294957551, i32 17368, i32 12980, i32 48465, i3 %select_ln208_48" [firmware/BDT.h:209]   --->   Operation 37 'mux' 'tmp' <Predicate = (or_ln208_37)> <Delay = 0.00> <CoreInst = "Multiplexer">   --->   Core 76 'Multiplexer' <Latency = 0> <II = 1> <Delay = 0.77> <FuncUnit> <Opcode : 'mux'> <InPorts = 2> <OutPorts = 1>
ST_1 : Operation 38 [1/1] (0.77ns) (out node of the LUT)   --->   "%select_ln208_49 = select i1 %or_ln208_37, i32 %tmp, i32 0" [firmware/BDT.h:208]   --->   Operation 38 'select' 'select_ln208_49' <Predicate = true> <Delay = 0.77> <CoreInst = "Sel">   --->   Core 73 'Sel' <Latency = 0> <II = 1> <Delay = 0.52> <FuncUnit> <Opcode : 'select'> <InPorts = 3> <OutPorts = 1>
ST_1 : Operation 39 [1/1] (0.00ns)   --->   "%ret_ln213 = ret i32 %select_ln208_49" [firmware/BDT.h:213]   --->   Operation 39 'ret' 'ret_ln213' <Predicate = true> <Delay = 0.00>


============================================================
+ Verbose Summary: Binding
============================================================
STG Binding: 
---------------- STG Properties BEGIN ----------------
- Is combinational: 1
- Is one-state seq: 0
- Is datapath-only: 0
- Is pipelined: 1
- Is top level: 0
Port [ Return ] is wired: 1; IO mode=ap_ctrl_hs:ce=0
Port [ p_read1]:  wired=1; compound=0; hidden=0; nouse=0; global=0; static=0; extern=0; dir=0; type=0; pingpong=0; private_global=0; IO mode=ap_none:ce=0
Port [ p_read2]:  wired=1; compound=0; hidden=0; nouse=0; global=0; static=0; extern=0; dir=0; type=0; pingpong=0; private_global=0; IO mode=ap_none:ce=0
Port [ p_read3]:  wired=1; compound=0; hidden=0; nouse=0; global=0; static=0; extern=0; dir=0; type=0; pingpong=0; private_global=0; IO mode=ap_none:ce=0
Port [ p_read4]:  wired=1; compound=0; hidden=0; nouse=0; global=0; static=0; extern=0; dir=0; type=0; pingpong=0; private_global=0; IO mode=ap_none:ce=0
Port [ p_read5]:  wired=1; compound=0; hidden=0; nouse=0; global=0; static=0; extern=0; dir=0; type=0; pingpong=0; private_global=0; IO mode=ap_none:ce=0
---------------- STG Properties END ------------------

---------------- Datapath Model BEGIN ----------------

<LifeTime>
<method=bitvector/>
specpipeline_ln0 (specpipeline) [ 00]
p_read55         (read        ) [ 00]
p_read44         (read        ) [ 00]
p_read33         (read        ) [ 00]
p_read22         (read        ) [ 00]
p_read11         (read        ) [ 00]
comparison       (icmp        ) [ 00]
comparison_251   (icmp        ) [ 00]
comparison_247   (icmp        ) [ 00]
comparison_248   (icmp        ) [ 00]
comparison_249   (icmp        ) [ 00]
comparison_250   (icmp        ) [ 00]
activation_303   (xor         ) [ 00]
xor_ln195        (xor         ) [ 00]
activation_305   (and         ) [ 00]
activation_310   (and         ) [ 00]
xor_ln195_10     (xor         ) [ 00]
activation       (and         ) [ 00]
activation_311   (and         ) [ 00]
activation_312   (and         ) [ 00]
activation_313   (and         ) [ 00]
or_ln208         (or          ) [ 01]
or_ln208_38      (or          ) [ 00]
zext_ln208       (zext        ) [ 00]
or_ln208_33      (or          ) [ 01]
select_ln208     (select      ) [ 00]
or_ln208_34      (or          ) [ 01]
select_ln208_45  (select      ) [ 00]
zext_ln208_11    (zext        ) [ 00]
or_ln208_35      (or          ) [ 01]
select_ln208_46  (select      ) [ 00]
or_ln208_36      (or          ) [ 01]
select_ln208_47  (select      ) [ 00]
or_ln208_37      (or          ) [ 01]
select_ln208_48  (select      ) [ 00]
tmp              (mux         ) [ 00]
select_ln208_49  (select      ) [ 00]
ret_ln213        (ret         ) [ 00]
</LifeTime>

<model>

<comp_list>
<comp id="0" class="1000" name="p_read1">
<pin_list>
<pin id="1" dir="1" index="0" bw="1" slack="0"/>
</pin_list>
<bind>
<StgValue><ssdm name="p_read1"/></StgValue>
</bind>
</comp>

<comp id="2" class="1000" name="p_read2">
<pin_list>
<pin id="3" dir="1" index="0" bw="1" slack="0"/>
</pin_list>
<bind>
<StgValue><ssdm name="p_read2"/></StgValue>
</bind>
</comp>

<comp id="4" class="1000" name="p_read3">
<pin_list>
<pin id="5" dir="1" index="0" bw="1" slack="0"/>
</pin_list>
<bind>
<StgValue><ssdm name="p_read3"/></StgValue>
</bind>
</comp>

<comp id="6" class="1000" name="p_read4">
<pin_list>
<pin id="7" dir="1" index="0" bw="1" slack="0"/>
</pin_list>
<bind>
<StgValue><ssdm name="p_read4"/></StgValue>
</bind>
</comp>

<comp id="8" class="1000" name="p_read5">
<pin_list>
<pin id="9" dir="1" index="0" bw="1" slack="0"/>
</pin_list>
<bind>
<StgValue><ssdm name="p_read5"/></StgValue>
</bind>
</comp>

<comp id="10" class="1001" name="const_10">
<pin_list>
<pin id="11" dir="1" index="0" bw="1" slack="2147483647"/>
</pin_list>
<bind>
<StgValue><ssdm name="_ssdm_op_SpecPipeline"/></StgValue>
</bind>
</comp>

<comp id="12" class="1001" name="const_12">
<pin_list>
<pin id="13" dir="1" index="0" bw="1" slack="2147483647"/>
</pin_list>
<bind>
<StgValue><ssdm name=""/></StgValue>
</bind>
</comp>

<comp id="14" class="1001" name="const_14">
<pin_list>
<pin id="15" dir="1" index="0" bw="1" slack="0"/>
</pin_list>
<bind>
<StgValue><ssdm name=""/></StgValue>
</bind>
</comp>

<comp id="16" class="1001" name="const_16">
<pin_list>
<pin id="17" dir="1" index="0" bw="1" slack="2147483647"/>
</pin_list>
<bind>
<StgValue><ssdm name="empty_1"/></StgValue>
</bind>
</comp>

<comp id="18" class="1001" name="const_18">
<pin_list>
<pin id="19" dir="1" index="0" bw="1" slack="0"/>
</pin_list>
<bind>
<StgValue><ssdm name="_ssdm_op_Read.ap_auto.i32"/></StgValue>
</bind>
</comp>

<comp id="20" class="1001" name="const_20">
<pin_list>
<pin id="21" dir="1" index="0" bw="1" slack="0"/>
</pin_list>
<bind>
<StgValue><ssdm name=""/></StgValue>
</bind>
</comp>

<comp id="22" class="1001" name="const_22">
<pin_list>
<pin id="23" dir="1" index="0" bw="1" slack="0"/>
</pin_list>
<bind>
<StgValue><ssdm name=""/></StgValue>
</bind>
</comp>

<comp id="24" class="1001" name="const_24">
<pin_list>
<pin id="25" dir="1" index="0" bw="1" slack="0"/>
</pin_list>
<bind>
<StgValue><ssdm name=""/></StgValue>
</bind>
</comp>

<comp id="26" class="1001" name="const_26">
<pin_list>
<pin id="27" dir="1" index="0" bw="1" slack="0"/>
</pin_list>
<bind>
<StgValue><ssdm name=""/></StgValue>
</bind>
</comp>

<comp id="28" class="1001" name="const_28">
<pin_list>
<pin id="29" dir="1" index="0" bw="1" slack="0"/>
</pin_list>
<bind>
<StgValue><ssdm name=""/></StgValue>
</bind>
</comp>

<comp id="30" class="1001" name="const_30">
<pin_list>
<pin id="31" dir="1" index="0" bw="1" slack="0"/>
</pin_list>
<bind>
<StgValue><ssdm name=""/></StgValue>
</bind>
</comp>

<comp id="32" class="1001" name="const_32">
<pin_list>
<pin id="33" dir="1" index="0" bw="1" slack="0"/>
</pin_list>
<bind>
<StgValue><ssdm name=""/></StgValue>
</bind>
</comp>

<comp id="34" class="1001" name="const_34">
<pin_list>
<pin id="35" dir="1" index="0" bw="1" slack="0"/>
</pin_list>
<bind>
<StgValue><ssdm name=""/></StgValue>
</bind>
</comp>

<comp id="36" class="1001" name="const_36">
<pin_list>
<pin id="37" dir="1" index="0" bw="1" slack="0"/>
</pin_list>
<bind>
<StgValue><ssdm name=""/></StgValue>
</bind>
</comp>

<comp id="38" class="1001" name="const_38">
<pin_list>
<pin id="39" dir="1" index="0" bw="1" slack="0"/>
</pin_list>
<bind>
<StgValue><ssdm name=""/></StgValue>
</bind>
</comp>

<comp id="40" class="1001" name="const_40">
<pin_list>
<pin id="41" dir="1" index="0" bw="1" slack="0"/>
</pin_list>
<bind>
<StgValue><ssdm name=""/></StgValue>
</bind>
</comp>

<comp id="42" class="1001" name="const_42">
<pin_list>
<pin id="43" dir="1" index="0" bw="1" slack="0"/>
</pin_list>
<bind>
<StgValue><ssdm name=""/></StgValue>
</bind>
</comp>

<comp id="44" class="1001" name="const_44">
<pin_list>
<pin id="45" dir="1" index="0" bw="1" slack="0"/>
</pin_list>
<bind>
<StgValue><ssdm name="_ssdm_op_Mux.ap_auto.7i32.i3"/></StgValue>
</bind>
</comp>

<comp id="46" class="1001" name="const_46">
<pin_list>
<pin id="47" dir="1" index="0" bw="1" slack="0"/>
</pin_list>
<bind>
<StgValue><ssdm name=""/></StgValue>
</bind>
</comp>

<comp id="48" class="1001" name="const_48">
<pin_list>
<pin id="49" dir="1" index="0" bw="1" slack="0"/>
</pin_list>
<bind>
<StgValue><ssdm name=""/></StgValue>
</bind>
</comp>

<comp id="50" class="1001" name="const_50">
<pin_list>
<pin id="51" dir="1" index="0" bw="1" slack="0"/>
</pin_list>
<bind>
<StgValue><ssdm name=""/></StgValue>
</bind>
</comp>

<comp id="52" class="1001" name="const_52">
<pin_list>
<pin id="53" dir="1" index="0" bw="1" slack="0"/>
</pin_list>
<bind>
<StgValue><ssdm name=""/></StgValue>
</bind>
</comp>

<comp id="54" class="1001" name="const_54">
<pin_list>
<pin id="55" dir="1" index="0" bw="1" slack="0"/>
</pin_list>
<bind>
<StgValue><ssdm name=""/></StgValue>
</bind>
</comp>

<comp id="56" class="1001" name="const_56">
<pin_list>
<pin id="57" dir="1" index="0" bw="1" slack="0"/>
</pin_list>
<bind>
<StgValue><ssdm name=""/></StgValue>
</bind>
</comp>

<comp id="58" class="1001" name="const_58">
<pin_list>
<pin id="59" dir="1" index="0" bw="1" slack="0"/>
</pin_list>
<bind>
<StgValue><ssdm name=""/></StgValue>
</bind>
</comp>

<comp id="60" class="1004" name="p_read55_read_fu_60">
<pin_list>
<pin id="61" dir="0" index="0" bw="32" slack="0"/>
<pin id="62" dir="0" index="1" bw="32" slack="0"/>
<pin id="63" dir="1" index="2" bw="32" slack="0"/>
</pin_list>
<bind>
<opcode="read(1150) " fcode="read"/>
<opset="p_read55/1 "/>
</bind>
</comp>

<comp id="66" class="1004" name="p_read44_read_fu_66">
<pin_list>
<pin id="67" dir="0" index="0" bw="32" slack="0"/>
<pin id="68" dir="0" index="1" bw="32" slack="0"/>
<pin id="69" dir="1" index="2" bw="32" slack="0"/>
</pin_list>
<bind>
<opcode="read(1150) " fcode="read"/>
<opset="p_read44/1 "/>
</bind>
</comp>

<comp id="72" class="1004" name="p_read33_read_fu_72">
<pin_list>
<pin id="73" dir="0" index="0" bw="32" slack="0"/>
<pin id="74" dir="0" index="1" bw="32" slack="0"/>
<pin id="75" dir="1" index="2" bw="32" slack="0"/>
</pin_list>
<bind>
<opcode="read(1150) " fcode="read"/>
<opset="p_read33/1 "/>
</bind>
</comp>

<comp id="78" class="1004" name="p_read22_read_fu_78">
<pin_list>
<pin id="79" dir="0" index="0" bw="32" slack="0"/>
<pin id="80" dir="0" index="1" bw="32" slack="0"/>
<pin id="81" dir="1" index="2" bw="32" slack="0"/>
</pin_list>
<bind>
<opcode="read(1150) " fcode="read"/>
<opset="p_read22/1 "/>
</bind>
</comp>

<comp id="84" class="1004" name="p_read11_read_fu_84">
<pin_list>
<pin id="85" dir="0" index="0" bw="32" slack="0"/>
<pin id="86" dir="0" index="1" bw="32" slack="0"/>
<pin id="87" dir="1" index="2" bw="32" slack="0"/>
</pin_list>
<bind>
<opcode="read(1150) " fcode="read"/>
<opset="p_read11/1 "/>
</bind>
</comp>

<comp id="90" class="1004" name="comparison_fu_90">
<pin_list>
<pin id="91" dir="0" index="0" bw="32" slack="0"/>
<pin id="92" dir="0" index="1" bw="18" slack="0"/>
<pin id="93" dir="1" index="2" bw="1" slack="0"/>
</pin_list>
<bind>
<opcode="icmp(45) " fcode="icmp"/>
<opset="comparison/1 "/>
</bind>
</comp>

<comp id="96" class="1004" name="comparison_251_fu_96">
<pin_list>
<pin id="97" dir="0" index="0" bw="32" slack="0"/>
<pin id="98" dir="0" index="1" bw="17" slack="0"/>
<pin id="99" dir="1" index="2" bw="1" slack="0"/>
</pin_list>
<bind>
<opcode="icmp(45) " fcode="icmp"/>
<opset="comparison_251/1 "/>
</bind>
</comp>

<comp id="102" class="1004" name="comparison_247_fu_102">
<pin_list>
<pin id="103" dir="0" index="0" bw="32" slack="0"/>
<pin id="104" dir="0" index="1" bw="17" slack="0"/>
<pin id="105" dir="1" index="2" bw="1" slack="0"/>
</pin_list>
<bind>
<opcode="icmp(45) " fcode="icmp"/>
<opset="comparison_247/1 "/>
</bind>
</comp>

<comp id="108" class="1004" name="comparison_248_fu_108">
<pin_list>
<pin id="109" dir="0" index="0" bw="32" slack="0"/>
<pin id="110" dir="0" index="1" bw="15" slack="0"/>
<pin id="111" dir="1" index="2" bw="1" slack="0"/>
</pin_list>
<bind>
<opcode="icmp(45) " fcode="icmp"/>
<opset="comparison_248/1 "/>
</bind>
</comp>

<comp id="114" class="1004" name="comparison_249_fu_114">
<pin_list>
<pin id="115" dir="0" index="0" bw="32" slack="0"/>
<pin id="116" dir="0" index="1" bw="18" slack="0"/>
<pin id="117" dir="1" index="2" bw="1" slack="0"/>
</pin_list>
<bind>
<opcode="icmp(45) " fcode="icmp"/>
<opset="comparison_249/1 "/>
</bind>
</comp>

<comp id="120" class="1004" name="comparison_250_fu_120">
<pin_list>
<pin id="121" dir="0" index="0" bw="32" slack="0"/>
<pin id="122" dir="0" index="1" bw="15" slack="0"/>
<pin id="123" dir="1" index="2" bw="1" slack="0"/>
</pin_list>
<bind>
<opcode="icmp(45) " fcode="icmp"/>
<opset="comparison_250/1 "/>
</bind>
</comp>

<comp id="126" class="1004" name="activation_303_fu_126">
<pin_list>
<pin id="127" dir="0" index="0" bw="1" slack="0"/>
<pin id="128" dir="0" index="1" bw="1" slack="0"/>
<pin id="129" dir="1" index="2" bw="1" slack="0"/>
</pin_list>
<bind>
<opcode="xor(25) " fcode="xor"/>
<opset="activation_303/1 "/>
</bind>
</comp>

<comp id="132" class="1004" name="xor_ln195_fu_132">
<pin_list>
<pin id="133" dir="0" index="0" bw="1" slack="0"/>
<pin id="134" dir="0" index="1" bw="1" slack="0"/>
<pin id="135" dir="1" index="2" bw="1" slack="0"/>
</pin_list>
<bind>
<opcode="xor(25) " fcode="xor"/>
<opset="xor_ln195/1 "/>
</bind>
</comp>

<comp id="138" class="1004" name="activation_305_fu_138">
<pin_list>
<pin id="139" dir="0" index="0" bw="1" slack="0"/>
<pin id="140" dir="0" index="1" bw="1" slack="0"/>
<pin id="141" dir="1" index="2" bw="1" slack="0"/>
</pin_list>
<bind>
<opcode="and(23) " fcode="and"/>
<opset="activation_305/1 "/>
</bind>
</comp>

<comp id="144" class="1004" name="activation_310_fu_144">
<pin_list>
<pin id="145" dir="0" index="0" bw="1" slack="0"/>
<pin id="146" dir="0" index="1" bw="1" slack="0"/>
<pin id="147" dir="1" index="2" bw="1" slack="0"/>
</pin_list>
<bind>
<opcode="and(23) " fcode="and"/>
<opset="activation_310/1 "/>
</bind>
</comp>

<comp id="150" class="1004" name="xor_ln195_10_fu_150">
<pin_list>
<pin id="151" dir="0" index="0" bw="1" slack="0"/>
<pin id="152" dir="0" index="1" bw="1" slack="0"/>
<pin id="153" dir="1" index="2" bw="1" slack="0"/>
</pin_list>
<bind>
<opcode="xor(25) " fcode="xor"/>
<opset="xor_ln195_10/1 "/>
</bind>
</comp>

<comp id="156" class="1004" name="activation_fu_156">
<pin_list>
<pin id="157" dir="0" index="0" bw="1" slack="0"/>
<pin id="158" dir="0" index="1" bw="1" slack="0"/>
<pin id="159" dir="1" index="2" bw="1" slack="0"/>
</pin_list>
<bind>
<opcode="and(23) " fcode="and"/>
<opset="activation/1 "/>
</bind>
</comp>

<comp id="162" class="1004" name="activation_311_fu_162">
<pin_list>
<pin id="163" dir="0" index="0" bw="1" slack="0"/>
<pin id="164" dir="0" index="1" bw="1" slack="0"/>
<pin id="165" dir="1" index="2" bw="1" slack="0"/>
</pin_list>
<bind>
<opcode="and(23) " fcode="and"/>
<opset="activation_311/1 "/>
</bind>
</comp>

<comp id="168" class="1004" name="activation_312_fu_168">
<pin_list>
<pin id="169" dir="0" index="0" bw="1" slack="0"/>
<pin id="170" dir="0" index="1" bw="1" slack="0"/>
<pin id="171" dir="1" index="2" bw="1" slack="0"/>
</pin_list>
<bind>
<opcode="and(23) " fcode="and"/>
<opset="activation_312/1 "/>
</bind>
</comp>

<comp id="174" class="1004" name="activation_313_fu_174">
<pin_list>
<pin id="175" dir="0" index="0" bw="1" slack="0"/>
<pin id="176" dir="0" index="1" bw="1" slack="0"/>
<pin id="177" dir="1" index="2" bw="1" slack="0"/>
</pin_list>
<bind>
<opcode="and(23) " fcode="and"/>
<opset="activation_313/1 "/>
</bind>
</comp>

<comp id="180" class="1004" name="or_ln208_fu_180">
<pin_list>
<pin id="181" dir="0" index="0" bw="1" slack="0"/>
<pin id="182" dir="0" index="1" bw="1" slack="0"/>
<pin id="183" dir="1" index="2" bw="1" slack="0"/>
</pin_list>
<bind>
<opcode="or(24) " fcode="or"/>
<opset="or_ln208/1 "/>
</bind>
</comp>

<comp id="186" class="1004" name="or_ln208_38_fu_186">
<pin_list>
<pin id="187" dir="0" index="0" bw="1" slack="0"/>
<pin id="188" dir="0" index="1" bw="1" slack="0"/>
<pin id="189" dir="1" index="2" bw="1" slack="0"/>
</pin_list>
<bind>
<opcode="or(24) " fcode="or"/>
<opset="or_ln208_38/1 "/>
</bind>
</comp>

<comp id="192" class="1004" name="zext_ln208_fu_192">
<pin_list>
<pin id="193" dir="0" index="0" bw="1" slack="0"/>
<pin id="194" dir="1" index="1" bw="2" slack="0"/>
</pin_list>
<bind>
<opcode="zext(34) " fcode="zext"/>
<opset="zext_ln208/1 "/>
</bind>
</comp>

<comp id="196" class="1004" name="or_ln208_33_fu_196">
<pin_list>
<pin id="197" dir="0" index="0" bw="1" slack="0"/>
<pin id="198" dir="0" index="1" bw="1" slack="0"/>
<pin id="199" dir="1" index="2" bw="1" slack="0"/>
</pin_list>
<bind>
<opcode="or(24) " fcode="or"/>
<opset="or_ln208_33/1 "/>
</bind>
</comp>

<comp id="202" class="1004" name="select_ln208_fu_202">
<pin_list>
<pin id="203" dir="0" index="0" bw="1" slack="0"/>
<pin id="204" dir="0" index="1" bw="1" slack="0"/>
<pin id="205" dir="0" index="2" bw="2" slack="0"/>
<pin id="206" dir="1" index="3" bw="2" slack="0"/>
</pin_list>
<bind>
<opcode="select(49) " fcode="select"/>
<opset="select_ln208/1 "/>
</bind>
</comp>

<comp id="210" class="1004" name="or_ln208_34_fu_210">
<pin_list>
<pin id="211" dir="0" index="0" bw="1" slack="0"/>
<pin id="212" dir="0" index="1" bw="1" slack="0"/>
<pin id="213" dir="1" index="2" bw="1" slack="0"/>
</pin_list>
<bind>
<opcode="or(24) " fcode="or"/>
<opset="or_ln208_34/1 "/>
</bind>
</comp>

<comp id="216" class="1004" name="select_ln208_45_fu_216">
<pin_list>
<pin id="217" dir="0" index="0" bw="1" slack="0"/>
<pin id="218" dir="0" index="1" bw="2" slack="0"/>
<pin id="219" dir="0" index="2" bw="1" slack="0"/>
<pin id="220" dir="1" index="3" bw="2" slack="0"/>
</pin_list>
<bind>
<opcode="select(49) " fcode="select"/>
<opset="select_ln208_45/1 "/>
</bind>
</comp>

<comp id="224" class="1004" name="zext_ln208_11_fu_224">
<pin_list>
<pin id="225" dir="0" index="0" bw="2" slack="0"/>
<pin id="226" dir="1" index="1" bw="3" slack="0"/>
</pin_list>
<bind>
<opcode="zext(34) " fcode="zext"/>
<opset="zext_ln208_11/1 "/>
</bind>
</comp>

<comp id="228" class="1004" name="or_ln208_35_fu_228">
<pin_list>
<pin id="229" dir="0" index="0" bw="1" slack="0"/>
<pin id="230" dir="0" index="1" bw="1" slack="0"/>
<pin id="231" dir="1" index="2" bw="1" slack="0"/>
</pin_list>
<bind>
<opcode="or(24) " fcode="or"/>
<opset="or_ln208_35/1 "/>
</bind>
</comp>

<comp id="234" class="1004" name="select_ln208_46_fu_234">
<pin_list>
<pin id="235" dir="0" index="0" bw="1" slack="0"/>
<pin id="236" dir="0" index="1" bw="2" slack="0"/>
<pin id="237" dir="0" index="2" bw="3" slack="0"/>
<pin id="238" dir="1" index="3" bw="3" slack="0"/>
</pin_list>
<bind>
<opcode="select(49) " fcode="select"/>
<opset="select_ln208_46/1 "/>
</bind>
</comp>

<comp id="242" class="1004" name="or_ln208_36_fu_242">
<pin_list>
<pin id="243" dir="0" index="0" bw="1" slack="0"/>
<pin id="244" dir="0" index="1" bw="1" slack="0"/>
<pin id="245" dir="1" index="2" bw="1" slack="0"/>
</pin_list>
<bind>
<opcode="or(24) " fcode="or"/>
<opset="or_ln208_36/1 "/>
</bind>
</comp>

<comp id="248" class="1004" name="select_ln208_47_fu_248">
<pin_list>
<pin id="249" dir="0" index="0" bw="1" slack="0"/>
<pin id="250" dir="0" index="1" bw="3" slack="0"/>
<pin id="251" dir="0" index="2" bw="3" slack="0"/>
<pin id="252" dir="1" index="3" bw="3" slack="0"/>
</pin_list>
<bind>
<opcode="select(49) " fcode="select"/>
<opset="select_ln208_47/1 "/>
</bind>
</comp>

<comp id="256" class="1004" name="or_ln208_37_fu_256">
<pin_list>
<pin id="257" dir="0" index="0" bw="1" slack="0"/>
<pin id="258" dir="0" index="1" bw="1" slack="0"/>
<pin id="259" dir="1" index="2" bw="1" slack="0"/>
</pin_list>
<bind>
<opcode="or(24) " fcode="or"/>
<opset="or_ln208_37/1 "/>
</bind>
</comp>

<comp id="262" class="1004" name="select_ln208_48_fu_262">
<pin_list>
<pin id="263" dir="0" index="0" bw="1" slack="0"/>
<pin id="264" dir="0" index="1" bw="3" slack="0"/>
<pin id="265" dir="0" index="2" bw="2" slack="0"/>
<pin id="266" dir="1" index="3" bw="3" slack="0"/>
</pin_list>
<bind>
<opcode="select(49) " fcode="select"/>
<opset="select_ln208_48/1 "/>
</bind>
</comp>

<comp id="270" class="1004" name="tmp_fu_270">
<pin_list>
<pin id="271" dir="0" index="0" bw="32" slack="0"/>
<pin id="272" dir="0" index="1" bw="14" slack="0"/>
<pin id="273" dir="0" index="2" bw="14" slack="0"/>
<pin id="274" dir="0" index="3" bw="16" slack="0"/>
<pin id="275" dir="0" index="4" bw="15" slack="0"/>
<pin id="276" dir="0" index="5" bw="16" slack="0"/>
<pin id="277" dir="0" index="6" bw="15" slack="0"/>
<pin id="278" dir="0" index="7" bw="17" slack="0"/>
<pin id="279" dir="0" index="8" bw="3" slack="0"/>
<pin id="280" dir="1" index="9" bw="32" slack="0"/>
</pin_list>
<bind>
<opcode="mux(1196) " fcode="mux"/>
<opset="tmp/1 "/>
</bind>
</comp>

<comp id="290" class="1004" name="select_ln208_49_fu_290">
<pin_list>
<pin id="291" dir="0" index="0" bw="1" slack="0"/>
<pin id="292" dir="0" index="1" bw="32" slack="0"/>
<pin id="293" dir="0" index="2" bw="1" slack="0"/>
<pin id="294" dir="1" index="3" bw="32" slack="2147483647"/>
</pin_list>
<bind>
<opcode="select(49) " fcode="select"/>
<opset="select_ln208_49/1 "/>
</bind>
</comp>

</comp_list>

<net_list>
<net id="64"><net_src comp="18" pin="0"/><net_sink comp="60" pin=0"/></net>

<net id="65"><net_src comp="8" pin="0"/><net_sink comp="60" pin=1"/></net>

<net id="70"><net_src comp="18" pin="0"/><net_sink comp="66" pin=0"/></net>

<net id="71"><net_src comp="6" pin="0"/><net_sink comp="66" pin=1"/></net>

<net id="76"><net_src comp="18" pin="0"/><net_sink comp="72" pin=0"/></net>

<net id="77"><net_src comp="4" pin="0"/><net_sink comp="72" pin=1"/></net>

<net id="82"><net_src comp="18" pin="0"/><net_sink comp="78" pin=0"/></net>

<net id="83"><net_src comp="2" pin="0"/><net_sink comp="78" pin=1"/></net>

<net id="88"><net_src comp="18" pin="0"/><net_sink comp="84" pin=0"/></net>

<net id="89"><net_src comp="0" pin="0"/><net_sink comp="84" pin=1"/></net>

<net id="94"><net_src comp="78" pin="2"/><net_sink comp="90" pin=0"/></net>

<net id="95"><net_src comp="20" pin="0"/><net_sink comp="90" pin=1"/></net>

<net id="100"><net_src comp="78" pin="2"/><net_sink comp="96" pin=0"/></net>

<net id="101"><net_src comp="22" pin="0"/><net_sink comp="96" pin=1"/></net>

<net id="106"><net_src comp="66" pin="2"/><net_sink comp="102" pin=0"/></net>

<net id="107"><net_src comp="24" pin="0"/><net_sink comp="102" pin=1"/></net>

<net id="112"><net_src comp="72" pin="2"/><net_sink comp="108" pin=0"/></net>

<net id="113"><net_src comp="26" pin="0"/><net_sink comp="108" pin=1"/></net>

<net id="118"><net_src comp="60" pin="2"/><net_sink comp="114" pin=0"/></net>

<net id="119"><net_src comp="28" pin="0"/><net_sink comp="114" pin=1"/></net>

<net id="124"><net_src comp="84" pin="2"/><net_sink comp="120" pin=0"/></net>

<net id="125"><net_src comp="30" pin="0"/><net_sink comp="120" pin=1"/></net>

<net id="130"><net_src comp="90" pin="2"/><net_sink comp="126" pin=0"/></net>

<net id="131"><net_src comp="32" pin="0"/><net_sink comp="126" pin=1"/></net>

<net id="136"><net_src comp="96" pin="2"/><net_sink comp="132" pin=0"/></net>

<net id="137"><net_src comp="32" pin="0"/><net_sink comp="132" pin=1"/></net>

<net id="142"><net_src comp="90" pin="2"/><net_sink comp="138" pin=0"/></net>

<net id="143"><net_src comp="132" pin="2"/><net_sink comp="138" pin=1"/></net>

<net id="148"><net_src comp="102" pin="2"/><net_sink comp="144" pin=0"/></net>

<net id="149"><net_src comp="126" pin="2"/><net_sink comp="144" pin=1"/></net>

<net id="154"><net_src comp="102" pin="2"/><net_sink comp="150" pin=0"/></net>

<net id="155"><net_src comp="32" pin="0"/><net_sink comp="150" pin=1"/></net>

<net id="160"><net_src comp="150" pin="2"/><net_sink comp="156" pin=0"/></net>

<net id="161"><net_src comp="126" pin="2"/><net_sink comp="156" pin=1"/></net>

<net id="166"><net_src comp="108" pin="2"/><net_sink comp="162" pin=0"/></net>

<net id="167"><net_src comp="96" pin="2"/><net_sink comp="162" pin=1"/></net>

<net id="172"><net_src comp="114" pin="2"/><net_sink comp="168" pin=0"/></net>

<net id="173"><net_src comp="138" pin="2"/><net_sink comp="168" pin=1"/></net>

<net id="178"><net_src comp="120" pin="2"/><net_sink comp="174" pin=0"/></net>

<net id="179"><net_src comp="156" pin="2"/><net_sink comp="174" pin=1"/></net>

<net id="184"><net_src comp="144" pin="2"/><net_sink comp="180" pin=0"/></net>

<net id="185"><net_src comp="162" pin="2"/><net_sink comp="180" pin=1"/></net>

<net id="190"><net_src comp="90" pin="2"/><net_sink comp="186" pin=0"/></net>

<net id="191"><net_src comp="150" pin="2"/><net_sink comp="186" pin=1"/></net>

<net id="195"><net_src comp="186" pin="2"/><net_sink comp="192" pin=0"/></net>

<net id="200"><net_src comp="144" pin="2"/><net_sink comp="196" pin=0"/></net>

<net id="201"><net_src comp="96" pin="2"/><net_sink comp="196" pin=1"/></net>

<net id="207"><net_src comp="180" pin="2"/><net_sink comp="202" pin=0"/></net>

<net id="208"><net_src comp="192" pin="1"/><net_sink comp="202" pin=1"/></net>

<net id="209"><net_src comp="34" pin="0"/><net_sink comp="202" pin=2"/></net>

<net id="214"><net_src comp="196" pin="2"/><net_sink comp="210" pin=0"/></net>

<net id="215"><net_src comp="168" pin="2"/><net_sink comp="210" pin=1"/></net>

<net id="221"><net_src comp="196" pin="2"/><net_sink comp="216" pin=0"/></net>

<net id="222"><net_src comp="202" pin="3"/><net_sink comp="216" pin=1"/></net>

<net id="223"><net_src comp="36" pin="0"/><net_sink comp="216" pin=2"/></net>

<net id="227"><net_src comp="216" pin="3"/><net_sink comp="224" pin=0"/></net>

<net id="232"><net_src comp="196" pin="2"/><net_sink comp="228" pin=0"/></net>

<net id="233"><net_src comp="138" pin="2"/><net_sink comp="228" pin=1"/></net>

<net id="239"><net_src comp="210" pin="2"/><net_sink comp="234" pin=0"/></net>

<net id="240"><net_src comp="224" pin="1"/><net_sink comp="234" pin=1"/></net>

<net id="241"><net_src comp="38" pin="0"/><net_sink comp="234" pin=2"/></net>

<net id="246"><net_src comp="228" pin="2"/><net_sink comp="242" pin=0"/></net>

<net id="247"><net_src comp="174" pin="2"/><net_sink comp="242" pin=1"/></net>

<net id="253"><net_src comp="228" pin="2"/><net_sink comp="248" pin=0"/></net>

<net id="254"><net_src comp="234" pin="3"/><net_sink comp="248" pin=1"/></net>

<net id="255"><net_src comp="40" pin="0"/><net_sink comp="248" pin=2"/></net>

<net id="260"><net_src comp="228" pin="2"/><net_sink comp="256" pin=0"/></net>

<net id="261"><net_src comp="156" pin="2"/><net_sink comp="256" pin=1"/></net>

<net id="267"><net_src comp="242" pin="2"/><net_sink comp="262" pin=0"/></net>

<net id="268"><net_src comp="248" pin="3"/><net_sink comp="262" pin=1"/></net>

<net id="269"><net_src comp="42" pin="0"/><net_sink comp="262" pin=2"/></net>

<net id="281"><net_src comp="44" pin="0"/><net_sink comp="270" pin=0"/></net>

<net id="282"><net_src comp="46" pin="0"/><net_sink comp="270" pin=1"/></net>

<net id="283"><net_src comp="48" pin="0"/><net_sink comp="270" pin=2"/></net>

<net id="284"><net_src comp="50" pin="0"/><net_sink comp="270" pin=3"/></net>

<net id="285"><net_src comp="52" pin="0"/><net_sink comp="270" pin=4"/></net>

<net id="286"><net_src comp="54" pin="0"/><net_sink comp="270" pin=5"/></net>

<net id="287"><net_src comp="56" pin="0"/><net_sink comp="270" pin=6"/></net>

<net id="288"><net_src comp="58" pin="0"/><net_sink comp="270" pin=7"/></net>

<net id="289"><net_src comp="262" pin="3"/><net_sink comp="270" pin=8"/></net>

<net id="295"><net_src comp="256" pin="2"/><net_sink comp="290" pin=0"/></net>

<net id="296"><net_src comp="270" pin="9"/><net_sink comp="290" pin=1"/></net>

<net id="297"><net_src comp="14" pin="0"/><net_sink comp="290" pin=2"/></net>

</net_list>

</model> 
---------------- Datapath Model END ------------------

* FSMD analyzer results:
  - Output states:
 - Input state : 
	Port: decision_function.10 : p_read1 | {1 }
	Port: decision_function.10 : p_read2 | {1 }
	Port: decision_function.10 : p_read3 | {1 }
	Port: decision_function.10 : p_read4 | {1 }
	Port: decision_function.10 : p_read5 | {1 }
  - Chain level:
	State 1
		activation_303 : 1
		xor_ln195 : 1
		activation_305 : 1
		activation_310 : 1
		xor_ln195_10 : 1
		activation : 1
		activation_311 : 1
		activation_312 : 1
		activation_313 : 1
		or_ln208 : 1
		or_ln208_38 : 1
		zext_ln208 : 1
		or_ln208_33 : 1
		select_ln208 : 1
		or_ln208_34 : 1
		select_ln208_45 : 2
		zext_ln208_11 : 3
		or_ln208_35 : 1
		select_ln208_46 : 4
		or_ln208_36 : 1
		select_ln208_47 : 5
		or_ln208_37 : 1
		select_ln208_48 : 6
		tmp : 7
		select_ln208_49 : 8
		ret_ln213 : 9


============================================================
+ Verbose Summary: Datapath Resource usage 
============================================================

* Functional unit list:
|----------|------------------------|---------|---------|
| Operation|     Functional Unit    |    FF   |   LUT   |
|----------|------------------------|---------|---------|
|          |    comparison_fu_90    |    0    |    20   |
|          |  comparison_251_fu_96  |    0    |    20   |
|   icmp   |  comparison_247_fu_102 |    0    |    20   |
|          |  comparison_248_fu_108 |    0    |    20   |
|          |  comparison_249_fu_114 |    0    |    20   |
|          |  comparison_250_fu_120 |    0    |    20   |
|----------|------------------------|---------|---------|
|          |   select_ln208_fu_202  |    0    |    2    |
|          | select_ln208_45_fu_216 |    0    |    2    |
|  select  | select_ln208_46_fu_234 |    0    |    3    |
|          | select_ln208_47_fu_248 |    0    |    3    |
|          | select_ln208_48_fu_262 |    0    |    3    |
|          | select_ln208_49_fu_290 |    0    |    32   |
|----------|------------------------|---------|---------|
|    mux   |       tmp_fu_270       |    0    |    37   |
|----------|------------------------|---------|---------|
|          |     or_ln208_fu_180    |    0    |    2    |
|          |   or_ln208_38_fu_186   |    0    |    2    |
|          |   or_ln208_33_fu_196   |    0    |    2    |
|    or    |   or_ln208_34_fu_210   |    0    |    2    |
|          |   or_ln208_35_fu_228   |    0    |    2    |
|          |   or_ln208_36_fu_242   |    0    |    2    |
|          |   or_ln208_37_fu_256   |    0    |    2    |
|----------|------------------------|---------|---------|
|          |  activation_305_fu_138 |    0    |    2    |
|          |  activation_310_fu_144 |    0    |    2    |
|    and   |    activation_fu_156   |    0    |    2    |
|          |  activation_311_fu_162 |    0    |    2    |
|          |  activation_312_fu_168 |    0    |    2    |
|          |  activation_313_fu_174 |    0    |    2    |
|----------|------------------------|---------|---------|
|          |  activation_303_fu_126 |    0    |    2    |
|    xor   |    xor_ln195_fu_132    |    0    |    2    |
|          |   xor_ln195_10_fu_150  |    0    |    2    |
|----------|------------------------|---------|---------|
|          |   p_read55_read_fu_60  |    0    |    0    |
|          |   p_read44_read_fu_66  |    0    |    0    |
|   read   |   p_read33_read_fu_72  |    0    |    0    |
|          |   p_read22_read_fu_78  |    0    |    0    |
|          |   p_read11_read_fu_84  |    0    |    0    |
|----------|------------------------|---------|---------|
|   zext   |    zext_ln208_fu_192   |    0    |    0    |
|          |  zext_ln208_11_fu_224  |    0    |    0    |
|----------|------------------------|---------|---------|
|   Total  |                        |    0    |   234   |
|----------|------------------------|---------|---------|

Memories:
N/A

* Register list:
N/A

* Multiplexer (MUX) list: 
|--------|------|------|------|--------|
|  Comp  |  Pin | Size |  BW  | S x BW |
|--------|------|------|------|--------|
|  Total |      |      |      |    0   |
|--------|------|------|------|--------|



* Summary:
+-----------+--------+--------+
|           |   FF   |   LUT  |
+-----------+--------+--------+
|  Function |    0   |   234  |
|   Memory  |    -   |    -   |
|Multiplexer|    -   |    -   |
|  Register |    -   |    -   |
+-----------+--------+--------+
|   Total   |    0   |   234  |
+-----------+--------+--------+
