

================================================================
== Vitis HLS Report for 'decision_function_4'
================================================================
* Date:           Sun Jun 26 16:47:17 2022

* Version:        2021.2 (Build 3367213 on Tue Oct 19 02:47:39 MDT 2021)
* Project:        myproject_prj
* Solution:       solution1 (Vivado IP Flow Target)
* Product family: zynquplus
* Target device:  xczu3eg-sbva484-1-e


================================================================
== Performance Estimates
================================================================
+ Timing: 
    * Summary: 
    +--------+---------+----------+------------+
    |  Clock |  Target | Estimated| Uncertainty|
    +--------+---------+----------+------------+
    |ap_clk  |  7.00 ns|  2.961 ns|     1.89 ns|
    +--------+---------+----------+------------+

+ Latency: 
    * Summary: 
    +---------+---------+----------+----------+-----+-----+---------+
    |  Latency (cycles) |  Latency (absolute) |  Interval | Pipeline|
    |   min   |   max   |    min   |    max   | min | max |   Type  |
    +---------+---------+----------+----------+-----+-----+---------+
    |        0|        0|      0 ns|      0 ns|    1|    1|      yes|
    +---------+---------+----------+----------+-----+-----+---------+

    + Detail: 
        * Instance: 
        N/A

        * Loop: 
        N/A

============================================================
+ Verbose Summary: Synthesis Manager
============================================================
InlineROM: 1
ExposeGlobal: 0
============================================================
+ Verbose Summary: CDFG Model
============================================================
IsTopModel: 0
ResetActiveHigh: 1
IsCombinational: 0
IsDatapathOnly: 0
HasWiredReturn: 1
HasMFsm: 2
HasVarLatency: 0
IsPipeline: 1
IsRtlPipelined: 0
IsInstanceOverlapped: 0
IsDontTouch: 0
HasImplIP: 0
IsGatedGlobalClock: 0

+ Individual pipeline summary: 
  * Pipeline-0: initiation interval (II) = 1, depth = 1


============================================================
+ Verbose Summary: Schedule
============================================================
* Number of FSM states : 1
* Pipeline : 1
  Pipeline-0 : II = 1, D = 1, States = { 1 }
* Dataflow Pipeline: 0

* FSM state transitions: 
1 --> 

* FSM state operations: 

State 1 <SV = 0> <Delay = 2.96>
ST_1 : Operation 2 [1/1] (0.00ns)   --->   "%specpipeline_ln0 = specpipeline void @_ssdm_op_SpecPipeline, i32 1, i32 0, i32 0, i32 0, void @empty_1" [firmware/BDT.h:0]   --->   Operation 2 'specpipeline' 'specpipeline_ln0' <Predicate = true> <Delay = 0.00>
ST_1 : Operation 3 [1/1] (0.00ns)   --->   "%p_read22 = read i32 @_ssdm_op_Read.ap_auto.i32, i32 %p_read2"   --->   Operation 3 'read' 'p_read22' <Predicate = true> <Delay = 0.00>
ST_1 : Operation 4 [1/1] (0.00ns)   --->   "%p_read11 = read i32 @_ssdm_op_Read.ap_auto.i32, i32 %p_read1"   --->   Operation 4 'read' 'p_read11' <Predicate = true> <Delay = 0.00>
ST_1 : Operation 5 [1/1] (1.11ns)   --->   "%comparison = icmp_slt  i32 %p_read11, i32 100962"   --->   Operation 5 'icmp' 'comparison' <Predicate = true> <Delay = 1.11> <CoreInst = "Cmp">   --->   Core 9 'Cmp' <Latency = 0> <II = 1> <Delay = 1.11> <FuncUnit> <Opcode : 'icmp'> <InPorts = 2> <OutPorts = 1>
ST_1 : Operation 6 [1/1] (1.11ns)   --->   "%comparison_18 = icmp_slt  i32 %p_read11, i32 4294922304"   --->   Operation 6 'icmp' 'comparison_18' <Predicate = true> <Delay = 1.11> <CoreInst = "Cmp">   --->   Core 9 'Cmp' <Latency = 0> <II = 1> <Delay = 1.11> <FuncUnit> <Opcode : 'icmp'> <InPorts = 2> <OutPorts = 1>
ST_1 : Operation 7 [1/1] (1.11ns)   --->   "%comparison_19 = icmp_slt  i32 %p_read11, i32 4294862238"   --->   Operation 7 'icmp' 'comparison_19' <Predicate = true> <Delay = 1.11> <CoreInst = "Cmp">   --->   Core 9 'Cmp' <Latency = 0> <II = 1> <Delay = 1.11> <FuncUnit> <Opcode : 'icmp'> <InPorts = 2> <OutPorts = 1>
ST_1 : Operation 8 [1/1] (1.11ns)   --->   "%comparison_17 = icmp_slt  i32 %p_read22, i32 128421"   --->   Operation 8 'icmp' 'comparison_17' <Predicate = (or_ln208_8)> <Delay = 1.11> <CoreInst = "Cmp">   --->   Core 9 'Cmp' <Latency = 0> <II = 1> <Delay = 1.11> <FuncUnit> <Opcode : 'icmp'> <InPorts = 2> <OutPorts = 1>
ST_1 : Operation 9 [1/1] (0.00ns) (grouped into LUT with out node or_ln208)   --->   "%activation = xor i1 %comparison, i1 1" [firmware/BDT.h:195]   --->   Operation 9 'xor' 'activation' <Predicate = true> <Delay = 0.00> <CoreInst = "LogicGate">   --->   Core 74 'LogicGate' <Latency = 0> <II = 1> <Delay = 0.33> <FuncUnit> <Opcode : 'and' 'or' 'xor'> <InPorts = 2> <OutPorts = 1>
ST_1 : Operation 10 [1/1] (0.00ns) (grouped into LUT with out node activation_26)   --->   "%xor_ln195 = xor i1 %comparison_18, i1 1" [firmware/BDT.h:195]   --->   Operation 10 'xor' 'xor_ln195' <Predicate = true> <Delay = 0.00> <CoreInst = "LogicGate">   --->   Core 74 'LogicGate' <Latency = 0> <II = 1> <Delay = 0.33> <FuncUnit> <Opcode : 'and' 'or' 'xor'> <InPorts = 2> <OutPorts = 1>
ST_1 : Operation 11 [1/1] (0.33ns) (out node of the LUT)   --->   "%activation_26 = and i1 %comparison, i1 %xor_ln195" [firmware/BDT.h:195]   --->   Operation 11 'and' 'activation_26' <Predicate = true> <Delay = 0.33> <CoreInst = "LogicGate">   --->   Core 74 'LogicGate' <Latency = 0> <II = 1> <Delay = 0.33> <FuncUnit> <Opcode : 'and' 'or' 'xor'> <InPorts = 2> <OutPorts = 1>
ST_1 : Operation 12 [1/1] (0.00ns) (grouped into LUT with out node or_ln208_6)   --->   "%xor_ln195_1 = xor i1 %comparison_19, i1 1" [firmware/BDT.h:195]   --->   Operation 12 'xor' 'xor_ln195_1' <Predicate = true> <Delay = 0.00> <CoreInst = "LogicGate">   --->   Core 74 'LogicGate' <Latency = 0> <II = 1> <Delay = 0.33> <FuncUnit> <Opcode : 'and' 'or' 'xor'> <InPorts = 2> <OutPorts = 1>
ST_1 : Operation 13 [1/1] (0.00ns) (grouped into LUT with out node or_ln208_6)   --->   "%activation_30 = and i1 %comparison_18, i1 %xor_ln195_1" [firmware/BDT.h:195]   --->   Operation 13 'and' 'activation_30' <Predicate = true> <Delay = 0.00> <CoreInst = "LogicGate">   --->   Core 74 'LogicGate' <Latency = 0> <II = 1> <Delay = 0.33> <FuncUnit> <Opcode : 'and' 'or' 'xor'> <InPorts = 2> <OutPorts = 1>
ST_1 : Operation 14 [1/1] (0.00ns) (grouped into LUT with out node tmp)   --->   "%activation_31 = and i1 %comparison_17, i1 %activation_26" [firmware/BDT.h:193]   --->   Operation 14 'and' 'activation_31' <Predicate = (or_ln208_8)> <Delay = 0.00> <CoreInst = "LogicGate">   --->   Core 74 'LogicGate' <Latency = 0> <II = 1> <Delay = 0.33> <FuncUnit> <Opcode : 'and' 'or' 'xor'> <InPorts = 2> <OutPorts = 1>
ST_1 : Operation 15 [1/1] (0.33ns) (out node of the LUT)   --->   "%or_ln208 = or i1 %comparison_19, i1 %activation" [firmware/BDT.h:208]   --->   Operation 15 'or' 'or_ln208' <Predicate = true> <Delay = 0.33> <CoreInst = "LogicGate">   --->   Core 74 'LogicGate' <Latency = 0> <II = 1> <Delay = 0.33> <FuncUnit> <Opcode : 'and' 'or' 'xor'> <InPorts = 2> <OutPorts = 1>
ST_1 : Operation 16 [1/1] (0.00ns) (grouped into LUT with out node tmp)   --->   "%zext_ln208 = zext i1 %comparison" [firmware/BDT.h:208]   --->   Operation 16 'zext' 'zext_ln208' <Predicate = (or_ln208 & or_ln208_6 & or_ln208_7 & or_ln208_8)> <Delay = 0.00>
ST_1 : Operation 17 [1/1] (0.33ns) (out node of the LUT)   --->   "%or_ln208_6 = or i1 %or_ln208, i1 %activation_30" [firmware/BDT.h:208]   --->   Operation 17 'or' 'or_ln208_6' <Predicate = true> <Delay = 0.33> <CoreInst = "LogicGate">   --->   Core 74 'LogicGate' <Latency = 0> <II = 1> <Delay = 0.33> <FuncUnit> <Opcode : 'and' 'or' 'xor'> <InPorts = 2> <OutPorts = 1>
ST_1 : Operation 18 [1/1] (0.00ns) (grouped into LUT with out node tmp)   --->   "%select_ln208 = select i1 %or_ln208, i2 %zext_ln208, i2 2" [firmware/BDT.h:208]   --->   Operation 18 'select' 'select_ln208' <Predicate = (or_ln208_6 & or_ln208_7 & or_ln208_8)> <Delay = 0.00> <CoreInst = "Sel">   --->   Core 73 'Sel' <Latency = 0> <II = 1> <Delay = 0.52> <FuncUnit> <Opcode : 'select'> <InPorts = 3> <OutPorts = 1>
ST_1 : Operation 19 [1/1] (0.00ns) (grouped into LUT with out node tmp)   --->   "%or_ln208_7 = or i1 %or_ln208_6, i1 %activation_31" [firmware/BDT.h:208]   --->   Operation 19 'or' 'or_ln208_7' <Predicate = (or_ln208_8)> <Delay = 0.00> <CoreInst = "LogicGate">   --->   Core 74 'LogicGate' <Latency = 0> <II = 1> <Delay = 0.33> <FuncUnit> <Opcode : 'and' 'or' 'xor'> <InPorts = 2> <OutPorts = 1>
ST_1 : Operation 20 [1/1] (0.00ns) (grouped into LUT with out node tmp)   --->   "%select_ln208_7 = select i1 %or_ln208_6, i2 %select_ln208, i2 3" [firmware/BDT.h:208]   --->   Operation 20 'select' 'select_ln208_7' <Predicate = (or_ln208_7 & or_ln208_8)> <Delay = 0.00> <CoreInst = "Sel">   --->   Core 73 'Sel' <Latency = 0> <II = 1> <Delay = 0.52> <FuncUnit> <Opcode : 'select'> <InPorts = 3> <OutPorts = 1>
ST_1 : Operation 21 [1/1] (0.00ns) (grouped into LUT with out node tmp)   --->   "%zext_ln208_3 = zext i2 %select_ln208_7" [firmware/BDT.h:208]   --->   Operation 21 'zext' 'zext_ln208_3' <Predicate = (or_ln208_7 & or_ln208_8)> <Delay = 0.00>
ST_1 : Operation 22 [1/1] (0.00ns) (grouped into LUT with out node select_ln208_9)   --->   "%or_ln208_8 = or i1 %or_ln208_6, i1 %activation_26" [firmware/BDT.h:208]   --->   Operation 22 'or' 'or_ln208_8' <Predicate = true> <Delay = 0.00> <CoreInst = "LogicGate">   --->   Core 74 'LogicGate' <Latency = 0> <II = 1> <Delay = 0.33> <FuncUnit> <Opcode : 'and' 'or' 'xor'> <InPorts = 2> <OutPorts = 1>
ST_1 : Operation 23 [1/1] (0.00ns) (grouped into LUT with out node tmp)   --->   "%select_ln208_8 = select i1 %or_ln208_7, i3 %zext_ln208_3, i3 4" [firmware/BDT.h:208]   --->   Operation 23 'select' 'select_ln208_8' <Predicate = (or_ln208_8)> <Delay = 0.00> <CoreInst = "Sel">   --->   Core 73 'Sel' <Latency = 0> <II = 1> <Delay = 0.52> <FuncUnit> <Opcode : 'select'> <InPorts = 3> <OutPorts = 1>
ST_1 : Operation 24 [1/1] (0.66ns) (out node of the LUT)   --->   "%tmp = mux i32 @_ssdm_op_Mux.ap_auto.5i32.i3, i32 95469, i32 91974, i32 20121, i32 4294942051, i32 129639, i3 %select_ln208_8" [firmware/BDT.h:209]   --->   Operation 24 'mux' 'tmp' <Predicate = (or_ln208_8)> <Delay = 0.66> <CoreInst = "Multiplexer">   --->   Core 76 'Multiplexer' <Latency = 0> <II = 1> <Delay = 0.66> <FuncUnit> <Opcode : 'mux'> <InPorts = 2> <OutPorts = 1>
ST_1 : Operation 25 [1/1] (0.52ns) (out node of the LUT)   --->   "%select_ln208_9 = select i1 %or_ln208_8, i32 %tmp, i32 0" [firmware/BDT.h:208]   --->   Operation 25 'select' 'select_ln208_9' <Predicate = true> <Delay = 0.52> <CoreInst = "Sel">   --->   Core 73 'Sel' <Latency = 0> <II = 1> <Delay = 0.52> <FuncUnit> <Opcode : 'select'> <InPorts = 3> <OutPorts = 1>
ST_1 : Operation 26 [1/1] (0.00ns)   --->   "%ret_ln213 = ret i32 %select_ln208_9" [firmware/BDT.h:213]   --->   Operation 26 'ret' 'ret_ln213' <Predicate = true> <Delay = 0.00>


============================================================
+ Verbose Summary: Timing violations
============================================================
Target clock period: 7ns, clock uncertainty: 1.89ns.

 <State 1>: 2.96ns
The critical path consists of the following:
	wire read operation ('p_read11') on port 'p_read1' [5]  (0 ns)
	'icmp' operation ('comparison') [8]  (1.11 ns)
	'or' operation ('or_ln208', firmware/BDT.h:208) [16]  (0.331 ns)
	'or' operation ('or_ln208_6', firmware/BDT.h:208) [18]  (0.331 ns)
	'select' operation ('select_ln208_7', firmware/BDT.h:208) [21]  (0 ns)
	'select' operation ('select_ln208_8', firmware/BDT.h:208) [24]  (0 ns)
	'mux' operation ('tmp', firmware/BDT.h:209) [25]  (0.663 ns)
	'select' operation ('select_ln208_9', firmware/BDT.h:208) [26]  (0.525 ns)


============================================================
+ Verbose Summary: Binding
============================================================
N/A
* FSMD analyzer results:
  - Output states:
 - Input state : 
  - Chain level:
	State 1


============================================================
+ Verbose Summary: Datapath Resource usage 
============================================================
N/A
