

================================================================
== Vitis HLS Report for 'myproject_axi_Pipeline_VITIS_LOOP_22_1'
================================================================
* Date:           Fri Jun 24 15:07:42 2022

* Version:        2020.1 (Build 3367213 on Tue Oct 19 02:47:39 MDT 2021)
* Project:        myproject_prj
* Solution:       solution1 (Vivado IP Flow Target)
* Product family: zynquplus
* Target device:  xczu3eg-sbva484-1-e


================================================================
== Performance Estimates
================================================================
+ Timing: 
    * Summary: 
    +--------+---------+----------+------------+
    |  Clock |  Target | Estimated| Uncertainty|
    +--------+---------+----------+------------+
    |ap_clk  |  7.00 ns|  4.885 ns|     1.89 ns|
    +--------+---------+----------+------------+

+ Latency: 
    * Summary: 
    +---------+---------+-----------+-----------+-----+-----+---------+
    |  Latency (cycles) |   Latency (absolute)  |  Interval | Pipeline|
    |   min   |   max   |    min    |    max    | min | max |   Type  |
    +---------+---------+-----------+-----------+-----+-----+---------+
    |       14|       14|  98.000 ns|  98.000 ns|   14|   14|       no|
    +---------+---------+-----------+-----------+-----+-----+---------+

    + Detail: 
        * Instance: 
        N/A

        * Loop: 
        +-------------------+---------+---------+----------+-----------+-----------+------+----------+
        |                   |  Latency (cycles) | Iteration|  Initiation Interval  | Trip |          |
        |     Loop Name     |   min   |   max   |  Latency |  achieved |   target  | Count| Pipelined|
        +-------------------+---------+---------+----------+-----------+-----------+------+----------+
        |- VITIS_LOOP_22_1  |       12|       12|         4|          1|          1|    10|       yes|
        +-------------------+---------+---------+----------+-----------+-----------+------+----------+



================================================================
== Utilization Estimates
================================================================
* Summary: 
+-----------------+---------+-----+--------+-------+-----+
|       Name      | BRAM_18K| DSP |   FF   |  LUT  | URAM|
+-----------------+---------+-----+--------+-------+-----+
|DSP              |        -|    -|       -|      -|    -|
|Expression       |        -|    -|       0|   2530|    -|
|FIFO             |        -|    -|       -|      -|    -|
|Instance         |        -|    -|       -|      -|    -|
|Memory           |        -|    -|       -|      -|    -|
|Multiplexer      |        -|    -|       -|     63|    -|
|Register         |        -|    -|     644|     64|    -|
+-----------------+---------+-----+--------+-------+-----+
|Total            |        0|    0|     644|   2657|    0|
+-----------------+---------+-----+--------+-------+-----+
|Available        |      432|  360|  141120|  70560|    0|
+-----------------+---------+-----+--------+-------+-----+
|Utilization (%)  |        0|    0|      ~0|      3|    0|
+-----------------+---------+-----+--------+-------+-----+

+ Detail: 
    * Instance: 
    +-----------------------------+--------------------------+---------+----+---+----+-----+
    |           Instance          |          Module          | BRAM_18K| DSP| FF| LUT| URAM|
    +-----------------------------+--------------------------+---------+----+---+----+-----+
    |fpext_32ns_64_2_no_dsp_1_U1  |fpext_32ns_64_2_no_dsp_1  |        0|   0|  0|   0|    0|
    +-----------------------------+--------------------------+---------+----+---+----+-----+
    |Total                        |                          |        0|   0|  0|   0|    0|
    +-----------------------------+--------------------------+---------+----+---+----+-----+

    * DSP: 
    N/A

    * Memory: 
    N/A

    * FIFO: 
    N/A

    * Expression: 
    +----------------------------------+----------+----+---+-----+------------+------------+
    |           Variable Name          | Operation| DSP| FF| LUT | Bitwidth P0| Bitwidth P1|
    +----------------------------------+----------+----+---+-----+------------+------------+
    |add_ln22_fu_282_p2                |         +|   0|  0|   12|           4|           1|
    |add_ln590_fu_364_p2               |         +|   0|  0|   19|          12|           6|
    |F2_fu_352_p2                      |         -|   0|  0|   19|          11|          12|
    |man_V_1_fu_393_p2                 |         -|   0|  0|   61|           1|          54|
    |sub_ln590_fu_370_p2               |         -|   0|  0|   19|           5|          12|
    |and_ln590_fu_520_p2               |       and|   0|  0|    2|           1|           1|
    |and_ln591_fu_497_p2               |       and|   0|  0|    2|           1|           1|
    |ap_block_pp0_stage0_01001         |       and|   0|  0|    2|           1|           1|
    |ap_block_state1_pp0_stage0_iter0  |       and|   0|  0|    2|           1|           1|
    |ap_condition_823                  |       and|   0|  0|    2|           1|           1|
    |ap_condition_828                  |       and|   0|  0|    2|           1|           1|
    |ashr_ln595_fu_429_p2              |      ashr|   0|  0|  159|          54|          54|
    |icmp_ln22_fu_276_p2               |      icmp|   0|  0|    9|           4|           4|
    |icmp_ln26_1_fu_582_p2             |      icmp|   0|  0|    9|           4|           3|
    |icmp_ln26_2_fu_595_p2             |      icmp|   0|  0|    9|           4|           3|
    |icmp_ln26_3_fu_608_p2             |      icmp|   0|  0|    9|           4|           3|
    |icmp_ln26_4_fu_621_p2             |      icmp|   0|  0|    9|           4|           3|
    |icmp_ln26_5_fu_634_p2             |      icmp|   0|  0|    9|           4|           2|
    |icmp_ln26_6_fu_647_p2             |      icmp|   0|  0|    9|           4|           2|
    |icmp_ln26_7_fu_660_p2             |      icmp|   0|  0|    9|           4|           1|
    |icmp_ln26_8_fu_673_p2             |      icmp|   0|  0|    9|           4|           1|
    |icmp_ln26_fu_569_p2               |      icmp|   0|  0|    9|           4|           5|
    |icmp_ln580_fu_346_p2              |      icmp|   0|  0|   28|          63|           1|
    |icmp_ln590_fu_358_p2              |      icmp|   0|  0|   12|          12|           5|
    |icmp_ln591_fu_376_p2              |      icmp|   0|  0|   12|          12|           5|
    |icmp_ln594_fu_419_p2              |      icmp|   0|  0|   12|          12|           6|
    |icmp_ln612_fu_472_p2              |      icmp|   0|  0|   10|           7|           1|
    |is_last_fu_301_p2                 |        or|   0|  0|    2|           1|           1|
    |or_ln591_fu_510_p2                |        or|   0|  0|    2|           1|           1|
    |man_V_2_fu_399_p3                 |    select|   0|  0|   53|           1|          54|
    |select_ln26_10_fu_694_p3          |    select|   0|  0|   32|           1|          32|
    |select_ln26_11_fu_702_p3          |    select|   0|  0|   32|           1|          32|
    |select_ln26_12_fu_710_p3          |    select|   0|  0|   32|           1|          32|
    |select_ln26_13_fu_718_p3          |    select|   0|  0|   32|           1|          32|
    |select_ln26_14_fu_726_p3          |    select|   0|  0|   32|           1|          32|
    |select_ln26_15_fu_734_p3          |    select|   0|  0|   32|           1|          32|
    |select_ln26_16_fu_742_p3          |    select|   0|  0|   32|           1|          32|
    |select_ln26_17_fu_750_p3          |    select|   0|  0|   32|           1|          32|
    |select_ln26_18_fu_758_p3          |    select|   0|  0|   32|           1|          32|
    |select_ln26_19_fu_766_p3          |    select|   0|  0|   32|           1|          32|
    |select_ln26_1_fu_587_p3           |    select|   0|  0|   32|           1|          32|
    |select_ln26_20_fu_774_p3          |    select|   0|  0|   32|           1|          32|
    |select_ln26_21_fu_782_p3          |    select|   0|  0|   32|           1|          32|
    |select_ln26_22_fu_790_p3          |    select|   0|  0|   32|           1|          32|
    |select_ln26_23_fu_798_p3          |    select|   0|  0|   32|           1|          32|
    |select_ln26_24_fu_806_p3          |    select|   0|  0|   32|           1|          32|
    |select_ln26_25_fu_814_p3          |    select|   0|  0|   32|           1|          32|
    |select_ln26_26_fu_822_p3          |    select|   0|  0|   32|           1|          32|
    |select_ln26_27_fu_830_p3          |    select|   0|  0|   32|           1|          32|
    |select_ln26_28_fu_838_p3          |    select|   0|  0|   32|           1|          32|
    |select_ln26_29_fu_846_p3          |    select|   0|  0|   32|           1|          32|
    |select_ln26_2_fu_600_p3           |    select|   0|  0|   32|           1|          32|
    |select_ln26_30_fu_854_p3          |    select|   0|  0|   32|           1|          32|
    |select_ln26_31_fu_862_p3          |    select|   0|  0|   32|           1|          32|
    |select_ln26_32_fu_870_p3          |    select|   0|  0|   32|           1|          32|
    |select_ln26_33_fu_878_p3          |    select|   0|  0|   32|           1|          32|
    |select_ln26_34_fu_886_p3          |    select|   0|  0|   32|           1|          32|
    |select_ln26_35_fu_894_p3          |    select|   0|  0|   32|           1|          32|
    |select_ln26_36_fu_902_p3          |    select|   0|  0|   32|           1|          32|
    |select_ln26_37_fu_910_p3          |    select|   0|  0|   32|           1|          32|
    |select_ln26_38_fu_918_p3          |    select|   0|  0|   32|           1|          32|
    |select_ln26_39_fu_926_p3          |    select|   0|  0|   32|           1|          32|
    |select_ln26_3_fu_613_p3           |    select|   0|  0|   32|           1|          32|
    |select_ln26_40_fu_934_p3          |    select|   0|  0|   32|           1|          32|
    |select_ln26_41_fu_942_p3          |    select|   0|  0|   32|           1|          32|
    |select_ln26_42_fu_950_p3          |    select|   0|  0|   32|           1|          32|
    |select_ln26_43_fu_958_p3          |    select|   0|  0|   32|           1|          32|
    |select_ln26_44_fu_966_p3          |    select|   0|  0|   32|           1|          32|
    |select_ln26_45_fu_974_p3          |    select|   0|  0|   32|           1|          32|
    |select_ln26_46_fu_982_p3          |    select|   0|  0|   32|           1|          32|
    |select_ln26_47_fu_990_p3          |    select|   0|  0|   32|           1|          32|
    |select_ln26_48_fu_998_p3          |    select|   0|  0|   32|           1|          32|
    |select_ln26_49_fu_1006_p3         |    select|   0|  0|   32|           1|          32|
    |select_ln26_4_fu_626_p3           |    select|   0|  0|   32|           1|          32|
    |select_ln26_50_fu_1014_p3         |    select|   0|  0|   32|           1|          32|
    |select_ln26_51_fu_1022_p3         |    select|   0|  0|   32|           1|          32|
    |select_ln26_52_fu_1030_p3         |    select|   0|  0|   32|           1|          32|
    |select_ln26_53_fu_1038_p3         |    select|   0|  0|   32|           1|          32|
    |select_ln26_5_fu_639_p3           |    select|   0|  0|   32|           1|          32|
    |select_ln26_6_fu_652_p3           |    select|   0|  0|   32|           1|          32|
    |select_ln26_7_fu_665_p3           |    select|   0|  0|   32|           1|          32|
    |select_ln26_8_fu_678_p3           |    select|   0|  0|   32|           1|          32|
    |select_ln26_9_fu_686_p3           |    select|   0|  0|   32|           1|          32|
    |select_ln26_fu_574_p3             |    select|   0|  0|   32|           1|          32|
    |select_ln580_fu_563_p3            |    select|   0|  0|   32|           1|           1|
    |select_ln590_fu_525_p3            |    select|   0|  0|   32|           1|          32|
    |select_ln591_fu_502_p3            |    select|   0|  0|   32|           1|          32|
    |select_ln594_fu_454_p3            |    select|   0|  0|   32|           1|          32|
    |select_ln597_fu_446_p3            |    select|   0|  0|    2|           1|           2|
    |select_ln612_fu_484_p3            |    select|   0|  0|   32|           1|          32|
    |sh_amt_fu_406_p3                  |    select|   0|  0|   12|           1|          12|
    |shl_ln613_fu_478_p2               |       shl|   0|  0|  100|          32|          32|
    |ap_enable_pp0                     |       xor|   0|  0|    2|           1|           2|
    |xor_ln580_fu_492_p2               |       xor|   0|  0|    2|           1|           2|
    |xor_ln591_fu_514_p2               |       xor|   0|  0|    2|           1|           2|
    +----------------------------------+----------+----+---+-----+------------+------------+
    |Total                             |          |   0|  0| 2530|         338|        2155|
    +----------------------------------+----------+----+---+-----+------------+------------+

    * Multiplexer: 
    +------------------------------------+----+-----------+-----+-----------+
    |                Name                | LUT| Input Size| Bits| Total Bits|
    +------------------------------------+----+-----------+-----+-----------+
    |ap_done_int                         |   9|          2|    1|          2|
    |ap_enable_reg_pp0_iter1             |   9|          2|    1|          2|
    |ap_phi_mux_is_last_1_phi_fu_257_p4  |   9|          2|    1|          2|
    |ap_sig_allocacmp_i_1                |   9|          2|    4|          8|
    |i_fu_120                            |   9|          2|    4|          8|
    |in_r_TDATA_blk_n                    |   9|          2|    1|          2|
    |is_last_1_reg_253                   |   9|          2|    1|          2|
    +------------------------------------+----+-----------+-----+-----------+
    |Total                               |  63|         14|   13|         26|
    +------------------------------------+----+-----------+-----+-----------+

    * Register: 
    +-----------------------------------+----+----+-----+-----------+
    |                Name               | FF | LUT| Bits| Const Bits|
    +-----------------------------------+----+----+-----+-----------+
    |add_ln590_reg_1268                 |  12|   0|   12|          0|
    |ap_CS_fsm                          |   1|   0|    1|          0|
    |ap_done_reg                        |   1|   0|    1|          0|
    |ap_enable_reg_pp0_iter1            |   1|   0|    1|          0|
    |ap_enable_reg_pp0_iter2            |   1|   0|    1|          0|
    |ap_enable_reg_pp0_iter3            |   1|   0|    1|          0|
    |ap_loop_exit_ready_pp0_iter1_reg   |   1|   0|    1|          0|
    |ap_loop_exit_ready_pp0_iter2_reg   |   1|   0|    1|          0|
    |i_1_reg_1213                       |   4|   0|    4|          0|
    |i_fu_120                           |   4|   0|    4|          0|
    |icmp_ln22_reg_1226                 |   1|   0|    1|          0|
    |icmp_ln580_reg_1255                |   1|   0|    1|          0|
    |icmp_ln580_reg_1255_pp0_iter2_reg  |   1|   0|    1|          0|
    |icmp_ln590_reg_1262                |   1|   0|    1|          0|
    |icmp_ln591_reg_1278                |   1|   0|    1|          0|
    |in_local_V_1_fu_128                |  32|   0|   32|          0|
    |in_local_V_2_fu_132                |  32|   0|   32|          0|
    |in_local_V_3_fu_136                |  32|   0|   32|          0|
    |in_local_V_4_fu_140                |  32|   0|   32|          0|
    |in_local_V_5_fu_144                |  32|   0|   32|          0|
    |in_local_V_6_fu_148                |  32|   0|   32|          0|
    |in_local_V_7_fu_152                |  32|   0|   32|          0|
    |in_local_V_8_fu_156                |  32|   0|   32|          0|
    |in_local_V_9_fu_160                |  32|   0|   32|          0|
    |in_local_V_fu_124                  |  32|   0|   32|          0|
    |is_last_1_reg_253                  |   1|   0|    1|          0|
    |is_last_1_reg_253_pp0_iter1_reg    |   1|   0|    1|          0|
    |is_last_reg_1240                   |   1|   0|    1|          0|
    |p_0_reg_1230                       |  32|   0|   32|          0|
    |p_0_reg_1230_pp0_iter1_reg         |  32|   0|   32|          0|
    |p_Result_s_reg_1245                |   1|   0|    1|          0|
    |select_ln590_reg_1284              |  32|   0|   32|          0|
    |sub_ln590_reg_1273                 |  12|   0|   12|          0|
    |trunc_ln574_reg_1250               |  52|   0|   52|          0|
    |i_1_reg_1213                       |  64|  32|    4|          0|
    |icmp_ln22_reg_1226                 |  64|  32|    1|          0|
    +-----------------------------------+----+----+-----+-----------+
    |Total                              | 644|  64|  521|          0|
    +-----------------------------------+----+----+-----+-----------+



================================================================
== Interface
================================================================
* Summary: 
+-------------------------+-----+-----+------------+----------------------------------------+--------------+
|        RTL Ports        | Dir | Bits|  Protocol  |              Source Object             |    C Type    |
+-------------------------+-----+-----+------------+----------------------------------------+--------------+
|ap_clk                   |   in|    1|  ap_ctrl_hs|  myproject_axi_Pipeline_VITIS_LOOP_22_1|  return value|
|ap_rst                   |   in|    1|  ap_ctrl_hs|  myproject_axi_Pipeline_VITIS_LOOP_22_1|  return value|
|ap_start                 |   in|    1|  ap_ctrl_hs|  myproject_axi_Pipeline_VITIS_LOOP_22_1|  return value|
|ap_done                  |  out|    1|  ap_ctrl_hs|  myproject_axi_Pipeline_VITIS_LOOP_22_1|  return value|
|ap_idle                  |  out|    1|  ap_ctrl_hs|  myproject_axi_Pipeline_VITIS_LOOP_22_1|  return value|
|ap_ready                 |  out|    1|  ap_ctrl_hs|  myproject_axi_Pipeline_VITIS_LOOP_22_1|  return value|
|in_r_TVALID              |   in|    1|        axis|                           in_r_V_data_V|       pointer|
|in_r_TDATA               |   in|   32|        axis|                           in_r_V_data_V|       pointer|
|in_r_TREADY              |  out|    1|        axis|                           in_r_V_last_V|       pointer|
|in_r_TLAST               |   in|    1|        axis|                           in_r_V_last_V|       pointer|
|in_r_TKEEP               |   in|    4|        axis|                           in_r_V_keep_V|       pointer|
|in_r_TSTRB               |   in|    4|        axis|                           in_r_V_strb_V|       pointer|
|in_local_V_9_out         |  out|   32|      ap_vld|                        in_local_V_9_out|       pointer|
|in_local_V_9_out_ap_vld  |  out|    1|      ap_vld|                        in_local_V_9_out|       pointer|
|in_local_V_8_out         |  out|   32|      ap_vld|                        in_local_V_8_out|       pointer|
|in_local_V_8_out_ap_vld  |  out|    1|      ap_vld|                        in_local_V_8_out|       pointer|
|in_local_V_7_out         |  out|   32|      ap_vld|                        in_local_V_7_out|       pointer|
|in_local_V_7_out_ap_vld  |  out|    1|      ap_vld|                        in_local_V_7_out|       pointer|
|in_local_V_6_out         |  out|   32|      ap_vld|                        in_local_V_6_out|       pointer|
|in_local_V_6_out_ap_vld  |  out|    1|      ap_vld|                        in_local_V_6_out|       pointer|
|in_local_V_5_out         |  out|   32|      ap_vld|                        in_local_V_5_out|       pointer|
|in_local_V_5_out_ap_vld  |  out|    1|      ap_vld|                        in_local_V_5_out|       pointer|
|in_local_V_4_out         |  out|   32|      ap_vld|                        in_local_V_4_out|       pointer|
|in_local_V_4_out_ap_vld  |  out|    1|      ap_vld|                        in_local_V_4_out|       pointer|
|in_local_V_3_out         |  out|   32|      ap_vld|                        in_local_V_3_out|       pointer|
|in_local_V_3_out_ap_vld  |  out|    1|      ap_vld|                        in_local_V_3_out|       pointer|
|in_local_V_2_out         |  out|   32|      ap_vld|                        in_local_V_2_out|       pointer|
|in_local_V_2_out_ap_vld  |  out|    1|      ap_vld|                        in_local_V_2_out|       pointer|
|in_local_V_1_out         |  out|   32|      ap_vld|                        in_local_V_1_out|       pointer|
|in_local_V_1_out_ap_vld  |  out|    1|      ap_vld|                        in_local_V_1_out|       pointer|
|in_local_V_out           |  out|   32|      ap_vld|                          in_local_V_out|       pointer|
|in_local_V_out_ap_vld    |  out|    1|      ap_vld|                          in_local_V_out|       pointer|
|is_last_1_out            |  out|    1|      ap_vld|                           is_last_1_out|       pointer|
|is_last_1_out_ap_vld     |  out|    1|      ap_vld|                           is_last_1_out|       pointer|
+-------------------------+-----+-----+------------+----------------------------------------+--------------+

