

================================================================
== Vitis HLS Report for 'myproject_axi'
================================================================
* Date:           Fri Jun 24 15:07:43 2022

* Version:        2020.1 (Build 3367213 on Tue Oct 19 02:47:39 MDT 2021)
* Project:        myproject_prj
* Solution:       solution1 (Vivado IP Flow Target)
* Product family: zynquplus
* Target device:  xczu3eg-sbva484-1-e


================================================================
== Performance Estimates
================================================================
+ Timing: 
    * Summary: 
    +--------+---------+----------+------------+
    |  Clock |  Target | Estimated| Uncertainty|
    +--------+---------+----------+------------+
    |ap_clk  |  7.00 ns|  4.885 ns|     1.89 ns|
    +--------+---------+----------+------------+

+ Latency: 
    * Summary: 
    +---------+---------+----------+----------+-----+-----+---------+
    |  Latency (cycles) |  Latency (absolute) |  Interval | Pipeline|
    |   min   |   max   |    min   |    max   | min | max |   Type  |
    +---------+---------+----------+----------+-----+-----+---------+
    |       21|       21|  0.147 us|  0.147 us|   22|   22|       no|
    +---------+---------+----------+----------+-----+-----+---------+

    + Detail: 
        * Instance: 
        +---------------------------------------------------+----------------------------------------+---------+---------+-----------+-----------+-----+-----+---------+
        |                                                   |                                        |  Latency (cycles) |   Latency (absolute)  |  Interval | Pipeline|
        |                      Instance                     |                 Module                 |   min   |   max   |    min    |    max    | min | max |   Type  |
        +---------------------------------------------------+----------------------------------------+---------+---------+-----------+-----------+-----+-----+---------+
        |grp_myproject_axi_Pipeline_VITIS_LOOP_22_1_fu_154  |myproject_axi_Pipeline_VITIS_LOOP_22_1  |       14|       14|  98.000 ns|  98.000 ns|   14|   14|       no|
        |out_local_V_myproject_fu_177                       |myproject                               |        0|        0|       0 ns|       0 ns|    1|    1|      yes|
        +---------------------------------------------------+----------------------------------------+---------+---------+-----------+-----------+-----+-----+---------+

        * Loop: 
        N/A



================================================================
== Utilization Estimates
================================================================
* Summary: 
+-----------------+---------+-----+--------+-------+-----+
|       Name      | BRAM_18K| DSP |   FF   |  LUT  | URAM|
+-----------------+---------+-----+--------+-------+-----+
|DSP              |        -|    -|       -|      -|    -|
|Expression       |        -|    -|       0|   1155|    -|
|FIFO             |        -|    -|       -|      -|    -|
|Instance         |        -|    -|     644|   3713|    -|
|Memory           |        -|    -|       -|      -|    -|
|Multiplexer      |        -|    -|       -|     67|    -|
|Register         |        -|    -|     149|      -|    -|
+-----------------+---------+-----+--------+-------+-----+
|Total            |        0|    0|     793|   4935|    0|
+-----------------+---------+-----+--------+-------+-----+
|Available        |      432|  360|  141120|  70560|    0|
+-----------------+---------+-----+--------+-------+-----+
|Utilization (%)  |        0|    0|      ~0|      6|    0|
+-----------------+---------+-----+--------+-------+-----+

+ Detail: 
    * Instance: 
    +---------------------------------------------------+----------------------------------------+---------+----+-----+------+-----+
    |                      Instance                     |                 Module                 | BRAM_18K| DSP|  FF |  LUT | URAM|
    +---------------------------------------------------+----------------------------------------+---------+----+-----+------+-----+
    |out_local_V_myproject_fu_177                       |myproject                               |        0|   0|    0|  1056|    0|
    |grp_myproject_axi_Pipeline_VITIS_LOOP_22_1_fu_154  |myproject_axi_Pipeline_VITIS_LOOP_22_1  |        0|   0|  644|  2657|    0|
    +---------------------------------------------------+----------------------------------------+---------+----+-----+------+-----+
    |Total                                              |                                        |        0|   0|  644|  3713|    0|
    +---------------------------------------------------+----------------------------------------+---------+----+-----+------+-----+

    * DSP: 
    N/A

    * Memory: 
    N/A

    * FIFO: 
    N/A

    * Expression: 
    +--------------------------+----------+----+---+-----+------------+------------+
    |       Variable Name      | Operation| DSP| FF| LUT | Bitwidth P0| Bitwidth P1|
    +--------------------------+----------+----+---+-----+------------+------------+
    |add_ln1011_fu_420_p2      |         +|   0|  0|   39|          32|           6|
    |add_ln1017_fu_486_p2      |         +|   0|  0|   19|           8|           8|
    |lsb_index_fu_278_p2       |         +|   0|  0|   39|          32|           6|
    |m_2_fu_445_p2             |         +|   0|  0|   71|          64|          64|
    |sub_i_i_fu_239_p2         |         -|   0|  0|   39|           1|          32|
    |sub_ln1000_fu_304_p2      |         -|   0|  0|   13|           4|           6|
    |sub_ln1012_fu_405_p2      |         -|   0|  0|   39|           5|          32|
    |sub_ln1017_fu_481_p2      |         -|   0|  0|   19|           5|           8|
    |sub_ln997_fu_272_p2       |         -|   0|  0|   39|           6|          32|
    |and_ln1002_1_fu_372_p2    |       and|   0|  0|    2|           1|           1|
    |and_ln1002_fu_332_p2      |       and|   0|  0|   32|          32|          32|
    |icmp_ln1002_fu_338_p2     |      icmp|   0|  0|   20|          32|           1|
    |icmp_ln1011_fu_366_p2     |      icmp|   0|  0|   20|          32|           1|
    |icmp_ln999_fu_294_p2      |      icmp|   0|  0|   19|          31|           1|
    |tobool_i_i_fu_244_p2      |      icmp|   0|  0|   20|          32|           1|
    |lshr_ln1000_fu_314_p2     |      lshr|   0|  0|  100|           2|          32|
    |lshr_ln1011_fu_429_p2     |      lshr|   0|  0|  179|          64|          64|
    |ap_block_state8           |        or|   0|  0|    2|           1|           1|
    |or_ln1002_1_fu_326_p2     |        or|   0|  0|   32|          32|          32|
    |m_fu_435_p3               |    select|   0|  0|   56|           1|          64|
    |out_r_TDATA_int_regslice  |    select|   0|  0|   32|           1|           1|
    |select_ln1011_fu_386_p3   |    select|   0|  0|    2|           1|           1|
    |select_ln996_fu_473_p3    |    select|   0|  0|    7|           1|           7|
    |select_ln999_fu_378_p3    |    select|   0|  0|    2|           1|           1|
    |tmp_V_fu_249_p3           |    select|   0|  0|   32|           1|          32|
    |shl_ln1002_fu_320_p2      |       shl|   0|  0|  100|           1|          32|
    |shl_ln1012_fu_414_p2      |       shl|   0|  0|  179|          64|          64|
    |xor_ln1002_fu_352_p2      |       xor|   0|  0|    2|           1|           2|
    +--------------------------+----------+----+---+-----+------------+------------+
    |Total                     |          |   0|  0| 1155|         488|         564|
    +--------------------------+----------+----+---+-----+------------+------------+

    * Multiplexer: 
    +--------------------------+----+-----------+-----+-----------+
    |           Name           | LUT| Input Size| Bits| Total Bits|
    +--------------------------+----+-----------+-----+-----------+
    |ap_NS_fsm                 |  49|          9|    1|          9|
    |in_r_TREADY_int_regslice  |   9|          2|    1|          2|
    |out_r_TDATA_blk_n         |   9|          2|    1|          2|
    +--------------------------+----+-----------+-----+-----------+
    |Total                     |  67|         13|    3|         13|
    +--------------------------+----+-----------+-----+-----------+

    * Register: 
    +----------------------------------------------------------------+----+----+-----+-----------+
    |                              Name                              | FF | LUT| Bits| Const Bits|
    +----------------------------------------------------------------+----+----+-----+-----------+
    |ap_CS_fsm                                                       |   8|   0|    8|          0|
    |grp_myproject_axi_Pipeline_VITIS_LOOP_22_1_fu_154_ap_start_reg  |   1|   0|    1|          0|
    |icmp_ln1011_reg_623                                             |   1|   0|    1|          0|
    |out_local_V_reg_589                                             |  32|   0|   32|          0|
    |s_reg_596                                                       |   1|   0|    1|          0|
    |select_ln1011_reg_628                                           |   1|   0|    1|          0|
    |sub_i_i_reg_602                                                 |  32|   0|   32|          0|
    |sub_ln997_reg_617                                               |  32|   0|   32|          0|
    |tmp_V_reg_612                                                   |  32|   0|   32|          0|
    |tobool_i_i_reg_607                                              |   1|   0|    1|          0|
    |trunc_ln996_reg_633                                             |   8|   0|    8|          0|
    +----------------------------------------------------------------+----+----+-----+-----------+
    |Total                                                           | 149|   0|  149|          0|
    +----------------------------------------------------------------+----+----+-----+-----------+



================================================================
== Interface
================================================================
* Summary: 
+-------------------+-----+-----+--------------+----------------+--------------+
|     RTL Ports     | Dir | Bits|   Protocol   |  Source Object |    C Type    |
+-------------------+-----+-----+--------------+----------------+--------------+
|ap_local_block     |  out|    1|  ap_ctrl_none|   myproject_axi|  return value|
|ap_local_deadlock  |  out|    1|  ap_ctrl_none|   myproject_axi|  return value|
|ap_clk             |   in|    1|  ap_ctrl_none|   myproject_axi|  return value|
|ap_rst_n           |   in|    1|  ap_ctrl_none|   myproject_axi|  return value|
|in_r_TDATA         |   in|   32|          axis|   in_r_V_data_V|       pointer|
|in_r_TVALID        |   in|    1|          axis|   in_r_V_last_V|       pointer|
|in_r_TREADY        |  out|    1|          axis|   in_r_V_last_V|       pointer|
|in_r_TLAST         |   in|    1|          axis|   in_r_V_last_V|       pointer|
|in_r_TKEEP         |   in|    4|          axis|   in_r_V_keep_V|       pointer|
|in_r_TSTRB         |   in|    4|          axis|   in_r_V_strb_V|       pointer|
|out_r_TDATA        |  out|   32|          axis|  out_r_V_data_V|       pointer|
|out_r_TVALID       |  out|    1|          axis|  out_r_V_last_V|       pointer|
|out_r_TREADY       |   in|    1|          axis|  out_r_V_last_V|       pointer|
|out_r_TLAST        |  out|    1|          axis|  out_r_V_last_V|       pointer|
|out_r_TKEEP        |  out|    4|          axis|  out_r_V_keep_V|       pointer|
|out_r_TSTRB        |  out|    4|          axis|  out_r_V_strb_V|       pointer|
+-------------------+-----+-----+--------------+----------------+--------------+

