#-----------------------------------------------------------
# Vivado v2021.2 (64-bit)
# SW Build 3367213 on Tue Oct 19 02:47:39 MDT 2021
# IP Build 3369179 on Thu Oct 21 08:25:16 MDT 2021
# Start of session at: Sat Jun 25 19:03:30 2022
# Process ID: 760960
# Current directory: /home/nghielme/PycharmProjects/conifer/examples/wrapper-3-20220623T092548Z-001/wrapper-3/myproject_prj/solution1/.autopilot/db/ip_tmp
# Command line: vivado  -notrace -log vivado.log -mode batch -source run_vivado_gen_ip.tcl
# Log file: /home/nghielme/PycharmProjects/conifer/examples/wrapper-3-20220623T092548Z-001/wrapper-3/myproject_prj/solution1/.autopilot/db/ip_tmp/vivado.log
# Journal file: /home/nghielme/PycharmProjects/conifer/examples/wrapper-3-20220623T092548Z-001/wrapper-3/myproject_prj/solution1/.autopilot/db/ip_tmp/vivado.jou
# Running On: yavin, OS: Linux, CPU Frequency: 4600.022 MHz, CPU Physical cores: 8, Host memory: 67274 MB
#-----------------------------------------------------------
source run_vivado_gen_ip.tcl -notrace
INFO: [IP_Flow 19-234] Refreshing IP repositories
INFO: [IP_Flow 19-1704] No user IP repositories specified
INFO: [IP_Flow 19-2313] Loaded Vivado IP repository '/opt/Xilinx/Vivado/2021.2/data/ip'.
WARNING: [IP_Flow 19-4832] The IP name 'myproject_axi_fpext_32ns_64_2_no_dsp_1_ip' you have specified is long. The Windows operating system has path length limitations. It is recommended you use shorter names to reduce the likelihood of issues.
INFO: [IP_Flow 19-1686] Generating 'Synthesis' target for IP 'myproject_axi_fpext_32ns_64_2_no_dsp_1_ip'...
INFO: [IP_Flow 19-1686] Generating 'Simulation' target for IP 'myproject_axi_fpext_32ns_64_2_no_dsp_1_ip'...
INFO: [Common 17-206] Exiting Vivado at Sat Jun 25 19:03:41 2022...
