

================================================================
== Vitis HLS Report for 'decision_function_21'
================================================================
* Date:           Sun Jun 26 16:47:09 2022

* Version:        2021.2 (Build 3367213 on Tue Oct 19 02:47:39 MDT 2021)
* Project:        myproject_prj
* Solution:       solution1 (Vivado IP Flow Target)
* Product family: zynquplus
* Target device:  xczu3eg-sbva484-1-e


================================================================
== Performance Estimates
================================================================
+ Timing: 
    * Summary: 
    +--------+---------+----------+------------+
    |  Clock |  Target | Estimated| Uncertainty|
    +--------+---------+----------+------------+
    |ap_clk  |  7.00 ns|  3.272 ns|     1.89 ns|
    +--------+---------+----------+------------+

+ Latency: 
    * Summary: 
    +---------+---------+----------+----------+-----+-----+---------+
    |  Latency (cycles) |  Latency (absolute) |  Interval | Pipeline|
    |   min   |   max   |    min   |    max   | min | max |   Type  |
    +---------+---------+----------+----------+-----+-----+---------+
    |        0|        0|      0 ns|      0 ns|    1|    1|      yes|
    +---------+---------+----------+----------+-----+-----+---------+

    + Detail: 
        * Instance: 
        N/A

        * Loop: 
        N/A



================================================================
== Utilization Estimates
================================================================
* Summary: 
+-----------------+---------+-----+--------+-------+-----+
|       Name      | BRAM_18K| DSP |   FF   |  LUT  | URAM|
+-----------------+---------+-----+--------+-------+-----+
|DSP              |        -|    -|       -|      -|    -|
|Expression       |        -|    -|       0|    190|    -|
|FIFO             |        -|    -|       -|      -|    -|
|Instance         |        -|    -|       0|     43|    -|
|Memory           |        -|    -|       -|      -|    -|
|Multiplexer      |        -|    -|       -|      -|    -|
|Register         |        -|    -|       -|      -|    -|
+-----------------+---------+-----+--------+-------+-----+
|Total            |        0|    0|       0|    233|    0|
+-----------------+---------+-----+--------+-------+-----+
|Available        |      432|  360|  141120|  70560|    0|
+-----------------+---------+-----+--------+-------+-----+
|Utilization (%)  |        0|    0|       0|     ~0|    0|
+-----------------+---------+-----+--------+-------+-----+

+ Detail: 
    * Instance: 
    +------------------------+-------------------+---------+----+---+----+-----+
    |        Instance        |       Module      | BRAM_18K| DSP| FF| LUT| URAM|
    +------------------------+-------------------+---------+----+---+----+-----+
    |mux_83_32_1_1_x12_U236  |mux_83_32_1_1_x12  |        0|   0|  0|  43|    0|
    +------------------------+-------------------+---------+----+---+----+-----+
    |Total                   |                   |        0|   0|  0|  43|    0|
    +------------------------+-------------------+---------+----+---+----+-----+

    * DSP: 
    N/A

    * Memory: 
    N/A

    * FIFO: 
    N/A

    * Expression: 
    +---------------------------+----------+----+---+----+------------+------------+
    |       Variable Name       | Operation| DSP| FF| LUT| Bitwidth P0| Bitwidth P1|
    +---------------------------+----------+----+---+----+------------+------------+
    |activation_231_fu_144_p2   |       and|   0|  0|   2|           1|           1|
    |activation_232_fu_156_p2   |       and|   0|  0|   2|           1|           1|
    |activation_233_fu_180_p2   |       and|   0|  0|   2|           1|           1|
    |activation_234_fu_186_p2   |       and|   0|  0|   2|           1|           1|
    |activation_235_fu_198_p2   |       and|   0|  0|   2|           1|           1|
    |activation_fu_168_p2       |       and|   0|  0|   2|           1|           1|
    |and_ln193_68_fu_192_p2     |       and|   0|  0|   2|           1|           1|
    |and_ln193_fu_174_p2        |       and|   0|  0|   2|           1|           1|
    |comparison_183_fu_102_p2   |      icmp|   0|  0|  20|          32|          15|
    |comparison_184_fu_108_p2   |      icmp|   0|  0|  20|          32|          18|
    |comparison_185_fu_114_p2   |      icmp|   0|  0|  20|          32|          18|
    |comparison_186_fu_120_p2   |      icmp|   0|  0|  20|          32|          16|
    |comparison_187_fu_126_p2   |      icmp|   0|  0|  20|          32|          16|
    |comparison_188_fu_132_p2   |      icmp|   0|  0|  20|          32|          16|
    |comparison_fu_96_p2        |      icmp|   0|  0|  20|          32|          17|
    |or_ln208_66_fu_240_p2      |        or|   0|  0|   2|           1|           1|
    |or_ln208_67_fu_254_p2      |        or|   0|  0|   2|           1|           1|
    |or_ln208_68_fu_268_p2      |        or|   0|  0|   2|           1|           1|
    |or_ln208_fu_214_p2         |        or|   0|  0|   2|           1|           1|
    |agg_result_fu_290_p9       |    select|   0|  0|   3|           1|           3|
    |select_ln208_92_fu_228_p3  |    select|   0|  0|   2|           1|           2|
    |select_ln208_93_fu_246_p3  |    select|   0|  0|   4|           1|           3|
    |select_ln208_94_fu_260_p3  |    select|   0|  0|   3|           1|           3|
    |select_ln208_95_fu_274_p3  |    select|   0|  0|   3|           1|           3|
    |select_ln208_fu_220_p3     |    select|   0|  0|   3|           1|           2|
    |activation_230_fu_138_p2   |       xor|   0|  0|   2|           1|           2|
    |xor_ln195_18_fu_162_p2     |       xor|   0|  0|   2|           1|           2|
    |xor_ln195_fu_150_p2        |       xor|   0|  0|   2|           1|           2|
    |xor_ln208_fu_204_p2        |       xor|   0|  0|   2|           2|           1|
    +---------------------------+----------+----+---+----+------------+------------+
    |Total                      |          |   0|  0| 190|         247|         151|
    +---------------------------+----------+----+---+----+------------+------------+

    * Multiplexer: 
    N/A

    * Register: 
    N/A



================================================================
== Interface
================================================================
* Summary: 
+-----------+-----+-----+------------+----------------------+--------------+
| RTL Ports | Dir | Bits|  Protocol  |     Source Object    |    C Type    |
+-----------+-----+-----+------------+----------------------+--------------+
|ap_ready   |  out|    1|  ap_ctrl_hs|  decision_function.21|  return value|
|ap_return  |  out|   32|  ap_ctrl_hs|  decision_function.21|  return value|
|p_read1    |   in|   32|     ap_none|               p_read1|        scalar|
|p_read2    |   in|   32|     ap_none|               p_read2|        scalar|
|p_read3    |   in|   32|     ap_none|               p_read3|        scalar|
|p_read4    |   in|   32|     ap_none|               p_read4|        scalar|
|p_read5    |   in|   32|     ap_none|               p_read5|        scalar|
+-----------+-----+-----+------------+----------------------+--------------+

