

================================================================
== Vitis HLS Report for 'decision_function_25'
================================================================
* Date:           Sun Jun 26 16:47:08 2022

* Version:        2021.2 (Build 3367213 on Tue Oct 19 02:47:39 MDT 2021)
* Project:        myproject_prj
* Solution:       solution1 (Vivado IP Flow Target)
* Product family: zynquplus
* Target device:  xczu3eg-sbva484-1-e


================================================================
== Performance Estimates
================================================================
+ Timing: 
    * Summary: 
    +--------+---------+----------+------------+
    |  Clock |  Target | Estimated| Uncertainty|
    +--------+---------+----------+------------+
    |ap_clk  |  7.00 ns|  3.272 ns|     1.89 ns|
    +--------+---------+----------+------------+

+ Latency: 
    * Summary: 
    +---------+---------+----------+----------+-----+-----+---------+
    |  Latency (cycles) |  Latency (absolute) |  Interval | Pipeline|
    |   min   |   max   |    min   |    max   | min | max |   Type  |
    +---------+---------+----------+----------+-----+-----+---------+
    |        0|        0|      0 ns|      0 ns|    1|    1|      yes|
    +---------+---------+----------+----------+-----+-----+---------+

    + Detail: 
        * Instance: 
        N/A

        * Loop: 
        N/A



================================================================
== Utilization Estimates
================================================================
* Summary: 
+-----------------+---------+-----+--------+-------+-----+
|       Name      | BRAM_18K| DSP |   FF   |  LUT  | URAM|
+-----------------+---------+-----+--------+-------+-----+
|DSP              |        -|    -|       -|      -|    -|
|Expression       |        -|    -|       0|    190|    -|
|FIFO             |        -|    -|       -|      -|    -|
|Instance         |        -|    -|       0|     43|    -|
|Memory           |        -|    -|       -|      -|    -|
|Multiplexer      |        -|    -|       -|      -|    -|
|Register         |        -|    -|       -|      -|    -|
+-----------------+---------+-----+--------+-------+-----+
|Total            |        0|    0|       0|    233|    0|
+-----------------+---------+-----+--------+-------+-----+
|Available        |      432|  360|  141120|  70560|    0|
+-----------------+---------+-----+--------+-------+-----+
|Utilization (%)  |        0|    0|       0|     ~0|    0|
+-----------------+---------+-----+--------+-------+-----+

+ Detail: 
    * Instance: 
    +-----------------------+------------------+---------+----+---+----+-----+
    |        Instance       |      Module      | BRAM_18K| DSP| FF| LUT| URAM|
    +-----------------------+------------------+---------+----+---+----+-----+
    |mux_83_32_1_1_x9_U208  |mux_83_32_1_1_x9  |        0|   0|  0|  43|    0|
    +-----------------------+------------------+---------+----+---+----+-----+
    |Total                  |                  |        0|   0|  0|  43|    0|
    +-----------------------+------------------+---------+----+---+----+-----+

    * DSP: 
    N/A

    * Memory: 
    N/A

    * FIFO: 
    N/A

    * Expression: 
    +----------------------------+----------+----+---+----+------------+------------+
    |        Variable Name       | Operation| DSP| FF| LUT| Bitwidth P0| Bitwidth P1|
    +----------------------------+----------+----+---+----+------------+------------+
    |activation_205_fu_152_p2    |       and|   0|  0|   2|           1|           1|
    |activation_206_fu_164_p2    |       and|   0|  0|   2|           1|           1|
    |activation_207_fu_188_p2    |       and|   0|  0|   2|           1|           1|
    |activation_208_fu_194_p2    |       and|   0|  0|   2|           1|           1|
    |activation_209_fu_206_p2    |       and|   0|  0|   2|           1|           1|
    |activation_fu_176_p2        |       and|   0|  0|   2|           1|           1|
    |and_ln193_83_fu_200_p2      |       and|   0|  0|   2|           1|           1|
    |and_ln193_fu_182_p2         |       and|   0|  0|   2|           1|           1|
    |comparison_161_fu_110_p2    |      icmp|   0|  0|  20|          32|          17|
    |comparison_162_fu_116_p2    |      icmp|   0|  0|  20|          32|          17|
    |comparison_163_fu_122_p2    |      icmp|   0|  0|  20|          32|          18|
    |comparison_164_fu_128_p2    |      icmp|   0|  0|  20|          32|          16|
    |comparison_165_fu_134_p2    |      icmp|   0|  0|  20|          32|          15|
    |comparison_166_fu_140_p2    |      icmp|   0|  0|  20|          32|          17|
    |comparison_fu_104_p2        |      icmp|   0|  0|  20|          32|          16|
    |or_ln208_78_fu_248_p2       |        or|   0|  0|   2|           1|           1|
    |or_ln208_79_fu_262_p2       |        or|   0|  0|   2|           1|           1|
    |or_ln208_80_fu_276_p2       |        or|   0|  0|   2|           1|           1|
    |or_ln208_fu_222_p2          |        or|   0|  0|   2|           1|           1|
    |agg_result_fu_298_p9        |    select|   0|  0|   3|           1|           3|
    |select_ln208_110_fu_236_p3  |    select|   0|  0|   2|           1|           2|
    |select_ln208_111_fu_254_p3  |    select|   0|  0|   4|           1|           3|
    |select_ln208_112_fu_268_p3  |    select|   0|  0|   3|           1|           3|
    |select_ln208_113_fu_282_p3  |    select|   0|  0|   3|           1|           3|
    |select_ln208_fu_228_p3      |    select|   0|  0|   3|           1|           2|
    |activation_204_fu_146_p2    |       xor|   0|  0|   2|           1|           2|
    |xor_ln195_22_fu_170_p2      |       xor|   0|  0|   2|           1|           2|
    |xor_ln195_fu_158_p2         |       xor|   0|  0|   2|           1|           2|
    |xor_ln208_fu_212_p2         |       xor|   0|  0|   2|           2|           1|
    +----------------------------+----------+----+---+----+------------+------------+
    |Total                       |          |   0|  0| 190|         247|         151|
    +----------------------------+----------+----+---+----+------------+------------+

    * Multiplexer: 
    N/A

    * Register: 
    N/A



================================================================
== Interface
================================================================
* Summary: 
+-----------+-----+-----+------------+----------------------+--------------+
| RTL Ports | Dir | Bits|  Protocol  |     Source Object    |    C Type    |
+-----------+-----+-----+------------+----------------------+--------------+
|ap_ready   |  out|    1|  ap_ctrl_hs|  decision_function.25|  return value|
|ap_return  |  out|   32|  ap_ctrl_hs|  decision_function.25|  return value|
|p_read1    |   in|   32|     ap_none|               p_read1|        scalar|
|p_read2    |   in|   32|     ap_none|               p_read2|        scalar|
|p_read3    |   in|   32|     ap_none|               p_read3|        scalar|
|p_read4    |   in|   32|     ap_none|               p_read4|        scalar|
|p_read5    |   in|   32|     ap_none|               p_read5|        scalar|
|p_read6    |   in|   32|     ap_none|               p_read6|        scalar|
+-----------+-----+-----+------------+----------------------+--------------+

