

================================================================
== Vitis HLS Report for 'decision_function_48'
================================================================
* Date:           Sun Jun 26 16:47:02 2022

* Version:        2021.2 (Build 3367213 on Tue Oct 19 02:47:39 MDT 2021)
* Project:        myproject_prj
* Solution:       solution1 (Vivado IP Flow Target)
* Product family: zynquplus
* Target device:  xczu3eg-sbva484-1-e


================================================================
== Performance Estimates
================================================================
+ Timing: 
    * Summary: 
    +--------+---------+----------+------------+
    |  Clock |  Target | Estimated| Uncertainty|
    +--------+---------+----------+------------+
    |ap_clk  |  7.00 ns|  3.272 ns|     1.89 ns|
    +--------+---------+----------+------------+

+ Latency: 
    * Summary: 
    +---------+---------+----------+----------+-----+-----+---------+
    |  Latency (cycles) |  Latency (absolute) |  Interval | Pipeline|
    |   min   |   max   |    min   |    max   | min | max |   Type  |
    +---------+---------+----------+----------+-----+-----+---------+
    |        0|        0|      0 ns|      0 ns|    1|    1|      yes|
    +---------+---------+----------+----------+-----+-----+---------+

    + Detail: 
        * Instance: 
        N/A

        * Loop: 
        N/A



================================================================
== Utilization Estimates
================================================================
* Summary: 
+-----------------+---------+-----+--------+-------+-----+
|       Name      | BRAM_18K| DSP |   FF   |  LUT  | URAM|
+-----------------+---------+-----+--------+-------+-----+
|DSP              |        -|    -|       -|      -|    -|
|Expression       |        -|    -|       0|    190|    -|
|FIFO             |        -|    -|       -|      -|    -|
|Instance         |        -|    -|       0|     43|    -|
|Memory           |        -|    -|       -|      -|    -|
|Multiplexer      |        -|    -|       -|      -|    -|
|Register         |        -|    -|       -|      -|    -|
+-----------------+---------+-----+--------+-------+-----+
|Total            |        0|    0|       0|    233|    0|
+-----------------+---------+-----+--------+-------+-----+
|Available        |      432|  360|  141120|  70560|    0|
+-----------------+---------+-----+--------+-------+-----+
|Utilization (%)  |        0|    0|       0|     ~0|    0|
+-----------------+---------+-----+--------+-------+-----+

+ Detail: 
    * Instance: 
    +-------------------+---------------+---------+----+---+----+-----+
    |      Instance     |     Module    | BRAM_18K| DSP| FF| LUT| URAM|
    +-------------------+---------------+---------+----+---+----+-----+
    |mux_83_32_1_1_U26  |mux_83_32_1_1  |        0|   0|  0|  43|    0|
    +-------------------+---------------+---------+----+---+----+-----+
    |Total              |               |        0|   0|  0|  43|    0|
    +-------------------+---------------+---------+----+---+----+-----+

    * DSP: 
    N/A

    * Memory: 
    N/A

    * FIFO: 
    N/A

    * Expression: 
    +---------------------------+----------+----+---+----+------------+------------+
    |       Variable Name       | Operation| DSP| FF| LUT| Bitwidth P0| Bitwidth P1|
    +---------------------------+----------+----+---+----+------------+------------+
    |activation_40_fu_160_p2    |       and|   0|  0|   2|           1|           1|
    |activation_41_fu_172_p2    |       and|   0|  0|   2|           1|           1|
    |activation_42_fu_196_p2    |       and|   0|  0|   2|           1|           1|
    |activation_43_fu_202_p2    |       and|   0|  0|   2|           1|           1|
    |activation_44_fu_214_p2    |       and|   0|  0|   2|           1|           1|
    |activation_fu_184_p2       |       and|   0|  0|   2|           1|           1|
    |and_ln193_32_fu_208_p2     |       and|   0|  0|   2|           1|           1|
    |and_ln193_fu_190_p2        |       and|   0|  0|   2|           1|           1|
    |comparison_32_fu_118_p2    |      icmp|   0|  0|  20|          32|          17|
    |comparison_33_fu_124_p2    |      icmp|   0|  0|  20|          32|          17|
    |comparison_34_fu_130_p2    |      icmp|   0|  0|  20|          32|          17|
    |comparison_35_fu_136_p2    |      icmp|   0|  0|  20|          32|          16|
    |comparison_36_fu_142_p2    |      icmp|   0|  0|  20|          32|          17|
    |comparison_37_fu_148_p2    |      icmp|   0|  0|  20|          32|          15|
    |comparison_fu_112_p2       |      icmp|   0|  0|  20|          32|          18|
    |or_ln208_22_fu_256_p2      |        or|   0|  0|   2|           1|           1|
    |or_ln208_23_fu_270_p2      |        or|   0|  0|   2|           1|           1|
    |or_ln208_24_fu_284_p2      |        or|   0|  0|   2|           1|           1|
    |or_ln208_fu_230_p2         |        or|   0|  0|   2|           1|           1|
    |agg_result_fu_306_p9       |    select|   0|  0|   3|           1|           3|
    |select_ln208_25_fu_244_p3  |    select|   0|  0|   2|           1|           2|
    |select_ln208_26_fu_262_p3  |    select|   0|  0|   4|           1|           3|
    |select_ln208_27_fu_276_p3  |    select|   0|  0|   3|           1|           3|
    |select_ln208_28_fu_290_p3  |    select|   0|  0|   3|           1|           3|
    |select_ln208_fu_236_p3     |    select|   0|  0|   3|           1|           2|
    |activation_39_fu_154_p2    |       xor|   0|  0|   2|           1|           2|
    |xor_ln195_13_fu_178_p2     |       xor|   0|  0|   2|           1|           2|
    |xor_ln195_fu_166_p2        |       xor|   0|  0|   2|           1|           2|
    |xor_ln208_fu_220_p2        |       xor|   0|  0|   2|           2|           1|
    +---------------------------+----------+----+---+----+------------+------------+
    |Total                      |          |   0|  0| 190|         247|         152|
    +---------------------------+----------+----+---+----+------------+------------+

    * Multiplexer: 
    N/A

    * Register: 
    N/A



================================================================
== Interface
================================================================
* Summary: 
+-----------+-----+-----+------------+----------------------+--------------+
| RTL Ports | Dir | Bits|  Protocol  |     Source Object    |    C Type    |
+-----------+-----+-----+------------+----------------------+--------------+
|ap_ready   |  out|    1|  ap_ctrl_hs|  decision_function.48|  return value|
|ap_return  |  out|   32|  ap_ctrl_hs|  decision_function.48|  return value|
|p_read1    |   in|   32|     ap_none|               p_read1|        scalar|
|p_read2    |   in|   32|     ap_none|               p_read2|        scalar|
|p_read3    |   in|   32|     ap_none|               p_read3|        scalar|
|p_read4    |   in|   32|     ap_none|               p_read4|        scalar|
|p_read5    |   in|   32|     ap_none|               p_read5|        scalar|
|p_read6    |   in|   32|     ap_none|               p_read6|        scalar|
|p_read7    |   in|   32|     ap_none|               p_read7|        scalar|
+-----------+-----+-----+------------+----------------------+--------------+

