

================================================================
== Vitis HLS Report for 'decision_function_26'
================================================================
* Date:           Sun Jun 26 16:47:03 2022

* Version:        2021.2 (Build 3367213 on Tue Oct 19 02:47:39 MDT 2021)
* Project:        myproject_prj
* Solution:       solution1 (Vivado IP Flow Target)
* Product family: zynquplus
* Target device:  xczu3eg-sbva484-1-e


================================================================
== Performance Estimates
================================================================
+ Timing: 
    * Summary: 
    +--------+---------+----------+------------+
    |  Clock |  Target | Estimated| Uncertainty|
    +--------+---------+----------+------------+
    |ap_clk  |  7.00 ns|  3.545 ns|     1.89 ns|
    +--------+---------+----------+------------+

+ Latency: 
    * Summary: 
    +---------+---------+----------+----------+-----+-----+---------+
    |  Latency (cycles) |  Latency (absolute) |  Interval | Pipeline|
    |   min   |   max   |    min   |    max   | min | max |   Type  |
    +---------+---------+----------+----------+-----+-----+---------+
    |        0|        0|      0 ns|      0 ns|    1|    1|      yes|
    +---------+---------+----------+----------+-----+-----+---------+

    + Detail: 
        * Instance: 
        N/A

        * Loop: 
        N/A



================================================================
== Utilization Estimates
================================================================
* Summary: 
+-----------------+---------+-----+--------+-------+-----+
|       Name      | BRAM_18K| DSP |   FF   |  LUT  | URAM|
+-----------------+---------+-----+--------+-------+-----+
|DSP              |        -|    -|       -|      -|    -|
|Expression       |        -|    -|       0|    199|    -|
|FIFO             |        -|    -|       -|      -|    -|
|Instance         |        -|    -|       0|     37|    -|
|Memory           |        -|    -|       -|      -|    -|
|Multiplexer      |        -|    -|       -|      -|    -|
|Register         |        -|    -|       -|      -|    -|
+-----------------+---------+-----+--------+-------+-----+
|Total            |        0|    0|       0|    236|    0|
+-----------------+---------+-----+--------+-------+-----+
|Available        |      432|  360|  141120|  70560|    0|
+-----------------+---------+-----+--------+-------+-----+
|Utilization (%)  |        0|    0|       0|     ~0|    0|
+-----------------+---------+-----+--------+-------+-----+

+ Detail: 
    * Instance: 
    +-------------------+---------------+---------+----+---+----+-----+
    |      Instance     |     Module    | BRAM_18K| DSP| FF| LUT| URAM|
    +-------------------+---------------+---------+----+---+----+-----+
    |mux_73_32_1_1_U42  |mux_73_32_1_1  |        0|   0|  0|  37|    0|
    +-------------------+---------------+---------+----+---+----+-----+
    |Total              |               |        0|   0|  0|  37|    0|
    +-------------------+---------------+---------+----+---+----+-----+

    * DSP: 
    N/A

    * Memory: 
    N/A

    * FIFO: 
    N/A

    * Expression: 
    +----------------------------+----------+----+---+----+------------+------------+
    |        Variable Name       | Operation| DSP| FF| LUT| Bitwidth P0| Bitwidth P1|
    +----------------------------+----------+----+---+----+------------+------------+
    |activation_198_fu_138_p2    |       and|   0|  0|   2|           1|           1|
    |activation_199_fu_144_p2    |       and|   0|  0|   2|           1|           1|
    |activation_200_fu_162_p2    |       and|   0|  0|   2|           1|           1|
    |activation_201_fu_168_p2    |       and|   0|  0|   2|           1|           1|
    |activation_202_fu_174_p2    |       and|   0|  0|   2|           1|           1|
    |activation_fu_156_p2        |       and|   0|  0|   2|           1|           1|
    |comparison_156_fu_102_p2    |      icmp|   0|  0|  20|          32|          16|
    |comparison_157_fu_108_p2    |      icmp|   0|  0|  20|          32|          16|
    |comparison_158_fu_114_p2    |      icmp|   0|  0|  20|          32|          17|
    |comparison_159_fu_120_p2    |      icmp|   0|  0|  20|          32|          15|
    |comparison_160_fu_96_p2     |      icmp|   0|  0|  20|          32|          18|
    |comparison_fu_90_p2         |      icmp|   0|  0|  20|          32|          17|
    |or_ln208_81_fu_196_p2       |        or|   0|  0|   2|           1|           1|
    |or_ln208_82_fu_210_p2       |        or|   0|  0|   2|           1|           1|
    |or_ln208_83_fu_228_p2       |        or|   0|  0|   2|           1|           1|
    |or_ln208_84_fu_242_p2       |        or|   0|  0|   2|           1|           1|
    |or_ln208_85_fu_256_p2       |        or|   0|  0|   2|           1|           1|
    |or_ln208_86_fu_186_p2       |        or|   0|  0|   2|           1|           1|
    |or_ln208_fu_180_p2          |        or|   0|  0|   2|           1|           1|
    |ap_return                   |    select|   0|  0|  32|           1|          32|
    |select_ln208_115_fu_216_p3  |    select|   0|  0|   2|           1|           2|
    |select_ln208_116_fu_234_p3  |    select|   0|  0|   4|           1|           3|
    |select_ln208_117_fu_248_p3  |    select|   0|  0|   3|           1|           3|
    |select_ln208_fu_202_p3      |    select|   0|  0|   3|           1|           2|
    |tmp_fu_270_p8               |    select|   0|  0|   3|           1|           3|
    |activation_196_fu_126_p2    |       xor|   0|  0|   2|           1|           2|
    |xor_ln195_23_fu_150_p2      |       xor|   0|  0|   2|           1|           2|
    |xor_ln195_fu_132_p2         |       xor|   0|  0|   2|           1|           2|
    +----------------------------+----------+----+---+----+------------+------------+
    |Total                       |          |   0|  0| 199|         214|         163|
    +----------------------------+----------+----+---+----+------------+------------+

    * Multiplexer: 
    N/A

    * Register: 
    N/A



================================================================
== Interface
================================================================
* Summary: 
+-----------+-----+-----+------------+----------------------+--------------+
| RTL Ports | Dir | Bits|  Protocol  |     Source Object    |    C Type    |
+-----------+-----+-----+------------+----------------------+--------------+
|ap_ready   |  out|    1|  ap_ctrl_hs|  decision_function.26|  return value|
|ap_return  |  out|   32|  ap_ctrl_hs|  decision_function.26|  return value|
|p_read1    |   in|   32|     ap_none|               p_read1|        scalar|
|p_read2    |   in|   32|     ap_none|               p_read2|        scalar|
|p_read3    |   in|   32|     ap_none|               p_read3|        scalar|
|p_read4    |   in|   32|     ap_none|               p_read4|        scalar|
|p_read5    |   in|   32|     ap_none|               p_read5|        scalar|
+-----------+-----+-----+------------+----------------------+--------------+

