

================================================================
== Vitis HLS Report for 'decision_function_44'
================================================================
* Date:           Sun Jun 26 16:47:05 2022

* Version:        2021.2 (Build 3367213 on Tue Oct 19 02:47:39 MDT 2021)
* Project:        myproject_prj
* Solution:       solution1 (Vivado IP Flow Target)
* Product family: zynquplus
* Target device:  xczu3eg-sbva484-1-e


================================================================
== Performance Estimates
================================================================
+ Timing: 
    * Summary: 
    +--------+---------+----------+------------+
    |  Clock |  Target | Estimated| Uncertainty|
    +--------+---------+----------+------------+
    |ap_clk  |  7.00 ns|  3.797 ns|     1.89 ns|
    +--------+---------+----------+------------+

+ Latency: 
    * Summary: 
    +---------+---------+----------+----------+-----+-----+---------+
    |  Latency (cycles) |  Latency (absolute) |  Interval | Pipeline|
    |   min   |   max   |    min   |    max   | min | max |   Type  |
    +---------+---------+----------+----------+-----+-----+---------+
    |        0|        0|      0 ns|      0 ns|    1|    1|      yes|
    +---------+---------+----------+----------+-----+-----+---------+

    + Detail: 
        * Instance: 
        N/A

        * Loop: 
        N/A



================================================================
== Utilization Estimates
================================================================
* Summary: 
+-----------------+---------+-----+--------+-------+-----+
|       Name      | BRAM_18K| DSP |   FF   |  LUT  | URAM|
+-----------------+---------+-----+--------+-------+-----+
|DSP              |        -|    -|       -|      -|    -|
|Expression       |        -|    -|       0|    220|    -|
|FIFO             |        -|    -|       -|      -|    -|
|Instance         |        -|    -|       0|     43|    -|
|Memory           |        -|    -|       -|      -|    -|
|Multiplexer      |        -|    -|       -|      -|    -|
|Register         |        -|    -|       -|      -|    -|
+-----------------+---------+-----+--------+-------+-----+
|Total            |        0|    0|       0|    263|    0|
+-----------------+---------+-----+--------+-------+-----+
|Available        |      432|  360|  141120|  70560|    0|
+-----------------+---------+-----+--------+-------+-----+
|Utilization (%)  |        0|    0|       0|     ~0|    0|
+-----------------+---------+-----+--------+-------+-----+

+ Detail: 
    * Instance: 
    +-----------------------+------------------+---------+----+---+----+-----+
    |        Instance       |      Module      | BRAM_18K| DSP| FF| LUT| URAM|
    +-----------------------+------------------+---------+----+---+----+-----+
    |mux_83_32_1_1_x4_U105  |mux_83_32_1_1_x4  |        0|   0|  0|  43|    0|
    +-----------------------+------------------+---------+----+---+----+-----+
    |Total                  |                  |        0|   0|  0|  43|    0|
    +-----------------------+------------------+---------+----+---+----+-----+

    * DSP: 
    N/A

    * Memory: 
    N/A

    * FIFO: 
    N/A

    * Expression: 
    +---------------------------+----------+----+---+----+------------+------------+
    |       Variable Name       | Operation| DSP| FF| LUT| Bitwidth P0| Bitwidth P1|
    +---------------------------+----------+----+---+----+------------+------------+
    |activation_72_fu_136_p2    |       and|   0|  0|   2|           1|           1|
    |activation_73_fu_142_p2    |       and|   0|  0|   2|           1|           1|
    |activation_74_fu_160_p2    |       and|   0|  0|   2|           1|           1|
    |activation_75_fu_172_p2    |       and|   0|  0|   2|           1|           1|
    |activation_fu_154_p2       |       and|   0|  0|   2|           1|           1|
    |and_ln193_fu_166_p2        |       and|   0|  0|   2|           1|           1|
    |comparison_56_fu_100_p2    |      icmp|   0|  0|  20|          32|          15|
    |comparison_57_fu_106_p2    |      icmp|   0|  0|  20|          32|          17|
    |comparison_58_fu_112_p2    |      icmp|   0|  0|  20|          32|          16|
    |comparison_59_fu_118_p2    |      icmp|   0|  0|  20|          32|          17|
    |comparison_60_fu_94_p2     |      icmp|   0|  0|  20|          32|          18|
    |comparison_fu_88_p2        |      icmp|   0|  0|  20|          32|          16|
    |icmp_ln208_fu_178_p2       |      icmp|   0|  0|  20|          32|          19|
    |or_ln208_37_fu_202_p2      |        or|   0|  0|   2|           1|           1|
    |or_ln208_38_fu_220_p2      |        or|   0|  0|   2|           1|           1|
    |or_ln208_39_fu_234_p2      |        or|   0|  0|   2|           1|           1|
    |or_ln208_40_fu_248_p2      |        or|   0|  0|   2|           1|           1|
    |or_ln208_41_fu_262_p2      |        or|   0|  0|   2|           1|           1|
    |or_ln208_fu_188_p2         |        or|   0|  0|   2|           1|           1|
    |ap_return                  |    select|   0|  0|  32|           1|          32|
    |select_ln208_44_fu_208_p3  |    select|   0|  0|   2|           1|           2|
    |select_ln208_45_fu_226_p3  |    select|   0|  0|   4|           1|           3|
    |select_ln208_46_fu_240_p3  |    select|   0|  0|   3|           1|           3|
    |select_ln208_47_fu_254_p3  |    select|   0|  0|   3|           1|           3|
    |select_ln208_fu_194_p3     |    select|   0|  0|   3|           1|           2|
    |tmp_fu_276_p9              |    select|   0|  0|   3|           1|           3|
    |activation_70_fu_124_p2    |       xor|   0|  0|   2|           1|           2|
    |xor_ln195_21_fu_148_p2     |       xor|   0|  0|   2|           1|           2|
    |xor_ln195_fu_130_p2        |       xor|   0|  0|   2|           1|           2|
    +---------------------------+----------+----+---+----+------------+------------+
    |Total                      |          |   0|  0| 220|         246|         184|
    +---------------------------+----------+----+---+----+------------+------------+

    * Multiplexer: 
    N/A

    * Register: 
    N/A



================================================================
== Interface
================================================================
* Summary: 
+-----------+-----+-----+------------+----------------------+--------------+
| RTL Ports | Dir | Bits|  Protocol  |     Source Object    |    C Type    |
+-----------+-----+-----+------------+----------------------+--------------+
|ap_ready   |  out|    1|  ap_ctrl_hs|  decision_function.44|  return value|
|ap_return  |  out|   32|  ap_ctrl_hs|  decision_function.44|  return value|
|p_read1    |   in|   32|     ap_none|               p_read1|        scalar|
|p_read2    |   in|   32|     ap_none|               p_read2|        scalar|
|p_read3    |   in|   32|     ap_none|               p_read3|        scalar|
|p_read4    |   in|   32|     ap_none|               p_read4|        scalar|
+-----------+-----+-----+------------+----------------------+--------------+

