

================================================================
== Vitis HLS Report for 'decision_function_9'
================================================================
* Date:           Sun Jun 26 16:47:12 2022

* Version:        2021.2 (Build 3367213 on Tue Oct 19 02:47:39 MDT 2021)
* Project:        myproject_prj
* Solution:       solution1 (Vivado IP Flow Target)
* Product family: zynquplus
* Target device:  xczu3eg-sbva484-1-e


================================================================
== Performance Estimates
================================================================
+ Timing: 
    * Summary: 
    +--------+---------+----------+------------+
    |  Clock |  Target | Estimated| Uncertainty|
    +--------+---------+----------+------------+
    |ap_clk  |  7.00 ns|  3.272 ns|     1.89 ns|
    +--------+---------+----------+------------+

+ Latency: 
    * Summary: 
    +---------+---------+----------+----------+-----+-----+---------+
    |  Latency (cycles) |  Latency (absolute) |  Interval | Pipeline|
    |   min   |   max   |    min   |    max   | min | max |   Type  |
    +---------+---------+----------+----------+-----+-----+---------+
    |        0|        0|      0 ns|      0 ns|    1|    1|      yes|
    +---------+---------+----------+----------+-----+-----+---------+

    + Detail: 
        * Instance: 
        N/A

        * Loop: 
        N/A



================================================================
== Utilization Estimates
================================================================
* Summary: 
+-----------------+---------+-----+--------+-------+-----+
|       Name      | BRAM_18K| DSP |   FF   |  LUT  | URAM|
+-----------------+---------+-----+--------+-------+-----+
|DSP              |        -|    -|       -|      -|    -|
|Expression       |        -|    -|       0|    190|    -|
|FIFO             |        -|    -|       -|      -|    -|
|Instance         |        -|    -|       0|     43|    -|
|Memory           |        -|    -|       -|      -|    -|
|Multiplexer      |        -|    -|       -|      -|    -|
|Register         |        -|    -|       -|      -|    -|
+-----------------+---------+-----+--------+-------+-----+
|Total            |        0|    0|       0|    233|    0|
+-----------------+---------+-----+--------+-------+-----+
|Available        |      432|  360|  141120|  70560|    0|
+-----------------+---------+-----+--------+-------+-----+
|Utilization (%)  |        0|    0|       0|     ~0|    0|
+-----------------+---------+-----+--------+-------+-----+

+ Detail: 
    * Instance: 
    +------------------------+-------------------+---------+----+---+----+-----+
    |        Instance        |       Module      | BRAM_18K| DSP| FF| LUT| URAM|
    +------------------------+-------------------+---------+----+---+----+-----+
    |mux_83_32_1_1_x15_U305  |mux_83_32_1_1_x15  |        0|   0|  0|  43|    0|
    +------------------------+-------------------+---------+----+---+----+-----+
    |Total                   |                   |        0|   0|  0|  43|    0|
    +------------------------+-------------------+---------+----+---+----+-----+

    * DSP: 
    N/A

    * Memory: 
    N/A

    * FIFO: 
    N/A

    * Expression: 
    +--------------------------+----------+----+---+----+------------+------------+
    |       Variable Name      | Operation| DSP| FF| LUT| Bitwidth P0| Bitwidth P1|
    +--------------------------+----------+----+---+----+------------+------------+
    |activation_3_fu_144_p2    |       and|   0|  0|   2|           1|           1|
    |activation_4_fu_156_p2    |       and|   0|  0|   2|           1|           1|
    |activation_5_fu_180_p2    |       and|   0|  0|   2|           1|           1|
    |activation_6_fu_186_p2    |       and|   0|  0|   2|           1|           1|
    |activation_7_fu_198_p2    |       and|   0|  0|   2|           1|           1|
    |activation_fu_168_p2      |       and|   0|  0|   2|           1|           1|
    |and_ln193_6_fu_192_p2     |       and|   0|  0|   2|           1|           1|
    |and_ln193_fu_174_p2       |       and|   0|  0|   2|           1|           1|
    |comparison_1_fu_102_p2    |      icmp|   0|  0|  20|          32|          15|
    |comparison_2_fu_108_p2    |      icmp|   0|  0|  20|          32|          18|
    |comparison_3_fu_114_p2    |      icmp|   0|  0|  20|          32|          14|
    |comparison_4_fu_120_p2    |      icmp|   0|  0|  20|          32|          18|
    |comparison_5_fu_126_p2    |      icmp|   0|  0|  20|          32|          17|
    |comparison_6_fu_132_p2    |      icmp|   0|  0|  20|          32|          18|
    |comparison_fu_96_p2       |      icmp|   0|  0|  20|          32|          17|
    |or_ln208_1_fu_240_p2      |        or|   0|  0|   2|           1|           1|
    |or_ln208_2_fu_254_p2      |        or|   0|  0|   2|           1|           1|
    |or_ln208_3_fu_268_p2      |        or|   0|  0|   2|           1|           1|
    |or_ln208_fu_214_p2        |        or|   0|  0|   2|           1|           1|
    |agg_result_fu_290_p9      |    select|   0|  0|   3|           1|           3|
    |select_ln208_1_fu_228_p3  |    select|   0|  0|   2|           1|           2|
    |select_ln208_2_fu_246_p3  |    select|   0|  0|   4|           1|           3|
    |select_ln208_3_fu_260_p3  |    select|   0|  0|   3|           1|           3|
    |select_ln208_4_fu_274_p3  |    select|   0|  0|   3|           1|           3|
    |select_ln208_fu_220_p3    |    select|   0|  0|   3|           1|           2|
    |activation_2_fu_138_p2    |       xor|   0|  0|   2|           1|           2|
    |xor_ln195_2_fu_162_p2     |       xor|   0|  0|   2|           1|           2|
    |xor_ln195_fu_150_p2       |       xor|   0|  0|   2|           1|           2|
    |xor_ln208_fu_204_p2       |       xor|   0|  0|   2|           2|           1|
    +--------------------------+----------+----+---+----+------------+------------+
    |Total                     |          |   0|  0| 190|         247|         152|
    +--------------------------+----------+----+---+----+------------+------------+

    * Multiplexer: 
    N/A

    * Register: 
    N/A



================================================================
== Interface
================================================================
* Summary: 
+-----------+-----+-----+------------+---------------------+--------------+
| RTL Ports | Dir | Bits|  Protocol  |    Source Object    |    C Type    |
+-----------+-----+-----+------------+---------------------+--------------+
|ap_ready   |  out|    1|  ap_ctrl_hs|  decision_function.9|  return value|
|ap_return  |  out|   32|  ap_ctrl_hs|  decision_function.9|  return value|
|p_read1    |   in|   32|     ap_none|              p_read1|        scalar|
|p_read2    |   in|   32|     ap_none|              p_read2|        scalar|
|p_read3    |   in|   32|     ap_none|              p_read3|        scalar|
|p_read4    |   in|   32|     ap_none|              p_read4|        scalar|
|p_read5    |   in|   32|     ap_none|              p_read5|        scalar|
+-----------+-----+-----+------------+---------------------+--------------+

