

================================================================
== Vitis HLS Report for 'decision_function_24'
================================================================
* Date:           Sun Jun 26 16:47:09 2022

* Version:        2021.2 (Build 3367213 on Tue Oct 19 02:47:39 MDT 2021)
* Project:        myproject_prj
* Solution:       solution1 (Vivado IP Flow Target)
* Product family: zynquplus
* Target device:  xczu3eg-sbva484-1-e


================================================================
== Performance Estimates
================================================================
+ Timing: 
    * Summary: 
    +--------+---------+----------+------------+
    |  Clock |  Target | Estimated| Uncertainty|
    +--------+---------+----------+------------+
    |ap_clk  |  7.00 ns|  3.487 ns|     1.89 ns|
    +--------+---------+----------+------------+

+ Latency: 
    * Summary: 
    +---------+---------+----------+----------+-----+-----+---------+
    |  Latency (cycles) |  Latency (absolute) |  Interval | Pipeline|
    |   min   |   max   |    min   |    max   | min | max |   Type  |
    +---------+---------+----------+----------+-----+-----+---------+
    |        0|        0|      0 ns|      0 ns|    1|    1|      yes|
    +---------+---------+----------+----------+-----+-----+---------+

    + Detail: 
        * Instance: 
        N/A

        * Loop: 
        N/A



================================================================
== Utilization Estimates
================================================================
* Summary: 
+-----------------+---------+-----+--------+-------+-----+
|       Name      | BRAM_18K| DSP |   FF   |  LUT  | URAM|
+-----------------+---------+-----+--------+-------+-----+
|DSP              |        -|    -|       -|      -|    -|
|Expression       |        -|    -|       0|    140|    -|
|FIFO             |        -|    -|       -|      -|    -|
|Instance         |        -|    -|       0|     31|    -|
|Memory           |        -|    -|       -|      -|    -|
|Multiplexer      |        -|    -|       -|      -|    -|
|Register         |        -|    -|       -|      -|    -|
+-----------------+---------+-----+--------+-------+-----+
|Total            |        0|    0|       0|    171|    0|
+-----------------+---------+-----+--------+-------+-----+
|Available        |      432|  360|  141120|  70560|    0|
+-----------------+---------+-----+--------+-------+-----+
|Utilization (%)  |        0|    0|       0|     ~0|    0|
+-----------------+---------+-----+--------+-------+-----+

+ Detail: 
    * Instance: 
    +--------------------+---------------+---------+----+---+----+-----+
    |      Instance      |     Module    | BRAM_18K| DSP| FF| LUT| URAM|
    +--------------------+---------------+---------+----+---+----+-----+
    |mux_63_32_1_1_U216  |mux_63_32_1_1  |        0|   0|  0|  31|    0|
    +--------------------+---------------+---------+----+---+----+-----+
    |Total               |               |        0|   0|  0|  31|    0|
    +--------------------+---------------+---------+----+---+----+-----+

    * DSP: 
    N/A

    * Memory: 
    N/A

    * FIFO: 
    N/A

    * Expression: 
    +----------------------------+----------+----+---+----+------------+------------+
    |        Variable Name       | Operation| DSP| FF| LUT| Bitwidth P0| Bitwidth P1|
    +----------------------------+----------+----+---+----+------------+------------+
    |activation_212_fu_124_p2    |       and|   0|  0|   2|           1|           1|
    |activation_213_fu_142_p2    |       and|   0|  0|   2|           1|           1|
    |activation_214_fu_154_p2    |       and|   0|  0|   2|           1|           1|
    |activation_fu_118_p2        |       and|   0|  0|   2|           1|           1|
    |and_ln193_79_fu_148_p2      |       and|   0|  0|   2|           1|           1|
    |and_ln193_fu_136_p2         |       and|   0|  0|   2|           1|           1|
    |comparison_167_fu_82_p2     |      icmp|   0|  0|  20|          32|          14|
    |comparison_168_fu_88_p2     |      icmp|   0|  0|  20|          32|          18|
    |comparison_169_fu_94_p2     |      icmp|   0|  0|  20|          32|          15|
    |comparison_170_fu_100_p2    |      icmp|   0|  0|  20|          32|          18|
    |comparison_fu_76_p2         |      icmp|   0|  0|  20|          32|          18|
    |or_ln208_75_fu_176_p2       |        or|   0|  0|   2|           1|           1|
    |or_ln208_76_fu_190_p2       |        or|   0|  0|   2|           1|           1|
    |or_ln208_77_fu_208_p2       |        or|   0|  0|   2|           1|           1|
    |or_ln208_78_fu_166_p2       |        or|   0|  0|   2|           1|           1|
    |or_ln208_fu_160_p2          |        or|   0|  0|   2|           1|           1|
    |agg_result_fu_230_p7        |    select|   0|  0|   3|           1|           3|
    |select_ln208_107_fu_196_p3  |    select|   0|  0|   2|           1|           2|
    |select_ln208_108_fu_214_p3  |    select|   0|  0|   4|           1|           3|
    |select_ln208_fu_182_p3      |    select|   0|  0|   3|           1|           2|
    |activation_211_fu_106_p2    |       xor|   0|  0|   2|           1|           2|
    |xor_ln195_21_fu_130_p2      |       xor|   0|  0|   2|           1|           2|
    |xor_ln195_fu_112_p2         |       xor|   0|  0|   2|           1|           2|
    +----------------------------+----------+----+---+----+------------+------------+
    |Total                       |          |   0|  0| 140|         178|         110|
    +----------------------------+----------+----+---+----+------------+------------+

    * Multiplexer: 
    N/A

    * Register: 
    N/A



================================================================
== Interface
================================================================
* Summary: 
+-----------+-----+-----+------------+----------------------+--------------+
| RTL Ports | Dir | Bits|  Protocol  |     Source Object    |    C Type    |
+-----------+-----+-----+------------+----------------------+--------------+
|ap_ready   |  out|    1|  ap_ctrl_hs|  decision_function.24|  return value|
|ap_return  |  out|   32|  ap_ctrl_hs|  decision_function.24|  return value|
|p_read1    |   in|   32|     ap_none|               p_read1|        scalar|
|p_read2    |   in|   32|     ap_none|               p_read2|        scalar|
|p_read3    |   in|   32|     ap_none|               p_read3|        scalar|
|p_read4    |   in|   32|     ap_none|               p_read4|        scalar|
+-----------+-----+-----+------------+----------------------+--------------+

