

================================================================
== Vitis HLS Report for 'decision_function_2'
================================================================
* Date:           Sun Jun 26 16:47:03 2022

* Version:        2021.2 (Build 3367213 on Tue Oct 19 02:47:39 MDT 2021)
* Project:        myproject_prj
* Solution:       solution1 (Vivado IP Flow Target)
* Product family: zynquplus
* Target device:  xczu3eg-sbva484-1-e


================================================================
== Performance Estimates
================================================================
+ Timing: 
    * Summary: 
    +--------+---------+----------+------------+
    |  Clock |  Target | Estimated| Uncertainty|
    +--------+---------+----------+------------+
    |ap_clk  |  7.00 ns|  4.070 ns|     1.89 ns|
    +--------+---------+----------+------------+

+ Latency: 
    * Summary: 
    +---------+---------+----------+----------+-----+-----+---------+
    |  Latency (cycles) |  Latency (absolute) |  Interval | Pipeline|
    |   min   |   max   |    min   |    max   | min | max |   Type  |
    +---------+---------+----------+----------+-----+-----+---------+
    |        0|        0|      0 ns|      0 ns|    1|    1|      yes|
    +---------+---------+----------+----------+-----+-----+---------+

    + Detail: 
        * Instance: 
        N/A

        * Loop: 
        N/A



================================================================
== Utilization Estimates
================================================================
* Summary: 
+-----------------+---------+-----+--------+-------+-----+
|       Name      | BRAM_18K| DSP |   FF   |  LUT  | URAM|
+-----------------+---------+-----+--------+-------+-----+
|DSP              |        -|    -|       -|      -|    -|
|Expression       |        -|    -|       0|    197|    -|
|FIFO             |        -|    -|       -|      -|    -|
|Instance         |        -|    -|       0|     37|    -|
|Memory           |        -|    -|       -|      -|    -|
|Multiplexer      |        -|    -|       -|      -|    -|
|Register         |        -|    -|       -|      -|    -|
+-----------------+---------+-----+--------+-------+-----+
|Total            |        0|    0|       0|    234|    0|
+-----------------+---------+-----+--------+-------+-----+
|Available        |      432|  360|  141120|  70560|    0|
+-----------------+---------+-----+--------+-------+-----+
|Utilization (%)  |        0|    0|       0|     ~0|    0|
+-----------------+---------+-----+--------+-------+-----+

+ Detail: 
    * Instance: 
    +---------------------+-----------------+---------+----+---+----+-----+
    |       Instance      |      Module     | BRAM_18K| DSP| FF| LUT| URAM|
    +---------------------+-----------------+---------+----+---+----+-----+
    |mux_73_32_1_1_x_U67  |mux_73_32_1_1_x  |        0|   0|  0|  37|    0|
    +---------------------+-----------------+---------+----+---+----+-----+
    |Total                |                 |        0|   0|  0|  37|    0|
    +---------------------+-----------------+---------+----+---+----+-----+

    * DSP: 
    N/A

    * Memory: 
    N/A

    * FIFO: 
    N/A

    * Expression: 
    +---------------------------+----------+----+---+----+------------+------------+
    |       Variable Name       | Operation| DSP| FF| LUT| Bitwidth P0| Bitwidth P1|
    +---------------------------+----------+----+---+----+------------+------------+
    |activation_246_fu_130_p2   |       and|   0|  0|   2|           1|           1|
    |activation_247_fu_136_p2   |       and|   0|  0|   2|           1|           1|
    |activation_248_fu_154_p2   |       and|   0|  0|   2|           1|           1|
    |activation_249_fu_166_p2   |       and|   0|  0|   2|           1|           1|
    |activation_fu_148_p2       |       and|   0|  0|   2|           1|           1|
    |and_ln193_fu_160_p2        |       and|   0|  0|   2|           1|           1|
    |comparison_196_fu_94_p2    |      icmp|   0|  0|  20|          32|          14|
    |comparison_197_fu_100_p2   |      icmp|   0|  0|  20|          32|          17|
    |comparison_198_fu_106_p2   |      icmp|   0|  0|  20|          32|          17|
    |comparison_199_fu_112_p2   |      icmp|   0|  0|  20|          32|          18|
    |comparison_200_fu_88_p2    |      icmp|   0|  0|  20|          32|          18|
    |comparison_fu_82_p2        |      icmp|   0|  0|  20|          32|          17|
    |or_ln208_10_fu_228_p2      |        or|   0|  0|   2|           1|           1|
    |or_ln208_11_fu_242_p2      |        or|   0|  0|   2|           1|           1|
    |or_ln208_7_fu_182_p2       |        or|   0|  0|   2|           1|           1|
    |or_ln208_8_fu_196_p2       |        or|   0|  0|   2|           1|           1|
    |or_ln208_9_fu_214_p2       |        or|   0|  0|   2|           1|           1|
    |or_ln208_fu_172_p2         |        or|   0|  0|   2|           1|           1|
    |ap_return                  |    select|   0|  0|  32|           1|          32|
    |select_ln208_11_fu_202_p3  |    select|   0|  0|   2|           1|           2|
    |select_ln208_12_fu_220_p3  |    select|   0|  0|   4|           1|           3|
    |select_ln208_13_fu_234_p3  |    select|   0|  0|   3|           1|           3|
    |select_ln208_fu_188_p3     |    select|   0|  0|   3|           1|           2|
    |tmp_fu_256_p8              |    select|   0|  0|   3|           1|           3|
    |activation_244_fu_118_p2   |       xor|   0|  0|   2|           1|           2|
    |xor_ln195_3_fu_142_p2      |       xor|   0|  0|   2|           1|           2|
    |xor_ln195_fu_124_p2        |       xor|   0|  0|   2|           1|           2|
    +---------------------------+----------+----+---+----+------------+------------+
    |Total                      |          |   0|  0| 197|         213|         164|
    +---------------------------+----------+----+---+----+------------+------------+

    * Multiplexer: 
    N/A

    * Register: 
    N/A



================================================================
== Interface
================================================================
* Summary: 
+-----------+-----+-----+------------+---------------------+--------------+
| RTL Ports | Dir | Bits|  Protocol  |    Source Object    |    C Type    |
+-----------+-----+-----+------------+---------------------+--------------+
|ap_ready   |  out|    1|  ap_ctrl_hs|  decision_function.2|  return value|
|ap_return  |  out|   32|  ap_ctrl_hs|  decision_function.2|  return value|
|p_read1    |   in|   32|     ap_none|              p_read1|        scalar|
|p_read2    |   in|   32|     ap_none|              p_read2|        scalar|
|p_read3    |   in|   32|     ap_none|              p_read3|        scalar|
|p_read4    |   in|   32|     ap_none|              p_read4|        scalar|
+-----------+-----+-----+------------+---------------------+--------------+

