

================================================================
== Vitis HLS Report for 'decision_function_45'
================================================================
* Date:           Sun Jun 26 16:47:05 2022

* Version:        2021.2 (Build 3367213 on Tue Oct 19 02:47:39 MDT 2021)
* Project:        myproject_prj
* Solution:       solution1 (Vivado IP Flow Target)
* Product family: zynquplus
* Target device:  xczu3eg-sbva484-1-e


================================================================
== Performance Estimates
================================================================
+ Timing: 
    * Summary: 
    +--------+---------+----------+------------+
    |  Clock |  Target | Estimated| Uncertainty|
    +--------+---------+----------+------------+
    |ap_clk  |  7.00 ns|  4.070 ns|     1.89 ns|
    +--------+---------+----------+------------+

+ Latency: 
    * Summary: 
    +---------+---------+----------+----------+-----+-----+---------+
    |  Latency (cycles) |  Latency (absolute) |  Interval | Pipeline|
    |   min   |   max   |    min   |    max   | min | max |   Type  |
    +---------+---------+----------+----------+-----+-----+---------+
    |        0|        0|      0 ns|      0 ns|    1|    1|      yes|
    +---------+---------+----------+----------+-----+-----+---------+

    + Detail: 
        * Instance: 
        N/A

        * Loop: 
        N/A



================================================================
== Utilization Estimates
================================================================
* Summary: 
+-----------------+---------+-----+--------+-------+-----+
|       Name      | BRAM_18K| DSP |   FF   |  LUT  | URAM|
+-----------------+---------+-----+--------+-------+-----+
|DSP              |        -|    -|       -|      -|    -|
|Expression       |        -|    -|       0|    197|    -|
|FIFO             |        -|    -|       -|      -|    -|
|Instance         |        -|    -|       0|     37|    -|
|Memory           |        -|    -|       -|      -|    -|
|Multiplexer      |        -|    -|       -|      -|    -|
|Register         |        -|    -|       -|      -|    -|
+-----------------+---------+-----+--------+-------+-----+
|Total            |        0|    0|       0|    234|    0|
+-----------------+---------+-----+--------+-------+-----+
|Available        |      432|  360|  141120|  70560|    0|
+-----------------+---------+-----+--------+-------+-----+
|Utilization (%)  |        0|    0|       0|     ~0|    0|
+-----------------+---------+-----+--------+-------+-----+

+ Detail: 
    * Instance: 
    +----------------------+------------------+---------+----+---+----+-----+
    |       Instance       |      Module      | BRAM_18K| DSP| FF| LUT| URAM|
    +----------------------+------------------+---------+----+---+----+-----+
    |mux_73_32_1_1_x0_U99  |mux_73_32_1_1_x0  |        0|   0|  0|  37|    0|
    +----------------------+------------------+---------+----+---+----+-----+
    |Total                 |                  |        0|   0|  0|  37|    0|
    +----------------------+------------------+---------+----+---+----+-----+

    * DSP: 
    N/A

    * Memory: 
    N/A

    * FIFO: 
    N/A

    * Expression: 
    +---------------------------+----------+----+---+----+------------+------------+
    |       Variable Name       | Operation| DSP| FF| LUT| Bitwidth P0| Bitwidth P1|
    +---------------------------+----------+----+---+----+------------+------------+
    |activation_65_fu_130_p2    |       and|   0|  0|   2|           1|           1|
    |activation_66_fu_136_p2    |       and|   0|  0|   2|           1|           1|
    |activation_67_fu_154_p2    |       and|   0|  0|   2|           1|           1|
    |activation_68_fu_166_p2    |       and|   0|  0|   2|           1|           1|
    |activation_fu_148_p2       |       and|   0|  0|   2|           1|           1|
    |and_ln193_fu_160_p2        |       and|   0|  0|   2|           1|           1|
    |comparison_50_fu_94_p2     |      icmp|   0|  0|  20|          32|          18|
    |comparison_51_fu_100_p2    |      icmp|   0|  0|  20|          32|          15|
    |comparison_52_fu_106_p2    |      icmp|   0|  0|  20|          32|          17|
    |comparison_53_fu_112_p2    |      icmp|   0|  0|  20|          32|          16|
    |comparison_54_fu_88_p2     |      icmp|   0|  0|  20|          32|          19|
    |comparison_fu_82_p2        |      icmp|   0|  0|  20|          32|          17|
    |or_ln208_32_fu_182_p2      |        or|   0|  0|   2|           1|           1|
    |or_ln208_33_fu_196_p2      |        or|   0|  0|   2|           1|           1|
    |or_ln208_34_fu_214_p2      |        or|   0|  0|   2|           1|           1|
    |or_ln208_35_fu_228_p2      |        or|   0|  0|   2|           1|           1|
    |or_ln208_36_fu_242_p2      |        or|   0|  0|   2|           1|           1|
    |or_ln208_fu_172_p2         |        or|   0|  0|   2|           1|           1|
    |ap_return                  |    select|   0|  0|  32|           1|          32|
    |select_ln208_39_fu_202_p3  |    select|   0|  0|   2|           1|           2|
    |select_ln208_40_fu_220_p3  |    select|   0|  0|   4|           1|           3|
    |select_ln208_41_fu_234_p3  |    select|   0|  0|   3|           1|           3|
    |select_ln208_fu_188_p3     |    select|   0|  0|   3|           1|           2|
    |tmp_fu_256_p8              |    select|   0|  0|   3|           1|           3|
    |activation_63_fu_118_p2    |       xor|   0|  0|   2|           1|           2|
    |xor_ln195_19_fu_142_p2     |       xor|   0|  0|   2|           1|           2|
    |xor_ln195_fu_124_p2        |       xor|   0|  0|   2|           1|           2|
    +---------------------------+----------+----+---+----+------------+------------+
    |Total                      |          |   0|  0| 197|         213|         165|
    +---------------------------+----------+----+---+----+------------+------------+

    * Multiplexer: 
    N/A

    * Register: 
    N/A



================================================================
== Interface
================================================================
* Summary: 
+-----------+-----+-----+------------+----------------------+--------------+
| RTL Ports | Dir | Bits|  Protocol  |     Source Object    |    C Type    |
+-----------+-----+-----+------------+----------------------+--------------+
|ap_ready   |  out|    1|  ap_ctrl_hs|  decision_function.45|  return value|
|ap_return  |  out|   32|  ap_ctrl_hs|  decision_function.45|  return value|
|p_read1    |   in|   32|     ap_none|               p_read1|        scalar|
|p_read2    |   in|   32|     ap_none|               p_read2|        scalar|
|p_read3    |   in|   32|     ap_none|               p_read3|        scalar|
|p_read4    |   in|   32|     ap_none|               p_read4|        scalar|
+-----------+-----+-----+------------+----------------------+--------------+

