

================================================================
== Vitis HLS Report for 'decision_function_33'
================================================================
* Date:           Sun Jun 26 16:47:07 2022

* Version:        2021.2 (Build 3367213 on Tue Oct 19 02:47:39 MDT 2021)
* Project:        myproject_prj
* Solution:       solution1 (Vivado IP Flow Target)
* Product family: zynquplus
* Target device:  xczu3eg-sbva484-1-e


================================================================
== Performance Estimates
================================================================
+ Timing: 
    * Summary: 
    +--------+---------+----------+------------+
    |  Clock |  Target | Estimated| Uncertainty|
    +--------+---------+----------+------------+
    |ap_clk  |  7.00 ns|  2.767 ns|     1.89 ns|
    +--------+---------+----------+------------+

+ Latency: 
    * Summary: 
    +---------+---------+----------+----------+-----+-----+---------+
    |  Latency (cycles) |  Latency (absolute) |  Interval | Pipeline|
    |   min   |   max   |    min   |    max   | min | max |   Type  |
    +---------+---------+----------+----------+-----+-----+---------+
    |        0|        0|      0 ns|      0 ns|    1|    1|      yes|
    +---------+---------+----------+----------+-----+-----+---------+

    + Detail: 
        * Instance: 
        N/A

        * Loop: 
        N/A



================================================================
== Utilization Estimates
================================================================
* Summary: 
+-----------------+---------+-----+--------+-------+-----+
|       Name      | BRAM_18K| DSP |   FF   |  LUT  | URAM|
+-----------------+---------+-----+--------+-------+-----+
|DSP              |        -|    -|       -|      -|    -|
|Expression       |        -|    -|       0|    107|    -|
|FIFO             |        -|    -|       -|      -|    -|
|Instance         |        -|    -|       0|     26|    -|
|Memory           |        -|    -|       -|      -|    -|
|Multiplexer      |        -|    -|       -|      -|    -|
|Register         |        -|    -|       -|      -|    -|
+-----------------+---------+-----+--------+-------+-----+
|Total            |        0|    0|       0|    133|    0|
+-----------------+---------+-----+--------+-------+-----+
|Available        |      432|  360|  141120|  70560|    0|
+-----------------+---------+-----+--------+-------+-----+
|Utilization (%)  |        0|    0|       0|     ~0|    0|
+-----------------+---------+-----+--------+-------+-----+

+ Detail: 
    * Instance: 
    +----------------------+-----------------+---------+----+---+----+-----+
    |       Instance       |      Module     | BRAM_18K| DSP| FF| LUT| URAM|
    +----------------------+-----------------+---------+----+---+----+-----+
    |mux_53_32_1_1_x_U164  |mux_53_32_1_1_x  |        0|   0|  0|  26|    0|
    +----------------------+-----------------+---------+----+---+----+-----+
    |Total                 |                 |        0|   0|  0|  26|    0|
    +----------------------+-----------------+---------+----+---+----+-----+

    * DSP: 
    N/A

    * Memory: 
    N/A

    * FIFO: 
    N/A

    * Expression: 
    +---------------------------+----------+----+---+----+------------+------------+
    |       Variable Name       | Operation| DSP| FF| LUT| Bitwidth P0| Bitwidth P1|
    +---------------------------+----------+----+---+----+------------+------------+
    |activation_146_fu_112_p2   |       and|   0|  0|   2|           1|           1|
    |activation_147_fu_124_p2   |       and|   0|  0|   2|           1|           1|
    |and_ln193_105_fu_118_p2    |       and|   0|  0|   2|           1|           1|
    |and_ln193_fu_106_p2        |       and|   0|  0|   2|           1|           1|
    |comparison_116_fu_76_p2    |      icmp|   0|  0|  20|          32|          17|
    |comparison_117_fu_82_p2    |      icmp|   0|  0|  20|          32|          16|
    |comparison_118_fu_88_p2    |      icmp|   0|  0|  20|          32|          16|
    |comparison_fu_70_p2        |      icmp|   0|  0|  20|          32|          18|
    |or_ln208_71_fu_140_p2      |        or|   0|  0|   2|           1|           1|
    |or_ln208_72_fu_154_p2      |        or|   0|  0|   2|           1|           1|
    |or_ln208_fu_130_p2         |        or|   0|  0|   2|           1|           1|
    |agg_result_fu_180_p6       |    select|   0|  0|   4|           1|           3|
    |select_ln208_89_fu_160_p3  |    select|   0|  0|   2|           1|           2|
    |select_ln208_fu_146_p3     |    select|   0|  0|   3|           1|           2|
    |activation_fu_94_p2        |       xor|   0|  0|   2|           1|           2|
    |xor_ln195_fu_100_p2        |       xor|   0|  0|   2|           1|           2|
    +---------------------------+----------+----+---+----+------------+------------+
    |Total                      |          |   0|  0| 107|         140|          85|
    +---------------------------+----------+----+---+----+------------+------------+

    * Multiplexer: 
    N/A

    * Register: 
    N/A



================================================================
== Interface
================================================================
* Summary: 
+-----------+-----+-----+------------+----------------------+--------------+
| RTL Ports | Dir | Bits|  Protocol  |     Source Object    |    C Type    |
+-----------+-----+-----+------------+----------------------+--------------+
|ap_ready   |  out|    1|  ap_ctrl_hs|  decision_function.33|  return value|
|ap_return  |  out|   32|  ap_ctrl_hs|  decision_function.33|  return value|
|p_read1    |   in|   32|     ap_none|               p_read1|        scalar|
|p_read2    |   in|   32|     ap_none|               p_read2|        scalar|
|p_read3    |   in|   32|     ap_none|               p_read3|        scalar|
|p_read4    |   in|   32|     ap_none|               p_read4|        scalar|
+-----------+-----+-----+------------+----------------------+--------------+

