

================================================================
== Vitis HLS Report for 'decision_function_37'
================================================================
* Date:           Sun Jun 26 16:47:02 2022

* Version:        2021.2 (Build 3367213 on Tue Oct 19 02:47:39 MDT 2021)
* Project:        myproject_prj
* Solution:       solution1 (Vivado IP Flow Target)
* Product family: zynquplus
* Target device:  xczu3eg-sbva484-1-e


================================================================
== Performance Estimates
================================================================
+ Timing: 
    * Summary: 
    +--------+---------+----------+------------+
    |  Clock |  Target | Estimated| Uncertainty|
    +--------+---------+----------+------------+
    |ap_clk  |  7.00 ns|  3.797 ns|     1.89 ns|
    +--------+---------+----------+------------+

+ Latency: 
    * Summary: 
    +---------+---------+----------+----------+-----+-----+---------+
    |  Latency (cycles) |  Latency (absolute) |  Interval | Pipeline|
    |   min   |   max   |    min   |    max   | min | max |   Type  |
    +---------+---------+----------+----------+-----+-----+---------+
    |        0|        0|      0 ns|      0 ns|    1|    1|      yes|
    +---------+---------+----------+----------+-----+-----+---------+

    + Detail: 
        * Instance: 
        N/A

        * Loop: 
        N/A



================================================================
== Utilization Estimates
================================================================
* Summary: 
+-----------------+---------+-----+--------+-------+-----+
|       Name      | BRAM_18K| DSP |   FF   |  LUT  | URAM|
+-----------------+---------+-----+--------+-------+-----+
|DSP              |        -|    -|       -|      -|    -|
|Expression       |        -|    -|       0|    224|    -|
|FIFO             |        -|    -|       -|      -|    -|
|Instance         |        -|    -|       0|     43|    -|
|Memory           |        -|    -|       -|      -|    -|
|Multiplexer      |        -|    -|       -|      -|    -|
|Register         |        -|    -|       -|      -|    -|
+-----------------+---------+-----+--------+-------+-----+
|Total            |        0|    0|       0|    267|    0|
+-----------------+---------+-----+--------+-------+-----+
|Available        |      432|  360|  141120|  70560|    0|
+-----------------+---------+-----+--------+-------+-----+
|Utilization (%)  |        0|    0|       0|     ~0|    0|
+-----------------+---------+-----+--------+-------+-----+

+ Detail: 
    * Instance: 
    +---------------------+-----------------+---------+----+---+----+-----+
    |       Instance      |      Module     | BRAM_18K| DSP| FF| LUT| URAM|
    +---------------------+-----------------+---------+----+---+----+-----+
    |mux_83_32_1_1_x_U35  |mux_83_32_1_1_x  |        0|   0|  0|  43|    0|
    +---------------------+-----------------+---------+----+---+----+-----+
    |Total                |                 |        0|   0|  0|  43|    0|
    +---------------------+-----------------+---------+----+---+----+-----+

    * DSP: 
    N/A

    * Memory: 
    N/A

    * FIFO: 
    N/A

    * Expression: 
    +---------------------------+----------+----+---+----+------------+------------+
    |       Variable Name       | Operation| DSP| FF| LUT| Bitwidth P0| Bitwidth P1|
    +---------------------------+----------+----+---+----+------------+------------+
    |activation_122_fu_150_p2   |       and|   0|  0|   2|           1|           1|
    |activation_123_fu_156_p2   |       and|   0|  0|   2|           1|           1|
    |activation_124_fu_174_p2   |       and|   0|  0|   2|           1|           1|
    |activation_125_fu_180_p2   |       and|   0|  0|   2|           1|           1|
    |activation_126_fu_192_p2   |       and|   0|  0|   2|           1|           1|
    |activation_fu_168_p2       |       and|   0|  0|   2|           1|           1|
    |and_ln193_fu_186_p2        |       and|   0|  0|   2|           1|           1|
    |comparison_100_fu_126_p2   |      icmp|   0|  0|  20|          32|          18|
    |comparison_101_fu_132_p2   |      icmp|   0|  0|  20|          32|          18|
    |comparison_102_fu_102_p2   |      icmp|   0|  0|  20|          32|          18|
    |comparison_97_fu_108_p2    |      icmp|   0|  0|  20|          32|          18|
    |comparison_98_fu_114_p2    |      icmp|   0|  0|  20|          32|          17|
    |comparison_99_fu_120_p2    |      icmp|   0|  0|  20|          32|          17|
    |comparison_fu_96_p2        |      icmp|   0|  0|  20|          32|          18|
    |or_ln208_57_fu_222_p2      |        or|   0|  0|   2|           1|           1|
    |or_ln208_58_fu_240_p2      |        or|   0|  0|   2|           1|           1|
    |or_ln208_59_fu_254_p2      |        or|   0|  0|   2|           1|           1|
    |or_ln208_60_fu_268_p2      |        or|   0|  0|   2|           1|           1|
    |or_ln208_61_fu_282_p2      |        or|   0|  0|   2|           1|           1|
    |or_ln208_fu_208_p2         |        or|   0|  0|   2|           1|           1|
    |ap_return                  |    select|   0|  0|  32|           1|          32|
    |select_ln208_73_fu_228_p3  |    select|   0|  0|   2|           1|           2|
    |select_ln208_74_fu_246_p3  |    select|   0|  0|   4|           1|           3|
    |select_ln208_75_fu_260_p3  |    select|   0|  0|   3|           1|           3|
    |select_ln208_76_fu_274_p3  |    select|   0|  0|   3|           1|           3|
    |select_ln208_fu_214_p3     |    select|   0|  0|   3|           1|           2|
    |tmp_fu_296_p9              |    select|   0|  0|   3|           1|           3|
    |activation_120_fu_138_p2   |       xor|   0|  0|   2|           1|           2|
    |xor_ln195_31_fu_162_p2     |       xor|   0|  0|   2|           1|           2|
    |xor_ln195_fu_144_p2        |       xor|   0|  0|   2|           1|           2|
    |xor_ln208_fu_198_p2        |       xor|   0|  0|   2|           2|           1|
    +---------------------------+----------+----+---+----+------------+------------+
    |Total                      |          |   0|  0| 224|         249|         192|
    +---------------------------+----------+----+---+----+------------+------------+

    * Multiplexer: 
    N/A

    * Register: 
    N/A



================================================================
== Interface
================================================================
* Summary: 
+-----------+-----+-----+------------+----------------------+--------------+
| RTL Ports | Dir | Bits|  Protocol  |     Source Object    |    C Type    |
+-----------+-----+-----+------------+----------------------+--------------+
|ap_ready   |  out|    1|  ap_ctrl_hs|  decision_function.37|  return value|
|ap_return  |  out|   32|  ap_ctrl_hs|  decision_function.37|  return value|
|p_read1    |   in|   32|     ap_none|               p_read1|        scalar|
|p_read2    |   in|   32|     ap_none|               p_read2|        scalar|
|p_read3    |   in|   32|     ap_none|               p_read3|        scalar|
|p_read4    |   in|   32|     ap_none|               p_read4|        scalar|
|p_read5    |   in|   32|     ap_none|               p_read5|        scalar|
+-----------+-----+-----+------------+----------------------+--------------+

