

================================================================
== Vitis HLS Report for 'decision_function_34'
================================================================
* Date:           Sun Jun 26 16:47:07 2022

* Version:        2021.2 (Build 3367213 on Tue Oct 19 02:47:39 MDT 2021)
* Project:        myproject_prj
* Solution:       solution1 (Vivado IP Flow Target)
* Product family: zynquplus
* Target device:  xczu3eg-sbva484-1-e


================================================================
== Performance Estimates
================================================================
+ Timing: 
    * Summary: 
    +--------+---------+----------+------------+
    |  Clock |  Target | Estimated| Uncertainty|
    +--------+---------+----------+------------+
    |ap_clk  |  7.00 ns|  3.545 ns|     1.89 ns|
    +--------+---------+----------+------------+

+ Latency: 
    * Summary: 
    +---------+---------+----------+----------+-----+-----+---------+
    |  Latency (cycles) |  Latency (absolute) |  Interval | Pipeline|
    |   min   |   max   |    min   |    max   | min | max |   Type  |
    +---------+---------+----------+----------+-----+-----+---------+
    |        0|        0|      0 ns|      0 ns|    1|    1|      yes|
    +---------+---------+----------+----------+-----+-----+---------+

    + Detail: 
        * Instance: 
        N/A

        * Loop: 
        N/A



================================================================
== Utilization Estimates
================================================================
* Summary: 
+-----------------+---------+-----+--------+-------+-----+
|       Name      | BRAM_18K| DSP |   FF   |  LUT  | URAM|
+-----------------+---------+-----+--------+-------+-----+
|DSP              |        -|    -|       -|      -|    -|
|Expression       |        -|    -|       0|    167|    -|
|FIFO             |        -|    -|       -|      -|    -|
|Instance         |        -|    -|       0|     37|    -|
|Memory           |        -|    -|       -|      -|    -|
|Multiplexer      |        -|    -|       -|      -|    -|
|Register         |        -|    -|       -|      -|    -|
+-----------------+---------+-----+--------+-------+-----+
|Total            |        0|    0|       0|    204|    0|
+-----------------+---------+-----+--------+-------+-----+
|Available        |      432|  360|  141120|  70560|    0|
+-----------------+---------+-----+--------+-------+-----+
|Utilization (%)  |        0|    0|       0|     ~0|    0|
+-----------------+---------+-----+--------+-------+-----+

+ Detail: 
    * Instance: 
    +-----------------------+------------------+---------+----+---+----+-----+
    |        Instance       |      Module      | BRAM_18K| DSP| FF| LUT| URAM|
    +-----------------------+------------------+---------+----+---+----+-----+
    |mux_73_32_1_1_x1_U157  |mux_73_32_1_1_x1  |        0|   0|  0|  37|    0|
    +-----------------------+------------------+---------+----+---+----+-----+
    |Total                  |                  |        0|   0|  0|  37|    0|
    +-----------------------+------------------+---------+----+---+----+-----+

    * DSP: 
    N/A

    * Memory: 
    N/A

    * FIFO: 
    N/A

    * Expression: 
    +---------------------------+----------+----+---+----+------------+------------+
    |       Variable Name       | Operation| DSP| FF| LUT| Bitwidth P0| Bitwidth P1|
    +---------------------------+----------+----+---+----+------------+------------+
    |activation_141_fu_132_p2   |       and|   0|  0|   2|           1|           1|
    |activation_142_fu_156_p2   |       and|   0|  0|   2|           1|           1|
    |activation_143_fu_168_p2   |       and|   0|  0|   2|           1|           1|
    |activation_144_fu_180_p2   |       and|   0|  0|   2|           1|           1|
    |activation_fu_144_p2       |       and|   0|  0|   2|           1|           1|
    |and_ln193_108_fu_174_p2    |       and|   0|  0|   2|           1|           1|
    |and_ln193_fu_162_p2        |       and|   0|  0|   2|           1|           1|
    |comparison_111_fu_96_p2    |      icmp|   0|  0|  20|          32|          18|
    |comparison_112_fu_102_p2   |      icmp|   0|  0|  20|          32|          13|
    |comparison_113_fu_108_p2   |      icmp|   0|  0|  20|          32|          15|
    |comparison_114_fu_114_p2   |      icmp|   0|  0|  20|          32|          17|
    |comparison_115_fu_120_p2   |      icmp|   0|  0|  20|          32|          16|
    |comparison_fu_90_p2        |      icmp|   0|  0|  20|          32|          17|
    |or_ln208_66_fu_192_p2      |        or|   0|  0|   2|           1|           1|
    |or_ln208_67_fu_202_p2      |        or|   0|  0|   2|           1|           1|
    |or_ln208_68_fu_216_p2      |        or|   0|  0|   2|           1|           1|
    |or_ln208_69_fu_234_p2      |        or|   0|  0|   2|           1|           1|
    |or_ln208_70_fu_248_p2      |        or|   0|  0|   2|           1|           1|
    |or_ln208_fu_186_p2         |        or|   0|  0|   2|           1|           1|
    |agg_result_fu_270_p8       |    select|   0|  0|   3|           1|           3|
    |select_ln208_85_fu_222_p3  |    select|   0|  0|   2|           1|           2|
    |select_ln208_86_fu_240_p3  |    select|   0|  0|   4|           1|           3|
    |select_ln208_87_fu_254_p3  |    select|   0|  0|   3|           1|           3|
    |select_ln208_fu_208_p3     |    select|   0|  0|   3|           1|           2|
    |activation_140_fu_126_p2   |       xor|   0|  0|   2|           1|           2|
    |xor_ln195_29_fu_150_p2     |       xor|   0|  0|   2|           1|           2|
    |xor_ln195_fu_138_p2        |       xor|   0|  0|   2|           1|           2|
    +---------------------------+----------+----+---+----+------------+------------+
    |Total                      |          |   0|  0| 167|         213|         128|
    +---------------------------+----------+----+---+----+------------+------------+

    * Multiplexer: 
    N/A

    * Register: 
    N/A



================================================================
== Interface
================================================================
* Summary: 
+-----------+-----+-----+------------+----------------------+--------------+
| RTL Ports | Dir | Bits|  Protocol  |     Source Object    |    C Type    |
+-----------+-----+-----+------------+----------------------+--------------+
|ap_ready   |  out|    1|  ap_ctrl_hs|  decision_function.34|  return value|
|ap_return  |  out|   32|  ap_ctrl_hs|  decision_function.34|  return value|
|p_read1    |   in|   32|     ap_none|               p_read1|        scalar|
|p_read2    |   in|   32|     ap_none|               p_read2|        scalar|
|p_read3    |   in|   32|     ap_none|               p_read3|        scalar|
|p_read4    |   in|   32|     ap_none|               p_read4|        scalar|
|p_read5    |   in|   32|     ap_none|               p_read5|        scalar|
+-----------+-----+-----+------------+----------------------+--------------+

