

================================================================
== Vitis HLS Report for 'decision_function_5'
================================================================
* Date:           Sun Jun 26 16:47:13 2022

* Version:        2021.2 (Build 3367213 on Tue Oct 19 02:47:39 MDT 2021)
* Project:        myproject_prj
* Solution:       solution1 (Vivado IP Flow Target)
* Product family: zynquplus
* Target device:  xczu3eg-sbva484-1-e


================================================================
== Performance Estimates
================================================================
+ Timing: 
    * Summary: 
    +--------+---------+----------+------------+
    |  Clock |  Target | Estimated| Uncertainty|
    +--------+---------+----------+------------+
    |ap_clk  |  7.00 ns|  2.767 ns|     1.89 ns|
    +--------+---------+----------+------------+

+ Latency: 
    * Summary: 
    +---------+---------+----------+----------+-----+-----+---------+
    |  Latency (cycles) |  Latency (absolute) |  Interval | Pipeline|
    |   min   |   max   |    min   |    max   | min | max |   Type  |
    +---------+---------+----------+----------+-----+-----+---------+
    |        0|        0|      0 ns|      0 ns|    1|    1|      yes|
    +---------+---------+----------+----------+-----+-----+---------+

    + Detail: 
        * Instance: 
        N/A

        * Loop: 
        N/A



================================================================
== Utilization Estimates
================================================================
* Summary: 
+-----------------+---------+-----+--------+-------+-----+
|       Name      | BRAM_18K| DSP |   FF   |  LUT  | URAM|
+-----------------+---------+-----+--------+-------+-----+
|DSP              |        -|    -|       -|      -|    -|
|Expression       |        -|    -|       0|    109|    -|
|FIFO             |        -|    -|       -|      -|    -|
|Instance         |        -|    -|       0|     26|    -|
|Memory           |        -|    -|       -|      -|    -|
|Multiplexer      |        -|    -|       -|      -|    -|
|Register         |        -|    -|       -|      -|    -|
+-----------------+---------+-----+--------+-------+-----+
|Total            |        0|    0|       0|    135|    0|
+-----------------+---------+-----+--------+-------+-----+
|Available        |      432|  360|  141120|  70560|    0|
+-----------------+---------+-----+--------+-------+-----+
|Utilization (%)  |        0|    0|       0|     ~0|    0|
+-----------------+---------+-----+--------+-------+-----+

+ Detail: 
    * Instance: 
    +-----------------------+------------------+---------+----+---+----+-----+
    |        Instance       |      Module      | BRAM_18K| DSP| FF| LUT| URAM|
    +-----------------------+------------------+---------+----+---+----+-----+
    |mux_53_32_1_1_x0_U332  |mux_53_32_1_1_x0  |        0|   0|  0|  26|    0|
    +-----------------------+------------------+---------+----+---+----+-----+
    |Total                  |                  |        0|   0|  0|  26|    0|
    +-----------------------+------------------+---------+----+---+----+-----+

    * DSP: 
    N/A

    * Memory: 
    N/A

    * FIFO: 
    N/A

    * Expression: 
    +---------------------------+----------+----+---+----+------------+------------+
    |       Variable Name       | Operation| DSP| FF| LUT| Bitwidth P0| Bitwidth P1|
    +---------------------------+----------+----+---+----+------------+------------+
    |activation_28_fu_104_p2    |       and|   0|  0|   2|           1|           1|
    |activation_29_fu_116_p2    |       and|   0|  0|   2|           1|           1|
    |activation_fu_92_p2        |       and|   0|  0|   2|           1|           1|
    |and_ln193_fu_110_p2        |       and|   0|  0|   2|           1|           1|
    |comparison_22_fu_68_p2     |      icmp|   0|  0|  20|          32|          19|
    |comparison_23_fu_74_p2     |      icmp|   0|  0|  20|          32|          13|
    |comparison_24_fu_80_p2     |      icmp|   0|  0|  20|          32|          18|
    |comparison_fu_62_p2        |      icmp|   0|  0|  20|          32|          17|
    |or_ln208_15_fu_138_p2      |        or|   0|  0|   2|           1|           1|
    |or_ln208_16_fu_152_p2      |        or|   0|  0|   2|           1|           1|
    |or_ln208_fu_122_p2         |        or|   0|  0|   2|           1|           1|
    |agg_result_fu_178_p6       |    select|   0|  0|   4|           1|           3|
    |select_ln208_18_fu_158_p3  |    select|   0|  0|   2|           1|           2|
    |select_ln208_fu_144_p3     |    select|   0|  0|   3|           1|           2|
    |activation_27_fu_86_p2     |       xor|   0|  0|   2|           1|           2|
    |xor_ln195_fu_98_p2         |       xor|   0|  0|   2|           1|           2|
    |xor_ln208_fu_128_p2        |       xor|   0|  0|   2|           2|           1|
    +---------------------------+----------+----+---+----+------------+------------+
    |Total                      |          |   0|  0| 109|         142|          86|
    +---------------------------+----------+----+---+----+------------+------------+

    * Multiplexer: 
    N/A

    * Register: 
    N/A



================================================================
== Interface
================================================================
* Summary: 
+-----------+-----+-----+------------+---------------------+--------------+
| RTL Ports | Dir | Bits|  Protocol  |    Source Object    |    C Type    |
+-----------+-----+-----+------------+---------------------+--------------+
|ap_ready   |  out|    1|  ap_ctrl_hs|  decision_function.5|  return value|
|ap_return  |  out|   32|  ap_ctrl_hs|  decision_function.5|  return value|
|p_read1    |   in|   32|     ap_none|              p_read1|        scalar|
|p_read2    |   in|   32|     ap_none|              p_read2|        scalar|
|p_read3    |   in|   32|     ap_none|              p_read3|        scalar|
+-----------+-----+-----+------------+---------------------+--------------+

